[2025-03-22T10:06:59.022+0500] {processor.py:186} INFO - Started process (PID=17738) to work on /home/ruslan/.local/lib/python3.10/site-packages/airflow/example_dags/example_branch_operator_decorator.py
[2025-03-22T10:06:59.023+0500] {processor.py:914} INFO - Processing file /home/ruslan/.local/lib/python3.10/site-packages/airflow/example_dags/example_branch_operator_decorator.py for tasks to queue
[2025-03-22T10:06:59.024+0500] {logging_mixin.py:190} INFO - [2025-03-22T10:06:59.024+0500] {dagbag.py:588} INFO - Filling up the DagBag from /home/ruslan/.local/lib/python3.10/site-packages/airflow/example_dags/example_branch_operator_decorator.py
[2025-03-22T10:06:59.061+0500] {processor.py:927} WARNING - No viable dags retrieved from /home/ruslan/.local/lib/python3.10/site-packages/airflow/example_dags/example_branch_operator_decorator.py
[2025-03-22T10:06:59.069+0500] {processor.py:208} INFO - Processing /home/ruslan/.local/lib/python3.10/site-packages/airflow/example_dags/example_branch_operator_decorator.py took 0.050 seconds
[2025-03-22T10:07:59.642+0500] {processor.py:186} INFO - Started process (PID=18341) to work on /home/ruslan/.local/lib/python3.10/site-packages/airflow/example_dags/example_branch_operator_decorator.py
[2025-03-22T10:07:59.643+0500] {processor.py:914} INFO - Processing file /home/ruslan/.local/lib/python3.10/site-packages/airflow/example_dags/example_branch_operator_decorator.py for tasks to queue
[2025-03-22T10:07:59.645+0500] {logging_mixin.py:190} INFO - [2025-03-22T10:07:59.644+0500] {dagbag.py:588} INFO - Filling up the DagBag from /home/ruslan/.local/lib/python3.10/site-packages/airflow/example_dags/example_branch_operator_decorator.py
[2025-03-22T10:07:59.681+0500] {processor.py:927} WARNING - No viable dags retrieved from /home/ruslan/.local/lib/python3.10/site-packages/airflow/example_dags/example_branch_operator_decorator.py
[2025-03-22T10:07:59.687+0500] {processor.py:208} INFO - Processing /home/ruslan/.local/lib/python3.10/site-packages/airflow/example_dags/example_branch_operator_decorator.py took 0.048 seconds
[2025-03-22T10:08:56.013+0500] {processor.py:186} INFO - Started process (PID=18939) to work on /home/ruslan/.local/lib/python3.10/site-packages/airflow/example_dags/example_branch_operator_decorator.py
[2025-03-22T10:08:56.014+0500] {processor.py:914} INFO - Processing file /home/ruslan/.local/lib/python3.10/site-packages/airflow/example_dags/example_branch_operator_decorator.py for tasks to queue
[2025-03-22T10:08:56.016+0500] {logging_mixin.py:190} INFO - [2025-03-22T10:08:56.015+0500] {dagbag.py:588} INFO - Filling up the DagBag from /home/ruslan/.local/lib/python3.10/site-packages/airflow/example_dags/example_branch_operator_decorator.py
[2025-03-22T10:08:56.052+0500] {processor.py:927} WARNING - No viable dags retrieved from /home/ruslan/.local/lib/python3.10/site-packages/airflow/example_dags/example_branch_operator_decorator.py
[2025-03-22T10:08:56.058+0500] {processor.py:208} INFO - Processing /home/ruslan/.local/lib/python3.10/site-packages/airflow/example_dags/example_branch_operator_decorator.py took 0.048 seconds
[2025-03-22T10:09:48.446+0500] {processor.py:186} INFO - Started process (PID=19519) to work on /home/ruslan/.local/lib/python3.10/site-packages/airflow/example_dags/example_branch_operator_decorator.py
[2025-03-22T10:09:48.447+0500] {processor.py:914} INFO - Processing file /home/ruslan/.local/lib/python3.10/site-packages/airflow/example_dags/example_branch_operator_decorator.py for tasks to queue
[2025-03-22T10:09:48.449+0500] {logging_mixin.py:190} INFO - [2025-03-22T10:09:48.448+0500] {dagbag.py:588} INFO - Filling up the DagBag from /home/ruslan/.local/lib/python3.10/site-packages/airflow/example_dags/example_branch_operator_decorator.py
[2025-03-22T10:09:48.485+0500] {processor.py:927} WARNING - No viable dags retrieved from /home/ruslan/.local/lib/python3.10/site-packages/airflow/example_dags/example_branch_operator_decorator.py
[2025-03-22T10:09:48.491+0500] {processor.py:208} INFO - Processing /home/ruslan/.local/lib/python3.10/site-packages/airflow/example_dags/example_branch_operator_decorator.py took 0.048 seconds
[2025-03-22T10:10:43.781+0500] {processor.py:186} INFO - Started process (PID=20021) to work on /home/ruslan/.local/lib/python3.10/site-packages/airflow/example_dags/example_branch_operator_decorator.py
[2025-03-22T10:10:43.782+0500] {processor.py:914} INFO - Processing file /home/ruslan/.local/lib/python3.10/site-packages/airflow/example_dags/example_branch_operator_decorator.py for tasks to queue
[2025-03-22T10:10:43.783+0500] {logging_mixin.py:190} INFO - [2025-03-22T10:10:43.783+0500] {dagbag.py:588} INFO - Filling up the DagBag from /home/ruslan/.local/lib/python3.10/site-packages/airflow/example_dags/example_branch_operator_decorator.py
[2025-03-22T10:10:43.822+0500] {processor.py:927} WARNING - No viable dags retrieved from /home/ruslan/.local/lib/python3.10/site-packages/airflow/example_dags/example_branch_operator_decorator.py
[2025-03-22T10:10:43.828+0500] {processor.py:208} INFO - Processing /home/ruslan/.local/lib/python3.10/site-packages/airflow/example_dags/example_branch_operator_decorator.py took 0.051 seconds
[2025-03-22T10:11:37.307+0500] {processor.py:186} INFO - Started process (PID=20614) to work on /home/ruslan/.local/lib/python3.10/site-packages/airflow/example_dags/example_branch_operator_decorator.py
[2025-03-22T10:11:37.308+0500] {processor.py:914} INFO - Processing file /home/ruslan/.local/lib/python3.10/site-packages/airflow/example_dags/example_branch_operator_decorator.py for tasks to queue
[2025-03-22T10:11:37.310+0500] {logging_mixin.py:190} INFO - [2025-03-22T10:11:37.309+0500] {dagbag.py:588} INFO - Filling up the DagBag from /home/ruslan/.local/lib/python3.10/site-packages/airflow/example_dags/example_branch_operator_decorator.py
[2025-03-22T10:11:37.345+0500] {processor.py:927} WARNING - No viable dags retrieved from /home/ruslan/.local/lib/python3.10/site-packages/airflow/example_dags/example_branch_operator_decorator.py
[2025-03-22T10:11:37.351+0500] {processor.py:208} INFO - Processing /home/ruslan/.local/lib/python3.10/site-packages/airflow/example_dags/example_branch_operator_decorator.py took 0.048 seconds
[2025-03-22T10:12:29.863+0500] {processor.py:186} INFO - Started process (PID=21134) to work on /home/ruslan/.local/lib/python3.10/site-packages/airflow/example_dags/example_branch_operator_decorator.py
[2025-03-22T10:12:29.864+0500] {processor.py:914} INFO - Processing file /home/ruslan/.local/lib/python3.10/site-packages/airflow/example_dags/example_branch_operator_decorator.py for tasks to queue
[2025-03-22T10:12:29.865+0500] {logging_mixin.py:190} INFO - [2025-03-22T10:12:29.865+0500] {dagbag.py:588} INFO - Filling up the DagBag from /home/ruslan/.local/lib/python3.10/site-packages/airflow/example_dags/example_branch_operator_decorator.py
[2025-03-22T10:12:29.897+0500] {processor.py:927} WARNING - No viable dags retrieved from /home/ruslan/.local/lib/python3.10/site-packages/airflow/example_dags/example_branch_operator_decorator.py
[2025-03-22T10:12:29.904+0500] {processor.py:208} INFO - Processing /home/ruslan/.local/lib/python3.10/site-packages/airflow/example_dags/example_branch_operator_decorator.py took 0.045 seconds
[2025-03-22T10:13:20.113+0500] {processor.py:186} INFO - Started process (PID=21709) to work on /home/ruslan/.local/lib/python3.10/site-packages/airflow/example_dags/example_branch_operator_decorator.py
[2025-03-22T10:13:20.114+0500] {processor.py:914} INFO - Processing file /home/ruslan/.local/lib/python3.10/site-packages/airflow/example_dags/example_branch_operator_decorator.py for tasks to queue
[2025-03-22T10:13:20.115+0500] {logging_mixin.py:190} INFO - [2025-03-22T10:13:20.115+0500] {dagbag.py:588} INFO - Filling up the DagBag from /home/ruslan/.local/lib/python3.10/site-packages/airflow/example_dags/example_branch_operator_decorator.py
[2025-03-22T10:13:20.155+0500] {processor.py:927} WARNING - No viable dags retrieved from /home/ruslan/.local/lib/python3.10/site-packages/airflow/example_dags/example_branch_operator_decorator.py
[2025-03-22T10:13:20.162+0500] {processor.py:208} INFO - Processing /home/ruslan/.local/lib/python3.10/site-packages/airflow/example_dags/example_branch_operator_decorator.py took 0.053 seconds
[2025-03-22T10:14:12.685+0500] {processor.py:186} INFO - Started process (PID=22206) to work on /home/ruslan/.local/lib/python3.10/site-packages/airflow/example_dags/example_branch_operator_decorator.py
[2025-03-22T10:14:12.686+0500] {processor.py:914} INFO - Processing file /home/ruslan/.local/lib/python3.10/site-packages/airflow/example_dags/example_branch_operator_decorator.py for tasks to queue
[2025-03-22T10:14:12.687+0500] {logging_mixin.py:190} INFO - [2025-03-22T10:14:12.687+0500] {dagbag.py:588} INFO - Filling up the DagBag from /home/ruslan/.local/lib/python3.10/site-packages/airflow/example_dags/example_branch_operator_decorator.py
[2025-03-22T10:14:12.723+0500] {processor.py:927} WARNING - No viable dags retrieved from /home/ruslan/.local/lib/python3.10/site-packages/airflow/example_dags/example_branch_operator_decorator.py
[2025-03-22T10:14:12.729+0500] {processor.py:208} INFO - Processing /home/ruslan/.local/lib/python3.10/site-packages/airflow/example_dags/example_branch_operator_decorator.py took 0.048 seconds
[2025-03-22T10:15:06.683+0500] {processor.py:186} INFO - Started process (PID=22796) to work on /home/ruslan/.local/lib/python3.10/site-packages/airflow/example_dags/example_branch_operator_decorator.py
[2025-03-22T10:15:06.684+0500] {processor.py:914} INFO - Processing file /home/ruslan/.local/lib/python3.10/site-packages/airflow/example_dags/example_branch_operator_decorator.py for tasks to queue
[2025-03-22T10:15:06.685+0500] {logging_mixin.py:190} INFO - [2025-03-22T10:15:06.685+0500] {dagbag.py:588} INFO - Filling up the DagBag from /home/ruslan/.local/lib/python3.10/site-packages/airflow/example_dags/example_branch_operator_decorator.py
[2025-03-22T10:15:06.721+0500] {processor.py:927} WARNING - No viable dags retrieved from /home/ruslan/.local/lib/python3.10/site-packages/airflow/example_dags/example_branch_operator_decorator.py
[2025-03-22T10:15:06.727+0500] {processor.py:208} INFO - Processing /home/ruslan/.local/lib/python3.10/site-packages/airflow/example_dags/example_branch_operator_decorator.py took 0.048 seconds
[2025-03-22T10:15:59.104+0500] {processor.py:186} INFO - Started process (PID=23325) to work on /home/ruslan/.local/lib/python3.10/site-packages/airflow/example_dags/example_branch_operator_decorator.py
[2025-03-22T10:15:59.105+0500] {processor.py:914} INFO - Processing file /home/ruslan/.local/lib/python3.10/site-packages/airflow/example_dags/example_branch_operator_decorator.py for tasks to queue
[2025-03-22T10:15:59.106+0500] {logging_mixin.py:190} INFO - [2025-03-22T10:15:59.106+0500] {dagbag.py:588} INFO - Filling up the DagBag from /home/ruslan/.local/lib/python3.10/site-packages/airflow/example_dags/example_branch_operator_decorator.py
[2025-03-22T10:15:59.143+0500] {processor.py:927} WARNING - No viable dags retrieved from /home/ruslan/.local/lib/python3.10/site-packages/airflow/example_dags/example_branch_operator_decorator.py
[2025-03-22T10:15:59.149+0500] {processor.py:208} INFO - Processing /home/ruslan/.local/lib/python3.10/site-packages/airflow/example_dags/example_branch_operator_decorator.py took 0.049 seconds
[2025-03-22T10:16:54.434+0500] {processor.py:186} INFO - Started process (PID=23929) to work on /home/ruslan/.local/lib/python3.10/site-packages/airflow/example_dags/example_branch_operator_decorator.py
[2025-03-22T10:16:54.436+0500] {processor.py:914} INFO - Processing file /home/ruslan/.local/lib/python3.10/site-packages/airflow/example_dags/example_branch_operator_decorator.py for tasks to queue
[2025-03-22T10:16:54.437+0500] {logging_mixin.py:190} INFO - [2025-03-22T10:16:54.437+0500] {dagbag.py:588} INFO - Filling up the DagBag from /home/ruslan/.local/lib/python3.10/site-packages/airflow/example_dags/example_branch_operator_decorator.py
[2025-03-22T10:16:54.473+0500] {processor.py:927} WARNING - No viable dags retrieved from /home/ruslan/.local/lib/python3.10/site-packages/airflow/example_dags/example_branch_operator_decorator.py
[2025-03-22T10:16:54.479+0500] {processor.py:208} INFO - Processing /home/ruslan/.local/lib/python3.10/site-packages/airflow/example_dags/example_branch_operator_decorator.py took 0.048 seconds
[2025-03-22T10:17:45.216+0500] {processor.py:186} INFO - Started process (PID=24430) to work on /home/ruslan/.local/lib/python3.10/site-packages/airflow/example_dags/example_branch_operator_decorator.py
[2025-03-22T10:17:45.218+0500] {processor.py:914} INFO - Processing file /home/ruslan/.local/lib/python3.10/site-packages/airflow/example_dags/example_branch_operator_decorator.py for tasks to queue
[2025-03-22T10:17:45.219+0500] {logging_mixin.py:190} INFO - [2025-03-22T10:17:45.219+0500] {dagbag.py:588} INFO - Filling up the DagBag from /home/ruslan/.local/lib/python3.10/site-packages/airflow/example_dags/example_branch_operator_decorator.py
[2025-03-22T10:17:45.255+0500] {processor.py:927} WARNING - No viable dags retrieved from /home/ruslan/.local/lib/python3.10/site-packages/airflow/example_dags/example_branch_operator_decorator.py
[2025-03-22T10:17:45.261+0500] {processor.py:208} INFO - Processing /home/ruslan/.local/lib/python3.10/site-packages/airflow/example_dags/example_branch_operator_decorator.py took 0.048 seconds
[2025-03-22T10:18:38.192+0500] {processor.py:186} INFO - Started process (PID=25024) to work on /home/ruslan/.local/lib/python3.10/site-packages/airflow/example_dags/example_branch_operator_decorator.py
[2025-03-22T10:18:38.193+0500] {processor.py:914} INFO - Processing file /home/ruslan/.local/lib/python3.10/site-packages/airflow/example_dags/example_branch_operator_decorator.py for tasks to queue
[2025-03-22T10:18:38.194+0500] {logging_mixin.py:190} INFO - [2025-03-22T10:18:38.194+0500] {dagbag.py:588} INFO - Filling up the DagBag from /home/ruslan/.local/lib/python3.10/site-packages/airflow/example_dags/example_branch_operator_decorator.py
[2025-03-22T10:18:38.231+0500] {processor.py:927} WARNING - No viable dags retrieved from /home/ruslan/.local/lib/python3.10/site-packages/airflow/example_dags/example_branch_operator_decorator.py
[2025-03-22T10:18:38.237+0500] {processor.py:208} INFO - Processing /home/ruslan/.local/lib/python3.10/site-packages/airflow/example_dags/example_branch_operator_decorator.py took 0.048 seconds
[2025-03-22T10:19:26.396+0500] {processor.py:186} INFO - Started process (PID=25538) to work on /home/ruslan/.local/lib/python3.10/site-packages/airflow/example_dags/example_branch_operator_decorator.py
[2025-03-22T10:19:26.397+0500] {processor.py:914} INFO - Processing file /home/ruslan/.local/lib/python3.10/site-packages/airflow/example_dags/example_branch_operator_decorator.py for tasks to queue
[2025-03-22T10:19:26.398+0500] {logging_mixin.py:190} INFO - [2025-03-22T10:19:26.398+0500] {dagbag.py:588} INFO - Filling up the DagBag from /home/ruslan/.local/lib/python3.10/site-packages/airflow/example_dags/example_branch_operator_decorator.py
[2025-03-22T10:19:26.435+0500] {processor.py:927} WARNING - No viable dags retrieved from /home/ruslan/.local/lib/python3.10/site-packages/airflow/example_dags/example_branch_operator_decorator.py
[2025-03-22T10:19:26.441+0500] {processor.py:208} INFO - Processing /home/ruslan/.local/lib/python3.10/site-packages/airflow/example_dags/example_branch_operator_decorator.py took 0.049 seconds
[2025-03-22T10:20:20.904+0500] {processor.py:186} INFO - Started process (PID=26154) to work on /home/ruslan/.local/lib/python3.10/site-packages/airflow/example_dags/example_branch_operator_decorator.py
[2025-03-22T10:20:20.905+0500] {processor.py:914} INFO - Processing file /home/ruslan/.local/lib/python3.10/site-packages/airflow/example_dags/example_branch_operator_decorator.py for tasks to queue
[2025-03-22T10:20:20.907+0500] {logging_mixin.py:190} INFO - [2025-03-22T10:20:20.907+0500] {dagbag.py:588} INFO - Filling up the DagBag from /home/ruslan/.local/lib/python3.10/site-packages/airflow/example_dags/example_branch_operator_decorator.py
[2025-03-22T10:20:20.945+0500] {processor.py:927} WARNING - No viable dags retrieved from /home/ruslan/.local/lib/python3.10/site-packages/airflow/example_dags/example_branch_operator_decorator.py
[2025-03-22T10:20:20.951+0500] {processor.py:208} INFO - Processing /home/ruslan/.local/lib/python3.10/site-packages/airflow/example_dags/example_branch_operator_decorator.py took 0.050 seconds
[2025-03-22T10:21:11.140+0500] {processor.py:186} INFO - Started process (PID=26647) to work on /home/ruslan/.local/lib/python3.10/site-packages/airflow/example_dags/example_branch_operator_decorator.py
[2025-03-22T10:21:11.141+0500] {processor.py:914} INFO - Processing file /home/ruslan/.local/lib/python3.10/site-packages/airflow/example_dags/example_branch_operator_decorator.py for tasks to queue
[2025-03-22T10:21:11.143+0500] {logging_mixin.py:190} INFO - [2025-03-22T10:21:11.142+0500] {dagbag.py:588} INFO - Filling up the DagBag from /home/ruslan/.local/lib/python3.10/site-packages/airflow/example_dags/example_branch_operator_decorator.py
[2025-03-22T10:21:11.181+0500] {processor.py:927} WARNING - No viable dags retrieved from /home/ruslan/.local/lib/python3.10/site-packages/airflow/example_dags/example_branch_operator_decorator.py
[2025-03-22T10:21:11.188+0500] {processor.py:208} INFO - Processing /home/ruslan/.local/lib/python3.10/site-packages/airflow/example_dags/example_branch_operator_decorator.py took 0.051 seconds
[2025-03-22T10:22:05.784+0500] {processor.py:186} INFO - Started process (PID=27255) to work on /home/ruslan/.local/lib/python3.10/site-packages/airflow/example_dags/example_branch_operator_decorator.py
[2025-03-22T10:22:05.785+0500] {processor.py:914} INFO - Processing file /home/ruslan/.local/lib/python3.10/site-packages/airflow/example_dags/example_branch_operator_decorator.py for tasks to queue
[2025-03-22T10:22:05.786+0500] {logging_mixin.py:190} INFO - [2025-03-22T10:22:05.786+0500] {dagbag.py:588} INFO - Filling up the DagBag from /home/ruslan/.local/lib/python3.10/site-packages/airflow/example_dags/example_branch_operator_decorator.py
[2025-03-22T10:22:05.824+0500] {processor.py:927} WARNING - No viable dags retrieved from /home/ruslan/.local/lib/python3.10/site-packages/airflow/example_dags/example_branch_operator_decorator.py
[2025-03-22T10:22:05.830+0500] {processor.py:208} INFO - Processing /home/ruslan/.local/lib/python3.10/site-packages/airflow/example_dags/example_branch_operator_decorator.py took 0.050 seconds
[2025-03-22T10:22:59.168+0500] {processor.py:186} INFO - Started process (PID=27789) to work on /home/ruslan/.local/lib/python3.10/site-packages/airflow/example_dags/example_branch_operator_decorator.py
[2025-03-22T10:22:59.169+0500] {processor.py:914} INFO - Processing file /home/ruslan/.local/lib/python3.10/site-packages/airflow/example_dags/example_branch_operator_decorator.py for tasks to queue
[2025-03-22T10:22:59.171+0500] {logging_mixin.py:190} INFO - [2025-03-22T10:22:59.170+0500] {dagbag.py:588} INFO - Filling up the DagBag from /home/ruslan/.local/lib/python3.10/site-packages/airflow/example_dags/example_branch_operator_decorator.py
[2025-03-22T10:22:59.209+0500] {processor.py:927} WARNING - No viable dags retrieved from /home/ruslan/.local/lib/python3.10/site-packages/airflow/example_dags/example_branch_operator_decorator.py
[2025-03-22T10:22:59.215+0500] {processor.py:208} INFO - Processing /home/ruslan/.local/lib/python3.10/site-packages/airflow/example_dags/example_branch_operator_decorator.py took 0.051 seconds
[2025-03-22T10:23:50.877+0500] {processor.py:186} INFO - Started process (PID=28393) to work on /home/ruslan/.local/lib/python3.10/site-packages/airflow/example_dags/example_branch_operator_decorator.py
[2025-03-22T10:23:50.878+0500] {processor.py:914} INFO - Processing file /home/ruslan/.local/lib/python3.10/site-packages/airflow/example_dags/example_branch_operator_decorator.py for tasks to queue
[2025-03-22T10:23:50.880+0500] {logging_mixin.py:190} INFO - [2025-03-22T10:23:50.879+0500] {dagbag.py:588} INFO - Filling up the DagBag from /home/ruslan/.local/lib/python3.10/site-packages/airflow/example_dags/example_branch_operator_decorator.py
[2025-03-22T10:23:50.915+0500] {processor.py:927} WARNING - No viable dags retrieved from /home/ruslan/.local/lib/python3.10/site-packages/airflow/example_dags/example_branch_operator_decorator.py
[2025-03-22T10:23:50.921+0500] {processor.py:208} INFO - Processing /home/ruslan/.local/lib/python3.10/site-packages/airflow/example_dags/example_branch_operator_decorator.py took 0.048 seconds
[2025-03-22T10:24:41.515+0500] {processor.py:186} INFO - Started process (PID=28902) to work on /home/ruslan/.local/lib/python3.10/site-packages/airflow/example_dags/example_branch_operator_decorator.py
[2025-03-22T10:24:41.517+0500] {processor.py:914} INFO - Processing file /home/ruslan/.local/lib/python3.10/site-packages/airflow/example_dags/example_branch_operator_decorator.py for tasks to queue
[2025-03-22T10:24:41.518+0500] {logging_mixin.py:190} INFO - [2025-03-22T10:24:41.518+0500] {dagbag.py:588} INFO - Filling up the DagBag from /home/ruslan/.local/lib/python3.10/site-packages/airflow/example_dags/example_branch_operator_decorator.py
[2025-03-22T10:24:41.557+0500] {processor.py:927} WARNING - No viable dags retrieved from /home/ruslan/.local/lib/python3.10/site-packages/airflow/example_dags/example_branch_operator_decorator.py
[2025-03-22T10:24:41.563+0500] {processor.py:208} INFO - Processing /home/ruslan/.local/lib/python3.10/site-packages/airflow/example_dags/example_branch_operator_decorator.py took 0.051 seconds
[2025-03-22T10:25:31.027+0500] {processor.py:186} INFO - Started process (PID=29431) to work on /home/ruslan/.local/lib/python3.10/site-packages/airflow/example_dags/example_branch_operator_decorator.py
[2025-03-22T10:25:31.028+0500] {processor.py:914} INFO - Processing file /home/ruslan/.local/lib/python3.10/site-packages/airflow/example_dags/example_branch_operator_decorator.py for tasks to queue
[2025-03-22T10:25:31.030+0500] {logging_mixin.py:190} INFO - [2025-03-22T10:25:31.030+0500] {dagbag.py:588} INFO - Filling up the DagBag from /home/ruslan/.local/lib/python3.10/site-packages/airflow/example_dags/example_branch_operator_decorator.py
[2025-03-22T10:25:31.064+0500] {processor.py:927} WARNING - No viable dags retrieved from /home/ruslan/.local/lib/python3.10/site-packages/airflow/example_dags/example_branch_operator_decorator.py
[2025-03-22T10:25:31.070+0500] {processor.py:208} INFO - Processing /home/ruslan/.local/lib/python3.10/site-packages/airflow/example_dags/example_branch_operator_decorator.py took 0.046 seconds
[2025-03-22T10:26:26.336+0500] {processor.py:186} INFO - Started process (PID=30507) to work on /home/ruslan/.local/lib/python3.10/site-packages/airflow/example_dags/example_branch_operator_decorator.py
[2025-03-22T10:26:26.338+0500] {processor.py:914} INFO - Processing file /home/ruslan/.local/lib/python3.10/site-packages/airflow/example_dags/example_branch_operator_decorator.py for tasks to queue
[2025-03-22T10:26:26.339+0500] {logging_mixin.py:190} INFO - [2025-03-22T10:26:26.339+0500] {dagbag.py:588} INFO - Filling up the DagBag from /home/ruslan/.local/lib/python3.10/site-packages/airflow/example_dags/example_branch_operator_decorator.py
[2025-03-22T10:26:26.374+0500] {processor.py:927} WARNING - No viable dags retrieved from /home/ruslan/.local/lib/python3.10/site-packages/airflow/example_dags/example_branch_operator_decorator.py
[2025-03-22T10:26:26.380+0500] {processor.py:208} INFO - Processing /home/ruslan/.local/lib/python3.10/site-packages/airflow/example_dags/example_branch_operator_decorator.py took 0.047 seconds
[2025-03-22T10:27:14.180+0500] {processor.py:186} INFO - Started process (PID=31058) to work on /home/ruslan/.local/lib/python3.10/site-packages/airflow/example_dags/example_branch_operator_decorator.py
[2025-03-22T10:27:14.181+0500] {processor.py:914} INFO - Processing file /home/ruslan/.local/lib/python3.10/site-packages/airflow/example_dags/example_branch_operator_decorator.py for tasks to queue
[2025-03-22T10:27:14.182+0500] {logging_mixin.py:190} INFO - [2025-03-22T10:27:14.182+0500] {dagbag.py:588} INFO - Filling up the DagBag from /home/ruslan/.local/lib/python3.10/site-packages/airflow/example_dags/example_branch_operator_decorator.py
[2025-03-22T10:27:14.214+0500] {processor.py:927} WARNING - No viable dags retrieved from /home/ruslan/.local/lib/python3.10/site-packages/airflow/example_dags/example_branch_operator_decorator.py
[2025-03-22T10:27:14.221+0500] {processor.py:208} INFO - Processing /home/ruslan/.local/lib/python3.10/site-packages/airflow/example_dags/example_branch_operator_decorator.py took 0.045 seconds
[2025-03-22T10:28:08.923+0500] {processor.py:186} INFO - Started process (PID=31723) to work on /home/ruslan/.local/lib/python3.10/site-packages/airflow/example_dags/example_branch_operator_decorator.py
[2025-03-22T10:28:08.924+0500] {processor.py:914} INFO - Processing file /home/ruslan/.local/lib/python3.10/site-packages/airflow/example_dags/example_branch_operator_decorator.py for tasks to queue
[2025-03-22T10:28:08.925+0500] {logging_mixin.py:190} INFO - [2025-03-22T10:28:08.925+0500] {dagbag.py:588} INFO - Filling up the DagBag from /home/ruslan/.local/lib/python3.10/site-packages/airflow/example_dags/example_branch_operator_decorator.py
[2025-03-22T10:28:08.957+0500] {processor.py:927} WARNING - No viable dags retrieved from /home/ruslan/.local/lib/python3.10/site-packages/airflow/example_dags/example_branch_operator_decorator.py
[2025-03-22T10:28:08.964+0500] {processor.py:208} INFO - Processing /home/ruslan/.local/lib/python3.10/site-packages/airflow/example_dags/example_branch_operator_decorator.py took 0.045 seconds
[2025-03-22T10:29:01.960+0500] {processor.py:186} INFO - Started process (PID=32246) to work on /home/ruslan/.local/lib/python3.10/site-packages/airflow/example_dags/example_branch_operator_decorator.py
[2025-03-22T10:29:01.961+0500] {processor.py:914} INFO - Processing file /home/ruslan/.local/lib/python3.10/site-packages/airflow/example_dags/example_branch_operator_decorator.py for tasks to queue
[2025-03-22T10:29:01.963+0500] {logging_mixin.py:190} INFO - [2025-03-22T10:29:01.962+0500] {dagbag.py:588} INFO - Filling up the DagBag from /home/ruslan/.local/lib/python3.10/site-packages/airflow/example_dags/example_branch_operator_decorator.py
[2025-03-22T10:29:02.003+0500] {processor.py:927} WARNING - No viable dags retrieved from /home/ruslan/.local/lib/python3.10/site-packages/airflow/example_dags/example_branch_operator_decorator.py
[2025-03-22T10:29:02.010+0500] {processor.py:208} INFO - Processing /home/ruslan/.local/lib/python3.10/site-packages/airflow/example_dags/example_branch_operator_decorator.py took 0.054 seconds
[2025-03-22T10:29:53.019+0500] {processor.py:186} INFO - Started process (PID=32761) to work on /home/ruslan/.local/lib/python3.10/site-packages/airflow/example_dags/example_branch_operator_decorator.py
[2025-03-22T10:29:53.021+0500] {processor.py:914} INFO - Processing file /home/ruslan/.local/lib/python3.10/site-packages/airflow/example_dags/example_branch_operator_decorator.py for tasks to queue
[2025-03-22T10:29:53.022+0500] {logging_mixin.py:190} INFO - [2025-03-22T10:29:53.021+0500] {dagbag.py:588} INFO - Filling up the DagBag from /home/ruslan/.local/lib/python3.10/site-packages/airflow/example_dags/example_branch_operator_decorator.py
[2025-03-22T10:29:53.060+0500] {processor.py:927} WARNING - No viable dags retrieved from /home/ruslan/.local/lib/python3.10/site-packages/airflow/example_dags/example_branch_operator_decorator.py
[2025-03-22T10:29:53.066+0500] {processor.py:208} INFO - Processing /home/ruslan/.local/lib/python3.10/site-packages/airflow/example_dags/example_branch_operator_decorator.py took 0.051 seconds
[2025-03-22T10:30:44.858+0500] {processor.py:186} INFO - Started process (PID=33021) to work on /home/ruslan/.local/lib/python3.10/site-packages/airflow/example_dags/example_branch_operator_decorator.py
[2025-03-22T10:30:44.858+0500] {processor.py:914} INFO - Processing file /home/ruslan/.local/lib/python3.10/site-packages/airflow/example_dags/example_branch_operator_decorator.py for tasks to queue
[2025-03-22T10:30:44.859+0500] {logging_mixin.py:190} INFO - [2025-03-22T10:30:44.859+0500] {dagbag.py:588} INFO - Filling up the DagBag from /home/ruslan/.local/lib/python3.10/site-packages/airflow/example_dags/example_branch_operator_decorator.py
[2025-03-22T10:30:44.890+0500] {processor.py:927} WARNING - No viable dags retrieved from /home/ruslan/.local/lib/python3.10/site-packages/airflow/example_dags/example_branch_operator_decorator.py
[2025-03-22T10:30:44.896+0500] {processor.py:208} INFO - Processing /home/ruslan/.local/lib/python3.10/site-packages/airflow/example_dags/example_branch_operator_decorator.py took 0.042 seconds
[2025-03-22T10:31:37.079+0500] {processor.py:186} INFO - Started process (PID=33581) to work on /home/ruslan/.local/lib/python3.10/site-packages/airflow/example_dags/example_branch_operator_decorator.py
[2025-03-22T10:31:37.080+0500] {processor.py:914} INFO - Processing file /home/ruslan/.local/lib/python3.10/site-packages/airflow/example_dags/example_branch_operator_decorator.py for tasks to queue
[2025-03-22T10:31:37.080+0500] {logging_mixin.py:190} INFO - [2025-03-22T10:31:37.080+0500] {dagbag.py:588} INFO - Filling up the DagBag from /home/ruslan/.local/lib/python3.10/site-packages/airflow/example_dags/example_branch_operator_decorator.py
[2025-03-22T10:31:37.119+0500] {processor.py:927} WARNING - No viable dags retrieved from /home/ruslan/.local/lib/python3.10/site-packages/airflow/example_dags/example_branch_operator_decorator.py
[2025-03-22T10:31:37.125+0500] {processor.py:208} INFO - Processing /home/ruslan/.local/lib/python3.10/site-packages/airflow/example_dags/example_branch_operator_decorator.py took 0.050 seconds
[2025-03-22T10:32:30.685+0500] {processor.py:186} INFO - Started process (PID=34359) to work on /home/ruslan/.local/lib/python3.10/site-packages/airflow/example_dags/example_branch_operator_decorator.py
[2025-03-22T10:32:30.687+0500] {processor.py:914} INFO - Processing file /home/ruslan/.local/lib/python3.10/site-packages/airflow/example_dags/example_branch_operator_decorator.py for tasks to queue
[2025-03-22T10:32:30.687+0500] {logging_mixin.py:190} INFO - [2025-03-22T10:32:30.687+0500] {dagbag.py:588} INFO - Filling up the DagBag from /home/ruslan/.local/lib/python3.10/site-packages/airflow/example_dags/example_branch_operator_decorator.py
[2025-03-22T10:32:30.727+0500] {processor.py:927} WARNING - No viable dags retrieved from /home/ruslan/.local/lib/python3.10/site-packages/airflow/example_dags/example_branch_operator_decorator.py
[2025-03-22T10:32:30.733+0500] {processor.py:208} INFO - Processing /home/ruslan/.local/lib/python3.10/site-packages/airflow/example_dags/example_branch_operator_decorator.py took 0.053 seconds
[2025-03-22T10:33:03.667+0500] {processor.py:186} INFO - Started process (PID=34775) to work on /home/ruslan/.local/lib/python3.10/site-packages/airflow/example_dags/example_branch_operator_decorator.py
[2025-03-22T10:33:03.668+0500] {processor.py:914} INFO - Processing file /home/ruslan/.local/lib/python3.10/site-packages/airflow/example_dags/example_branch_operator_decorator.py for tasks to queue
[2025-03-22T10:33:03.670+0500] {logging_mixin.py:190} INFO - [2025-03-22T10:33:03.670+0500] {dagbag.py:588} INFO - Filling up the DagBag from /home/ruslan/.local/lib/python3.10/site-packages/airflow/example_dags/example_branch_operator_decorator.py
[2025-03-22T10:33:03.705+0500] {processor.py:927} WARNING - No viable dags retrieved from /home/ruslan/.local/lib/python3.10/site-packages/airflow/example_dags/example_branch_operator_decorator.py
[2025-03-22T10:33:03.711+0500] {processor.py:208} INFO - Processing /home/ruslan/.local/lib/python3.10/site-packages/airflow/example_dags/example_branch_operator_decorator.py took 0.047 seconds
[2025-03-22T10:33:57.526+0500] {processor.py:186} INFO - Started process (PID=35463) to work on /home/ruslan/.local/lib/python3.10/site-packages/airflow/example_dags/example_branch_operator_decorator.py
[2025-03-22T10:33:57.527+0500] {processor.py:914} INFO - Processing file /home/ruslan/.local/lib/python3.10/site-packages/airflow/example_dags/example_branch_operator_decorator.py for tasks to queue
[2025-03-22T10:33:57.529+0500] {logging_mixin.py:190} INFO - [2025-03-22T10:33:57.529+0500] {dagbag.py:588} INFO - Filling up the DagBag from /home/ruslan/.local/lib/python3.10/site-packages/airflow/example_dags/example_branch_operator_decorator.py
[2025-03-22T10:33:57.564+0500] {processor.py:927} WARNING - No viable dags retrieved from /home/ruslan/.local/lib/python3.10/site-packages/airflow/example_dags/example_branch_operator_decorator.py
[2025-03-22T10:33:57.570+0500] {processor.py:208} INFO - Processing /home/ruslan/.local/lib/python3.10/site-packages/airflow/example_dags/example_branch_operator_decorator.py took 0.047 seconds
[2025-03-22T10:34:49.987+0500] {processor.py:186} INFO - Started process (PID=36026) to work on /home/ruslan/.local/lib/python3.10/site-packages/airflow/example_dags/example_branch_operator_decorator.py
[2025-03-22T10:34:49.988+0500] {processor.py:914} INFO - Processing file /home/ruslan/.local/lib/python3.10/site-packages/airflow/example_dags/example_branch_operator_decorator.py for tasks to queue
[2025-03-22T10:34:49.990+0500] {logging_mixin.py:190} INFO - [2025-03-22T10:34:49.989+0500] {dagbag.py:588} INFO - Filling up the DagBag from /home/ruslan/.local/lib/python3.10/site-packages/airflow/example_dags/example_branch_operator_decorator.py
[2025-03-22T10:34:50.042+0500] {processor.py:927} WARNING - No viable dags retrieved from /home/ruslan/.local/lib/python3.10/site-packages/airflow/example_dags/example_branch_operator_decorator.py
[2025-03-22T10:34:50.048+0500] {processor.py:208} INFO - Processing /home/ruslan/.local/lib/python3.10/site-packages/airflow/example_dags/example_branch_operator_decorator.py took 0.064 seconds
[2025-03-22T10:35:41.330+0500] {processor.py:186} INFO - Started process (PID=36692) to work on /home/ruslan/.local/lib/python3.10/site-packages/airflow/example_dags/example_branch_operator_decorator.py
[2025-03-22T10:35:41.332+0500] {processor.py:914} INFO - Processing file /home/ruslan/.local/lib/python3.10/site-packages/airflow/example_dags/example_branch_operator_decorator.py for tasks to queue
[2025-03-22T10:35:41.333+0500] {logging_mixin.py:190} INFO - [2025-03-22T10:35:41.333+0500] {dagbag.py:588} INFO - Filling up the DagBag from /home/ruslan/.local/lib/python3.10/site-packages/airflow/example_dags/example_branch_operator_decorator.py
[2025-03-22T10:35:41.369+0500] {processor.py:927} WARNING - No viable dags retrieved from /home/ruslan/.local/lib/python3.10/site-packages/airflow/example_dags/example_branch_operator_decorator.py
[2025-03-22T10:35:41.375+0500] {processor.py:208} INFO - Processing /home/ruslan/.local/lib/python3.10/site-packages/airflow/example_dags/example_branch_operator_decorator.py took 0.048 seconds
[2025-03-22T10:36:28.500+0500] {processor.py:186} INFO - Started process (PID=37197) to work on /home/ruslan/.local/lib/python3.10/site-packages/airflow/example_dags/example_branch_operator_decorator.py
[2025-03-22T10:36:28.502+0500] {processor.py:914} INFO - Processing file /home/ruslan/.local/lib/python3.10/site-packages/airflow/example_dags/example_branch_operator_decorator.py for tasks to queue
[2025-03-22T10:36:28.503+0500] {logging_mixin.py:190} INFO - [2025-03-22T10:36:28.503+0500] {dagbag.py:588} INFO - Filling up the DagBag from /home/ruslan/.local/lib/python3.10/site-packages/airflow/example_dags/example_branch_operator_decorator.py
[2025-03-22T10:36:28.540+0500] {processor.py:927} WARNING - No viable dags retrieved from /home/ruslan/.local/lib/python3.10/site-packages/airflow/example_dags/example_branch_operator_decorator.py
[2025-03-22T10:36:28.546+0500] {processor.py:208} INFO - Processing /home/ruslan/.local/lib/python3.10/site-packages/airflow/example_dags/example_branch_operator_decorator.py took 0.049 seconds
[2025-03-22T10:37:20.420+0500] {processor.py:186} INFO - Started process (PID=37456) to work on /home/ruslan/.local/lib/python3.10/site-packages/airflow/example_dags/example_branch_operator_decorator.py
[2025-03-22T10:37:20.421+0500] {processor.py:914} INFO - Processing file /home/ruslan/.local/lib/python3.10/site-packages/airflow/example_dags/example_branch_operator_decorator.py for tasks to queue
[2025-03-22T10:37:20.423+0500] {logging_mixin.py:190} INFO - [2025-03-22T10:37:20.423+0500] {dagbag.py:588} INFO - Filling up the DagBag from /home/ruslan/.local/lib/python3.10/site-packages/airflow/example_dags/example_branch_operator_decorator.py
[2025-03-22T10:37:20.488+0500] {processor.py:927} WARNING - No viable dags retrieved from /home/ruslan/.local/lib/python3.10/site-packages/airflow/example_dags/example_branch_operator_decorator.py
[2025-03-22T10:37:20.495+0500] {processor.py:208} INFO - Processing /home/ruslan/.local/lib/python3.10/site-packages/airflow/example_dags/example_branch_operator_decorator.py took 0.078 seconds
[2025-03-22T10:38:47.674+0500] {processor.py:186} INFO - Started process (PID=38549) to work on /home/ruslan/.local/lib/python3.10/site-packages/airflow/example_dags/example_branch_operator_decorator.py
[2025-03-22T10:38:47.675+0500] {processor.py:914} INFO - Processing file /home/ruslan/.local/lib/python3.10/site-packages/airflow/example_dags/example_branch_operator_decorator.py for tasks to queue
[2025-03-22T10:38:47.676+0500] {logging_mixin.py:190} INFO - [2025-03-22T10:38:47.676+0500] {dagbag.py:588} INFO - Filling up the DagBag from /home/ruslan/.local/lib/python3.10/site-packages/airflow/example_dags/example_branch_operator_decorator.py
[2025-03-22T10:38:47.713+0500] {processor.py:927} WARNING - No viable dags retrieved from /home/ruslan/.local/lib/python3.10/site-packages/airflow/example_dags/example_branch_operator_decorator.py
[2025-03-22T10:38:47.719+0500] {processor.py:208} INFO - Processing /home/ruslan/.local/lib/python3.10/site-packages/airflow/example_dags/example_branch_operator_decorator.py took 0.048 seconds
[2025-03-22T10:39:40.881+0500] {processor.py:186} INFO - Started process (PID=39252) to work on /home/ruslan/.local/lib/python3.10/site-packages/airflow/example_dags/example_branch_operator_decorator.py
[2025-03-22T10:39:40.882+0500] {processor.py:914} INFO - Processing file /home/ruslan/.local/lib/python3.10/site-packages/airflow/example_dags/example_branch_operator_decorator.py for tasks to queue
[2025-03-22T10:39:40.883+0500] {logging_mixin.py:190} INFO - [2025-03-22T10:39:40.883+0500] {dagbag.py:588} INFO - Filling up the DagBag from /home/ruslan/.local/lib/python3.10/site-packages/airflow/example_dags/example_branch_operator_decorator.py
[2025-03-22T10:39:40.919+0500] {processor.py:927} WARNING - No viable dags retrieved from /home/ruslan/.local/lib/python3.10/site-packages/airflow/example_dags/example_branch_operator_decorator.py
[2025-03-22T10:39:40.925+0500] {processor.py:208} INFO - Processing /home/ruslan/.local/lib/python3.10/site-packages/airflow/example_dags/example_branch_operator_decorator.py took 0.048 seconds
[2025-03-22T10:40:31.474+0500] {processor.py:186} INFO - Started process (PID=39903) to work on /home/ruslan/.local/lib/python3.10/site-packages/airflow/example_dags/example_branch_operator_decorator.py
[2025-03-22T10:40:31.475+0500] {processor.py:914} INFO - Processing file /home/ruslan/.local/lib/python3.10/site-packages/airflow/example_dags/example_branch_operator_decorator.py for tasks to queue
[2025-03-22T10:40:31.477+0500] {logging_mixin.py:190} INFO - [2025-03-22T10:40:31.476+0500] {dagbag.py:588} INFO - Filling up the DagBag from /home/ruslan/.local/lib/python3.10/site-packages/airflow/example_dags/example_branch_operator_decorator.py
[2025-03-22T10:40:31.512+0500] {processor.py:927} WARNING - No viable dags retrieved from /home/ruslan/.local/lib/python3.10/site-packages/airflow/example_dags/example_branch_operator_decorator.py
[2025-03-22T10:40:31.518+0500] {processor.py:208} INFO - Processing /home/ruslan/.local/lib/python3.10/site-packages/airflow/example_dags/example_branch_operator_decorator.py took 0.048 seconds
[2025-03-22T10:41:29.427+0500] {processor.py:186} INFO - Started process (PID=40448) to work on /home/ruslan/.local/lib/python3.10/site-packages/airflow/example_dags/example_branch_operator_decorator.py
[2025-03-22T10:41:29.428+0500] {processor.py:914} INFO - Processing file /home/ruslan/.local/lib/python3.10/site-packages/airflow/example_dags/example_branch_operator_decorator.py for tasks to queue
[2025-03-22T10:41:29.429+0500] {logging_mixin.py:190} INFO - [2025-03-22T10:41:29.429+0500] {dagbag.py:588} INFO - Filling up the DagBag from /home/ruslan/.local/lib/python3.10/site-packages/airflow/example_dags/example_branch_operator_decorator.py
[2025-03-22T10:41:29.466+0500] {processor.py:927} WARNING - No viable dags retrieved from /home/ruslan/.local/lib/python3.10/site-packages/airflow/example_dags/example_branch_operator_decorator.py
[2025-03-22T10:41:29.473+0500] {processor.py:208} INFO - Processing /home/ruslan/.local/lib/python3.10/site-packages/airflow/example_dags/example_branch_operator_decorator.py took 0.049 seconds
[2025-03-22T10:42:26.569+0500] {processor.py:186} INFO - Started process (PID=41257) to work on /home/ruslan/.local/lib/python3.10/site-packages/airflow/example_dags/example_branch_operator_decorator.py
[2025-03-22T10:42:26.570+0500] {processor.py:914} INFO - Processing file /home/ruslan/.local/lib/python3.10/site-packages/airflow/example_dags/example_branch_operator_decorator.py for tasks to queue
[2025-03-22T10:42:26.571+0500] {logging_mixin.py:190} INFO - [2025-03-22T10:42:26.571+0500] {dagbag.py:588} INFO - Filling up the DagBag from /home/ruslan/.local/lib/python3.10/site-packages/airflow/example_dags/example_branch_operator_decorator.py
[2025-03-22T10:42:26.607+0500] {processor.py:927} WARNING - No viable dags retrieved from /home/ruslan/.local/lib/python3.10/site-packages/airflow/example_dags/example_branch_operator_decorator.py
[2025-03-22T10:42:26.613+0500] {processor.py:208} INFO - Processing /home/ruslan/.local/lib/python3.10/site-packages/airflow/example_dags/example_branch_operator_decorator.py took 0.048 seconds
[2025-03-22T10:43:21.306+0500] {processor.py:186} INFO - Started process (PID=41872) to work on /home/ruslan/.local/lib/python3.10/site-packages/airflow/example_dags/example_branch_operator_decorator.py
[2025-03-22T10:43:21.307+0500] {processor.py:914} INFO - Processing file /home/ruslan/.local/lib/python3.10/site-packages/airflow/example_dags/example_branch_operator_decorator.py for tasks to queue
[2025-03-22T10:43:21.309+0500] {logging_mixin.py:190} INFO - [2025-03-22T10:43:21.308+0500] {dagbag.py:588} INFO - Filling up the DagBag from /home/ruslan/.local/lib/python3.10/site-packages/airflow/example_dags/example_branch_operator_decorator.py
[2025-03-22T10:43:21.346+0500] {processor.py:927} WARNING - No viable dags retrieved from /home/ruslan/.local/lib/python3.10/site-packages/airflow/example_dags/example_branch_operator_decorator.py
[2025-03-22T10:43:21.352+0500] {processor.py:208} INFO - Processing /home/ruslan/.local/lib/python3.10/site-packages/airflow/example_dags/example_branch_operator_decorator.py took 0.049 seconds
[2025-03-22T10:44:18.895+0500] {processor.py:186} INFO - Started process (PID=42585) to work on /home/ruslan/.local/lib/python3.10/site-packages/airflow/example_dags/example_branch_operator_decorator.py
[2025-03-22T10:44:18.896+0500] {processor.py:914} INFO - Processing file /home/ruslan/.local/lib/python3.10/site-packages/airflow/example_dags/example_branch_operator_decorator.py for tasks to queue
[2025-03-22T10:44:18.897+0500] {logging_mixin.py:190} INFO - [2025-03-22T10:44:18.897+0500] {dagbag.py:588} INFO - Filling up the DagBag from /home/ruslan/.local/lib/python3.10/site-packages/airflow/example_dags/example_branch_operator_decorator.py
[2025-03-22T10:44:18.934+0500] {processor.py:927} WARNING - No viable dags retrieved from /home/ruslan/.local/lib/python3.10/site-packages/airflow/example_dags/example_branch_operator_decorator.py
[2025-03-22T10:44:18.940+0500] {processor.py:208} INFO - Processing /home/ruslan/.local/lib/python3.10/site-packages/airflow/example_dags/example_branch_operator_decorator.py took 0.049 seconds
[2025-03-22T10:45:13.547+0500] {processor.py:186} INFO - Started process (PID=43313) to work on /home/ruslan/.local/lib/python3.10/site-packages/airflow/example_dags/example_branch_operator_decorator.py
[2025-03-22T10:45:13.548+0500] {processor.py:914} INFO - Processing file /home/ruslan/.local/lib/python3.10/site-packages/airflow/example_dags/example_branch_operator_decorator.py for tasks to queue
[2025-03-22T10:45:13.550+0500] {logging_mixin.py:190} INFO - [2025-03-22T10:45:13.549+0500] {dagbag.py:588} INFO - Filling up the DagBag from /home/ruslan/.local/lib/python3.10/site-packages/airflow/example_dags/example_branch_operator_decorator.py
[2025-03-22T10:45:13.586+0500] {processor.py:927} WARNING - No viable dags retrieved from /home/ruslan/.local/lib/python3.10/site-packages/airflow/example_dags/example_branch_operator_decorator.py
[2025-03-22T10:45:13.593+0500] {processor.py:208} INFO - Processing /home/ruslan/.local/lib/python3.10/site-packages/airflow/example_dags/example_branch_operator_decorator.py took 0.049 seconds
[2025-03-22T10:46:09.910+0500] {processor.py:186} INFO - Started process (PID=43996) to work on /home/ruslan/.local/lib/python3.10/site-packages/airflow/example_dags/example_branch_operator_decorator.py
[2025-03-22T10:46:09.911+0500] {processor.py:914} INFO - Processing file /home/ruslan/.local/lib/python3.10/site-packages/airflow/example_dags/example_branch_operator_decorator.py for tasks to queue
[2025-03-22T10:46:09.912+0500] {logging_mixin.py:190} INFO - [2025-03-22T10:46:09.912+0500] {dagbag.py:588} INFO - Filling up the DagBag from /home/ruslan/.local/lib/python3.10/site-packages/airflow/example_dags/example_branch_operator_decorator.py
[2025-03-22T10:46:09.948+0500] {processor.py:927} WARNING - No viable dags retrieved from /home/ruslan/.local/lib/python3.10/site-packages/airflow/example_dags/example_branch_operator_decorator.py
[2025-03-22T10:46:09.954+0500] {processor.py:208} INFO - Processing /home/ruslan/.local/lib/python3.10/site-packages/airflow/example_dags/example_branch_operator_decorator.py took 0.048 seconds
[2025-03-22T10:47:05.268+0500] {processor.py:186} INFO - Started process (PID=44729) to work on /home/ruslan/.local/lib/python3.10/site-packages/airflow/example_dags/example_branch_operator_decorator.py
[2025-03-22T10:47:05.269+0500] {processor.py:914} INFO - Processing file /home/ruslan/.local/lib/python3.10/site-packages/airflow/example_dags/example_branch_operator_decorator.py for tasks to queue
[2025-03-22T10:47:05.270+0500] {logging_mixin.py:190} INFO - [2025-03-22T10:47:05.270+0500] {dagbag.py:588} INFO - Filling up the DagBag from /home/ruslan/.local/lib/python3.10/site-packages/airflow/example_dags/example_branch_operator_decorator.py
[2025-03-22T10:47:05.306+0500] {processor.py:927} WARNING - No viable dags retrieved from /home/ruslan/.local/lib/python3.10/site-packages/airflow/example_dags/example_branch_operator_decorator.py
[2025-03-22T10:47:05.312+0500] {processor.py:208} INFO - Processing /home/ruslan/.local/lib/python3.10/site-packages/airflow/example_dags/example_branch_operator_decorator.py took 0.048 seconds
[2025-03-22T10:47:59.960+0500] {processor.py:186} INFO - Started process (PID=45358) to work on /home/ruslan/.local/lib/python3.10/site-packages/airflow/example_dags/example_branch_operator_decorator.py
[2025-03-22T10:47:59.961+0500] {processor.py:914} INFO - Processing file /home/ruslan/.local/lib/python3.10/site-packages/airflow/example_dags/example_branch_operator_decorator.py for tasks to queue
[2025-03-22T10:47:59.963+0500] {logging_mixin.py:190} INFO - [2025-03-22T10:47:59.962+0500] {dagbag.py:588} INFO - Filling up the DagBag from /home/ruslan/.local/lib/python3.10/site-packages/airflow/example_dags/example_branch_operator_decorator.py
[2025-03-22T10:47:59.999+0500] {processor.py:927} WARNING - No viable dags retrieved from /home/ruslan/.local/lib/python3.10/site-packages/airflow/example_dags/example_branch_operator_decorator.py
[2025-03-22T10:48:00.005+0500] {processor.py:208} INFO - Processing /home/ruslan/.local/lib/python3.10/site-packages/airflow/example_dags/example_branch_operator_decorator.py took 0.049 seconds
[2025-03-22T10:48:52.445+0500] {processor.py:186} INFO - Started process (PID=46127) to work on /home/ruslan/.local/lib/python3.10/site-packages/airflow/example_dags/example_branch_operator_decorator.py
[2025-03-22T10:48:52.446+0500] {processor.py:914} INFO - Processing file /home/ruslan/.local/lib/python3.10/site-packages/airflow/example_dags/example_branch_operator_decorator.py for tasks to queue
[2025-03-22T10:48:52.447+0500] {logging_mixin.py:190} INFO - [2025-03-22T10:48:52.447+0500] {dagbag.py:588} INFO - Filling up the DagBag from /home/ruslan/.local/lib/python3.10/site-packages/airflow/example_dags/example_branch_operator_decorator.py
[2025-03-22T10:48:52.477+0500] {processor.py:927} WARNING - No viable dags retrieved from /home/ruslan/.local/lib/python3.10/site-packages/airflow/example_dags/example_branch_operator_decorator.py
[2025-03-22T10:48:52.482+0500] {processor.py:208} INFO - Processing /home/ruslan/.local/lib/python3.10/site-packages/airflow/example_dags/example_branch_operator_decorator.py took 0.041 seconds
[2025-03-22T12:46:51.242+0500] {processor.py:186} INFO - Started process (PID=918) to work on /home/ruslan/.local/lib/python3.10/site-packages/airflow/example_dags/example_branch_operator_decorator.py
[2025-03-22T12:46:51.243+0500] {processor.py:914} INFO - Processing file /home/ruslan/.local/lib/python3.10/site-packages/airflow/example_dags/example_branch_operator_decorator.py for tasks to queue
[2025-03-22T12:46:51.244+0500] {logging_mixin.py:190} INFO - [2025-03-22T12:46:51.244+0500] {dagbag.py:588} INFO - Filling up the DagBag from /home/ruslan/.local/lib/python3.10/site-packages/airflow/example_dags/example_branch_operator_decorator.py
[2025-03-22T12:46:51.282+0500] {processor.py:927} WARNING - No viable dags retrieved from /home/ruslan/.local/lib/python3.10/site-packages/airflow/example_dags/example_branch_operator_decorator.py
[2025-03-22T12:46:51.289+0500] {processor.py:208} INFO - Processing /home/ruslan/.local/lib/python3.10/site-packages/airflow/example_dags/example_branch_operator_decorator.py took 0.050 seconds
[2025-03-22T12:47:46.914+0500] {processor.py:186} INFO - Started process (PID=6176) to work on /home/ruslan/.local/lib/python3.10/site-packages/airflow/example_dags/example_branch_operator_decorator.py
[2025-03-22T12:47:46.915+0500] {processor.py:914} INFO - Processing file /home/ruslan/.local/lib/python3.10/site-packages/airflow/example_dags/example_branch_operator_decorator.py for tasks to queue
[2025-03-22T12:47:46.916+0500] {logging_mixin.py:190} INFO - [2025-03-22T12:47:46.916+0500] {dagbag.py:588} INFO - Filling up the DagBag from /home/ruslan/.local/lib/python3.10/site-packages/airflow/example_dags/example_branch_operator_decorator.py
[2025-03-22T12:47:46.951+0500] {processor.py:927} WARNING - No viable dags retrieved from /home/ruslan/.local/lib/python3.10/site-packages/airflow/example_dags/example_branch_operator_decorator.py
[2025-03-22T12:47:46.957+0500] {processor.py:208} INFO - Processing /home/ruslan/.local/lib/python3.10/site-packages/airflow/example_dags/example_branch_operator_decorator.py took 0.046 seconds
[2025-03-22T12:48:40.198+0500] {processor.py:186} INFO - Started process (PID=6468) to work on /home/ruslan/.local/lib/python3.10/site-packages/airflow/example_dags/example_branch_operator_decorator.py
[2025-03-22T12:48:40.200+0500] {processor.py:914} INFO - Processing file /home/ruslan/.local/lib/python3.10/site-packages/airflow/example_dags/example_branch_operator_decorator.py for tasks to queue
[2025-03-22T12:48:40.202+0500] {logging_mixin.py:190} INFO - [2025-03-22T12:48:40.201+0500] {dagbag.py:588} INFO - Filling up the DagBag from /home/ruslan/.local/lib/python3.10/site-packages/airflow/example_dags/example_branch_operator_decorator.py
[2025-03-22T12:48:40.247+0500] {processor.py:927} WARNING - No viable dags retrieved from /home/ruslan/.local/lib/python3.10/site-packages/airflow/example_dags/example_branch_operator_decorator.py
[2025-03-22T12:48:40.256+0500] {processor.py:208} INFO - Processing /home/ruslan/.local/lib/python3.10/site-packages/airflow/example_dags/example_branch_operator_decorator.py took 0.063 seconds
[2025-03-22T12:49:31.722+0500] {processor.py:186} INFO - Started process (PID=7358) to work on /home/ruslan/.local/lib/python3.10/site-packages/airflow/example_dags/example_branch_operator_decorator.py
[2025-03-22T12:49:31.723+0500] {processor.py:914} INFO - Processing file /home/ruslan/.local/lib/python3.10/site-packages/airflow/example_dags/example_branch_operator_decorator.py for tasks to queue
[2025-03-22T12:49:31.725+0500] {logging_mixin.py:190} INFO - [2025-03-22T12:49:31.724+0500] {dagbag.py:588} INFO - Filling up the DagBag from /home/ruslan/.local/lib/python3.10/site-packages/airflow/example_dags/example_branch_operator_decorator.py
[2025-03-22T12:49:31.762+0500] {processor.py:927} WARNING - No viable dags retrieved from /home/ruslan/.local/lib/python3.10/site-packages/airflow/example_dags/example_branch_operator_decorator.py
[2025-03-22T12:49:31.767+0500] {processor.py:208} INFO - Processing /home/ruslan/.local/lib/python3.10/site-packages/airflow/example_dags/example_branch_operator_decorator.py took 0.049 seconds
[2025-03-22T12:50:24.169+0500] {processor.py:186} INFO - Started process (PID=7814) to work on /home/ruslan/.local/lib/python3.10/site-packages/airflow/example_dags/example_branch_operator_decorator.py
[2025-03-22T12:50:24.170+0500] {processor.py:914} INFO - Processing file /home/ruslan/.local/lib/python3.10/site-packages/airflow/example_dags/example_branch_operator_decorator.py for tasks to queue
[2025-03-22T12:50:24.171+0500] {logging_mixin.py:190} INFO - [2025-03-22T12:50:24.171+0500] {dagbag.py:588} INFO - Filling up the DagBag from /home/ruslan/.local/lib/python3.10/site-packages/airflow/example_dags/example_branch_operator_decorator.py
[2025-03-22T12:50:24.211+0500] {processor.py:927} WARNING - No viable dags retrieved from /home/ruslan/.local/lib/python3.10/site-packages/airflow/example_dags/example_branch_operator_decorator.py
[2025-03-22T12:50:24.217+0500] {processor.py:208} INFO - Processing /home/ruslan/.local/lib/python3.10/site-packages/airflow/example_dags/example_branch_operator_decorator.py took 0.052 seconds
[2025-03-22T12:50:58.280+0500] {processor.py:186} INFO - Started process (PID=8494) to work on /home/ruslan/.local/lib/python3.10/site-packages/airflow/example_dags/example_branch_operator_decorator.py
[2025-03-22T12:50:58.281+0500] {processor.py:914} INFO - Processing file /home/ruslan/.local/lib/python3.10/site-packages/airflow/example_dags/example_branch_operator_decorator.py for tasks to queue
[2025-03-22T12:50:58.283+0500] {logging_mixin.py:190} INFO - [2025-03-22T12:50:58.282+0500] {dagbag.py:588} INFO - Filling up the DagBag from /home/ruslan/.local/lib/python3.10/site-packages/airflow/example_dags/example_branch_operator_decorator.py
[2025-03-22T12:50:58.311+0500] {processor.py:927} WARNING - No viable dags retrieved from /home/ruslan/.local/lib/python3.10/site-packages/airflow/example_dags/example_branch_operator_decorator.py
[2025-03-22T12:50:58.317+0500] {processor.py:208} INFO - Processing /home/ruslan/.local/lib/python3.10/site-packages/airflow/example_dags/example_branch_operator_decorator.py took 0.040 seconds
