[2025-03-22T10:06:43.112+0500] {processor.py:186} INFO - Started process (PID=17509) to work on /home/ruslan/.local/lib/python3.10/site-packages/airflow/example_dags/example_short_circuit_decorator.py
[2025-03-22T10:06:43.112+0500] {processor.py:914} INFO - Processing file /home/ruslan/.local/lib/python3.10/site-packages/airflow/example_dags/example_short_circuit_decorator.py for tasks to queue
[2025-03-22T10:06:43.113+0500] {logging_mixin.py:190} INFO - [2025-03-22T10:06:43.113+0500] {dagbag.py:588} INFO - Filling up the DagBag from /home/ruslan/.local/lib/python3.10/site-packages/airflow/example_dags/example_short_circuit_decorator.py
[2025-03-22T10:06:43.119+0500] {processor.py:925} INFO - DAG(s) 'example_short_circuit_decorator' retrieved from /home/ruslan/.local/lib/python3.10/site-packages/airflow/example_dags/example_short_circuit_decorator.py
[2025-03-22T10:06:43.181+0500] {logging_mixin.py:190} INFO - [2025-03-22T10:06:43.181+0500] {override.py:1930} INFO - Created Permission View: can delete on DAG:example_short_circuit_decorator
[2025-03-22T10:06:43.190+0500] {logging_mixin.py:190} INFO - [2025-03-22T10:06:43.190+0500] {override.py:1930} INFO - Created Permission View: can read on DAG:example_short_circuit_decorator
[2025-03-22T10:06:43.197+0500] {logging_mixin.py:190} INFO - [2025-03-22T10:06:43.197+0500] {override.py:1930} INFO - Created Permission View: can edit on DAG:example_short_circuit_decorator
[2025-03-22T10:06:43.208+0500] {logging_mixin.py:190} INFO - [2025-03-22T10:06:43.208+0500] {override.py:1930} INFO - Created Permission View: can create on DAG Run:example_short_circuit_decorator
[2025-03-22T10:06:43.215+0500] {logging_mixin.py:190} INFO - [2025-03-22T10:06:43.215+0500] {override.py:1930} INFO - Created Permission View: menu access on DAG Run:example_short_circuit_decorator
[2025-03-22T10:06:43.222+0500] {logging_mixin.py:190} INFO - [2025-03-22T10:06:43.222+0500] {override.py:1930} INFO - Created Permission View: can read on DAG Run:example_short_circuit_decorator
[2025-03-22T10:06:43.229+0500] {logging_mixin.py:190} INFO - [2025-03-22T10:06:43.229+0500] {override.py:1930} INFO - Created Permission View: can delete on DAG Run:example_short_circuit_decorator
[2025-03-22T10:06:43.229+0500] {logging_mixin.py:190} INFO - [2025-03-22T10:06:43.229+0500] {dag.py:3239} INFO - Sync 1 DAGs
[2025-03-22T10:06:43.236+0500] {logging_mixin.py:190} INFO - [2025-03-22T10:06:43.235+0500] {dag.py:3262} INFO - Creating ORM DAG for example_short_circuit_decorator
[2025-03-22T10:06:43.236+0500] {logging_mixin.py:190} INFO - [2025-03-22T10:06:43.236+0500] {dag.py:4180} INFO - Setting next_dagrun for example_short_circuit_decorator to None, run_after=None
[2025-03-22T10:06:43.249+0500] {processor.py:208} INFO - Processing /home/ruslan/.local/lib/python3.10/site-packages/airflow/example_dags/example_short_circuit_decorator.py took 0.141 seconds
[2025-03-22T10:07:46.500+0500] {processor.py:186} INFO - Started process (PID=18228) to work on /home/ruslan/.local/lib/python3.10/site-packages/airflow/example_dags/example_short_circuit_decorator.py
[2025-03-22T10:07:46.500+0500] {processor.py:914} INFO - Processing file /home/ruslan/.local/lib/python3.10/site-packages/airflow/example_dags/example_short_circuit_decorator.py for tasks to queue
[2025-03-22T10:07:46.502+0500] {logging_mixin.py:190} INFO - [2025-03-22T10:07:46.502+0500] {dagbag.py:588} INFO - Filling up the DagBag from /home/ruslan/.local/lib/python3.10/site-packages/airflow/example_dags/example_short_circuit_decorator.py
[2025-03-22T10:07:46.509+0500] {processor.py:925} INFO - DAG(s) 'example_short_circuit_decorator' retrieved from /home/ruslan/.local/lib/python3.10/site-packages/airflow/example_dags/example_short_circuit_decorator.py
[2025-03-22T10:07:46.519+0500] {logging_mixin.py:190} INFO - [2025-03-22T10:07:46.519+0500] {dag.py:3239} INFO - Sync 1 DAGs
[2025-03-22T10:07:46.526+0500] {logging_mixin.py:190} INFO - [2025-03-22T10:07:46.526+0500] {dag.py:4180} INFO - Setting next_dagrun for example_short_circuit_decorator to None, run_after=None
[2025-03-22T10:07:46.541+0500] {processor.py:208} INFO - Processing /home/ruslan/.local/lib/python3.10/site-packages/airflow/example_dags/example_short_circuit_decorator.py took 0.045 seconds
[2025-03-22T10:08:40.606+0500] {processor.py:186} INFO - Started process (PID=18773) to work on /home/ruslan/.local/lib/python3.10/site-packages/airflow/example_dags/example_short_circuit_decorator.py
[2025-03-22T10:08:40.607+0500] {processor.py:914} INFO - Processing file /home/ruslan/.local/lib/python3.10/site-packages/airflow/example_dags/example_short_circuit_decorator.py for tasks to queue
[2025-03-22T10:08:40.608+0500] {logging_mixin.py:190} INFO - [2025-03-22T10:08:40.608+0500] {dagbag.py:588} INFO - Filling up the DagBag from /home/ruslan/.local/lib/python3.10/site-packages/airflow/example_dags/example_short_circuit_decorator.py
[2025-03-22T10:08:40.614+0500] {processor.py:925} INFO - DAG(s) 'example_short_circuit_decorator' retrieved from /home/ruslan/.local/lib/python3.10/site-packages/airflow/example_dags/example_short_circuit_decorator.py
[2025-03-22T10:08:40.624+0500] {logging_mixin.py:190} INFO - [2025-03-22T10:08:40.624+0500] {dag.py:3239} INFO - Sync 1 DAGs
[2025-03-22T10:08:40.631+0500] {logging_mixin.py:190} INFO - [2025-03-22T10:08:40.631+0500] {dag.py:4180} INFO - Setting next_dagrun for example_short_circuit_decorator to None, run_after=None
[2025-03-22T10:08:40.646+0500] {processor.py:208} INFO - Processing /home/ruslan/.local/lib/python3.10/site-packages/airflow/example_dags/example_short_circuit_decorator.py took 0.044 seconds
[2025-03-22T10:09:34.167+0500] {processor.py:186} INFO - Started process (PID=19361) to work on /home/ruslan/.local/lib/python3.10/site-packages/airflow/example_dags/example_short_circuit_decorator.py
[2025-03-22T10:09:34.168+0500] {processor.py:914} INFO - Processing file /home/ruslan/.local/lib/python3.10/site-packages/airflow/example_dags/example_short_circuit_decorator.py for tasks to queue
[2025-03-22T10:09:34.170+0500] {logging_mixin.py:190} INFO - [2025-03-22T10:09:34.170+0500] {dagbag.py:588} INFO - Filling up the DagBag from /home/ruslan/.local/lib/python3.10/site-packages/airflow/example_dags/example_short_circuit_decorator.py
[2025-03-22T10:09:34.176+0500] {processor.py:925} INFO - DAG(s) 'example_short_circuit_decorator' retrieved from /home/ruslan/.local/lib/python3.10/site-packages/airflow/example_dags/example_short_circuit_decorator.py
[2025-03-22T10:09:34.186+0500] {logging_mixin.py:190} INFO - [2025-03-22T10:09:34.186+0500] {dag.py:3239} INFO - Sync 1 DAGs
[2025-03-22T10:09:34.193+0500] {logging_mixin.py:190} INFO - [2025-03-22T10:09:34.193+0500] {dag.py:4180} INFO - Setting next_dagrun for example_short_circuit_decorator to None, run_after=None
[2025-03-22T10:09:34.208+0500] {processor.py:208} INFO - Processing /home/ruslan/.local/lib/python3.10/site-packages/airflow/example_dags/example_short_circuit_decorator.py took 0.045 seconds
[2025-03-22T10:10:30.111+0500] {processor.py:186} INFO - Started process (PID=19884) to work on /home/ruslan/.local/lib/python3.10/site-packages/airflow/example_dags/example_short_circuit_decorator.py
[2025-03-22T10:10:30.112+0500] {processor.py:914} INFO - Processing file /home/ruslan/.local/lib/python3.10/site-packages/airflow/example_dags/example_short_circuit_decorator.py for tasks to queue
[2025-03-22T10:10:30.114+0500] {logging_mixin.py:190} INFO - [2025-03-22T10:10:30.113+0500] {dagbag.py:588} INFO - Filling up the DagBag from /home/ruslan/.local/lib/python3.10/site-packages/airflow/example_dags/example_short_circuit_decorator.py
[2025-03-22T10:10:30.121+0500] {processor.py:925} INFO - DAG(s) 'example_short_circuit_decorator' retrieved from /home/ruslan/.local/lib/python3.10/site-packages/airflow/example_dags/example_short_circuit_decorator.py
[2025-03-22T10:10:30.134+0500] {logging_mixin.py:190} INFO - [2025-03-22T10:10:30.134+0500] {dag.py:3239} INFO - Sync 1 DAGs
[2025-03-22T10:10:30.143+0500] {logging_mixin.py:190} INFO - [2025-03-22T10:10:30.142+0500] {dag.py:4180} INFO - Setting next_dagrun for example_short_circuit_decorator to None, run_after=None
[2025-03-22T10:10:30.160+0500] {processor.py:208} INFO - Processing /home/ruslan/.local/lib/python3.10/site-packages/airflow/example_dags/example_short_circuit_decorator.py took 0.054 seconds
[2025-03-22T10:11:23.972+0500] {processor.py:186} INFO - Started process (PID=20473) to work on /home/ruslan/.local/lib/python3.10/site-packages/airflow/example_dags/example_short_circuit_decorator.py
[2025-03-22T10:11:23.973+0500] {processor.py:914} INFO - Processing file /home/ruslan/.local/lib/python3.10/site-packages/airflow/example_dags/example_short_circuit_decorator.py for tasks to queue
[2025-03-22T10:11:23.974+0500] {logging_mixin.py:190} INFO - [2025-03-22T10:11:23.974+0500] {dagbag.py:588} INFO - Filling up the DagBag from /home/ruslan/.local/lib/python3.10/site-packages/airflow/example_dags/example_short_circuit_decorator.py
[2025-03-22T10:11:23.980+0500] {processor.py:925} INFO - DAG(s) 'example_short_circuit_decorator' retrieved from /home/ruslan/.local/lib/python3.10/site-packages/airflow/example_dags/example_short_circuit_decorator.py
[2025-03-22T10:11:23.990+0500] {logging_mixin.py:190} INFO - [2025-03-22T10:11:23.990+0500] {dag.py:3239} INFO - Sync 1 DAGs
[2025-03-22T10:11:23.996+0500] {logging_mixin.py:190} INFO - [2025-03-22T10:11:23.996+0500] {dag.py:4180} INFO - Setting next_dagrun for example_short_circuit_decorator to None, run_after=None
[2025-03-22T10:11:24.012+0500] {processor.py:208} INFO - Processing /home/ruslan/.local/lib/python3.10/site-packages/airflow/example_dags/example_short_circuit_decorator.py took 0.044 seconds
[2025-03-22T10:12:14.622+0500] {processor.py:186} INFO - Started process (PID=20965) to work on /home/ruslan/.local/lib/python3.10/site-packages/airflow/example_dags/example_short_circuit_decorator.py
[2025-03-22T10:12:14.624+0500] {processor.py:914} INFO - Processing file /home/ruslan/.local/lib/python3.10/site-packages/airflow/example_dags/example_short_circuit_decorator.py for tasks to queue
[2025-03-22T10:12:14.626+0500] {logging_mixin.py:190} INFO - [2025-03-22T10:12:14.626+0500] {dagbag.py:588} INFO - Filling up the DagBag from /home/ruslan/.local/lib/python3.10/site-packages/airflow/example_dags/example_short_circuit_decorator.py
[2025-03-22T10:12:14.640+0500] {processor.py:925} INFO - DAG(s) 'example_short_circuit_decorator' retrieved from /home/ruslan/.local/lib/python3.10/site-packages/airflow/example_dags/example_short_circuit_decorator.py
[2025-03-22T10:12:14.656+0500] {logging_mixin.py:190} INFO - [2025-03-22T10:12:14.656+0500] {dag.py:3239} INFO - Sync 1 DAGs
[2025-03-22T10:12:14.667+0500] {logging_mixin.py:190} INFO - [2025-03-22T10:12:14.666+0500] {dag.py:4180} INFO - Setting next_dagrun for example_short_circuit_decorator to None, run_after=None
[2025-03-22T10:12:14.684+0500] {processor.py:208} INFO - Processing /home/ruslan/.local/lib/python3.10/site-packages/airflow/example_dags/example_short_circuit_decorator.py took 0.067 seconds
[2025-03-22T10:13:05.828+0500] {processor.py:186} INFO - Started process (PID=21551) to work on /home/ruslan/.local/lib/python3.10/site-packages/airflow/example_dags/example_short_circuit_decorator.py
[2025-03-22T10:13:05.829+0500] {processor.py:914} INFO - Processing file /home/ruslan/.local/lib/python3.10/site-packages/airflow/example_dags/example_short_circuit_decorator.py for tasks to queue
[2025-03-22T10:13:05.830+0500] {logging_mixin.py:190} INFO - [2025-03-22T10:13:05.830+0500] {dagbag.py:588} INFO - Filling up the DagBag from /home/ruslan/.local/lib/python3.10/site-packages/airflow/example_dags/example_short_circuit_decorator.py
[2025-03-22T10:13:05.837+0500] {processor.py:925} INFO - DAG(s) 'example_short_circuit_decorator' retrieved from /home/ruslan/.local/lib/python3.10/site-packages/airflow/example_dags/example_short_circuit_decorator.py
[2025-03-22T10:13:05.847+0500] {logging_mixin.py:190} INFO - [2025-03-22T10:13:05.847+0500] {dag.py:3239} INFO - Sync 1 DAGs
[2025-03-22T10:13:05.855+0500] {logging_mixin.py:190} INFO - [2025-03-22T10:13:05.854+0500] {dag.py:4180} INFO - Setting next_dagrun for example_short_circuit_decorator to None, run_after=None
[2025-03-22T10:13:05.872+0500] {processor.py:208} INFO - Processing /home/ruslan/.local/lib/python3.10/site-packages/airflow/example_dags/example_short_circuit_decorator.py took 0.047 seconds
[2025-03-22T10:13:58.835+0500] {processor.py:186} INFO - Started process (PID=22064) to work on /home/ruslan/.local/lib/python3.10/site-packages/airflow/example_dags/example_short_circuit_decorator.py
[2025-03-22T10:13:58.836+0500] {processor.py:914} INFO - Processing file /home/ruslan/.local/lib/python3.10/site-packages/airflow/example_dags/example_short_circuit_decorator.py for tasks to queue
[2025-03-22T10:13:58.838+0500] {logging_mixin.py:190} INFO - [2025-03-22T10:13:58.838+0500] {dagbag.py:588} INFO - Filling up the DagBag from /home/ruslan/.local/lib/python3.10/site-packages/airflow/example_dags/example_short_circuit_decorator.py
[2025-03-22T10:13:58.844+0500] {processor.py:925} INFO - DAG(s) 'example_short_circuit_decorator' retrieved from /home/ruslan/.local/lib/python3.10/site-packages/airflow/example_dags/example_short_circuit_decorator.py
[2025-03-22T10:13:58.855+0500] {logging_mixin.py:190} INFO - [2025-03-22T10:13:58.855+0500] {dag.py:3239} INFO - Sync 1 DAGs
[2025-03-22T10:13:58.862+0500] {logging_mixin.py:190} INFO - [2025-03-22T10:13:58.862+0500] {dag.py:4180} INFO - Setting next_dagrun for example_short_circuit_decorator to None, run_after=None
[2025-03-22T10:13:58.878+0500] {processor.py:208} INFO - Processing /home/ruslan/.local/lib/python3.10/site-packages/airflow/example_dags/example_short_circuit_decorator.py took 0.047 seconds
[2025-03-22T10:14:51.332+0500] {processor.py:186} INFO - Started process (PID=22652) to work on /home/ruslan/.local/lib/python3.10/site-packages/airflow/example_dags/example_short_circuit_decorator.py
[2025-03-22T10:14:51.333+0500] {processor.py:914} INFO - Processing file /home/ruslan/.local/lib/python3.10/site-packages/airflow/example_dags/example_short_circuit_decorator.py for tasks to queue
[2025-03-22T10:14:51.335+0500] {logging_mixin.py:190} INFO - [2025-03-22T10:14:51.335+0500] {dagbag.py:588} INFO - Filling up the DagBag from /home/ruslan/.local/lib/python3.10/site-packages/airflow/example_dags/example_short_circuit_decorator.py
[2025-03-22T10:14:51.341+0500] {processor.py:925} INFO - DAG(s) 'example_short_circuit_decorator' retrieved from /home/ruslan/.local/lib/python3.10/site-packages/airflow/example_dags/example_short_circuit_decorator.py
[2025-03-22T10:14:51.351+0500] {logging_mixin.py:190} INFO - [2025-03-22T10:14:51.351+0500] {dag.py:3239} INFO - Sync 1 DAGs
[2025-03-22T10:14:51.358+0500] {logging_mixin.py:190} INFO - [2025-03-22T10:14:51.358+0500] {dag.py:4180} INFO - Setting next_dagrun for example_short_circuit_decorator to None, run_after=None
[2025-03-22T10:14:51.374+0500] {processor.py:208} INFO - Processing /home/ruslan/.local/lib/python3.10/site-packages/airflow/example_dags/example_short_circuit_decorator.py took 0.045 seconds
[2025-03-22T10:15:44.832+0500] {processor.py:186} INFO - Started process (PID=23161) to work on /home/ruslan/.local/lib/python3.10/site-packages/airflow/example_dags/example_short_circuit_decorator.py
[2025-03-22T10:15:44.833+0500] {processor.py:914} INFO - Processing file /home/ruslan/.local/lib/python3.10/site-packages/airflow/example_dags/example_short_circuit_decorator.py for tasks to queue
[2025-03-22T10:15:44.834+0500] {logging_mixin.py:190} INFO - [2025-03-22T10:15:44.834+0500] {dagbag.py:588} INFO - Filling up the DagBag from /home/ruslan/.local/lib/python3.10/site-packages/airflow/example_dags/example_short_circuit_decorator.py
[2025-03-22T10:15:44.840+0500] {processor.py:925} INFO - DAG(s) 'example_short_circuit_decorator' retrieved from /home/ruslan/.local/lib/python3.10/site-packages/airflow/example_dags/example_short_circuit_decorator.py
[2025-03-22T10:15:44.852+0500] {logging_mixin.py:190} INFO - [2025-03-22T10:15:44.852+0500] {dag.py:3239} INFO - Sync 1 DAGs
[2025-03-22T10:15:44.859+0500] {logging_mixin.py:190} INFO - [2025-03-22T10:15:44.859+0500] {dag.py:4180} INFO - Setting next_dagrun for example_short_circuit_decorator to None, run_after=None
[2025-03-22T10:15:44.875+0500] {processor.py:208} INFO - Processing /home/ruslan/.local/lib/python3.10/site-packages/airflow/example_dags/example_short_circuit_decorator.py took 0.047 seconds
[2025-03-22T10:16:33.926+0500] {processor.py:186} INFO - Started process (PID=23729) to work on /home/ruslan/.local/lib/python3.10/site-packages/airflow/example_dags/example_short_circuit_decorator.py
[2025-03-22T10:16:33.927+0500] {processor.py:914} INFO - Processing file /home/ruslan/.local/lib/python3.10/site-packages/airflow/example_dags/example_short_circuit_decorator.py for tasks to queue
[2025-03-22T10:16:33.929+0500] {logging_mixin.py:190} INFO - [2025-03-22T10:16:33.928+0500] {dagbag.py:588} INFO - Filling up the DagBag from /home/ruslan/.local/lib/python3.10/site-packages/airflow/example_dags/example_short_circuit_decorator.py
[2025-03-22T10:16:33.935+0500] {processor.py:925} INFO - DAG(s) 'example_short_circuit_decorator' retrieved from /home/ruslan/.local/lib/python3.10/site-packages/airflow/example_dags/example_short_circuit_decorator.py
[2025-03-22T10:16:33.944+0500] {logging_mixin.py:190} INFO - [2025-03-22T10:16:33.944+0500] {dag.py:3239} INFO - Sync 1 DAGs
[2025-03-22T10:16:33.951+0500] {logging_mixin.py:190} INFO - [2025-03-22T10:16:33.951+0500] {dag.py:4180} INFO - Setting next_dagrun for example_short_circuit_decorator to None, run_after=None
[2025-03-22T10:16:33.966+0500] {processor.py:208} INFO - Processing /home/ruslan/.local/lib/python3.10/site-packages/airflow/example_dags/example_short_circuit_decorator.py took 0.043 seconds
[2025-03-22T10:17:24.110+0500] {processor.py:186} INFO - Started process (PID=24250) to work on /home/ruslan/.local/lib/python3.10/site-packages/airflow/example_dags/example_short_circuit_decorator.py
[2025-03-22T10:17:24.111+0500] {processor.py:914} INFO - Processing file /home/ruslan/.local/lib/python3.10/site-packages/airflow/example_dags/example_short_circuit_decorator.py for tasks to queue
[2025-03-22T10:17:24.113+0500] {logging_mixin.py:190} INFO - [2025-03-22T10:17:24.112+0500] {dagbag.py:588} INFO - Filling up the DagBag from /home/ruslan/.local/lib/python3.10/site-packages/airflow/example_dags/example_short_circuit_decorator.py
[2025-03-22T10:17:24.118+0500] {processor.py:925} INFO - DAG(s) 'example_short_circuit_decorator' retrieved from /home/ruslan/.local/lib/python3.10/site-packages/airflow/example_dags/example_short_circuit_decorator.py
[2025-03-22T10:17:24.128+0500] {logging_mixin.py:190} INFO - [2025-03-22T10:17:24.128+0500] {dag.py:3239} INFO - Sync 1 DAGs
[2025-03-22T10:17:24.135+0500] {logging_mixin.py:190} INFO - [2025-03-22T10:17:24.135+0500] {dag.py:4180} INFO - Setting next_dagrun for example_short_circuit_decorator to None, run_after=None
[2025-03-22T10:17:24.149+0500] {processor.py:208} INFO - Processing /home/ruslan/.local/lib/python3.10/site-packages/airflow/example_dags/example_short_circuit_decorator.py took 0.043 seconds
[2025-03-22T10:18:16.728+0500] {processor.py:186} INFO - Started process (PID=24752) to work on /home/ruslan/.local/lib/python3.10/site-packages/airflow/example_dags/example_short_circuit_decorator.py
[2025-03-22T10:18:16.729+0500] {processor.py:914} INFO - Processing file /home/ruslan/.local/lib/python3.10/site-packages/airflow/example_dags/example_short_circuit_decorator.py for tasks to queue
[2025-03-22T10:18:16.731+0500] {logging_mixin.py:190} INFO - [2025-03-22T10:18:16.731+0500] {dagbag.py:588} INFO - Filling up the DagBag from /home/ruslan/.local/lib/python3.10/site-packages/airflow/example_dags/example_short_circuit_decorator.py
[2025-03-22T10:18:16.737+0500] {processor.py:925} INFO - DAG(s) 'example_short_circuit_decorator' retrieved from /home/ruslan/.local/lib/python3.10/site-packages/airflow/example_dags/example_short_circuit_decorator.py
[2025-03-22T10:18:16.748+0500] {logging_mixin.py:190} INFO - [2025-03-22T10:18:16.748+0500] {dag.py:3239} INFO - Sync 1 DAGs
[2025-03-22T10:18:16.756+0500] {logging_mixin.py:190} INFO - [2025-03-22T10:18:16.755+0500] {dag.py:4180} INFO - Setting next_dagrun for example_short_circuit_decorator to None, run_after=None
[2025-03-22T10:18:16.771+0500] {processor.py:208} INFO - Processing /home/ruslan/.local/lib/python3.10/site-packages/airflow/example_dags/example_short_circuit_decorator.py took 0.046 seconds
[2025-03-22T10:19:06.756+0500] {processor.py:186} INFO - Started process (PID=25351) to work on /home/ruslan/.local/lib/python3.10/site-packages/airflow/example_dags/example_short_circuit_decorator.py
[2025-03-22T10:19:06.757+0500] {processor.py:914} INFO - Processing file /home/ruslan/.local/lib/python3.10/site-packages/airflow/example_dags/example_short_circuit_decorator.py for tasks to queue
[2025-03-22T10:19:06.758+0500] {logging_mixin.py:190} INFO - [2025-03-22T10:19:06.758+0500] {dagbag.py:588} INFO - Filling up the DagBag from /home/ruslan/.local/lib/python3.10/site-packages/airflow/example_dags/example_short_circuit_decorator.py
[2025-03-22T10:19:06.764+0500] {processor.py:925} INFO - DAG(s) 'example_short_circuit_decorator' retrieved from /home/ruslan/.local/lib/python3.10/site-packages/airflow/example_dags/example_short_circuit_decorator.py
[2025-03-22T10:19:06.774+0500] {logging_mixin.py:190} INFO - [2025-03-22T10:19:06.774+0500] {dag.py:3239} INFO - Sync 1 DAGs
[2025-03-22T10:19:06.781+0500] {logging_mixin.py:190} INFO - [2025-03-22T10:19:06.781+0500] {dag.py:4180} INFO - Setting next_dagrun for example_short_circuit_decorator to None, run_after=None
[2025-03-22T10:19:06.796+0500] {processor.py:208} INFO - Processing /home/ruslan/.local/lib/python3.10/site-packages/airflow/example_dags/example_short_circuit_decorator.py took 0.043 seconds
[2025-03-22T10:19:58.426+0500] {processor.py:186} INFO - Started process (PID=25863) to work on /home/ruslan/.local/lib/python3.10/site-packages/airflow/example_dags/example_short_circuit_decorator.py
[2025-03-22T10:19:58.427+0500] {processor.py:914} INFO - Processing file /home/ruslan/.local/lib/python3.10/site-packages/airflow/example_dags/example_short_circuit_decorator.py for tasks to queue
[2025-03-22T10:19:58.429+0500] {logging_mixin.py:190} INFO - [2025-03-22T10:19:58.429+0500] {dagbag.py:588} INFO - Filling up the DagBag from /home/ruslan/.local/lib/python3.10/site-packages/airflow/example_dags/example_short_circuit_decorator.py
[2025-03-22T10:19:58.436+0500] {processor.py:925} INFO - DAG(s) 'example_short_circuit_decorator' retrieved from /home/ruslan/.local/lib/python3.10/site-packages/airflow/example_dags/example_short_circuit_decorator.py
[2025-03-22T10:19:58.447+0500] {logging_mixin.py:190} INFO - [2025-03-22T10:19:58.446+0500] {dag.py:3239} INFO - Sync 1 DAGs
[2025-03-22T10:19:58.454+0500] {logging_mixin.py:190} INFO - [2025-03-22T10:19:58.454+0500] {dag.py:4180} INFO - Setting next_dagrun for example_short_circuit_decorator to None, run_after=None
[2025-03-22T10:19:58.469+0500] {processor.py:208} INFO - Processing /home/ruslan/.local/lib/python3.10/site-packages/airflow/example_dags/example_short_circuit_decorator.py took 0.047 seconds
[2025-03-22T10:20:49.456+0500] {processor.py:186} INFO - Started process (PID=26466) to work on /home/ruslan/.local/lib/python3.10/site-packages/airflow/example_dags/example_short_circuit_decorator.py
[2025-03-22T10:20:49.458+0500] {processor.py:914} INFO - Processing file /home/ruslan/.local/lib/python3.10/site-packages/airflow/example_dags/example_short_circuit_decorator.py for tasks to queue
[2025-03-22T10:20:49.459+0500] {logging_mixin.py:190} INFO - [2025-03-22T10:20:49.459+0500] {dagbag.py:588} INFO - Filling up the DagBag from /home/ruslan/.local/lib/python3.10/site-packages/airflow/example_dags/example_short_circuit_decorator.py
[2025-03-22T10:20:49.465+0500] {processor.py:925} INFO - DAG(s) 'example_short_circuit_decorator' retrieved from /home/ruslan/.local/lib/python3.10/site-packages/airflow/example_dags/example_short_circuit_decorator.py
[2025-03-22T10:20:49.476+0500] {logging_mixin.py:190} INFO - [2025-03-22T10:20:49.476+0500] {dag.py:3239} INFO - Sync 1 DAGs
[2025-03-22T10:20:49.483+0500] {logging_mixin.py:190} INFO - [2025-03-22T10:20:49.483+0500] {dag.py:4180} INFO - Setting next_dagrun for example_short_circuit_decorator to None, run_after=None
[2025-03-22T10:20:49.499+0500] {processor.py:208} INFO - Processing /home/ruslan/.local/lib/python3.10/site-packages/airflow/example_dags/example_short_circuit_decorator.py took 0.046 seconds
[2025-03-22T10:21:44.113+0500] {processor.py:186} INFO - Started process (PID=26976) to work on /home/ruslan/.local/lib/python3.10/site-packages/airflow/example_dags/example_short_circuit_decorator.py
[2025-03-22T10:21:44.114+0500] {processor.py:914} INFO - Processing file /home/ruslan/.local/lib/python3.10/site-packages/airflow/example_dags/example_short_circuit_decorator.py for tasks to queue
[2025-03-22T10:21:44.115+0500] {logging_mixin.py:190} INFO - [2025-03-22T10:21:44.115+0500] {dagbag.py:588} INFO - Filling up the DagBag from /home/ruslan/.local/lib/python3.10/site-packages/airflow/example_dags/example_short_circuit_decorator.py
[2025-03-22T10:21:44.121+0500] {processor.py:925} INFO - DAG(s) 'example_short_circuit_decorator' retrieved from /home/ruslan/.local/lib/python3.10/site-packages/airflow/example_dags/example_short_circuit_decorator.py
[2025-03-22T10:21:44.132+0500] {logging_mixin.py:190} INFO - [2025-03-22T10:21:44.131+0500] {dag.py:3239} INFO - Sync 1 DAGs
[2025-03-22T10:21:44.139+0500] {logging_mixin.py:190} INFO - [2025-03-22T10:21:44.139+0500] {dag.py:4180} INFO - Setting next_dagrun for example_short_circuit_decorator to None, run_after=None
[2025-03-22T10:21:44.155+0500] {processor.py:208} INFO - Processing /home/ruslan/.local/lib/python3.10/site-packages/airflow/example_dags/example_short_circuit_decorator.py took 0.046 seconds
[2025-03-22T10:22:37.568+0500] {processor.py:186} INFO - Started process (PID=27582) to work on /home/ruslan/.local/lib/python3.10/site-packages/airflow/example_dags/example_short_circuit_decorator.py
[2025-03-22T10:22:37.569+0500] {processor.py:914} INFO - Processing file /home/ruslan/.local/lib/python3.10/site-packages/airflow/example_dags/example_short_circuit_decorator.py for tasks to queue
[2025-03-22T10:22:37.571+0500] {logging_mixin.py:190} INFO - [2025-03-22T10:22:37.570+0500] {dagbag.py:588} INFO - Filling up the DagBag from /home/ruslan/.local/lib/python3.10/site-packages/airflow/example_dags/example_short_circuit_decorator.py
[2025-03-22T10:22:37.577+0500] {processor.py:925} INFO - DAG(s) 'example_short_circuit_decorator' retrieved from /home/ruslan/.local/lib/python3.10/site-packages/airflow/example_dags/example_short_circuit_decorator.py
[2025-03-22T10:22:37.587+0500] {logging_mixin.py:190} INFO - [2025-03-22T10:22:37.587+0500] {dag.py:3239} INFO - Sync 1 DAGs
[2025-03-22T10:22:37.594+0500] {logging_mixin.py:190} INFO - [2025-03-22T10:22:37.594+0500] {dag.py:4180} INFO - Setting next_dagrun for example_short_circuit_decorator to None, run_after=None
[2025-03-22T10:22:37.609+0500] {processor.py:208} INFO - Processing /home/ruslan/.local/lib/python3.10/site-packages/airflow/example_dags/example_short_circuit_decorator.py took 0.044 seconds
[2025-03-22T10:23:29.492+0500] {processor.py:186} INFO - Started process (PID=28119) to work on /home/ruslan/.local/lib/python3.10/site-packages/airflow/example_dags/example_short_circuit_decorator.py
[2025-03-22T10:23:29.493+0500] {processor.py:914} INFO - Processing file /home/ruslan/.local/lib/python3.10/site-packages/airflow/example_dags/example_short_circuit_decorator.py for tasks to queue
[2025-03-22T10:23:29.494+0500] {logging_mixin.py:190} INFO - [2025-03-22T10:23:29.494+0500] {dagbag.py:588} INFO - Filling up the DagBag from /home/ruslan/.local/lib/python3.10/site-packages/airflow/example_dags/example_short_circuit_decorator.py
[2025-03-22T10:23:29.500+0500] {processor.py:925} INFO - DAG(s) 'example_short_circuit_decorator' retrieved from /home/ruslan/.local/lib/python3.10/site-packages/airflow/example_dags/example_short_circuit_decorator.py
[2025-03-22T10:23:29.511+0500] {logging_mixin.py:190} INFO - [2025-03-22T10:23:29.511+0500] {dag.py:3239} INFO - Sync 1 DAGs
[2025-03-22T10:23:29.518+0500] {logging_mixin.py:190} INFO - [2025-03-22T10:23:29.518+0500] {dag.py:4180} INFO - Setting next_dagrun for example_short_circuit_decorator to None, run_after=None
[2025-03-22T10:23:29.532+0500] {processor.py:208} INFO - Processing /home/ruslan/.local/lib/python3.10/site-packages/airflow/example_dags/example_short_circuit_decorator.py took 0.044 seconds
[2025-03-22T10:24:22.407+0500] {processor.py:186} INFO - Started process (PID=28723) to work on /home/ruslan/.local/lib/python3.10/site-packages/airflow/example_dags/example_short_circuit_decorator.py
[2025-03-22T10:24:22.408+0500] {processor.py:914} INFO - Processing file /home/ruslan/.local/lib/python3.10/site-packages/airflow/example_dags/example_short_circuit_decorator.py for tasks to queue
[2025-03-22T10:24:22.410+0500] {logging_mixin.py:190} INFO - [2025-03-22T10:24:22.409+0500] {dagbag.py:588} INFO - Filling up the DagBag from /home/ruslan/.local/lib/python3.10/site-packages/airflow/example_dags/example_short_circuit_decorator.py
[2025-03-22T10:24:22.416+0500] {processor.py:925} INFO - DAG(s) 'example_short_circuit_decorator' retrieved from /home/ruslan/.local/lib/python3.10/site-packages/airflow/example_dags/example_short_circuit_decorator.py
[2025-03-22T10:24:22.427+0500] {logging_mixin.py:190} INFO - [2025-03-22T10:24:22.427+0500] {dag.py:3239} INFO - Sync 1 DAGs
[2025-03-22T10:24:22.435+0500] {logging_mixin.py:190} INFO - [2025-03-22T10:24:22.435+0500] {dag.py:4180} INFO - Setting next_dagrun for example_short_circuit_decorator to None, run_after=None
[2025-03-22T10:24:22.450+0500] {processor.py:208} INFO - Processing /home/ruslan/.local/lib/python3.10/site-packages/airflow/example_dags/example_short_circuit_decorator.py took 0.047 seconds
[2025-03-22T10:25:10.581+0500] {processor.py:186} INFO - Started process (PID=29225) to work on /home/ruslan/.local/lib/python3.10/site-packages/airflow/example_dags/example_short_circuit_decorator.py
[2025-03-22T10:25:10.583+0500] {processor.py:914} INFO - Processing file /home/ruslan/.local/lib/python3.10/site-packages/airflow/example_dags/example_short_circuit_decorator.py for tasks to queue
[2025-03-22T10:25:10.584+0500] {logging_mixin.py:190} INFO - [2025-03-22T10:25:10.584+0500] {dagbag.py:588} INFO - Filling up the DagBag from /home/ruslan/.local/lib/python3.10/site-packages/airflow/example_dags/example_short_circuit_decorator.py
[2025-03-22T10:25:10.590+0500] {processor.py:925} INFO - DAG(s) 'example_short_circuit_decorator' retrieved from /home/ruslan/.local/lib/python3.10/site-packages/airflow/example_dags/example_short_circuit_decorator.py
[2025-03-22T10:25:10.601+0500] {logging_mixin.py:190} INFO - [2025-03-22T10:25:10.601+0500] {dag.py:3239} INFO - Sync 1 DAGs
[2025-03-22T10:25:10.608+0500] {logging_mixin.py:190} INFO - [2025-03-22T10:25:10.608+0500] {dag.py:4180} INFO - Setting next_dagrun for example_short_circuit_decorator to None, run_after=None
[2025-03-22T10:25:10.623+0500] {processor.py:208} INFO - Processing /home/ruslan/.local/lib/python3.10/site-packages/airflow/example_dags/example_short_circuit_decorator.py took 0.046 seconds
[2025-03-22T10:26:02.523+0500] {processor.py:186} INFO - Started process (PID=29756) to work on /home/ruslan/.local/lib/python3.10/site-packages/airflow/example_dags/example_short_circuit_decorator.py
[2025-03-22T10:26:02.524+0500] {processor.py:914} INFO - Processing file /home/ruslan/.local/lib/python3.10/site-packages/airflow/example_dags/example_short_circuit_decorator.py for tasks to queue
[2025-03-22T10:26:02.526+0500] {logging_mixin.py:190} INFO - [2025-03-22T10:26:02.526+0500] {dagbag.py:588} INFO - Filling up the DagBag from /home/ruslan/.local/lib/python3.10/site-packages/airflow/example_dags/example_short_circuit_decorator.py
[2025-03-22T10:26:02.531+0500] {processor.py:925} INFO - DAG(s) 'example_short_circuit_decorator' retrieved from /home/ruslan/.local/lib/python3.10/site-packages/airflow/example_dags/example_short_circuit_decorator.py
[2025-03-22T10:26:02.541+0500] {logging_mixin.py:190} INFO - [2025-03-22T10:26:02.541+0500] {dag.py:3239} INFO - Sync 1 DAGs
[2025-03-22T10:26:02.548+0500] {logging_mixin.py:190} INFO - [2025-03-22T10:26:02.548+0500] {dag.py:4180} INFO - Setting next_dagrun for example_short_circuit_decorator to None, run_after=None
[2025-03-22T10:26:02.563+0500] {processor.py:208} INFO - Processing /home/ruslan/.local/lib/python3.10/site-packages/airflow/example_dags/example_short_circuit_decorator.py took 0.043 seconds
[2025-03-22T10:26:54.770+0500] {processor.py:186} INFO - Started process (PID=30825) to work on /home/ruslan/.local/lib/python3.10/site-packages/airflow/example_dags/example_short_circuit_decorator.py
[2025-03-22T10:26:54.771+0500] {processor.py:914} INFO - Processing file /home/ruslan/.local/lib/python3.10/site-packages/airflow/example_dags/example_short_circuit_decorator.py for tasks to queue
[2025-03-22T10:26:54.772+0500] {logging_mixin.py:190} INFO - [2025-03-22T10:26:54.772+0500] {dagbag.py:588} INFO - Filling up the DagBag from /home/ruslan/.local/lib/python3.10/site-packages/airflow/example_dags/example_short_circuit_decorator.py
[2025-03-22T10:26:54.779+0500] {processor.py:925} INFO - DAG(s) 'example_short_circuit_decorator' retrieved from /home/ruslan/.local/lib/python3.10/site-packages/airflow/example_dags/example_short_circuit_decorator.py
[2025-03-22T10:26:54.789+0500] {logging_mixin.py:190} INFO - [2025-03-22T10:26:54.789+0500] {dag.py:3239} INFO - Sync 1 DAGs
[2025-03-22T10:26:54.796+0500] {logging_mixin.py:190} INFO - [2025-03-22T10:26:54.796+0500] {dag.py:4180} INFO - Setting next_dagrun for example_short_circuit_decorator to None, run_after=None
[2025-03-22T10:26:54.811+0500] {processor.py:208} INFO - Processing /home/ruslan/.local/lib/python3.10/site-packages/airflow/example_dags/example_short_circuit_decorator.py took 0.045 seconds
[2025-03-22T10:27:46.110+0500] {processor.py:186} INFO - Started process (PID=31415) to work on /home/ruslan/.local/lib/python3.10/site-packages/airflow/example_dags/example_short_circuit_decorator.py
[2025-03-22T10:27:46.111+0500] {processor.py:914} INFO - Processing file /home/ruslan/.local/lib/python3.10/site-packages/airflow/example_dags/example_short_circuit_decorator.py for tasks to queue
[2025-03-22T10:27:46.113+0500] {logging_mixin.py:190} INFO - [2025-03-22T10:27:46.112+0500] {dagbag.py:588} INFO - Filling up the DagBag from /home/ruslan/.local/lib/python3.10/site-packages/airflow/example_dags/example_short_circuit_decorator.py
[2025-03-22T10:27:46.119+0500] {processor.py:925} INFO - DAG(s) 'example_short_circuit_decorator' retrieved from /home/ruslan/.local/lib/python3.10/site-packages/airflow/example_dags/example_short_circuit_decorator.py
[2025-03-22T10:27:46.130+0500] {logging_mixin.py:190} INFO - [2025-03-22T10:27:46.130+0500] {dag.py:3239} INFO - Sync 1 DAGs
[2025-03-22T10:27:46.137+0500] {logging_mixin.py:190} INFO - [2025-03-22T10:27:46.137+0500] {dag.py:4180} INFO - Setting next_dagrun for example_short_circuit_decorator to None, run_after=None
[2025-03-22T10:27:46.152+0500] {processor.py:208} INFO - Processing /home/ruslan/.local/lib/python3.10/site-packages/airflow/example_dags/example_short_circuit_decorator.py took 0.045 seconds
[2025-03-22T10:28:37.956+0500] {processor.py:186} INFO - Started process (PID=32064) to work on /home/ruslan/.local/lib/python3.10/site-packages/airflow/example_dags/example_short_circuit_decorator.py
[2025-03-22T10:28:37.957+0500] {processor.py:914} INFO - Processing file /home/ruslan/.local/lib/python3.10/site-packages/airflow/example_dags/example_short_circuit_decorator.py for tasks to queue
[2025-03-22T10:28:37.958+0500] {logging_mixin.py:190} INFO - [2025-03-22T10:28:37.958+0500] {dagbag.py:588} INFO - Filling up the DagBag from /home/ruslan/.local/lib/python3.10/site-packages/airflow/example_dags/example_short_circuit_decorator.py
[2025-03-22T10:28:37.965+0500] {processor.py:925} INFO - DAG(s) 'example_short_circuit_decorator' retrieved from /home/ruslan/.local/lib/python3.10/site-packages/airflow/example_dags/example_short_circuit_decorator.py
[2025-03-22T10:28:37.976+0500] {logging_mixin.py:190} INFO - [2025-03-22T10:28:37.976+0500] {dag.py:3239} INFO - Sync 1 DAGs
[2025-03-22T10:28:37.983+0500] {logging_mixin.py:190} INFO - [2025-03-22T10:28:37.983+0500] {dag.py:4180} INFO - Setting next_dagrun for example_short_circuit_decorator to None, run_after=None
[2025-03-22T10:28:37.998+0500] {processor.py:208} INFO - Processing /home/ruslan/.local/lib/python3.10/site-packages/airflow/example_dags/example_short_circuit_decorator.py took 0.046 seconds
[2025-03-22T10:29:32.169+0500] {processor.py:186} INFO - Started process (PID=32404) to work on /home/ruslan/.local/lib/python3.10/site-packages/airflow/example_dags/example_short_circuit_decorator.py
[2025-03-22T10:29:32.170+0500] {processor.py:914} INFO - Processing file /home/ruslan/.local/lib/python3.10/site-packages/airflow/example_dags/example_short_circuit_decorator.py for tasks to queue
[2025-03-22T10:29:32.172+0500] {logging_mixin.py:190} INFO - [2025-03-22T10:29:32.172+0500] {dagbag.py:588} INFO - Filling up the DagBag from /home/ruslan/.local/lib/python3.10/site-packages/airflow/example_dags/example_short_circuit_decorator.py
[2025-03-22T10:29:32.178+0500] {processor.py:925} INFO - DAG(s) 'example_short_circuit_decorator' retrieved from /home/ruslan/.local/lib/python3.10/site-packages/airflow/example_dags/example_short_circuit_decorator.py
[2025-03-22T10:29:32.188+0500] {logging_mixin.py:190} INFO - [2025-03-22T10:29:32.188+0500] {dag.py:3239} INFO - Sync 1 DAGs
[2025-03-22T10:29:32.195+0500] {logging_mixin.py:190} INFO - [2025-03-22T10:29:32.195+0500] {dag.py:4180} INFO - Setting next_dagrun for example_short_circuit_decorator to None, run_after=None
[2025-03-22T10:29:32.210+0500] {processor.py:208} INFO - Processing /home/ruslan/.local/lib/python3.10/site-packages/airflow/example_dags/example_short_circuit_decorator.py took 0.044 seconds
[2025-03-22T10:30:23.525+0500] {processor.py:186} INFO - Started process (PID=32912) to work on /home/ruslan/.local/lib/python3.10/site-packages/airflow/example_dags/example_short_circuit_decorator.py
[2025-03-22T10:30:23.527+0500] {processor.py:914} INFO - Processing file /home/ruslan/.local/lib/python3.10/site-packages/airflow/example_dags/example_short_circuit_decorator.py for tasks to queue
[2025-03-22T10:30:23.527+0500] {logging_mixin.py:190} INFO - [2025-03-22T10:30:23.527+0500] {dagbag.py:588} INFO - Filling up the DagBag from /home/ruslan/.local/lib/python3.10/site-packages/airflow/example_dags/example_short_circuit_decorator.py
[2025-03-22T10:30:23.533+0500] {processor.py:925} INFO - DAG(s) 'example_short_circuit_decorator' retrieved from /home/ruslan/.local/lib/python3.10/site-packages/airflow/example_dags/example_short_circuit_decorator.py
[2025-03-22T10:30:23.543+0500] {logging_mixin.py:190} INFO - [2025-03-22T10:30:23.543+0500] {dag.py:3239} INFO - Sync 1 DAGs
[2025-03-22T10:30:23.550+0500] {logging_mixin.py:190} INFO - [2025-03-22T10:30:23.550+0500] {dag.py:4180} INFO - Setting next_dagrun for example_short_circuit_decorator to None, run_after=None
[2025-03-22T10:30:23.565+0500] {processor.py:208} INFO - Processing /home/ruslan/.local/lib/python3.10/site-packages/airflow/example_dags/example_short_circuit_decorator.py took 0.043 seconds
[2025-03-22T10:31:15.398+0500] {processor.py:186} INFO - Started process (PID=33454) to work on /home/ruslan/.local/lib/python3.10/site-packages/airflow/example_dags/example_short_circuit_decorator.py
[2025-03-22T10:31:15.399+0500] {processor.py:914} INFO - Processing file /home/ruslan/.local/lib/python3.10/site-packages/airflow/example_dags/example_short_circuit_decorator.py for tasks to queue
[2025-03-22T10:31:15.399+0500] {logging_mixin.py:190} INFO - [2025-03-22T10:31:15.399+0500] {dagbag.py:588} INFO - Filling up the DagBag from /home/ruslan/.local/lib/python3.10/site-packages/airflow/example_dags/example_short_circuit_decorator.py
[2025-03-22T10:31:15.406+0500] {processor.py:925} INFO - DAG(s) 'example_short_circuit_decorator' retrieved from /home/ruslan/.local/lib/python3.10/site-packages/airflow/example_dags/example_short_circuit_decorator.py
[2025-03-22T10:31:15.417+0500] {logging_mixin.py:190} INFO - [2025-03-22T10:31:15.417+0500] {dag.py:3239} INFO - Sync 1 DAGs
[2025-03-22T10:31:15.424+0500] {logging_mixin.py:190} INFO - [2025-03-22T10:31:15.424+0500] {dag.py:4180} INFO - Setting next_dagrun for example_short_circuit_decorator to None, run_after=None
[2025-03-22T10:31:15.438+0500] {processor.py:208} INFO - Processing /home/ruslan/.local/lib/python3.10/site-packages/airflow/example_dags/example_short_circuit_decorator.py took 0.044 seconds
[2025-03-22T10:32:05.786+0500] {processor.py:186} INFO - Started process (PID=34094) to work on /home/ruslan/.local/lib/python3.10/site-packages/airflow/example_dags/example_short_circuit_decorator.py
[2025-03-22T10:32:05.787+0500] {processor.py:914} INFO - Processing file /home/ruslan/.local/lib/python3.10/site-packages/airflow/example_dags/example_short_circuit_decorator.py for tasks to queue
[2025-03-22T10:32:05.788+0500] {logging_mixin.py:190} INFO - [2025-03-22T10:32:05.788+0500] {dagbag.py:588} INFO - Filling up the DagBag from /home/ruslan/.local/lib/python3.10/site-packages/airflow/example_dags/example_short_circuit_decorator.py
[2025-03-22T10:32:05.795+0500] {processor.py:925} INFO - DAG(s) 'example_short_circuit_decorator' retrieved from /home/ruslan/.local/lib/python3.10/site-packages/airflow/example_dags/example_short_circuit_decorator.py
[2025-03-22T10:32:05.806+0500] {logging_mixin.py:190} INFO - [2025-03-22T10:32:05.806+0500] {dag.py:3239} INFO - Sync 1 DAGs
[2025-03-22T10:32:05.814+0500] {logging_mixin.py:190} INFO - [2025-03-22T10:32:05.813+0500] {dag.py:4180} INFO - Setting next_dagrun for example_short_circuit_decorator to None, run_after=None
[2025-03-22T10:32:05.828+0500] {processor.py:208} INFO - Processing /home/ruslan/.local/lib/python3.10/site-packages/airflow/example_dags/example_short_circuit_decorator.py took 0.046 seconds
[2025-03-22T10:32:48.529+0500] {processor.py:186} INFO - Started process (PID=34591) to work on /home/ruslan/.local/lib/python3.10/site-packages/airflow/example_dags/example_short_circuit_decorator.py
[2025-03-22T10:32:48.530+0500] {processor.py:914} INFO - Processing file /home/ruslan/.local/lib/python3.10/site-packages/airflow/example_dags/example_short_circuit_decorator.py for tasks to queue
[2025-03-22T10:32:48.532+0500] {logging_mixin.py:190} INFO - [2025-03-22T10:32:48.532+0500] {dagbag.py:588} INFO - Filling up the DagBag from /home/ruslan/.local/lib/python3.10/site-packages/airflow/example_dags/example_short_circuit_decorator.py
[2025-03-22T10:32:48.541+0500] {processor.py:925} INFO - DAG(s) 'example_short_circuit_decorator' retrieved from /home/ruslan/.local/lib/python3.10/site-packages/airflow/example_dags/example_short_circuit_decorator.py
[2025-03-22T10:32:48.565+0500] {logging_mixin.py:190} INFO - [2025-03-22T10:32:48.564+0500] {dag.py:3239} INFO - Sync 1 DAGs
[2025-03-22T10:32:48.573+0500] {logging_mixin.py:190} INFO - [2025-03-22T10:32:48.573+0500] {dag.py:4180} INFO - Setting next_dagrun for example_short_circuit_decorator to None, run_after=None
[2025-03-22T10:32:48.597+0500] {processor.py:208} INFO - Processing /home/ruslan/.local/lib/python3.10/site-packages/airflow/example_dags/example_short_circuit_decorator.py took 0.073 seconds
[2025-03-22T10:33:43.528+0500] {processor.py:186} INFO - Started process (PID=35217) to work on /home/ruslan/.local/lib/python3.10/site-packages/airflow/example_dags/example_short_circuit_decorator.py
[2025-03-22T10:33:43.529+0500] {processor.py:914} INFO - Processing file /home/ruslan/.local/lib/python3.10/site-packages/airflow/example_dags/example_short_circuit_decorator.py for tasks to queue
[2025-03-22T10:33:43.531+0500] {logging_mixin.py:190} INFO - [2025-03-22T10:33:43.531+0500] {dagbag.py:588} INFO - Filling up the DagBag from /home/ruslan/.local/lib/python3.10/site-packages/airflow/example_dags/example_short_circuit_decorator.py
[2025-03-22T10:33:43.537+0500] {processor.py:925} INFO - DAG(s) 'example_short_circuit_decorator' retrieved from /home/ruslan/.local/lib/python3.10/site-packages/airflow/example_dags/example_short_circuit_decorator.py
[2025-03-22T10:33:43.547+0500] {logging_mixin.py:190} INFO - [2025-03-22T10:33:43.546+0500] {dag.py:3239} INFO - Sync 1 DAGs
[2025-03-22T10:33:43.553+0500] {logging_mixin.py:190} INFO - [2025-03-22T10:33:43.553+0500] {dag.py:4180} INFO - Setting next_dagrun for example_short_circuit_decorator to None, run_after=None
[2025-03-22T10:33:43.569+0500] {processor.py:208} INFO - Processing /home/ruslan/.local/lib/python3.10/site-packages/airflow/example_dags/example_short_circuit_decorator.py took 0.044 seconds
[2025-03-22T10:34:32.326+0500] {processor.py:186} INFO - Started process (PID=35847) to work on /home/ruslan/.local/lib/python3.10/site-packages/airflow/example_dags/example_short_circuit_decorator.py
[2025-03-22T10:34:32.327+0500] {processor.py:914} INFO - Processing file /home/ruslan/.local/lib/python3.10/site-packages/airflow/example_dags/example_short_circuit_decorator.py for tasks to queue
[2025-03-22T10:34:32.329+0500] {logging_mixin.py:190} INFO - [2025-03-22T10:34:32.328+0500] {dagbag.py:588} INFO - Filling up the DagBag from /home/ruslan/.local/lib/python3.10/site-packages/airflow/example_dags/example_short_circuit_decorator.py
[2025-03-22T10:34:32.334+0500] {processor.py:925} INFO - DAG(s) 'example_short_circuit_decorator' retrieved from /home/ruslan/.local/lib/python3.10/site-packages/airflow/example_dags/example_short_circuit_decorator.py
[2025-03-22T10:34:32.344+0500] {logging_mixin.py:190} INFO - [2025-03-22T10:34:32.344+0500] {dag.py:3239} INFO - Sync 1 DAGs
[2025-03-22T10:34:32.351+0500] {logging_mixin.py:190} INFO - [2025-03-22T10:34:32.351+0500] {dag.py:4180} INFO - Setting next_dagrun for example_short_circuit_decorator to None, run_after=None
[2025-03-22T10:34:32.366+0500] {processor.py:208} INFO - Processing /home/ruslan/.local/lib/python3.10/site-packages/airflow/example_dags/example_short_circuit_decorator.py took 0.044 seconds
[2025-03-22T10:35:18.546+0500] {processor.py:186} INFO - Started process (PID=36376) to work on /home/ruslan/.local/lib/python3.10/site-packages/airflow/example_dags/example_short_circuit_decorator.py
[2025-03-22T10:35:18.548+0500] {processor.py:914} INFO - Processing file /home/ruslan/.local/lib/python3.10/site-packages/airflow/example_dags/example_short_circuit_decorator.py for tasks to queue
[2025-03-22T10:35:18.549+0500] {logging_mixin.py:190} INFO - [2025-03-22T10:35:18.549+0500] {dagbag.py:588} INFO - Filling up the DagBag from /home/ruslan/.local/lib/python3.10/site-packages/airflow/example_dags/example_short_circuit_decorator.py
[2025-03-22T10:35:18.555+0500] {processor.py:925} INFO - DAG(s) 'example_short_circuit_decorator' retrieved from /home/ruslan/.local/lib/python3.10/site-packages/airflow/example_dags/example_short_circuit_decorator.py
[2025-03-22T10:35:18.565+0500] {logging_mixin.py:190} INFO - [2025-03-22T10:35:18.564+0500] {dag.py:3239} INFO - Sync 1 DAGs
[2025-03-22T10:35:18.571+0500] {logging_mixin.py:190} INFO - [2025-03-22T10:35:18.571+0500] {dag.py:4180} INFO - Setting next_dagrun for example_short_circuit_decorator to None, run_after=None
[2025-03-22T10:35:18.587+0500] {processor.py:208} INFO - Processing /home/ruslan/.local/lib/python3.10/site-packages/airflow/example_dags/example_short_circuit_decorator.py took 0.044 seconds
[2025-03-22T10:36:08.752+0500] {processor.py:186} INFO - Started process (PID=37050) to work on /home/ruslan/.local/lib/python3.10/site-packages/airflow/example_dags/example_short_circuit_decorator.py
[2025-03-22T10:36:08.753+0500] {processor.py:914} INFO - Processing file /home/ruslan/.local/lib/python3.10/site-packages/airflow/example_dags/example_short_circuit_decorator.py for tasks to queue
[2025-03-22T10:36:08.755+0500] {logging_mixin.py:190} INFO - [2025-03-22T10:36:08.755+0500] {dagbag.py:588} INFO - Filling up the DagBag from /home/ruslan/.local/lib/python3.10/site-packages/airflow/example_dags/example_short_circuit_decorator.py
[2025-03-22T10:36:08.761+0500] {processor.py:925} INFO - DAG(s) 'example_short_circuit_decorator' retrieved from /home/ruslan/.local/lib/python3.10/site-packages/airflow/example_dags/example_short_circuit_decorator.py
[2025-03-22T10:36:08.770+0500] {logging_mixin.py:190} INFO - [2025-03-22T10:36:08.770+0500] {dag.py:3239} INFO - Sync 1 DAGs
[2025-03-22T10:36:08.777+0500] {logging_mixin.py:190} INFO - [2025-03-22T10:36:08.777+0500] {dag.py:4180} INFO - Setting next_dagrun for example_short_circuit_decorator to None, run_after=None
[2025-03-22T10:36:08.792+0500] {processor.py:208} INFO - Processing /home/ruslan/.local/lib/python3.10/site-packages/airflow/example_dags/example_short_circuit_decorator.py took 0.043 seconds
[2025-03-22T10:36:57.760+0500] {processor.py:186} INFO - Started process (PID=37344) to work on /home/ruslan/.local/lib/python3.10/site-packages/airflow/example_dags/example_short_circuit_decorator.py
[2025-03-22T10:36:57.761+0500] {processor.py:914} INFO - Processing file /home/ruslan/.local/lib/python3.10/site-packages/airflow/example_dags/example_short_circuit_decorator.py for tasks to queue
[2025-03-22T10:36:57.763+0500] {logging_mixin.py:190} INFO - [2025-03-22T10:36:57.763+0500] {dagbag.py:588} INFO - Filling up the DagBag from /home/ruslan/.local/lib/python3.10/site-packages/airflow/example_dags/example_short_circuit_decorator.py
[2025-03-22T10:36:57.770+0500] {processor.py:925} INFO - DAG(s) 'example_short_circuit_decorator' retrieved from /home/ruslan/.local/lib/python3.10/site-packages/airflow/example_dags/example_short_circuit_decorator.py
[2025-03-22T10:36:57.781+0500] {logging_mixin.py:190} INFO - [2025-03-22T10:36:57.781+0500] {dag.py:3239} INFO - Sync 1 DAGs
[2025-03-22T10:36:57.789+0500] {logging_mixin.py:190} INFO - [2025-03-22T10:36:57.789+0500] {dag.py:4180} INFO - Setting next_dagrun for example_short_circuit_decorator to None, run_after=None
[2025-03-22T10:36:57.806+0500] {processor.py:208} INFO - Processing /home/ruslan/.local/lib/python3.10/site-packages/airflow/example_dags/example_short_circuit_decorator.py took 0.051 seconds
[2025-03-22T10:37:51.107+0500] {processor.py:186} INFO - Started process (PID=37621) to work on /home/ruslan/.local/lib/python3.10/site-packages/airflow/example_dags/example_short_circuit_decorator.py
[2025-03-22T10:37:51.108+0500] {processor.py:914} INFO - Processing file /home/ruslan/.local/lib/python3.10/site-packages/airflow/example_dags/example_short_circuit_decorator.py for tasks to queue
[2025-03-22T10:37:51.110+0500] {logging_mixin.py:190} INFO - [2025-03-22T10:37:51.110+0500] {dagbag.py:588} INFO - Filling up the DagBag from /home/ruslan/.local/lib/python3.10/site-packages/airflow/example_dags/example_short_circuit_decorator.py
[2025-03-22T10:37:51.117+0500] {processor.py:925} INFO - DAG(s) 'example_short_circuit_decorator' retrieved from /home/ruslan/.local/lib/python3.10/site-packages/airflow/example_dags/example_short_circuit_decorator.py
[2025-03-22T10:37:51.127+0500] {logging_mixin.py:190} INFO - [2025-03-22T10:37:51.127+0500] {dag.py:3239} INFO - Sync 1 DAGs
[2025-03-22T10:37:51.135+0500] {logging_mixin.py:190} INFO - [2025-03-22T10:37:51.135+0500] {dag.py:4180} INFO - Setting next_dagrun for example_short_circuit_decorator to None, run_after=None
[2025-03-22T10:37:51.150+0500] {processor.py:208} INFO - Processing /home/ruslan/.local/lib/python3.10/site-packages/airflow/example_dags/example_short_circuit_decorator.py took 0.047 seconds
[2025-03-22T10:38:12.332+0500] {processor.py:186} INFO - Started process (PID=38114) to work on /home/ruslan/.local/lib/python3.10/site-packages/airflow/example_dags/example_short_circuit_decorator.py
[2025-03-22T10:38:12.333+0500] {processor.py:914} INFO - Processing file /home/ruslan/.local/lib/python3.10/site-packages/airflow/example_dags/example_short_circuit_decorator.py for tasks to queue
[2025-03-22T10:38:12.334+0500] {logging_mixin.py:190} INFO - [2025-03-22T10:38:12.334+0500] {dagbag.py:588} INFO - Filling up the DagBag from /home/ruslan/.local/lib/python3.10/site-packages/airflow/example_dags/example_short_circuit_decorator.py
[2025-03-22T10:38:12.343+0500] {processor.py:925} INFO - DAG(s) 'example_short_circuit_decorator' retrieved from /home/ruslan/.local/lib/python3.10/site-packages/airflow/example_dags/example_short_circuit_decorator.py
[2025-03-22T10:38:12.361+0500] {logging_mixin.py:190} INFO - [2025-03-22T10:38:12.361+0500] {dag.py:3239} INFO - Sync 1 DAGs
[2025-03-22T10:38:12.369+0500] {logging_mixin.py:190} INFO - [2025-03-22T10:38:12.369+0500] {dag.py:4180} INFO - Setting next_dagrun for example_short_circuit_decorator to None, run_after=None
[2025-03-22T10:38:12.385+0500] {processor.py:208} INFO - Processing /home/ruslan/.local/lib/python3.10/site-packages/airflow/example_dags/example_short_circuit_decorator.py took 0.057 seconds
[2025-03-22T10:38:31.399+0500] {processor.py:186} INFO - Started process (PID=38315) to work on /home/ruslan/.local/lib/python3.10/site-packages/airflow/example_dags/example_short_circuit_decorator.py
[2025-03-22T10:38:31.400+0500] {processor.py:914} INFO - Processing file /home/ruslan/.local/lib/python3.10/site-packages/airflow/example_dags/example_short_circuit_decorator.py for tasks to queue
[2025-03-22T10:38:31.401+0500] {logging_mixin.py:190} INFO - [2025-03-22T10:38:31.401+0500] {dagbag.py:588} INFO - Filling up the DagBag from /home/ruslan/.local/lib/python3.10/site-packages/airflow/example_dags/example_short_circuit_decorator.py
[2025-03-22T10:38:31.409+0500] {processor.py:925} INFO - DAG(s) 'example_short_circuit_decorator' retrieved from /home/ruslan/.local/lib/python3.10/site-packages/airflow/example_dags/example_short_circuit_decorator.py
[2025-03-22T10:38:31.424+0500] {logging_mixin.py:190} INFO - [2025-03-22T10:38:31.424+0500] {dag.py:3239} INFO - Sync 1 DAGs
[2025-03-22T10:38:31.431+0500] {logging_mixin.py:190} INFO - [2025-03-22T10:38:31.431+0500] {dag.py:4180} INFO - Setting next_dagrun for example_short_circuit_decorator to None, run_after=None
[2025-03-22T10:38:31.447+0500] {processor.py:208} INFO - Processing /home/ruslan/.local/lib/python3.10/site-packages/airflow/example_dags/example_short_circuit_decorator.py took 0.052 seconds
[2025-03-22T10:39:25.880+0500] {processor.py:186} INFO - Started process (PID=39052) to work on /home/ruslan/.local/lib/python3.10/site-packages/airflow/example_dags/example_short_circuit_decorator.py
[2025-03-22T10:39:25.881+0500] {processor.py:914} INFO - Processing file /home/ruslan/.local/lib/python3.10/site-packages/airflow/example_dags/example_short_circuit_decorator.py for tasks to queue
[2025-03-22T10:39:25.883+0500] {logging_mixin.py:190} INFO - [2025-03-22T10:39:25.883+0500] {dagbag.py:588} INFO - Filling up the DagBag from /home/ruslan/.local/lib/python3.10/site-packages/airflow/example_dags/example_short_circuit_decorator.py
[2025-03-22T10:39:25.889+0500] {processor.py:925} INFO - DAG(s) 'example_short_circuit_decorator' retrieved from /home/ruslan/.local/lib/python3.10/site-packages/airflow/example_dags/example_short_circuit_decorator.py
[2025-03-22T10:39:25.898+0500] {logging_mixin.py:190} INFO - [2025-03-22T10:39:25.898+0500] {dag.py:3239} INFO - Sync 1 DAGs
[2025-03-22T10:39:25.905+0500] {logging_mixin.py:190} INFO - [2025-03-22T10:39:25.905+0500] {dag.py:4180} INFO - Setting next_dagrun for example_short_circuit_decorator to None, run_after=None
[2025-03-22T10:39:25.920+0500] {processor.py:208} INFO - Processing /home/ruslan/.local/lib/python3.10/site-packages/airflow/example_dags/example_short_circuit_decorator.py took 0.044 seconds
[2025-03-22T10:40:17.652+0500] {processor.py:186} INFO - Started process (PID=39653) to work on /home/ruslan/.local/lib/python3.10/site-packages/airflow/example_dags/example_short_circuit_decorator.py
[2025-03-22T10:40:17.653+0500] {processor.py:914} INFO - Processing file /home/ruslan/.local/lib/python3.10/site-packages/airflow/example_dags/example_short_circuit_decorator.py for tasks to queue
[2025-03-22T10:40:17.655+0500] {logging_mixin.py:190} INFO - [2025-03-22T10:40:17.654+0500] {dagbag.py:588} INFO - Filling up the DagBag from /home/ruslan/.local/lib/python3.10/site-packages/airflow/example_dags/example_short_circuit_decorator.py
[2025-03-22T10:40:17.660+0500] {processor.py:925} INFO - DAG(s) 'example_short_circuit_decorator' retrieved from /home/ruslan/.local/lib/python3.10/site-packages/airflow/example_dags/example_short_circuit_decorator.py
[2025-03-22T10:40:17.670+0500] {logging_mixin.py:190} INFO - [2025-03-22T10:40:17.670+0500] {dag.py:3239} INFO - Sync 1 DAGs
[2025-03-22T10:40:17.677+0500] {logging_mixin.py:190} INFO - [2025-03-22T10:40:17.677+0500] {dag.py:4180} INFO - Setting next_dagrun for example_short_circuit_decorator to None, run_after=None
[2025-03-22T10:40:17.692+0500] {processor.py:208} INFO - Processing /home/ruslan/.local/lib/python3.10/site-packages/airflow/example_dags/example_short_circuit_decorator.py took 0.043 seconds
[2025-03-22T10:41:11.007+0500] {processor.py:186} INFO - Started process (PID=40317) to work on /home/ruslan/.local/lib/python3.10/site-packages/airflow/example_dags/example_short_circuit_decorator.py
[2025-03-22T10:41:11.008+0500] {processor.py:914} INFO - Processing file /home/ruslan/.local/lib/python3.10/site-packages/airflow/example_dags/example_short_circuit_decorator.py for tasks to queue
[2025-03-22T10:41:11.010+0500] {logging_mixin.py:190} INFO - [2025-03-22T10:41:11.010+0500] {dagbag.py:588} INFO - Filling up the DagBag from /home/ruslan/.local/lib/python3.10/site-packages/airflow/example_dags/example_short_circuit_decorator.py
[2025-03-22T10:41:11.016+0500] {processor.py:925} INFO - DAG(s) 'example_short_circuit_decorator' retrieved from /home/ruslan/.local/lib/python3.10/site-packages/airflow/example_dags/example_short_circuit_decorator.py
[2025-03-22T10:41:11.026+0500] {logging_mixin.py:190} INFO - [2025-03-22T10:41:11.026+0500] {dag.py:3239} INFO - Sync 1 DAGs
[2025-03-22T10:41:11.033+0500] {logging_mixin.py:190} INFO - [2025-03-22T10:41:11.033+0500] {dag.py:4180} INFO - Setting next_dagrun for example_short_circuit_decorator to None, run_after=None
[2025-03-22T10:41:11.048+0500] {processor.py:208} INFO - Processing /home/ruslan/.local/lib/python3.10/site-packages/airflow/example_dags/example_short_circuit_decorator.py took 0.045 seconds
[2025-03-22T10:42:12.901+0500] {processor.py:186} INFO - Started process (PID=41093) to work on /home/ruslan/.local/lib/python3.10/site-packages/airflow/example_dags/example_short_circuit_decorator.py
[2025-03-22T10:42:12.901+0500] {processor.py:914} INFO - Processing file /home/ruslan/.local/lib/python3.10/site-packages/airflow/example_dags/example_short_circuit_decorator.py for tasks to queue
[2025-03-22T10:42:12.903+0500] {logging_mixin.py:190} INFO - [2025-03-22T10:42:12.902+0500] {dagbag.py:588} INFO - Filling up the DagBag from /home/ruslan/.local/lib/python3.10/site-packages/airflow/example_dags/example_short_circuit_decorator.py
[2025-03-22T10:42:12.909+0500] {processor.py:925} INFO - DAG(s) 'example_short_circuit_decorator' retrieved from /home/ruslan/.local/lib/python3.10/site-packages/airflow/example_dags/example_short_circuit_decorator.py
[2025-03-22T10:42:12.918+0500] {logging_mixin.py:190} INFO - [2025-03-22T10:42:12.918+0500] {dag.py:3239} INFO - Sync 1 DAGs
[2025-03-22T10:42:12.925+0500] {logging_mixin.py:190} INFO - [2025-03-22T10:42:12.925+0500] {dag.py:4180} INFO - Setting next_dagrun for example_short_circuit_decorator to None, run_after=None
[2025-03-22T10:42:12.940+0500] {processor.py:208} INFO - Processing /home/ruslan/.local/lib/python3.10/site-packages/airflow/example_dags/example_short_circuit_decorator.py took 0.043 seconds
[2025-03-22T10:43:05.958+0500] {processor.py:186} INFO - Started process (PID=41673) to work on /home/ruslan/.local/lib/python3.10/site-packages/airflow/example_dags/example_short_circuit_decorator.py
[2025-03-22T10:43:05.959+0500] {processor.py:914} INFO - Processing file /home/ruslan/.local/lib/python3.10/site-packages/airflow/example_dags/example_short_circuit_decorator.py for tasks to queue
[2025-03-22T10:43:05.961+0500] {logging_mixin.py:190} INFO - [2025-03-22T10:43:05.961+0500] {dagbag.py:588} INFO - Filling up the DagBag from /home/ruslan/.local/lib/python3.10/site-packages/airflow/example_dags/example_short_circuit_decorator.py
[2025-03-22T10:43:05.967+0500] {processor.py:925} INFO - DAG(s) 'example_short_circuit_decorator' retrieved from /home/ruslan/.local/lib/python3.10/site-packages/airflow/example_dags/example_short_circuit_decorator.py
[2025-03-22T10:43:05.977+0500] {logging_mixin.py:190} INFO - [2025-03-22T10:43:05.977+0500] {dag.py:3239} INFO - Sync 1 DAGs
[2025-03-22T10:43:05.985+0500] {logging_mixin.py:190} INFO - [2025-03-22T10:43:05.985+0500] {dag.py:4180} INFO - Setting next_dagrun for example_short_circuit_decorator to None, run_after=None
[2025-03-22T10:43:06.001+0500] {processor.py:208} INFO - Processing /home/ruslan/.local/lib/python3.10/site-packages/airflow/example_dags/example_short_circuit_decorator.py took 0.046 seconds
[2025-03-22T10:44:03.487+0500] {processor.py:186} INFO - Started process (PID=42395) to work on /home/ruslan/.local/lib/python3.10/site-packages/airflow/example_dags/example_short_circuit_decorator.py
[2025-03-22T10:44:03.488+0500] {processor.py:914} INFO - Processing file /home/ruslan/.local/lib/python3.10/site-packages/airflow/example_dags/example_short_circuit_decorator.py for tasks to queue
[2025-03-22T10:44:03.490+0500] {logging_mixin.py:190} INFO - [2025-03-22T10:44:03.489+0500] {dagbag.py:588} INFO - Filling up the DagBag from /home/ruslan/.local/lib/python3.10/site-packages/airflow/example_dags/example_short_circuit_decorator.py
[2025-03-22T10:44:03.496+0500] {processor.py:925} INFO - DAG(s) 'example_short_circuit_decorator' retrieved from /home/ruslan/.local/lib/python3.10/site-packages/airflow/example_dags/example_short_circuit_decorator.py
[2025-03-22T10:44:03.506+0500] {logging_mixin.py:190} INFO - [2025-03-22T10:44:03.505+0500] {dag.py:3239} INFO - Sync 1 DAGs
[2025-03-22T10:44:03.513+0500] {logging_mixin.py:190} INFO - [2025-03-22T10:44:03.513+0500] {dag.py:4180} INFO - Setting next_dagrun for example_short_circuit_decorator to None, run_after=None
[2025-03-22T10:44:03.528+0500] {processor.py:208} INFO - Processing /home/ruslan/.local/lib/python3.10/site-packages/airflow/example_dags/example_short_circuit_decorator.py took 0.045 seconds
[2025-03-22T10:44:58.281+0500] {processor.py:186} INFO - Started process (PID=43111) to work on /home/ruslan/.local/lib/python3.10/site-packages/airflow/example_dags/example_short_circuit_decorator.py
[2025-03-22T10:44:58.282+0500] {processor.py:914} INFO - Processing file /home/ruslan/.local/lib/python3.10/site-packages/airflow/example_dags/example_short_circuit_decorator.py for tasks to queue
[2025-03-22T10:44:58.283+0500] {logging_mixin.py:190} INFO - [2025-03-22T10:44:58.283+0500] {dagbag.py:588} INFO - Filling up the DagBag from /home/ruslan/.local/lib/python3.10/site-packages/airflow/example_dags/example_short_circuit_decorator.py
[2025-03-22T10:44:58.289+0500] {processor.py:925} INFO - DAG(s) 'example_short_circuit_decorator' retrieved from /home/ruslan/.local/lib/python3.10/site-packages/airflow/example_dags/example_short_circuit_decorator.py
[2025-03-22T10:44:58.299+0500] {logging_mixin.py:190} INFO - [2025-03-22T10:44:58.299+0500] {dag.py:3239} INFO - Sync 1 DAGs
[2025-03-22T10:44:58.306+0500] {logging_mixin.py:190} INFO - [2025-03-22T10:44:58.306+0500] {dag.py:4180} INFO - Setting next_dagrun for example_short_circuit_decorator to None, run_after=None
[2025-03-22T10:44:58.322+0500] {processor.py:208} INFO - Processing /home/ruslan/.local/lib/python3.10/site-packages/airflow/example_dags/example_short_circuit_decorator.py took 0.045 seconds
[2025-03-22T10:45:54.769+0500] {processor.py:186} INFO - Started process (PID=43775) to work on /home/ruslan/.local/lib/python3.10/site-packages/airflow/example_dags/example_short_circuit_decorator.py
[2025-03-22T10:45:54.770+0500] {processor.py:914} INFO - Processing file /home/ruslan/.local/lib/python3.10/site-packages/airflow/example_dags/example_short_circuit_decorator.py for tasks to queue
[2025-03-22T10:45:54.771+0500] {logging_mixin.py:190} INFO - [2025-03-22T10:45:54.771+0500] {dagbag.py:588} INFO - Filling up the DagBag from /home/ruslan/.local/lib/python3.10/site-packages/airflow/example_dags/example_short_circuit_decorator.py
[2025-03-22T10:45:54.778+0500] {processor.py:925} INFO - DAG(s) 'example_short_circuit_decorator' retrieved from /home/ruslan/.local/lib/python3.10/site-packages/airflow/example_dags/example_short_circuit_decorator.py
[2025-03-22T10:45:54.788+0500] {logging_mixin.py:190} INFO - [2025-03-22T10:45:54.788+0500] {dag.py:3239} INFO - Sync 1 DAGs
[2025-03-22T10:45:54.795+0500] {logging_mixin.py:190} INFO - [2025-03-22T10:45:54.795+0500] {dag.py:4180} INFO - Setting next_dagrun for example_short_circuit_decorator to None, run_after=None
[2025-03-22T10:45:54.811+0500] {processor.py:208} INFO - Processing /home/ruslan/.local/lib/python3.10/site-packages/airflow/example_dags/example_short_circuit_decorator.py took 0.046 seconds
[2025-03-22T10:46:49.858+0500] {processor.py:186} INFO - Started process (PID=44551) to work on /home/ruslan/.local/lib/python3.10/site-packages/airflow/example_dags/example_short_circuit_decorator.py
[2025-03-22T10:46:49.859+0500] {processor.py:914} INFO - Processing file /home/ruslan/.local/lib/python3.10/site-packages/airflow/example_dags/example_short_circuit_decorator.py for tasks to queue
[2025-03-22T10:46:49.861+0500] {logging_mixin.py:190} INFO - [2025-03-22T10:46:49.861+0500] {dagbag.py:588} INFO - Filling up the DagBag from /home/ruslan/.local/lib/python3.10/site-packages/airflow/example_dags/example_short_circuit_decorator.py
[2025-03-22T10:46:49.867+0500] {processor.py:925} INFO - DAG(s) 'example_short_circuit_decorator' retrieved from /home/ruslan/.local/lib/python3.10/site-packages/airflow/example_dags/example_short_circuit_decorator.py
[2025-03-22T10:46:49.877+0500] {logging_mixin.py:190} INFO - [2025-03-22T10:46:49.877+0500] {dag.py:3239} INFO - Sync 1 DAGs
[2025-03-22T10:46:49.883+0500] {logging_mixin.py:190} INFO - [2025-03-22T10:46:49.883+0500] {dag.py:4180} INFO - Setting next_dagrun for example_short_circuit_decorator to None, run_after=None
[2025-03-22T10:46:49.898+0500] {processor.py:208} INFO - Processing /home/ruslan/.local/lib/python3.10/site-packages/airflow/example_dags/example_short_circuit_decorator.py took 0.044 seconds
[2025-03-22T10:47:46.297+0500] {processor.py:186} INFO - Started process (PID=45154) to work on /home/ruslan/.local/lib/python3.10/site-packages/airflow/example_dags/example_short_circuit_decorator.py
[2025-03-22T10:47:46.298+0500] {processor.py:914} INFO - Processing file /home/ruslan/.local/lib/python3.10/site-packages/airflow/example_dags/example_short_circuit_decorator.py for tasks to queue
[2025-03-22T10:47:46.299+0500] {logging_mixin.py:190} INFO - [2025-03-22T10:47:46.299+0500] {dagbag.py:588} INFO - Filling up the DagBag from /home/ruslan/.local/lib/python3.10/site-packages/airflow/example_dags/example_short_circuit_decorator.py
[2025-03-22T10:47:46.305+0500] {processor.py:925} INFO - DAG(s) 'example_short_circuit_decorator' retrieved from /home/ruslan/.local/lib/python3.10/site-packages/airflow/example_dags/example_short_circuit_decorator.py
[2025-03-22T10:47:46.315+0500] {logging_mixin.py:190} INFO - [2025-03-22T10:47:46.315+0500] {dag.py:3239} INFO - Sync 1 DAGs
[2025-03-22T10:47:46.322+0500] {logging_mixin.py:190} INFO - [2025-03-22T10:47:46.322+0500] {dag.py:4180} INFO - Setting next_dagrun for example_short_circuit_decorator to None, run_after=None
[2025-03-22T10:47:46.337+0500] {processor.py:208} INFO - Processing /home/ruslan/.local/lib/python3.10/site-packages/airflow/example_dags/example_short_circuit_decorator.py took 0.044 seconds
[2025-03-22T10:48:37.654+0500] {processor.py:186} INFO - Started process (PID=45912) to work on /home/ruslan/.local/lib/python3.10/site-packages/airflow/example_dags/example_short_circuit_decorator.py
[2025-03-22T10:48:37.655+0500] {processor.py:914} INFO - Processing file /home/ruslan/.local/lib/python3.10/site-packages/airflow/example_dags/example_short_circuit_decorator.py for tasks to queue
[2025-03-22T10:48:37.657+0500] {logging_mixin.py:190} INFO - [2025-03-22T10:48:37.656+0500] {dagbag.py:588} INFO - Filling up the DagBag from /home/ruslan/.local/lib/python3.10/site-packages/airflow/example_dags/example_short_circuit_decorator.py
[2025-03-22T10:48:37.662+0500] {processor.py:925} INFO - DAG(s) 'example_short_circuit_decorator' retrieved from /home/ruslan/.local/lib/python3.10/site-packages/airflow/example_dags/example_short_circuit_decorator.py
[2025-03-22T10:48:37.672+0500] {logging_mixin.py:190} INFO - [2025-03-22T10:48:37.672+0500] {dag.py:3239} INFO - Sync 1 DAGs
[2025-03-22T10:48:37.679+0500] {logging_mixin.py:190} INFO - [2025-03-22T10:48:37.679+0500] {dag.py:4180} INFO - Setting next_dagrun for example_short_circuit_decorator to None, run_after=None
[2025-03-22T10:48:37.694+0500] {processor.py:208} INFO - Processing /home/ruslan/.local/lib/python3.10/site-packages/airflow/example_dags/example_short_circuit_decorator.py took 0.044 seconds
[2025-03-22T12:46:37.594+0500] {processor.py:186} INFO - Started process (PID=844) to work on /home/ruslan/.local/lib/python3.10/site-packages/airflow/example_dags/example_short_circuit_decorator.py
[2025-03-22T12:46:37.595+0500] {processor.py:914} INFO - Processing file /home/ruslan/.local/lib/python3.10/site-packages/airflow/example_dags/example_short_circuit_decorator.py for tasks to queue
[2025-03-22T12:46:37.596+0500] {logging_mixin.py:190} INFO - [2025-03-22T12:46:37.596+0500] {dagbag.py:588} INFO - Filling up the DagBag from /home/ruslan/.local/lib/python3.10/site-packages/airflow/example_dags/example_short_circuit_decorator.py
[2025-03-22T12:46:37.603+0500] {processor.py:925} INFO - DAG(s) 'example_short_circuit_decorator' retrieved from /home/ruslan/.local/lib/python3.10/site-packages/airflow/example_dags/example_short_circuit_decorator.py
[2025-03-22T12:46:37.617+0500] {logging_mixin.py:190} INFO - [2025-03-22T12:46:37.617+0500] {dag.py:3239} INFO - Sync 1 DAGs
[2025-03-22T12:46:37.624+0500] {logging_mixin.py:190} INFO - [2025-03-22T12:46:37.624+0500] {dag.py:4180} INFO - Setting next_dagrun for example_short_circuit_decorator to None, run_after=None
[2025-03-22T12:46:37.638+0500] {processor.py:208} INFO - Processing /home/ruslan/.local/lib/python3.10/site-packages/airflow/example_dags/example_short_circuit_decorator.py took 0.048 seconds
[2025-03-22T12:47:32.058+0500] {processor.py:186} INFO - Started process (PID=1690) to work on /home/ruslan/.local/lib/python3.10/site-packages/airflow/example_dags/example_short_circuit_decorator.py
[2025-03-22T12:47:32.059+0500] {processor.py:914} INFO - Processing file /home/ruslan/.local/lib/python3.10/site-packages/airflow/example_dags/example_short_circuit_decorator.py for tasks to queue
[2025-03-22T12:47:32.062+0500] {logging_mixin.py:190} INFO - [2025-03-22T12:47:32.061+0500] {dagbag.py:588} INFO - Filling up the DagBag from /home/ruslan/.local/lib/python3.10/site-packages/airflow/example_dags/example_short_circuit_decorator.py
[2025-03-22T12:47:32.069+0500] {processor.py:925} INFO - DAG(s) 'example_short_circuit_decorator' retrieved from /home/ruslan/.local/lib/python3.10/site-packages/airflow/example_dags/example_short_circuit_decorator.py
[2025-03-22T12:47:32.081+0500] {logging_mixin.py:190} INFO - [2025-03-22T12:47:32.081+0500] {dag.py:3239} INFO - Sync 1 DAGs
[2025-03-22T12:47:32.089+0500] {logging_mixin.py:190} INFO - [2025-03-22T12:47:32.088+0500] {dag.py:4180} INFO - Setting next_dagrun for example_short_circuit_decorator to None, run_after=None
[2025-03-22T12:47:32.103+0500] {processor.py:208} INFO - Processing /home/ruslan/.local/lib/python3.10/site-packages/airflow/example_dags/example_short_circuit_decorator.py took 0.049 seconds
[2025-03-22T12:48:27.092+0500] {processor.py:186} INFO - Started process (PID=6391) to work on /home/ruslan/.local/lib/python3.10/site-packages/airflow/example_dags/example_short_circuit_decorator.py
[2025-03-22T12:48:27.094+0500] {processor.py:914} INFO - Processing file /home/ruslan/.local/lib/python3.10/site-packages/airflow/example_dags/example_short_circuit_decorator.py for tasks to queue
[2025-03-22T12:48:27.095+0500] {logging_mixin.py:190} INFO - [2025-03-22T12:48:27.095+0500] {dagbag.py:588} INFO - Filling up the DagBag from /home/ruslan/.local/lib/python3.10/site-packages/airflow/example_dags/example_short_circuit_decorator.py
[2025-03-22T12:48:27.100+0500] {processor.py:925} INFO - DAG(s) 'example_short_circuit_decorator' retrieved from /home/ruslan/.local/lib/python3.10/site-packages/airflow/example_dags/example_short_circuit_decorator.py
[2025-03-22T12:48:27.109+0500] {logging_mixin.py:190} INFO - [2025-03-22T12:48:27.109+0500] {dag.py:3239} INFO - Sync 1 DAGs
[2025-03-22T12:48:27.116+0500] {logging_mixin.py:190} INFO - [2025-03-22T12:48:27.116+0500] {dag.py:4180} INFO - Setting next_dagrun for example_short_circuit_decorator to None, run_after=None
[2025-03-22T12:48:27.130+0500] {processor.py:208} INFO - Processing /home/ruslan/.local/lib/python3.10/site-packages/airflow/example_dags/example_short_circuit_decorator.py took 0.041 seconds
[2025-03-22T12:49:16.453+0500] {processor.py:186} INFO - Started process (PID=7201) to work on /home/ruslan/.local/lib/python3.10/site-packages/airflow/example_dags/example_short_circuit_decorator.py
[2025-03-22T12:49:16.454+0500] {processor.py:914} INFO - Processing file /home/ruslan/.local/lib/python3.10/site-packages/airflow/example_dags/example_short_circuit_decorator.py for tasks to queue
[2025-03-22T12:49:16.456+0500] {logging_mixin.py:190} INFO - [2025-03-22T12:49:16.456+0500] {dagbag.py:588} INFO - Filling up the DagBag from /home/ruslan/.local/lib/python3.10/site-packages/airflow/example_dags/example_short_circuit_decorator.py
[2025-03-22T12:49:16.462+0500] {processor.py:925} INFO - DAG(s) 'example_short_circuit_decorator' retrieved from /home/ruslan/.local/lib/python3.10/site-packages/airflow/example_dags/example_short_circuit_decorator.py
[2025-03-22T12:49:16.473+0500] {logging_mixin.py:190} INFO - [2025-03-22T12:49:16.473+0500] {dag.py:3239} INFO - Sync 1 DAGs
[2025-03-22T12:49:16.481+0500] {logging_mixin.py:190} INFO - [2025-03-22T12:49:16.480+0500] {dag.py:4180} INFO - Setting next_dagrun for example_short_circuit_decorator to None, run_after=None
[2025-03-22T12:49:16.497+0500] {processor.py:208} INFO - Processing /home/ruslan/.local/lib/python3.10/site-packages/airflow/example_dags/example_short_circuit_decorator.py took 0.047 seconds
[2025-03-22T12:50:09.931+0500] {processor.py:186} INFO - Started process (PID=7729) to work on /home/ruslan/.local/lib/python3.10/site-packages/airflow/example_dags/example_short_circuit_decorator.py
[2025-03-22T12:50:09.932+0500] {processor.py:914} INFO - Processing file /home/ruslan/.local/lib/python3.10/site-packages/airflow/example_dags/example_short_circuit_decorator.py for tasks to queue
[2025-03-22T12:50:09.933+0500] {logging_mixin.py:190} INFO - [2025-03-22T12:50:09.933+0500] {dagbag.py:588} INFO - Filling up the DagBag from /home/ruslan/.local/lib/python3.10/site-packages/airflow/example_dags/example_short_circuit_decorator.py
[2025-03-22T12:50:09.939+0500] {processor.py:925} INFO - DAG(s) 'example_short_circuit_decorator' retrieved from /home/ruslan/.local/lib/python3.10/site-packages/airflow/example_dags/example_short_circuit_decorator.py
[2025-03-22T12:50:09.948+0500] {logging_mixin.py:190} INFO - [2025-03-22T12:50:09.948+0500] {dag.py:3239} INFO - Sync 1 DAGs
[2025-03-22T12:50:09.954+0500] {logging_mixin.py:190} INFO - [2025-03-22T12:50:09.954+0500] {dag.py:4180} INFO - Setting next_dagrun for example_short_circuit_decorator to None, run_after=None
[2025-03-22T12:50:09.968+0500] {processor.py:208} INFO - Processing /home/ruslan/.local/lib/python3.10/site-packages/airflow/example_dags/example_short_circuit_decorator.py took 0.041 seconds
[2025-03-22T12:50:43.627+0500] {processor.py:186} INFO - Started process (PID=8344) to work on /home/ruslan/.local/lib/python3.10/site-packages/airflow/example_dags/example_short_circuit_decorator.py
[2025-03-22T12:50:43.628+0500] {processor.py:914} INFO - Processing file /home/ruslan/.local/lib/python3.10/site-packages/airflow/example_dags/example_short_circuit_decorator.py for tasks to queue
[2025-03-22T12:50:43.629+0500] {logging_mixin.py:190} INFO - [2025-03-22T12:50:43.629+0500] {dagbag.py:588} INFO - Filling up the DagBag from /home/ruslan/.local/lib/python3.10/site-packages/airflow/example_dags/example_short_circuit_decorator.py
[2025-03-22T12:50:43.637+0500] {processor.py:925} INFO - DAG(s) 'example_short_circuit_decorator' retrieved from /home/ruslan/.local/lib/python3.10/site-packages/airflow/example_dags/example_short_circuit_decorator.py
[2025-03-22T12:50:43.650+0500] {logging_mixin.py:190} INFO - [2025-03-22T12:50:43.650+0500] {dag.py:3239} INFO - Sync 1 DAGs
[2025-03-22T12:50:43.657+0500] {logging_mixin.py:190} INFO - [2025-03-22T12:50:43.657+0500] {dag.py:4180} INFO - Setting next_dagrun for example_short_circuit_decorator to None, run_after=None
[2025-03-22T12:50:43.671+0500] {processor.py:208} INFO - Processing /home/ruslan/.local/lib/python3.10/site-packages/airflow/example_dags/example_short_circuit_decorator.py took 0.047 seconds
[2025-03-22T12:52:15.560+0500] {processor.py:186} INFO - Started process (PID=9963) to work on /home/ruslan/.local/lib/python3.10/site-packages/airflow/example_dags/example_short_circuit_decorator.py
[2025-03-22T12:52:15.561+0500] {processor.py:914} INFO - Processing file /home/ruslan/.local/lib/python3.10/site-packages/airflow/example_dags/example_short_circuit_decorator.py for tasks to queue
[2025-03-22T12:52:15.563+0500] {logging_mixin.py:190} INFO - [2025-03-22T12:52:15.563+0500] {dagbag.py:588} INFO - Filling up the DagBag from /home/ruslan/.local/lib/python3.10/site-packages/airflow/example_dags/example_short_circuit_decorator.py
[2025-03-22T12:52:15.569+0500] {processor.py:925} INFO - DAG(s) 'example_short_circuit_decorator' retrieved from /home/ruslan/.local/lib/python3.10/site-packages/airflow/example_dags/example_short_circuit_decorator.py
[2025-03-22T12:52:15.578+0500] {logging_mixin.py:190} INFO - [2025-03-22T12:52:15.578+0500] {dag.py:3239} INFO - Sync 1 DAGs
[2025-03-22T12:52:15.585+0500] {logging_mixin.py:190} INFO - [2025-03-22T12:52:15.585+0500] {dag.py:4180} INFO - Setting next_dagrun for example_short_circuit_decorator to None, run_after=None
[2025-03-22T12:52:15.600+0500] {processor.py:208} INFO - Processing /home/ruslan/.local/lib/python3.10/site-packages/airflow/example_dags/example_short_circuit_decorator.py took 0.043 seconds
