[2025-03-22T10:07:25.912+0500] {processor.py:186} INFO - Started process (PID=17971) to work on /home/ruslan/.local/lib/python3.10/site-packages/airflow/example_dags/example_task_group.py
[2025-03-22T10:07:25.913+0500] {processor.py:914} INFO - Processing file /home/ruslan/.local/lib/python3.10/site-packages/airflow/example_dags/example_task_group.py for tasks to queue
[2025-03-22T10:07:25.914+0500] {logging_mixin.py:190} INFO - [2025-03-22T10:07:25.914+0500] {dagbag.py:588} INFO - Filling up the DagBag from /home/ruslan/.local/lib/python3.10/site-packages/airflow/example_dags/example_task_group.py
[2025-03-22T10:07:25.919+0500] {processor.py:925} INFO - DAG(s) 'example_task_group' retrieved from /home/ruslan/.local/lib/python3.10/site-packages/airflow/example_dags/example_task_group.py
[2025-03-22T10:07:25.976+0500] {logging_mixin.py:190} INFO - [2025-03-22T10:07:25.975+0500] {override.py:1930} INFO - Created Permission View: can delete on DAG:example_task_group
[2025-03-22T10:07:25.984+0500] {logging_mixin.py:190} INFO - [2025-03-22T10:07:25.984+0500] {override.py:1930} INFO - Created Permission View: can read on DAG:example_task_group
[2025-03-22T10:07:25.992+0500] {logging_mixin.py:190} INFO - [2025-03-22T10:07:25.992+0500] {override.py:1930} INFO - Created Permission View: can edit on DAG:example_task_group
[2025-03-22T10:07:26.004+0500] {logging_mixin.py:190} INFO - [2025-03-22T10:07:26.004+0500] {override.py:1930} INFO - Created Permission View: can create on DAG Run:example_task_group
[2025-03-22T10:07:26.011+0500] {logging_mixin.py:190} INFO - [2025-03-22T10:07:26.011+0500] {override.py:1930} INFO - Created Permission View: menu access on DAG Run:example_task_group
[2025-03-22T10:07:26.018+0500] {logging_mixin.py:190} INFO - [2025-03-22T10:07:26.017+0500] {override.py:1930} INFO - Created Permission View: can read on DAG Run:example_task_group
[2025-03-22T10:07:26.024+0500] {logging_mixin.py:190} INFO - [2025-03-22T10:07:26.024+0500] {override.py:1930} INFO - Created Permission View: can delete on DAG Run:example_task_group
[2025-03-22T10:07:26.025+0500] {logging_mixin.py:190} INFO - [2025-03-22T10:07:26.024+0500] {dag.py:3239} INFO - Sync 1 DAGs
[2025-03-22T10:07:26.031+0500] {logging_mixin.py:190} INFO - [2025-03-22T10:07:26.031+0500] {dag.py:3262} INFO - Creating ORM DAG for example_task_group
[2025-03-22T10:07:26.031+0500] {logging_mixin.py:190} INFO - [2025-03-22T10:07:26.031+0500] {dag.py:4180} INFO - Setting next_dagrun for example_task_group to None, run_after=None
[2025-03-22T10:07:26.044+0500] {processor.py:208} INFO - Processing /home/ruslan/.local/lib/python3.10/site-packages/airflow/example_dags/example_task_group.py took 0.135 seconds
[2025-03-22T10:08:22.447+0500] {processor.py:186} INFO - Started process (PID=18605) to work on /home/ruslan/.local/lib/python3.10/site-packages/airflow/example_dags/example_task_group.py
[2025-03-22T10:08:22.448+0500] {processor.py:914} INFO - Processing file /home/ruslan/.local/lib/python3.10/site-packages/airflow/example_dags/example_task_group.py for tasks to queue
[2025-03-22T10:08:22.450+0500] {logging_mixin.py:190} INFO - [2025-03-22T10:08:22.449+0500] {dagbag.py:588} INFO - Filling up the DagBag from /home/ruslan/.local/lib/python3.10/site-packages/airflow/example_dags/example_task_group.py
[2025-03-22T10:08:22.455+0500] {processor.py:925} INFO - DAG(s) 'example_task_group' retrieved from /home/ruslan/.local/lib/python3.10/site-packages/airflow/example_dags/example_task_group.py
[2025-03-22T10:08:22.464+0500] {logging_mixin.py:190} INFO - [2025-03-22T10:08:22.464+0500] {dag.py:3239} INFO - Sync 1 DAGs
[2025-03-22T10:08:22.472+0500] {logging_mixin.py:190} INFO - [2025-03-22T10:08:22.471+0500] {dag.py:4180} INFO - Setting next_dagrun for example_task_group to None, run_after=None
[2025-03-22T10:08:22.487+0500] {processor.py:208} INFO - Processing /home/ruslan/.local/lib/python3.10/site-packages/airflow/example_dags/example_task_group.py took 0.043 seconds
[2025-03-22T10:09:19.210+0500] {processor.py:186} INFO - Started process (PID=19209) to work on /home/ruslan/.local/lib/python3.10/site-packages/airflow/example_dags/example_task_group.py
[2025-03-22T10:09:19.212+0500] {processor.py:914} INFO - Processing file /home/ruslan/.local/lib/python3.10/site-packages/airflow/example_dags/example_task_group.py for tasks to queue
[2025-03-22T10:09:19.213+0500] {logging_mixin.py:190} INFO - [2025-03-22T10:09:19.213+0500] {dagbag.py:588} INFO - Filling up the DagBag from /home/ruslan/.local/lib/python3.10/site-packages/airflow/example_dags/example_task_group.py
[2025-03-22T10:09:19.218+0500] {processor.py:925} INFO - DAG(s) 'example_task_group' retrieved from /home/ruslan/.local/lib/python3.10/site-packages/airflow/example_dags/example_task_group.py
[2025-03-22T10:09:19.227+0500] {logging_mixin.py:190} INFO - [2025-03-22T10:09:19.227+0500] {dag.py:3239} INFO - Sync 1 DAGs
[2025-03-22T10:09:19.234+0500] {logging_mixin.py:190} INFO - [2025-03-22T10:09:19.234+0500] {dag.py:4180} INFO - Setting next_dagrun for example_task_group to None, run_after=None
[2025-03-22T10:09:19.251+0500] {processor.py:208} INFO - Processing /home/ruslan/.local/lib/python3.10/site-packages/airflow/example_dags/example_task_group.py took 0.044 seconds
[2025-03-22T10:10:16.403+0500] {processor.py:186} INFO - Started process (PID=19730) to work on /home/ruslan/.local/lib/python3.10/site-packages/airflow/example_dags/example_task_group.py
[2025-03-22T10:10:16.404+0500] {processor.py:914} INFO - Processing file /home/ruslan/.local/lib/python3.10/site-packages/airflow/example_dags/example_task_group.py for tasks to queue
[2025-03-22T10:10:16.405+0500] {logging_mixin.py:190} INFO - [2025-03-22T10:10:16.405+0500] {dagbag.py:588} INFO - Filling up the DagBag from /home/ruslan/.local/lib/python3.10/site-packages/airflow/example_dags/example_task_group.py
[2025-03-22T10:10:16.411+0500] {processor.py:925} INFO - DAG(s) 'example_task_group' retrieved from /home/ruslan/.local/lib/python3.10/site-packages/airflow/example_dags/example_task_group.py
[2025-03-22T10:10:16.423+0500] {logging_mixin.py:190} INFO - [2025-03-22T10:10:16.422+0500] {dag.py:3239} INFO - Sync 1 DAGs
[2025-03-22T10:10:16.431+0500] {logging_mixin.py:190} INFO - [2025-03-22T10:10:16.431+0500] {dag.py:4180} INFO - Setting next_dagrun for example_task_group to None, run_after=None
[2025-03-22T10:10:16.449+0500] {processor.py:208} INFO - Processing /home/ruslan/.local/lib/python3.10/site-packages/airflow/example_dags/example_task_group.py took 0.051 seconds
[2025-03-22T10:11:10.459+0500] {processor.py:186} INFO - Started process (PID=20315) to work on /home/ruslan/.local/lib/python3.10/site-packages/airflow/example_dags/example_task_group.py
[2025-03-22T10:11:10.461+0500] {processor.py:914} INFO - Processing file /home/ruslan/.local/lib/python3.10/site-packages/airflow/example_dags/example_task_group.py for tasks to queue
[2025-03-22T10:11:10.462+0500] {logging_mixin.py:190} INFO - [2025-03-22T10:11:10.462+0500] {dagbag.py:588} INFO - Filling up the DagBag from /home/ruslan/.local/lib/python3.10/site-packages/airflow/example_dags/example_task_group.py
[2025-03-22T10:11:10.468+0500] {processor.py:925} INFO - DAG(s) 'example_task_group' retrieved from /home/ruslan/.local/lib/python3.10/site-packages/airflow/example_dags/example_task_group.py
[2025-03-22T10:11:10.478+0500] {logging_mixin.py:190} INFO - [2025-03-22T10:11:10.478+0500] {dag.py:3239} INFO - Sync 1 DAGs
[2025-03-22T10:11:10.486+0500] {logging_mixin.py:190} INFO - [2025-03-22T10:11:10.486+0500] {dag.py:4180} INFO - Setting next_dagrun for example_task_group to None, run_after=None
[2025-03-22T10:11:10.502+0500] {processor.py:208} INFO - Processing /home/ruslan/.local/lib/python3.10/site-packages/airflow/example_dags/example_task_group.py took 0.047 seconds
[2025-03-22T10:12:03.360+0500] {processor.py:186} INFO - Started process (PID=20906) to work on /home/ruslan/.local/lib/python3.10/site-packages/airflow/example_dags/example_task_group.py
[2025-03-22T10:12:03.361+0500] {processor.py:914} INFO - Processing file /home/ruslan/.local/lib/python3.10/site-packages/airflow/example_dags/example_task_group.py for tasks to queue
[2025-03-22T10:12:03.362+0500] {logging_mixin.py:190} INFO - [2025-03-22T10:12:03.362+0500] {dagbag.py:588} INFO - Filling up the DagBag from /home/ruslan/.local/lib/python3.10/site-packages/airflow/example_dags/example_task_group.py
[2025-03-22T10:12:03.369+0500] {processor.py:925} INFO - DAG(s) 'example_task_group' retrieved from /home/ruslan/.local/lib/python3.10/site-packages/airflow/example_dags/example_task_group.py
[2025-03-22T10:12:03.379+0500] {logging_mixin.py:190} INFO - [2025-03-22T10:12:03.379+0500] {dag.py:3239} INFO - Sync 1 DAGs
[2025-03-22T10:12:03.387+0500] {logging_mixin.py:190} INFO - [2025-03-22T10:12:03.387+0500] {dag.py:4180} INFO - Setting next_dagrun for example_task_group to None, run_after=None
[2025-03-22T10:12:03.405+0500] {processor.py:208} INFO - Processing /home/ruslan/.local/lib/python3.10/site-packages/airflow/example_dags/example_task_group.py took 0.049 seconds
[2025-03-22T10:12:52.155+0500] {processor.py:186} INFO - Started process (PID=21417) to work on /home/ruslan/.local/lib/python3.10/site-packages/airflow/example_dags/example_task_group.py
[2025-03-22T10:12:52.156+0500] {processor.py:914} INFO - Processing file /home/ruslan/.local/lib/python3.10/site-packages/airflow/example_dags/example_task_group.py for tasks to queue
[2025-03-22T10:12:52.158+0500] {logging_mixin.py:190} INFO - [2025-03-22T10:12:52.157+0500] {dagbag.py:588} INFO - Filling up the DagBag from /home/ruslan/.local/lib/python3.10/site-packages/airflow/example_dags/example_task_group.py
[2025-03-22T10:12:52.164+0500] {processor.py:925} INFO - DAG(s) 'example_task_group' retrieved from /home/ruslan/.local/lib/python3.10/site-packages/airflow/example_dags/example_task_group.py
[2025-03-22T10:12:52.174+0500] {logging_mixin.py:190} INFO - [2025-03-22T10:12:52.174+0500] {dag.py:3239} INFO - Sync 1 DAGs
[2025-03-22T10:12:52.182+0500] {logging_mixin.py:190} INFO - [2025-03-22T10:12:52.182+0500] {dag.py:4180} INFO - Setting next_dagrun for example_task_group to None, run_after=None
[2025-03-22T10:12:52.200+0500] {processor.py:208} INFO - Processing /home/ruslan/.local/lib/python3.10/site-packages/airflow/example_dags/example_task_group.py took 0.050 seconds
[2025-03-22T10:13:47.942+0500] {processor.py:186} INFO - Started process (PID=22006) to work on /home/ruslan/.local/lib/python3.10/site-packages/airflow/example_dags/example_task_group.py
[2025-03-22T10:13:47.943+0500] {processor.py:914} INFO - Processing file /home/ruslan/.local/lib/python3.10/site-packages/airflow/example_dags/example_task_group.py for tasks to queue
[2025-03-22T10:13:47.944+0500] {logging_mixin.py:190} INFO - [2025-03-22T10:13:47.944+0500] {dagbag.py:588} INFO - Filling up the DagBag from /home/ruslan/.local/lib/python3.10/site-packages/airflow/example_dags/example_task_group.py
[2025-03-22T10:13:47.950+0500] {processor.py:925} INFO - DAG(s) 'example_task_group' retrieved from /home/ruslan/.local/lib/python3.10/site-packages/airflow/example_dags/example_task_group.py
[2025-03-22T10:13:47.961+0500] {logging_mixin.py:190} INFO - [2025-03-22T10:13:47.961+0500] {dag.py:3239} INFO - Sync 1 DAGs
[2025-03-22T10:13:47.969+0500] {logging_mixin.py:190} INFO - [2025-03-22T10:13:47.969+0500] {dag.py:4180} INFO - Setting next_dagrun for example_task_group to None, run_after=None
[2025-03-22T10:13:47.985+0500] {processor.py:208} INFO - Processing /home/ruslan/.local/lib/python3.10/site-packages/airflow/example_dags/example_task_group.py took 0.047 seconds
[2025-03-22T10:14:42.043+0500] {processor.py:186} INFO - Started process (PID=22518) to work on /home/ruslan/.local/lib/python3.10/site-packages/airflow/example_dags/example_task_group.py
[2025-03-22T10:14:42.044+0500] {processor.py:914} INFO - Processing file /home/ruslan/.local/lib/python3.10/site-packages/airflow/example_dags/example_task_group.py for tasks to queue
[2025-03-22T10:14:42.045+0500] {logging_mixin.py:190} INFO - [2025-03-22T10:14:42.045+0500] {dagbag.py:588} INFO - Filling up the DagBag from /home/ruslan/.local/lib/python3.10/site-packages/airflow/example_dags/example_task_group.py
[2025-03-22T10:14:42.051+0500] {processor.py:925} INFO - DAG(s) 'example_task_group' retrieved from /home/ruslan/.local/lib/python3.10/site-packages/airflow/example_dags/example_task_group.py
[2025-03-22T10:14:42.060+0500] {logging_mixin.py:190} INFO - [2025-03-22T10:14:42.060+0500] {dag.py:3239} INFO - Sync 1 DAGs
[2025-03-22T10:14:42.067+0500] {logging_mixin.py:190} INFO - [2025-03-22T10:14:42.067+0500] {dag.py:4180} INFO - Setting next_dagrun for example_task_group to None, run_after=None
[2025-03-22T10:14:42.082+0500] {processor.py:208} INFO - Processing /home/ruslan/.local/lib/python3.10/site-packages/airflow/example_dags/example_task_group.py took 0.043 seconds
[2025-03-22T10:15:33.676+0500] {processor.py:186} INFO - Started process (PID=23101) to work on /home/ruslan/.local/lib/python3.10/site-packages/airflow/example_dags/example_task_group.py
[2025-03-22T10:15:33.677+0500] {processor.py:914} INFO - Processing file /home/ruslan/.local/lib/python3.10/site-packages/airflow/example_dags/example_task_group.py for tasks to queue
[2025-03-22T10:15:33.678+0500] {logging_mixin.py:190} INFO - [2025-03-22T10:15:33.678+0500] {dagbag.py:588} INFO - Filling up the DagBag from /home/ruslan/.local/lib/python3.10/site-packages/airflow/example_dags/example_task_group.py
[2025-03-22T10:15:33.684+0500] {processor.py:925} INFO - DAG(s) 'example_task_group' retrieved from /home/ruslan/.local/lib/python3.10/site-packages/airflow/example_dags/example_task_group.py
[2025-03-22T10:15:33.694+0500] {logging_mixin.py:190} INFO - [2025-03-22T10:15:33.694+0500] {dag.py:3239} INFO - Sync 1 DAGs
[2025-03-22T10:15:33.701+0500] {logging_mixin.py:190} INFO - [2025-03-22T10:15:33.701+0500] {dag.py:4180} INFO - Setting next_dagrun for example_task_group to None, run_after=None
[2025-03-22T10:15:33.715+0500] {processor.py:208} INFO - Processing /home/ruslan/.local/lib/python3.10/site-packages/airflow/example_dags/example_task_group.py took 0.044 seconds
[2025-03-22T10:16:47.854+0500] {processor.py:186} INFO - Started process (PID=23805) to work on /home/ruslan/.local/lib/python3.10/site-packages/airflow/example_dags/example_task_group.py
[2025-03-22T10:16:47.855+0500] {processor.py:914} INFO - Processing file /home/ruslan/.local/lib/python3.10/site-packages/airflow/example_dags/example_task_group.py for tasks to queue
[2025-03-22T10:16:47.856+0500] {logging_mixin.py:190} INFO - [2025-03-22T10:16:47.856+0500] {dagbag.py:588} INFO - Filling up the DagBag from /home/ruslan/.local/lib/python3.10/site-packages/airflow/example_dags/example_task_group.py
[2025-03-22T10:16:47.861+0500] {processor.py:925} INFO - DAG(s) 'example_task_group' retrieved from /home/ruslan/.local/lib/python3.10/site-packages/airflow/example_dags/example_task_group.py
[2025-03-22T10:16:47.871+0500] {logging_mixin.py:190} INFO - [2025-03-22T10:16:47.870+0500] {dag.py:3239} INFO - Sync 1 DAGs
[2025-03-22T10:16:47.877+0500] {logging_mixin.py:190} INFO - [2025-03-22T10:16:47.877+0500] {dag.py:4180} INFO - Setting next_dagrun for example_task_group to None, run_after=None
[2025-03-22T10:16:47.892+0500] {processor.py:208} INFO - Processing /home/ruslan/.local/lib/python3.10/site-packages/airflow/example_dags/example_task_group.py took 0.042 seconds
[2025-03-22T10:17:39.517+0500] {processor.py:186} INFO - Started process (PID=24398) to work on /home/ruslan/.local/lib/python3.10/site-packages/airflow/example_dags/example_task_group.py
[2025-03-22T10:17:39.518+0500] {processor.py:914} INFO - Processing file /home/ruslan/.local/lib/python3.10/site-packages/airflow/example_dags/example_task_group.py for tasks to queue
[2025-03-22T10:17:39.519+0500] {logging_mixin.py:190} INFO - [2025-03-22T10:17:39.519+0500] {dagbag.py:588} INFO - Filling up the DagBag from /home/ruslan/.local/lib/python3.10/site-packages/airflow/example_dags/example_task_group.py
[2025-03-22T10:17:39.524+0500] {processor.py:925} INFO - DAG(s) 'example_task_group' retrieved from /home/ruslan/.local/lib/python3.10/site-packages/airflow/example_dags/example_task_group.py
[2025-03-22T10:17:39.534+0500] {logging_mixin.py:190} INFO - [2025-03-22T10:17:39.533+0500] {dag.py:3239} INFO - Sync 1 DAGs
[2025-03-22T10:17:39.540+0500] {logging_mixin.py:190} INFO - [2025-03-22T10:17:39.540+0500] {dag.py:4180} INFO - Setting next_dagrun for example_task_group to None, run_after=None
[2025-03-22T10:17:39.555+0500] {processor.py:208} INFO - Processing /home/ruslan/.local/lib/python3.10/site-packages/airflow/example_dags/example_task_group.py took 0.042 seconds
[2025-03-22T10:18:33.073+0500] {processor.py:186} INFO - Started process (PID=24931) to work on /home/ruslan/.local/lib/python3.10/site-packages/airflow/example_dags/example_task_group.py
[2025-03-22T10:18:33.075+0500] {processor.py:914} INFO - Processing file /home/ruslan/.local/lib/python3.10/site-packages/airflow/example_dags/example_task_group.py for tasks to queue
[2025-03-22T10:18:33.076+0500] {logging_mixin.py:190} INFO - [2025-03-22T10:18:33.076+0500] {dagbag.py:588} INFO - Filling up the DagBag from /home/ruslan/.local/lib/python3.10/site-packages/airflow/example_dags/example_task_group.py
[2025-03-22T10:18:33.081+0500] {processor.py:925} INFO - DAG(s) 'example_task_group' retrieved from /home/ruslan/.local/lib/python3.10/site-packages/airflow/example_dags/example_task_group.py
[2025-03-22T10:18:33.090+0500] {logging_mixin.py:190} INFO - [2025-03-22T10:18:33.090+0500] {dag.py:3239} INFO - Sync 1 DAGs
[2025-03-22T10:18:33.097+0500] {logging_mixin.py:190} INFO - [2025-03-22T10:18:33.097+0500] {dag.py:4180} INFO - Setting next_dagrun for example_task_group to None, run_after=None
[2025-03-22T10:18:33.112+0500] {processor.py:208} INFO - Processing /home/ruslan/.local/lib/python3.10/site-packages/airflow/example_dags/example_task_group.py took 0.042 seconds
[2025-03-22T10:19:47.791+0500] {processor.py:186} INFO - Started process (PID=25719) to work on /home/ruslan/.local/lib/python3.10/site-packages/airflow/example_dags/example_task_group.py
[2025-03-22T10:19:47.792+0500] {processor.py:914} INFO - Processing file /home/ruslan/.local/lib/python3.10/site-packages/airflow/example_dags/example_task_group.py for tasks to queue
[2025-03-22T10:19:47.794+0500] {logging_mixin.py:190} INFO - [2025-03-22T10:19:47.793+0500] {dagbag.py:588} INFO - Filling up the DagBag from /home/ruslan/.local/lib/python3.10/site-packages/airflow/example_dags/example_task_group.py
[2025-03-22T10:19:47.799+0500] {processor.py:925} INFO - DAG(s) 'example_task_group' retrieved from /home/ruslan/.local/lib/python3.10/site-packages/airflow/example_dags/example_task_group.py
[2025-03-22T10:19:47.809+0500] {logging_mixin.py:190} INFO - [2025-03-22T10:19:47.809+0500] {dag.py:3239} INFO - Sync 1 DAGs
[2025-03-22T10:19:47.817+0500] {logging_mixin.py:190} INFO - [2025-03-22T10:19:47.817+0500] {dag.py:4180} INFO - Setting next_dagrun for example_task_group to None, run_after=None
[2025-03-22T10:19:47.833+0500] {processor.py:208} INFO - Processing /home/ruslan/.local/lib/python3.10/site-packages/airflow/example_dags/example_task_group.py took 0.046 seconds
[2025-03-22T10:20:40.320+0500] {processor.py:186} INFO - Started process (PID=26323) to work on /home/ruslan/.local/lib/python3.10/site-packages/airflow/example_dags/example_task_group.py
[2025-03-22T10:20:40.321+0500] {processor.py:914} INFO - Processing file /home/ruslan/.local/lib/python3.10/site-packages/airflow/example_dags/example_task_group.py for tasks to queue
[2025-03-22T10:20:40.323+0500] {logging_mixin.py:190} INFO - [2025-03-22T10:20:40.322+0500] {dagbag.py:588} INFO - Filling up the DagBag from /home/ruslan/.local/lib/python3.10/site-packages/airflow/example_dags/example_task_group.py
[2025-03-22T10:20:40.328+0500] {processor.py:925} INFO - DAG(s) 'example_task_group' retrieved from /home/ruslan/.local/lib/python3.10/site-packages/airflow/example_dags/example_task_group.py
[2025-03-22T10:20:40.338+0500] {logging_mixin.py:190} INFO - [2025-03-22T10:20:40.338+0500] {dag.py:3239} INFO - Sync 1 DAGs
[2025-03-22T10:20:40.345+0500] {logging_mixin.py:190} INFO - [2025-03-22T10:20:40.345+0500] {dag.py:4180} INFO - Setting next_dagrun for example_task_group to None, run_after=None
[2025-03-22T10:20:40.360+0500] {processor.py:208} INFO - Processing /home/ruslan/.local/lib/python3.10/site-packages/airflow/example_dags/example_task_group.py took 0.044 seconds
[2025-03-22T10:21:31.584+0500] {processor.py:186} INFO - Started process (PID=26843) to work on /home/ruslan/.local/lib/python3.10/site-packages/airflow/example_dags/example_task_group.py
[2025-03-22T10:21:31.585+0500] {processor.py:914} INFO - Processing file /home/ruslan/.local/lib/python3.10/site-packages/airflow/example_dags/example_task_group.py for tasks to queue
[2025-03-22T10:21:31.586+0500] {logging_mixin.py:190} INFO - [2025-03-22T10:21:31.586+0500] {dagbag.py:588} INFO - Filling up the DagBag from /home/ruslan/.local/lib/python3.10/site-packages/airflow/example_dags/example_task_group.py
[2025-03-22T10:21:31.592+0500] {processor.py:925} INFO - DAG(s) 'example_task_group' retrieved from /home/ruslan/.local/lib/python3.10/site-packages/airflow/example_dags/example_task_group.py
[2025-03-22T10:21:31.602+0500] {logging_mixin.py:190} INFO - [2025-03-22T10:21:31.602+0500] {dag.py:3239} INFO - Sync 1 DAGs
[2025-03-22T10:21:31.609+0500] {logging_mixin.py:190} INFO - [2025-03-22T10:21:31.609+0500] {dag.py:4180} INFO - Setting next_dagrun for example_task_group to None, run_after=None
[2025-03-22T10:21:31.624+0500] {processor.py:208} INFO - Processing /home/ruslan/.local/lib/python3.10/site-packages/airflow/example_dags/example_task_group.py took 0.044 seconds
[2025-03-22T10:22:26.909+0500] {processor.py:186} INFO - Started process (PID=27452) to work on /home/ruslan/.local/lib/python3.10/site-packages/airflow/example_dags/example_task_group.py
[2025-03-22T10:22:26.910+0500] {processor.py:914} INFO - Processing file /home/ruslan/.local/lib/python3.10/site-packages/airflow/example_dags/example_task_group.py for tasks to queue
[2025-03-22T10:22:26.912+0500] {logging_mixin.py:190} INFO - [2025-03-22T10:22:26.912+0500] {dagbag.py:588} INFO - Filling up the DagBag from /home/ruslan/.local/lib/python3.10/site-packages/airflow/example_dags/example_task_group.py
[2025-03-22T10:22:26.917+0500] {processor.py:925} INFO - DAG(s) 'example_task_group' retrieved from /home/ruslan/.local/lib/python3.10/site-packages/airflow/example_dags/example_task_group.py
[2025-03-22T10:22:26.928+0500] {logging_mixin.py:190} INFO - [2025-03-22T10:22:26.928+0500] {dag.py:3239} INFO - Sync 1 DAGs
[2025-03-22T10:22:26.935+0500] {logging_mixin.py:190} INFO - [2025-03-22T10:22:26.935+0500] {dag.py:4180} INFO - Setting next_dagrun for example_task_group to None, run_after=None
[2025-03-22T10:22:26.950+0500] {processor.py:208} INFO - Processing /home/ruslan/.local/lib/python3.10/site-packages/airflow/example_dags/example_task_group.py took 0.045 seconds
[2025-03-22T10:23:19.363+0500] {processor.py:186} INFO - Started process (PID=28065) to work on /home/ruslan/.local/lib/python3.10/site-packages/airflow/example_dags/example_task_group.py
[2025-03-22T10:23:19.364+0500] {processor.py:914} INFO - Processing file /home/ruslan/.local/lib/python3.10/site-packages/airflow/example_dags/example_task_group.py for tasks to queue
[2025-03-22T10:23:19.366+0500] {logging_mixin.py:190} INFO - [2025-03-22T10:23:19.365+0500] {dagbag.py:588} INFO - Filling up the DagBag from /home/ruslan/.local/lib/python3.10/site-packages/airflow/example_dags/example_task_group.py
[2025-03-22T10:23:19.371+0500] {processor.py:925} INFO - DAG(s) 'example_task_group' retrieved from /home/ruslan/.local/lib/python3.10/site-packages/airflow/example_dags/example_task_group.py
[2025-03-22T10:23:19.381+0500] {logging_mixin.py:190} INFO - [2025-03-22T10:23:19.381+0500] {dag.py:3239} INFO - Sync 1 DAGs
[2025-03-22T10:23:19.388+0500] {logging_mixin.py:190} INFO - [2025-03-22T10:23:19.388+0500] {dag.py:4180} INFO - Setting next_dagrun for example_task_group to None, run_after=None
[2025-03-22T10:23:19.403+0500] {processor.py:208} INFO - Processing /home/ruslan/.local/lib/python3.10/site-packages/airflow/example_dags/example_task_group.py took 0.044 seconds
[2025-03-22T10:24:11.135+0500] {processor.py:186} INFO - Started process (PID=28569) to work on /home/ruslan/.local/lib/python3.10/site-packages/airflow/example_dags/example_task_group.py
[2025-03-22T10:24:11.136+0500] {processor.py:914} INFO - Processing file /home/ruslan/.local/lib/python3.10/site-packages/airflow/example_dags/example_task_group.py for tasks to queue
[2025-03-22T10:24:11.137+0500] {logging_mixin.py:190} INFO - [2025-03-22T10:24:11.137+0500] {dagbag.py:588} INFO - Filling up the DagBag from /home/ruslan/.local/lib/python3.10/site-packages/airflow/example_dags/example_task_group.py
[2025-03-22T10:24:11.142+0500] {processor.py:925} INFO - DAG(s) 'example_task_group' retrieved from /home/ruslan/.local/lib/python3.10/site-packages/airflow/example_dags/example_task_group.py
[2025-03-22T10:24:11.152+0500] {logging_mixin.py:190} INFO - [2025-03-22T10:24:11.151+0500] {dag.py:3239} INFO - Sync 1 DAGs
[2025-03-22T10:24:11.158+0500] {logging_mixin.py:190} INFO - [2025-03-22T10:24:11.158+0500] {dag.py:4180} INFO - Setting next_dagrun for example_task_group to None, run_after=None
[2025-03-22T10:24:11.174+0500] {processor.py:208} INFO - Processing /home/ruslan/.local/lib/python3.10/site-packages/airflow/example_dags/example_task_group.py took 0.042 seconds
[2025-03-22T10:25:00.926+0500] {processor.py:186} INFO - Started process (PID=29104) to work on /home/ruslan/.local/lib/python3.10/site-packages/airflow/example_dags/example_task_group.py
[2025-03-22T10:25:00.927+0500] {processor.py:914} INFO - Processing file /home/ruslan/.local/lib/python3.10/site-packages/airflow/example_dags/example_task_group.py for tasks to queue
[2025-03-22T10:25:00.928+0500] {logging_mixin.py:190} INFO - [2025-03-22T10:25:00.928+0500] {dagbag.py:588} INFO - Filling up the DagBag from /home/ruslan/.local/lib/python3.10/site-packages/airflow/example_dags/example_task_group.py
[2025-03-22T10:25:00.934+0500] {processor.py:925} INFO - DAG(s) 'example_task_group' retrieved from /home/ruslan/.local/lib/python3.10/site-packages/airflow/example_dags/example_task_group.py
[2025-03-22T10:25:00.943+0500] {logging_mixin.py:190} INFO - [2025-03-22T10:25:00.943+0500] {dag.py:3239} INFO - Sync 1 DAGs
[2025-03-22T10:25:00.949+0500] {logging_mixin.py:190} INFO - [2025-03-22T10:25:00.949+0500] {dag.py:4180} INFO - Setting next_dagrun for example_task_group to None, run_after=None
[2025-03-22T10:25:00.964+0500] {processor.py:208} INFO - Processing /home/ruslan/.local/lib/python3.10/site-packages/airflow/example_dags/example_task_group.py took 0.042 seconds
[2025-03-22T10:26:20.074+0500] {processor.py:186} INFO - Started process (PID=30473) to work on /home/ruslan/.local/lib/python3.10/site-packages/airflow/example_dags/example_task_group.py
[2025-03-22T10:26:20.075+0500] {processor.py:914} INFO - Processing file /home/ruslan/.local/lib/python3.10/site-packages/airflow/example_dags/example_task_group.py for tasks to queue
[2025-03-22T10:26:20.076+0500] {logging_mixin.py:190} INFO - [2025-03-22T10:26:20.076+0500] {dagbag.py:588} INFO - Filling up the DagBag from /home/ruslan/.local/lib/python3.10/site-packages/airflow/example_dags/example_task_group.py
[2025-03-22T10:26:20.083+0500] {processor.py:925} INFO - DAG(s) 'example_task_group' retrieved from /home/ruslan/.local/lib/python3.10/site-packages/airflow/example_dags/example_task_group.py
[2025-03-22T10:26:20.093+0500] {logging_mixin.py:190} INFO - [2025-03-22T10:26:20.093+0500] {dag.py:3239} INFO - Sync 1 DAGs
[2025-03-22T10:26:20.100+0500] {logging_mixin.py:190} INFO - [2025-03-22T10:26:20.100+0500] {dag.py:4180} INFO - Setting next_dagrun for example_task_group to None, run_after=None
[2025-03-22T10:26:20.115+0500] {processor.py:208} INFO - Processing /home/ruslan/.local/lib/python3.10/site-packages/airflow/example_dags/example_task_group.py took 0.044 seconds
[2025-03-22T10:27:11.306+0500] {processor.py:186} INFO - Started process (PID=31044) to work on /home/ruslan/.local/lib/python3.10/site-packages/airflow/example_dags/example_task_group.py
[2025-03-22T10:27:11.307+0500] {processor.py:914} INFO - Processing file /home/ruslan/.local/lib/python3.10/site-packages/airflow/example_dags/example_task_group.py for tasks to queue
[2025-03-22T10:27:11.308+0500] {logging_mixin.py:190} INFO - [2025-03-22T10:27:11.308+0500] {dagbag.py:588} INFO - Filling up the DagBag from /home/ruslan/.local/lib/python3.10/site-packages/airflow/example_dags/example_task_group.py
[2025-03-22T10:27:11.313+0500] {processor.py:925} INFO - DAG(s) 'example_task_group' retrieved from /home/ruslan/.local/lib/python3.10/site-packages/airflow/example_dags/example_task_group.py
[2025-03-22T10:27:11.322+0500] {logging_mixin.py:190} INFO - [2025-03-22T10:27:11.322+0500] {dag.py:3239} INFO - Sync 1 DAGs
[2025-03-22T10:27:11.329+0500] {logging_mixin.py:190} INFO - [2025-03-22T10:27:11.329+0500] {dag.py:4180} INFO - Setting next_dagrun for example_task_group to None, run_after=None
[2025-03-22T10:27:11.344+0500] {processor.py:208} INFO - Processing /home/ruslan/.local/lib/python3.10/site-packages/airflow/example_dags/example_task_group.py took 0.041 seconds
[2025-03-22T10:28:01.517+0500] {processor.py:186} INFO - Started process (PID=31583) to work on /home/ruslan/.local/lib/python3.10/site-packages/airflow/example_dags/example_task_group.py
[2025-03-22T10:28:01.518+0500] {processor.py:914} INFO - Processing file /home/ruslan/.local/lib/python3.10/site-packages/airflow/example_dags/example_task_group.py for tasks to queue
[2025-03-22T10:28:01.520+0500] {logging_mixin.py:190} INFO - [2025-03-22T10:28:01.519+0500] {dagbag.py:588} INFO - Filling up the DagBag from /home/ruslan/.local/lib/python3.10/site-packages/airflow/example_dags/example_task_group.py
[2025-03-22T10:28:01.525+0500] {processor.py:925} INFO - DAG(s) 'example_task_group' retrieved from /home/ruslan/.local/lib/python3.10/site-packages/airflow/example_dags/example_task_group.py
[2025-03-22T10:28:01.534+0500] {logging_mixin.py:190} INFO - [2025-03-22T10:28:01.534+0500] {dag.py:3239} INFO - Sync 1 DAGs
[2025-03-22T10:28:01.541+0500] {logging_mixin.py:190} INFO - [2025-03-22T10:28:01.541+0500] {dag.py:4180} INFO - Setting next_dagrun for example_task_group to None, run_after=None
[2025-03-22T10:28:01.556+0500] {processor.py:208} INFO - Processing /home/ruslan/.local/lib/python3.10/site-packages/airflow/example_dags/example_task_group.py took 0.042 seconds
[2025-03-22T10:28:53.438+0500] {processor.py:186} INFO - Started process (PID=32201) to work on /home/ruslan/.local/lib/python3.10/site-packages/airflow/example_dags/example_task_group.py
[2025-03-22T10:28:53.439+0500] {processor.py:914} INFO - Processing file /home/ruslan/.local/lib/python3.10/site-packages/airflow/example_dags/example_task_group.py for tasks to queue
[2025-03-22T10:28:53.440+0500] {logging_mixin.py:190} INFO - [2025-03-22T10:28:53.440+0500] {dagbag.py:588} INFO - Filling up the DagBag from /home/ruslan/.local/lib/python3.10/site-packages/airflow/example_dags/example_task_group.py
[2025-03-22T10:28:53.446+0500] {processor.py:925} INFO - DAG(s) 'example_task_group' retrieved from /home/ruslan/.local/lib/python3.10/site-packages/airflow/example_dags/example_task_group.py
[2025-03-22T10:28:53.455+0500] {logging_mixin.py:190} INFO - [2025-03-22T10:28:53.455+0500] {dag.py:3239} INFO - Sync 1 DAGs
[2025-03-22T10:28:53.462+0500] {logging_mixin.py:190} INFO - [2025-03-22T10:28:53.462+0500] {dag.py:4180} INFO - Setting next_dagrun for example_task_group to None, run_after=None
[2025-03-22T10:28:53.476+0500] {processor.py:208} INFO - Processing /home/ruslan/.local/lib/python3.10/site-packages/airflow/example_dags/example_task_group.py took 0.042 seconds
[2025-03-22T10:29:47.478+0500] {processor.py:186} INFO - Started process (PID=32733) to work on /home/ruslan/.local/lib/python3.10/site-packages/airflow/example_dags/example_task_group.py
[2025-03-22T10:29:47.479+0500] {processor.py:914} INFO - Processing file /home/ruslan/.local/lib/python3.10/site-packages/airflow/example_dags/example_task_group.py for tasks to queue
[2025-03-22T10:29:47.479+0500] {logging_mixin.py:190} INFO - [2025-03-22T10:29:47.479+0500] {dagbag.py:588} INFO - Filling up the DagBag from /home/ruslan/.local/lib/python3.10/site-packages/airflow/example_dags/example_task_group.py
[2025-03-22T10:29:47.485+0500] {processor.py:925} INFO - DAG(s) 'example_task_group' retrieved from /home/ruslan/.local/lib/python3.10/site-packages/airflow/example_dags/example_task_group.py
[2025-03-22T10:29:47.495+0500] {logging_mixin.py:190} INFO - [2025-03-22T10:29:47.495+0500] {dag.py:3239} INFO - Sync 1 DAGs
[2025-03-22T10:29:47.502+0500] {logging_mixin.py:190} INFO - [2025-03-22T10:29:47.502+0500] {dag.py:4180} INFO - Setting next_dagrun for example_task_group to None, run_after=None
[2025-03-22T10:29:47.517+0500] {processor.py:208} INFO - Processing /home/ruslan/.local/lib/python3.10/site-packages/airflow/example_dags/example_task_group.py took 0.043 seconds
[2025-03-22T10:30:39.213+0500] {processor.py:186} INFO - Started process (PID=32991) to work on /home/ruslan/.local/lib/python3.10/site-packages/airflow/example_dags/example_task_group.py
[2025-03-22T10:30:39.214+0500] {processor.py:914} INFO - Processing file /home/ruslan/.local/lib/python3.10/site-packages/airflow/example_dags/example_task_group.py for tasks to queue
[2025-03-22T10:30:39.215+0500] {logging_mixin.py:190} INFO - [2025-03-22T10:30:39.215+0500] {dagbag.py:588} INFO - Filling up the DagBag from /home/ruslan/.local/lib/python3.10/site-packages/airflow/example_dags/example_task_group.py
[2025-03-22T10:30:39.221+0500] {processor.py:925} INFO - DAG(s) 'example_task_group' retrieved from /home/ruslan/.local/lib/python3.10/site-packages/airflow/example_dags/example_task_group.py
[2025-03-22T10:30:39.230+0500] {logging_mixin.py:190} INFO - [2025-03-22T10:30:39.229+0500] {dag.py:3239} INFO - Sync 1 DAGs
[2025-03-22T10:30:39.237+0500] {logging_mixin.py:190} INFO - [2025-03-22T10:30:39.236+0500] {dag.py:4180} INFO - Setting next_dagrun for example_task_group to None, run_after=None
[2025-03-22T10:30:39.252+0500] {processor.py:208} INFO - Processing /home/ruslan/.local/lib/python3.10/site-packages/airflow/example_dags/example_task_group.py took 0.042 seconds
[2025-03-22T10:31:30.807+0500] {processor.py:186} INFO - Started process (PID=33544) to work on /home/ruslan/.local/lib/python3.10/site-packages/airflow/example_dags/example_task_group.py
[2025-03-22T10:31:30.808+0500] {processor.py:914} INFO - Processing file /home/ruslan/.local/lib/python3.10/site-packages/airflow/example_dags/example_task_group.py for tasks to queue
[2025-03-22T10:31:30.809+0500] {logging_mixin.py:190} INFO - [2025-03-22T10:31:30.809+0500] {dagbag.py:588} INFO - Filling up the DagBag from /home/ruslan/.local/lib/python3.10/site-packages/airflow/example_dags/example_task_group.py
[2025-03-22T10:31:30.815+0500] {processor.py:925} INFO - DAG(s) 'example_task_group' retrieved from /home/ruslan/.local/lib/python3.10/site-packages/airflow/example_dags/example_task_group.py
[2025-03-22T10:31:30.824+0500] {logging_mixin.py:190} INFO - [2025-03-22T10:31:30.824+0500] {dag.py:3239} INFO - Sync 1 DAGs
[2025-03-22T10:31:30.832+0500] {logging_mixin.py:190} INFO - [2025-03-22T10:31:30.832+0500] {dag.py:4180} INFO - Setting next_dagrun for example_task_group to None, run_after=None
[2025-03-22T10:31:30.847+0500] {processor.py:208} INFO - Processing /home/ruslan/.local/lib/python3.10/site-packages/airflow/example_dags/example_task_group.py took 0.044 seconds
[2025-03-22T10:32:23.195+0500] {processor.py:186} INFO - Started process (PID=34302) to work on /home/ruslan/.local/lib/python3.10/site-packages/airflow/example_dags/example_task_group.py
[2025-03-22T10:32:23.197+0500] {processor.py:914} INFO - Processing file /home/ruslan/.local/lib/python3.10/site-packages/airflow/example_dags/example_task_group.py for tasks to queue
[2025-03-22T10:32:23.199+0500] {logging_mixin.py:190} INFO - [2025-03-22T10:32:23.198+0500] {dagbag.py:588} INFO - Filling up the DagBag from /home/ruslan/.local/lib/python3.10/site-packages/airflow/example_dags/example_task_group.py
[2025-03-22T10:32:23.209+0500] {processor.py:925} INFO - DAG(s) 'example_task_group' retrieved from /home/ruslan/.local/lib/python3.10/site-packages/airflow/example_dags/example_task_group.py
[2025-03-22T10:32:23.226+0500] {logging_mixin.py:190} INFO - [2025-03-22T10:32:23.226+0500] {dag.py:3239} INFO - Sync 1 DAGs
[2025-03-22T10:32:23.241+0500] {logging_mixin.py:190} INFO - [2025-03-22T10:32:23.240+0500] {dag.py:4180} INFO - Setting next_dagrun for example_task_group to None, run_after=None
[2025-03-22T10:32:23.261+0500] {processor.py:208} INFO - Processing /home/ruslan/.local/lib/python3.10/site-packages/airflow/example_dags/example_task_group.py took 0.074 seconds
[2025-03-22T10:33:23.921+0500] {processor.py:186} INFO - Started process (PID=35094) to work on /home/ruslan/.local/lib/python3.10/site-packages/airflow/example_dags/example_task_group.py
[2025-03-22T10:33:23.922+0500] {processor.py:914} INFO - Processing file /home/ruslan/.local/lib/python3.10/site-packages/airflow/example_dags/example_task_group.py for tasks to queue
[2025-03-22T10:33:23.924+0500] {logging_mixin.py:190} INFO - [2025-03-22T10:33:23.923+0500] {dagbag.py:588} INFO - Filling up the DagBag from /home/ruslan/.local/lib/python3.10/site-packages/airflow/example_dags/example_task_group.py
[2025-03-22T10:33:23.929+0500] {processor.py:925} INFO - DAG(s) 'example_task_group' retrieved from /home/ruslan/.local/lib/python3.10/site-packages/airflow/example_dags/example_task_group.py
[2025-03-22T10:33:23.939+0500] {logging_mixin.py:190} INFO - [2025-03-22T10:33:23.938+0500] {dag.py:3239} INFO - Sync 1 DAGs
[2025-03-22T10:33:23.946+0500] {logging_mixin.py:190} INFO - [2025-03-22T10:33:23.946+0500] {dag.py:4180} INFO - Setting next_dagrun for example_task_group to None, run_after=None
[2025-03-22T10:33:23.960+0500] {processor.py:208} INFO - Processing /home/ruslan/.local/lib/python3.10/site-packages/airflow/example_dags/example_task_group.py took 0.042 seconds
[2025-03-22T10:34:18.047+0500] {processor.py:186} INFO - Started process (PID=35658) to work on /home/ruslan/.local/lib/python3.10/site-packages/airflow/example_dags/example_task_group.py
[2025-03-22T10:34:18.048+0500] {processor.py:914} INFO - Processing file /home/ruslan/.local/lib/python3.10/site-packages/airflow/example_dags/example_task_group.py for tasks to queue
[2025-03-22T10:34:18.049+0500] {logging_mixin.py:190} INFO - [2025-03-22T10:34:18.049+0500] {dagbag.py:588} INFO - Filling up the DagBag from /home/ruslan/.local/lib/python3.10/site-packages/airflow/example_dags/example_task_group.py
[2025-03-22T10:34:18.055+0500] {processor.py:925} INFO - DAG(s) 'example_task_group' retrieved from /home/ruslan/.local/lib/python3.10/site-packages/airflow/example_dags/example_task_group.py
[2025-03-22T10:34:18.064+0500] {logging_mixin.py:190} INFO - [2025-03-22T10:34:18.064+0500] {dag.py:3239} INFO - Sync 1 DAGs
[2025-03-22T10:34:18.071+0500] {logging_mixin.py:190} INFO - [2025-03-22T10:34:18.071+0500] {dag.py:4180} INFO - Setting next_dagrun for example_task_group to None, run_after=None
[2025-03-22T10:34:18.086+0500] {processor.py:208} INFO - Processing /home/ruslan/.local/lib/python3.10/site-packages/airflow/example_dags/example_task_group.py took 0.043 seconds
[2025-03-22T10:35:12.274+0500] {processor.py:186} INFO - Started process (PID=36341) to work on /home/ruslan/.local/lib/python3.10/site-packages/airflow/example_dags/example_task_group.py
[2025-03-22T10:35:12.275+0500] {processor.py:914} INFO - Processing file /home/ruslan/.local/lib/python3.10/site-packages/airflow/example_dags/example_task_group.py for tasks to queue
[2025-03-22T10:35:12.276+0500] {logging_mixin.py:190} INFO - [2025-03-22T10:35:12.276+0500] {dagbag.py:588} INFO - Filling up the DagBag from /home/ruslan/.local/lib/python3.10/site-packages/airflow/example_dags/example_task_group.py
[2025-03-22T10:35:12.282+0500] {processor.py:925} INFO - DAG(s) 'example_task_group' retrieved from /home/ruslan/.local/lib/python3.10/site-packages/airflow/example_dags/example_task_group.py
[2025-03-22T10:35:12.291+0500] {logging_mixin.py:190} INFO - [2025-03-22T10:35:12.291+0500] {dag.py:3239} INFO - Sync 1 DAGs
[2025-03-22T10:35:12.297+0500] {logging_mixin.py:190} INFO - [2025-03-22T10:35:12.297+0500] {dag.py:4180} INFO - Setting next_dagrun for example_task_group to None, run_after=None
[2025-03-22T10:35:12.312+0500] {processor.py:208} INFO - Processing /home/ruslan/.local/lib/python3.10/site-packages/airflow/example_dags/example_task_group.py took 0.042 seconds
[2025-03-22T10:36:24.160+0500] {processor.py:186} INFO - Started process (PID=37173) to work on /home/ruslan/.local/lib/python3.10/site-packages/airflow/example_dags/example_task_group.py
[2025-03-22T10:36:24.161+0500] {processor.py:914} INFO - Processing file /home/ruslan/.local/lib/python3.10/site-packages/airflow/example_dags/example_task_group.py for tasks to queue
[2025-03-22T10:36:24.163+0500] {logging_mixin.py:190} INFO - [2025-03-22T10:36:24.162+0500] {dagbag.py:588} INFO - Filling up the DagBag from /home/ruslan/.local/lib/python3.10/site-packages/airflow/example_dags/example_task_group.py
[2025-03-22T10:36:24.168+0500] {processor.py:925} INFO - DAG(s) 'example_task_group' retrieved from /home/ruslan/.local/lib/python3.10/site-packages/airflow/example_dags/example_task_group.py
[2025-03-22T10:36:24.177+0500] {logging_mixin.py:190} INFO - [2025-03-22T10:36:24.177+0500] {dag.py:3239} INFO - Sync 1 DAGs
[2025-03-22T10:36:24.184+0500] {logging_mixin.py:190} INFO - [2025-03-22T10:36:24.183+0500] {dag.py:4180} INFO - Setting next_dagrun for example_task_group to None, run_after=None
[2025-03-22T10:36:24.198+0500] {processor.py:208} INFO - Processing /home/ruslan/.local/lib/python3.10/site-packages/airflow/example_dags/example_task_group.py took 0.042 seconds
[2025-03-22T10:37:39.225+0500] {processor.py:186} INFO - Started process (PID=37551) to work on /home/ruslan/.local/lib/python3.10/site-packages/airflow/example_dags/example_task_group.py
[2025-03-22T10:37:39.226+0500] {processor.py:914} INFO - Processing file /home/ruslan/.local/lib/python3.10/site-packages/airflow/example_dags/example_task_group.py for tasks to queue
[2025-03-22T10:37:39.228+0500] {logging_mixin.py:190} INFO - [2025-03-22T10:37:39.227+0500] {dagbag.py:588} INFO - Filling up the DagBag from /home/ruslan/.local/lib/python3.10/site-packages/airflow/example_dags/example_task_group.py
[2025-03-22T10:37:39.233+0500] {processor.py:925} INFO - DAG(s) 'example_task_group' retrieved from /home/ruslan/.local/lib/python3.10/site-packages/airflow/example_dags/example_task_group.py
[2025-03-22T10:37:39.243+0500] {logging_mixin.py:190} INFO - [2025-03-22T10:37:39.242+0500] {dag.py:3239} INFO - Sync 1 DAGs
[2025-03-22T10:37:39.249+0500] {logging_mixin.py:190} INFO - [2025-03-22T10:37:39.249+0500] {dag.py:4180} INFO - Setting next_dagrun for example_task_group to None, run_after=None
[2025-03-22T10:37:39.265+0500] {processor.py:208} INFO - Processing /home/ruslan/.local/lib/python3.10/site-packages/airflow/example_dags/example_task_group.py took 0.043 seconds
[2025-03-22T10:39:09.346+0500] {processor.py:186} INFO - Started process (PID=38870) to work on /home/ruslan/.local/lib/python3.10/site-packages/airflow/example_dags/example_task_group.py
[2025-03-22T10:39:09.347+0500] {processor.py:914} INFO - Processing file /home/ruslan/.local/lib/python3.10/site-packages/airflow/example_dags/example_task_group.py for tasks to queue
[2025-03-22T10:39:09.348+0500] {logging_mixin.py:190} INFO - [2025-03-22T10:39:09.348+0500] {dagbag.py:588} INFO - Filling up the DagBag from /home/ruslan/.local/lib/python3.10/site-packages/airflow/example_dags/example_task_group.py
[2025-03-22T10:39:09.354+0500] {processor.py:925} INFO - DAG(s) 'example_task_group' retrieved from /home/ruslan/.local/lib/python3.10/site-packages/airflow/example_dags/example_task_group.py
[2025-03-22T10:39:09.363+0500] {logging_mixin.py:190} INFO - [2025-03-22T10:39:09.363+0500] {dag.py:3239} INFO - Sync 1 DAGs
[2025-03-22T10:39:09.370+0500] {logging_mixin.py:190} INFO - [2025-03-22T10:39:09.370+0500] {dag.py:4180} INFO - Setting next_dagrun for example_task_group to None, run_after=None
[2025-03-22T10:39:09.386+0500] {processor.py:208} INFO - Processing /home/ruslan/.local/lib/python3.10/site-packages/airflow/example_dags/example_task_group.py took 0.044 seconds
[2025-03-22T10:40:03.588+0500] {processor.py:186} INFO - Started process (PID=39451) to work on /home/ruslan/.local/lib/python3.10/site-packages/airflow/example_dags/example_task_group.py
[2025-03-22T10:40:03.589+0500] {processor.py:914} INFO - Processing file /home/ruslan/.local/lib/python3.10/site-packages/airflow/example_dags/example_task_group.py for tasks to queue
[2025-03-22T10:40:03.591+0500] {logging_mixin.py:190} INFO - [2025-03-22T10:40:03.590+0500] {dagbag.py:588} INFO - Filling up the DagBag from /home/ruslan/.local/lib/python3.10/site-packages/airflow/example_dags/example_task_group.py
[2025-03-22T10:40:03.596+0500] {processor.py:925} INFO - DAG(s) 'example_task_group' retrieved from /home/ruslan/.local/lib/python3.10/site-packages/airflow/example_dags/example_task_group.py
[2025-03-22T10:40:03.605+0500] {logging_mixin.py:190} INFO - [2025-03-22T10:40:03.604+0500] {dag.py:3239} INFO - Sync 1 DAGs
[2025-03-22T10:40:03.612+0500] {logging_mixin.py:190} INFO - [2025-03-22T10:40:03.612+0500] {dag.py:4180} INFO - Setting next_dagrun for example_task_group to None, run_after=None
[2025-03-22T10:40:03.627+0500] {processor.py:208} INFO - Processing /home/ruslan/.local/lib/python3.10/site-packages/airflow/example_dags/example_task_group.py took 0.043 seconds
[2025-03-22T10:41:00.735+0500] {processor.py:186} INFO - Started process (PID=40077) to work on /home/ruslan/.local/lib/python3.10/site-packages/airflow/example_dags/example_task_group.py
[2025-03-22T10:41:00.736+0500] {processor.py:914} INFO - Processing file /home/ruslan/.local/lib/python3.10/site-packages/airflow/example_dags/example_task_group.py for tasks to queue
[2025-03-22T10:41:00.737+0500] {logging_mixin.py:190} INFO - [2025-03-22T10:41:00.737+0500] {dagbag.py:588} INFO - Filling up the DagBag from /home/ruslan/.local/lib/python3.10/site-packages/airflow/example_dags/example_task_group.py
[2025-03-22T10:41:00.743+0500] {processor.py:925} INFO - DAG(s) 'example_task_group' retrieved from /home/ruslan/.local/lib/python3.10/site-packages/airflow/example_dags/example_task_group.py
[2025-03-22T10:41:00.753+0500] {logging_mixin.py:190} INFO - [2025-03-22T10:41:00.753+0500] {dag.py:3239} INFO - Sync 1 DAGs
[2025-03-22T10:41:00.760+0500] {logging_mixin.py:190} INFO - [2025-03-22T10:41:00.760+0500] {dag.py:4180} INFO - Setting next_dagrun for example_task_group to None, run_after=None
[2025-03-22T10:41:00.776+0500] {processor.py:208} INFO - Processing /home/ruslan/.local/lib/python3.10/site-packages/airflow/example_dags/example_task_group.py took 0.045 seconds
[2025-03-22T10:42:00.373+0500] {processor.py:186} INFO - Started process (PID=40900) to work on /home/ruslan/.local/lib/python3.10/site-packages/airflow/example_dags/example_task_group.py
[2025-03-22T10:42:00.375+0500] {processor.py:914} INFO - Processing file /home/ruslan/.local/lib/python3.10/site-packages/airflow/example_dags/example_task_group.py for tasks to queue
[2025-03-22T10:42:00.376+0500] {logging_mixin.py:190} INFO - [2025-03-22T10:42:00.376+0500] {dagbag.py:588} INFO - Filling up the DagBag from /home/ruslan/.local/lib/python3.10/site-packages/airflow/example_dags/example_task_group.py
[2025-03-22T10:42:00.382+0500] {processor.py:925} INFO - DAG(s) 'example_task_group' retrieved from /home/ruslan/.local/lib/python3.10/site-packages/airflow/example_dags/example_task_group.py
[2025-03-22T10:42:00.391+0500] {logging_mixin.py:190} INFO - [2025-03-22T10:42:00.390+0500] {dag.py:3239} INFO - Sync 1 DAGs
[2025-03-22T10:42:00.397+0500] {logging_mixin.py:190} INFO - [2025-03-22T10:42:00.397+0500] {dag.py:4180} INFO - Setting next_dagrun for example_task_group to None, run_after=None
[2025-03-22T10:42:00.412+0500] {processor.py:208} INFO - Processing /home/ruslan/.local/lib/python3.10/site-packages/airflow/example_dags/example_task_group.py took 0.043 seconds
[2025-03-22T10:42:56.823+0500] {processor.py:186} INFO - Started process (PID=41617) to work on /home/ruslan/.local/lib/python3.10/site-packages/airflow/example_dags/example_task_group.py
[2025-03-22T10:42:56.825+0500] {processor.py:914} INFO - Processing file /home/ruslan/.local/lib/python3.10/site-packages/airflow/example_dags/example_task_group.py for tasks to queue
[2025-03-22T10:42:56.826+0500] {logging_mixin.py:190} INFO - [2025-03-22T10:42:56.826+0500] {dagbag.py:588} INFO - Filling up the DagBag from /home/ruslan/.local/lib/python3.10/site-packages/airflow/example_dags/example_task_group.py
[2025-03-22T10:42:56.832+0500] {processor.py:925} INFO - DAG(s) 'example_task_group' retrieved from /home/ruslan/.local/lib/python3.10/site-packages/airflow/example_dags/example_task_group.py
[2025-03-22T10:42:56.841+0500] {logging_mixin.py:190} INFO - [2025-03-22T10:42:56.841+0500] {dag.py:3239} INFO - Sync 1 DAGs
[2025-03-22T10:42:56.848+0500] {logging_mixin.py:190} INFO - [2025-03-22T10:42:56.848+0500] {dag.py:4180} INFO - Setting next_dagrun for example_task_group to None, run_after=None
[2025-03-22T10:42:56.863+0500] {processor.py:208} INFO - Processing /home/ruslan/.local/lib/python3.10/site-packages/airflow/example_dags/example_task_group.py took 0.044 seconds
[2025-03-22T10:43:52.078+0500] {processor.py:186} INFO - Started process (PID=42234) to work on /home/ruslan/.local/lib/python3.10/site-packages/airflow/example_dags/example_task_group.py
[2025-03-22T10:43:52.080+0500] {processor.py:914} INFO - Processing file /home/ruslan/.local/lib/python3.10/site-packages/airflow/example_dags/example_task_group.py for tasks to queue
[2025-03-22T10:43:52.081+0500] {logging_mixin.py:190} INFO - [2025-03-22T10:43:52.081+0500] {dagbag.py:588} INFO - Filling up the DagBag from /home/ruslan/.local/lib/python3.10/site-packages/airflow/example_dags/example_task_group.py
[2025-03-22T10:43:52.087+0500] {processor.py:925} INFO - DAG(s) 'example_task_group' retrieved from /home/ruslan/.local/lib/python3.10/site-packages/airflow/example_dags/example_task_group.py
[2025-03-22T10:43:52.096+0500] {logging_mixin.py:190} INFO - [2025-03-22T10:43:52.096+0500] {dag.py:3239} INFO - Sync 1 DAGs
[2025-03-22T10:43:52.103+0500] {logging_mixin.py:190} INFO - [2025-03-22T10:43:52.103+0500] {dag.py:4180} INFO - Setting next_dagrun for example_task_group to None, run_after=None
[2025-03-22T10:43:52.119+0500] {processor.py:208} INFO - Processing /home/ruslan/.local/lib/python3.10/site-packages/airflow/example_dags/example_task_group.py took 0.044 seconds
[2025-03-22T10:44:47.243+0500] {processor.py:186} INFO - Started process (PID=42947) to work on /home/ruslan/.local/lib/python3.10/site-packages/airflow/example_dags/example_task_group.py
[2025-03-22T10:44:47.244+0500] {processor.py:914} INFO - Processing file /home/ruslan/.local/lib/python3.10/site-packages/airflow/example_dags/example_task_group.py for tasks to queue
[2025-03-22T10:44:47.245+0500] {logging_mixin.py:190} INFO - [2025-03-22T10:44:47.245+0500] {dagbag.py:588} INFO - Filling up the DagBag from /home/ruslan/.local/lib/python3.10/site-packages/airflow/example_dags/example_task_group.py
[2025-03-22T10:44:47.250+0500] {processor.py:925} INFO - DAG(s) 'example_task_group' retrieved from /home/ruslan/.local/lib/python3.10/site-packages/airflow/example_dags/example_task_group.py
[2025-03-22T10:44:47.260+0500] {logging_mixin.py:190} INFO - [2025-03-22T10:44:47.259+0500] {dag.py:3239} INFO - Sync 1 DAGs
[2025-03-22T10:44:47.266+0500] {logging_mixin.py:190} INFO - [2025-03-22T10:44:47.266+0500] {dag.py:4180} INFO - Setting next_dagrun for example_task_group to None, run_after=None
[2025-03-22T10:44:47.281+0500] {processor.py:208} INFO - Processing /home/ruslan/.local/lib/python3.10/site-packages/airflow/example_dags/example_task_group.py took 0.042 seconds
[2025-03-22T10:45:41.553+0500] {processor.py:186} INFO - Started process (PID=43665) to work on /home/ruslan/.local/lib/python3.10/site-packages/airflow/example_dags/example_task_group.py
[2025-03-22T10:45:41.553+0500] {processor.py:914} INFO - Processing file /home/ruslan/.local/lib/python3.10/site-packages/airflow/example_dags/example_task_group.py for tasks to queue
[2025-03-22T10:45:41.555+0500] {logging_mixin.py:190} INFO - [2025-03-22T10:45:41.555+0500] {dagbag.py:588} INFO - Filling up the DagBag from /home/ruslan/.local/lib/python3.10/site-packages/airflow/example_dags/example_task_group.py
[2025-03-22T10:45:41.560+0500] {processor.py:925} INFO - DAG(s) 'example_task_group' retrieved from /home/ruslan/.local/lib/python3.10/site-packages/airflow/example_dags/example_task_group.py
[2025-03-22T10:45:41.569+0500] {logging_mixin.py:190} INFO - [2025-03-22T10:45:41.569+0500] {dag.py:3239} INFO - Sync 1 DAGs
[2025-03-22T10:45:41.576+0500] {logging_mixin.py:190} INFO - [2025-03-22T10:45:41.576+0500] {dag.py:4180} INFO - Setting next_dagrun for example_task_group to None, run_after=None
[2025-03-22T10:45:41.591+0500] {processor.py:208} INFO - Processing /home/ruslan/.local/lib/python3.10/site-packages/airflow/example_dags/example_task_group.py took 0.042 seconds
[2025-03-22T10:46:37.842+0500] {processor.py:186} INFO - Started process (PID=44359) to work on /home/ruslan/.local/lib/python3.10/site-packages/airflow/example_dags/example_task_group.py
[2025-03-22T10:46:37.844+0500] {processor.py:914} INFO - Processing file /home/ruslan/.local/lib/python3.10/site-packages/airflow/example_dags/example_task_group.py for tasks to queue
[2025-03-22T10:46:37.845+0500] {logging_mixin.py:190} INFO - [2025-03-22T10:46:37.845+0500] {dagbag.py:588} INFO - Filling up the DagBag from /home/ruslan/.local/lib/python3.10/site-packages/airflow/example_dags/example_task_group.py
[2025-03-22T10:46:37.850+0500] {processor.py:925} INFO - DAG(s) 'example_task_group' retrieved from /home/ruslan/.local/lib/python3.10/site-packages/airflow/example_dags/example_task_group.py
[2025-03-22T10:46:37.860+0500] {logging_mixin.py:190} INFO - [2025-03-22T10:46:37.860+0500] {dag.py:3239} INFO - Sync 1 DAGs
[2025-03-22T10:46:37.867+0500] {logging_mixin.py:190} INFO - [2025-03-22T10:46:37.867+0500] {dag.py:4180} INFO - Setting next_dagrun for example_task_group to None, run_after=None
[2025-03-22T10:46:37.882+0500] {processor.py:208} INFO - Processing /home/ruslan/.local/lib/python3.10/site-packages/airflow/example_dags/example_task_group.py took 0.043 seconds
[2025-03-22T10:47:35.880+0500] {processor.py:186} INFO - Started process (PID=45092) to work on /home/ruslan/.local/lib/python3.10/site-packages/airflow/example_dags/example_task_group.py
[2025-03-22T10:47:35.882+0500] {processor.py:914} INFO - Processing file /home/ruslan/.local/lib/python3.10/site-packages/airflow/example_dags/example_task_group.py for tasks to queue
[2025-03-22T10:47:35.883+0500] {logging_mixin.py:190} INFO - [2025-03-22T10:47:35.883+0500] {dagbag.py:588} INFO - Filling up the DagBag from /home/ruslan/.local/lib/python3.10/site-packages/airflow/example_dags/example_task_group.py
[2025-03-22T10:47:35.889+0500] {processor.py:925} INFO - DAG(s) 'example_task_group' retrieved from /home/ruslan/.local/lib/python3.10/site-packages/airflow/example_dags/example_task_group.py
[2025-03-22T10:47:35.898+0500] {logging_mixin.py:190} INFO - [2025-03-22T10:47:35.898+0500] {dag.py:3239} INFO - Sync 1 DAGs
[2025-03-22T10:47:35.906+0500] {logging_mixin.py:190} INFO - [2025-03-22T10:47:35.906+0500] {dag.py:4180} INFO - Setting next_dagrun for example_task_group to None, run_after=None
[2025-03-22T10:47:35.922+0500] {processor.py:208} INFO - Processing /home/ruslan/.local/lib/python3.10/site-packages/airflow/example_dags/example_task_group.py took 0.045 seconds
[2025-03-22T10:48:29.061+0500] {processor.py:186} INFO - Started process (PID=45732) to work on /home/ruslan/.local/lib/python3.10/site-packages/airflow/example_dags/example_task_group.py
[2025-03-22T10:48:29.062+0500] {processor.py:914} INFO - Processing file /home/ruslan/.local/lib/python3.10/site-packages/airflow/example_dags/example_task_group.py for tasks to queue
[2025-03-22T10:48:29.064+0500] {logging_mixin.py:190} INFO - [2025-03-22T10:48:29.063+0500] {dagbag.py:588} INFO - Filling up the DagBag from /home/ruslan/.local/lib/python3.10/site-packages/airflow/example_dags/example_task_group.py
[2025-03-22T10:48:29.069+0500] {processor.py:925} INFO - DAG(s) 'example_task_group' retrieved from /home/ruslan/.local/lib/python3.10/site-packages/airflow/example_dags/example_task_group.py
[2025-03-22T10:48:29.078+0500] {logging_mixin.py:190} INFO - [2025-03-22T10:48:29.078+0500] {dag.py:3239} INFO - Sync 1 DAGs
[2025-03-22T10:48:29.085+0500] {logging_mixin.py:190} INFO - [2025-03-22T10:48:29.085+0500] {dag.py:4180} INFO - Setting next_dagrun for example_task_group to None, run_after=None
[2025-03-22T10:48:29.100+0500] {processor.py:208} INFO - Processing /home/ruslan/.local/lib/python3.10/site-packages/airflow/example_dags/example_task_group.py took 0.042 seconds
[2025-03-22T12:47:12.399+0500] {processor.py:186} INFO - Started process (PID=1043) to work on /home/ruslan/.local/lib/python3.10/site-packages/airflow/example_dags/example_task_group.py
[2025-03-22T12:47:12.400+0500] {processor.py:914} INFO - Processing file /home/ruslan/.local/lib/python3.10/site-packages/airflow/example_dags/example_task_group.py for tasks to queue
[2025-03-22T12:47:12.401+0500] {logging_mixin.py:190} INFO - [2025-03-22T12:47:12.401+0500] {dagbag.py:588} INFO - Filling up the DagBag from /home/ruslan/.local/lib/python3.10/site-packages/airflow/example_dags/example_task_group.py
[2025-03-22T12:47:12.406+0500] {processor.py:925} INFO - DAG(s) 'example_task_group' retrieved from /home/ruslan/.local/lib/python3.10/site-packages/airflow/example_dags/example_task_group.py
[2025-03-22T12:47:12.420+0500] {logging_mixin.py:190} INFO - [2025-03-22T12:47:12.420+0500] {dag.py:3239} INFO - Sync 1 DAGs
[2025-03-22T12:47:12.428+0500] {logging_mixin.py:190} INFO - [2025-03-22T12:47:12.427+0500] {dag.py:4180} INFO - Setting next_dagrun for example_task_group to None, run_after=None
[2025-03-22T12:47:12.445+0500] {processor.py:208} INFO - Processing /home/ruslan/.local/lib/python3.10/site-packages/airflow/example_dags/example_task_group.py took 0.050 seconds
[2025-03-22T12:48:09.427+0500] {processor.py:186} INFO - Started process (PID=6292) to work on /home/ruslan/.local/lib/python3.10/site-packages/airflow/example_dags/example_task_group.py
[2025-03-22T12:48:09.428+0500] {processor.py:914} INFO - Processing file /home/ruslan/.local/lib/python3.10/site-packages/airflow/example_dags/example_task_group.py for tasks to queue
[2025-03-22T12:48:09.430+0500] {logging_mixin.py:190} INFO - [2025-03-22T12:48:09.430+0500] {dagbag.py:588} INFO - Filling up the DagBag from /home/ruslan/.local/lib/python3.10/site-packages/airflow/example_dags/example_task_group.py
[2025-03-22T12:48:09.435+0500] {processor.py:925} INFO - DAG(s) 'example_task_group' retrieved from /home/ruslan/.local/lib/python3.10/site-packages/airflow/example_dags/example_task_group.py
[2025-03-22T12:48:09.444+0500] {logging_mixin.py:190} INFO - [2025-03-22T12:48:09.443+0500] {dag.py:3239} INFO - Sync 1 DAGs
[2025-03-22T12:48:09.450+0500] {logging_mixin.py:190} INFO - [2025-03-22T12:48:09.450+0500] {dag.py:4180} INFO - Setting next_dagrun for example_task_group to None, run_after=None
[2025-03-22T12:48:09.465+0500] {processor.py:208} INFO - Processing /home/ruslan/.local/lib/python3.10/site-packages/airflow/example_dags/example_task_group.py took 0.041 seconds
[2025-03-22T12:49:04.326+0500] {processor.py:186} INFO - Started process (PID=6993) to work on /home/ruslan/.local/lib/python3.10/site-packages/airflow/example_dags/example_task_group.py
[2025-03-22T12:49:04.327+0500] {processor.py:914} INFO - Processing file /home/ruslan/.local/lib/python3.10/site-packages/airflow/example_dags/example_task_group.py for tasks to queue
[2025-03-22T12:49:04.328+0500] {logging_mixin.py:190} INFO - [2025-03-22T12:49:04.328+0500] {dagbag.py:588} INFO - Filling up the DagBag from /home/ruslan/.local/lib/python3.10/site-packages/airflow/example_dags/example_task_group.py
[2025-03-22T12:49:04.333+0500] {processor.py:925} INFO - DAG(s) 'example_task_group' retrieved from /home/ruslan/.local/lib/python3.10/site-packages/airflow/example_dags/example_task_group.py
[2025-03-22T12:49:04.342+0500] {logging_mixin.py:190} INFO - [2025-03-22T12:49:04.342+0500] {dag.py:3239} INFO - Sync 1 DAGs
[2025-03-22T12:49:04.349+0500] {logging_mixin.py:190} INFO - [2025-03-22T12:49:04.349+0500] {dag.py:4180} INFO - Setting next_dagrun for example_task_group to None, run_after=None
[2025-03-22T12:49:04.363+0500] {processor.py:208} INFO - Processing /home/ruslan/.local/lib/python3.10/site-packages/airflow/example_dags/example_task_group.py took 0.040 seconds
[2025-03-22T12:49:58.623+0500] {processor.py:186} INFO - Started process (PID=7666) to work on /home/ruslan/.local/lib/python3.10/site-packages/airflow/example_dags/example_task_group.py
[2025-03-22T12:49:58.624+0500] {processor.py:914} INFO - Processing file /home/ruslan/.local/lib/python3.10/site-packages/airflow/example_dags/example_task_group.py for tasks to queue
[2025-03-22T12:49:58.626+0500] {logging_mixin.py:190} INFO - [2025-03-22T12:49:58.625+0500] {dagbag.py:588} INFO - Filling up the DagBag from /home/ruslan/.local/lib/python3.10/site-packages/airflow/example_dags/example_task_group.py
[2025-03-22T12:49:58.631+0500] {processor.py:925} INFO - DAG(s) 'example_task_group' retrieved from /home/ruslan/.local/lib/python3.10/site-packages/airflow/example_dags/example_task_group.py
[2025-03-22T12:49:58.640+0500] {logging_mixin.py:190} INFO - [2025-03-22T12:49:58.640+0500] {dag.py:3239} INFO - Sync 1 DAGs
[2025-03-22T12:49:58.646+0500] {logging_mixin.py:190} INFO - [2025-03-22T12:49:58.646+0500] {dag.py:4180} INFO - Setting next_dagrun for example_task_group to None, run_after=None
[2025-03-22T12:49:58.661+0500] {processor.py:208} INFO - Processing /home/ruslan/.local/lib/python3.10/site-packages/airflow/example_dags/example_task_group.py took 0.041 seconds
[2025-03-22T12:51:22.358+0500] {processor.py:186} INFO - Started process (PID=8938) to work on /home/ruslan/.local/lib/python3.10/site-packages/airflow/example_dags/example_task_group.py
[2025-03-22T12:51:22.359+0500] {processor.py:914} INFO - Processing file /home/ruslan/.local/lib/python3.10/site-packages/airflow/example_dags/example_task_group.py for tasks to queue
[2025-03-22T12:51:22.361+0500] {logging_mixin.py:190} INFO - [2025-03-22T12:51:22.360+0500] {dagbag.py:588} INFO - Filling up the DagBag from /home/ruslan/.local/lib/python3.10/site-packages/airflow/example_dags/example_task_group.py
[2025-03-22T12:51:22.366+0500] {processor.py:925} INFO - DAG(s) 'example_task_group' retrieved from /home/ruslan/.local/lib/python3.10/site-packages/airflow/example_dags/example_task_group.py
[2025-03-22T12:51:22.376+0500] {logging_mixin.py:190} INFO - [2025-03-22T12:51:22.376+0500] {dag.py:3239} INFO - Sync 1 DAGs
[2025-03-22T12:51:22.383+0500] {logging_mixin.py:190} INFO - [2025-03-22T12:51:22.383+0500] {dag.py:4180} INFO - Setting next_dagrun for example_task_group to None, run_after=None
[2025-03-22T12:51:22.397+0500] {processor.py:208} INFO - Processing /home/ruslan/.local/lib/python3.10/site-packages/airflow/example_dags/example_task_group.py took 0.042 seconds
