[2025-03-22T10:07:14.630+0500] {processor.py:186} INFO - Started process (PID=17913) to work on /home/ruslan/.local/lib/python3.10/site-packages/airflow/example_dags/example_setup_teardown_taskflow.py
[2025-03-22T10:07:14.631+0500] {processor.py:914} INFO - Processing file /home/ruslan/.local/lib/python3.10/site-packages/airflow/example_dags/example_setup_teardown_taskflow.py for tasks to queue
[2025-03-22T10:07:14.632+0500] {logging_mixin.py:190} INFO - [2025-03-22T10:07:14.632+0500] {dagbag.py:588} INFO - Filling up the DagBag from /home/ruslan/.local/lib/python3.10/site-packages/airflow/example_dags/example_setup_teardown_taskflow.py
[2025-03-22T10:07:14.639+0500] {processor.py:925} INFO - DAG(s) 'example_setup_teardown_taskflow' retrieved from /home/ruslan/.local/lib/python3.10/site-packages/airflow/example_dags/example_setup_teardown_taskflow.py
[2025-03-22T10:07:14.704+0500] {logging_mixin.py:190} INFO - [2025-03-22T10:07:14.703+0500] {override.py:1930} INFO - Created Permission View: can delete on DAG:example_setup_teardown_taskflow
[2025-03-22T10:07:14.713+0500] {logging_mixin.py:190} INFO - [2025-03-22T10:07:14.713+0500] {override.py:1930} INFO - Created Permission View: can read on DAG:example_setup_teardown_taskflow
[2025-03-22T10:07:14.720+0500] {logging_mixin.py:190} INFO - [2025-03-22T10:07:14.720+0500] {override.py:1930} INFO - Created Permission View: can edit on DAG:example_setup_teardown_taskflow
[2025-03-22T10:07:14.733+0500] {logging_mixin.py:190} INFO - [2025-03-22T10:07:14.732+0500] {override.py:1930} INFO - Created Permission View: can create on DAG Run:example_setup_teardown_taskflow
[2025-03-22T10:07:14.745+0500] {logging_mixin.py:190} INFO - [2025-03-22T10:07:14.745+0500] {override.py:1930} INFO - Created Permission View: menu access on DAG Run:example_setup_teardown_taskflow
[2025-03-22T10:07:14.753+0500] {logging_mixin.py:190} INFO - [2025-03-22T10:07:14.752+0500] {override.py:1930} INFO - Created Permission View: can read on DAG Run:example_setup_teardown_taskflow
[2025-03-22T10:07:14.760+0500] {logging_mixin.py:190} INFO - [2025-03-22T10:07:14.760+0500] {override.py:1930} INFO - Created Permission View: can delete on DAG Run:example_setup_teardown_taskflow
[2025-03-22T10:07:14.760+0500] {logging_mixin.py:190} INFO - [2025-03-22T10:07:14.760+0500] {dag.py:3239} INFO - Sync 1 DAGs
[2025-03-22T10:07:14.768+0500] {logging_mixin.py:190} INFO - [2025-03-22T10:07:14.767+0500] {dag.py:3262} INFO - Creating ORM DAG for example_setup_teardown_taskflow
[2025-03-22T10:07:14.768+0500] {logging_mixin.py:190} INFO - [2025-03-22T10:07:14.768+0500] {dag.py:4180} INFO - Setting next_dagrun for example_setup_teardown_taskflow to None, run_after=None
[2025-03-22T10:07:14.782+0500] {processor.py:208} INFO - Processing /home/ruslan/.local/lib/python3.10/site-packages/airflow/example_dags/example_setup_teardown_taskflow.py took 0.155 seconds
[2025-03-22T10:08:13.324+0500] {processor.py:186} INFO - Started process (PID=18524) to work on /home/ruslan/.local/lib/python3.10/site-packages/airflow/example_dags/example_setup_teardown_taskflow.py
[2025-03-22T10:08:13.325+0500] {processor.py:914} INFO - Processing file /home/ruslan/.local/lib/python3.10/site-packages/airflow/example_dags/example_setup_teardown_taskflow.py for tasks to queue
[2025-03-22T10:08:13.328+0500] {logging_mixin.py:190} INFO - [2025-03-22T10:08:13.327+0500] {dagbag.py:588} INFO - Filling up the DagBag from /home/ruslan/.local/lib/python3.10/site-packages/airflow/example_dags/example_setup_teardown_taskflow.py
[2025-03-22T10:08:13.339+0500] {processor.py:925} INFO - DAG(s) 'example_setup_teardown_taskflow' retrieved from /home/ruslan/.local/lib/python3.10/site-packages/airflow/example_dags/example_setup_teardown_taskflow.py
[2025-03-22T10:08:13.351+0500] {logging_mixin.py:190} INFO - [2025-03-22T10:08:13.351+0500] {dag.py:3239} INFO - Sync 1 DAGs
[2025-03-22T10:08:13.359+0500] {logging_mixin.py:190} INFO - [2025-03-22T10:08:13.359+0500] {dag.py:4180} INFO - Setting next_dagrun for example_setup_teardown_taskflow to None, run_after=None
[2025-03-22T10:08:13.379+0500] {processor.py:208} INFO - Processing /home/ruslan/.local/lib/python3.10/site-packages/airflow/example_dags/example_setup_teardown_taskflow.py took 0.063 seconds
[2025-03-22T10:09:10.217+0500] {processor.py:186} INFO - Started process (PID=19080) to work on /home/ruslan/.local/lib/python3.10/site-packages/airflow/example_dags/example_setup_teardown_taskflow.py
[2025-03-22T10:09:10.218+0500] {processor.py:914} INFO - Processing file /home/ruslan/.local/lib/python3.10/site-packages/airflow/example_dags/example_setup_teardown_taskflow.py for tasks to queue
[2025-03-22T10:09:10.220+0500] {logging_mixin.py:190} INFO - [2025-03-22T10:09:10.220+0500] {dagbag.py:588} INFO - Filling up the DagBag from /home/ruslan/.local/lib/python3.10/site-packages/airflow/example_dags/example_setup_teardown_taskflow.py
[2025-03-22T10:09:10.234+0500] {processor.py:925} INFO - DAG(s) 'example_setup_teardown_taskflow' retrieved from /home/ruslan/.local/lib/python3.10/site-packages/airflow/example_dags/example_setup_teardown_taskflow.py
[2025-03-22T10:09:10.255+0500] {logging_mixin.py:190} INFO - [2025-03-22T10:09:10.255+0500] {dag.py:3239} INFO - Sync 1 DAGs
[2025-03-22T10:09:10.271+0500] {logging_mixin.py:190} INFO - [2025-03-22T10:09:10.270+0500] {dag.py:4180} INFO - Setting next_dagrun for example_setup_teardown_taskflow to None, run_after=None
[2025-03-22T10:09:10.293+0500] {processor.py:208} INFO - Processing /home/ruslan/.local/lib/python3.10/site-packages/airflow/example_dags/example_setup_teardown_taskflow.py took 0.082 seconds
[2025-03-22T10:10:07.252+0500] {processor.py:186} INFO - Started process (PID=19682) to work on /home/ruslan/.local/lib/python3.10/site-packages/airflow/example_dags/example_setup_teardown_taskflow.py
[2025-03-22T10:10:07.253+0500] {processor.py:914} INFO - Processing file /home/ruslan/.local/lib/python3.10/site-packages/airflow/example_dags/example_setup_teardown_taskflow.py for tasks to queue
[2025-03-22T10:10:07.254+0500] {logging_mixin.py:190} INFO - [2025-03-22T10:10:07.254+0500] {dagbag.py:588} INFO - Filling up the DagBag from /home/ruslan/.local/lib/python3.10/site-packages/airflow/example_dags/example_setup_teardown_taskflow.py
[2025-03-22T10:10:07.262+0500] {processor.py:925} INFO - DAG(s) 'example_setup_teardown_taskflow' retrieved from /home/ruslan/.local/lib/python3.10/site-packages/airflow/example_dags/example_setup_teardown_taskflow.py
[2025-03-22T10:10:07.276+0500] {logging_mixin.py:190} INFO - [2025-03-22T10:10:07.276+0500] {dag.py:3239} INFO - Sync 1 DAGs
[2025-03-22T10:10:07.284+0500] {logging_mixin.py:190} INFO - [2025-03-22T10:10:07.284+0500] {dag.py:4180} INFO - Setting next_dagrun for example_setup_teardown_taskflow to None, run_after=None
[2025-03-22T10:10:07.301+0500] {processor.py:208} INFO - Processing /home/ruslan/.local/lib/python3.10/site-packages/airflow/example_dags/example_setup_teardown_taskflow.py took 0.054 seconds
[2025-03-22T10:11:02.588+0500] {processor.py:186} INFO - Started process (PID=20275) to work on /home/ruslan/.local/lib/python3.10/site-packages/airflow/example_dags/example_setup_teardown_taskflow.py
[2025-03-22T10:11:02.589+0500] {processor.py:914} INFO - Processing file /home/ruslan/.local/lib/python3.10/site-packages/airflow/example_dags/example_setup_teardown_taskflow.py for tasks to queue
[2025-03-22T10:11:02.590+0500] {logging_mixin.py:190} INFO - [2025-03-22T10:11:02.590+0500] {dagbag.py:588} INFO - Filling up the DagBag from /home/ruslan/.local/lib/python3.10/site-packages/airflow/example_dags/example_setup_teardown_taskflow.py
[2025-03-22T10:11:02.598+0500] {processor.py:925} INFO - DAG(s) 'example_setup_teardown_taskflow' retrieved from /home/ruslan/.local/lib/python3.10/site-packages/airflow/example_dags/example_setup_teardown_taskflow.py
[2025-03-22T10:11:02.608+0500] {logging_mixin.py:190} INFO - [2025-03-22T10:11:02.608+0500] {dag.py:3239} INFO - Sync 1 DAGs
[2025-03-22T10:11:02.616+0500] {logging_mixin.py:190} INFO - [2025-03-22T10:11:02.616+0500] {dag.py:4180} INFO - Setting next_dagrun for example_setup_teardown_taskflow to None, run_after=None
[2025-03-22T10:11:02.631+0500] {processor.py:208} INFO - Processing /home/ruslan/.local/lib/python3.10/site-packages/airflow/example_dags/example_setup_teardown_taskflow.py took 0.047 seconds
[2025-03-22T10:11:54.589+0500] {processor.py:186} INFO - Started process (PID=20788) to work on /home/ruslan/.local/lib/python3.10/site-packages/airflow/example_dags/example_setup_teardown_taskflow.py
[2025-03-22T10:11:54.590+0500] {processor.py:914} INFO - Processing file /home/ruslan/.local/lib/python3.10/site-packages/airflow/example_dags/example_setup_teardown_taskflow.py for tasks to queue
[2025-03-22T10:11:54.591+0500] {logging_mixin.py:190} INFO - [2025-03-22T10:11:54.591+0500] {dagbag.py:588} INFO - Filling up the DagBag from /home/ruslan/.local/lib/python3.10/site-packages/airflow/example_dags/example_setup_teardown_taskflow.py
[2025-03-22T10:11:54.597+0500] {processor.py:925} INFO - DAG(s) 'example_setup_teardown_taskflow' retrieved from /home/ruslan/.local/lib/python3.10/site-packages/airflow/example_dags/example_setup_teardown_taskflow.py
[2025-03-22T10:11:54.606+0500] {logging_mixin.py:190} INFO - [2025-03-22T10:11:54.606+0500] {dag.py:3239} INFO - Sync 1 DAGs
[2025-03-22T10:11:54.613+0500] {logging_mixin.py:190} INFO - [2025-03-22T10:11:54.613+0500] {dag.py:4180} INFO - Setting next_dagrun for example_setup_teardown_taskflow to None, run_after=None
[2025-03-22T10:11:54.628+0500] {processor.py:208} INFO - Processing /home/ruslan/.local/lib/python3.10/site-packages/airflow/example_dags/example_setup_teardown_taskflow.py took 0.043 seconds
[2025-03-22T10:12:43.017+0500] {processor.py:186} INFO - Started process (PID=21273) to work on /home/ruslan/.local/lib/python3.10/site-packages/airflow/example_dags/example_setup_teardown_taskflow.py
[2025-03-22T10:12:43.018+0500] {processor.py:914} INFO - Processing file /home/ruslan/.local/lib/python3.10/site-packages/airflow/example_dags/example_setup_teardown_taskflow.py for tasks to queue
[2025-03-22T10:12:43.020+0500] {logging_mixin.py:190} INFO - [2025-03-22T10:12:43.020+0500] {dagbag.py:588} INFO - Filling up the DagBag from /home/ruslan/.local/lib/python3.10/site-packages/airflow/example_dags/example_setup_teardown_taskflow.py
[2025-03-22T10:12:43.028+0500] {processor.py:925} INFO - DAG(s) 'example_setup_teardown_taskflow' retrieved from /home/ruslan/.local/lib/python3.10/site-packages/airflow/example_dags/example_setup_teardown_taskflow.py
[2025-03-22T10:12:43.040+0500] {logging_mixin.py:190} INFO - [2025-03-22T10:12:43.039+0500] {dag.py:3239} INFO - Sync 1 DAGs
[2025-03-22T10:12:43.048+0500] {logging_mixin.py:190} INFO - [2025-03-22T10:12:43.048+0500] {dag.py:4180} INFO - Setting next_dagrun for example_setup_teardown_taskflow to None, run_after=None
[2025-03-22T10:12:43.066+0500] {processor.py:208} INFO - Processing /home/ruslan/.local/lib/python3.10/site-packages/airflow/example_dags/example_setup_teardown_taskflow.py took 0.054 seconds
[2025-03-22T10:13:38.396+0500] {processor.py:186} INFO - Started process (PID=21873) to work on /home/ruslan/.local/lib/python3.10/site-packages/airflow/example_dags/example_setup_teardown_taskflow.py
[2025-03-22T10:13:38.397+0500] {processor.py:914} INFO - Processing file /home/ruslan/.local/lib/python3.10/site-packages/airflow/example_dags/example_setup_teardown_taskflow.py for tasks to queue
[2025-03-22T10:13:38.399+0500] {logging_mixin.py:190} INFO - [2025-03-22T10:13:38.399+0500] {dagbag.py:588} INFO - Filling up the DagBag from /home/ruslan/.local/lib/python3.10/site-packages/airflow/example_dags/example_setup_teardown_taskflow.py
[2025-03-22T10:13:38.405+0500] {processor.py:925} INFO - DAG(s) 'example_setup_teardown_taskflow' retrieved from /home/ruslan/.local/lib/python3.10/site-packages/airflow/example_dags/example_setup_teardown_taskflow.py
[2025-03-22T10:13:38.416+0500] {logging_mixin.py:190} INFO - [2025-03-22T10:13:38.416+0500] {dag.py:3239} INFO - Sync 1 DAGs
[2025-03-22T10:13:38.424+0500] {logging_mixin.py:190} INFO - [2025-03-22T10:13:38.424+0500] {dag.py:4180} INFO - Setting next_dagrun for example_setup_teardown_taskflow to None, run_after=None
[2025-03-22T10:13:38.439+0500] {processor.py:208} INFO - Processing /home/ruslan/.local/lib/python3.10/site-packages/airflow/example_dags/example_setup_teardown_taskflow.py took 0.047 seconds
[2025-03-22T10:14:32.901+0500] {processor.py:186} INFO - Started process (PID=22437) to work on /home/ruslan/.local/lib/python3.10/site-packages/airflow/example_dags/example_setup_teardown_taskflow.py
[2025-03-22T10:14:32.902+0500] {processor.py:914} INFO - Processing file /home/ruslan/.local/lib/python3.10/site-packages/airflow/example_dags/example_setup_teardown_taskflow.py for tasks to queue
[2025-03-22T10:14:32.904+0500] {logging_mixin.py:190} INFO - [2025-03-22T10:14:32.903+0500] {dagbag.py:588} INFO - Filling up the DagBag from /home/ruslan/.local/lib/python3.10/site-packages/airflow/example_dags/example_setup_teardown_taskflow.py
[2025-03-22T10:14:32.910+0500] {processor.py:925} INFO - DAG(s) 'example_setup_teardown_taskflow' retrieved from /home/ruslan/.local/lib/python3.10/site-packages/airflow/example_dags/example_setup_teardown_taskflow.py
[2025-03-22T10:14:32.921+0500] {logging_mixin.py:190} INFO - [2025-03-22T10:14:32.921+0500] {dag.py:3239} INFO - Sync 1 DAGs
[2025-03-22T10:14:32.929+0500] {logging_mixin.py:190} INFO - [2025-03-22T10:14:32.928+0500] {dag.py:4180} INFO - Setting next_dagrun for example_setup_teardown_taskflow to None, run_after=None
[2025-03-22T10:14:32.946+0500] {processor.py:208} INFO - Processing /home/ruslan/.local/lib/python3.10/site-packages/airflow/example_dags/example_setup_teardown_taskflow.py took 0.049 seconds
[2025-03-22T10:15:26.087+0500] {processor.py:186} INFO - Started process (PID=22985) to work on /home/ruslan/.local/lib/python3.10/site-packages/airflow/example_dags/example_setup_teardown_taskflow.py
[2025-03-22T10:15:26.088+0500] {processor.py:914} INFO - Processing file /home/ruslan/.local/lib/python3.10/site-packages/airflow/example_dags/example_setup_teardown_taskflow.py for tasks to queue
[2025-03-22T10:15:26.089+0500] {logging_mixin.py:190} INFO - [2025-03-22T10:15:26.089+0500] {dagbag.py:588} INFO - Filling up the DagBag from /home/ruslan/.local/lib/python3.10/site-packages/airflow/example_dags/example_setup_teardown_taskflow.py
[2025-03-22T10:15:26.096+0500] {processor.py:925} INFO - DAG(s) 'example_setup_teardown_taskflow' retrieved from /home/ruslan/.local/lib/python3.10/site-packages/airflow/example_dags/example_setup_teardown_taskflow.py
[2025-03-22T10:15:26.107+0500] {logging_mixin.py:190} INFO - [2025-03-22T10:15:26.106+0500] {dag.py:3239} INFO - Sync 1 DAGs
[2025-03-22T10:15:26.114+0500] {logging_mixin.py:190} INFO - [2025-03-22T10:15:26.114+0500] {dag.py:4180} INFO - Setting next_dagrun for example_setup_teardown_taskflow to None, run_after=None
[2025-03-22T10:15:26.129+0500] {processor.py:208} INFO - Processing /home/ruslan/.local/lib/python3.10/site-packages/airflow/example_dags/example_setup_teardown_taskflow.py took 0.046 seconds
[2025-03-22T10:16:16.342+0500] {processor.py:186} INFO - Started process (PID=23484) to work on /home/ruslan/.local/lib/python3.10/site-packages/airflow/example_dags/example_setup_teardown_taskflow.py
[2025-03-22T10:16:16.344+0500] {processor.py:914} INFO - Processing file /home/ruslan/.local/lib/python3.10/site-packages/airflow/example_dags/example_setup_teardown_taskflow.py for tasks to queue
[2025-03-22T10:16:16.345+0500] {logging_mixin.py:190} INFO - [2025-03-22T10:16:16.345+0500] {dagbag.py:588} INFO - Filling up the DagBag from /home/ruslan/.local/lib/python3.10/site-packages/airflow/example_dags/example_setup_teardown_taskflow.py
[2025-03-22T10:16:16.351+0500] {processor.py:925} INFO - DAG(s) 'example_setup_teardown_taskflow' retrieved from /home/ruslan/.local/lib/python3.10/site-packages/airflow/example_dags/example_setup_teardown_taskflow.py
[2025-03-22T10:16:16.361+0500] {logging_mixin.py:190} INFO - [2025-03-22T10:16:16.360+0500] {dag.py:3239} INFO - Sync 1 DAGs
[2025-03-22T10:16:16.367+0500] {logging_mixin.py:190} INFO - [2025-03-22T10:16:16.367+0500] {dag.py:4180} INFO - Setting next_dagrun for example_setup_teardown_taskflow to None, run_after=None
[2025-03-22T10:16:16.382+0500] {processor.py:208} INFO - Processing /home/ruslan/.local/lib/python3.10/site-packages/airflow/example_dags/example_setup_teardown_taskflow.py took 0.043 seconds
[2025-03-22T10:17:06.960+0500] {processor.py:186} INFO - Started process (PID=24074) to work on /home/ruslan/.local/lib/python3.10/site-packages/airflow/example_dags/example_setup_teardown_taskflow.py
[2025-03-22T10:17:06.961+0500] {processor.py:914} INFO - Processing file /home/ruslan/.local/lib/python3.10/site-packages/airflow/example_dags/example_setup_teardown_taskflow.py for tasks to queue
[2025-03-22T10:17:06.962+0500] {logging_mixin.py:190} INFO - [2025-03-22T10:17:06.962+0500] {dagbag.py:588} INFO - Filling up the DagBag from /home/ruslan/.local/lib/python3.10/site-packages/airflow/example_dags/example_setup_teardown_taskflow.py
[2025-03-22T10:17:06.968+0500] {processor.py:925} INFO - DAG(s) 'example_setup_teardown_taskflow' retrieved from /home/ruslan/.local/lib/python3.10/site-packages/airflow/example_dags/example_setup_teardown_taskflow.py
[2025-03-22T10:17:06.978+0500] {logging_mixin.py:190} INFO - [2025-03-22T10:17:06.977+0500] {dag.py:3239} INFO - Sync 1 DAGs
[2025-03-22T10:17:06.984+0500] {logging_mixin.py:190} INFO - [2025-03-22T10:17:06.984+0500] {dag.py:4180} INFO - Setting next_dagrun for example_setup_teardown_taskflow to None, run_after=None
[2025-03-22T10:17:06.999+0500] {processor.py:208} INFO - Processing /home/ruslan/.local/lib/python3.10/site-packages/airflow/example_dags/example_setup_teardown_taskflow.py took 0.043 seconds
[2025-03-22T10:17:59.732+0500] {processor.py:186} INFO - Started process (PID=24595) to work on /home/ruslan/.local/lib/python3.10/site-packages/airflow/example_dags/example_setup_teardown_taskflow.py
[2025-03-22T10:17:59.733+0500] {processor.py:914} INFO - Processing file /home/ruslan/.local/lib/python3.10/site-packages/airflow/example_dags/example_setup_teardown_taskflow.py for tasks to queue
[2025-03-22T10:17:59.734+0500] {logging_mixin.py:190} INFO - [2025-03-22T10:17:59.734+0500] {dagbag.py:588} INFO - Filling up the DagBag from /home/ruslan/.local/lib/python3.10/site-packages/airflow/example_dags/example_setup_teardown_taskflow.py
[2025-03-22T10:17:59.740+0500] {processor.py:925} INFO - DAG(s) 'example_setup_teardown_taskflow' retrieved from /home/ruslan/.local/lib/python3.10/site-packages/airflow/example_dags/example_setup_teardown_taskflow.py
[2025-03-22T10:17:59.749+0500] {logging_mixin.py:190} INFO - [2025-03-22T10:17:59.749+0500] {dag.py:3239} INFO - Sync 1 DAGs
[2025-03-22T10:17:59.756+0500] {logging_mixin.py:190} INFO - [2025-03-22T10:17:59.756+0500] {dag.py:4180} INFO - Setting next_dagrun for example_setup_teardown_taskflow to None, run_after=None
[2025-03-22T10:17:59.771+0500] {processor.py:208} INFO - Processing /home/ruslan/.local/lib/python3.10/site-packages/airflow/example_dags/example_setup_teardown_taskflow.py took 0.043 seconds
[2025-03-22T10:18:51.349+0500] {processor.py:186} INFO - Started process (PID=25195) to work on /home/ruslan/.local/lib/python3.10/site-packages/airflow/example_dags/example_setup_teardown_taskflow.py
[2025-03-22T10:18:51.350+0500] {processor.py:914} INFO - Processing file /home/ruslan/.local/lib/python3.10/site-packages/airflow/example_dags/example_setup_teardown_taskflow.py for tasks to queue
[2025-03-22T10:18:51.352+0500] {logging_mixin.py:190} INFO - [2025-03-22T10:18:51.351+0500] {dagbag.py:588} INFO - Filling up the DagBag from /home/ruslan/.local/lib/python3.10/site-packages/airflow/example_dags/example_setup_teardown_taskflow.py
[2025-03-22T10:18:51.358+0500] {processor.py:925} INFO - DAG(s) 'example_setup_teardown_taskflow' retrieved from /home/ruslan/.local/lib/python3.10/site-packages/airflow/example_dags/example_setup_teardown_taskflow.py
[2025-03-22T10:18:51.367+0500] {logging_mixin.py:190} INFO - [2025-03-22T10:18:51.367+0500] {dag.py:3239} INFO - Sync 1 DAGs
[2025-03-22T10:18:51.374+0500] {logging_mixin.py:190} INFO - [2025-03-22T10:18:51.373+0500] {dag.py:4180} INFO - Setting next_dagrun for example_setup_teardown_taskflow to None, run_after=None
[2025-03-22T10:18:51.389+0500] {processor.py:208} INFO - Processing /home/ruslan/.local/lib/python3.10/site-packages/airflow/example_dags/example_setup_teardown_taskflow.py took 0.043 seconds
[2025-03-22T10:19:40.585+0500] {processor.py:186} INFO - Started process (PID=25681) to work on /home/ruslan/.local/lib/python3.10/site-packages/airflow/example_dags/example_setup_teardown_taskflow.py
[2025-03-22T10:19:40.586+0500] {processor.py:914} INFO - Processing file /home/ruslan/.local/lib/python3.10/site-packages/airflow/example_dags/example_setup_teardown_taskflow.py for tasks to queue
[2025-03-22T10:19:40.587+0500] {logging_mixin.py:190} INFO - [2025-03-22T10:19:40.587+0500] {dagbag.py:588} INFO - Filling up the DagBag from /home/ruslan/.local/lib/python3.10/site-packages/airflow/example_dags/example_setup_teardown_taskflow.py
[2025-03-22T10:19:40.594+0500] {processor.py:925} INFO - DAG(s) 'example_setup_teardown_taskflow' retrieved from /home/ruslan/.local/lib/python3.10/site-packages/airflow/example_dags/example_setup_teardown_taskflow.py
[2025-03-22T10:19:40.604+0500] {logging_mixin.py:190} INFO - [2025-03-22T10:19:40.604+0500] {dag.py:3239} INFO - Sync 1 DAGs
[2025-03-22T10:19:40.611+0500] {logging_mixin.py:190} INFO - [2025-03-22T10:19:40.611+0500] {dag.py:4180} INFO - Setting next_dagrun for example_setup_teardown_taskflow to None, run_after=None
[2025-03-22T10:19:40.626+0500] {processor.py:208} INFO - Processing /home/ruslan/.local/lib/python3.10/site-packages/airflow/example_dags/example_setup_teardown_taskflow.py took 0.045 seconds
[2025-03-22T10:20:34.047+0500] {processor.py:186} INFO - Started process (PID=26291) to work on /home/ruslan/.local/lib/python3.10/site-packages/airflow/example_dags/example_setup_teardown_taskflow.py
[2025-03-22T10:20:34.048+0500] {processor.py:914} INFO - Processing file /home/ruslan/.local/lib/python3.10/site-packages/airflow/example_dags/example_setup_teardown_taskflow.py for tasks to queue
[2025-03-22T10:20:34.049+0500] {logging_mixin.py:190} INFO - [2025-03-22T10:20:34.049+0500] {dagbag.py:588} INFO - Filling up the DagBag from /home/ruslan/.local/lib/python3.10/site-packages/airflow/example_dags/example_setup_teardown_taskflow.py
[2025-03-22T10:20:34.056+0500] {processor.py:925} INFO - DAG(s) 'example_setup_teardown_taskflow' retrieved from /home/ruslan/.local/lib/python3.10/site-packages/airflow/example_dags/example_setup_teardown_taskflow.py
[2025-03-22T10:20:34.067+0500] {logging_mixin.py:190} INFO - [2025-03-22T10:20:34.067+0500] {dag.py:3239} INFO - Sync 1 DAGs
[2025-03-22T10:20:34.075+0500] {logging_mixin.py:190} INFO - [2025-03-22T10:20:34.075+0500] {dag.py:4180} INFO - Setting next_dagrun for example_setup_teardown_taskflow to None, run_after=None
[2025-03-22T10:20:34.091+0500] {processor.py:208} INFO - Processing /home/ruslan/.local/lib/python3.10/site-packages/airflow/example_dags/example_setup_teardown_taskflow.py took 0.048 seconds
[2025-03-22T10:21:25.310+0500] {processor.py:186} INFO - Started process (PID=26808) to work on /home/ruslan/.local/lib/python3.10/site-packages/airflow/example_dags/example_setup_teardown_taskflow.py
[2025-03-22T10:21:25.312+0500] {processor.py:914} INFO - Processing file /home/ruslan/.local/lib/python3.10/site-packages/airflow/example_dags/example_setup_teardown_taskflow.py for tasks to queue
[2025-03-22T10:21:25.314+0500] {logging_mixin.py:190} INFO - [2025-03-22T10:21:25.313+0500] {dagbag.py:588} INFO - Filling up the DagBag from /home/ruslan/.local/lib/python3.10/site-packages/airflow/example_dags/example_setup_teardown_taskflow.py
[2025-03-22T10:21:25.321+0500] {processor.py:925} INFO - DAG(s) 'example_setup_teardown_taskflow' retrieved from /home/ruslan/.local/lib/python3.10/site-packages/airflow/example_dags/example_setup_teardown_taskflow.py
[2025-03-22T10:21:25.334+0500] {logging_mixin.py:190} INFO - [2025-03-22T10:21:25.334+0500] {dag.py:3239} INFO - Sync 1 DAGs
[2025-03-22T10:21:25.346+0500] {logging_mixin.py:190} INFO - [2025-03-22T10:21:25.346+0500] {dag.py:4180} INFO - Setting next_dagrun for example_setup_teardown_taskflow to None, run_after=None
[2025-03-22T10:21:25.362+0500] {processor.py:208} INFO - Processing /home/ruslan/.local/lib/python3.10/site-packages/airflow/example_dags/example_setup_teardown_taskflow.py took 0.055 seconds
[2025-03-22T10:22:19.792+0500] {processor.py:186} INFO - Started process (PID=27417) to work on /home/ruslan/.local/lib/python3.10/site-packages/airflow/example_dags/example_setup_teardown_taskflow.py
[2025-03-22T10:22:19.793+0500] {processor.py:914} INFO - Processing file /home/ruslan/.local/lib/python3.10/site-packages/airflow/example_dags/example_setup_teardown_taskflow.py for tasks to queue
[2025-03-22T10:22:19.795+0500] {logging_mixin.py:190} INFO - [2025-03-22T10:22:19.795+0500] {dagbag.py:588} INFO - Filling up the DagBag from /home/ruslan/.local/lib/python3.10/site-packages/airflow/example_dags/example_setup_teardown_taskflow.py
[2025-03-22T10:22:19.805+0500] {processor.py:925} INFO - DAG(s) 'example_setup_teardown_taskflow' retrieved from /home/ruslan/.local/lib/python3.10/site-packages/airflow/example_dags/example_setup_teardown_taskflow.py
[2025-03-22T10:22:19.817+0500] {logging_mixin.py:190} INFO - [2025-03-22T10:22:19.817+0500] {dag.py:3239} INFO - Sync 1 DAGs
[2025-03-22T10:22:19.826+0500] {logging_mixin.py:190} INFO - [2025-03-22T10:22:19.825+0500] {dag.py:4180} INFO - Setting next_dagrun for example_setup_teardown_taskflow to None, run_after=None
[2025-03-22T10:22:19.844+0500] {processor.py:208} INFO - Processing /home/ruslan/.local/lib/python3.10/site-packages/airflow/example_dags/example_setup_teardown_taskflow.py took 0.058 seconds
[2025-03-22T10:23:12.682+0500] {processor.py:186} INFO - Started process (PID=27934) to work on /home/ruslan/.local/lib/python3.10/site-packages/airflow/example_dags/example_setup_teardown_taskflow.py
[2025-03-22T10:23:12.683+0500] {processor.py:914} INFO - Processing file /home/ruslan/.local/lib/python3.10/site-packages/airflow/example_dags/example_setup_teardown_taskflow.py for tasks to queue
[2025-03-22T10:23:12.684+0500] {logging_mixin.py:190} INFO - [2025-03-22T10:23:12.684+0500] {dagbag.py:588} INFO - Filling up the DagBag from /home/ruslan/.local/lib/python3.10/site-packages/airflow/example_dags/example_setup_teardown_taskflow.py
[2025-03-22T10:23:12.690+0500] {processor.py:925} INFO - DAG(s) 'example_setup_teardown_taskflow' retrieved from /home/ruslan/.local/lib/python3.10/site-packages/airflow/example_dags/example_setup_teardown_taskflow.py
[2025-03-22T10:23:12.700+0500] {logging_mixin.py:190} INFO - [2025-03-22T10:23:12.699+0500] {dag.py:3239} INFO - Sync 1 DAGs
[2025-03-22T10:23:12.707+0500] {logging_mixin.py:190} INFO - [2025-03-22T10:23:12.707+0500] {dag.py:4180} INFO - Setting next_dagrun for example_setup_teardown_taskflow to None, run_after=None
[2025-03-22T10:23:12.722+0500] {processor.py:208} INFO - Processing /home/ruslan/.local/lib/python3.10/site-packages/airflow/example_dags/example_setup_teardown_taskflow.py took 0.044 seconds
[2025-03-22T10:24:04.458+0500] {processor.py:186} INFO - Started process (PID=28535) to work on /home/ruslan/.local/lib/python3.10/site-packages/airflow/example_dags/example_setup_teardown_taskflow.py
[2025-03-22T10:24:04.459+0500] {processor.py:914} INFO - Processing file /home/ruslan/.local/lib/python3.10/site-packages/airflow/example_dags/example_setup_teardown_taskflow.py for tasks to queue
[2025-03-22T10:24:04.461+0500] {logging_mixin.py:190} INFO - [2025-03-22T10:24:04.460+0500] {dagbag.py:588} INFO - Filling up the DagBag from /home/ruslan/.local/lib/python3.10/site-packages/airflow/example_dags/example_setup_teardown_taskflow.py
[2025-03-22T10:24:04.467+0500] {processor.py:925} INFO - DAG(s) 'example_setup_teardown_taskflow' retrieved from /home/ruslan/.local/lib/python3.10/site-packages/airflow/example_dags/example_setup_teardown_taskflow.py
[2025-03-22T10:24:04.477+0500] {logging_mixin.py:190} INFO - [2025-03-22T10:24:04.477+0500] {dag.py:3239} INFO - Sync 1 DAGs
[2025-03-22T10:24:04.484+0500] {logging_mixin.py:190} INFO - [2025-03-22T10:24:04.484+0500] {dag.py:4180} INFO - Setting next_dagrun for example_setup_teardown_taskflow to None, run_after=None
[2025-03-22T10:24:04.500+0500] {processor.py:208} INFO - Processing /home/ruslan/.local/lib/python3.10/site-packages/airflow/example_dags/example_setup_teardown_taskflow.py took 0.045 seconds
[2025-03-22T10:24:55.172+0500] {processor.py:186} INFO - Started process (PID=29071) to work on /home/ruslan/.local/lib/python3.10/site-packages/airflow/example_dags/example_setup_teardown_taskflow.py
[2025-03-22T10:24:55.174+0500] {processor.py:914} INFO - Processing file /home/ruslan/.local/lib/python3.10/site-packages/airflow/example_dags/example_setup_teardown_taskflow.py for tasks to queue
[2025-03-22T10:24:55.175+0500] {logging_mixin.py:190} INFO - [2025-03-22T10:24:55.175+0500] {dagbag.py:588} INFO - Filling up the DagBag from /home/ruslan/.local/lib/python3.10/site-packages/airflow/example_dags/example_setup_teardown_taskflow.py
[2025-03-22T10:24:55.181+0500] {processor.py:925} INFO - DAG(s) 'example_setup_teardown_taskflow' retrieved from /home/ruslan/.local/lib/python3.10/site-packages/airflow/example_dags/example_setup_teardown_taskflow.py
[2025-03-22T10:24:55.191+0500] {logging_mixin.py:190} INFO - [2025-03-22T10:24:55.191+0500] {dag.py:3239} INFO - Sync 1 DAGs
[2025-03-22T10:24:55.199+0500] {logging_mixin.py:190} INFO - [2025-03-22T10:24:55.199+0500] {dag.py:4180} INFO - Setting next_dagrun for example_setup_teardown_taskflow to None, run_after=None
[2025-03-22T10:24:55.213+0500] {processor.py:208} INFO - Processing /home/ruslan/.local/lib/python3.10/site-packages/airflow/example_dags/example_setup_teardown_taskflow.py took 0.045 seconds
[2025-03-22T10:25:45.405+0500] {processor.py:186} INFO - Started process (PID=29579) to work on /home/ruslan/.local/lib/python3.10/site-packages/airflow/example_dags/example_setup_teardown_taskflow.py
[2025-03-22T10:25:45.407+0500] {processor.py:914} INFO - Processing file /home/ruslan/.local/lib/python3.10/site-packages/airflow/example_dags/example_setup_teardown_taskflow.py for tasks to queue
[2025-03-22T10:25:45.408+0500] {logging_mixin.py:190} INFO - [2025-03-22T10:25:45.408+0500] {dagbag.py:588} INFO - Filling up the DagBag from /home/ruslan/.local/lib/python3.10/site-packages/airflow/example_dags/example_setup_teardown_taskflow.py
[2025-03-22T10:25:45.415+0500] {processor.py:925} INFO - DAG(s) 'example_setup_teardown_taskflow' retrieved from /home/ruslan/.local/lib/python3.10/site-packages/airflow/example_dags/example_setup_teardown_taskflow.py
[2025-03-22T10:25:45.424+0500] {logging_mixin.py:190} INFO - [2025-03-22T10:25:45.424+0500] {dag.py:3239} INFO - Sync 1 DAGs
[2025-03-22T10:25:45.431+0500] {logging_mixin.py:190} INFO - [2025-03-22T10:25:45.430+0500] {dag.py:4180} INFO - Setting next_dagrun for example_setup_teardown_taskflow to None, run_after=None
[2025-03-22T10:25:45.446+0500] {processor.py:208} INFO - Processing /home/ruslan/.local/lib/python3.10/site-packages/airflow/example_dags/example_setup_teardown_taskflow.py took 0.044 seconds
[2025-03-22T10:26:38.226+0500] {processor.py:186} INFO - Started process (PID=30645) to work on /home/ruslan/.local/lib/python3.10/site-packages/airflow/example_dags/example_setup_teardown_taskflow.py
[2025-03-22T10:26:38.227+0500] {processor.py:914} INFO - Processing file /home/ruslan/.local/lib/python3.10/site-packages/airflow/example_dags/example_setup_teardown_taskflow.py for tasks to queue
[2025-03-22T10:26:38.228+0500] {logging_mixin.py:190} INFO - [2025-03-22T10:26:38.228+0500] {dagbag.py:588} INFO - Filling up the DagBag from /home/ruslan/.local/lib/python3.10/site-packages/airflow/example_dags/example_setup_teardown_taskflow.py
[2025-03-22T10:26:38.235+0500] {processor.py:925} INFO - DAG(s) 'example_setup_teardown_taskflow' retrieved from /home/ruslan/.local/lib/python3.10/site-packages/airflow/example_dags/example_setup_teardown_taskflow.py
[2025-03-22T10:26:38.244+0500] {logging_mixin.py:190} INFO - [2025-03-22T10:26:38.244+0500] {dag.py:3239} INFO - Sync 1 DAGs
[2025-03-22T10:26:38.251+0500] {logging_mixin.py:190} INFO - [2025-03-22T10:26:38.251+0500] {dag.py:4180} INFO - Setting next_dagrun for example_setup_teardown_taskflow to None, run_after=None
[2025-03-22T10:26:38.267+0500] {processor.py:208} INFO - Processing /home/ruslan/.local/lib/python3.10/site-packages/airflow/example_dags/example_setup_teardown_taskflow.py took 0.045 seconds
[2025-03-22T10:27:28.979+0500] {processor.py:186} INFO - Started process (PID=31182) to work on /home/ruslan/.local/lib/python3.10/site-packages/airflow/example_dags/example_setup_teardown_taskflow.py
[2025-03-22T10:27:28.981+0500] {processor.py:914} INFO - Processing file /home/ruslan/.local/lib/python3.10/site-packages/airflow/example_dags/example_setup_teardown_taskflow.py for tasks to queue
[2025-03-22T10:27:28.982+0500] {logging_mixin.py:190} INFO - [2025-03-22T10:27:28.982+0500] {dagbag.py:588} INFO - Filling up the DagBag from /home/ruslan/.local/lib/python3.10/site-packages/airflow/example_dags/example_setup_teardown_taskflow.py
[2025-03-22T10:27:28.989+0500] {processor.py:925} INFO - DAG(s) 'example_setup_teardown_taskflow' retrieved from /home/ruslan/.local/lib/python3.10/site-packages/airflow/example_dags/example_setup_teardown_taskflow.py
[2025-03-22T10:27:29.000+0500] {logging_mixin.py:190} INFO - [2025-03-22T10:27:29.000+0500] {dag.py:3239} INFO - Sync 1 DAGs
[2025-03-22T10:27:29.008+0500] {logging_mixin.py:190} INFO - [2025-03-22T10:27:29.008+0500] {dag.py:4180} INFO - Setting next_dagrun for example_setup_teardown_taskflow to None, run_after=None
[2025-03-22T10:27:29.024+0500] {processor.py:208} INFO - Processing /home/ruslan/.local/lib/python3.10/site-packages/airflow/example_dags/example_setup_teardown_taskflow.py took 0.048 seconds
[2025-03-22T10:28:23.051+0500] {processor.py:186} INFO - Started process (PID=31796) to work on /home/ruslan/.local/lib/python3.10/site-packages/airflow/example_dags/example_setup_teardown_taskflow.py
[2025-03-22T10:28:23.053+0500] {processor.py:914} INFO - Processing file /home/ruslan/.local/lib/python3.10/site-packages/airflow/example_dags/example_setup_teardown_taskflow.py for tasks to queue
[2025-03-22T10:28:23.054+0500] {logging_mixin.py:190} INFO - [2025-03-22T10:28:23.054+0500] {dagbag.py:588} INFO - Filling up the DagBag from /home/ruslan/.local/lib/python3.10/site-packages/airflow/example_dags/example_setup_teardown_taskflow.py
[2025-03-22T10:28:23.060+0500] {processor.py:925} INFO - DAG(s) 'example_setup_teardown_taskflow' retrieved from /home/ruslan/.local/lib/python3.10/site-packages/airflow/example_dags/example_setup_teardown_taskflow.py
[2025-03-22T10:28:23.070+0500] {logging_mixin.py:190} INFO - [2025-03-22T10:28:23.070+0500] {dag.py:3239} INFO - Sync 1 DAGs
[2025-03-22T10:28:23.077+0500] {logging_mixin.py:190} INFO - [2025-03-22T10:28:23.077+0500] {dag.py:4180} INFO - Setting next_dagrun for example_setup_teardown_taskflow to None, run_after=None
[2025-03-22T10:28:23.092+0500] {processor.py:208} INFO - Processing /home/ruslan/.local/lib/python3.10/site-packages/airflow/example_dags/example_setup_teardown_taskflow.py took 0.045 seconds
[2025-03-22T10:29:14.828+0500] {processor.py:186} INFO - Started process (PID=32311) to work on /home/ruslan/.local/lib/python3.10/site-packages/airflow/example_dags/example_setup_teardown_taskflow.py
[2025-03-22T10:29:14.829+0500] {processor.py:914} INFO - Processing file /home/ruslan/.local/lib/python3.10/site-packages/airflow/example_dags/example_setup_teardown_taskflow.py for tasks to queue
[2025-03-22T10:29:14.830+0500] {logging_mixin.py:190} INFO - [2025-03-22T10:29:14.830+0500] {dagbag.py:588} INFO - Filling up the DagBag from /home/ruslan/.local/lib/python3.10/site-packages/airflow/example_dags/example_setup_teardown_taskflow.py
[2025-03-22T10:29:14.836+0500] {processor.py:925} INFO - DAG(s) 'example_setup_teardown_taskflow' retrieved from /home/ruslan/.local/lib/python3.10/site-packages/airflow/example_dags/example_setup_teardown_taskflow.py
[2025-03-22T10:29:14.846+0500] {logging_mixin.py:190} INFO - [2025-03-22T10:29:14.845+0500] {dag.py:3239} INFO - Sync 1 DAGs
[2025-03-22T10:29:14.852+0500] {logging_mixin.py:190} INFO - [2025-03-22T10:29:14.852+0500] {dag.py:4180} INFO - Setting next_dagrun for example_setup_teardown_taskflow to None, run_after=None
[2025-03-22T10:29:14.872+0500] {processor.py:208} INFO - Processing /home/ruslan/.local/lib/python3.10/site-packages/airflow/example_dags/example_setup_teardown_taskflow.py took 0.048 seconds
[2025-03-22T10:30:06.606+0500] {processor.py:186} INFO - Started process (PID=32828) to work on /home/ruslan/.local/lib/python3.10/site-packages/airflow/example_dags/example_setup_teardown_taskflow.py
[2025-03-22T10:30:06.607+0500] {processor.py:914} INFO - Processing file /home/ruslan/.local/lib/python3.10/site-packages/airflow/example_dags/example_setup_teardown_taskflow.py for tasks to queue
[2025-03-22T10:30:06.608+0500] {logging_mixin.py:190} INFO - [2025-03-22T10:30:06.608+0500] {dagbag.py:588} INFO - Filling up the DagBag from /home/ruslan/.local/lib/python3.10/site-packages/airflow/example_dags/example_setup_teardown_taskflow.py
[2025-03-22T10:30:06.615+0500] {processor.py:925} INFO - DAG(s) 'example_setup_teardown_taskflow' retrieved from /home/ruslan/.local/lib/python3.10/site-packages/airflow/example_dags/example_setup_teardown_taskflow.py
[2025-03-22T10:30:06.625+0500] {logging_mixin.py:190} INFO - [2025-03-22T10:30:06.624+0500] {dag.py:3239} INFO - Sync 1 DAGs
[2025-03-22T10:30:06.632+0500] {logging_mixin.py:190} INFO - [2025-03-22T10:30:06.632+0500] {dag.py:4180} INFO - Setting next_dagrun for example_setup_teardown_taskflow to None, run_after=None
[2025-03-22T10:30:06.649+0500] {processor.py:208} INFO - Processing /home/ruslan/.local/lib/python3.10/site-packages/airflow/example_dags/example_setup_teardown_taskflow.py took 0.046 seconds
[2025-03-22T10:30:59.494+0500] {processor.py:186} INFO - Started process (PID=33100) to work on /home/ruslan/.local/lib/python3.10/site-packages/airflow/example_dags/example_setup_teardown_taskflow.py
[2025-03-22T10:30:59.495+0500] {processor.py:914} INFO - Processing file /home/ruslan/.local/lib/python3.10/site-packages/airflow/example_dags/example_setup_teardown_taskflow.py for tasks to queue
[2025-03-22T10:30:59.496+0500] {logging_mixin.py:190} INFO - [2025-03-22T10:30:59.496+0500] {dagbag.py:588} INFO - Filling up the DagBag from /home/ruslan/.local/lib/python3.10/site-packages/airflow/example_dags/example_setup_teardown_taskflow.py
[2025-03-22T10:30:59.506+0500] {processor.py:925} INFO - DAG(s) 'example_setup_teardown_taskflow' retrieved from /home/ruslan/.local/lib/python3.10/site-packages/airflow/example_dags/example_setup_teardown_taskflow.py
[2025-03-22T10:30:59.520+0500] {logging_mixin.py:190} INFO - [2025-03-22T10:30:59.519+0500] {dag.py:3239} INFO - Sync 1 DAGs
[2025-03-22T10:30:59.531+0500] {logging_mixin.py:190} INFO - [2025-03-22T10:30:59.531+0500] {dag.py:4180} INFO - Setting next_dagrun for example_setup_teardown_taskflow to None, run_after=None
[2025-03-22T10:30:59.550+0500] {processor.py:208} INFO - Processing /home/ruslan/.local/lib/python3.10/site-packages/airflow/example_dags/example_setup_teardown_taskflow.py took 0.060 seconds
[2025-03-22T10:31:50.657+0500] {processor.py:186} INFO - Started process (PID=33860) to work on /home/ruslan/.local/lib/python3.10/site-packages/airflow/example_dags/example_setup_teardown_taskflow.py
[2025-03-22T10:31:50.658+0500] {processor.py:914} INFO - Processing file /home/ruslan/.local/lib/python3.10/site-packages/airflow/example_dags/example_setup_teardown_taskflow.py for tasks to queue
[2025-03-22T10:31:50.659+0500] {logging_mixin.py:190} INFO - [2025-03-22T10:31:50.659+0500] {dagbag.py:588} INFO - Filling up the DagBag from /home/ruslan/.local/lib/python3.10/site-packages/airflow/example_dags/example_setup_teardown_taskflow.py
[2025-03-22T10:31:50.666+0500] {processor.py:925} INFO - DAG(s) 'example_setup_teardown_taskflow' retrieved from /home/ruslan/.local/lib/python3.10/site-packages/airflow/example_dags/example_setup_teardown_taskflow.py
[2025-03-22T10:31:50.675+0500] {logging_mixin.py:190} INFO - [2025-03-22T10:31:50.675+0500] {dag.py:3239} INFO - Sync 1 DAGs
[2025-03-22T10:31:50.682+0500] {logging_mixin.py:190} INFO - [2025-03-22T10:31:50.682+0500] {dag.py:4180} INFO - Setting next_dagrun for example_setup_teardown_taskflow to None, run_after=None
[2025-03-22T10:31:50.698+0500] {processor.py:208} INFO - Processing /home/ruslan/.local/lib/python3.10/site-packages/airflow/example_dags/example_setup_teardown_taskflow.py took 0.044 seconds
[2025-03-22T10:33:15.209+0500] {processor.py:186} INFO - Started process (PID=34932) to work on /home/ruslan/.local/lib/python3.10/site-packages/airflow/example_dags/example_setup_teardown_taskflow.py
[2025-03-22T10:33:15.210+0500] {processor.py:914} INFO - Processing file /home/ruslan/.local/lib/python3.10/site-packages/airflow/example_dags/example_setup_teardown_taskflow.py for tasks to queue
[2025-03-22T10:33:15.212+0500] {logging_mixin.py:190} INFO - [2025-03-22T10:33:15.212+0500] {dagbag.py:588} INFO - Filling up the DagBag from /home/ruslan/.local/lib/python3.10/site-packages/airflow/example_dags/example_setup_teardown_taskflow.py
[2025-03-22T10:33:15.218+0500] {processor.py:925} INFO - DAG(s) 'example_setup_teardown_taskflow' retrieved from /home/ruslan/.local/lib/python3.10/site-packages/airflow/example_dags/example_setup_teardown_taskflow.py
[2025-03-22T10:33:15.228+0500] {logging_mixin.py:190} INFO - [2025-03-22T10:33:15.228+0500] {dag.py:3239} INFO - Sync 1 DAGs
[2025-03-22T10:33:15.234+0500] {logging_mixin.py:190} INFO - [2025-03-22T10:33:15.234+0500] {dag.py:4180} INFO - Setting next_dagrun for example_setup_teardown_taskflow to None, run_after=None
[2025-03-22T10:33:15.250+0500] {processor.py:208} INFO - Processing /home/ruslan/.local/lib/python3.10/site-packages/airflow/example_dags/example_setup_teardown_taskflow.py took 0.045 seconds
[2025-03-22T10:34:10.648+0500] {processor.py:186} INFO - Started process (PID=35617) to work on /home/ruslan/.local/lib/python3.10/site-packages/airflow/example_dags/example_setup_teardown_taskflow.py
[2025-03-22T10:34:10.649+0500] {processor.py:914} INFO - Processing file /home/ruslan/.local/lib/python3.10/site-packages/airflow/example_dags/example_setup_teardown_taskflow.py for tasks to queue
[2025-03-22T10:34:10.650+0500] {logging_mixin.py:190} INFO - [2025-03-22T10:34:10.650+0500] {dagbag.py:588} INFO - Filling up the DagBag from /home/ruslan/.local/lib/python3.10/site-packages/airflow/example_dags/example_setup_teardown_taskflow.py
[2025-03-22T10:34:10.657+0500] {processor.py:925} INFO - DAG(s) 'example_setup_teardown_taskflow' retrieved from /home/ruslan/.local/lib/python3.10/site-packages/airflow/example_dags/example_setup_teardown_taskflow.py
[2025-03-22T10:34:10.666+0500] {logging_mixin.py:190} INFO - [2025-03-22T10:34:10.666+0500] {dag.py:3239} INFO - Sync 1 DAGs
[2025-03-22T10:34:10.672+0500] {logging_mixin.py:190} INFO - [2025-03-22T10:34:10.672+0500] {dag.py:4180} INFO - Setting next_dagrun for example_setup_teardown_taskflow to None, run_after=None
[2025-03-22T10:34:10.688+0500] {processor.py:208} INFO - Processing /home/ruslan/.local/lib/python3.10/site-packages/airflow/example_dags/example_setup_teardown_taskflow.py took 0.044 seconds
[2025-03-22T10:35:03.138+0500] {processor.py:186} INFO - Started process (PID=36210) to work on /home/ruslan/.local/lib/python3.10/site-packages/airflow/example_dags/example_setup_teardown_taskflow.py
[2025-03-22T10:35:03.139+0500] {processor.py:914} INFO - Processing file /home/ruslan/.local/lib/python3.10/site-packages/airflow/example_dags/example_setup_teardown_taskflow.py for tasks to queue
[2025-03-22T10:35:03.141+0500] {logging_mixin.py:190} INFO - [2025-03-22T10:35:03.141+0500] {dagbag.py:588} INFO - Filling up the DagBag from /home/ruslan/.local/lib/python3.10/site-packages/airflow/example_dags/example_setup_teardown_taskflow.py
[2025-03-22T10:35:03.147+0500] {processor.py:925} INFO - DAG(s) 'example_setup_teardown_taskflow' retrieved from /home/ruslan/.local/lib/python3.10/site-packages/airflow/example_dags/example_setup_teardown_taskflow.py
[2025-03-22T10:35:03.157+0500] {logging_mixin.py:190} INFO - [2025-03-22T10:35:03.157+0500] {dag.py:3239} INFO - Sync 1 DAGs
[2025-03-22T10:35:03.164+0500] {logging_mixin.py:190} INFO - [2025-03-22T10:35:03.164+0500] {dag.py:4180} INFO - Setting next_dagrun for example_setup_teardown_taskflow to None, run_after=None
[2025-03-22T10:35:03.179+0500] {processor.py:208} INFO - Processing /home/ruslan/.local/lib/python3.10/site-packages/airflow/example_dags/example_setup_teardown_taskflow.py took 0.044 seconds
[2025-03-22T10:35:53.345+0500] {processor.py:186} INFO - Started process (PID=36879) to work on /home/ruslan/.local/lib/python3.10/site-packages/airflow/example_dags/example_setup_teardown_taskflow.py
[2025-03-22T10:35:53.348+0500] {processor.py:914} INFO - Processing file /home/ruslan/.local/lib/python3.10/site-packages/airflow/example_dags/example_setup_teardown_taskflow.py for tasks to queue
[2025-03-22T10:35:53.350+0500] {logging_mixin.py:190} INFO - [2025-03-22T10:35:53.349+0500] {dagbag.py:588} INFO - Filling up the DagBag from /home/ruslan/.local/lib/python3.10/site-packages/airflow/example_dags/example_setup_teardown_taskflow.py
[2025-03-22T10:35:53.356+0500] {processor.py:925} INFO - DAG(s) 'example_setup_teardown_taskflow' retrieved from /home/ruslan/.local/lib/python3.10/site-packages/airflow/example_dags/example_setup_teardown_taskflow.py
[2025-03-22T10:35:53.366+0500] {logging_mixin.py:190} INFO - [2025-03-22T10:35:53.365+0500] {dag.py:3239} INFO - Sync 1 DAGs
[2025-03-22T10:35:53.372+0500] {logging_mixin.py:190} INFO - [2025-03-22T10:35:53.372+0500] {dag.py:4180} INFO - Setting next_dagrun for example_setup_teardown_taskflow to None, run_after=None
[2025-03-22T10:35:53.388+0500] {processor.py:208} INFO - Processing /home/ruslan/.local/lib/python3.10/site-packages/airflow/example_dags/example_setup_teardown_taskflow.py took 0.046 seconds
[2025-03-22T10:36:42.965+0500] {processor.py:186} INFO - Started process (PID=37268) to work on /home/ruslan/.local/lib/python3.10/site-packages/airflow/example_dags/example_setup_teardown_taskflow.py
[2025-03-22T10:36:42.966+0500] {processor.py:914} INFO - Processing file /home/ruslan/.local/lib/python3.10/site-packages/airflow/example_dags/example_setup_teardown_taskflow.py for tasks to queue
[2025-03-22T10:36:42.967+0500] {logging_mixin.py:190} INFO - [2025-03-22T10:36:42.967+0500] {dagbag.py:588} INFO - Filling up the DagBag from /home/ruslan/.local/lib/python3.10/site-packages/airflow/example_dags/example_setup_teardown_taskflow.py
[2025-03-22T10:36:42.974+0500] {processor.py:925} INFO - DAG(s) 'example_setup_teardown_taskflow' retrieved from /home/ruslan/.local/lib/python3.10/site-packages/airflow/example_dags/example_setup_teardown_taskflow.py
[2025-03-22T10:36:42.984+0500] {logging_mixin.py:190} INFO - [2025-03-22T10:36:42.984+0500] {dag.py:3239} INFO - Sync 1 DAGs
[2025-03-22T10:36:42.992+0500] {logging_mixin.py:190} INFO - [2025-03-22T10:36:42.992+0500] {dag.py:4180} INFO - Setting next_dagrun for example_setup_teardown_taskflow to None, run_after=None
[2025-03-22T10:36:43.007+0500] {processor.py:208} INFO - Processing /home/ruslan/.local/lib/python3.10/site-packages/airflow/example_dags/example_setup_teardown_taskflow.py took 0.045 seconds
[2025-03-22T10:37:33.092+0500] {processor.py:186} INFO - Started process (PID=37520) to work on /home/ruslan/.local/lib/python3.10/site-packages/airflow/example_dags/example_setup_teardown_taskflow.py
[2025-03-22T10:37:33.093+0500] {processor.py:914} INFO - Processing file /home/ruslan/.local/lib/python3.10/site-packages/airflow/example_dags/example_setup_teardown_taskflow.py for tasks to queue
[2025-03-22T10:37:33.094+0500] {logging_mixin.py:190} INFO - [2025-03-22T10:37:33.094+0500] {dagbag.py:588} INFO - Filling up the DagBag from /home/ruslan/.local/lib/python3.10/site-packages/airflow/example_dags/example_setup_teardown_taskflow.py
[2025-03-22T10:37:33.101+0500] {processor.py:925} INFO - DAG(s) 'example_setup_teardown_taskflow' retrieved from /home/ruslan/.local/lib/python3.10/site-packages/airflow/example_dags/example_setup_teardown_taskflow.py
[2025-03-22T10:37:33.110+0500] {logging_mixin.py:190} INFO - [2025-03-22T10:37:33.110+0500] {dag.py:3239} INFO - Sync 1 DAGs
[2025-03-22T10:37:33.118+0500] {logging_mixin.py:190} INFO - [2025-03-22T10:37:33.117+0500] {dag.py:4180} INFO - Setting next_dagrun for example_setup_teardown_taskflow to None, run_after=None
[2025-03-22T10:37:33.133+0500] {processor.py:208} INFO - Processing /home/ruslan/.local/lib/python3.10/site-packages/airflow/example_dags/example_setup_teardown_taskflow.py took 0.045 seconds
[2025-03-22T10:39:00.816+0500] {processor.py:186} INFO - Started process (PID=38702) to work on /home/ruslan/.local/lib/python3.10/site-packages/airflow/example_dags/example_setup_teardown_taskflow.py
[2025-03-22T10:39:00.817+0500] {processor.py:914} INFO - Processing file /home/ruslan/.local/lib/python3.10/site-packages/airflow/example_dags/example_setup_teardown_taskflow.py for tasks to queue
[2025-03-22T10:39:00.819+0500] {logging_mixin.py:190} INFO - [2025-03-22T10:39:00.819+0500] {dagbag.py:588} INFO - Filling up the DagBag from /home/ruslan/.local/lib/python3.10/site-packages/airflow/example_dags/example_setup_teardown_taskflow.py
[2025-03-22T10:39:00.825+0500] {processor.py:925} INFO - DAG(s) 'example_setup_teardown_taskflow' retrieved from /home/ruslan/.local/lib/python3.10/site-packages/airflow/example_dags/example_setup_teardown_taskflow.py
[2025-03-22T10:39:00.835+0500] {logging_mixin.py:190} INFO - [2025-03-22T10:39:00.835+0500] {dag.py:3239} INFO - Sync 1 DAGs
[2025-03-22T10:39:00.842+0500] {logging_mixin.py:190} INFO - [2025-03-22T10:39:00.842+0500] {dag.py:4180} INFO - Setting next_dagrun for example_setup_teardown_taskflow to None, run_after=None
[2025-03-22T10:39:00.858+0500] {processor.py:208} INFO - Processing /home/ruslan/.local/lib/python3.10/site-packages/airflow/example_dags/example_setup_teardown_taskflow.py took 0.045 seconds
[2025-03-22T10:39:55.570+0500] {processor.py:186} INFO - Started process (PID=39407) to work on /home/ruslan/.local/lib/python3.10/site-packages/airflow/example_dags/example_setup_teardown_taskflow.py
[2025-03-22T10:39:55.571+0500] {processor.py:914} INFO - Processing file /home/ruslan/.local/lib/python3.10/site-packages/airflow/example_dags/example_setup_teardown_taskflow.py for tasks to queue
[2025-03-22T10:39:55.572+0500] {logging_mixin.py:190} INFO - [2025-03-22T10:39:55.572+0500] {dagbag.py:588} INFO - Filling up the DagBag from /home/ruslan/.local/lib/python3.10/site-packages/airflow/example_dags/example_setup_teardown_taskflow.py
[2025-03-22T10:39:55.578+0500] {processor.py:925} INFO - DAG(s) 'example_setup_teardown_taskflow' retrieved from /home/ruslan/.local/lib/python3.10/site-packages/airflow/example_dags/example_setup_teardown_taskflow.py
[2025-03-22T10:39:55.588+0500] {logging_mixin.py:190} INFO - [2025-03-22T10:39:55.588+0500] {dag.py:3239} INFO - Sync 1 DAGs
[2025-03-22T10:39:55.595+0500] {logging_mixin.py:190} INFO - [2025-03-22T10:39:55.595+0500] {dag.py:4180} INFO - Setting next_dagrun for example_setup_teardown_taskflow to None, run_after=None
[2025-03-22T10:39:55.610+0500] {processor.py:208} INFO - Processing /home/ruslan/.local/lib/python3.10/site-packages/airflow/example_dags/example_setup_teardown_taskflow.py took 0.044 seconds
[2025-03-22T10:40:50.891+0500] {processor.py:186} INFO - Started process (PID=40010) to work on /home/ruslan/.local/lib/python3.10/site-packages/airflow/example_dags/example_setup_teardown_taskflow.py
[2025-03-22T10:40:50.892+0500] {processor.py:914} INFO - Processing file /home/ruslan/.local/lib/python3.10/site-packages/airflow/example_dags/example_setup_teardown_taskflow.py for tasks to queue
[2025-03-22T10:40:50.893+0500] {logging_mixin.py:190} INFO - [2025-03-22T10:40:50.893+0500] {dagbag.py:588} INFO - Filling up the DagBag from /home/ruslan/.local/lib/python3.10/site-packages/airflow/example_dags/example_setup_teardown_taskflow.py
[2025-03-22T10:40:50.901+0500] {processor.py:925} INFO - DAG(s) 'example_setup_teardown_taskflow' retrieved from /home/ruslan/.local/lib/python3.10/site-packages/airflow/example_dags/example_setup_teardown_taskflow.py
[2025-03-22T10:40:50.911+0500] {logging_mixin.py:190} INFO - [2025-03-22T10:40:50.911+0500] {dag.py:3239} INFO - Sync 1 DAGs
[2025-03-22T10:40:50.919+0500] {logging_mixin.py:190} INFO - [2025-03-22T10:40:50.919+0500] {dag.py:4180} INFO - Setting next_dagrun for example_setup_teardown_taskflow to None, run_after=None
[2025-03-22T10:40:50.934+0500] {processor.py:208} INFO - Processing /home/ruslan/.local/lib/python3.10/site-packages/airflow/example_dags/example_setup_teardown_taskflow.py took 0.047 seconds
[2025-03-22T10:41:52.357+0500] {processor.py:186} INFO - Started process (PID=40776) to work on /home/ruslan/.local/lib/python3.10/site-packages/airflow/example_dags/example_setup_teardown_taskflow.py
[2025-03-22T10:41:52.358+0500] {processor.py:914} INFO - Processing file /home/ruslan/.local/lib/python3.10/site-packages/airflow/example_dags/example_setup_teardown_taskflow.py for tasks to queue
[2025-03-22T10:41:52.359+0500] {logging_mixin.py:190} INFO - [2025-03-22T10:41:52.359+0500] {dagbag.py:588} INFO - Filling up the DagBag from /home/ruslan/.local/lib/python3.10/site-packages/airflow/example_dags/example_setup_teardown_taskflow.py
[2025-03-22T10:41:52.365+0500] {processor.py:925} INFO - DAG(s) 'example_setup_teardown_taskflow' retrieved from /home/ruslan/.local/lib/python3.10/site-packages/airflow/example_dags/example_setup_teardown_taskflow.py
[2025-03-22T10:41:52.375+0500] {logging_mixin.py:190} INFO - [2025-03-22T10:41:52.375+0500] {dag.py:3239} INFO - Sync 1 DAGs
[2025-03-22T10:41:52.381+0500] {logging_mixin.py:190} INFO - [2025-03-22T10:41:52.381+0500] {dag.py:4180} INFO - Setting next_dagrun for example_setup_teardown_taskflow to None, run_after=None
[2025-03-22T10:41:52.397+0500] {processor.py:208} INFO - Processing /home/ruslan/.local/lib/python3.10/site-packages/airflow/example_dags/example_setup_teardown_taskflow.py took 0.044 seconds
[2025-03-22T10:42:47.678+0500] {processor.py:186} INFO - Started process (PID=41481) to work on /home/ruslan/.local/lib/python3.10/site-packages/airflow/example_dags/example_setup_teardown_taskflow.py
[2025-03-22T10:42:47.679+0500] {processor.py:914} INFO - Processing file /home/ruslan/.local/lib/python3.10/site-packages/airflow/example_dags/example_setup_teardown_taskflow.py for tasks to queue
[2025-03-22T10:42:47.681+0500] {logging_mixin.py:190} INFO - [2025-03-22T10:42:47.680+0500] {dagbag.py:588} INFO - Filling up the DagBag from /home/ruslan/.local/lib/python3.10/site-packages/airflow/example_dags/example_setup_teardown_taskflow.py
[2025-03-22T10:42:47.687+0500] {processor.py:925} INFO - DAG(s) 'example_setup_teardown_taskflow' retrieved from /home/ruslan/.local/lib/python3.10/site-packages/airflow/example_dags/example_setup_teardown_taskflow.py
[2025-03-22T10:42:47.697+0500] {logging_mixin.py:190} INFO - [2025-03-22T10:42:47.697+0500] {dag.py:3239} INFO - Sync 1 DAGs
[2025-03-22T10:42:47.704+0500] {logging_mixin.py:190} INFO - [2025-03-22T10:42:47.704+0500] {dag.py:4180} INFO - Setting next_dagrun for example_setup_teardown_taskflow to None, run_after=None
[2025-03-22T10:42:47.720+0500] {processor.py:208} INFO - Processing /home/ruslan/.local/lib/python3.10/site-packages/airflow/example_dags/example_setup_teardown_taskflow.py took 0.045 seconds
[2025-03-22T10:43:42.943+0500] {processor.py:186} INFO - Started process (PID=42186) to work on /home/ruslan/.local/lib/python3.10/site-packages/airflow/example_dags/example_setup_teardown_taskflow.py
[2025-03-22T10:43:42.944+0500] {processor.py:914} INFO - Processing file /home/ruslan/.local/lib/python3.10/site-packages/airflow/example_dags/example_setup_teardown_taskflow.py for tasks to queue
[2025-03-22T10:43:42.946+0500] {logging_mixin.py:190} INFO - [2025-03-22T10:43:42.945+0500] {dagbag.py:588} INFO - Filling up the DagBag from /home/ruslan/.local/lib/python3.10/site-packages/airflow/example_dags/example_setup_teardown_taskflow.py
[2025-03-22T10:43:42.952+0500] {processor.py:925} INFO - DAG(s) 'example_setup_teardown_taskflow' retrieved from /home/ruslan/.local/lib/python3.10/site-packages/airflow/example_dags/example_setup_teardown_taskflow.py
[2025-03-22T10:43:42.962+0500] {logging_mixin.py:190} INFO - [2025-03-22T10:43:42.962+0500] {dag.py:3239} INFO - Sync 1 DAGs
[2025-03-22T10:43:42.968+0500] {logging_mixin.py:190} INFO - [2025-03-22T10:43:42.968+0500] {dag.py:4180} INFO - Setting next_dagrun for example_setup_teardown_taskflow to None, run_after=None
[2025-03-22T10:43:42.984+0500] {processor.py:208} INFO - Processing /home/ruslan/.local/lib/python3.10/site-packages/airflow/example_dags/example_setup_teardown_taskflow.py took 0.044 seconds
[2025-03-22T10:44:39.377+0500] {processor.py:186} INFO - Started process (PID=42907) to work on /home/ruslan/.local/lib/python3.10/site-packages/airflow/example_dags/example_setup_teardown_taskflow.py
[2025-03-22T10:44:39.378+0500] {processor.py:914} INFO - Processing file /home/ruslan/.local/lib/python3.10/site-packages/airflow/example_dags/example_setup_teardown_taskflow.py for tasks to queue
[2025-03-22T10:44:39.380+0500] {logging_mixin.py:190} INFO - [2025-03-22T10:44:39.379+0500] {dagbag.py:588} INFO - Filling up the DagBag from /home/ruslan/.local/lib/python3.10/site-packages/airflow/example_dags/example_setup_teardown_taskflow.py
[2025-03-22T10:44:39.386+0500] {processor.py:925} INFO - DAG(s) 'example_setup_teardown_taskflow' retrieved from /home/ruslan/.local/lib/python3.10/site-packages/airflow/example_dags/example_setup_teardown_taskflow.py
[2025-03-22T10:44:39.395+0500] {logging_mixin.py:190} INFO - [2025-03-22T10:44:39.395+0500] {dag.py:3239} INFO - Sync 1 DAGs
[2025-03-22T10:44:39.402+0500] {logging_mixin.py:190} INFO - [2025-03-22T10:44:39.402+0500] {dag.py:4180} INFO - Setting next_dagrun for example_setup_teardown_taskflow to None, run_after=None
[2025-03-22T10:44:39.418+0500] {processor.py:208} INFO - Processing /home/ruslan/.local/lib/python3.10/site-packages/airflow/example_dags/example_setup_teardown_taskflow.py took 0.044 seconds
[2025-03-22T10:45:32.557+0500] {processor.py:186} INFO - Started process (PID=43498) to work on /home/ruslan/.local/lib/python3.10/site-packages/airflow/example_dags/example_setup_teardown_taskflow.py
[2025-03-22T10:45:32.558+0500] {processor.py:914} INFO - Processing file /home/ruslan/.local/lib/python3.10/site-packages/airflow/example_dags/example_setup_teardown_taskflow.py for tasks to queue
[2025-03-22T10:45:32.559+0500] {logging_mixin.py:190} INFO - [2025-03-22T10:45:32.559+0500] {dagbag.py:588} INFO - Filling up the DagBag from /home/ruslan/.local/lib/python3.10/site-packages/airflow/example_dags/example_setup_teardown_taskflow.py
[2025-03-22T10:45:32.566+0500] {processor.py:925} INFO - DAG(s) 'example_setup_teardown_taskflow' retrieved from /home/ruslan/.local/lib/python3.10/site-packages/airflow/example_dags/example_setup_teardown_taskflow.py
[2025-03-22T10:45:32.577+0500] {logging_mixin.py:190} INFO - [2025-03-22T10:45:32.577+0500] {dag.py:3239} INFO - Sync 1 DAGs
[2025-03-22T10:45:32.585+0500] {logging_mixin.py:190} INFO - [2025-03-22T10:45:32.585+0500] {dag.py:4180} INFO - Setting next_dagrun for example_setup_teardown_taskflow to None, run_after=None
[2025-03-22T10:45:32.601+0500] {processor.py:208} INFO - Processing /home/ruslan/.local/lib/python3.10/site-packages/airflow/example_dags/example_setup_teardown_taskflow.py took 0.048 seconds
[2025-03-22T10:46:29.315+0500] {processor.py:186} INFO - Started process (PID=44227) to work on /home/ruslan/.local/lib/python3.10/site-packages/airflow/example_dags/example_setup_teardown_taskflow.py
[2025-03-22T10:46:29.316+0500] {processor.py:914} INFO - Processing file /home/ruslan/.local/lib/python3.10/site-packages/airflow/example_dags/example_setup_teardown_taskflow.py for tasks to queue
[2025-03-22T10:46:29.317+0500] {logging_mixin.py:190} INFO - [2025-03-22T10:46:29.317+0500] {dagbag.py:588} INFO - Filling up the DagBag from /home/ruslan/.local/lib/python3.10/site-packages/airflow/example_dags/example_setup_teardown_taskflow.py
[2025-03-22T10:46:29.324+0500] {processor.py:925} INFO - DAG(s) 'example_setup_teardown_taskflow' retrieved from /home/ruslan/.local/lib/python3.10/site-packages/airflow/example_dags/example_setup_teardown_taskflow.py
[2025-03-22T10:46:29.333+0500] {logging_mixin.py:190} INFO - [2025-03-22T10:46:29.333+0500] {dag.py:3239} INFO - Sync 1 DAGs
[2025-03-22T10:46:29.340+0500] {logging_mixin.py:190} INFO - [2025-03-22T10:46:29.340+0500] {dag.py:4180} INFO - Setting next_dagrun for example_setup_teardown_taskflow to None, run_after=None
[2025-03-22T10:46:29.355+0500] {processor.py:208} INFO - Processing /home/ruslan/.local/lib/python3.10/site-packages/airflow/example_dags/example_setup_teardown_taskflow.py took 0.044 seconds
[2025-03-22T10:47:26.888+0500] {processor.py:186} INFO - Started process (PID=44957) to work on /home/ruslan/.local/lib/python3.10/site-packages/airflow/example_dags/example_setup_teardown_taskflow.py
[2025-03-22T10:47:26.889+0500] {processor.py:914} INFO - Processing file /home/ruslan/.local/lib/python3.10/site-packages/airflow/example_dags/example_setup_teardown_taskflow.py for tasks to queue
[2025-03-22T10:47:26.890+0500] {logging_mixin.py:190} INFO - [2025-03-22T10:47:26.890+0500] {dagbag.py:588} INFO - Filling up the DagBag from /home/ruslan/.local/lib/python3.10/site-packages/airflow/example_dags/example_setup_teardown_taskflow.py
[2025-03-22T10:47:26.897+0500] {processor.py:925} INFO - DAG(s) 'example_setup_teardown_taskflow' retrieved from /home/ruslan/.local/lib/python3.10/site-packages/airflow/example_dags/example_setup_teardown_taskflow.py
[2025-03-22T10:47:26.906+0500] {logging_mixin.py:190} INFO - [2025-03-22T10:47:26.906+0500] {dag.py:3239} INFO - Sync 1 DAGs
[2025-03-22T10:47:26.913+0500] {logging_mixin.py:190} INFO - [2025-03-22T10:47:26.912+0500] {dag.py:4180} INFO - Setting next_dagrun for example_setup_teardown_taskflow to None, run_after=None
[2025-03-22T10:47:26.928+0500] {processor.py:208} INFO - Processing /home/ruslan/.local/lib/python3.10/site-packages/airflow/example_dags/example_setup_teardown_taskflow.py took 0.044 seconds
[2025-03-22T10:48:21.630+0500] {processor.py:186} INFO - Started process (PID=45691) to work on /home/ruslan/.local/lib/python3.10/site-packages/airflow/example_dags/example_setup_teardown_taskflow.py
[2025-03-22T10:48:21.631+0500] {processor.py:914} INFO - Processing file /home/ruslan/.local/lib/python3.10/site-packages/airflow/example_dags/example_setup_teardown_taskflow.py for tasks to queue
[2025-03-22T10:48:21.632+0500] {logging_mixin.py:190} INFO - [2025-03-22T10:48:21.632+0500] {dagbag.py:588} INFO - Filling up the DagBag from /home/ruslan/.local/lib/python3.10/site-packages/airflow/example_dags/example_setup_teardown_taskflow.py
[2025-03-22T10:48:21.639+0500] {processor.py:925} INFO - DAG(s) 'example_setup_teardown_taskflow' retrieved from /home/ruslan/.local/lib/python3.10/site-packages/airflow/example_dags/example_setup_teardown_taskflow.py
[2025-03-22T10:48:21.648+0500] {logging_mixin.py:190} INFO - [2025-03-22T10:48:21.648+0500] {dag.py:3239} INFO - Sync 1 DAGs
[2025-03-22T10:48:21.655+0500] {logging_mixin.py:190} INFO - [2025-03-22T10:48:21.655+0500] {dag.py:4180} INFO - Setting next_dagrun for example_setup_teardown_taskflow to None, run_after=None
[2025-03-22T10:48:21.670+0500] {processor.py:208} INFO - Processing /home/ruslan/.local/lib/python3.10/site-packages/airflow/example_dags/example_setup_teardown_taskflow.py took 0.043 seconds
[2025-03-22T12:47:03.267+0500] {processor.py:186} INFO - Started process (PID=998) to work on /home/ruslan/.local/lib/python3.10/site-packages/airflow/example_dags/example_setup_teardown_taskflow.py
[2025-03-22T12:47:03.268+0500] {processor.py:914} INFO - Processing file /home/ruslan/.local/lib/python3.10/site-packages/airflow/example_dags/example_setup_teardown_taskflow.py for tasks to queue
[2025-03-22T12:47:03.270+0500] {logging_mixin.py:190} INFO - [2025-03-22T12:47:03.270+0500] {dagbag.py:588} INFO - Filling up the DagBag from /home/ruslan/.local/lib/python3.10/site-packages/airflow/example_dags/example_setup_teardown_taskflow.py
[2025-03-22T12:47:03.277+0500] {processor.py:925} INFO - DAG(s) 'example_setup_teardown_taskflow' retrieved from /home/ruslan/.local/lib/python3.10/site-packages/airflow/example_dags/example_setup_teardown_taskflow.py
[2025-03-22T12:47:03.287+0500] {logging_mixin.py:190} INFO - [2025-03-22T12:47:03.287+0500] {dag.py:3239} INFO - Sync 1 DAGs
[2025-03-22T12:47:03.295+0500] {logging_mixin.py:190} INFO - [2025-03-22T12:47:03.295+0500] {dag.py:4180} INFO - Setting next_dagrun for example_setup_teardown_taskflow to None, run_after=None
[2025-03-22T12:47:03.310+0500] {processor.py:208} INFO - Processing /home/ruslan/.local/lib/python3.10/site-packages/airflow/example_dags/example_setup_teardown_taskflow.py took 0.047 seconds
[2025-03-22T12:48:01.418+0500] {processor.py:186} INFO - Started process (PID=6251) to work on /home/ruslan/.local/lib/python3.10/site-packages/airflow/example_dags/example_setup_teardown_taskflow.py
[2025-03-22T12:48:01.420+0500] {processor.py:914} INFO - Processing file /home/ruslan/.local/lib/python3.10/site-packages/airflow/example_dags/example_setup_teardown_taskflow.py for tasks to queue
[2025-03-22T12:48:01.421+0500] {logging_mixin.py:190} INFO - [2025-03-22T12:48:01.421+0500] {dagbag.py:588} INFO - Filling up the DagBag from /home/ruslan/.local/lib/python3.10/site-packages/airflow/example_dags/example_setup_teardown_taskflow.py
[2025-03-22T12:48:01.427+0500] {processor.py:925} INFO - DAG(s) 'example_setup_teardown_taskflow' retrieved from /home/ruslan/.local/lib/python3.10/site-packages/airflow/example_dags/example_setup_teardown_taskflow.py
[2025-03-22T12:48:01.436+0500] {logging_mixin.py:190} INFO - [2025-03-22T12:48:01.436+0500] {dag.py:3239} INFO - Sync 1 DAGs
[2025-03-22T12:48:01.443+0500] {logging_mixin.py:190} INFO - [2025-03-22T12:48:01.443+0500] {dag.py:4180} INFO - Setting next_dagrun for example_setup_teardown_taskflow to None, run_after=None
[2025-03-22T12:48:01.457+0500] {processor.py:208} INFO - Processing /home/ruslan/.local/lib/python3.10/site-packages/airflow/example_dags/example_setup_teardown_taskflow.py took 0.042 seconds
[2025-03-22T12:48:55.611+0500] {processor.py:186} INFO - Started process (PID=6902) to work on /home/ruslan/.local/lib/python3.10/site-packages/airflow/example_dags/example_setup_teardown_taskflow.py
[2025-03-22T12:48:55.612+0500] {processor.py:914} INFO - Processing file /home/ruslan/.local/lib/python3.10/site-packages/airflow/example_dags/example_setup_teardown_taskflow.py for tasks to queue
[2025-03-22T12:48:55.613+0500] {logging_mixin.py:190} INFO - [2025-03-22T12:48:55.613+0500] {dagbag.py:588} INFO - Filling up the DagBag from /home/ruslan/.local/lib/python3.10/site-packages/airflow/example_dags/example_setup_teardown_taskflow.py
[2025-03-22T12:48:55.620+0500] {processor.py:925} INFO - DAG(s) 'example_setup_teardown_taskflow' retrieved from /home/ruslan/.local/lib/python3.10/site-packages/airflow/example_dags/example_setup_teardown_taskflow.py
[2025-03-22T12:48:55.630+0500] {logging_mixin.py:190} INFO - [2025-03-22T12:48:55.630+0500] {dag.py:3239} INFO - Sync 1 DAGs
[2025-03-22T12:48:55.637+0500] {logging_mixin.py:190} INFO - [2025-03-22T12:48:55.637+0500] {dag.py:4180} INFO - Setting next_dagrun for example_setup_teardown_taskflow to None, run_after=None
[2025-03-22T12:48:55.651+0500] {processor.py:208} INFO - Processing /home/ruslan/.local/lib/python3.10/site-packages/airflow/example_dags/example_setup_teardown_taskflow.py took 0.044 seconds
[2025-03-22T12:49:50.099+0500] {processor.py:186} INFO - Started process (PID=7621) to work on /home/ruslan/.local/lib/python3.10/site-packages/airflow/example_dags/example_setup_teardown_taskflow.py
[2025-03-22T12:49:50.100+0500] {processor.py:914} INFO - Processing file /home/ruslan/.local/lib/python3.10/site-packages/airflow/example_dags/example_setup_teardown_taskflow.py for tasks to queue
[2025-03-22T12:49:50.102+0500] {logging_mixin.py:190} INFO - [2025-03-22T12:49:50.101+0500] {dagbag.py:588} INFO - Filling up the DagBag from /home/ruslan/.local/lib/python3.10/site-packages/airflow/example_dags/example_setup_teardown_taskflow.py
[2025-03-22T12:49:50.108+0500] {processor.py:925} INFO - DAG(s) 'example_setup_teardown_taskflow' retrieved from /home/ruslan/.local/lib/python3.10/site-packages/airflow/example_dags/example_setup_teardown_taskflow.py
[2025-03-22T12:49:50.120+0500] {logging_mixin.py:190} INFO - [2025-03-22T12:49:50.120+0500] {dag.py:3239} INFO - Sync 1 DAGs
[2025-03-22T12:49:50.126+0500] {logging_mixin.py:190} INFO - [2025-03-22T12:49:50.126+0500] {dag.py:4180} INFO - Setting next_dagrun for example_setup_teardown_taskflow to None, run_after=None
[2025-03-22T12:49:50.142+0500] {processor.py:208} INFO - Processing /home/ruslan/.local/lib/python3.10/site-packages/airflow/example_dags/example_setup_teardown_taskflow.py took 0.046 seconds
[2025-03-22T12:51:11.289+0500] {processor.py:186} INFO - Started process (PID=8707) to work on /home/ruslan/.local/lib/python3.10/site-packages/airflow/example_dags/example_setup_teardown_taskflow.py
[2025-03-22T12:51:11.290+0500] {processor.py:914} INFO - Processing file /home/ruslan/.local/lib/python3.10/site-packages/airflow/example_dags/example_setup_teardown_taskflow.py for tasks to queue
[2025-03-22T12:51:11.292+0500] {logging_mixin.py:190} INFO - [2025-03-22T12:51:11.292+0500] {dagbag.py:588} INFO - Filling up the DagBag from /home/ruslan/.local/lib/python3.10/site-packages/airflow/example_dags/example_setup_teardown_taskflow.py
[2025-03-22T12:51:11.298+0500] {processor.py:925} INFO - DAG(s) 'example_setup_teardown_taskflow' retrieved from /home/ruslan/.local/lib/python3.10/site-packages/airflow/example_dags/example_setup_teardown_taskflow.py
[2025-03-22T12:51:11.307+0500] {logging_mixin.py:190} INFO - [2025-03-22T12:51:11.307+0500] {dag.py:3239} INFO - Sync 1 DAGs
[2025-03-22T12:51:11.314+0500] {logging_mixin.py:190} INFO - [2025-03-22T12:51:11.314+0500] {dag.py:4180} INFO - Setting next_dagrun for example_setup_teardown_taskflow to None, run_after=None
[2025-03-22T12:51:11.329+0500] {processor.py:208} INFO - Processing /home/ruslan/.local/lib/python3.10/site-packages/airflow/example_dags/example_setup_teardown_taskflow.py took 0.044 seconds
