[2025-03-22T10:07:21.089+0500] {processor.py:186} INFO - Started process (PID=17945) to work on /home/ruslan/.local/lib/python3.10/site-packages/airflow/example_dags/example_branch_day_of_week_operator.py
[2025-03-22T10:07:21.089+0500] {processor.py:914} INFO - Processing file /home/ruslan/.local/lib/python3.10/site-packages/airflow/example_dags/example_branch_day_of_week_operator.py for tasks to queue
[2025-03-22T10:07:21.091+0500] {logging_mixin.py:190} INFO - [2025-03-22T10:07:21.090+0500] {dagbag.py:588} INFO - Filling up the DagBag from /home/ruslan/.local/lib/python3.10/site-packages/airflow/example_dags/example_branch_day_of_week_operator.py
[2025-03-22T10:07:21.097+0500] {processor.py:925} INFO - DAG(s) 'example_weekday_branch_operator' retrieved from /home/ruslan/.local/lib/python3.10/site-packages/airflow/example_dags/example_branch_day_of_week_operator.py
[2025-03-22T10:07:21.153+0500] {logging_mixin.py:190} INFO - [2025-03-22T10:07:21.153+0500] {override.py:1930} INFO - Created Permission View: can delete on DAG:example_weekday_branch_operator
[2025-03-22T10:07:21.162+0500] {logging_mixin.py:190} INFO - [2025-03-22T10:07:21.162+0500] {override.py:1930} INFO - Created Permission View: can read on DAG:example_weekday_branch_operator
[2025-03-22T10:07:21.170+0500] {logging_mixin.py:190} INFO - [2025-03-22T10:07:21.169+0500] {override.py:1930} INFO - Created Permission View: can edit on DAG:example_weekday_branch_operator
[2025-03-22T10:07:21.181+0500] {logging_mixin.py:190} INFO - [2025-03-22T10:07:21.181+0500] {override.py:1930} INFO - Created Permission View: can create on DAG Run:example_weekday_branch_operator
[2025-03-22T10:07:21.188+0500] {logging_mixin.py:190} INFO - [2025-03-22T10:07:21.188+0500] {override.py:1930} INFO - Created Permission View: menu access on DAG Run:example_weekday_branch_operator
[2025-03-22T10:07:21.195+0500] {logging_mixin.py:190} INFO - [2025-03-22T10:07:21.195+0500] {override.py:1930} INFO - Created Permission View: can read on DAG Run:example_weekday_branch_operator
[2025-03-22T10:07:21.202+0500] {logging_mixin.py:190} INFO - [2025-03-22T10:07:21.202+0500] {override.py:1930} INFO - Created Permission View: can delete on DAG Run:example_weekday_branch_operator
[2025-03-22T10:07:21.202+0500] {logging_mixin.py:190} INFO - [2025-03-22T10:07:21.202+0500] {dag.py:3239} INFO - Sync 1 DAGs
[2025-03-22T10:07:21.209+0500] {logging_mixin.py:190} INFO - [2025-03-22T10:07:21.209+0500] {dag.py:3262} INFO - Creating ORM DAG for example_weekday_branch_operator
[2025-03-22T10:07:21.214+0500] {logging_mixin.py:190} INFO - [2025-03-22T10:07:21.214+0500] {dag.py:4180} INFO - Setting next_dagrun for example_weekday_branch_operator to 2025-03-21 00:00:00+00:00, run_after=2025-03-22 00:00:00+00:00
[2025-03-22T10:07:21.227+0500] {processor.py:208} INFO - Processing /home/ruslan/.local/lib/python3.10/site-packages/airflow/example_dags/example_branch_day_of_week_operator.py took 0.142 seconds
[2025-03-22T10:08:18.439+0500] {processor.py:186} INFO - Started process (PID=18585) to work on /home/ruslan/.local/lib/python3.10/site-packages/airflow/example_dags/example_branch_day_of_week_operator.py
[2025-03-22T10:08:18.440+0500] {processor.py:914} INFO - Processing file /home/ruslan/.local/lib/python3.10/site-packages/airflow/example_dags/example_branch_day_of_week_operator.py for tasks to queue
[2025-03-22T10:08:18.442+0500] {logging_mixin.py:190} INFO - [2025-03-22T10:08:18.442+0500] {dagbag.py:588} INFO - Filling up the DagBag from /home/ruslan/.local/lib/python3.10/site-packages/airflow/example_dags/example_branch_day_of_week_operator.py
[2025-03-22T10:08:18.448+0500] {processor.py:925} INFO - DAG(s) 'example_weekday_branch_operator' retrieved from /home/ruslan/.local/lib/python3.10/site-packages/airflow/example_dags/example_branch_day_of_week_operator.py
[2025-03-22T10:08:18.456+0500] {logging_mixin.py:190} INFO - [2025-03-22T10:08:18.456+0500] {dag.py:3239} INFO - Sync 1 DAGs
[2025-03-22T10:08:18.468+0500] {logging_mixin.py:190} INFO - [2025-03-22T10:08:18.468+0500] {dag.py:4180} INFO - Setting next_dagrun for example_weekday_branch_operator to 2025-03-21 00:00:00+00:00, run_after=2025-03-22 00:00:00+00:00
[2025-03-22T10:08:18.483+0500] {processor.py:208} INFO - Processing /home/ruslan/.local/lib/python3.10/site-packages/airflow/example_dags/example_branch_day_of_week_operator.py took 0.047 seconds
[2025-03-22T10:09:15.871+0500] {processor.py:186} INFO - Started process (PID=19109) to work on /home/ruslan/.local/lib/python3.10/site-packages/airflow/example_dags/example_branch_day_of_week_operator.py
[2025-03-22T10:09:15.872+0500] {processor.py:914} INFO - Processing file /home/ruslan/.local/lib/python3.10/site-packages/airflow/example_dags/example_branch_day_of_week_operator.py for tasks to queue
[2025-03-22T10:09:15.873+0500] {logging_mixin.py:190} INFO - [2025-03-22T10:09:15.873+0500] {dagbag.py:588} INFO - Filling up the DagBag from /home/ruslan/.local/lib/python3.10/site-packages/airflow/example_dags/example_branch_day_of_week_operator.py
[2025-03-22T10:09:15.879+0500] {processor.py:925} INFO - DAG(s) 'example_weekday_branch_operator' retrieved from /home/ruslan/.local/lib/python3.10/site-packages/airflow/example_dags/example_branch_day_of_week_operator.py
[2025-03-22T10:09:15.887+0500] {logging_mixin.py:190} INFO - [2025-03-22T10:09:15.887+0500] {dag.py:3239} INFO - Sync 1 DAGs
[2025-03-22T10:09:15.899+0500] {logging_mixin.py:190} INFO - [2025-03-22T10:09:15.898+0500] {dag.py:4180} INFO - Setting next_dagrun for example_weekday_branch_operator to 2025-03-21 00:00:00+00:00, run_after=2025-03-22 00:00:00+00:00
[2025-03-22T10:09:15.914+0500] {processor.py:208} INFO - Processing /home/ruslan/.local/lib/python3.10/site-packages/airflow/example_dags/example_branch_day_of_week_operator.py took 0.047 seconds
[2025-03-22T10:10:12.100+0500] {processor.py:186} INFO - Started process (PID=19707) to work on /home/ruslan/.local/lib/python3.10/site-packages/airflow/example_dags/example_branch_day_of_week_operator.py
[2025-03-22T10:10:12.101+0500] {processor.py:914} INFO - Processing file /home/ruslan/.local/lib/python3.10/site-packages/airflow/example_dags/example_branch_day_of_week_operator.py for tasks to queue
[2025-03-22T10:10:12.102+0500] {logging_mixin.py:190} INFO - [2025-03-22T10:10:12.102+0500] {dagbag.py:588} INFO - Filling up the DagBag from /home/ruslan/.local/lib/python3.10/site-packages/airflow/example_dags/example_branch_day_of_week_operator.py
[2025-03-22T10:10:12.109+0500] {processor.py:925} INFO - DAG(s) 'example_weekday_branch_operator' retrieved from /home/ruslan/.local/lib/python3.10/site-packages/airflow/example_dags/example_branch_day_of_week_operator.py
[2025-03-22T10:10:12.119+0500] {logging_mixin.py:190} INFO - [2025-03-22T10:10:12.119+0500] {dag.py:3239} INFO - Sync 1 DAGs
[2025-03-22T10:10:12.133+0500] {logging_mixin.py:190} INFO - [2025-03-22T10:10:12.133+0500] {dag.py:4180} INFO - Setting next_dagrun for example_weekday_branch_operator to 2025-03-21 00:00:00+00:00, run_after=2025-03-22 00:00:00+00:00
[2025-03-22T10:10:12.150+0500] {processor.py:208} INFO - Processing /home/ruslan/.local/lib/python3.10/site-packages/airflow/example_dags/example_branch_day_of_week_operator.py took 0.055 seconds
[2025-03-22T10:11:07.724+0500] {processor.py:186} INFO - Started process (PID=20301) to work on /home/ruslan/.local/lib/python3.10/site-packages/airflow/example_dags/example_branch_day_of_week_operator.py
[2025-03-22T10:11:07.725+0500] {processor.py:914} INFO - Processing file /home/ruslan/.local/lib/python3.10/site-packages/airflow/example_dags/example_branch_day_of_week_operator.py for tasks to queue
[2025-03-22T10:11:07.727+0500] {logging_mixin.py:190} INFO - [2025-03-22T10:11:07.726+0500] {dagbag.py:588} INFO - Filling up the DagBag from /home/ruslan/.local/lib/python3.10/site-packages/airflow/example_dags/example_branch_day_of_week_operator.py
[2025-03-22T10:11:07.733+0500] {processor.py:925} INFO - DAG(s) 'example_weekday_branch_operator' retrieved from /home/ruslan/.local/lib/python3.10/site-packages/airflow/example_dags/example_branch_day_of_week_operator.py
[2025-03-22T10:11:07.742+0500] {logging_mixin.py:190} INFO - [2025-03-22T10:11:07.742+0500] {dag.py:3239} INFO - Sync 1 DAGs
[2025-03-22T10:11:07.755+0500] {logging_mixin.py:190} INFO - [2025-03-22T10:11:07.755+0500] {dag.py:4180} INFO - Setting next_dagrun for example_weekday_branch_operator to 2025-03-21 00:00:00+00:00, run_after=2025-03-22 00:00:00+00:00
[2025-03-22T10:11:07.770+0500] {processor.py:208} INFO - Processing /home/ruslan/.local/lib/python3.10/site-packages/airflow/example_dags/example_branch_day_of_week_operator.py took 0.049 seconds
[2025-03-22T10:12:00.149+0500] {processor.py:186} INFO - Started process (PID=20818) to work on /home/ruslan/.local/lib/python3.10/site-packages/airflow/example_dags/example_branch_day_of_week_operator.py
[2025-03-22T10:12:00.150+0500] {processor.py:914} INFO - Processing file /home/ruslan/.local/lib/python3.10/site-packages/airflow/example_dags/example_branch_day_of_week_operator.py for tasks to queue
[2025-03-22T10:12:00.151+0500] {logging_mixin.py:190} INFO - [2025-03-22T10:12:00.151+0500] {dagbag.py:588} INFO - Filling up the DagBag from /home/ruslan/.local/lib/python3.10/site-packages/airflow/example_dags/example_branch_day_of_week_operator.py
[2025-03-22T10:12:00.157+0500] {processor.py:925} INFO - DAG(s) 'example_weekday_branch_operator' retrieved from /home/ruslan/.local/lib/python3.10/site-packages/airflow/example_dags/example_branch_day_of_week_operator.py
[2025-03-22T10:12:00.165+0500] {logging_mixin.py:190} INFO - [2025-03-22T10:12:00.165+0500] {dag.py:3239} INFO - Sync 1 DAGs
[2025-03-22T10:12:00.176+0500] {logging_mixin.py:190} INFO - [2025-03-22T10:12:00.176+0500] {dag.py:4180} INFO - Setting next_dagrun for example_weekday_branch_operator to 2025-03-21 00:00:00+00:00, run_after=2025-03-22 00:00:00+00:00
[2025-03-22T10:12:00.193+0500] {processor.py:208} INFO - Processing /home/ruslan/.local/lib/python3.10/site-packages/airflow/example_dags/example_branch_day_of_week_operator.py took 0.048 seconds
[2025-03-22T10:12:48.157+0500] {processor.py:186} INFO - Started process (PID=21397) to work on /home/ruslan/.local/lib/python3.10/site-packages/airflow/example_dags/example_branch_day_of_week_operator.py
[2025-03-22T10:12:48.158+0500] {processor.py:914} INFO - Processing file /home/ruslan/.local/lib/python3.10/site-packages/airflow/example_dags/example_branch_day_of_week_operator.py for tasks to queue
[2025-03-22T10:12:48.159+0500] {logging_mixin.py:190} INFO - [2025-03-22T10:12:48.159+0500] {dagbag.py:588} INFO - Filling up the DagBag from /home/ruslan/.local/lib/python3.10/site-packages/airflow/example_dags/example_branch_day_of_week_operator.py
[2025-03-22T10:12:48.166+0500] {processor.py:925} INFO - DAG(s) 'example_weekday_branch_operator' retrieved from /home/ruslan/.local/lib/python3.10/site-packages/airflow/example_dags/example_branch_day_of_week_operator.py
[2025-03-22T10:12:48.177+0500] {logging_mixin.py:190} INFO - [2025-03-22T10:12:48.177+0500] {dag.py:3239} INFO - Sync 1 DAGs
[2025-03-22T10:12:48.191+0500] {logging_mixin.py:190} INFO - [2025-03-22T10:12:48.191+0500] {dag.py:4180} INFO - Setting next_dagrun for example_weekday_branch_operator to 2025-03-21 00:00:00+00:00, run_after=2025-03-22 00:00:00+00:00
[2025-03-22T10:12:48.209+0500] {processor.py:208} INFO - Processing /home/ruslan/.local/lib/python3.10/site-packages/airflow/example_dags/example_branch_day_of_week_operator.py took 0.056 seconds
[2025-03-22T10:13:43.423+0500] {processor.py:186} INFO - Started process (PID=21901) to work on /home/ruslan/.local/lib/python3.10/site-packages/airflow/example_dags/example_branch_day_of_week_operator.py
[2025-03-22T10:13:43.424+0500] {processor.py:914} INFO - Processing file /home/ruslan/.local/lib/python3.10/site-packages/airflow/example_dags/example_branch_day_of_week_operator.py for tasks to queue
[2025-03-22T10:13:43.425+0500] {logging_mixin.py:190} INFO - [2025-03-22T10:13:43.425+0500] {dagbag.py:588} INFO - Filling up the DagBag from /home/ruslan/.local/lib/python3.10/site-packages/airflow/example_dags/example_branch_day_of_week_operator.py
[2025-03-22T10:13:43.431+0500] {processor.py:925} INFO - DAG(s) 'example_weekday_branch_operator' retrieved from /home/ruslan/.local/lib/python3.10/site-packages/airflow/example_dags/example_branch_day_of_week_operator.py
[2025-03-22T10:13:43.440+0500] {logging_mixin.py:190} INFO - [2025-03-22T10:13:43.439+0500] {dag.py:3239} INFO - Sync 1 DAGs
[2025-03-22T10:13:43.450+0500] {logging_mixin.py:190} INFO - [2025-03-22T10:13:43.450+0500] {dag.py:4180} INFO - Setting next_dagrun for example_weekday_branch_operator to 2025-03-21 00:00:00+00:00, run_after=2025-03-22 00:00:00+00:00
[2025-03-22T10:13:43.466+0500] {processor.py:208} INFO - Processing /home/ruslan/.local/lib/python3.10/site-packages/airflow/example_dags/example_branch_day_of_week_operator.py took 0.046 seconds
[2025-03-22T10:14:37.694+0500] {processor.py:186} INFO - Started process (PID=22495) to work on /home/ruslan/.local/lib/python3.10/site-packages/airflow/example_dags/example_branch_day_of_week_operator.py
[2025-03-22T10:14:37.695+0500] {processor.py:914} INFO - Processing file /home/ruslan/.local/lib/python3.10/site-packages/airflow/example_dags/example_branch_day_of_week_operator.py for tasks to queue
[2025-03-22T10:14:37.696+0500] {logging_mixin.py:190} INFO - [2025-03-22T10:14:37.696+0500] {dagbag.py:588} INFO - Filling up the DagBag from /home/ruslan/.local/lib/python3.10/site-packages/airflow/example_dags/example_branch_day_of_week_operator.py
[2025-03-22T10:14:37.702+0500] {processor.py:925} INFO - DAG(s) 'example_weekday_branch_operator' retrieved from /home/ruslan/.local/lib/python3.10/site-packages/airflow/example_dags/example_branch_day_of_week_operator.py
[2025-03-22T10:14:37.711+0500] {logging_mixin.py:190} INFO - [2025-03-22T10:14:37.711+0500] {dag.py:3239} INFO - Sync 1 DAGs
[2025-03-22T10:14:37.724+0500] {logging_mixin.py:190} INFO - [2025-03-22T10:14:37.723+0500] {dag.py:4180} INFO - Setting next_dagrun for example_weekday_branch_operator to 2025-03-21 00:00:00+00:00, run_after=2025-03-22 00:00:00+00:00
[2025-03-22T10:14:37.738+0500] {processor.py:208} INFO - Processing /home/ruslan/.local/lib/python3.10/site-packages/airflow/example_dags/example_branch_day_of_week_operator.py took 0.048 seconds
[2025-03-22T10:15:30.815+0500] {processor.py:186} INFO - Started process (PID=23012) to work on /home/ruslan/.local/lib/python3.10/site-packages/airflow/example_dags/example_branch_day_of_week_operator.py
[2025-03-22T10:15:30.816+0500] {processor.py:914} INFO - Processing file /home/ruslan/.local/lib/python3.10/site-packages/airflow/example_dags/example_branch_day_of_week_operator.py for tasks to queue
[2025-03-22T10:15:30.818+0500] {logging_mixin.py:190} INFO - [2025-03-22T10:15:30.817+0500] {dagbag.py:588} INFO - Filling up the DagBag from /home/ruslan/.local/lib/python3.10/site-packages/airflow/example_dags/example_branch_day_of_week_operator.py
[2025-03-22T10:15:30.824+0500] {processor.py:925} INFO - DAG(s) 'example_weekday_branch_operator' retrieved from /home/ruslan/.local/lib/python3.10/site-packages/airflow/example_dags/example_branch_day_of_week_operator.py
[2025-03-22T10:15:30.833+0500] {logging_mixin.py:190} INFO - [2025-03-22T10:15:30.833+0500] {dag.py:3239} INFO - Sync 1 DAGs
[2025-03-22T10:15:30.845+0500] {logging_mixin.py:190} INFO - [2025-03-22T10:15:30.844+0500] {dag.py:4180} INFO - Setting next_dagrun for example_weekday_branch_operator to 2025-03-21 00:00:00+00:00, run_after=2025-03-22 00:00:00+00:00
[2025-03-22T10:15:30.859+0500] {processor.py:208} INFO - Processing /home/ruslan/.local/lib/python3.10/site-packages/airflow/example_dags/example_branch_day_of_week_operator.py took 0.048 seconds
[2025-03-22T10:16:21.902+0500] {processor.py:186} INFO - Started process (PID=23597) to work on /home/ruslan/.local/lib/python3.10/site-packages/airflow/example_dags/example_branch_day_of_week_operator.py
[2025-03-22T10:16:21.903+0500] {processor.py:914} INFO - Processing file /home/ruslan/.local/lib/python3.10/site-packages/airflow/example_dags/example_branch_day_of_week_operator.py for tasks to queue
[2025-03-22T10:16:21.904+0500] {logging_mixin.py:190} INFO - [2025-03-22T10:16:21.904+0500] {dagbag.py:588} INFO - Filling up the DagBag from /home/ruslan/.local/lib/python3.10/site-packages/airflow/example_dags/example_branch_day_of_week_operator.py
[2025-03-22T10:16:21.910+0500] {processor.py:925} INFO - DAG(s) 'example_weekday_branch_operator' retrieved from /home/ruslan/.local/lib/python3.10/site-packages/airflow/example_dags/example_branch_day_of_week_operator.py
[2025-03-22T10:16:21.919+0500] {logging_mixin.py:190} INFO - [2025-03-22T10:16:21.918+0500] {dag.py:3239} INFO - Sync 1 DAGs
[2025-03-22T10:16:21.930+0500] {logging_mixin.py:190} INFO - [2025-03-22T10:16:21.930+0500] {dag.py:4180} INFO - Setting next_dagrun for example_weekday_branch_operator to 2025-03-21 00:00:00+00:00, run_after=2025-03-22 00:00:00+00:00
[2025-03-22T10:16:21.945+0500] {processor.py:208} INFO - Processing /home/ruslan/.local/lib/python3.10/site-packages/airflow/example_dags/example_branch_day_of_week_operator.py took 0.047 seconds
[2025-03-22T10:17:12.095+0500] {processor.py:186} INFO - Started process (PID=24100) to work on /home/ruslan/.local/lib/python3.10/site-packages/airflow/example_dags/example_branch_day_of_week_operator.py
[2025-03-22T10:17:12.096+0500] {processor.py:914} INFO - Processing file /home/ruslan/.local/lib/python3.10/site-packages/airflow/example_dags/example_branch_day_of_week_operator.py for tasks to queue
[2025-03-22T10:17:12.098+0500] {logging_mixin.py:190} INFO - [2025-03-22T10:17:12.098+0500] {dagbag.py:588} INFO - Filling up the DagBag from /home/ruslan/.local/lib/python3.10/site-packages/airflow/example_dags/example_branch_day_of_week_operator.py
[2025-03-22T10:17:12.104+0500] {processor.py:925} INFO - DAG(s) 'example_weekday_branch_operator' retrieved from /home/ruslan/.local/lib/python3.10/site-packages/airflow/example_dags/example_branch_day_of_week_operator.py
[2025-03-22T10:17:12.112+0500] {logging_mixin.py:190} INFO - [2025-03-22T10:17:12.112+0500] {dag.py:3239} INFO - Sync 1 DAGs
[2025-03-22T10:17:12.124+0500] {logging_mixin.py:190} INFO - [2025-03-22T10:17:12.123+0500] {dag.py:4180} INFO - Setting next_dagrun for example_weekday_branch_operator to 2025-03-21 00:00:00+00:00, run_after=2025-03-22 00:00:00+00:00
[2025-03-22T10:17:12.139+0500] {processor.py:208} INFO - Processing /home/ruslan/.local/lib/python3.10/site-packages/airflow/example_dags/example_branch_day_of_week_operator.py took 0.047 seconds
[2025-03-22T10:18:04.517+0500] {processor.py:186} INFO - Started process (PID=24687) to work on /home/ruslan/.local/lib/python3.10/site-packages/airflow/example_dags/example_branch_day_of_week_operator.py
[2025-03-22T10:18:04.518+0500] {processor.py:914} INFO - Processing file /home/ruslan/.local/lib/python3.10/site-packages/airflow/example_dags/example_branch_day_of_week_operator.py for tasks to queue
[2025-03-22T10:18:04.520+0500] {logging_mixin.py:190} INFO - [2025-03-22T10:18:04.519+0500] {dagbag.py:588} INFO - Filling up the DagBag from /home/ruslan/.local/lib/python3.10/site-packages/airflow/example_dags/example_branch_day_of_week_operator.py
[2025-03-22T10:18:04.525+0500] {processor.py:925} INFO - DAG(s) 'example_weekday_branch_operator' retrieved from /home/ruslan/.local/lib/python3.10/site-packages/airflow/example_dags/example_branch_day_of_week_operator.py
[2025-03-22T10:18:04.534+0500] {logging_mixin.py:190} INFO - [2025-03-22T10:18:04.534+0500] {dag.py:3239} INFO - Sync 1 DAGs
[2025-03-22T10:18:04.545+0500] {logging_mixin.py:190} INFO - [2025-03-22T10:18:04.545+0500] {dag.py:4180} INFO - Setting next_dagrun for example_weekday_branch_operator to 2025-03-21 00:00:00+00:00, run_after=2025-03-22 00:00:00+00:00
[2025-03-22T10:18:04.562+0500] {processor.py:208} INFO - Processing /home/ruslan/.local/lib/python3.10/site-packages/airflow/example_dags/example_branch_day_of_week_operator.py took 0.048 seconds
[2025-03-22T10:18:56.066+0500] {processor.py:186} INFO - Started process (PID=25219) to work on /home/ruslan/.local/lib/python3.10/site-packages/airflow/example_dags/example_branch_day_of_week_operator.py
[2025-03-22T10:18:56.067+0500] {processor.py:914} INFO - Processing file /home/ruslan/.local/lib/python3.10/site-packages/airflow/example_dags/example_branch_day_of_week_operator.py for tasks to queue
[2025-03-22T10:18:56.069+0500] {logging_mixin.py:190} INFO - [2025-03-22T10:18:56.068+0500] {dagbag.py:588} INFO - Filling up the DagBag from /home/ruslan/.local/lib/python3.10/site-packages/airflow/example_dags/example_branch_day_of_week_operator.py
[2025-03-22T10:18:56.074+0500] {processor.py:925} INFO - DAG(s) 'example_weekday_branch_operator' retrieved from /home/ruslan/.local/lib/python3.10/site-packages/airflow/example_dags/example_branch_day_of_week_operator.py
[2025-03-22T10:18:56.083+0500] {logging_mixin.py:190} INFO - [2025-03-22T10:18:56.083+0500] {dag.py:3239} INFO - Sync 1 DAGs
[2025-03-22T10:18:56.094+0500] {logging_mixin.py:190} INFO - [2025-03-22T10:18:56.094+0500] {dag.py:4180} INFO - Setting next_dagrun for example_weekday_branch_operator to 2025-03-21 00:00:00+00:00, run_after=2025-03-22 00:00:00+00:00
[2025-03-22T10:18:56.109+0500] {processor.py:208} INFO - Processing /home/ruslan/.local/lib/python3.10/site-packages/airflow/example_dags/example_branch_day_of_week_operator.py took 0.046 seconds
[2025-03-22T10:19:45.555+0500] {processor.py:186} INFO - Started process (PID=25709) to work on /home/ruslan/.local/lib/python3.10/site-packages/airflow/example_dags/example_branch_day_of_week_operator.py
[2025-03-22T10:19:45.556+0500] {processor.py:914} INFO - Processing file /home/ruslan/.local/lib/python3.10/site-packages/airflow/example_dags/example_branch_day_of_week_operator.py for tasks to queue
[2025-03-22T10:19:45.558+0500] {logging_mixin.py:190} INFO - [2025-03-22T10:19:45.557+0500] {dagbag.py:588} INFO - Filling up the DagBag from /home/ruslan/.local/lib/python3.10/site-packages/airflow/example_dags/example_branch_day_of_week_operator.py
[2025-03-22T10:19:45.564+0500] {processor.py:925} INFO - DAG(s) 'example_weekday_branch_operator' retrieved from /home/ruslan/.local/lib/python3.10/site-packages/airflow/example_dags/example_branch_day_of_week_operator.py
[2025-03-22T10:19:45.573+0500] {logging_mixin.py:190} INFO - [2025-03-22T10:19:45.573+0500] {dag.py:3239} INFO - Sync 1 DAGs
[2025-03-22T10:19:45.585+0500] {logging_mixin.py:190} INFO - [2025-03-22T10:19:45.585+0500] {dag.py:4180} INFO - Setting next_dagrun for example_weekday_branch_operator to 2025-03-21 00:00:00+00:00, run_after=2025-03-22 00:00:00+00:00
[2025-03-22T10:19:45.600+0500] {processor.py:208} INFO - Processing /home/ruslan/.local/lib/python3.10/site-packages/airflow/example_dags/example_branch_day_of_week_operator.py took 0.049 seconds
[2025-03-22T10:20:38.455+0500] {processor.py:186} INFO - Started process (PID=26314) to work on /home/ruslan/.local/lib/python3.10/site-packages/airflow/example_dags/example_branch_day_of_week_operator.py
[2025-03-22T10:20:38.456+0500] {processor.py:914} INFO - Processing file /home/ruslan/.local/lib/python3.10/site-packages/airflow/example_dags/example_branch_day_of_week_operator.py for tasks to queue
[2025-03-22T10:20:38.458+0500] {logging_mixin.py:190} INFO - [2025-03-22T10:20:38.457+0500] {dagbag.py:588} INFO - Filling up the DagBag from /home/ruslan/.local/lib/python3.10/site-packages/airflow/example_dags/example_branch_day_of_week_operator.py
[2025-03-22T10:20:38.464+0500] {processor.py:925} INFO - DAG(s) 'example_weekday_branch_operator' retrieved from /home/ruslan/.local/lib/python3.10/site-packages/airflow/example_dags/example_branch_day_of_week_operator.py
[2025-03-22T10:20:38.473+0500] {logging_mixin.py:190} INFO - [2025-03-22T10:20:38.473+0500] {dag.py:3239} INFO - Sync 1 DAGs
[2025-03-22T10:20:38.485+0500] {logging_mixin.py:190} INFO - [2025-03-22T10:20:38.485+0500] {dag.py:4180} INFO - Setting next_dagrun for example_weekday_branch_operator to 2025-03-21 00:00:00+00:00, run_after=2025-03-22 00:00:00+00:00
[2025-03-22T10:20:38.500+0500] {processor.py:208} INFO - Processing /home/ruslan/.local/lib/python3.10/site-packages/airflow/example_dags/example_branch_day_of_week_operator.py took 0.048 seconds
[2025-03-22T10:21:30.178+0500] {processor.py:186} INFO - Started process (PID=26835) to work on /home/ruslan/.local/lib/python3.10/site-packages/airflow/example_dags/example_branch_day_of_week_operator.py
[2025-03-22T10:21:30.179+0500] {processor.py:914} INFO - Processing file /home/ruslan/.local/lib/python3.10/site-packages/airflow/example_dags/example_branch_day_of_week_operator.py for tasks to queue
[2025-03-22T10:21:30.180+0500] {logging_mixin.py:190} INFO - [2025-03-22T10:21:30.180+0500] {dagbag.py:588} INFO - Filling up the DagBag from /home/ruslan/.local/lib/python3.10/site-packages/airflow/example_dags/example_branch_day_of_week_operator.py
[2025-03-22T10:21:30.187+0500] {processor.py:925} INFO - DAG(s) 'example_weekday_branch_operator' retrieved from /home/ruslan/.local/lib/python3.10/site-packages/airflow/example_dags/example_branch_day_of_week_operator.py
[2025-03-22T10:21:30.196+0500] {logging_mixin.py:190} INFO - [2025-03-22T10:21:30.196+0500] {dag.py:3239} INFO - Sync 1 DAGs
[2025-03-22T10:21:30.209+0500] {logging_mixin.py:190} INFO - [2025-03-22T10:21:30.209+0500] {dag.py:4180} INFO - Setting next_dagrun for example_weekday_branch_operator to 2025-03-21 00:00:00+00:00, run_after=2025-03-22 00:00:00+00:00
[2025-03-22T10:21:30.223+0500] {processor.py:208} INFO - Processing /home/ruslan/.local/lib/python3.10/site-packages/airflow/example_dags/example_branch_day_of_week_operator.py took 0.049 seconds
[2025-03-22T10:22:25.167+0500] {processor.py:186} INFO - Started process (PID=27443) to work on /home/ruslan/.local/lib/python3.10/site-packages/airflow/example_dags/example_branch_day_of_week_operator.py
[2025-03-22T10:22:25.168+0500] {processor.py:914} INFO - Processing file /home/ruslan/.local/lib/python3.10/site-packages/airflow/example_dags/example_branch_day_of_week_operator.py for tasks to queue
[2025-03-22T10:22:25.169+0500] {logging_mixin.py:190} INFO - [2025-03-22T10:22:25.169+0500] {dagbag.py:588} INFO - Filling up the DagBag from /home/ruslan/.local/lib/python3.10/site-packages/airflow/example_dags/example_branch_day_of_week_operator.py
[2025-03-22T10:22:25.175+0500] {processor.py:925} INFO - DAG(s) 'example_weekday_branch_operator' retrieved from /home/ruslan/.local/lib/python3.10/site-packages/airflow/example_dags/example_branch_day_of_week_operator.py
[2025-03-22T10:22:25.184+0500] {logging_mixin.py:190} INFO - [2025-03-22T10:22:25.184+0500] {dag.py:3239} INFO - Sync 1 DAGs
[2025-03-22T10:22:25.196+0500] {logging_mixin.py:190} INFO - [2025-03-22T10:22:25.196+0500] {dag.py:4180} INFO - Setting next_dagrun for example_weekday_branch_operator to 2025-03-21 00:00:00+00:00, run_after=2025-03-22 00:00:00+00:00
[2025-03-22T10:22:25.210+0500] {processor.py:208} INFO - Processing /home/ruslan/.local/lib/python3.10/site-packages/airflow/example_dags/example_branch_day_of_week_operator.py took 0.048 seconds
[2025-03-22T10:23:17.092+0500] {processor.py:186} INFO - Started process (PID=27959) to work on /home/ruslan/.local/lib/python3.10/site-packages/airflow/example_dags/example_branch_day_of_week_operator.py
[2025-03-22T10:23:17.093+0500] {processor.py:914} INFO - Processing file /home/ruslan/.local/lib/python3.10/site-packages/airflow/example_dags/example_branch_day_of_week_operator.py for tasks to queue
[2025-03-22T10:23:17.094+0500] {logging_mixin.py:190} INFO - [2025-03-22T10:23:17.094+0500] {dagbag.py:588} INFO - Filling up the DagBag from /home/ruslan/.local/lib/python3.10/site-packages/airflow/example_dags/example_branch_day_of_week_operator.py
[2025-03-22T10:23:17.100+0500] {processor.py:925} INFO - DAG(s) 'example_weekday_branch_operator' retrieved from /home/ruslan/.local/lib/python3.10/site-packages/airflow/example_dags/example_branch_day_of_week_operator.py
[2025-03-22T10:23:17.110+0500] {logging_mixin.py:190} INFO - [2025-03-22T10:23:17.110+0500] {dag.py:3239} INFO - Sync 1 DAGs
[2025-03-22T10:23:17.122+0500] {logging_mixin.py:190} INFO - [2025-03-22T10:23:17.122+0500] {dag.py:4180} INFO - Setting next_dagrun for example_weekday_branch_operator to 2025-03-21 00:00:00+00:00, run_after=2025-03-22 00:00:00+00:00
[2025-03-22T10:23:17.136+0500] {processor.py:208} INFO - Processing /home/ruslan/.local/lib/python3.10/site-packages/airflow/example_dags/example_branch_day_of_week_operator.py took 0.048 seconds
[2025-03-22T10:24:09.595+0500] {processor.py:186} INFO - Started process (PID=28561) to work on /home/ruslan/.local/lib/python3.10/site-packages/airflow/example_dags/example_branch_day_of_week_operator.py
[2025-03-22T10:24:09.596+0500] {processor.py:914} INFO - Processing file /home/ruslan/.local/lib/python3.10/site-packages/airflow/example_dags/example_branch_day_of_week_operator.py for tasks to queue
[2025-03-22T10:24:09.598+0500] {logging_mixin.py:190} INFO - [2025-03-22T10:24:09.597+0500] {dagbag.py:588} INFO - Filling up the DagBag from /home/ruslan/.local/lib/python3.10/site-packages/airflow/example_dags/example_branch_day_of_week_operator.py
[2025-03-22T10:24:09.604+0500] {processor.py:925} INFO - DAG(s) 'example_weekday_branch_operator' retrieved from /home/ruslan/.local/lib/python3.10/site-packages/airflow/example_dags/example_branch_day_of_week_operator.py
[2025-03-22T10:24:09.613+0500] {logging_mixin.py:190} INFO - [2025-03-22T10:24:09.613+0500] {dag.py:3239} INFO - Sync 1 DAGs
[2025-03-22T10:24:09.626+0500] {logging_mixin.py:190} INFO - [2025-03-22T10:24:09.626+0500] {dag.py:4180} INFO - Setting next_dagrun for example_weekday_branch_operator to 2025-03-21 00:00:00+00:00, run_after=2025-03-22 00:00:00+00:00
[2025-03-22T10:24:09.641+0500] {processor.py:208} INFO - Processing /home/ruslan/.local/lib/python3.10/site-packages/airflow/example_dags/example_branch_day_of_week_operator.py took 0.049 seconds
[2025-03-22T10:25:00.309+0500] {processor.py:186} INFO - Started process (PID=29100) to work on /home/ruslan/.local/lib/python3.10/site-packages/airflow/example_dags/example_branch_day_of_week_operator.py
[2025-03-22T10:25:00.310+0500] {processor.py:914} INFO - Processing file /home/ruslan/.local/lib/python3.10/site-packages/airflow/example_dags/example_branch_day_of_week_operator.py for tasks to queue
[2025-03-22T10:25:00.311+0500] {logging_mixin.py:190} INFO - [2025-03-22T10:25:00.311+0500] {dagbag.py:588} INFO - Filling up the DagBag from /home/ruslan/.local/lib/python3.10/site-packages/airflow/example_dags/example_branch_day_of_week_operator.py
[2025-03-22T10:25:00.317+0500] {processor.py:925} INFO - DAG(s) 'example_weekday_branch_operator' retrieved from /home/ruslan/.local/lib/python3.10/site-packages/airflow/example_dags/example_branch_day_of_week_operator.py
[2025-03-22T10:25:00.326+0500] {logging_mixin.py:190} INFO - [2025-03-22T10:25:00.326+0500] {dag.py:3239} INFO - Sync 1 DAGs
[2025-03-22T10:25:00.337+0500] {logging_mixin.py:190} INFO - [2025-03-22T10:25:00.337+0500] {dag.py:4180} INFO - Setting next_dagrun for example_weekday_branch_operator to 2025-03-21 00:00:00+00:00, run_after=2025-03-22 00:00:00+00:00
[2025-03-22T10:25:00.352+0500] {processor.py:208} INFO - Processing /home/ruslan/.local/lib/python3.10/site-packages/airflow/example_dags/example_branch_day_of_week_operator.py took 0.046 seconds
[2025-03-22T10:25:50.511+0500] {processor.py:186} INFO - Started process (PID=29693) to work on /home/ruslan/.local/lib/python3.10/site-packages/airflow/example_dags/example_branch_day_of_week_operator.py
[2025-03-22T10:25:50.512+0500] {processor.py:914} INFO - Processing file /home/ruslan/.local/lib/python3.10/site-packages/airflow/example_dags/example_branch_day_of_week_operator.py for tasks to queue
[2025-03-22T10:25:50.514+0500] {logging_mixin.py:190} INFO - [2025-03-22T10:25:50.514+0500] {dagbag.py:588} INFO - Filling up the DagBag from /home/ruslan/.local/lib/python3.10/site-packages/airflow/example_dags/example_branch_day_of_week_operator.py
[2025-03-22T10:25:50.520+0500] {processor.py:925} INFO - DAG(s) 'example_weekday_branch_operator' retrieved from /home/ruslan/.local/lib/python3.10/site-packages/airflow/example_dags/example_branch_day_of_week_operator.py
[2025-03-22T10:25:50.530+0500] {logging_mixin.py:190} INFO - [2025-03-22T10:25:50.530+0500] {dag.py:3239} INFO - Sync 1 DAGs
[2025-03-22T10:25:50.544+0500] {logging_mixin.py:190} INFO - [2025-03-22T10:25:50.544+0500] {dag.py:4180} INFO - Setting next_dagrun for example_weekday_branch_operator to 2025-03-21 00:00:00+00:00, run_after=2025-03-22 00:00:00+00:00
[2025-03-22T10:25:50.560+0500] {processor.py:208} INFO - Processing /home/ruslan/.local/lib/python3.10/site-packages/airflow/example_dags/example_branch_day_of_week_operator.py took 0.053 seconds
[2025-03-22T10:26:43.055+0500] {processor.py:186} INFO - Started process (PID=30672) to work on /home/ruslan/.local/lib/python3.10/site-packages/airflow/example_dags/example_branch_day_of_week_operator.py
[2025-03-22T10:26:43.056+0500] {processor.py:914} INFO - Processing file /home/ruslan/.local/lib/python3.10/site-packages/airflow/example_dags/example_branch_day_of_week_operator.py for tasks to queue
[2025-03-22T10:26:43.057+0500] {logging_mixin.py:190} INFO - [2025-03-22T10:26:43.057+0500] {dagbag.py:588} INFO - Filling up the DagBag from /home/ruslan/.local/lib/python3.10/site-packages/airflow/example_dags/example_branch_day_of_week_operator.py
[2025-03-22T10:26:43.063+0500] {processor.py:925} INFO - DAG(s) 'example_weekday_branch_operator' retrieved from /home/ruslan/.local/lib/python3.10/site-packages/airflow/example_dags/example_branch_day_of_week_operator.py
[2025-03-22T10:26:43.072+0500] {logging_mixin.py:190} INFO - [2025-03-22T10:26:43.071+0500] {dag.py:3239} INFO - Sync 1 DAGs
[2025-03-22T10:26:43.083+0500] {logging_mixin.py:190} INFO - [2025-03-22T10:26:43.082+0500] {dag.py:4180} INFO - Setting next_dagrun for example_weekday_branch_operator to 2025-03-21 00:00:00+00:00, run_after=2025-03-22 00:00:00+00:00
[2025-03-22T10:26:43.097+0500] {processor.py:208} INFO - Processing /home/ruslan/.local/lib/python3.10/site-packages/airflow/example_dags/example_branch_day_of_week_operator.py took 0.046 seconds
[2025-03-22T10:27:33.557+0500] {processor.py:186} INFO - Started process (PID=31205) to work on /home/ruslan/.local/lib/python3.10/site-packages/airflow/example_dags/example_branch_day_of_week_operator.py
[2025-03-22T10:27:33.558+0500] {processor.py:914} INFO - Processing file /home/ruslan/.local/lib/python3.10/site-packages/airflow/example_dags/example_branch_day_of_week_operator.py for tasks to queue
[2025-03-22T10:27:33.559+0500] {logging_mixin.py:190} INFO - [2025-03-22T10:27:33.559+0500] {dagbag.py:588} INFO - Filling up the DagBag from /home/ruslan/.local/lib/python3.10/site-packages/airflow/example_dags/example_branch_day_of_week_operator.py
[2025-03-22T10:27:33.565+0500] {processor.py:925} INFO - DAG(s) 'example_weekday_branch_operator' retrieved from /home/ruslan/.local/lib/python3.10/site-packages/airflow/example_dags/example_branch_day_of_week_operator.py
[2025-03-22T10:27:33.575+0500] {logging_mixin.py:190} INFO - [2025-03-22T10:27:33.575+0500] {dag.py:3239} INFO - Sync 1 DAGs
[2025-03-22T10:27:33.588+0500] {logging_mixin.py:190} INFO - [2025-03-22T10:27:33.588+0500] {dag.py:4180} INFO - Setting next_dagrun for example_weekday_branch_operator to 2025-03-21 00:00:00+00:00, run_after=2025-03-22 00:00:00+00:00
[2025-03-22T10:27:33.602+0500] {processor.py:208} INFO - Processing /home/ruslan/.local/lib/python3.10/site-packages/airflow/example_dags/example_branch_day_of_week_operator.py took 0.049 seconds
[2025-03-22T10:28:28.333+0500] {processor.py:186} INFO - Started process (PID=31822) to work on /home/ruslan/.local/lib/python3.10/site-packages/airflow/example_dags/example_branch_day_of_week_operator.py
[2025-03-22T10:28:28.334+0500] {processor.py:914} INFO - Processing file /home/ruslan/.local/lib/python3.10/site-packages/airflow/example_dags/example_branch_day_of_week_operator.py for tasks to queue
[2025-03-22T10:28:28.335+0500] {logging_mixin.py:190} INFO - [2025-03-22T10:28:28.335+0500] {dagbag.py:588} INFO - Filling up the DagBag from /home/ruslan/.local/lib/python3.10/site-packages/airflow/example_dags/example_branch_day_of_week_operator.py
[2025-03-22T10:28:28.341+0500] {processor.py:925} INFO - DAG(s) 'example_weekday_branch_operator' retrieved from /home/ruslan/.local/lib/python3.10/site-packages/airflow/example_dags/example_branch_day_of_week_operator.py
[2025-03-22T10:28:28.350+0500] {logging_mixin.py:190} INFO - [2025-03-22T10:28:28.350+0500] {dag.py:3239} INFO - Sync 1 DAGs
[2025-03-22T10:28:28.361+0500] {logging_mixin.py:190} INFO - [2025-03-22T10:28:28.361+0500] {dag.py:4180} INFO - Setting next_dagrun for example_weekday_branch_operator to 2025-03-21 00:00:00+00:00, run_after=2025-03-22 00:00:00+00:00
[2025-03-22T10:28:28.376+0500] {processor.py:208} INFO - Processing /home/ruslan/.local/lib/python3.10/site-packages/airflow/example_dags/example_branch_day_of_week_operator.py took 0.047 seconds
[2025-03-22T10:29:19.364+0500] {processor.py:186} INFO - Started process (PID=32334) to work on /home/ruslan/.local/lib/python3.10/site-packages/airflow/example_dags/example_branch_day_of_week_operator.py
[2025-03-22T10:29:19.365+0500] {processor.py:914} INFO - Processing file /home/ruslan/.local/lib/python3.10/site-packages/airflow/example_dags/example_branch_day_of_week_operator.py for tasks to queue
[2025-03-22T10:29:19.366+0500] {logging_mixin.py:190} INFO - [2025-03-22T10:29:19.366+0500] {dagbag.py:588} INFO - Filling up the DagBag from /home/ruslan/.local/lib/python3.10/site-packages/airflow/example_dags/example_branch_day_of_week_operator.py
[2025-03-22T10:29:19.372+0500] {processor.py:925} INFO - DAG(s) 'example_weekday_branch_operator' retrieved from /home/ruslan/.local/lib/python3.10/site-packages/airflow/example_dags/example_branch_day_of_week_operator.py
[2025-03-22T10:29:19.381+0500] {logging_mixin.py:190} INFO - [2025-03-22T10:29:19.381+0500] {dag.py:3239} INFO - Sync 1 DAGs
[2025-03-22T10:29:19.392+0500] {logging_mixin.py:190} INFO - [2025-03-22T10:29:19.392+0500] {dag.py:4180} INFO - Setting next_dagrun for example_weekday_branch_operator to 2025-03-21 00:00:00+00:00, run_after=2025-03-22 00:00:00+00:00
[2025-03-22T10:29:19.407+0500] {processor.py:208} INFO - Processing /home/ruslan/.local/lib/python3.10/site-packages/airflow/example_dags/example_branch_day_of_week_operator.py took 0.046 seconds
[2025-03-22T10:30:12.126+0500] {processor.py:186} INFO - Started process (PID=32855) to work on /home/ruslan/.local/lib/python3.10/site-packages/airflow/example_dags/example_branch_day_of_week_operator.py
[2025-03-22T10:30:12.128+0500] {processor.py:914} INFO - Processing file /home/ruslan/.local/lib/python3.10/site-packages/airflow/example_dags/example_branch_day_of_week_operator.py for tasks to queue
[2025-03-22T10:30:12.128+0500] {logging_mixin.py:190} INFO - [2025-03-22T10:30:12.128+0500] {dagbag.py:588} INFO - Filling up the DagBag from /home/ruslan/.local/lib/python3.10/site-packages/airflow/example_dags/example_branch_day_of_week_operator.py
[2025-03-22T10:30:12.134+0500] {processor.py:925} INFO - DAG(s) 'example_weekday_branch_operator' retrieved from /home/ruslan/.local/lib/python3.10/site-packages/airflow/example_dags/example_branch_day_of_week_operator.py
[2025-03-22T10:30:12.143+0500] {logging_mixin.py:190} INFO - [2025-03-22T10:30:12.143+0500] {dag.py:3239} INFO - Sync 1 DAGs
[2025-03-22T10:30:12.155+0500] {logging_mixin.py:190} INFO - [2025-03-22T10:30:12.154+0500] {dag.py:4180} INFO - Setting next_dagrun for example_weekday_branch_operator to 2025-03-21 00:00:00+00:00, run_after=2025-03-22 00:00:00+00:00
[2025-03-22T10:30:12.170+0500] {processor.py:208} INFO - Processing /home/ruslan/.local/lib/python3.10/site-packages/airflow/example_dags/example_branch_day_of_week_operator.py took 0.047 seconds
[2025-03-22T10:31:04.130+0500] {processor.py:186} INFO - Started process (PID=33123) to work on /home/ruslan/.local/lib/python3.10/site-packages/airflow/example_dags/example_branch_day_of_week_operator.py
[2025-03-22T10:31:04.131+0500] {processor.py:914} INFO - Processing file /home/ruslan/.local/lib/python3.10/site-packages/airflow/example_dags/example_branch_day_of_week_operator.py for tasks to queue
[2025-03-22T10:31:04.132+0500] {logging_mixin.py:190} INFO - [2025-03-22T10:31:04.132+0500] {dagbag.py:588} INFO - Filling up the DagBag from /home/ruslan/.local/lib/python3.10/site-packages/airflow/example_dags/example_branch_day_of_week_operator.py
[2025-03-22T10:31:04.139+0500] {processor.py:925} INFO - DAG(s) 'example_weekday_branch_operator' retrieved from /home/ruslan/.local/lib/python3.10/site-packages/airflow/example_dags/example_branch_day_of_week_operator.py
[2025-03-22T10:31:04.149+0500] {logging_mixin.py:190} INFO - [2025-03-22T10:31:04.148+0500] {dag.py:3239} INFO - Sync 1 DAGs
[2025-03-22T10:31:04.161+0500] {logging_mixin.py:190} INFO - [2025-03-22T10:31:04.161+0500] {dag.py:4180} INFO - Setting next_dagrun for example_weekday_branch_operator to 2025-03-21 00:00:00+00:00, run_after=2025-03-22 00:00:00+00:00
[2025-03-22T10:31:04.176+0500] {processor.py:208} INFO - Processing /home/ruslan/.local/lib/python3.10/site-packages/airflow/example_dags/example_branch_day_of_week_operator.py took 0.049 seconds
[2025-03-22T10:31:55.729+0500] {processor.py:186} INFO - Started process (PID=34005) to work on /home/ruslan/.local/lib/python3.10/site-packages/airflow/example_dags/example_branch_day_of_week_operator.py
[2025-03-22T10:31:55.730+0500] {processor.py:914} INFO - Processing file /home/ruslan/.local/lib/python3.10/site-packages/airflow/example_dags/example_branch_day_of_week_operator.py for tasks to queue
[2025-03-22T10:31:55.731+0500] {logging_mixin.py:190} INFO - [2025-03-22T10:31:55.731+0500] {dagbag.py:588} INFO - Filling up the DagBag from /home/ruslan/.local/lib/python3.10/site-packages/airflow/example_dags/example_branch_day_of_week_operator.py
[2025-03-22T10:31:55.738+0500] {processor.py:925} INFO - DAG(s) 'example_weekday_branch_operator' retrieved from /home/ruslan/.local/lib/python3.10/site-packages/airflow/example_dags/example_branch_day_of_week_operator.py
[2025-03-22T10:31:55.748+0500] {logging_mixin.py:190} INFO - [2025-03-22T10:31:55.748+0500] {dag.py:3239} INFO - Sync 1 DAGs
[2025-03-22T10:31:55.761+0500] {logging_mixin.py:190} INFO - [2025-03-22T10:31:55.760+0500] {dag.py:4180} INFO - Setting next_dagrun for example_weekday_branch_operator to 2025-03-21 00:00:00+00:00, run_after=2025-03-22 00:00:00+00:00
[2025-03-22T10:31:55.776+0500] {processor.py:208} INFO - Processing /home/ruslan/.local/lib/python3.10/site-packages/airflow/example_dags/example_branch_day_of_week_operator.py took 0.050 seconds
[2025-03-22T10:33:20.345+0500] {processor.py:186} INFO - Started process (PID=35076) to work on /home/ruslan/.local/lib/python3.10/site-packages/airflow/example_dags/example_branch_day_of_week_operator.py
[2025-03-22T10:33:20.347+0500] {processor.py:914} INFO - Processing file /home/ruslan/.local/lib/python3.10/site-packages/airflow/example_dags/example_branch_day_of_week_operator.py for tasks to queue
[2025-03-22T10:33:20.348+0500] {logging_mixin.py:190} INFO - [2025-03-22T10:33:20.348+0500] {dagbag.py:588} INFO - Filling up the DagBag from /home/ruslan/.local/lib/python3.10/site-packages/airflow/example_dags/example_branch_day_of_week_operator.py
[2025-03-22T10:33:20.354+0500] {processor.py:925} INFO - DAG(s) 'example_weekday_branch_operator' retrieved from /home/ruslan/.local/lib/python3.10/site-packages/airflow/example_dags/example_branch_day_of_week_operator.py
[2025-03-22T10:33:20.363+0500] {logging_mixin.py:190} INFO - [2025-03-22T10:33:20.363+0500] {dag.py:3239} INFO - Sync 1 DAGs
[2025-03-22T10:33:20.375+0500] {logging_mixin.py:190} INFO - [2025-03-22T10:33:20.375+0500] {dag.py:4180} INFO - Setting next_dagrun for example_weekday_branch_operator to 2025-03-21 00:00:00+00:00, run_after=2025-03-22 00:00:00+00:00
[2025-03-22T10:33:20.390+0500] {processor.py:208} INFO - Processing /home/ruslan/.local/lib/python3.10/site-packages/airflow/example_dags/example_branch_day_of_week_operator.py took 0.048 seconds
[2025-03-22T10:34:14.511+0500] {processor.py:186} INFO - Started process (PID=35637) to work on /home/ruslan/.local/lib/python3.10/site-packages/airflow/example_dags/example_branch_day_of_week_operator.py
[2025-03-22T10:34:14.512+0500] {processor.py:914} INFO - Processing file /home/ruslan/.local/lib/python3.10/site-packages/airflow/example_dags/example_branch_day_of_week_operator.py for tasks to queue
[2025-03-22T10:34:14.514+0500] {logging_mixin.py:190} INFO - [2025-03-22T10:34:14.513+0500] {dagbag.py:588} INFO - Filling up the DagBag from /home/ruslan/.local/lib/python3.10/site-packages/airflow/example_dags/example_branch_day_of_week_operator.py
[2025-03-22T10:34:14.520+0500] {processor.py:925} INFO - DAG(s) 'example_weekday_branch_operator' retrieved from /home/ruslan/.local/lib/python3.10/site-packages/airflow/example_dags/example_branch_day_of_week_operator.py
[2025-03-22T10:34:14.528+0500] {logging_mixin.py:190} INFO - [2025-03-22T10:34:14.528+0500] {dag.py:3239} INFO - Sync 1 DAGs
[2025-03-22T10:34:14.539+0500] {logging_mixin.py:190} INFO - [2025-03-22T10:34:14.539+0500] {dag.py:4180} INFO - Setting next_dagrun for example_weekday_branch_operator to 2025-03-21 00:00:00+00:00, run_after=2025-03-22 00:00:00+00:00
[2025-03-22T10:34:14.554+0500] {processor.py:208} INFO - Processing /home/ruslan/.local/lib/python3.10/site-packages/airflow/example_dags/example_branch_day_of_week_operator.py took 0.047 seconds
[2025-03-22T10:35:08.275+0500] {processor.py:186} INFO - Started process (PID=36321) to work on /home/ruslan/.local/lib/python3.10/site-packages/airflow/example_dags/example_branch_day_of_week_operator.py
[2025-03-22T10:35:08.276+0500] {processor.py:914} INFO - Processing file /home/ruslan/.local/lib/python3.10/site-packages/airflow/example_dags/example_branch_day_of_week_operator.py for tasks to queue
[2025-03-22T10:35:08.277+0500] {logging_mixin.py:190} INFO - [2025-03-22T10:35:08.277+0500] {dagbag.py:588} INFO - Filling up the DagBag from /home/ruslan/.local/lib/python3.10/site-packages/airflow/example_dags/example_branch_day_of_week_operator.py
[2025-03-22T10:35:08.283+0500] {processor.py:925} INFO - DAG(s) 'example_weekday_branch_operator' retrieved from /home/ruslan/.local/lib/python3.10/site-packages/airflow/example_dags/example_branch_day_of_week_operator.py
[2025-03-22T10:35:08.292+0500] {logging_mixin.py:190} INFO - [2025-03-22T10:35:08.292+0500] {dag.py:3239} INFO - Sync 1 DAGs
[2025-03-22T10:35:08.303+0500] {logging_mixin.py:190} INFO - [2025-03-22T10:35:08.303+0500] {dag.py:4180} INFO - Setting next_dagrun for example_weekday_branch_operator to 2025-03-21 00:00:00+00:00, run_after=2025-03-22 00:00:00+00:00
[2025-03-22T10:35:08.318+0500] {processor.py:208} INFO - Processing /home/ruslan/.local/lib/python3.10/site-packages/airflow/example_dags/example_branch_day_of_week_operator.py took 0.047 seconds
[2025-03-22T10:35:58.053+0500] {processor.py:186} INFO - Started process (PID=36902) to work on /home/ruslan/.local/lib/python3.10/site-packages/airflow/example_dags/example_branch_day_of_week_operator.py
[2025-03-22T10:35:58.054+0500] {processor.py:914} INFO - Processing file /home/ruslan/.local/lib/python3.10/site-packages/airflow/example_dags/example_branch_day_of_week_operator.py for tasks to queue
[2025-03-22T10:35:58.055+0500] {logging_mixin.py:190} INFO - [2025-03-22T10:35:58.055+0500] {dagbag.py:588} INFO - Filling up the DagBag from /home/ruslan/.local/lib/python3.10/site-packages/airflow/example_dags/example_branch_day_of_week_operator.py
[2025-03-22T10:35:58.061+0500] {processor.py:925} INFO - DAG(s) 'example_weekday_branch_operator' retrieved from /home/ruslan/.local/lib/python3.10/site-packages/airflow/example_dags/example_branch_day_of_week_operator.py
[2025-03-22T10:35:58.070+0500] {logging_mixin.py:190} INFO - [2025-03-22T10:35:58.070+0500] {dag.py:3239} INFO - Sync 1 DAGs
[2025-03-22T10:35:58.082+0500] {logging_mixin.py:190} INFO - [2025-03-22T10:35:58.082+0500] {dag.py:4180} INFO - Setting next_dagrun for example_weekday_branch_operator to 2025-03-21 00:00:00+00:00, run_after=2025-03-22 00:00:00+00:00
[2025-03-22T10:35:58.097+0500] {processor.py:208} INFO - Processing /home/ruslan/.local/lib/python3.10/site-packages/airflow/example_dags/example_branch_day_of_week_operator.py took 0.048 seconds
[2025-03-22T10:37:12.405+0500] {processor.py:186} INFO - Started process (PID=37416) to work on /home/ruslan/.local/lib/python3.10/site-packages/airflow/example_dags/example_branch_day_of_week_operator.py
[2025-03-22T10:37:12.407+0500] {processor.py:914} INFO - Processing file /home/ruslan/.local/lib/python3.10/site-packages/airflow/example_dags/example_branch_day_of_week_operator.py for tasks to queue
[2025-03-22T10:37:12.408+0500] {logging_mixin.py:190} INFO - [2025-03-22T10:37:12.408+0500] {dagbag.py:588} INFO - Filling up the DagBag from /home/ruslan/.local/lib/python3.10/site-packages/airflow/example_dags/example_branch_day_of_week_operator.py
[2025-03-22T10:37:12.414+0500] {processor.py:925} INFO - DAG(s) 'example_weekday_branch_operator' retrieved from /home/ruslan/.local/lib/python3.10/site-packages/airflow/example_dags/example_branch_day_of_week_operator.py
[2025-03-22T10:37:12.423+0500] {logging_mixin.py:190} INFO - [2025-03-22T10:37:12.423+0500] {dag.py:3239} INFO - Sync 1 DAGs
[2025-03-22T10:37:12.435+0500] {logging_mixin.py:190} INFO - [2025-03-22T10:37:12.435+0500] {dag.py:4180} INFO - Setting next_dagrun for example_weekday_branch_operator to 2025-03-21 00:00:00+00:00, run_after=2025-03-22 00:00:00+00:00
[2025-03-22T10:37:12.450+0500] {processor.py:208} INFO - Processing /home/ruslan/.local/lib/python3.10/site-packages/airflow/example_dags/example_branch_day_of_week_operator.py took 0.048 seconds
[2025-03-22T10:39:05.625+0500] {processor.py:186} INFO - Started process (PID=38729) to work on /home/ruslan/.local/lib/python3.10/site-packages/airflow/example_dags/example_branch_day_of_week_operator.py
[2025-03-22T10:39:05.626+0500] {processor.py:914} INFO - Processing file /home/ruslan/.local/lib/python3.10/site-packages/airflow/example_dags/example_branch_day_of_week_operator.py for tasks to queue
[2025-03-22T10:39:05.628+0500] {logging_mixin.py:190} INFO - [2025-03-22T10:39:05.627+0500] {dagbag.py:588} INFO - Filling up the DagBag from /home/ruslan/.local/lib/python3.10/site-packages/airflow/example_dags/example_branch_day_of_week_operator.py
[2025-03-22T10:39:05.633+0500] {processor.py:925} INFO - DAG(s) 'example_weekday_branch_operator' retrieved from /home/ruslan/.local/lib/python3.10/site-packages/airflow/example_dags/example_branch_day_of_week_operator.py
[2025-03-22T10:39:05.643+0500] {logging_mixin.py:190} INFO - [2025-03-22T10:39:05.643+0500] {dag.py:3239} INFO - Sync 1 DAGs
[2025-03-22T10:39:05.655+0500] {logging_mixin.py:190} INFO - [2025-03-22T10:39:05.655+0500] {dag.py:4180} INFO - Setting next_dagrun for example_weekday_branch_operator to 2025-03-21 00:00:00+00:00, run_after=2025-03-22 00:00:00+00:00
[2025-03-22T10:39:05.670+0500] {processor.py:208} INFO - Processing /home/ruslan/.local/lib/python3.10/site-packages/airflow/example_dags/example_branch_day_of_week_operator.py took 0.048 seconds
[2025-03-22T10:39:59.584+0500] {processor.py:186} INFO - Started process (PID=39428) to work on /home/ruslan/.local/lib/python3.10/site-packages/airflow/example_dags/example_branch_day_of_week_operator.py
[2025-03-22T10:39:59.585+0500] {processor.py:914} INFO - Processing file /home/ruslan/.local/lib/python3.10/site-packages/airflow/example_dags/example_branch_day_of_week_operator.py for tasks to queue
[2025-03-22T10:39:59.586+0500] {logging_mixin.py:190} INFO - [2025-03-22T10:39:59.586+0500] {dagbag.py:588} INFO - Filling up the DagBag from /home/ruslan/.local/lib/python3.10/site-packages/airflow/example_dags/example_branch_day_of_week_operator.py
[2025-03-22T10:39:59.592+0500] {processor.py:925} INFO - DAG(s) 'example_weekday_branch_operator' retrieved from /home/ruslan/.local/lib/python3.10/site-packages/airflow/example_dags/example_branch_day_of_week_operator.py
[2025-03-22T10:39:59.600+0500] {logging_mixin.py:190} INFO - [2025-03-22T10:39:59.600+0500] {dag.py:3239} INFO - Sync 1 DAGs
[2025-03-22T10:39:59.612+0500] {logging_mixin.py:190} INFO - [2025-03-22T10:39:59.612+0500] {dag.py:4180} INFO - Setting next_dagrun for example_weekday_branch_operator to 2025-03-21 00:00:00+00:00, run_after=2025-03-22 00:00:00+00:00
[2025-03-22T10:39:59.627+0500] {processor.py:208} INFO - Processing /home/ruslan/.local/lib/python3.10/site-packages/airflow/example_dags/example_branch_day_of_week_operator.py took 0.047 seconds
[2025-03-22T10:40:57.012+0500] {processor.py:186} INFO - Started process (PID=40058) to work on /home/ruslan/.local/lib/python3.10/site-packages/airflow/example_dags/example_branch_day_of_week_operator.py
[2025-03-22T10:40:57.013+0500] {processor.py:914} INFO - Processing file /home/ruslan/.local/lib/python3.10/site-packages/airflow/example_dags/example_branch_day_of_week_operator.py for tasks to queue
[2025-03-22T10:40:57.014+0500] {logging_mixin.py:190} INFO - [2025-03-22T10:40:57.014+0500] {dagbag.py:588} INFO - Filling up the DagBag from /home/ruslan/.local/lib/python3.10/site-packages/airflow/example_dags/example_branch_day_of_week_operator.py
[2025-03-22T10:40:57.021+0500] {processor.py:925} INFO - DAG(s) 'example_weekday_branch_operator' retrieved from /home/ruslan/.local/lib/python3.10/site-packages/airflow/example_dags/example_branch_day_of_week_operator.py
[2025-03-22T10:40:57.030+0500] {logging_mixin.py:190} INFO - [2025-03-22T10:40:57.030+0500] {dag.py:3239} INFO - Sync 1 DAGs
[2025-03-22T10:40:57.042+0500] {logging_mixin.py:190} INFO - [2025-03-22T10:40:57.042+0500] {dag.py:4180} INFO - Setting next_dagrun for example_weekday_branch_operator to 2025-03-21 00:00:00+00:00, run_after=2025-03-22 00:00:00+00:00
[2025-03-22T10:40:57.057+0500] {processor.py:208} INFO - Processing /home/ruslan/.local/lib/python3.10/site-packages/airflow/example_dags/example_branch_day_of_week_operator.py took 0.049 seconds
[2025-03-22T10:41:57.493+0500] {processor.py:186} INFO - Started process (PID=40885) to work on /home/ruslan/.local/lib/python3.10/site-packages/airflow/example_dags/example_branch_day_of_week_operator.py
[2025-03-22T10:41:57.494+0500] {processor.py:914} INFO - Processing file /home/ruslan/.local/lib/python3.10/site-packages/airflow/example_dags/example_branch_day_of_week_operator.py for tasks to queue
[2025-03-22T10:41:57.495+0500] {logging_mixin.py:190} INFO - [2025-03-22T10:41:57.495+0500] {dagbag.py:588} INFO - Filling up the DagBag from /home/ruslan/.local/lib/python3.10/site-packages/airflow/example_dags/example_branch_day_of_week_operator.py
[2025-03-22T10:41:57.501+0500] {processor.py:925} INFO - DAG(s) 'example_weekday_branch_operator' retrieved from /home/ruslan/.local/lib/python3.10/site-packages/airflow/example_dags/example_branch_day_of_week_operator.py
[2025-03-22T10:41:57.510+0500] {logging_mixin.py:190} INFO - [2025-03-22T10:41:57.510+0500] {dag.py:3239} INFO - Sync 1 DAGs
[2025-03-22T10:41:57.521+0500] {logging_mixin.py:190} INFO - [2025-03-22T10:41:57.521+0500] {dag.py:4180} INFO - Setting next_dagrun for example_weekday_branch_operator to 2025-03-21 00:00:00+00:00, run_after=2025-03-22 00:00:00+00:00
[2025-03-22T10:41:57.536+0500] {processor.py:208} INFO - Processing /home/ruslan/.local/lib/python3.10/site-packages/airflow/example_dags/example_branch_day_of_week_operator.py took 0.047 seconds
[2025-03-22T10:42:52.815+0500] {processor.py:186} INFO - Started process (PID=41510) to work on /home/ruslan/.local/lib/python3.10/site-packages/airflow/example_dags/example_branch_day_of_week_operator.py
[2025-03-22T10:42:52.816+0500] {processor.py:914} INFO - Processing file /home/ruslan/.local/lib/python3.10/site-packages/airflow/example_dags/example_branch_day_of_week_operator.py for tasks to queue
[2025-03-22T10:42:52.817+0500] {logging_mixin.py:190} INFO - [2025-03-22T10:42:52.817+0500] {dagbag.py:588} INFO - Filling up the DagBag from /home/ruslan/.local/lib/python3.10/site-packages/airflow/example_dags/example_branch_day_of_week_operator.py
[2025-03-22T10:42:52.823+0500] {processor.py:925} INFO - DAG(s) 'example_weekday_branch_operator' retrieved from /home/ruslan/.local/lib/python3.10/site-packages/airflow/example_dags/example_branch_day_of_week_operator.py
[2025-03-22T10:42:52.832+0500] {logging_mixin.py:190} INFO - [2025-03-22T10:42:52.832+0500] {dag.py:3239} INFO - Sync 1 DAGs
[2025-03-22T10:42:52.843+0500] {logging_mixin.py:190} INFO - [2025-03-22T10:42:52.843+0500] {dag.py:4180} INFO - Setting next_dagrun for example_weekday_branch_operator to 2025-03-21 00:00:00+00:00, run_after=2025-03-22 00:00:00+00:00
[2025-03-22T10:42:52.858+0500] {processor.py:208} INFO - Processing /home/ruslan/.local/lib/python3.10/site-packages/airflow/example_dags/example_branch_day_of_week_operator.py took 0.047 seconds
[2025-03-22T10:43:48.079+0500] {processor.py:186} INFO - Started process (PID=42211) to work on /home/ruslan/.local/lib/python3.10/site-packages/airflow/example_dags/example_branch_day_of_week_operator.py
[2025-03-22T10:43:48.080+0500] {processor.py:914} INFO - Processing file /home/ruslan/.local/lib/python3.10/site-packages/airflow/example_dags/example_branch_day_of_week_operator.py for tasks to queue
[2025-03-22T10:43:48.081+0500] {logging_mixin.py:190} INFO - [2025-03-22T10:43:48.081+0500] {dagbag.py:588} INFO - Filling up the DagBag from /home/ruslan/.local/lib/python3.10/site-packages/airflow/example_dags/example_branch_day_of_week_operator.py
[2025-03-22T10:43:48.087+0500] {processor.py:925} INFO - DAG(s) 'example_weekday_branch_operator' retrieved from /home/ruslan/.local/lib/python3.10/site-packages/airflow/example_dags/example_branch_day_of_week_operator.py
[2025-03-22T10:43:48.097+0500] {logging_mixin.py:190} INFO - [2025-03-22T10:43:48.097+0500] {dag.py:3239} INFO - Sync 1 DAGs
[2025-03-22T10:43:48.109+0500] {logging_mixin.py:190} INFO - [2025-03-22T10:43:48.109+0500] {dag.py:4180} INFO - Setting next_dagrun for example_weekday_branch_operator to 2025-03-21 00:00:00+00:00, run_after=2025-03-22 00:00:00+00:00
[2025-03-22T10:43:48.124+0500] {processor.py:208} INFO - Processing /home/ruslan/.local/lib/python3.10/site-packages/airflow/example_dags/example_branch_day_of_week_operator.py took 0.049 seconds
[2025-03-22T10:44:43.376+0500] {processor.py:186} INFO - Started process (PID=42928) to work on /home/ruslan/.local/lib/python3.10/site-packages/airflow/example_dags/example_branch_day_of_week_operator.py
[2025-03-22T10:44:43.377+0500] {processor.py:914} INFO - Processing file /home/ruslan/.local/lib/python3.10/site-packages/airflow/example_dags/example_branch_day_of_week_operator.py for tasks to queue
[2025-03-22T10:44:43.378+0500] {logging_mixin.py:190} INFO - [2025-03-22T10:44:43.378+0500] {dagbag.py:588} INFO - Filling up the DagBag from /home/ruslan/.local/lib/python3.10/site-packages/airflow/example_dags/example_branch_day_of_week_operator.py
[2025-03-22T10:44:43.384+0500] {processor.py:925} INFO - DAG(s) 'example_weekday_branch_operator' retrieved from /home/ruslan/.local/lib/python3.10/site-packages/airflow/example_dags/example_branch_day_of_week_operator.py
[2025-03-22T10:44:43.393+0500] {logging_mixin.py:190} INFO - [2025-03-22T10:44:43.393+0500] {dag.py:3239} INFO - Sync 1 DAGs
[2025-03-22T10:44:43.404+0500] {logging_mixin.py:190} INFO - [2025-03-22T10:44:43.404+0500] {dag.py:4180} INFO - Setting next_dagrun for example_weekday_branch_operator to 2025-03-21 00:00:00+00:00, run_after=2025-03-22 00:00:00+00:00
[2025-03-22T10:44:43.419+0500] {processor.py:208} INFO - Processing /home/ruslan/.local/lib/python3.10/site-packages/airflow/example_dags/example_branch_day_of_week_operator.py took 0.046 seconds
[2025-03-22T10:45:38.212+0500] {processor.py:186} INFO - Started process (PID=43529) to work on /home/ruslan/.local/lib/python3.10/site-packages/airflow/example_dags/example_branch_day_of_week_operator.py
[2025-03-22T10:45:38.213+0500] {processor.py:914} INFO - Processing file /home/ruslan/.local/lib/python3.10/site-packages/airflow/example_dags/example_branch_day_of_week_operator.py for tasks to queue
[2025-03-22T10:45:38.215+0500] {logging_mixin.py:190} INFO - [2025-03-22T10:45:38.215+0500] {dagbag.py:588} INFO - Filling up the DagBag from /home/ruslan/.local/lib/python3.10/site-packages/airflow/example_dags/example_branch_day_of_week_operator.py
[2025-03-22T10:45:38.222+0500] {processor.py:925} INFO - DAG(s) 'example_weekday_branch_operator' retrieved from /home/ruslan/.local/lib/python3.10/site-packages/airflow/example_dags/example_branch_day_of_week_operator.py
[2025-03-22T10:45:38.232+0500] {logging_mixin.py:190} INFO - [2025-03-22T10:45:38.232+0500] {dag.py:3239} INFO - Sync 1 DAGs
[2025-03-22T10:45:38.245+0500] {logging_mixin.py:190} INFO - [2025-03-22T10:45:38.245+0500] {dag.py:4180} INFO - Setting next_dagrun for example_weekday_branch_operator to 2025-03-21 00:00:00+00:00, run_after=2025-03-22 00:00:00+00:00
[2025-03-22T10:45:38.259+0500] {processor.py:208} INFO - Processing /home/ruslan/.local/lib/python3.10/site-packages/airflow/example_dags/example_branch_day_of_week_operator.py took 0.052 seconds
[2025-03-22T10:46:34.028+0500] {processor.py:186} INFO - Started process (PID=44340) to work on /home/ruslan/.local/lib/python3.10/site-packages/airflow/example_dags/example_branch_day_of_week_operator.py
[2025-03-22T10:46:34.029+0500] {processor.py:914} INFO - Processing file /home/ruslan/.local/lib/python3.10/site-packages/airflow/example_dags/example_branch_day_of_week_operator.py for tasks to queue
[2025-03-22T10:46:34.030+0500] {logging_mixin.py:190} INFO - [2025-03-22T10:46:34.030+0500] {dagbag.py:588} INFO - Filling up the DagBag from /home/ruslan/.local/lib/python3.10/site-packages/airflow/example_dags/example_branch_day_of_week_operator.py
[2025-03-22T10:46:34.036+0500] {processor.py:925} INFO - DAG(s) 'example_weekday_branch_operator' retrieved from /home/ruslan/.local/lib/python3.10/site-packages/airflow/example_dags/example_branch_day_of_week_operator.py
[2025-03-22T10:46:34.045+0500] {logging_mixin.py:190} INFO - [2025-03-22T10:46:34.045+0500] {dag.py:3239} INFO - Sync 1 DAGs
[2025-03-22T10:46:34.056+0500] {logging_mixin.py:190} INFO - [2025-03-22T10:46:34.056+0500] {dag.py:4180} INFO - Setting next_dagrun for example_weekday_branch_operator to 2025-03-21 00:00:00+00:00, run_after=2025-03-22 00:00:00+00:00
[2025-03-22T10:46:34.072+0500] {processor.py:208} INFO - Processing /home/ruslan/.local/lib/python3.10/site-packages/airflow/example_dags/example_branch_day_of_week_operator.py took 0.047 seconds
[2025-03-22T10:47:31.525+0500] {processor.py:186} INFO - Started process (PID=44984) to work on /home/ruslan/.local/lib/python3.10/site-packages/airflow/example_dags/example_branch_day_of_week_operator.py
[2025-03-22T10:47:31.527+0500] {processor.py:914} INFO - Processing file /home/ruslan/.local/lib/python3.10/site-packages/airflow/example_dags/example_branch_day_of_week_operator.py for tasks to queue
[2025-03-22T10:47:31.528+0500] {logging_mixin.py:190} INFO - [2025-03-22T10:47:31.528+0500] {dagbag.py:588} INFO - Filling up the DagBag from /home/ruslan/.local/lib/python3.10/site-packages/airflow/example_dags/example_branch_day_of_week_operator.py
[2025-03-22T10:47:31.534+0500] {processor.py:925} INFO - DAG(s) 'example_weekday_branch_operator' retrieved from /home/ruslan/.local/lib/python3.10/site-packages/airflow/example_dags/example_branch_day_of_week_operator.py
[2025-03-22T10:47:31.542+0500] {logging_mixin.py:190} INFO - [2025-03-22T10:47:31.542+0500] {dag.py:3239} INFO - Sync 1 DAGs
[2025-03-22T10:47:31.554+0500] {logging_mixin.py:190} INFO - [2025-03-22T10:47:31.554+0500] {dag.py:4180} INFO - Setting next_dagrun for example_weekday_branch_operator to 2025-03-21 00:00:00+00:00, run_after=2025-03-22 00:00:00+00:00
[2025-03-22T10:47:31.569+0500] {processor.py:208} INFO - Processing /home/ruslan/.local/lib/python3.10/site-packages/airflow/example_dags/example_branch_day_of_week_operator.py took 0.048 seconds
[2025-03-22T10:48:25.824+0500] {processor.py:186} INFO - Started process (PID=45712) to work on /home/ruslan/.local/lib/python3.10/site-packages/airflow/example_dags/example_branch_day_of_week_operator.py
[2025-03-22T10:48:25.826+0500] {processor.py:914} INFO - Processing file /home/ruslan/.local/lib/python3.10/site-packages/airflow/example_dags/example_branch_day_of_week_operator.py for tasks to queue
[2025-03-22T10:48:25.827+0500] {logging_mixin.py:190} INFO - [2025-03-22T10:48:25.827+0500] {dagbag.py:588} INFO - Filling up the DagBag from /home/ruslan/.local/lib/python3.10/site-packages/airflow/example_dags/example_branch_day_of_week_operator.py
[2025-03-22T10:48:25.833+0500] {processor.py:925} INFO - DAG(s) 'example_weekday_branch_operator' retrieved from /home/ruslan/.local/lib/python3.10/site-packages/airflow/example_dags/example_branch_day_of_week_operator.py
[2025-03-22T10:48:25.842+0500] {logging_mixin.py:190} INFO - [2025-03-22T10:48:25.841+0500] {dag.py:3239} INFO - Sync 1 DAGs
[2025-03-22T10:48:25.853+0500] {logging_mixin.py:190} INFO - [2025-03-22T10:48:25.853+0500] {dag.py:4180} INFO - Setting next_dagrun for example_weekday_branch_operator to 2025-03-21 00:00:00+00:00, run_after=2025-03-22 00:00:00+00:00
[2025-03-22T10:48:25.868+0500] {processor.py:208} INFO - Processing /home/ruslan/.local/lib/python3.10/site-packages/airflow/example_dags/example_branch_day_of_week_operator.py took 0.047 seconds
[2025-03-22T12:47:08.401+0500] {processor.py:186} INFO - Started process (PID=1023) to work on /home/ruslan/.local/lib/python3.10/site-packages/airflow/example_dags/example_branch_day_of_week_operator.py
[2025-03-22T12:47:08.402+0500] {processor.py:914} INFO - Processing file /home/ruslan/.local/lib/python3.10/site-packages/airflow/example_dags/example_branch_day_of_week_operator.py for tasks to queue
[2025-03-22T12:47:08.403+0500] {logging_mixin.py:190} INFO - [2025-03-22T12:47:08.403+0500] {dagbag.py:588} INFO - Filling up the DagBag from /home/ruslan/.local/lib/python3.10/site-packages/airflow/example_dags/example_branch_day_of_week_operator.py
[2025-03-22T12:47:08.408+0500] {processor.py:925} INFO - DAG(s) 'example_weekday_branch_operator' retrieved from /home/ruslan/.local/lib/python3.10/site-packages/airflow/example_dags/example_branch_day_of_week_operator.py
[2025-03-22T12:47:08.417+0500] {logging_mixin.py:190} INFO - [2025-03-22T12:47:08.417+0500] {dag.py:3239} INFO - Sync 1 DAGs
[2025-03-22T12:47:08.429+0500] {logging_mixin.py:190} INFO - [2025-03-22T12:47:08.428+0500] {dag.py:4180} INFO - Setting next_dagrun for example_weekday_branch_operator to 2025-03-21 00:00:00+00:00, run_after=2025-03-22 00:00:00+00:00
[2025-03-22T12:47:08.445+0500] {processor.py:208} INFO - Processing /home/ruslan/.local/lib/python3.10/site-packages/airflow/example_dags/example_branch_day_of_week_operator.py took 0.048 seconds
[2025-03-22T12:48:05.426+0500] {processor.py:186} INFO - Started process (PID=6272) to work on /home/ruslan/.local/lib/python3.10/site-packages/airflow/example_dags/example_branch_day_of_week_operator.py
[2025-03-22T12:48:05.427+0500] {processor.py:914} INFO - Processing file /home/ruslan/.local/lib/python3.10/site-packages/airflow/example_dags/example_branch_day_of_week_operator.py for tasks to queue
[2025-03-22T12:48:05.428+0500] {logging_mixin.py:190} INFO - [2025-03-22T12:48:05.428+0500] {dagbag.py:588} INFO - Filling up the DagBag from /home/ruslan/.local/lib/python3.10/site-packages/airflow/example_dags/example_branch_day_of_week_operator.py
[2025-03-22T12:48:05.434+0500] {processor.py:925} INFO - DAG(s) 'example_weekday_branch_operator' retrieved from /home/ruslan/.local/lib/python3.10/site-packages/airflow/example_dags/example_branch_day_of_week_operator.py
[2025-03-22T12:48:05.443+0500] {logging_mixin.py:190} INFO - [2025-03-22T12:48:05.443+0500] {dag.py:3239} INFO - Sync 1 DAGs
[2025-03-22T12:48:05.454+0500] {logging_mixin.py:190} INFO - [2025-03-22T12:48:05.454+0500] {dag.py:4180} INFO - Setting next_dagrun for example_weekday_branch_operator to 2025-03-21 00:00:00+00:00, run_after=2025-03-22 00:00:00+00:00
[2025-03-22T12:48:05.469+0500] {processor.py:208} INFO - Processing /home/ruslan/.local/lib/python3.10/site-packages/airflow/example_dags/example_branch_day_of_week_operator.py took 0.047 seconds
[2025-03-22T12:49:00.746+0500] {processor.py:186} INFO - Started process (PID=6969) to work on /home/ruslan/.local/lib/python3.10/site-packages/airflow/example_dags/example_branch_day_of_week_operator.py
[2025-03-22T12:49:00.747+0500] {processor.py:914} INFO - Processing file /home/ruslan/.local/lib/python3.10/site-packages/airflow/example_dags/example_branch_day_of_week_operator.py for tasks to queue
[2025-03-22T12:49:00.748+0500] {logging_mixin.py:190} INFO - [2025-03-22T12:49:00.748+0500] {dagbag.py:588} INFO - Filling up the DagBag from /home/ruslan/.local/lib/python3.10/site-packages/airflow/example_dags/example_branch_day_of_week_operator.py
[2025-03-22T12:49:00.753+0500] {processor.py:925} INFO - DAG(s) 'example_weekday_branch_operator' retrieved from /home/ruslan/.local/lib/python3.10/site-packages/airflow/example_dags/example_branch_day_of_week_operator.py
[2025-03-22T12:49:00.762+0500] {logging_mixin.py:190} INFO - [2025-03-22T12:49:00.762+0500] {dag.py:3239} INFO - Sync 1 DAGs
[2025-03-22T12:49:00.773+0500] {logging_mixin.py:190} INFO - [2025-03-22T12:49:00.773+0500] {dag.py:4180} INFO - Setting next_dagrun for example_weekday_branch_operator to 2025-03-21 00:00:00+00:00, run_after=2025-03-22 00:00:00+00:00
[2025-03-22T12:49:00.788+0500] {processor.py:208} INFO - Processing /home/ruslan/.local/lib/python3.10/site-packages/airflow/example_dags/example_branch_day_of_week_operator.py took 0.046 seconds
[2025-03-22T12:49:54.972+0500] {processor.py:186} INFO - Started process (PID=7645) to work on /home/ruslan/.local/lib/python3.10/site-packages/airflow/example_dags/example_branch_day_of_week_operator.py
[2025-03-22T12:49:54.973+0500] {processor.py:914} INFO - Processing file /home/ruslan/.local/lib/python3.10/site-packages/airflow/example_dags/example_branch_day_of_week_operator.py for tasks to queue
[2025-03-22T12:49:54.975+0500] {logging_mixin.py:190} INFO - [2025-03-22T12:49:54.974+0500] {dagbag.py:588} INFO - Filling up the DagBag from /home/ruslan/.local/lib/python3.10/site-packages/airflow/example_dags/example_branch_day_of_week_operator.py
[2025-03-22T12:49:54.980+0500] {processor.py:925} INFO - DAG(s) 'example_weekday_branch_operator' retrieved from /home/ruslan/.local/lib/python3.10/site-packages/airflow/example_dags/example_branch_day_of_week_operator.py
[2025-03-22T12:49:54.989+0500] {logging_mixin.py:190} INFO - [2025-03-22T12:49:54.989+0500] {dag.py:3239} INFO - Sync 1 DAGs
[2025-03-22T12:49:55.000+0500] {logging_mixin.py:190} INFO - [2025-03-22T12:49:55.000+0500] {dag.py:4180} INFO - Setting next_dagrun for example_weekday_branch_operator to 2025-03-21 00:00:00+00:00, run_after=2025-03-22 00:00:00+00:00
[2025-03-22T12:49:55.014+0500] {processor.py:208} INFO - Processing /home/ruslan/.local/lib/python3.10/site-packages/airflow/example_dags/example_branch_day_of_week_operator.py took 0.045 seconds
[2025-03-22T12:51:15.526+0500] {processor.py:186} INFO - Started process (PID=8729) to work on /home/ruslan/.local/lib/python3.10/site-packages/airflow/example_dags/example_branch_day_of_week_operator.py
[2025-03-22T12:51:15.527+0500] {processor.py:914} INFO - Processing file /home/ruslan/.local/lib/python3.10/site-packages/airflow/example_dags/example_branch_day_of_week_operator.py for tasks to queue
[2025-03-22T12:51:15.529+0500] {logging_mixin.py:190} INFO - [2025-03-22T12:51:15.528+0500] {dagbag.py:588} INFO - Filling up the DagBag from /home/ruslan/.local/lib/python3.10/site-packages/airflow/example_dags/example_branch_day_of_week_operator.py
[2025-03-22T12:51:15.534+0500] {processor.py:925} INFO - DAG(s) 'example_weekday_branch_operator' retrieved from /home/ruslan/.local/lib/python3.10/site-packages/airflow/example_dags/example_branch_day_of_week_operator.py
[2025-03-22T12:51:15.543+0500] {logging_mixin.py:190} INFO - [2025-03-22T12:51:15.543+0500] {dag.py:3239} INFO - Sync 1 DAGs
[2025-03-22T12:51:15.554+0500] {logging_mixin.py:190} INFO - [2025-03-22T12:51:15.554+0500] {dag.py:4180} INFO - Setting next_dagrun for example_weekday_branch_operator to 2025-03-21 00:00:00+00:00, run_after=2025-03-22 00:00:00+00:00
[2025-03-22T12:51:15.570+0500] {processor.py:208} INFO - Processing /home/ruslan/.local/lib/python3.10/site-packages/airflow/example_dags/example_branch_day_of_week_operator.py took 0.048 seconds
