[2025-03-22T10:07:18.525+0500] {processor.py:186} INFO - Started process (PID=17933) to work on /home/ruslan/.local/lib/python3.10/site-packages/airflow/example_dags/example_kubernetes_executor.py
[2025-03-22T10:07:18.525+0500] {processor.py:914} INFO - Processing file /home/ruslan/.local/lib/python3.10/site-packages/airflow/example_dags/example_kubernetes_executor.py for tasks to queue
[2025-03-22T10:07:18.527+0500] {logging_mixin.py:190} INFO - [2025-03-22T10:07:18.527+0500] {dagbag.py:588} INFO - Filling up the DagBag from /home/ruslan/.local/lib/python3.10/site-packages/airflow/example_dags/example_kubernetes_executor.py
[2025-03-22T10:07:18.529+0500] {logging_mixin.py:190} INFO - [2025-03-22T10:07:18.529+0500] {example_kubernetes_executor.py:39} WARNING - The example_kubernetes_executor example DAG requires the kubernetes provider. Please install it with: pip install apache-airflow[cncf.kubernetes]
[2025-03-22T10:07:18.530+0500] {processor.py:927} WARNING - No viable dags retrieved from /home/ruslan/.local/lib/python3.10/site-packages/airflow/example_dags/example_kubernetes_executor.py
[2025-03-22T10:07:18.537+0500] {processor.py:208} INFO - Processing /home/ruslan/.local/lib/python3.10/site-packages/airflow/example_dags/example_kubernetes_executor.py took 0.017 seconds
[2025-03-22T10:08:16.184+0500] {processor.py:186} INFO - Started process (PID=18573) to work on /home/ruslan/.local/lib/python3.10/site-packages/airflow/example_dags/example_kubernetes_executor.py
[2025-03-22T10:08:16.185+0500] {processor.py:914} INFO - Processing file /home/ruslan/.local/lib/python3.10/site-packages/airflow/example_dags/example_kubernetes_executor.py for tasks to queue
[2025-03-22T10:08:16.187+0500] {logging_mixin.py:190} INFO - [2025-03-22T10:08:16.187+0500] {dagbag.py:588} INFO - Filling up the DagBag from /home/ruslan/.local/lib/python3.10/site-packages/airflow/example_dags/example_kubernetes_executor.py
[2025-03-22T10:08:16.189+0500] {logging_mixin.py:190} INFO - [2025-03-22T10:08:16.188+0500] {example_kubernetes_executor.py:39} WARNING - The example_kubernetes_executor example DAG requires the kubernetes provider. Please install it with: pip install apache-airflow[cncf.kubernetes]
[2025-03-22T10:08:16.189+0500] {processor.py:927} WARNING - No viable dags retrieved from /home/ruslan/.local/lib/python3.10/site-packages/airflow/example_dags/example_kubernetes_executor.py
[2025-03-22T10:08:16.194+0500] {processor.py:208} INFO - Processing /home/ruslan/.local/lib/python3.10/site-packages/airflow/example_dags/example_kubernetes_executor.py took 0.014 seconds
[2025-03-22T10:09:13.616+0500] {processor.py:186} INFO - Started process (PID=19098) to work on /home/ruslan/.local/lib/python3.10/site-packages/airflow/example_dags/example_kubernetes_executor.py
[2025-03-22T10:09:13.617+0500] {processor.py:914} INFO - Processing file /home/ruslan/.local/lib/python3.10/site-packages/airflow/example_dags/example_kubernetes_executor.py for tasks to queue
[2025-03-22T10:09:13.618+0500] {logging_mixin.py:190} INFO - [2025-03-22T10:09:13.618+0500] {dagbag.py:588} INFO - Filling up the DagBag from /home/ruslan/.local/lib/python3.10/site-packages/airflow/example_dags/example_kubernetes_executor.py
[2025-03-22T10:09:13.620+0500] {logging_mixin.py:190} INFO - [2025-03-22T10:09:13.620+0500] {example_kubernetes_executor.py:39} WARNING - The example_kubernetes_executor example DAG requires the kubernetes provider. Please install it with: pip install apache-airflow[cncf.kubernetes]
[2025-03-22T10:09:13.620+0500] {processor.py:927} WARNING - No viable dags retrieved from /home/ruslan/.local/lib/python3.10/site-packages/airflow/example_dags/example_kubernetes_executor.py
[2025-03-22T10:09:13.626+0500] {processor.py:208} INFO - Processing /home/ruslan/.local/lib/python3.10/site-packages/airflow/example_dags/example_kubernetes_executor.py took 0.013 seconds
[2025-03-22T10:10:09.833+0500] {processor.py:186} INFO - Started process (PID=19696) to work on /home/ruslan/.local/lib/python3.10/site-packages/airflow/example_dags/example_kubernetes_executor.py
[2025-03-22T10:10:09.834+0500] {processor.py:914} INFO - Processing file /home/ruslan/.local/lib/python3.10/site-packages/airflow/example_dags/example_kubernetes_executor.py for tasks to queue
[2025-03-22T10:10:09.836+0500] {logging_mixin.py:190} INFO - [2025-03-22T10:10:09.836+0500] {dagbag.py:588} INFO - Filling up the DagBag from /home/ruslan/.local/lib/python3.10/site-packages/airflow/example_dags/example_kubernetes_executor.py
[2025-03-22T10:10:09.838+0500] {logging_mixin.py:190} INFO - [2025-03-22T10:10:09.838+0500] {example_kubernetes_executor.py:39} WARNING - The example_kubernetes_executor example DAG requires the kubernetes provider. Please install it with: pip install apache-airflow[cncf.kubernetes]
[2025-03-22T10:10:09.838+0500] {processor.py:927} WARNING - No viable dags retrieved from /home/ruslan/.local/lib/python3.10/site-packages/airflow/example_dags/example_kubernetes_executor.py
[2025-03-22T10:10:09.844+0500] {processor.py:208} INFO - Processing /home/ruslan/.local/lib/python3.10/site-packages/airflow/example_dags/example_kubernetes_executor.py took 0.015 seconds
[2025-03-22T10:11:05.467+0500] {processor.py:186} INFO - Started process (PID=20290) to work on /home/ruslan/.local/lib/python3.10/site-packages/airflow/example_dags/example_kubernetes_executor.py
[2025-03-22T10:11:05.468+0500] {processor.py:914} INFO - Processing file /home/ruslan/.local/lib/python3.10/site-packages/airflow/example_dags/example_kubernetes_executor.py for tasks to queue
[2025-03-22T10:11:05.470+0500] {logging_mixin.py:190} INFO - [2025-03-22T10:11:05.469+0500] {dagbag.py:588} INFO - Filling up the DagBag from /home/ruslan/.local/lib/python3.10/site-packages/airflow/example_dags/example_kubernetes_executor.py
[2025-03-22T10:11:05.472+0500] {logging_mixin.py:190} INFO - [2025-03-22T10:11:05.471+0500] {example_kubernetes_executor.py:39} WARNING - The example_kubernetes_executor example DAG requires the kubernetes provider. Please install it with: pip install apache-airflow[cncf.kubernetes]
[2025-03-22T10:11:05.472+0500] {processor.py:927} WARNING - No viable dags retrieved from /home/ruslan/.local/lib/python3.10/site-packages/airflow/example_dags/example_kubernetes_executor.py
[2025-03-22T10:11:05.478+0500] {processor.py:208} INFO - Processing /home/ruslan/.local/lib/python3.10/site-packages/airflow/example_dags/example_kubernetes_executor.py took 0.015 seconds
[2025-03-22T10:11:57.893+0500] {processor.py:186} INFO - Started process (PID=20807) to work on /home/ruslan/.local/lib/python3.10/site-packages/airflow/example_dags/example_kubernetes_executor.py
[2025-03-22T10:11:57.894+0500] {processor.py:914} INFO - Processing file /home/ruslan/.local/lib/python3.10/site-packages/airflow/example_dags/example_kubernetes_executor.py for tasks to queue
[2025-03-22T10:11:57.896+0500] {logging_mixin.py:190} INFO - [2025-03-22T10:11:57.895+0500] {dagbag.py:588} INFO - Filling up the DagBag from /home/ruslan/.local/lib/python3.10/site-packages/airflow/example_dags/example_kubernetes_executor.py
[2025-03-22T10:11:57.897+0500] {logging_mixin.py:190} INFO - [2025-03-22T10:11:57.897+0500] {example_kubernetes_executor.py:39} WARNING - The example_kubernetes_executor example DAG requires the kubernetes provider. Please install it with: pip install apache-airflow[cncf.kubernetes]
[2025-03-22T10:11:57.897+0500] {processor.py:927} WARNING - No viable dags retrieved from /home/ruslan/.local/lib/python3.10/site-packages/airflow/example_dags/example_kubernetes_executor.py
[2025-03-22T10:11:57.903+0500] {processor.py:208} INFO - Processing /home/ruslan/.local/lib/python3.10/site-packages/airflow/example_dags/example_kubernetes_executor.py took 0.014 seconds
[2025-03-22T10:12:46.406+0500] {processor.py:186} INFO - Started process (PID=21292) to work on /home/ruslan/.local/lib/python3.10/site-packages/airflow/example_dags/example_kubernetes_executor.py
[2025-03-22T10:12:46.407+0500] {processor.py:914} INFO - Processing file /home/ruslan/.local/lib/python3.10/site-packages/airflow/example_dags/example_kubernetes_executor.py for tasks to queue
[2025-03-22T10:12:46.408+0500] {logging_mixin.py:190} INFO - [2025-03-22T10:12:46.408+0500] {dagbag.py:588} INFO - Filling up the DagBag from /home/ruslan/.local/lib/python3.10/site-packages/airflow/example_dags/example_kubernetes_executor.py
[2025-03-22T10:12:46.410+0500] {logging_mixin.py:190} INFO - [2025-03-22T10:12:46.410+0500] {example_kubernetes_executor.py:39} WARNING - The example_kubernetes_executor example DAG requires the kubernetes provider. Please install it with: pip install apache-airflow[cncf.kubernetes]
[2025-03-22T10:12:46.410+0500] {processor.py:927} WARNING - No viable dags retrieved from /home/ruslan/.local/lib/python3.10/site-packages/airflow/example_dags/example_kubernetes_executor.py
[2025-03-22T10:12:46.417+0500] {processor.py:208} INFO - Processing /home/ruslan/.local/lib/python3.10/site-packages/airflow/example_dags/example_kubernetes_executor.py took 0.014 seconds
[2025-03-22T10:13:41.519+0500] {processor.py:186} INFO - Started process (PID=21889) to work on /home/ruslan/.local/lib/python3.10/site-packages/airflow/example_dags/example_kubernetes_executor.py
[2025-03-22T10:13:41.521+0500] {processor.py:914} INFO - Processing file /home/ruslan/.local/lib/python3.10/site-packages/airflow/example_dags/example_kubernetes_executor.py for tasks to queue
[2025-03-22T10:13:41.522+0500] {logging_mixin.py:190} INFO - [2025-03-22T10:13:41.522+0500] {dagbag.py:588} INFO - Filling up the DagBag from /home/ruslan/.local/lib/python3.10/site-packages/airflow/example_dags/example_kubernetes_executor.py
[2025-03-22T10:13:41.525+0500] {logging_mixin.py:190} INFO - [2025-03-22T10:13:41.525+0500] {example_kubernetes_executor.py:39} WARNING - The example_kubernetes_executor example DAG requires the kubernetes provider. Please install it with: pip install apache-airflow[cncf.kubernetes]
[2025-03-22T10:13:41.525+0500] {processor.py:927} WARNING - No viable dags retrieved from /home/ruslan/.local/lib/python3.10/site-packages/airflow/example_dags/example_kubernetes_executor.py
[2025-03-22T10:13:41.532+0500] {processor.py:208} INFO - Processing /home/ruslan/.local/lib/python3.10/site-packages/airflow/example_dags/example_kubernetes_executor.py took 0.017 seconds
[2025-03-22T10:14:35.929+0500] {processor.py:186} INFO - Started process (PID=22486) to work on /home/ruslan/.local/lib/python3.10/site-packages/airflow/example_dags/example_kubernetes_executor.py
[2025-03-22T10:14:35.930+0500] {processor.py:914} INFO - Processing file /home/ruslan/.local/lib/python3.10/site-packages/airflow/example_dags/example_kubernetes_executor.py for tasks to queue
[2025-03-22T10:14:35.932+0500] {logging_mixin.py:190} INFO - [2025-03-22T10:14:35.931+0500] {dagbag.py:588} INFO - Filling up the DagBag from /home/ruslan/.local/lib/python3.10/site-packages/airflow/example_dags/example_kubernetes_executor.py
[2025-03-22T10:14:35.934+0500] {logging_mixin.py:190} INFO - [2025-03-22T10:14:35.934+0500] {example_kubernetes_executor.py:39} WARNING - The example_kubernetes_executor example DAG requires the kubernetes provider. Please install it with: pip install apache-airflow[cncf.kubernetes]
[2025-03-22T10:14:35.934+0500] {processor.py:927} WARNING - No viable dags retrieved from /home/ruslan/.local/lib/python3.10/site-packages/airflow/example_dags/example_kubernetes_executor.py
[2025-03-22T10:14:35.941+0500] {processor.py:208} INFO - Processing /home/ruslan/.local/lib/python3.10/site-packages/airflow/example_dags/example_kubernetes_executor.py took 0.017 seconds
[2025-03-22T10:15:28.560+0500] {processor.py:186} INFO - Started process (PID=23001) to work on /home/ruslan/.local/lib/python3.10/site-packages/airflow/example_dags/example_kubernetes_executor.py
[2025-03-22T10:15:28.561+0500] {processor.py:914} INFO - Processing file /home/ruslan/.local/lib/python3.10/site-packages/airflow/example_dags/example_kubernetes_executor.py for tasks to queue
[2025-03-22T10:15:28.563+0500] {logging_mixin.py:190} INFO - [2025-03-22T10:15:28.563+0500] {dagbag.py:588} INFO - Filling up the DagBag from /home/ruslan/.local/lib/python3.10/site-packages/airflow/example_dags/example_kubernetes_executor.py
[2025-03-22T10:15:28.564+0500] {logging_mixin.py:190} INFO - [2025-03-22T10:15:28.564+0500] {example_kubernetes_executor.py:39} WARNING - The example_kubernetes_executor example DAG requires the kubernetes provider. Please install it with: pip install apache-airflow[cncf.kubernetes]
[2025-03-22T10:15:28.565+0500] {processor.py:927} WARNING - No viable dags retrieved from /home/ruslan/.local/lib/python3.10/site-packages/airflow/example_dags/example_kubernetes_executor.py
[2025-03-22T10:15:28.570+0500] {processor.py:208} INFO - Processing /home/ruslan/.local/lib/python3.10/site-packages/airflow/example_dags/example_kubernetes_executor.py took 0.013 seconds
[2025-03-22T10:16:19.647+0500] {processor.py:186} INFO - Started process (PID=23586) to work on /home/ruslan/.local/lib/python3.10/site-packages/airflow/example_dags/example_kubernetes_executor.py
[2025-03-22T10:16:19.648+0500] {processor.py:914} INFO - Processing file /home/ruslan/.local/lib/python3.10/site-packages/airflow/example_dags/example_kubernetes_executor.py for tasks to queue
[2025-03-22T10:16:19.649+0500] {logging_mixin.py:190} INFO - [2025-03-22T10:16:19.649+0500] {dagbag.py:588} INFO - Filling up the DagBag from /home/ruslan/.local/lib/python3.10/site-packages/airflow/example_dags/example_kubernetes_executor.py
[2025-03-22T10:16:19.651+0500] {logging_mixin.py:190} INFO - [2025-03-22T10:16:19.651+0500] {example_kubernetes_executor.py:39} WARNING - The example_kubernetes_executor example DAG requires the kubernetes provider. Please install it with: pip install apache-airflow[cncf.kubernetes]
[2025-03-22T10:16:19.651+0500] {processor.py:927} WARNING - No viable dags retrieved from /home/ruslan/.local/lib/python3.10/site-packages/airflow/example_dags/example_kubernetes_executor.py
[2025-03-22T10:16:19.657+0500] {processor.py:208} INFO - Processing /home/ruslan/.local/lib/python3.10/site-packages/airflow/example_dags/example_kubernetes_executor.py took 0.014 seconds
[2025-03-22T10:17:09.841+0500] {processor.py:186} INFO - Started process (PID=24089) to work on /home/ruslan/.local/lib/python3.10/site-packages/airflow/example_dags/example_kubernetes_executor.py
[2025-03-22T10:17:09.842+0500] {processor.py:914} INFO - Processing file /home/ruslan/.local/lib/python3.10/site-packages/airflow/example_dags/example_kubernetes_executor.py for tasks to queue
[2025-03-22T10:17:09.843+0500] {logging_mixin.py:190} INFO - [2025-03-22T10:17:09.843+0500] {dagbag.py:588} INFO - Filling up the DagBag from /home/ruslan/.local/lib/python3.10/site-packages/airflow/example_dags/example_kubernetes_executor.py
[2025-03-22T10:17:09.845+0500] {logging_mixin.py:190} INFO - [2025-03-22T10:17:09.845+0500] {example_kubernetes_executor.py:39} WARNING - The example_kubernetes_executor example DAG requires the kubernetes provider. Please install it with: pip install apache-airflow[cncf.kubernetes]
[2025-03-22T10:17:09.845+0500] {processor.py:927} WARNING - No viable dags retrieved from /home/ruslan/.local/lib/python3.10/site-packages/airflow/example_dags/example_kubernetes_executor.py
[2025-03-22T10:17:09.851+0500] {processor.py:208} INFO - Processing /home/ruslan/.local/lib/python3.10/site-packages/airflow/example_dags/example_kubernetes_executor.py took 0.013 seconds
[2025-03-22T10:18:02.262+0500] {processor.py:186} INFO - Started process (PID=24608) to work on /home/ruslan/.local/lib/python3.10/site-packages/airflow/example_dags/example_kubernetes_executor.py
[2025-03-22T10:18:02.263+0500] {processor.py:914} INFO - Processing file /home/ruslan/.local/lib/python3.10/site-packages/airflow/example_dags/example_kubernetes_executor.py for tasks to queue
[2025-03-22T10:18:02.264+0500] {logging_mixin.py:190} INFO - [2025-03-22T10:18:02.264+0500] {dagbag.py:588} INFO - Filling up the DagBag from /home/ruslan/.local/lib/python3.10/site-packages/airflow/example_dags/example_kubernetes_executor.py
[2025-03-22T10:18:02.266+0500] {logging_mixin.py:190} INFO - [2025-03-22T10:18:02.266+0500] {example_kubernetes_executor.py:39} WARNING - The example_kubernetes_executor example DAG requires the kubernetes provider. Please install it with: pip install apache-airflow[cncf.kubernetes]
[2025-03-22T10:18:02.266+0500] {processor.py:927} WARNING - No viable dags retrieved from /home/ruslan/.local/lib/python3.10/site-packages/airflow/example_dags/example_kubernetes_executor.py
[2025-03-22T10:18:02.271+0500] {processor.py:208} INFO - Processing /home/ruslan/.local/lib/python3.10/site-packages/airflow/example_dags/example_kubernetes_executor.py took 0.013 seconds
[2025-03-22T10:18:54.740+0500] {processor.py:186} INFO - Started process (PID=25212) to work on /home/ruslan/.local/lib/python3.10/site-packages/airflow/example_dags/example_kubernetes_executor.py
[2025-03-22T10:18:54.741+0500] {processor.py:914} INFO - Processing file /home/ruslan/.local/lib/python3.10/site-packages/airflow/example_dags/example_kubernetes_executor.py for tasks to queue
[2025-03-22T10:18:54.743+0500] {logging_mixin.py:190} INFO - [2025-03-22T10:18:54.742+0500] {dagbag.py:588} INFO - Filling up the DagBag from /home/ruslan/.local/lib/python3.10/site-packages/airflow/example_dags/example_kubernetes_executor.py
[2025-03-22T10:18:54.744+0500] {logging_mixin.py:190} INFO - [2025-03-22T10:18:54.744+0500] {example_kubernetes_executor.py:39} WARNING - The example_kubernetes_executor example DAG requires the kubernetes provider. Please install it with: pip install apache-airflow[cncf.kubernetes]
[2025-03-22T10:18:54.745+0500] {processor.py:927} WARNING - No viable dags retrieved from /home/ruslan/.local/lib/python3.10/site-packages/airflow/example_dags/example_kubernetes_executor.py
[2025-03-22T10:18:54.750+0500] {processor.py:208} INFO - Processing /home/ruslan/.local/lib/python3.10/site-packages/airflow/example_dags/example_kubernetes_executor.py took 0.013 seconds
[2025-03-22T10:19:43.293+0500] {processor.py:186} INFO - Started process (PID=25695) to work on /home/ruslan/.local/lib/python3.10/site-packages/airflow/example_dags/example_kubernetes_executor.py
[2025-03-22T10:19:43.295+0500] {processor.py:914} INFO - Processing file /home/ruslan/.local/lib/python3.10/site-packages/airflow/example_dags/example_kubernetes_executor.py for tasks to queue
[2025-03-22T10:19:43.296+0500] {logging_mixin.py:190} INFO - [2025-03-22T10:19:43.296+0500] {dagbag.py:588} INFO - Filling up the DagBag from /home/ruslan/.local/lib/python3.10/site-packages/airflow/example_dags/example_kubernetes_executor.py
[2025-03-22T10:19:43.298+0500] {logging_mixin.py:190} INFO - [2025-03-22T10:19:43.298+0500] {example_kubernetes_executor.py:39} WARNING - The example_kubernetes_executor example DAG requires the kubernetes provider. Please install it with: pip install apache-airflow[cncf.kubernetes]
[2025-03-22T10:19:43.298+0500] {processor.py:927} WARNING - No viable dags retrieved from /home/ruslan/.local/lib/python3.10/site-packages/airflow/example_dags/example_kubernetes_executor.py
[2025-03-22T10:19:43.304+0500] {processor.py:208} INFO - Processing /home/ruslan/.local/lib/python3.10/site-packages/airflow/example_dags/example_kubernetes_executor.py took 0.015 seconds
[2025-03-22T10:20:37.296+0500] {processor.py:186} INFO - Started process (PID=26307) to work on /home/ruslan/.local/lib/python3.10/site-packages/airflow/example_dags/example_kubernetes_executor.py
[2025-03-22T10:20:37.297+0500] {processor.py:914} INFO - Processing file /home/ruslan/.local/lib/python3.10/site-packages/airflow/example_dags/example_kubernetes_executor.py for tasks to queue
[2025-03-22T10:20:37.298+0500] {logging_mixin.py:190} INFO - [2025-03-22T10:20:37.298+0500] {dagbag.py:588} INFO - Filling up the DagBag from /home/ruslan/.local/lib/python3.10/site-packages/airflow/example_dags/example_kubernetes_executor.py
[2025-03-22T10:20:37.300+0500] {logging_mixin.py:190} INFO - [2025-03-22T10:20:37.300+0500] {example_kubernetes_executor.py:39} WARNING - The example_kubernetes_executor example DAG requires the kubernetes provider. Please install it with: pip install apache-airflow[cncf.kubernetes]
[2025-03-22T10:20:37.300+0500] {processor.py:927} WARNING - No viable dags retrieved from /home/ruslan/.local/lib/python3.10/site-packages/airflow/example_dags/example_kubernetes_executor.py
[2025-03-22T10:20:37.306+0500] {processor.py:208} INFO - Processing /home/ruslan/.local/lib/python3.10/site-packages/airflow/example_dags/example_kubernetes_executor.py took 0.015 seconds
[2025-03-22T10:21:28.046+0500] {processor.py:186} INFO - Started process (PID=26822) to work on /home/ruslan/.local/lib/python3.10/site-packages/airflow/example_dags/example_kubernetes_executor.py
[2025-03-22T10:21:28.047+0500] {processor.py:914} INFO - Processing file /home/ruslan/.local/lib/python3.10/site-packages/airflow/example_dags/example_kubernetes_executor.py for tasks to queue
[2025-03-22T10:21:28.048+0500] {logging_mixin.py:190} INFO - [2025-03-22T10:21:28.048+0500] {dagbag.py:588} INFO - Filling up the DagBag from /home/ruslan/.local/lib/python3.10/site-packages/airflow/example_dags/example_kubernetes_executor.py
[2025-03-22T10:21:28.050+0500] {logging_mixin.py:190} INFO - [2025-03-22T10:21:28.050+0500] {example_kubernetes_executor.py:39} WARNING - The example_kubernetes_executor example DAG requires the kubernetes provider. Please install it with: pip install apache-airflow[cncf.kubernetes]
[2025-03-22T10:21:28.050+0500] {processor.py:927} WARNING - No viable dags retrieved from /home/ruslan/.local/lib/python3.10/site-packages/airflow/example_dags/example_kubernetes_executor.py
[2025-03-22T10:21:28.056+0500] {processor.py:208} INFO - Processing /home/ruslan/.local/lib/python3.10/site-packages/airflow/example_dags/example_kubernetes_executor.py took 0.014 seconds
[2025-03-22T10:22:22.911+0500] {processor.py:186} INFO - Started process (PID=27432) to work on /home/ruslan/.local/lib/python3.10/site-packages/airflow/example_dags/example_kubernetes_executor.py
[2025-03-22T10:22:22.912+0500] {processor.py:914} INFO - Processing file /home/ruslan/.local/lib/python3.10/site-packages/airflow/example_dags/example_kubernetes_executor.py for tasks to queue
[2025-03-22T10:22:22.913+0500] {logging_mixin.py:190} INFO - [2025-03-22T10:22:22.913+0500] {dagbag.py:588} INFO - Filling up the DagBag from /home/ruslan/.local/lib/python3.10/site-packages/airflow/example_dags/example_kubernetes_executor.py
[2025-03-22T10:22:22.915+0500] {logging_mixin.py:190} INFO - [2025-03-22T10:22:22.915+0500] {example_kubernetes_executor.py:39} WARNING - The example_kubernetes_executor example DAG requires the kubernetes provider. Please install it with: pip install apache-airflow[cncf.kubernetes]
[2025-03-22T10:22:22.915+0500] {processor.py:927} WARNING - No viable dags retrieved from /home/ruslan/.local/lib/python3.10/site-packages/airflow/example_dags/example_kubernetes_executor.py
[2025-03-22T10:22:22.922+0500] {processor.py:208} INFO - Processing /home/ruslan/.local/lib/python3.10/site-packages/airflow/example_dags/example_kubernetes_executor.py took 0.015 seconds
[2025-03-22T10:23:14.831+0500] {processor.py:186} INFO - Started process (PID=27948) to work on /home/ruslan/.local/lib/python3.10/site-packages/airflow/example_dags/example_kubernetes_executor.py
[2025-03-22T10:23:14.832+0500] {processor.py:914} INFO - Processing file /home/ruslan/.local/lib/python3.10/site-packages/airflow/example_dags/example_kubernetes_executor.py for tasks to queue
[2025-03-22T10:23:14.833+0500] {logging_mixin.py:190} INFO - [2025-03-22T10:23:14.833+0500] {dagbag.py:588} INFO - Filling up the DagBag from /home/ruslan/.local/lib/python3.10/site-packages/airflow/example_dags/example_kubernetes_executor.py
[2025-03-22T10:23:14.835+0500] {logging_mixin.py:190} INFO - [2025-03-22T10:23:14.835+0500] {example_kubernetes_executor.py:39} WARNING - The example_kubernetes_executor example DAG requires the kubernetes provider. Please install it with: pip install apache-airflow[cncf.kubernetes]
[2025-03-22T10:23:14.835+0500] {processor.py:927} WARNING - No viable dags retrieved from /home/ruslan/.local/lib/python3.10/site-packages/airflow/example_dags/example_kubernetes_executor.py
[2025-03-22T10:23:14.842+0500] {processor.py:208} INFO - Processing /home/ruslan/.local/lib/python3.10/site-packages/airflow/example_dags/example_kubernetes_executor.py took 0.015 seconds
[2025-03-22T10:24:07.851+0500] {processor.py:186} INFO - Started process (PID=28552) to work on /home/ruslan/.local/lib/python3.10/site-packages/airflow/example_dags/example_kubernetes_executor.py
[2025-03-22T10:24:07.852+0500] {processor.py:914} INFO - Processing file /home/ruslan/.local/lib/python3.10/site-packages/airflow/example_dags/example_kubernetes_executor.py for tasks to queue
[2025-03-22T10:24:07.853+0500] {logging_mixin.py:190} INFO - [2025-03-22T10:24:07.853+0500] {dagbag.py:588} INFO - Filling up the DagBag from /home/ruslan/.local/lib/python3.10/site-packages/airflow/example_dags/example_kubernetes_executor.py
[2025-03-22T10:24:07.855+0500] {logging_mixin.py:190} INFO - [2025-03-22T10:24:07.855+0500] {example_kubernetes_executor.py:39} WARNING - The example_kubernetes_executor example DAG requires the kubernetes provider. Please install it with: pip install apache-airflow[cncf.kubernetes]
[2025-03-22T10:24:07.855+0500] {processor.py:927} WARNING - No viable dags retrieved from /home/ruslan/.local/lib/python3.10/site-packages/airflow/example_dags/example_kubernetes_executor.py
[2025-03-22T10:24:07.860+0500] {processor.py:208} INFO - Processing /home/ruslan/.local/lib/python3.10/site-packages/airflow/example_dags/example_kubernetes_executor.py took 0.013 seconds
[2025-03-22T10:24:58.055+0500] {processor.py:186} INFO - Started process (PID=29086) to work on /home/ruslan/.local/lib/python3.10/site-packages/airflow/example_dags/example_kubernetes_executor.py
[2025-03-22T10:24:58.055+0500] {processor.py:914} INFO - Processing file /home/ruslan/.local/lib/python3.10/site-packages/airflow/example_dags/example_kubernetes_executor.py for tasks to queue
[2025-03-22T10:24:58.057+0500] {logging_mixin.py:190} INFO - [2025-03-22T10:24:58.057+0500] {dagbag.py:588} INFO - Filling up the DagBag from /home/ruslan/.local/lib/python3.10/site-packages/airflow/example_dags/example_kubernetes_executor.py
[2025-03-22T10:24:58.059+0500] {logging_mixin.py:190} INFO - [2025-03-22T10:24:58.058+0500] {example_kubernetes_executor.py:39} WARNING - The example_kubernetes_executor example DAG requires the kubernetes provider. Please install it with: pip install apache-airflow[cncf.kubernetes]
[2025-03-22T10:24:58.059+0500] {processor.py:927} WARNING - No viable dags retrieved from /home/ruslan/.local/lib/python3.10/site-packages/airflow/example_dags/example_kubernetes_executor.py
[2025-03-22T10:24:58.065+0500] {processor.py:208} INFO - Processing /home/ruslan/.local/lib/python3.10/site-packages/airflow/example_dags/example_kubernetes_executor.py took 0.014 seconds
[2025-03-22T10:25:48.251+0500] {processor.py:186} INFO - Started process (PID=29593) to work on /home/ruslan/.local/lib/python3.10/site-packages/airflow/example_dags/example_kubernetes_executor.py
[2025-03-22T10:25:48.252+0500] {processor.py:914} INFO - Processing file /home/ruslan/.local/lib/python3.10/site-packages/airflow/example_dags/example_kubernetes_executor.py for tasks to queue
[2025-03-22T10:25:48.253+0500] {logging_mixin.py:190} INFO - [2025-03-22T10:25:48.253+0500] {dagbag.py:588} INFO - Filling up the DagBag from /home/ruslan/.local/lib/python3.10/site-packages/airflow/example_dags/example_kubernetes_executor.py
[2025-03-22T10:25:48.255+0500] {logging_mixin.py:190} INFO - [2025-03-22T10:25:48.255+0500] {example_kubernetes_executor.py:39} WARNING - The example_kubernetes_executor example DAG requires the kubernetes provider. Please install it with: pip install apache-airflow[cncf.kubernetes]
[2025-03-22T10:25:48.255+0500] {processor.py:927} WARNING - No viable dags retrieved from /home/ruslan/.local/lib/python3.10/site-packages/airflow/example_dags/example_kubernetes_executor.py
[2025-03-22T10:25:48.261+0500] {processor.py:208} INFO - Processing /home/ruslan/.local/lib/python3.10/site-packages/airflow/example_dags/example_kubernetes_executor.py took 0.013 seconds
[2025-03-22T10:26:41.343+0500] {processor.py:186} INFO - Started process (PID=30663) to work on /home/ruslan/.local/lib/python3.10/site-packages/airflow/example_dags/example_kubernetes_executor.py
[2025-03-22T10:26:41.344+0500] {processor.py:914} INFO - Processing file /home/ruslan/.local/lib/python3.10/site-packages/airflow/example_dags/example_kubernetes_executor.py for tasks to queue
[2025-03-22T10:26:41.345+0500] {logging_mixin.py:190} INFO - [2025-03-22T10:26:41.345+0500] {dagbag.py:588} INFO - Filling up the DagBag from /home/ruslan/.local/lib/python3.10/site-packages/airflow/example_dags/example_kubernetes_executor.py
[2025-03-22T10:26:41.347+0500] {logging_mixin.py:190} INFO - [2025-03-22T10:26:41.347+0500] {example_kubernetes_executor.py:39} WARNING - The example_kubernetes_executor example DAG requires the kubernetes provider. Please install it with: pip install apache-airflow[cncf.kubernetes]
[2025-03-22T10:26:41.347+0500] {processor.py:927} WARNING - No viable dags retrieved from /home/ruslan/.local/lib/python3.10/site-packages/airflow/example_dags/example_kubernetes_executor.py
[2025-03-22T10:26:41.353+0500] {processor.py:208} INFO - Processing /home/ruslan/.local/lib/python3.10/site-packages/airflow/example_dags/example_kubernetes_executor.py took 0.014 seconds
[2025-03-22T10:27:31.859+0500] {processor.py:186} INFO - Started process (PID=31196) to work on /home/ruslan/.local/lib/python3.10/site-packages/airflow/example_dags/example_kubernetes_executor.py
[2025-03-22T10:27:31.860+0500] {processor.py:914} INFO - Processing file /home/ruslan/.local/lib/python3.10/site-packages/airflow/example_dags/example_kubernetes_executor.py for tasks to queue
[2025-03-22T10:27:31.862+0500] {logging_mixin.py:190} INFO - [2025-03-22T10:27:31.861+0500] {dagbag.py:588} INFO - Filling up the DagBag from /home/ruslan/.local/lib/python3.10/site-packages/airflow/example_dags/example_kubernetes_executor.py
[2025-03-22T10:27:31.864+0500] {logging_mixin.py:190} INFO - [2025-03-22T10:27:31.864+0500] {example_kubernetes_executor.py:39} WARNING - The example_kubernetes_executor example DAG requires the kubernetes provider. Please install it with: pip install apache-airflow[cncf.kubernetes]
[2025-03-22T10:27:31.864+0500] {processor.py:927} WARNING - No viable dags retrieved from /home/ruslan/.local/lib/python3.10/site-packages/airflow/example_dags/example_kubernetes_executor.py
[2025-03-22T10:27:31.871+0500] {processor.py:208} INFO - Processing /home/ruslan/.local/lib/python3.10/site-packages/airflow/example_dags/example_kubernetes_executor.py took 0.018 seconds
[2025-03-22T10:28:26.063+0500] {processor.py:186} INFO - Started process (PID=31811) to work on /home/ruslan/.local/lib/python3.10/site-packages/airflow/example_dags/example_kubernetes_executor.py
[2025-03-22T10:28:26.064+0500] {processor.py:914} INFO - Processing file /home/ruslan/.local/lib/python3.10/site-packages/airflow/example_dags/example_kubernetes_executor.py for tasks to queue
[2025-03-22T10:28:26.065+0500] {logging_mixin.py:190} INFO - [2025-03-22T10:28:26.065+0500] {dagbag.py:588} INFO - Filling up the DagBag from /home/ruslan/.local/lib/python3.10/site-packages/airflow/example_dags/example_kubernetes_executor.py
[2025-03-22T10:28:26.067+0500] {logging_mixin.py:190} INFO - [2025-03-22T10:28:26.067+0500] {example_kubernetes_executor.py:39} WARNING - The example_kubernetes_executor example DAG requires the kubernetes provider. Please install it with: pip install apache-airflow[cncf.kubernetes]
[2025-03-22T10:28:26.067+0500] {processor.py:927} WARNING - No viable dags retrieved from /home/ruslan/.local/lib/python3.10/site-packages/airflow/example_dags/example_kubernetes_executor.py
[2025-03-22T10:28:26.073+0500] {processor.py:208} INFO - Processing /home/ruslan/.local/lib/python3.10/site-packages/airflow/example_dags/example_kubernetes_executor.py took 0.013 seconds
[2025-03-22T10:29:17.372+0500] {processor.py:186} INFO - Started process (PID=32324) to work on /home/ruslan/.local/lib/python3.10/site-packages/airflow/example_dags/example_kubernetes_executor.py
[2025-03-22T10:29:17.373+0500] {processor.py:914} INFO - Processing file /home/ruslan/.local/lib/python3.10/site-packages/airflow/example_dags/example_kubernetes_executor.py for tasks to queue
[2025-03-22T10:29:17.374+0500] {logging_mixin.py:190} INFO - [2025-03-22T10:29:17.374+0500] {dagbag.py:588} INFO - Filling up the DagBag from /home/ruslan/.local/lib/python3.10/site-packages/airflow/example_dags/example_kubernetes_executor.py
[2025-03-22T10:29:17.376+0500] {logging_mixin.py:190} INFO - [2025-03-22T10:29:17.376+0500] {example_kubernetes_executor.py:39} WARNING - The example_kubernetes_executor example DAG requires the kubernetes provider. Please install it with: pip install apache-airflow[cncf.kubernetes]
[2025-03-22T10:29:17.376+0500] {processor.py:927} WARNING - No viable dags retrieved from /home/ruslan/.local/lib/python3.10/site-packages/airflow/example_dags/example_kubernetes_executor.py
[2025-03-22T10:29:17.382+0500] {processor.py:208} INFO - Processing /home/ruslan/.local/lib/python3.10/site-packages/airflow/example_dags/example_kubernetes_executor.py took 0.014 seconds
[2025-03-22T10:30:09.871+0500] {processor.py:186} INFO - Started process (PID=32844) to work on /home/ruslan/.local/lib/python3.10/site-packages/airflow/example_dags/example_kubernetes_executor.py
[2025-03-22T10:30:09.873+0500] {processor.py:914} INFO - Processing file /home/ruslan/.local/lib/python3.10/site-packages/airflow/example_dags/example_kubernetes_executor.py for tasks to queue
[2025-03-22T10:30:09.874+0500] {logging_mixin.py:190} INFO - [2025-03-22T10:30:09.873+0500] {dagbag.py:588} INFO - Filling up the DagBag from /home/ruslan/.local/lib/python3.10/site-packages/airflow/example_dags/example_kubernetes_executor.py
[2025-03-22T10:30:09.876+0500] {logging_mixin.py:190} INFO - [2025-03-22T10:30:09.876+0500] {example_kubernetes_executor.py:39} WARNING - The example_kubernetes_executor example DAG requires the kubernetes provider. Please install it with: pip install apache-airflow[cncf.kubernetes]
[2025-03-22T10:30:09.876+0500] {processor.py:927} WARNING - No viable dags retrieved from /home/ruslan/.local/lib/python3.10/site-packages/airflow/example_dags/example_kubernetes_executor.py
[2025-03-22T10:30:09.884+0500] {processor.py:208} INFO - Processing /home/ruslan/.local/lib/python3.10/site-packages/airflow/example_dags/example_kubernetes_executor.py took 0.017 seconds
[2025-03-22T10:31:02.367+0500] {processor.py:186} INFO - Started process (PID=33114) to work on /home/ruslan/.local/lib/python3.10/site-packages/airflow/example_dags/example_kubernetes_executor.py
[2025-03-22T10:31:02.368+0500] {processor.py:914} INFO - Processing file /home/ruslan/.local/lib/python3.10/site-packages/airflow/example_dags/example_kubernetes_executor.py for tasks to queue
[2025-03-22T10:31:02.369+0500] {logging_mixin.py:190} INFO - [2025-03-22T10:31:02.369+0500] {dagbag.py:588} INFO - Filling up the DagBag from /home/ruslan/.local/lib/python3.10/site-packages/airflow/example_dags/example_kubernetes_executor.py
[2025-03-22T10:31:02.371+0500] {logging_mixin.py:190} INFO - [2025-03-22T10:31:02.371+0500] {example_kubernetes_executor.py:39} WARNING - The example_kubernetes_executor example DAG requires the kubernetes provider. Please install it with: pip install apache-airflow[cncf.kubernetes]
[2025-03-22T10:31:02.371+0500] {processor.py:927} WARNING - No viable dags retrieved from /home/ruslan/.local/lib/python3.10/site-packages/airflow/example_dags/example_kubernetes_executor.py
[2025-03-22T10:31:02.377+0500] {processor.py:208} INFO - Processing /home/ruslan/.local/lib/python3.10/site-packages/airflow/example_dags/example_kubernetes_executor.py took 0.013 seconds
[2025-03-22T10:31:53.620+0500] {processor.py:186} INFO - Started process (PID=33876) to work on /home/ruslan/.local/lib/python3.10/site-packages/airflow/example_dags/example_kubernetes_executor.py
[2025-03-22T10:31:53.621+0500] {processor.py:914} INFO - Processing file /home/ruslan/.local/lib/python3.10/site-packages/airflow/example_dags/example_kubernetes_executor.py for tasks to queue
[2025-03-22T10:31:53.622+0500] {logging_mixin.py:190} INFO - [2025-03-22T10:31:53.621+0500] {dagbag.py:588} INFO - Filling up the DagBag from /home/ruslan/.local/lib/python3.10/site-packages/airflow/example_dags/example_kubernetes_executor.py
[2025-03-22T10:31:53.624+0500] {logging_mixin.py:190} INFO - [2025-03-22T10:31:53.624+0500] {example_kubernetes_executor.py:39} WARNING - The example_kubernetes_executor example DAG requires the kubernetes provider. Please install it with: pip install apache-airflow[cncf.kubernetes]
[2025-03-22T10:31:53.624+0500] {processor.py:927} WARNING - No viable dags retrieved from /home/ruslan/.local/lib/python3.10/site-packages/airflow/example_dags/example_kubernetes_executor.py
[2025-03-22T10:31:53.630+0500] {processor.py:208} INFO - Processing /home/ruslan/.local/lib/python3.10/site-packages/airflow/example_dags/example_kubernetes_executor.py took 0.013 seconds
[2025-03-22T10:33:18.592+0500] {processor.py:186} INFO - Started process (PID=34949) to work on /home/ruslan/.local/lib/python3.10/site-packages/airflow/example_dags/example_kubernetes_executor.py
[2025-03-22T10:33:18.593+0500] {processor.py:914} INFO - Processing file /home/ruslan/.local/lib/python3.10/site-packages/airflow/example_dags/example_kubernetes_executor.py for tasks to queue
[2025-03-22T10:33:18.594+0500] {logging_mixin.py:190} INFO - [2025-03-22T10:33:18.594+0500] {dagbag.py:588} INFO - Filling up the DagBag from /home/ruslan/.local/lib/python3.10/site-packages/airflow/example_dags/example_kubernetes_executor.py
[2025-03-22T10:33:18.596+0500] {logging_mixin.py:190} INFO - [2025-03-22T10:33:18.596+0500] {example_kubernetes_executor.py:39} WARNING - The example_kubernetes_executor example DAG requires the kubernetes provider. Please install it with: pip install apache-airflow[cncf.kubernetes]
[2025-03-22T10:33:18.596+0500] {processor.py:927} WARNING - No viable dags retrieved from /home/ruslan/.local/lib/python3.10/site-packages/airflow/example_dags/example_kubernetes_executor.py
[2025-03-22T10:33:18.602+0500] {processor.py:208} INFO - Processing /home/ruslan/.local/lib/python3.10/site-packages/airflow/example_dags/example_kubernetes_executor.py took 0.013 seconds
[2025-03-22T10:34:14.039+0500] {processor.py:186} INFO - Started process (PID=35633) to work on /home/ruslan/.local/lib/python3.10/site-packages/airflow/example_dags/example_kubernetes_executor.py
[2025-03-22T10:34:14.041+0500] {processor.py:914} INFO - Processing file /home/ruslan/.local/lib/python3.10/site-packages/airflow/example_dags/example_kubernetes_executor.py for tasks to queue
[2025-03-22T10:34:14.042+0500] {logging_mixin.py:190} INFO - [2025-03-22T10:34:14.042+0500] {dagbag.py:588} INFO - Filling up the DagBag from /home/ruslan/.local/lib/python3.10/site-packages/airflow/example_dags/example_kubernetes_executor.py
[2025-03-22T10:34:14.044+0500] {logging_mixin.py:190} INFO - [2025-03-22T10:34:14.044+0500] {example_kubernetes_executor.py:39} WARNING - The example_kubernetes_executor example DAG requires the kubernetes provider. Please install it with: pip install apache-airflow[cncf.kubernetes]
[2025-03-22T10:34:14.044+0500] {processor.py:927} WARNING - No viable dags retrieved from /home/ruslan/.local/lib/python3.10/site-packages/airflow/example_dags/example_kubernetes_executor.py
[2025-03-22T10:34:14.050+0500] {processor.py:208} INFO - Processing /home/ruslan/.local/lib/python3.10/site-packages/airflow/example_dags/example_kubernetes_executor.py took 0.014 seconds
[2025-03-22T10:35:06.284+0500] {processor.py:186} INFO - Started process (PID=36312) to work on /home/ruslan/.local/lib/python3.10/site-packages/airflow/example_dags/example_kubernetes_executor.py
[2025-03-22T10:35:06.285+0500] {processor.py:914} INFO - Processing file /home/ruslan/.local/lib/python3.10/site-packages/airflow/example_dags/example_kubernetes_executor.py for tasks to queue
[2025-03-22T10:35:06.287+0500] {logging_mixin.py:190} INFO - [2025-03-22T10:35:06.286+0500] {dagbag.py:588} INFO - Filling up the DagBag from /home/ruslan/.local/lib/python3.10/site-packages/airflow/example_dags/example_kubernetes_executor.py
[2025-03-22T10:35:06.288+0500] {logging_mixin.py:190} INFO - [2025-03-22T10:35:06.288+0500] {example_kubernetes_executor.py:39} WARNING - The example_kubernetes_executor example DAG requires the kubernetes provider. Please install it with: pip install apache-airflow[cncf.kubernetes]
[2025-03-22T10:35:06.288+0500] {processor.py:927} WARNING - No viable dags retrieved from /home/ruslan/.local/lib/python3.10/site-packages/airflow/example_dags/example_kubernetes_executor.py
[2025-03-22T10:35:06.294+0500] {processor.py:208} INFO - Processing /home/ruslan/.local/lib/python3.10/site-packages/airflow/example_dags/example_kubernetes_executor.py took 0.013 seconds
[2025-03-22T10:35:55.796+0500] {processor.py:186} INFO - Started process (PID=36891) to work on /home/ruslan/.local/lib/python3.10/site-packages/airflow/example_dags/example_kubernetes_executor.py
[2025-03-22T10:35:55.797+0500] {processor.py:914} INFO - Processing file /home/ruslan/.local/lib/python3.10/site-packages/airflow/example_dags/example_kubernetes_executor.py for tasks to queue
[2025-03-22T10:35:55.799+0500] {logging_mixin.py:190} INFO - [2025-03-22T10:35:55.798+0500] {dagbag.py:588} INFO - Filling up the DagBag from /home/ruslan/.local/lib/python3.10/site-packages/airflow/example_dags/example_kubernetes_executor.py
[2025-03-22T10:35:55.800+0500] {logging_mixin.py:190} INFO - [2025-03-22T10:35:55.800+0500] {example_kubernetes_executor.py:39} WARNING - The example_kubernetes_executor example DAG requires the kubernetes provider. Please install it with: pip install apache-airflow[cncf.kubernetes]
[2025-03-22T10:35:55.801+0500] {processor.py:927} WARNING - No viable dags retrieved from /home/ruslan/.local/lib/python3.10/site-packages/airflow/example_dags/example_kubernetes_executor.py
[2025-03-22T10:35:55.806+0500] {processor.py:208} INFO - Processing /home/ruslan/.local/lib/python3.10/site-packages/airflow/example_dags/example_kubernetes_executor.py took 0.014 seconds
[2025-03-22T10:36:43.914+0500] {processor.py:186} INFO - Started process (PID=37275) to work on /home/ruslan/.local/lib/python3.10/site-packages/airflow/example_dags/example_kubernetes_executor.py
[2025-03-22T10:36:43.915+0500] {processor.py:914} INFO - Processing file /home/ruslan/.local/lib/python3.10/site-packages/airflow/example_dags/example_kubernetes_executor.py for tasks to queue
[2025-03-22T10:36:43.916+0500] {logging_mixin.py:190} INFO - [2025-03-22T10:36:43.916+0500] {dagbag.py:588} INFO - Filling up the DagBag from /home/ruslan/.local/lib/python3.10/site-packages/airflow/example_dags/example_kubernetes_executor.py
[2025-03-22T10:36:43.918+0500] {logging_mixin.py:190} INFO - [2025-03-22T10:36:43.918+0500] {example_kubernetes_executor.py:39} WARNING - The example_kubernetes_executor example DAG requires the kubernetes provider. Please install it with: pip install apache-airflow[cncf.kubernetes]
[2025-03-22T10:36:43.918+0500] {processor.py:927} WARNING - No viable dags retrieved from /home/ruslan/.local/lib/python3.10/site-packages/airflow/example_dags/example_kubernetes_executor.py
[2025-03-22T10:36:43.924+0500] {processor.py:208} INFO - Processing /home/ruslan/.local/lib/python3.10/site-packages/airflow/example_dags/example_kubernetes_executor.py took 0.013 seconds
[2025-03-22T10:37:35.831+0500] {processor.py:186} INFO - Started process (PID=37534) to work on /home/ruslan/.local/lib/python3.10/site-packages/airflow/example_dags/example_kubernetes_executor.py
[2025-03-22T10:37:35.833+0500] {processor.py:914} INFO - Processing file /home/ruslan/.local/lib/python3.10/site-packages/airflow/example_dags/example_kubernetes_executor.py for tasks to queue
[2025-03-22T10:37:35.834+0500] {logging_mixin.py:190} INFO - [2025-03-22T10:37:35.834+0500] {dagbag.py:588} INFO - Filling up the DagBag from /home/ruslan/.local/lib/python3.10/site-packages/airflow/example_dags/example_kubernetes_executor.py
[2025-03-22T10:37:35.836+0500] {logging_mixin.py:190} INFO - [2025-03-22T10:37:35.836+0500] {example_kubernetes_executor.py:39} WARNING - The example_kubernetes_executor example DAG requires the kubernetes provider. Please install it with: pip install apache-airflow[cncf.kubernetes]
[2025-03-22T10:37:35.836+0500] {processor.py:927} WARNING - No viable dags retrieved from /home/ruslan/.local/lib/python3.10/site-packages/airflow/example_dags/example_kubernetes_executor.py
[2025-03-22T10:37:35.842+0500] {processor.py:208} INFO - Processing /home/ruslan/.local/lib/python3.10/site-packages/airflow/example_dags/example_kubernetes_executor.py took 0.015 seconds
[2025-03-22T10:39:04.209+0500] {processor.py:186} INFO - Started process (PID=38722) to work on /home/ruslan/.local/lib/python3.10/site-packages/airflow/example_dags/example_kubernetes_executor.py
[2025-03-22T10:39:04.210+0500] {processor.py:914} INFO - Processing file /home/ruslan/.local/lib/python3.10/site-packages/airflow/example_dags/example_kubernetes_executor.py for tasks to queue
[2025-03-22T10:39:04.212+0500] {logging_mixin.py:190} INFO - [2025-03-22T10:39:04.211+0500] {dagbag.py:588} INFO - Filling up the DagBag from /home/ruslan/.local/lib/python3.10/site-packages/airflow/example_dags/example_kubernetes_executor.py
[2025-03-22T10:39:04.214+0500] {logging_mixin.py:190} INFO - [2025-03-22T10:39:04.214+0500] {example_kubernetes_executor.py:39} WARNING - The example_kubernetes_executor example DAG requires the kubernetes provider. Please install it with: pip install apache-airflow[cncf.kubernetes]
[2025-03-22T10:39:04.214+0500] {processor.py:927} WARNING - No viable dags retrieved from /home/ruslan/.local/lib/python3.10/site-packages/airflow/example_dags/example_kubernetes_executor.py
[2025-03-22T10:39:04.220+0500] {processor.py:208} INFO - Processing /home/ruslan/.local/lib/python3.10/site-packages/airflow/example_dags/example_kubernetes_executor.py took 0.015 seconds
[2025-03-22T10:39:57.316+0500] {processor.py:186} INFO - Started process (PID=39417) to work on /home/ruslan/.local/lib/python3.10/site-packages/airflow/example_dags/example_kubernetes_executor.py
[2025-03-22T10:39:57.317+0500] {processor.py:914} INFO - Processing file /home/ruslan/.local/lib/python3.10/site-packages/airflow/example_dags/example_kubernetes_executor.py for tasks to queue
[2025-03-22T10:39:57.318+0500] {logging_mixin.py:190} INFO - [2025-03-22T10:39:57.318+0500] {dagbag.py:588} INFO - Filling up the DagBag from /home/ruslan/.local/lib/python3.10/site-packages/airflow/example_dags/example_kubernetes_executor.py
[2025-03-22T10:39:57.320+0500] {logging_mixin.py:190} INFO - [2025-03-22T10:39:57.320+0500] {example_kubernetes_executor.py:39} WARNING - The example_kubernetes_executor example DAG requires the kubernetes provider. Please install it with: pip install apache-airflow[cncf.kubernetes]
[2025-03-22T10:39:57.320+0500] {processor.py:927} WARNING - No viable dags retrieved from /home/ruslan/.local/lib/python3.10/site-packages/airflow/example_dags/example_kubernetes_executor.py
[2025-03-22T10:39:57.325+0500] {processor.py:208} INFO - Processing /home/ruslan/.local/lib/python3.10/site-packages/airflow/example_dags/example_kubernetes_executor.py took 0.013 seconds
[2025-03-22T10:40:55.735+0500] {processor.py:186} INFO - Started process (PID=40051) to work on /home/ruslan/.local/lib/python3.10/site-packages/airflow/example_dags/example_kubernetes_executor.py
[2025-03-22T10:40:55.736+0500] {processor.py:914} INFO - Processing file /home/ruslan/.local/lib/python3.10/site-packages/airflow/example_dags/example_kubernetes_executor.py for tasks to queue
[2025-03-22T10:40:55.737+0500] {logging_mixin.py:190} INFO - [2025-03-22T10:40:55.737+0500] {dagbag.py:588} INFO - Filling up the DagBag from /home/ruslan/.local/lib/python3.10/site-packages/airflow/example_dags/example_kubernetes_executor.py
[2025-03-22T10:40:55.739+0500] {logging_mixin.py:190} INFO - [2025-03-22T10:40:55.739+0500] {example_kubernetes_executor.py:39} WARNING - The example_kubernetes_executor example DAG requires the kubernetes provider. Please install it with: pip install apache-airflow[cncf.kubernetes]
[2025-03-22T10:40:55.739+0500] {processor.py:927} WARNING - No viable dags retrieved from /home/ruslan/.local/lib/python3.10/site-packages/airflow/example_dags/example_kubernetes_executor.py
[2025-03-22T10:40:55.745+0500] {processor.py:208} INFO - Processing /home/ruslan/.local/lib/python3.10/site-packages/airflow/example_dags/example_kubernetes_executor.py took 0.014 seconds
[2025-03-22T10:41:55.238+0500] {processor.py:186} INFO - Started process (PID=40874) to work on /home/ruslan/.local/lib/python3.10/site-packages/airflow/example_dags/example_kubernetes_executor.py
[2025-03-22T10:41:55.239+0500] {processor.py:914} INFO - Processing file /home/ruslan/.local/lib/python3.10/site-packages/airflow/example_dags/example_kubernetes_executor.py for tasks to queue
[2025-03-22T10:41:55.240+0500] {logging_mixin.py:190} INFO - [2025-03-22T10:41:55.240+0500] {dagbag.py:588} INFO - Filling up the DagBag from /home/ruslan/.local/lib/python3.10/site-packages/airflow/example_dags/example_kubernetes_executor.py
[2025-03-22T10:41:55.242+0500] {logging_mixin.py:190} INFO - [2025-03-22T10:41:55.242+0500] {example_kubernetes_executor.py:39} WARNING - The example_kubernetes_executor example DAG requires the kubernetes provider. Please install it with: pip install apache-airflow[cncf.kubernetes]
[2025-03-22T10:41:55.242+0500] {processor.py:927} WARNING - No viable dags retrieved from /home/ruslan/.local/lib/python3.10/site-packages/airflow/example_dags/example_kubernetes_executor.py
[2025-03-22T10:41:55.248+0500] {processor.py:208} INFO - Processing /home/ruslan/.local/lib/python3.10/site-packages/airflow/example_dags/example_kubernetes_executor.py took 0.013 seconds
[2025-03-22T10:42:50.550+0500] {processor.py:186} INFO - Started process (PID=41499) to work on /home/ruslan/.local/lib/python3.10/site-packages/airflow/example_dags/example_kubernetes_executor.py
[2025-03-22T10:42:50.551+0500] {processor.py:914} INFO - Processing file /home/ruslan/.local/lib/python3.10/site-packages/airflow/example_dags/example_kubernetes_executor.py for tasks to queue
[2025-03-22T10:42:50.553+0500] {logging_mixin.py:190} INFO - [2025-03-22T10:42:50.553+0500] {dagbag.py:588} INFO - Filling up the DagBag from /home/ruslan/.local/lib/python3.10/site-packages/airflow/example_dags/example_kubernetes_executor.py
[2025-03-22T10:42:50.555+0500] {logging_mixin.py:190} INFO - [2025-03-22T10:42:50.554+0500] {example_kubernetes_executor.py:39} WARNING - The example_kubernetes_executor example DAG requires the kubernetes provider. Please install it with: pip install apache-airflow[cncf.kubernetes]
[2025-03-22T10:42:50.555+0500] {processor.py:927} WARNING - No viable dags retrieved from /home/ruslan/.local/lib/python3.10/site-packages/airflow/example_dags/example_kubernetes_executor.py
[2025-03-22T10:42:50.560+0500] {processor.py:208} INFO - Processing /home/ruslan/.local/lib/python3.10/site-packages/airflow/example_dags/example_kubernetes_executor.py took 0.013 seconds
[2025-03-22T10:43:46.329+0500] {processor.py:186} INFO - Started process (PID=42202) to work on /home/ruslan/.local/lib/python3.10/site-packages/airflow/example_dags/example_kubernetes_executor.py
[2025-03-22T10:43:46.330+0500] {processor.py:914} INFO - Processing file /home/ruslan/.local/lib/python3.10/site-packages/airflow/example_dags/example_kubernetes_executor.py for tasks to queue
[2025-03-22T10:43:46.332+0500] {logging_mixin.py:190} INFO - [2025-03-22T10:43:46.331+0500] {dagbag.py:588} INFO - Filling up the DagBag from /home/ruslan/.local/lib/python3.10/site-packages/airflow/example_dags/example_kubernetes_executor.py
[2025-03-22T10:43:46.334+0500] {logging_mixin.py:190} INFO - [2025-03-22T10:43:46.333+0500] {example_kubernetes_executor.py:39} WARNING - The example_kubernetes_executor example DAG requires the kubernetes provider. Please install it with: pip install apache-airflow[cncf.kubernetes]
[2025-03-22T10:43:46.334+0500] {processor.py:927} WARNING - No viable dags retrieved from /home/ruslan/.local/lib/python3.10/site-packages/airflow/example_dags/example_kubernetes_executor.py
[2025-03-22T10:43:46.339+0500] {processor.py:208} INFO - Processing /home/ruslan/.local/lib/python3.10/site-packages/airflow/example_dags/example_kubernetes_executor.py took 0.014 seconds
[2025-03-22T10:44:42.106+0500] {processor.py:186} INFO - Started process (PID=42921) to work on /home/ruslan/.local/lib/python3.10/site-packages/airflow/example_dags/example_kubernetes_executor.py
[2025-03-22T10:44:42.107+0500] {processor.py:914} INFO - Processing file /home/ruslan/.local/lib/python3.10/site-packages/airflow/example_dags/example_kubernetes_executor.py for tasks to queue
[2025-03-22T10:44:42.109+0500] {logging_mixin.py:190} INFO - [2025-03-22T10:44:42.109+0500] {dagbag.py:588} INFO - Filling up the DagBag from /home/ruslan/.local/lib/python3.10/site-packages/airflow/example_dags/example_kubernetes_executor.py
[2025-03-22T10:44:42.110+0500] {logging_mixin.py:190} INFO - [2025-03-22T10:44:42.110+0500] {example_kubernetes_executor.py:39} WARNING - The example_kubernetes_executor example DAG requires the kubernetes provider. Please install it with: pip install apache-airflow[cncf.kubernetes]
[2025-03-22T10:44:42.111+0500] {processor.py:927} WARNING - No viable dags retrieved from /home/ruslan/.local/lib/python3.10/site-packages/airflow/example_dags/example_kubernetes_executor.py
[2025-03-22T10:44:42.116+0500] {processor.py:208} INFO - Processing /home/ruslan/.local/lib/python3.10/site-packages/airflow/example_dags/example_kubernetes_executor.py took 0.014 seconds
[2025-03-22T10:45:35.950+0500] {processor.py:186} INFO - Started process (PID=43518) to work on /home/ruslan/.local/lib/python3.10/site-packages/airflow/example_dags/example_kubernetes_executor.py
[2025-03-22T10:45:35.951+0500] {processor.py:914} INFO - Processing file /home/ruslan/.local/lib/python3.10/site-packages/airflow/example_dags/example_kubernetes_executor.py for tasks to queue
[2025-03-22T10:45:35.953+0500] {logging_mixin.py:190} INFO - [2025-03-22T10:45:35.952+0500] {dagbag.py:588} INFO - Filling up the DagBag from /home/ruslan/.local/lib/python3.10/site-packages/airflow/example_dags/example_kubernetes_executor.py
[2025-03-22T10:45:35.954+0500] {logging_mixin.py:190} INFO - [2025-03-22T10:45:35.954+0500] {example_kubernetes_executor.py:39} WARNING - The example_kubernetes_executor example DAG requires the kubernetes provider. Please install it with: pip install apache-airflow[cncf.kubernetes]
[2025-03-22T10:45:35.955+0500] {processor.py:927} WARNING - No viable dags retrieved from /home/ruslan/.local/lib/python3.10/site-packages/airflow/example_dags/example_kubernetes_executor.py
[2025-03-22T10:45:35.961+0500] {processor.py:208} INFO - Processing /home/ruslan/.local/lib/python3.10/site-packages/airflow/example_dags/example_kubernetes_executor.py took 0.014 seconds
[2025-03-22T10:46:31.933+0500] {processor.py:186} INFO - Started process (PID=44240) to work on /home/ruslan/.local/lib/python3.10/site-packages/airflow/example_dags/example_kubernetes_executor.py
[2025-03-22T10:46:31.934+0500] {processor.py:914} INFO - Processing file /home/ruslan/.local/lib/python3.10/site-packages/airflow/example_dags/example_kubernetes_executor.py for tasks to queue
[2025-03-22T10:46:31.936+0500] {logging_mixin.py:190} INFO - [2025-03-22T10:46:31.935+0500] {dagbag.py:588} INFO - Filling up the DagBag from /home/ruslan/.local/lib/python3.10/site-packages/airflow/example_dags/example_kubernetes_executor.py
[2025-03-22T10:46:31.937+0500] {logging_mixin.py:190} INFO - [2025-03-22T10:46:31.937+0500] {example_kubernetes_executor.py:39} WARNING - The example_kubernetes_executor example DAG requires the kubernetes provider. Please install it with: pip install apache-airflow[cncf.kubernetes]
[2025-03-22T10:46:31.938+0500] {processor.py:927} WARNING - No viable dags retrieved from /home/ruslan/.local/lib/python3.10/site-packages/airflow/example_dags/example_kubernetes_executor.py
[2025-03-22T10:46:31.943+0500] {processor.py:208} INFO - Processing /home/ruslan/.local/lib/python3.10/site-packages/airflow/example_dags/example_kubernetes_executor.py took 0.014 seconds
[2025-03-22T10:47:30.063+0500] {processor.py:186} INFO - Started process (PID=44976) to work on /home/ruslan/.local/lib/python3.10/site-packages/airflow/example_dags/example_kubernetes_executor.py
[2025-03-22T10:47:30.064+0500] {processor.py:914} INFO - Processing file /home/ruslan/.local/lib/python3.10/site-packages/airflow/example_dags/example_kubernetes_executor.py for tasks to queue
[2025-03-22T10:47:30.066+0500] {logging_mixin.py:190} INFO - [2025-03-22T10:47:30.065+0500] {dagbag.py:588} INFO - Filling up the DagBag from /home/ruslan/.local/lib/python3.10/site-packages/airflow/example_dags/example_kubernetes_executor.py
[2025-03-22T10:47:30.067+0500] {logging_mixin.py:190} INFO - [2025-03-22T10:47:30.067+0500] {example_kubernetes_executor.py:39} WARNING - The example_kubernetes_executor example DAG requires the kubernetes provider. Please install it with: pip install apache-airflow[cncf.kubernetes]
[2025-03-22T10:47:30.068+0500] {processor.py:927} WARNING - No viable dags retrieved from /home/ruslan/.local/lib/python3.10/site-packages/airflow/example_dags/example_kubernetes_executor.py
[2025-03-22T10:47:30.073+0500] {processor.py:208} INFO - Processing /home/ruslan/.local/lib/python3.10/site-packages/airflow/example_dags/example_kubernetes_executor.py took 0.014 seconds
[2025-03-22T10:48:24.510+0500] {processor.py:186} INFO - Started process (PID=45705) to work on /home/ruslan/.local/lib/python3.10/site-packages/airflow/example_dags/example_kubernetes_executor.py
[2025-03-22T10:48:24.512+0500] {processor.py:914} INFO - Processing file /home/ruslan/.local/lib/python3.10/site-packages/airflow/example_dags/example_kubernetes_executor.py for tasks to queue
[2025-03-22T10:48:24.513+0500] {logging_mixin.py:190} INFO - [2025-03-22T10:48:24.513+0500] {dagbag.py:588} INFO - Filling up the DagBag from /home/ruslan/.local/lib/python3.10/site-packages/airflow/example_dags/example_kubernetes_executor.py
[2025-03-22T10:48:24.515+0500] {logging_mixin.py:190} INFO - [2025-03-22T10:48:24.515+0500] {example_kubernetes_executor.py:39} WARNING - The example_kubernetes_executor example DAG requires the kubernetes provider. Please install it with: pip install apache-airflow[cncf.kubernetes]
[2025-03-22T10:48:24.515+0500] {processor.py:927} WARNING - No viable dags retrieved from /home/ruslan/.local/lib/python3.10/site-packages/airflow/example_dags/example_kubernetes_executor.py
[2025-03-22T10:48:24.521+0500] {processor.py:208} INFO - Processing /home/ruslan/.local/lib/python3.10/site-packages/airflow/example_dags/example_kubernetes_executor.py took 0.014 seconds
[2025-03-22T12:47:06.653+0500] {processor.py:186} INFO - Started process (PID=1014) to work on /home/ruslan/.local/lib/python3.10/site-packages/airflow/example_dags/example_kubernetes_executor.py
[2025-03-22T12:47:06.654+0500] {processor.py:914} INFO - Processing file /home/ruslan/.local/lib/python3.10/site-packages/airflow/example_dags/example_kubernetes_executor.py for tasks to queue
[2025-03-22T12:47:06.656+0500] {logging_mixin.py:190} INFO - [2025-03-22T12:47:06.655+0500] {dagbag.py:588} INFO - Filling up the DagBag from /home/ruslan/.local/lib/python3.10/site-packages/airflow/example_dags/example_kubernetes_executor.py
[2025-03-22T12:47:06.657+0500] {logging_mixin.py:190} INFO - [2025-03-22T12:47:06.657+0500] {example_kubernetes_executor.py:39} WARNING - The example_kubernetes_executor example DAG requires the kubernetes provider. Please install it with: pip install apache-airflow[cncf.kubernetes]
[2025-03-22T12:47:06.657+0500] {processor.py:927} WARNING - No viable dags retrieved from /home/ruslan/.local/lib/python3.10/site-packages/airflow/example_dags/example_kubernetes_executor.py
[2025-03-22T12:47:06.663+0500] {processor.py:208} INFO - Processing /home/ruslan/.local/lib/python3.10/site-packages/airflow/example_dags/example_kubernetes_executor.py took 0.013 seconds
[2025-03-22T12:48:03.541+0500] {processor.py:186} INFO - Started process (PID=6262) to work on /home/ruslan/.local/lib/python3.10/site-packages/airflow/example_dags/example_kubernetes_executor.py
[2025-03-22T12:48:03.542+0500] {processor.py:914} INFO - Processing file /home/ruslan/.local/lib/python3.10/site-packages/airflow/example_dags/example_kubernetes_executor.py for tasks to queue
[2025-03-22T12:48:03.543+0500] {logging_mixin.py:190} INFO - [2025-03-22T12:48:03.543+0500] {dagbag.py:588} INFO - Filling up the DagBag from /home/ruslan/.local/lib/python3.10/site-packages/airflow/example_dags/example_kubernetes_executor.py
[2025-03-22T12:48:03.545+0500] {logging_mixin.py:190} INFO - [2025-03-22T12:48:03.545+0500] {example_kubernetes_executor.py:39} WARNING - The example_kubernetes_executor example DAG requires the kubernetes provider. Please install it with: pip install apache-airflow[cncf.kubernetes]
[2025-03-22T12:48:03.545+0500] {processor.py:927} WARNING - No viable dags retrieved from /home/ruslan/.local/lib/python3.10/site-packages/airflow/example_dags/example_kubernetes_executor.py
[2025-03-22T12:48:03.551+0500] {processor.py:208} INFO - Processing /home/ruslan/.local/lib/python3.10/site-packages/airflow/example_dags/example_kubernetes_executor.py took 0.014 seconds
[2025-03-22T12:48:59.100+0500] {processor.py:186} INFO - Started process (PID=6961) to work on /home/ruslan/.local/lib/python3.10/site-packages/airflow/example_dags/example_kubernetes_executor.py
[2025-03-22T12:48:59.102+0500] {processor.py:914} INFO - Processing file /home/ruslan/.local/lib/python3.10/site-packages/airflow/example_dags/example_kubernetes_executor.py for tasks to queue
[2025-03-22T12:48:59.103+0500] {logging_mixin.py:190} INFO - [2025-03-22T12:48:59.103+0500] {dagbag.py:588} INFO - Filling up the DagBag from /home/ruslan/.local/lib/python3.10/site-packages/airflow/example_dags/example_kubernetes_executor.py
[2025-03-22T12:48:59.104+0500] {logging_mixin.py:190} INFO - [2025-03-22T12:48:59.104+0500] {example_kubernetes_executor.py:39} WARNING - The example_kubernetes_executor example DAG requires the kubernetes provider. Please install it with: pip install apache-airflow[cncf.kubernetes]
[2025-03-22T12:48:59.105+0500] {processor.py:927} WARNING - No viable dags retrieved from /home/ruslan/.local/lib/python3.10/site-packages/airflow/example_dags/example_kubernetes_executor.py
[2025-03-22T12:48:59.109+0500] {processor.py:208} INFO - Processing /home/ruslan/.local/lib/python3.10/site-packages/airflow/example_dags/example_kubernetes_executor.py took 0.013 seconds
[2025-03-22T12:49:53.488+0500] {processor.py:186} INFO - Started process (PID=7637) to work on /home/ruslan/.local/lib/python3.10/site-packages/airflow/example_dags/example_kubernetes_executor.py
[2025-03-22T12:49:53.489+0500] {processor.py:914} INFO - Processing file /home/ruslan/.local/lib/python3.10/site-packages/airflow/example_dags/example_kubernetes_executor.py for tasks to queue
[2025-03-22T12:49:53.490+0500] {logging_mixin.py:190} INFO - [2025-03-22T12:49:53.490+0500] {dagbag.py:588} INFO - Filling up the DagBag from /home/ruslan/.local/lib/python3.10/site-packages/airflow/example_dags/example_kubernetes_executor.py
[2025-03-22T12:49:53.492+0500] {logging_mixin.py:190} INFO - [2025-03-22T12:49:53.492+0500] {example_kubernetes_executor.py:39} WARNING - The example_kubernetes_executor example DAG requires the kubernetes provider. Please install it with: pip install apache-airflow[cncf.kubernetes]
[2025-03-22T12:49:53.492+0500] {processor.py:927} WARNING - No viable dags retrieved from /home/ruslan/.local/lib/python3.10/site-packages/airflow/example_dags/example_kubernetes_executor.py
[2025-03-22T12:49:53.497+0500] {processor.py:208} INFO - Processing /home/ruslan/.local/lib/python3.10/site-packages/airflow/example_dags/example_kubernetes_executor.py took 0.012 seconds
[2025-03-22T12:51:13.756+0500] {processor.py:186} INFO - Started process (PID=8720) to work on /home/ruslan/.local/lib/python3.10/site-packages/airflow/example_dags/example_kubernetes_executor.py
[2025-03-22T12:51:13.757+0500] {processor.py:914} INFO - Processing file /home/ruslan/.local/lib/python3.10/site-packages/airflow/example_dags/example_kubernetes_executor.py for tasks to queue
[2025-03-22T12:51:13.758+0500] {logging_mixin.py:190} INFO - [2025-03-22T12:51:13.758+0500] {dagbag.py:588} INFO - Filling up the DagBag from /home/ruslan/.local/lib/python3.10/site-packages/airflow/example_dags/example_kubernetes_executor.py
[2025-03-22T12:51:13.760+0500] {logging_mixin.py:190} INFO - [2025-03-22T12:51:13.759+0500] {example_kubernetes_executor.py:39} WARNING - The example_kubernetes_executor example DAG requires the kubernetes provider. Please install it with: pip install apache-airflow[cncf.kubernetes]
[2025-03-22T12:51:13.760+0500] {processor.py:927} WARNING - No viable dags retrieved from /home/ruslan/.local/lib/python3.10/site-packages/airflow/example_dags/example_kubernetes_executor.py
[2025-03-22T12:51:13.765+0500] {processor.py:208} INFO - Processing /home/ruslan/.local/lib/python3.10/site-packages/airflow/example_dags/example_kubernetes_executor.py took 0.012 seconds
