[2025-03-22T10:06:57.026+0500] {processor.py:186} INFO - Started process (PID=17655) to work on /home/ruslan/.local/lib/python3.10/site-packages/airflow/example_dags/example_params_trigger_ui.py
[2025-03-22T10:06:57.027+0500] {processor.py:914} INFO - Processing file /home/ruslan/.local/lib/python3.10/site-packages/airflow/example_dags/example_params_trigger_ui.py for tasks to queue
[2025-03-22T10:06:57.028+0500] {logging_mixin.py:190} INFO - [2025-03-22T10:06:57.028+0500] {dagbag.py:588} INFO - Filling up the DagBag from /home/ruslan/.local/lib/python3.10/site-packages/airflow/example_dags/example_params_trigger_ui.py
[2025-03-22T10:06:57.036+0500] {processor.py:925} INFO - DAG(s) 'example_params_trigger_ui' retrieved from /home/ruslan/.local/lib/python3.10/site-packages/airflow/example_dags/example_params_trigger_ui.py
[2025-03-22T10:06:57.132+0500] {logging_mixin.py:190} INFO - [2025-03-22T10:06:57.132+0500] {override.py:1930} INFO - Created Permission View: can delete on DAG:example_params_trigger_ui
[2025-03-22T10:06:57.141+0500] {logging_mixin.py:190} INFO - [2025-03-22T10:06:57.141+0500] {override.py:1930} INFO - Created Permission View: can read on DAG:example_params_trigger_ui
[2025-03-22T10:06:57.149+0500] {logging_mixin.py:190} INFO - [2025-03-22T10:06:57.148+0500] {override.py:1930} INFO - Created Permission View: can edit on DAG:example_params_trigger_ui
[2025-03-22T10:06:57.160+0500] {logging_mixin.py:190} INFO - [2025-03-22T10:06:57.160+0500] {override.py:1930} INFO - Created Permission View: can create on DAG Run:example_params_trigger_ui
[2025-03-22T10:06:57.168+0500] {logging_mixin.py:190} INFO - [2025-03-22T10:06:57.167+0500] {override.py:1930} INFO - Created Permission View: menu access on DAG Run:example_params_trigger_ui
[2025-03-22T10:06:57.175+0500] {logging_mixin.py:190} INFO - [2025-03-22T10:06:57.175+0500] {override.py:1930} INFO - Created Permission View: can read on DAG Run:example_params_trigger_ui
[2025-03-22T10:06:57.182+0500] {logging_mixin.py:190} INFO - [2025-03-22T10:06:57.182+0500] {override.py:1930} INFO - Created Permission View: can delete on DAG Run:example_params_trigger_ui
[2025-03-22T10:06:57.183+0500] {logging_mixin.py:190} INFO - [2025-03-22T10:06:57.183+0500] {dag.py:3239} INFO - Sync 1 DAGs
[2025-03-22T10:06:57.190+0500] {logging_mixin.py:190} INFO - [2025-03-22T10:06:57.190+0500] {dag.py:3262} INFO - Creating ORM DAG for example_params_trigger_ui
[2025-03-22T10:06:57.191+0500] {logging_mixin.py:190} INFO - [2025-03-22T10:06:57.190+0500] {dag.py:4180} INFO - Setting next_dagrun for example_params_trigger_ui to None, run_after=None
[2025-03-22T10:06:57.205+0500] {processor.py:208} INFO - Processing /home/ruslan/.local/lib/python3.10/site-packages/airflow/example_dags/example_params_trigger_ui.py took 0.183 seconds
[2025-03-22T10:07:58.228+0500] {processor.py:186} INFO - Started process (PID=18333) to work on /home/ruslan/.local/lib/python3.10/site-packages/airflow/example_dags/example_params_trigger_ui.py
[2025-03-22T10:07:58.229+0500] {processor.py:914} INFO - Processing file /home/ruslan/.local/lib/python3.10/site-packages/airflow/example_dags/example_params_trigger_ui.py for tasks to queue
[2025-03-22T10:07:58.230+0500] {logging_mixin.py:190} INFO - [2025-03-22T10:07:58.230+0500] {dagbag.py:588} INFO - Filling up the DagBag from /home/ruslan/.local/lib/python3.10/site-packages/airflow/example_dags/example_params_trigger_ui.py
[2025-03-22T10:07:58.237+0500] {processor.py:925} INFO - DAG(s) 'example_params_trigger_ui' retrieved from /home/ruslan/.local/lib/python3.10/site-packages/airflow/example_dags/example_params_trigger_ui.py
[2025-03-22T10:07:58.260+0500] {logging_mixin.py:190} INFO - [2025-03-22T10:07:58.260+0500] {dag.py:3239} INFO - Sync 1 DAGs
[2025-03-22T10:07:58.267+0500] {logging_mixin.py:190} INFO - [2025-03-22T10:07:58.267+0500] {dag.py:4180} INFO - Setting next_dagrun for example_params_trigger_ui to None, run_after=None
[2025-03-22T10:07:58.282+0500] {processor.py:208} INFO - Processing /home/ruslan/.local/lib/python3.10/site-packages/airflow/example_dags/example_params_trigger_ui.py took 0.058 seconds
[2025-03-22T10:08:54.269+0500] {processor.py:186} INFO - Started process (PID=18930) to work on /home/ruslan/.local/lib/python3.10/site-packages/airflow/example_dags/example_params_trigger_ui.py
[2025-03-22T10:08:54.270+0500] {processor.py:914} INFO - Processing file /home/ruslan/.local/lib/python3.10/site-packages/airflow/example_dags/example_params_trigger_ui.py for tasks to queue
[2025-03-22T10:08:54.271+0500] {logging_mixin.py:190} INFO - [2025-03-22T10:08:54.271+0500] {dagbag.py:588} INFO - Filling up the DagBag from /home/ruslan/.local/lib/python3.10/site-packages/airflow/example_dags/example_params_trigger_ui.py
[2025-03-22T10:08:54.278+0500] {processor.py:925} INFO - DAG(s) 'example_params_trigger_ui' retrieved from /home/ruslan/.local/lib/python3.10/site-packages/airflow/example_dags/example_params_trigger_ui.py
[2025-03-22T10:08:54.298+0500] {logging_mixin.py:190} INFO - [2025-03-22T10:08:54.298+0500] {dag.py:3239} INFO - Sync 1 DAGs
[2025-03-22T10:08:54.305+0500] {logging_mixin.py:190} INFO - [2025-03-22T10:08:54.305+0500] {dag.py:4180} INFO - Setting next_dagrun for example_params_trigger_ui to None, run_after=None
[2025-03-22T10:08:54.320+0500] {processor.py:208} INFO - Processing /home/ruslan/.local/lib/python3.10/site-packages/airflow/example_dags/example_params_trigger_ui.py took 0.055 seconds
[2025-03-22T10:09:46.694+0500] {processor.py:186} INFO - Started process (PID=19426) to work on /home/ruslan/.local/lib/python3.10/site-packages/airflow/example_dags/example_params_trigger_ui.py
[2025-03-22T10:09:46.695+0500] {processor.py:914} INFO - Processing file /home/ruslan/.local/lib/python3.10/site-packages/airflow/example_dags/example_params_trigger_ui.py for tasks to queue
[2025-03-22T10:09:46.697+0500] {logging_mixin.py:190} INFO - [2025-03-22T10:09:46.697+0500] {dagbag.py:588} INFO - Filling up the DagBag from /home/ruslan/.local/lib/python3.10/site-packages/airflow/example_dags/example_params_trigger_ui.py
[2025-03-22T10:09:46.703+0500] {processor.py:925} INFO - DAG(s) 'example_params_trigger_ui' retrieved from /home/ruslan/.local/lib/python3.10/site-packages/airflow/example_dags/example_params_trigger_ui.py
[2025-03-22T10:09:46.724+0500] {logging_mixin.py:190} INFO - [2025-03-22T10:09:46.723+0500] {dag.py:3239} INFO - Sync 1 DAGs
[2025-03-22T10:09:46.732+0500] {logging_mixin.py:190} INFO - [2025-03-22T10:09:46.731+0500] {dag.py:4180} INFO - Setting next_dagrun for example_params_trigger_ui to None, run_after=None
[2025-03-22T10:09:46.751+0500] {processor.py:208} INFO - Processing /home/ruslan/.local/lib/python3.10/site-packages/airflow/example_dags/example_params_trigger_ui.py took 0.060 seconds
[2025-03-22T10:10:42.384+0500] {processor.py:186} INFO - Started process (PID=20013) to work on /home/ruslan/.local/lib/python3.10/site-packages/airflow/example_dags/example_params_trigger_ui.py
[2025-03-22T10:10:42.385+0500] {processor.py:914} INFO - Processing file /home/ruslan/.local/lib/python3.10/site-packages/airflow/example_dags/example_params_trigger_ui.py for tasks to queue
[2025-03-22T10:10:42.386+0500] {logging_mixin.py:190} INFO - [2025-03-22T10:10:42.386+0500] {dagbag.py:588} INFO - Filling up the DagBag from /home/ruslan/.local/lib/python3.10/site-packages/airflow/example_dags/example_params_trigger_ui.py
[2025-03-22T10:10:42.393+0500] {processor.py:925} INFO - DAG(s) 'example_params_trigger_ui' retrieved from /home/ruslan/.local/lib/python3.10/site-packages/airflow/example_dags/example_params_trigger_ui.py
[2025-03-22T10:10:42.417+0500] {logging_mixin.py:190} INFO - [2025-03-22T10:10:42.416+0500] {dag.py:3239} INFO - Sync 1 DAGs
[2025-03-22T10:10:42.424+0500] {logging_mixin.py:190} INFO - [2025-03-22T10:10:42.424+0500] {dag.py:4180} INFO - Setting next_dagrun for example_params_trigger_ui to None, run_after=None
[2025-03-22T10:10:42.441+0500] {processor.py:208} INFO - Processing /home/ruslan/.local/lib/python3.10/site-packages/airflow/example_dags/example_params_trigger_ui.py took 0.061 seconds
[2025-03-22T10:11:36.282+0500] {processor.py:186} INFO - Started process (PID=20608) to work on /home/ruslan/.local/lib/python3.10/site-packages/airflow/example_dags/example_params_trigger_ui.py
[2025-03-22T10:11:36.284+0500] {processor.py:914} INFO - Processing file /home/ruslan/.local/lib/python3.10/site-packages/airflow/example_dags/example_params_trigger_ui.py for tasks to queue
[2025-03-22T10:11:36.285+0500] {logging_mixin.py:190} INFO - [2025-03-22T10:11:36.285+0500] {dagbag.py:588} INFO - Filling up the DagBag from /home/ruslan/.local/lib/python3.10/site-packages/airflow/example_dags/example_params_trigger_ui.py
[2025-03-22T10:11:36.292+0500] {processor.py:925} INFO - DAG(s) 'example_params_trigger_ui' retrieved from /home/ruslan/.local/lib/python3.10/site-packages/airflow/example_dags/example_params_trigger_ui.py
[2025-03-22T10:11:36.313+0500] {logging_mixin.py:190} INFO - [2025-03-22T10:11:36.313+0500] {dag.py:3239} INFO - Sync 1 DAGs
[2025-03-22T10:11:36.320+0500] {logging_mixin.py:190} INFO - [2025-03-22T10:11:36.320+0500] {dag.py:4180} INFO - Setting next_dagrun for example_params_trigger_ui to None, run_after=None
[2025-03-22T10:11:36.335+0500] {processor.py:208} INFO - Processing /home/ruslan/.local/lib/python3.10/site-packages/airflow/example_dags/example_params_trigger_ui.py took 0.057 seconds
[2025-03-22T10:12:27.603+0500] {processor.py:186} INFO - Started process (PID=21121) to work on /home/ruslan/.local/lib/python3.10/site-packages/airflow/example_dags/example_params_trigger_ui.py
[2025-03-22T10:12:27.604+0500] {processor.py:914} INFO - Processing file /home/ruslan/.local/lib/python3.10/site-packages/airflow/example_dags/example_params_trigger_ui.py for tasks to queue
[2025-03-22T10:12:27.606+0500] {logging_mixin.py:190} INFO - [2025-03-22T10:12:27.605+0500] {dagbag.py:588} INFO - Filling up the DagBag from /home/ruslan/.local/lib/python3.10/site-packages/airflow/example_dags/example_params_trigger_ui.py
[2025-03-22T10:12:27.615+0500] {processor.py:925} INFO - DAG(s) 'example_params_trigger_ui' retrieved from /home/ruslan/.local/lib/python3.10/site-packages/airflow/example_dags/example_params_trigger_ui.py
[2025-03-22T10:12:27.641+0500] {logging_mixin.py:190} INFO - [2025-03-22T10:12:27.640+0500] {dag.py:3239} INFO - Sync 1 DAGs
[2025-03-22T10:12:27.649+0500] {logging_mixin.py:190} INFO - [2025-03-22T10:12:27.649+0500] {dag.py:4180} INFO - Setting next_dagrun for example_params_trigger_ui to None, run_after=None
[2025-03-22T10:12:27.667+0500] {processor.py:208} INFO - Processing /home/ruslan/.local/lib/python3.10/site-packages/airflow/example_dags/example_params_trigger_ui.py took 0.069 seconds
[2025-03-22T10:13:17.845+0500] {processor.py:186} INFO - Started process (PID=21698) to work on /home/ruslan/.local/lib/python3.10/site-packages/airflow/example_dags/example_params_trigger_ui.py
[2025-03-22T10:13:17.846+0500] {processor.py:914} INFO - Processing file /home/ruslan/.local/lib/python3.10/site-packages/airflow/example_dags/example_params_trigger_ui.py for tasks to queue
[2025-03-22T10:13:17.847+0500] {logging_mixin.py:190} INFO - [2025-03-22T10:13:17.847+0500] {dagbag.py:588} INFO - Filling up the DagBag from /home/ruslan/.local/lib/python3.10/site-packages/airflow/example_dags/example_params_trigger_ui.py
[2025-03-22T10:13:17.854+0500] {processor.py:925} INFO - DAG(s) 'example_params_trigger_ui' retrieved from /home/ruslan/.local/lib/python3.10/site-packages/airflow/example_dags/example_params_trigger_ui.py
[2025-03-22T10:13:17.883+0500] {logging_mixin.py:190} INFO - [2025-03-22T10:13:17.883+0500] {dag.py:3239} INFO - Sync 1 DAGs
[2025-03-22T10:13:17.894+0500] {logging_mixin.py:190} INFO - [2025-03-22T10:13:17.891+0500] {dag.py:4180} INFO - Setting next_dagrun for example_params_trigger_ui to None, run_after=None
[2025-03-22T10:13:17.913+0500] {processor.py:208} INFO - Processing /home/ruslan/.local/lib/python3.10/site-packages/airflow/example_dags/example_params_trigger_ui.py took 0.073 seconds
[2025-03-22T10:14:10.648+0500] {processor.py:186} INFO - Started process (PID=22196) to work on /home/ruslan/.local/lib/python3.10/site-packages/airflow/example_dags/example_params_trigger_ui.py
[2025-03-22T10:14:10.649+0500] {processor.py:914} INFO - Processing file /home/ruslan/.local/lib/python3.10/site-packages/airflow/example_dags/example_params_trigger_ui.py for tasks to queue
[2025-03-22T10:14:10.650+0500] {logging_mixin.py:190} INFO - [2025-03-22T10:14:10.650+0500] {dagbag.py:588} INFO - Filling up the DagBag from /home/ruslan/.local/lib/python3.10/site-packages/airflow/example_dags/example_params_trigger_ui.py
[2025-03-22T10:14:10.657+0500] {processor.py:925} INFO - DAG(s) 'example_params_trigger_ui' retrieved from /home/ruslan/.local/lib/python3.10/site-packages/airflow/example_dags/example_params_trigger_ui.py
[2025-03-22T10:14:10.679+0500] {logging_mixin.py:190} INFO - [2025-03-22T10:14:10.679+0500] {dag.py:3239} INFO - Sync 1 DAGs
[2025-03-22T10:14:10.686+0500] {logging_mixin.py:190} INFO - [2025-03-22T10:14:10.686+0500] {dag.py:4180} INFO - Setting next_dagrun for example_params_trigger_ui to None, run_after=None
[2025-03-22T10:14:10.702+0500] {processor.py:208} INFO - Processing /home/ruslan/.local/lib/python3.10/site-packages/airflow/example_dags/example_params_trigger_ui.py took 0.058 seconds
[2025-03-22T10:15:04.418+0500] {processor.py:186} INFO - Started process (PID=22785) to work on /home/ruslan/.local/lib/python3.10/site-packages/airflow/example_dags/example_params_trigger_ui.py
[2025-03-22T10:15:04.419+0500] {processor.py:914} INFO - Processing file /home/ruslan/.local/lib/python3.10/site-packages/airflow/example_dags/example_params_trigger_ui.py for tasks to queue
[2025-03-22T10:15:04.420+0500] {logging_mixin.py:190} INFO - [2025-03-22T10:15:04.420+0500] {dagbag.py:588} INFO - Filling up the DagBag from /home/ruslan/.local/lib/python3.10/site-packages/airflow/example_dags/example_params_trigger_ui.py
[2025-03-22T10:15:04.427+0500] {processor.py:925} INFO - DAG(s) 'example_params_trigger_ui' retrieved from /home/ruslan/.local/lib/python3.10/site-packages/airflow/example_dags/example_params_trigger_ui.py
[2025-03-22T10:15:04.451+0500] {logging_mixin.py:190} INFO - [2025-03-22T10:15:04.451+0500] {dag.py:3239} INFO - Sync 1 DAGs
[2025-03-22T10:15:04.458+0500] {logging_mixin.py:190} INFO - [2025-03-22T10:15:04.458+0500] {dag.py:4180} INFO - Setting next_dagrun for example_params_trigger_ui to None, run_after=None
[2025-03-22T10:15:04.473+0500] {processor.py:208} INFO - Processing /home/ruslan/.local/lib/python3.10/site-packages/airflow/example_dags/example_params_trigger_ui.py took 0.059 seconds
[2025-03-22T10:15:56.840+0500] {processor.py:186} INFO - Started process (PID=23311) to work on /home/ruslan/.local/lib/python3.10/site-packages/airflow/example_dags/example_params_trigger_ui.py
[2025-03-22T10:15:56.841+0500] {processor.py:914} INFO - Processing file /home/ruslan/.local/lib/python3.10/site-packages/airflow/example_dags/example_params_trigger_ui.py for tasks to queue
[2025-03-22T10:15:56.843+0500] {logging_mixin.py:190} INFO - [2025-03-22T10:15:56.842+0500] {dagbag.py:588} INFO - Filling up the DagBag from /home/ruslan/.local/lib/python3.10/site-packages/airflow/example_dags/example_params_trigger_ui.py
[2025-03-22T10:15:56.849+0500] {processor.py:925} INFO - DAG(s) 'example_params_trigger_ui' retrieved from /home/ruslan/.local/lib/python3.10/site-packages/airflow/example_dags/example_params_trigger_ui.py
[2025-03-22T10:15:56.869+0500] {logging_mixin.py:190} INFO - [2025-03-22T10:15:56.869+0500] {dag.py:3239} INFO - Sync 1 DAGs
[2025-03-22T10:15:56.877+0500] {logging_mixin.py:190} INFO - [2025-03-22T10:15:56.877+0500] {dag.py:4180} INFO - Setting next_dagrun for example_params_trigger_ui to None, run_after=None
[2025-03-22T10:15:56.892+0500] {processor.py:208} INFO - Processing /home/ruslan/.local/lib/python3.10/site-packages/airflow/example_dags/example_params_trigger_ui.py took 0.055 seconds
[2025-03-22T10:16:44.471+0500] {processor.py:186} INFO - Started process (PID=23786) to work on /home/ruslan/.local/lib/python3.10/site-packages/airflow/example_dags/example_params_trigger_ui.py
[2025-03-22T10:16:44.472+0500] {processor.py:914} INFO - Processing file /home/ruslan/.local/lib/python3.10/site-packages/airflow/example_dags/example_params_trigger_ui.py for tasks to queue
[2025-03-22T10:16:44.473+0500] {logging_mixin.py:190} INFO - [2025-03-22T10:16:44.473+0500] {dagbag.py:588} INFO - Filling up the DagBag from /home/ruslan/.local/lib/python3.10/site-packages/airflow/example_dags/example_params_trigger_ui.py
[2025-03-22T10:16:44.480+0500] {processor.py:925} INFO - DAG(s) 'example_params_trigger_ui' retrieved from /home/ruslan/.local/lib/python3.10/site-packages/airflow/example_dags/example_params_trigger_ui.py
[2025-03-22T10:16:44.501+0500] {logging_mixin.py:190} INFO - [2025-03-22T10:16:44.500+0500] {dag.py:3239} INFO - Sync 1 DAGs
[2025-03-22T10:16:44.508+0500] {logging_mixin.py:190} INFO - [2025-03-22T10:16:44.508+0500] {dag.py:4180} INFO - Setting next_dagrun for example_params_trigger_ui to None, run_after=None
[2025-03-22T10:16:44.523+0500] {processor.py:208} INFO - Processing /home/ruslan/.local/lib/python3.10/site-packages/airflow/example_dags/example_params_trigger_ui.py took 0.056 seconds
[2025-03-22T10:17:37.344+0500] {processor.py:186} INFO - Started process (PID=24387) to work on /home/ruslan/.local/lib/python3.10/site-packages/airflow/example_dags/example_params_trigger_ui.py
[2025-03-22T10:17:37.345+0500] {processor.py:914} INFO - Processing file /home/ruslan/.local/lib/python3.10/site-packages/airflow/example_dags/example_params_trigger_ui.py for tasks to queue
[2025-03-22T10:17:37.347+0500] {logging_mixin.py:190} INFO - [2025-03-22T10:17:37.346+0500] {dagbag.py:588} INFO - Filling up the DagBag from /home/ruslan/.local/lib/python3.10/site-packages/airflow/example_dags/example_params_trigger_ui.py
[2025-03-22T10:17:37.353+0500] {processor.py:925} INFO - DAG(s) 'example_params_trigger_ui' retrieved from /home/ruslan/.local/lib/python3.10/site-packages/airflow/example_dags/example_params_trigger_ui.py
[2025-03-22T10:17:37.375+0500] {logging_mixin.py:190} INFO - [2025-03-22T10:17:37.374+0500] {dag.py:3239} INFO - Sync 1 DAGs
[2025-03-22T10:17:37.381+0500] {logging_mixin.py:190} INFO - [2025-03-22T10:17:37.381+0500] {dag.py:4180} INFO - Setting next_dagrun for example_params_trigger_ui to None, run_after=None
[2025-03-22T10:17:37.397+0500] {processor.py:208} INFO - Processing /home/ruslan/.local/lib/python3.10/site-packages/airflow/example_dags/example_params_trigger_ui.py took 0.056 seconds
[2025-03-22T10:18:29.920+0500] {processor.py:186} INFO - Started process (PID=24914) to work on /home/ruslan/.local/lib/python3.10/site-packages/airflow/example_dags/example_params_trigger_ui.py
[2025-03-22T10:18:29.921+0500] {processor.py:914} INFO - Processing file /home/ruslan/.local/lib/python3.10/site-packages/airflow/example_dags/example_params_trigger_ui.py for tasks to queue
[2025-03-22T10:18:29.923+0500] {logging_mixin.py:190} INFO - [2025-03-22T10:18:29.922+0500] {dagbag.py:588} INFO - Filling up the DagBag from /home/ruslan/.local/lib/python3.10/site-packages/airflow/example_dags/example_params_trigger_ui.py
[2025-03-22T10:18:29.929+0500] {processor.py:925} INFO - DAG(s) 'example_params_trigger_ui' retrieved from /home/ruslan/.local/lib/python3.10/site-packages/airflow/example_dags/example_params_trigger_ui.py
[2025-03-22T10:18:29.950+0500] {logging_mixin.py:190} INFO - [2025-03-22T10:18:29.950+0500] {dag.py:3239} INFO - Sync 1 DAGs
[2025-03-22T10:18:29.957+0500] {logging_mixin.py:190} INFO - [2025-03-22T10:18:29.956+0500] {dag.py:4180} INFO - Setting next_dagrun for example_params_trigger_ui to None, run_after=None
[2025-03-22T10:18:29.971+0500] {processor.py:208} INFO - Processing /home/ruslan/.local/lib/python3.10/site-packages/airflow/example_dags/example_params_trigger_ui.py took 0.055 seconds
[2025-03-22T10:19:20.426+0500] {processor.py:186} INFO - Started process (PID=25508) to work on /home/ruslan/.local/lib/python3.10/site-packages/airflow/example_dags/example_params_trigger_ui.py
[2025-03-22T10:19:20.427+0500] {processor.py:914} INFO - Processing file /home/ruslan/.local/lib/python3.10/site-packages/airflow/example_dags/example_params_trigger_ui.py for tasks to queue
[2025-03-22T10:19:20.428+0500] {logging_mixin.py:190} INFO - [2025-03-22T10:19:20.428+0500] {dagbag.py:588} INFO - Filling up the DagBag from /home/ruslan/.local/lib/python3.10/site-packages/airflow/example_dags/example_params_trigger_ui.py
[2025-03-22T10:19:20.435+0500] {processor.py:925} INFO - DAG(s) 'example_params_trigger_ui' retrieved from /home/ruslan/.local/lib/python3.10/site-packages/airflow/example_dags/example_params_trigger_ui.py
[2025-03-22T10:19:20.458+0500] {logging_mixin.py:190} INFO - [2025-03-22T10:19:20.458+0500] {dag.py:3239} INFO - Sync 1 DAGs
[2025-03-22T10:19:20.466+0500] {logging_mixin.py:190} INFO - [2025-03-22T10:19:20.466+0500] {dag.py:4180} INFO - Setting next_dagrun for example_params_trigger_ui to None, run_after=None
[2025-03-22T10:19:20.482+0500] {processor.py:208} INFO - Processing /home/ruslan/.local/lib/python3.10/site-packages/airflow/example_dags/example_params_trigger_ui.py took 0.060 seconds
[2025-03-22T10:20:10.607+0500] {processor.py:186} INFO - Started process (PID=26003) to work on /home/ruslan/.local/lib/python3.10/site-packages/airflow/example_dags/example_params_trigger_ui.py
[2025-03-22T10:20:10.608+0500] {processor.py:914} INFO - Processing file /home/ruslan/.local/lib/python3.10/site-packages/airflow/example_dags/example_params_trigger_ui.py for tasks to queue
[2025-03-22T10:20:10.609+0500] {logging_mixin.py:190} INFO - [2025-03-22T10:20:10.609+0500] {dagbag.py:588} INFO - Filling up the DagBag from /home/ruslan/.local/lib/python3.10/site-packages/airflow/example_dags/example_params_trigger_ui.py
[2025-03-22T10:20:10.616+0500] {processor.py:925} INFO - DAG(s) 'example_params_trigger_ui' retrieved from /home/ruslan/.local/lib/python3.10/site-packages/airflow/example_dags/example_params_trigger_ui.py
[2025-03-22T10:20:10.637+0500] {logging_mixin.py:190} INFO - [2025-03-22T10:20:10.637+0500] {dag.py:3239} INFO - Sync 1 DAGs
[2025-03-22T10:20:10.644+0500] {logging_mixin.py:190} INFO - [2025-03-22T10:20:10.644+0500] {dag.py:4180} INFO - Setting next_dagrun for example_params_trigger_ui to None, run_after=None
[2025-03-22T10:20:10.660+0500] {processor.py:208} INFO - Processing /home/ruslan/.local/lib/python3.10/site-packages/airflow/example_dags/example_params_trigger_ui.py took 0.056 seconds
[2025-03-22T10:21:03.123+0500] {processor.py:186} INFO - Started process (PID=26536) to work on /home/ruslan/.local/lib/python3.10/site-packages/airflow/example_dags/example_params_trigger_ui.py
[2025-03-22T10:21:03.124+0500] {processor.py:914} INFO - Processing file /home/ruslan/.local/lib/python3.10/site-packages/airflow/example_dags/example_params_trigger_ui.py for tasks to queue
[2025-03-22T10:21:03.126+0500] {logging_mixin.py:190} INFO - [2025-03-22T10:21:03.125+0500] {dagbag.py:588} INFO - Filling up the DagBag from /home/ruslan/.local/lib/python3.10/site-packages/airflow/example_dags/example_params_trigger_ui.py
[2025-03-22T10:21:03.132+0500] {processor.py:925} INFO - DAG(s) 'example_params_trigger_ui' retrieved from /home/ruslan/.local/lib/python3.10/site-packages/airflow/example_dags/example_params_trigger_ui.py
[2025-03-22T10:21:03.156+0500] {logging_mixin.py:190} INFO - [2025-03-22T10:21:03.155+0500] {dag.py:3239} INFO - Sync 1 DAGs
[2025-03-22T10:21:03.163+0500] {logging_mixin.py:190} INFO - [2025-03-22T10:21:03.163+0500] {dag.py:4180} INFO - Setting next_dagrun for example_params_trigger_ui to None, run_after=None
[2025-03-22T10:21:03.178+0500] {processor.py:208} INFO - Processing /home/ruslan/.local/lib/python3.10/site-packages/airflow/example_dags/example_params_trigger_ui.py took 0.059 seconds
[2025-03-22T10:21:56.127+0500] {processor.py:186} INFO - Started process (PID=27134) to work on /home/ruslan/.local/lib/python3.10/site-packages/airflow/example_dags/example_params_trigger_ui.py
[2025-03-22T10:21:56.128+0500] {processor.py:914} INFO - Processing file /home/ruslan/.local/lib/python3.10/site-packages/airflow/example_dags/example_params_trigger_ui.py for tasks to queue
[2025-03-22T10:21:56.129+0500] {logging_mixin.py:190} INFO - [2025-03-22T10:21:56.129+0500] {dagbag.py:588} INFO - Filling up the DagBag from /home/ruslan/.local/lib/python3.10/site-packages/airflow/example_dags/example_params_trigger_ui.py
[2025-03-22T10:21:56.136+0500] {processor.py:925} INFO - DAG(s) 'example_params_trigger_ui' retrieved from /home/ruslan/.local/lib/python3.10/site-packages/airflow/example_dags/example_params_trigger_ui.py
[2025-03-22T10:21:56.156+0500] {logging_mixin.py:190} INFO - [2025-03-22T10:21:56.156+0500] {dag.py:3239} INFO - Sync 1 DAGs
[2025-03-22T10:21:56.164+0500] {logging_mixin.py:190} INFO - [2025-03-22T10:21:56.164+0500] {dag.py:4180} INFO - Setting next_dagrun for example_params_trigger_ui to None, run_after=None
[2025-03-22T10:21:56.179+0500] {processor.py:208} INFO - Processing /home/ruslan/.local/lib/python3.10/site-packages/airflow/example_dags/example_params_trigger_ui.py took 0.055 seconds
[2025-03-22T10:22:50.168+0500] {processor.py:186} INFO - Started process (PID=27743) to work on /home/ruslan/.local/lib/python3.10/site-packages/airflow/example_dags/example_params_trigger_ui.py
[2025-03-22T10:22:50.169+0500] {processor.py:914} INFO - Processing file /home/ruslan/.local/lib/python3.10/site-packages/airflow/example_dags/example_params_trigger_ui.py for tasks to queue
[2025-03-22T10:22:50.171+0500] {logging_mixin.py:190} INFO - [2025-03-22T10:22:50.171+0500] {dagbag.py:588} INFO - Filling up the DagBag from /home/ruslan/.local/lib/python3.10/site-packages/airflow/example_dags/example_params_trigger_ui.py
[2025-03-22T10:22:50.178+0500] {processor.py:925} INFO - DAG(s) 'example_params_trigger_ui' retrieved from /home/ruslan/.local/lib/python3.10/site-packages/airflow/example_dags/example_params_trigger_ui.py
[2025-03-22T10:22:50.200+0500] {logging_mixin.py:190} INFO - [2025-03-22T10:22:50.200+0500] {dag.py:3239} INFO - Sync 1 DAGs
[2025-03-22T10:22:50.207+0500] {logging_mixin.py:190} INFO - [2025-03-22T10:22:50.207+0500] {dag.py:4180} INFO - Setting next_dagrun for example_params_trigger_ui to None, run_after=None
[2025-03-22T10:22:50.222+0500] {processor.py:208} INFO - Processing /home/ruslan/.local/lib/python3.10/site-packages/airflow/example_dags/example_params_trigger_ui.py took 0.057 seconds
[2025-03-22T10:23:41.878+0500] {processor.py:186} INFO - Started process (PID=28253) to work on /home/ruslan/.local/lib/python3.10/site-packages/airflow/example_dags/example_params_trigger_ui.py
[2025-03-22T10:23:41.879+0500] {processor.py:914} INFO - Processing file /home/ruslan/.local/lib/python3.10/site-packages/airflow/example_dags/example_params_trigger_ui.py for tasks to queue
[2025-03-22T10:23:41.880+0500] {logging_mixin.py:190} INFO - [2025-03-22T10:23:41.880+0500] {dagbag.py:588} INFO - Filling up the DagBag from /home/ruslan/.local/lib/python3.10/site-packages/airflow/example_dags/example_params_trigger_ui.py
[2025-03-22T10:23:41.887+0500] {processor.py:925} INFO - DAG(s) 'example_params_trigger_ui' retrieved from /home/ruslan/.local/lib/python3.10/site-packages/airflow/example_dags/example_params_trigger_ui.py
[2025-03-22T10:23:41.910+0500] {logging_mixin.py:190} INFO - [2025-03-22T10:23:41.910+0500] {dag.py:3239} INFO - Sync 1 DAGs
[2025-03-22T10:23:41.917+0500] {logging_mixin.py:190} INFO - [2025-03-22T10:23:41.917+0500] {dag.py:4180} INFO - Setting next_dagrun for example_params_trigger_ui to None, run_after=None
[2025-03-22T10:23:41.931+0500] {processor.py:208} INFO - Processing /home/ruslan/.local/lib/python3.10/site-packages/airflow/example_dags/example_params_trigger_ui.py took 0.057 seconds
[2025-03-22T10:24:33.824+0500] {processor.py:186} INFO - Started process (PID=28784) to work on /home/ruslan/.local/lib/python3.10/site-packages/airflow/example_dags/example_params_trigger_ui.py
[2025-03-22T10:24:33.826+0500] {processor.py:914} INFO - Processing file /home/ruslan/.local/lib/python3.10/site-packages/airflow/example_dags/example_params_trigger_ui.py for tasks to queue
[2025-03-22T10:24:33.827+0500] {logging_mixin.py:190} INFO - [2025-03-22T10:24:33.827+0500] {dagbag.py:588} INFO - Filling up the DagBag from /home/ruslan/.local/lib/python3.10/site-packages/airflow/example_dags/example_params_trigger_ui.py
[2025-03-22T10:24:33.834+0500] {processor.py:925} INFO - DAG(s) 'example_params_trigger_ui' retrieved from /home/ruslan/.local/lib/python3.10/site-packages/airflow/example_dags/example_params_trigger_ui.py
[2025-03-22T10:24:33.856+0500] {logging_mixin.py:190} INFO - [2025-03-22T10:24:33.856+0500] {dag.py:3239} INFO - Sync 1 DAGs
[2025-03-22T10:24:33.863+0500] {logging_mixin.py:190} INFO - [2025-03-22T10:24:33.863+0500] {dag.py:4180} INFO - Setting next_dagrun for example_params_trigger_ui to None, run_after=None
[2025-03-22T10:24:33.878+0500] {processor.py:208} INFO - Processing /home/ruslan/.local/lib/python3.10/site-packages/airflow/example_dags/example_params_trigger_ui.py took 0.058 seconds
[2025-03-22T10:25:22.607+0500] {processor.py:186} INFO - Started process (PID=29386) to work on /home/ruslan/.local/lib/python3.10/site-packages/airflow/example_dags/example_params_trigger_ui.py
[2025-03-22T10:25:22.608+0500] {processor.py:914} INFO - Processing file /home/ruslan/.local/lib/python3.10/site-packages/airflow/example_dags/example_params_trigger_ui.py for tasks to queue
[2025-03-22T10:25:22.609+0500] {logging_mixin.py:190} INFO - [2025-03-22T10:25:22.609+0500] {dagbag.py:588} INFO - Filling up the DagBag from /home/ruslan/.local/lib/python3.10/site-packages/airflow/example_dags/example_params_trigger_ui.py
[2025-03-22T10:25:22.617+0500] {processor.py:925} INFO - DAG(s) 'example_params_trigger_ui' retrieved from /home/ruslan/.local/lib/python3.10/site-packages/airflow/example_dags/example_params_trigger_ui.py
[2025-03-22T10:25:22.639+0500] {logging_mixin.py:190} INFO - [2025-03-22T10:25:22.639+0500] {dag.py:3239} INFO - Sync 1 DAGs
[2025-03-22T10:25:22.646+0500] {logging_mixin.py:190} INFO - [2025-03-22T10:25:22.646+0500] {dag.py:4180} INFO - Setting next_dagrun for example_params_trigger_ui to None, run_after=None
[2025-03-22T10:25:22.661+0500] {processor.py:208} INFO - Processing /home/ruslan/.local/lib/python3.10/site-packages/airflow/example_dags/example_params_trigger_ui.py took 0.058 seconds
[2025-03-22T10:26:16.962+0500] {processor.py:186} INFO - Started process (PID=30358) to work on /home/ruslan/.local/lib/python3.10/site-packages/airflow/example_dags/example_params_trigger_ui.py
[2025-03-22T10:26:16.963+0500] {processor.py:914} INFO - Processing file /home/ruslan/.local/lib/python3.10/site-packages/airflow/example_dags/example_params_trigger_ui.py for tasks to queue
[2025-03-22T10:26:16.964+0500] {logging_mixin.py:190} INFO - [2025-03-22T10:26:16.964+0500] {dagbag.py:588} INFO - Filling up the DagBag from /home/ruslan/.local/lib/python3.10/site-packages/airflow/example_dags/example_params_trigger_ui.py
[2025-03-22T10:26:16.971+0500] {processor.py:925} INFO - DAG(s) 'example_params_trigger_ui' retrieved from /home/ruslan/.local/lib/python3.10/site-packages/airflow/example_dags/example_params_trigger_ui.py
[2025-03-22T10:26:16.991+0500] {logging_mixin.py:190} INFO - [2025-03-22T10:26:16.991+0500] {dag.py:3239} INFO - Sync 1 DAGs
[2025-03-22T10:26:16.998+0500] {logging_mixin.py:190} INFO - [2025-03-22T10:26:16.998+0500] {dag.py:4180} INFO - Setting next_dagrun for example_params_trigger_ui to None, run_after=None
[2025-03-22T10:26:17.013+0500] {processor.py:208} INFO - Processing /home/ruslan/.local/lib/python3.10/site-packages/airflow/example_dags/example_params_trigger_ui.py took 0.055 seconds
[2025-03-22T10:27:08.427+0500] {processor.py:186} INFO - Started process (PID=31030) to work on /home/ruslan/.local/lib/python3.10/site-packages/airflow/example_dags/example_params_trigger_ui.py
[2025-03-22T10:27:08.428+0500] {processor.py:914} INFO - Processing file /home/ruslan/.local/lib/python3.10/site-packages/airflow/example_dags/example_params_trigger_ui.py for tasks to queue
[2025-03-22T10:27:08.429+0500] {logging_mixin.py:190} INFO - [2025-03-22T10:27:08.429+0500] {dagbag.py:588} INFO - Filling up the DagBag from /home/ruslan/.local/lib/python3.10/site-packages/airflow/example_dags/example_params_trigger_ui.py
[2025-03-22T10:27:08.436+0500] {processor.py:925} INFO - DAG(s) 'example_params_trigger_ui' retrieved from /home/ruslan/.local/lib/python3.10/site-packages/airflow/example_dags/example_params_trigger_ui.py
[2025-03-22T10:27:08.456+0500] {logging_mixin.py:190} INFO - [2025-03-22T10:27:08.456+0500] {dag.py:3239} INFO - Sync 1 DAGs
[2025-03-22T10:27:08.463+0500] {logging_mixin.py:190} INFO - [2025-03-22T10:27:08.463+0500] {dag.py:4180} INFO - Setting next_dagrun for example_params_trigger_ui to None, run_after=None
[2025-03-22T10:27:08.478+0500] {processor.py:208} INFO - Processing /home/ruslan/.local/lib/python3.10/site-packages/airflow/example_dags/example_params_trigger_ui.py took 0.055 seconds
[2025-03-22T10:27:57.509+0500] {processor.py:186} INFO - Started process (PID=31563) to work on /home/ruslan/.local/lib/python3.10/site-packages/airflow/example_dags/example_params_trigger_ui.py
[2025-03-22T10:27:57.510+0500] {processor.py:914} INFO - Processing file /home/ruslan/.local/lib/python3.10/site-packages/airflow/example_dags/example_params_trigger_ui.py for tasks to queue
[2025-03-22T10:27:57.512+0500] {logging_mixin.py:190} INFO - [2025-03-22T10:27:57.512+0500] {dagbag.py:588} INFO - Filling up the DagBag from /home/ruslan/.local/lib/python3.10/site-packages/airflow/example_dags/example_params_trigger_ui.py
[2025-03-22T10:27:57.518+0500] {processor.py:925} INFO - DAG(s) 'example_params_trigger_ui' retrieved from /home/ruslan/.local/lib/python3.10/site-packages/airflow/example_dags/example_params_trigger_ui.py
[2025-03-22T10:27:57.539+0500] {logging_mixin.py:190} INFO - [2025-03-22T10:27:57.539+0500] {dag.py:3239} INFO - Sync 1 DAGs
[2025-03-22T10:27:57.546+0500] {logging_mixin.py:190} INFO - [2025-03-22T10:27:57.546+0500] {dag.py:4180} INFO - Setting next_dagrun for example_params_trigger_ui to None, run_after=None
[2025-03-22T10:27:57.561+0500] {processor.py:208} INFO - Processing /home/ruslan/.local/lib/python3.10/site-packages/airflow/example_dags/example_params_trigger_ui.py took 0.055 seconds
[2025-03-22T10:28:50.301+0500] {processor.py:186} INFO - Started process (PID=32185) to work on /home/ruslan/.local/lib/python3.10/site-packages/airflow/example_dags/example_params_trigger_ui.py
[2025-03-22T10:28:50.303+0500] {processor.py:914} INFO - Processing file /home/ruslan/.local/lib/python3.10/site-packages/airflow/example_dags/example_params_trigger_ui.py for tasks to queue
[2025-03-22T10:28:50.304+0500] {logging_mixin.py:190} INFO - [2025-03-22T10:28:50.304+0500] {dagbag.py:588} INFO - Filling up the DagBag from /home/ruslan/.local/lib/python3.10/site-packages/airflow/example_dags/example_params_trigger_ui.py
[2025-03-22T10:28:50.310+0500] {processor.py:925} INFO - DAG(s) 'example_params_trigger_ui' retrieved from /home/ruslan/.local/lib/python3.10/site-packages/airflow/example_dags/example_params_trigger_ui.py
[2025-03-22T10:28:50.331+0500] {logging_mixin.py:190} INFO - [2025-03-22T10:28:50.331+0500] {dag.py:3239} INFO - Sync 1 DAGs
[2025-03-22T10:28:50.338+0500] {logging_mixin.py:190} INFO - [2025-03-22T10:28:50.338+0500] {dag.py:4180} INFO - Setting next_dagrun for example_params_trigger_ui to None, run_after=None
[2025-03-22T10:28:50.353+0500] {processor.py:208} INFO - Processing /home/ruslan/.local/lib/python3.10/site-packages/airflow/example_dags/example_params_trigger_ui.py took 0.055 seconds
[2025-03-22T10:29:43.053+0500] {processor.py:186} INFO - Started process (PID=32708) to work on /home/ruslan/.local/lib/python3.10/site-packages/airflow/example_dags/example_params_trigger_ui.py
[2025-03-22T10:29:43.054+0500] {processor.py:914} INFO - Processing file /home/ruslan/.local/lib/python3.10/site-packages/airflow/example_dags/example_params_trigger_ui.py for tasks to queue
[2025-03-22T10:29:43.055+0500] {logging_mixin.py:190} INFO - [2025-03-22T10:29:43.055+0500] {dagbag.py:588} INFO - Filling up the DagBag from /home/ruslan/.local/lib/python3.10/site-packages/airflow/example_dags/example_params_trigger_ui.py
[2025-03-22T10:29:43.061+0500] {processor.py:925} INFO - DAG(s) 'example_params_trigger_ui' retrieved from /home/ruslan/.local/lib/python3.10/site-packages/airflow/example_dags/example_params_trigger_ui.py
[2025-03-22T10:29:43.082+0500] {logging_mixin.py:190} INFO - [2025-03-22T10:29:43.082+0500] {dag.py:3239} INFO - Sync 1 DAGs
[2025-03-22T10:29:43.089+0500] {logging_mixin.py:190} INFO - [2025-03-22T10:29:43.088+0500] {dag.py:4180} INFO - Setting next_dagrun for example_params_trigger_ui to None, run_after=None
[2025-03-22T10:29:43.104+0500] {processor.py:208} INFO - Processing /home/ruslan/.local/lib/python3.10/site-packages/airflow/example_dags/example_params_trigger_ui.py took 0.055 seconds
[2025-03-22T10:30:34.728+0500] {processor.py:186} INFO - Started process (PID=32970) to work on /home/ruslan/.local/lib/python3.10/site-packages/airflow/example_dags/example_params_trigger_ui.py
[2025-03-22T10:30:34.729+0500] {processor.py:914} INFO - Processing file /home/ruslan/.local/lib/python3.10/site-packages/airflow/example_dags/example_params_trigger_ui.py for tasks to queue
[2025-03-22T10:30:34.730+0500] {logging_mixin.py:190} INFO - [2025-03-22T10:30:34.730+0500] {dagbag.py:588} INFO - Filling up the DagBag from /home/ruslan/.local/lib/python3.10/site-packages/airflow/example_dags/example_params_trigger_ui.py
[2025-03-22T10:30:34.738+0500] {processor.py:925} INFO - DAG(s) 'example_params_trigger_ui' retrieved from /home/ruslan/.local/lib/python3.10/site-packages/airflow/example_dags/example_params_trigger_ui.py
[2025-03-22T10:30:34.761+0500] {logging_mixin.py:190} INFO - [2025-03-22T10:30:34.761+0500] {dag.py:3239} INFO - Sync 1 DAGs
[2025-03-22T10:30:34.770+0500] {logging_mixin.py:190} INFO - [2025-03-22T10:30:34.770+0500] {dag.py:4180} INFO - Setting next_dagrun for example_params_trigger_ui to None, run_after=None
[2025-03-22T10:30:34.786+0500] {processor.py:208} INFO - Processing /home/ruslan/.local/lib/python3.10/site-packages/airflow/example_dags/example_params_trigger_ui.py took 0.061 seconds
[2025-03-22T10:31:26.807+0500] {processor.py:186} INFO - Started process (PID=33523) to work on /home/ruslan/.local/lib/python3.10/site-packages/airflow/example_dags/example_params_trigger_ui.py
[2025-03-22T10:31:26.808+0500] {processor.py:914} INFO - Processing file /home/ruslan/.local/lib/python3.10/site-packages/airflow/example_dags/example_params_trigger_ui.py for tasks to queue
[2025-03-22T10:31:26.809+0500] {logging_mixin.py:190} INFO - [2025-03-22T10:31:26.809+0500] {dagbag.py:588} INFO - Filling up the DagBag from /home/ruslan/.local/lib/python3.10/site-packages/airflow/example_dags/example_params_trigger_ui.py
[2025-03-22T10:31:26.817+0500] {processor.py:925} INFO - DAG(s) 'example_params_trigger_ui' retrieved from /home/ruslan/.local/lib/python3.10/site-packages/airflow/example_dags/example_params_trigger_ui.py
[2025-03-22T10:31:26.839+0500] {logging_mixin.py:190} INFO - [2025-03-22T10:31:26.838+0500] {dag.py:3239} INFO - Sync 1 DAGs
[2025-03-22T10:31:26.846+0500] {logging_mixin.py:190} INFO - [2025-03-22T10:31:26.846+0500] {dag.py:4180} INFO - Setting next_dagrun for example_params_trigger_ui to None, run_after=None
[2025-03-22T10:31:26.861+0500] {processor.py:208} INFO - Processing /home/ruslan/.local/lib/python3.10/site-packages/airflow/example_dags/example_params_trigger_ui.py took 0.058 seconds
[2025-03-22T10:32:19.304+0500] {processor.py:186} INFO - Started process (PID=34280) to work on /home/ruslan/.local/lib/python3.10/site-packages/airflow/example_dags/example_params_trigger_ui.py
[2025-03-22T10:32:19.305+0500] {processor.py:914} INFO - Processing file /home/ruslan/.local/lib/python3.10/site-packages/airflow/example_dags/example_params_trigger_ui.py for tasks to queue
[2025-03-22T10:32:19.306+0500] {logging_mixin.py:190} INFO - [2025-03-22T10:32:19.306+0500] {dagbag.py:588} INFO - Filling up the DagBag from /home/ruslan/.local/lib/python3.10/site-packages/airflow/example_dags/example_params_trigger_ui.py
[2025-03-22T10:32:19.314+0500] {processor.py:925} INFO - DAG(s) 'example_params_trigger_ui' retrieved from /home/ruslan/.local/lib/python3.10/site-packages/airflow/example_dags/example_params_trigger_ui.py
[2025-03-22T10:32:19.339+0500] {logging_mixin.py:190} INFO - [2025-03-22T10:32:19.339+0500] {dag.py:3239} INFO - Sync 1 DAGs
[2025-03-22T10:32:19.356+0500] {logging_mixin.py:190} INFO - [2025-03-22T10:32:19.355+0500] {dag.py:4180} INFO - Setting next_dagrun for example_params_trigger_ui to None, run_after=None
[2025-03-22T10:32:19.382+0500] {processor.py:208} INFO - Processing /home/ruslan/.local/lib/python3.10/site-packages/airflow/example_dags/example_params_trigger_ui.py took 0.082 seconds
[2025-03-22T10:33:02.060+0500] {processor.py:186} INFO - Started process (PID=34766) to work on /home/ruslan/.local/lib/python3.10/site-packages/airflow/example_dags/example_params_trigger_ui.py
[2025-03-22T10:33:02.061+0500] {processor.py:914} INFO - Processing file /home/ruslan/.local/lib/python3.10/site-packages/airflow/example_dags/example_params_trigger_ui.py for tasks to queue
[2025-03-22T10:33:02.062+0500] {logging_mixin.py:190} INFO - [2025-03-22T10:33:02.062+0500] {dagbag.py:588} INFO - Filling up the DagBag from /home/ruslan/.local/lib/python3.10/site-packages/airflow/example_dags/example_params_trigger_ui.py
[2025-03-22T10:33:02.070+0500] {processor.py:925} INFO - DAG(s) 'example_params_trigger_ui' retrieved from /home/ruslan/.local/lib/python3.10/site-packages/airflow/example_dags/example_params_trigger_ui.py
[2025-03-22T10:33:02.095+0500] {logging_mixin.py:190} INFO - [2025-03-22T10:33:02.095+0500] {dag.py:3239} INFO - Sync 1 DAGs
[2025-03-22T10:33:02.102+0500] {logging_mixin.py:190} INFO - [2025-03-22T10:33:02.102+0500] {dag.py:4180} INFO - Setting next_dagrun for example_params_trigger_ui to None, run_after=None
[2025-03-22T10:33:02.117+0500] {processor.py:208} INFO - Processing /home/ruslan/.local/lib/python3.10/site-packages/airflow/example_dags/example_params_trigger_ui.py took 0.061 seconds
[2025-03-22T10:33:55.262+0500] {processor.py:186} INFO - Started process (PID=35452) to work on /home/ruslan/.local/lib/python3.10/site-packages/airflow/example_dags/example_params_trigger_ui.py
[2025-03-22T10:33:55.263+0500] {processor.py:914} INFO - Processing file /home/ruslan/.local/lib/python3.10/site-packages/airflow/example_dags/example_params_trigger_ui.py for tasks to queue
[2025-03-22T10:33:55.265+0500] {logging_mixin.py:190} INFO - [2025-03-22T10:33:55.264+0500] {dagbag.py:588} INFO - Filling up the DagBag from /home/ruslan/.local/lib/python3.10/site-packages/airflow/example_dags/example_params_trigger_ui.py
[2025-03-22T10:33:55.271+0500] {processor.py:925} INFO - DAG(s) 'example_params_trigger_ui' retrieved from /home/ruslan/.local/lib/python3.10/site-packages/airflow/example_dags/example_params_trigger_ui.py
[2025-03-22T10:33:55.292+0500] {logging_mixin.py:190} INFO - [2025-03-22T10:33:55.292+0500] {dag.py:3239} INFO - Sync 1 DAGs
[2025-03-22T10:33:55.299+0500] {logging_mixin.py:190} INFO - [2025-03-22T10:33:55.298+0500] {dag.py:4180} INFO - Setting next_dagrun for example_params_trigger_ui to None, run_after=None
[2025-03-22T10:33:55.314+0500] {processor.py:208} INFO - Processing /home/ruslan/.local/lib/python3.10/site-packages/airflow/example_dags/example_params_trigger_ui.py took 0.055 seconds
[2025-03-22T10:34:43.659+0500] {processor.py:186} INFO - Started process (PID=35989) to work on /home/ruslan/.local/lib/python3.10/site-packages/airflow/example_dags/example_params_trigger_ui.py
[2025-03-22T10:34:43.660+0500] {processor.py:914} INFO - Processing file /home/ruslan/.local/lib/python3.10/site-packages/airflow/example_dags/example_params_trigger_ui.py for tasks to queue
[2025-03-22T10:34:43.662+0500] {logging_mixin.py:190} INFO - [2025-03-22T10:34:43.661+0500] {dagbag.py:588} INFO - Filling up the DagBag from /home/ruslan/.local/lib/python3.10/site-packages/airflow/example_dags/example_params_trigger_ui.py
[2025-03-22T10:34:43.668+0500] {processor.py:925} INFO - DAG(s) 'example_params_trigger_ui' retrieved from /home/ruslan/.local/lib/python3.10/site-packages/airflow/example_dags/example_params_trigger_ui.py
[2025-03-22T10:34:43.689+0500] {logging_mixin.py:190} INFO - [2025-03-22T10:34:43.689+0500] {dag.py:3239} INFO - Sync 1 DAGs
[2025-03-22T10:34:43.696+0500] {logging_mixin.py:190} INFO - [2025-03-22T10:34:43.696+0500] {dag.py:4180} INFO - Setting next_dagrun for example_params_trigger_ui to None, run_after=None
[2025-03-22T10:34:43.711+0500] {processor.py:208} INFO - Processing /home/ruslan/.local/lib/python3.10/site-packages/airflow/example_dags/example_params_trigger_ui.py took 0.055 seconds
[2025-03-22T10:35:32.085+0500] {processor.py:186} INFO - Started process (PID=36564) to work on /home/ruslan/.local/lib/python3.10/site-packages/airflow/example_dags/example_params_trigger_ui.py
[2025-03-22T10:35:32.086+0500] {processor.py:914} INFO - Processing file /home/ruslan/.local/lib/python3.10/site-packages/airflow/example_dags/example_params_trigger_ui.py for tasks to queue
[2025-03-22T10:35:32.088+0500] {logging_mixin.py:190} INFO - [2025-03-22T10:35:32.087+0500] {dagbag.py:588} INFO - Filling up the DagBag from /home/ruslan/.local/lib/python3.10/site-packages/airflow/example_dags/example_params_trigger_ui.py
[2025-03-22T10:35:32.095+0500] {processor.py:925} INFO - DAG(s) 'example_params_trigger_ui' retrieved from /home/ruslan/.local/lib/python3.10/site-packages/airflow/example_dags/example_params_trigger_ui.py
[2025-03-22T10:35:32.117+0500] {logging_mixin.py:190} INFO - [2025-03-22T10:35:32.117+0500] {dag.py:3239} INFO - Sync 1 DAGs
[2025-03-22T10:35:32.125+0500] {logging_mixin.py:190} INFO - [2025-03-22T10:35:32.125+0500] {dag.py:4180} INFO - Setting next_dagrun for example_params_trigger_ui to None, run_after=None
[2025-03-22T10:35:32.140+0500] {processor.py:208} INFO - Processing /home/ruslan/.local/lib/python3.10/site-packages/airflow/example_dags/example_params_trigger_ui.py took 0.058 seconds
[2025-03-22T10:36:21.290+0500] {processor.py:186} INFO - Started process (PID=37158) to work on /home/ruslan/.local/lib/python3.10/site-packages/airflow/example_dags/example_params_trigger_ui.py
[2025-03-22T10:36:21.291+0500] {processor.py:914} INFO - Processing file /home/ruslan/.local/lib/python3.10/site-packages/airflow/example_dags/example_params_trigger_ui.py for tasks to queue
[2025-03-22T10:36:21.293+0500] {logging_mixin.py:190} INFO - [2025-03-22T10:36:21.292+0500] {dagbag.py:588} INFO - Filling up the DagBag from /home/ruslan/.local/lib/python3.10/site-packages/airflow/example_dags/example_params_trigger_ui.py
[2025-03-22T10:36:21.300+0500] {processor.py:925} INFO - DAG(s) 'example_params_trigger_ui' retrieved from /home/ruslan/.local/lib/python3.10/site-packages/airflow/example_dags/example_params_trigger_ui.py
[2025-03-22T10:36:21.322+0500] {logging_mixin.py:190} INFO - [2025-03-22T10:36:21.322+0500] {dag.py:3239} INFO - Sync 1 DAGs
[2025-03-22T10:36:21.329+0500] {logging_mixin.py:190} INFO - [2025-03-22T10:36:21.329+0500] {dag.py:4180} INFO - Setting next_dagrun for example_params_trigger_ui to None, run_after=None
[2025-03-22T10:36:21.344+0500] {processor.py:208} INFO - Processing /home/ruslan/.local/lib/python3.10/site-packages/airflow/example_dags/example_params_trigger_ui.py took 0.058 seconds
[2025-03-22T10:37:11.278+0500] {processor.py:186} INFO - Started process (PID=37410) to work on /home/ruslan/.local/lib/python3.10/site-packages/airflow/example_dags/example_params_trigger_ui.py
[2025-03-22T10:37:11.279+0500] {processor.py:914} INFO - Processing file /home/ruslan/.local/lib/python3.10/site-packages/airflow/example_dags/example_params_trigger_ui.py for tasks to queue
[2025-03-22T10:37:11.281+0500] {logging_mixin.py:190} INFO - [2025-03-22T10:37:11.280+0500] {dagbag.py:588} INFO - Filling up the DagBag from /home/ruslan/.local/lib/python3.10/site-packages/airflow/example_dags/example_params_trigger_ui.py
[2025-03-22T10:37:11.287+0500] {processor.py:925} INFO - DAG(s) 'example_params_trigger_ui' retrieved from /home/ruslan/.local/lib/python3.10/site-packages/airflow/example_dags/example_params_trigger_ui.py
[2025-03-22T10:37:11.308+0500] {logging_mixin.py:190} INFO - [2025-03-22T10:37:11.307+0500] {dag.py:3239} INFO - Sync 1 DAGs
[2025-03-22T10:37:11.316+0500] {logging_mixin.py:190} INFO - [2025-03-22T10:37:11.316+0500] {dag.py:4180} INFO - Setting next_dagrun for example_params_trigger_ui to None, run_after=None
[2025-03-22T10:37:11.332+0500] {processor.py:208} INFO - Processing /home/ruslan/.local/lib/python3.10/site-packages/airflow/example_dags/example_params_trigger_ui.py took 0.058 seconds
[2025-03-22T10:38:45.407+0500] {processor.py:186} INFO - Started process (PID=38535) to work on /home/ruslan/.local/lib/python3.10/site-packages/airflow/example_dags/example_params_trigger_ui.py
[2025-03-22T10:38:45.408+0500] {processor.py:914} INFO - Processing file /home/ruslan/.local/lib/python3.10/site-packages/airflow/example_dags/example_params_trigger_ui.py for tasks to queue
[2025-03-22T10:38:45.410+0500] {logging_mixin.py:190} INFO - [2025-03-22T10:38:45.409+0500] {dagbag.py:588} INFO - Filling up the DagBag from /home/ruslan/.local/lib/python3.10/site-packages/airflow/example_dags/example_params_trigger_ui.py
[2025-03-22T10:38:45.417+0500] {processor.py:925} INFO - DAG(s) 'example_params_trigger_ui' retrieved from /home/ruslan/.local/lib/python3.10/site-packages/airflow/example_dags/example_params_trigger_ui.py
[2025-03-22T10:38:45.441+0500] {logging_mixin.py:190} INFO - [2025-03-22T10:38:45.441+0500] {dag.py:3239} INFO - Sync 1 DAGs
[2025-03-22T10:38:45.448+0500] {logging_mixin.py:190} INFO - [2025-03-22T10:38:45.448+0500] {dag.py:4180} INFO - Setting next_dagrun for example_params_trigger_ui to None, run_after=None
[2025-03-22T10:38:45.463+0500] {processor.py:208} INFO - Processing /home/ruslan/.local/lib/python3.10/site-packages/airflow/example_dags/example_params_trigger_ui.py took 0.059 seconds
[2025-03-22T10:39:39.035+0500] {processor.py:186} INFO - Started process (PID=39242) to work on /home/ruslan/.local/lib/python3.10/site-packages/airflow/example_dags/example_params_trigger_ui.py
[2025-03-22T10:39:39.036+0500] {processor.py:914} INFO - Processing file /home/ruslan/.local/lib/python3.10/site-packages/airflow/example_dags/example_params_trigger_ui.py for tasks to queue
[2025-03-22T10:39:39.037+0500] {logging_mixin.py:190} INFO - [2025-03-22T10:39:39.037+0500] {dagbag.py:588} INFO - Filling up the DagBag from /home/ruslan/.local/lib/python3.10/site-packages/airflow/example_dags/example_params_trigger_ui.py
[2025-03-22T10:39:39.043+0500] {processor.py:925} INFO - DAG(s) 'example_params_trigger_ui' retrieved from /home/ruslan/.local/lib/python3.10/site-packages/airflow/example_dags/example_params_trigger_ui.py
[2025-03-22T10:39:39.064+0500] {logging_mixin.py:190} INFO - [2025-03-22T10:39:39.064+0500] {dag.py:3239} INFO - Sync 1 DAGs
[2025-03-22T10:39:39.072+0500] {logging_mixin.py:190} INFO - [2025-03-22T10:39:39.071+0500] {dag.py:4180} INFO - Setting next_dagrun for example_params_trigger_ui to None, run_after=None
[2025-03-22T10:39:39.087+0500] {processor.py:208} INFO - Processing /home/ruslan/.local/lib/python3.10/site-packages/airflow/example_dags/example_params_trigger_ui.py took 0.056 seconds
[2025-03-22T10:40:29.210+0500] {processor.py:186} INFO - Started process (PID=39801) to work on /home/ruslan/.local/lib/python3.10/site-packages/airflow/example_dags/example_params_trigger_ui.py
[2025-03-22T10:40:29.211+0500] {processor.py:914} INFO - Processing file /home/ruslan/.local/lib/python3.10/site-packages/airflow/example_dags/example_params_trigger_ui.py for tasks to queue
[2025-03-22T10:40:29.213+0500] {logging_mixin.py:190} INFO - [2025-03-22T10:40:29.212+0500] {dagbag.py:588} INFO - Filling up the DagBag from /home/ruslan/.local/lib/python3.10/site-packages/airflow/example_dags/example_params_trigger_ui.py
[2025-03-22T10:40:29.219+0500] {processor.py:925} INFO - DAG(s) 'example_params_trigger_ui' retrieved from /home/ruslan/.local/lib/python3.10/site-packages/airflow/example_dags/example_params_trigger_ui.py
[2025-03-22T10:40:29.239+0500] {logging_mixin.py:190} INFO - [2025-03-22T10:40:29.239+0500] {dag.py:3239} INFO - Sync 1 DAGs
[2025-03-22T10:40:29.246+0500] {logging_mixin.py:190} INFO - [2025-03-22T10:40:29.246+0500] {dag.py:4180} INFO - Setting next_dagrun for example_params_trigger_ui to None, run_after=None
[2025-03-22T10:40:29.261+0500] {processor.py:208} INFO - Processing /home/ruslan/.local/lib/python3.10/site-packages/airflow/example_dags/example_params_trigger_ui.py took 0.055 seconds
[2025-03-22T10:41:24.669+0500] {processor.py:186} INFO - Started process (PID=40394) to work on /home/ruslan/.local/lib/python3.10/site-packages/airflow/example_dags/example_params_trigger_ui.py
[2025-03-22T10:41:24.670+0500] {processor.py:914} INFO - Processing file /home/ruslan/.local/lib/python3.10/site-packages/airflow/example_dags/example_params_trigger_ui.py for tasks to queue
[2025-03-22T10:41:24.672+0500] {logging_mixin.py:190} INFO - [2025-03-22T10:41:24.671+0500] {dagbag.py:588} INFO - Filling up the DagBag from /home/ruslan/.local/lib/python3.10/site-packages/airflow/example_dags/example_params_trigger_ui.py
[2025-03-22T10:41:24.679+0500] {processor.py:925} INFO - DAG(s) 'example_params_trigger_ui' retrieved from /home/ruslan/.local/lib/python3.10/site-packages/airflow/example_dags/example_params_trigger_ui.py
[2025-03-22T10:41:24.700+0500] {logging_mixin.py:190} INFO - [2025-03-22T10:41:24.700+0500] {dag.py:3239} INFO - Sync 1 DAGs
[2025-03-22T10:41:24.708+0500] {logging_mixin.py:190} INFO - [2025-03-22T10:41:24.707+0500] {dag.py:4180} INFO - Setting next_dagrun for example_params_trigger_ui to None, run_after=None
[2025-03-22T10:41:24.723+0500] {processor.py:208} INFO - Processing /home/ruslan/.local/lib/python3.10/site-packages/airflow/example_dags/example_params_trigger_ui.py took 0.058 seconds
[2025-03-22T10:42:24.871+0500] {processor.py:186} INFO - Started process (PID=41248) to work on /home/ruslan/.local/lib/python3.10/site-packages/airflow/example_dags/example_params_trigger_ui.py
[2025-03-22T10:42:24.872+0500] {processor.py:914} INFO - Processing file /home/ruslan/.local/lib/python3.10/site-packages/airflow/example_dags/example_params_trigger_ui.py for tasks to queue
[2025-03-22T10:42:24.873+0500] {logging_mixin.py:190} INFO - [2025-03-22T10:42:24.873+0500] {dagbag.py:588} INFO - Filling up the DagBag from /home/ruslan/.local/lib/python3.10/site-packages/airflow/example_dags/example_params_trigger_ui.py
[2025-03-22T10:42:24.880+0500] {processor.py:925} INFO - DAG(s) 'example_params_trigger_ui' retrieved from /home/ruslan/.local/lib/python3.10/site-packages/airflow/example_dags/example_params_trigger_ui.py
[2025-03-22T10:42:24.900+0500] {logging_mixin.py:190} INFO - [2025-03-22T10:42:24.900+0500] {dag.py:3239} INFO - Sync 1 DAGs
[2025-03-22T10:42:24.907+0500] {logging_mixin.py:190} INFO - [2025-03-22T10:42:24.906+0500] {dag.py:4180} INFO - Setting next_dagrun for example_params_trigger_ui to None, run_after=None
[2025-03-22T10:42:24.922+0500] {processor.py:208} INFO - Processing /home/ruslan/.local/lib/python3.10/site-packages/airflow/example_dags/example_params_trigger_ui.py took 0.055 seconds
[2025-03-22T10:43:19.576+0500] {processor.py:186} INFO - Started process (PID=41863) to work on /home/ruslan/.local/lib/python3.10/site-packages/airflow/example_dags/example_params_trigger_ui.py
[2025-03-22T10:43:19.577+0500] {processor.py:914} INFO - Processing file /home/ruslan/.local/lib/python3.10/site-packages/airflow/example_dags/example_params_trigger_ui.py for tasks to queue
[2025-03-22T10:43:19.578+0500] {logging_mixin.py:190} INFO - [2025-03-22T10:43:19.578+0500] {dagbag.py:588} INFO - Filling up the DagBag from /home/ruslan/.local/lib/python3.10/site-packages/airflow/example_dags/example_params_trigger_ui.py
[2025-03-22T10:43:19.585+0500] {processor.py:925} INFO - DAG(s) 'example_params_trigger_ui' retrieved from /home/ruslan/.local/lib/python3.10/site-packages/airflow/example_dags/example_params_trigger_ui.py
[2025-03-22T10:43:19.606+0500] {logging_mixin.py:190} INFO - [2025-03-22T10:43:19.606+0500] {dag.py:3239} INFO - Sync 1 DAGs
[2025-03-22T10:43:19.613+0500] {logging_mixin.py:190} INFO - [2025-03-22T10:43:19.612+0500] {dag.py:4180} INFO - Setting next_dagrun for example_params_trigger_ui to None, run_after=None
[2025-03-22T10:43:19.628+0500] {processor.py:208} INFO - Processing /home/ruslan/.local/lib/python3.10/site-packages/airflow/example_dags/example_params_trigger_ui.py took 0.055 seconds
[2025-03-22T10:44:16.988+0500] {processor.py:186} INFO - Started process (PID=42575) to work on /home/ruslan/.local/lib/python3.10/site-packages/airflow/example_dags/example_params_trigger_ui.py
[2025-03-22T10:44:16.989+0500] {processor.py:914} INFO - Processing file /home/ruslan/.local/lib/python3.10/site-packages/airflow/example_dags/example_params_trigger_ui.py for tasks to queue
[2025-03-22T10:44:16.990+0500] {logging_mixin.py:190} INFO - [2025-03-22T10:44:16.990+0500] {dagbag.py:588} INFO - Filling up the DagBag from /home/ruslan/.local/lib/python3.10/site-packages/airflow/example_dags/example_params_trigger_ui.py
[2025-03-22T10:44:16.997+0500] {processor.py:925} INFO - DAG(s) 'example_params_trigger_ui' retrieved from /home/ruslan/.local/lib/python3.10/site-packages/airflow/example_dags/example_params_trigger_ui.py
[2025-03-22T10:44:17.018+0500] {logging_mixin.py:190} INFO - [2025-03-22T10:44:17.018+0500] {dag.py:3239} INFO - Sync 1 DAGs
[2025-03-22T10:44:17.025+0500] {logging_mixin.py:190} INFO - [2025-03-22T10:44:17.025+0500] {dag.py:4180} INFO - Setting next_dagrun for example_params_trigger_ui to None, run_after=None
[2025-03-22T10:44:17.040+0500] {processor.py:208} INFO - Processing /home/ruslan/.local/lib/python3.10/site-packages/airflow/example_dags/example_params_trigger_ui.py took 0.056 seconds
[2025-03-22T10:45:11.291+0500] {processor.py:186} INFO - Started process (PID=43302) to work on /home/ruslan/.local/lib/python3.10/site-packages/airflow/example_dags/example_params_trigger_ui.py
[2025-03-22T10:45:11.292+0500] {processor.py:914} INFO - Processing file /home/ruslan/.local/lib/python3.10/site-packages/airflow/example_dags/example_params_trigger_ui.py for tasks to queue
[2025-03-22T10:45:11.294+0500] {logging_mixin.py:190} INFO - [2025-03-22T10:45:11.293+0500] {dagbag.py:588} INFO - Filling up the DagBag from /home/ruslan/.local/lib/python3.10/site-packages/airflow/example_dags/example_params_trigger_ui.py
[2025-03-22T10:45:11.300+0500] {processor.py:925} INFO - DAG(s) 'example_params_trigger_ui' retrieved from /home/ruslan/.local/lib/python3.10/site-packages/airflow/example_dags/example_params_trigger_ui.py
[2025-03-22T10:45:11.321+0500] {logging_mixin.py:190} INFO - [2025-03-22T10:45:11.320+0500] {dag.py:3239} INFO - Sync 1 DAGs
[2025-03-22T10:45:11.328+0500] {logging_mixin.py:190} INFO - [2025-03-22T10:45:11.328+0500] {dag.py:4180} INFO - Setting next_dagrun for example_params_trigger_ui to None, run_after=None
[2025-03-22T10:45:11.343+0500] {processor.py:208} INFO - Processing /home/ruslan/.local/lib/python3.10/site-packages/airflow/example_dags/example_params_trigger_ui.py took 0.055 seconds
[2025-03-22T10:46:08.163+0500] {processor.py:186} INFO - Started process (PID=43987) to work on /home/ruslan/.local/lib/python3.10/site-packages/airflow/example_dags/example_params_trigger_ui.py
[2025-03-22T10:46:08.164+0500] {processor.py:914} INFO - Processing file /home/ruslan/.local/lib/python3.10/site-packages/airflow/example_dags/example_params_trigger_ui.py for tasks to queue
[2025-03-22T10:46:08.165+0500] {logging_mixin.py:190} INFO - [2025-03-22T10:46:08.165+0500] {dagbag.py:588} INFO - Filling up the DagBag from /home/ruslan/.local/lib/python3.10/site-packages/airflow/example_dags/example_params_trigger_ui.py
[2025-03-22T10:46:08.172+0500] {processor.py:925} INFO - DAG(s) 'example_params_trigger_ui' retrieved from /home/ruslan/.local/lib/python3.10/site-packages/airflow/example_dags/example_params_trigger_ui.py
[2025-03-22T10:46:08.192+0500] {logging_mixin.py:190} INFO - [2025-03-22T10:46:08.192+0500] {dag.py:3239} INFO - Sync 1 DAGs
[2025-03-22T10:46:08.199+0500] {logging_mixin.py:190} INFO - [2025-03-22T10:46:08.199+0500] {dag.py:4180} INFO - Setting next_dagrun for example_params_trigger_ui to None, run_after=None
[2025-03-22T10:46:08.214+0500] {processor.py:208} INFO - Processing /home/ruslan/.local/lib/python3.10/site-packages/airflow/example_dags/example_params_trigger_ui.py took 0.055 seconds
[2025-03-22T10:47:03.525+0500] {processor.py:186} INFO - Started process (PID=44659) to work on /home/ruslan/.local/lib/python3.10/site-packages/airflow/example_dags/example_params_trigger_ui.py
[2025-03-22T10:47:03.526+0500] {processor.py:914} INFO - Processing file /home/ruslan/.local/lib/python3.10/site-packages/airflow/example_dags/example_params_trigger_ui.py for tasks to queue
[2025-03-22T10:47:03.527+0500] {logging_mixin.py:190} INFO - [2025-03-22T10:47:03.527+0500] {dagbag.py:588} INFO - Filling up the DagBag from /home/ruslan/.local/lib/python3.10/site-packages/airflow/example_dags/example_params_trigger_ui.py
[2025-03-22T10:47:03.535+0500] {processor.py:925} INFO - DAG(s) 'example_params_trigger_ui' retrieved from /home/ruslan/.local/lib/python3.10/site-packages/airflow/example_dags/example_params_trigger_ui.py
[2025-03-22T10:47:03.558+0500] {logging_mixin.py:190} INFO - [2025-03-22T10:47:03.558+0500] {dag.py:3239} INFO - Sync 1 DAGs
[2025-03-22T10:47:03.566+0500] {logging_mixin.py:190} INFO - [2025-03-22T10:47:03.566+0500] {dag.py:4180} INFO - Setting next_dagrun for example_params_trigger_ui to None, run_after=None
[2025-03-22T10:47:03.581+0500] {processor.py:208} INFO - Processing /home/ruslan/.local/lib/python3.10/site-packages/airflow/example_dags/example_params_trigger_ui.py took 0.060 seconds
[2025-03-22T10:47:57.703+0500] {processor.py:186} INFO - Started process (PID=45344) to work on /home/ruslan/.local/lib/python3.10/site-packages/airflow/example_dags/example_params_trigger_ui.py
[2025-03-22T10:47:57.705+0500] {processor.py:914} INFO - Processing file /home/ruslan/.local/lib/python3.10/site-packages/airflow/example_dags/example_params_trigger_ui.py for tasks to queue
[2025-03-22T10:47:57.706+0500] {logging_mixin.py:190} INFO - [2025-03-22T10:47:57.706+0500] {dagbag.py:588} INFO - Filling up the DagBag from /home/ruslan/.local/lib/python3.10/site-packages/airflow/example_dags/example_params_trigger_ui.py
[2025-03-22T10:47:57.713+0500] {processor.py:925} INFO - DAG(s) 'example_params_trigger_ui' retrieved from /home/ruslan/.local/lib/python3.10/site-packages/airflow/example_dags/example_params_trigger_ui.py
[2025-03-22T10:47:57.733+0500] {logging_mixin.py:190} INFO - [2025-03-22T10:47:57.733+0500] {dag.py:3239} INFO - Sync 1 DAGs
[2025-03-22T10:47:57.740+0500] {logging_mixin.py:190} INFO - [2025-03-22T10:47:57.740+0500] {dag.py:4180} INFO - Setting next_dagrun for example_params_trigger_ui to None, run_after=None
[2025-03-22T10:47:57.755+0500] {processor.py:208} INFO - Processing /home/ruslan/.local/lib/python3.10/site-packages/airflow/example_dags/example_params_trigger_ui.py took 0.056 seconds
[2025-03-22T10:48:50.190+0500] {processor.py:186} INFO - Started process (PID=46116) to work on /home/ruslan/.local/lib/python3.10/site-packages/airflow/example_dags/example_params_trigger_ui.py
[2025-03-22T10:48:50.191+0500] {processor.py:914} INFO - Processing file /home/ruslan/.local/lib/python3.10/site-packages/airflow/example_dags/example_params_trigger_ui.py for tasks to queue
[2025-03-22T10:48:50.192+0500] {logging_mixin.py:190} INFO - [2025-03-22T10:48:50.192+0500] {dagbag.py:588} INFO - Filling up the DagBag from /home/ruslan/.local/lib/python3.10/site-packages/airflow/example_dags/example_params_trigger_ui.py
[2025-03-22T10:48:50.199+0500] {processor.py:925} INFO - DAG(s) 'example_params_trigger_ui' retrieved from /home/ruslan/.local/lib/python3.10/site-packages/airflow/example_dags/example_params_trigger_ui.py
[2025-03-22T10:48:50.219+0500] {logging_mixin.py:190} INFO - [2025-03-22T10:48:50.219+0500] {dag.py:3239} INFO - Sync 1 DAGs
[2025-03-22T10:48:50.226+0500] {logging_mixin.py:190} INFO - [2025-03-22T10:48:50.226+0500] {dag.py:4180} INFO - Setting next_dagrun for example_params_trigger_ui to None, run_after=None
[2025-03-22T10:48:50.241+0500] {processor.py:208} INFO - Processing /home/ruslan/.local/lib/python3.10/site-packages/airflow/example_dags/example_params_trigger_ui.py took 0.055 seconds
[2025-03-22T12:46:48.988+0500] {processor.py:186} INFO - Started process (PID=904) to work on /home/ruslan/.local/lib/python3.10/site-packages/airflow/example_dags/example_params_trigger_ui.py
[2025-03-22T12:46:48.989+0500] {processor.py:914} INFO - Processing file /home/ruslan/.local/lib/python3.10/site-packages/airflow/example_dags/example_params_trigger_ui.py for tasks to queue
[2025-03-22T12:46:48.990+0500] {logging_mixin.py:190} INFO - [2025-03-22T12:46:48.990+0500] {dagbag.py:588} INFO - Filling up the DagBag from /home/ruslan/.local/lib/python3.10/site-packages/airflow/example_dags/example_params_trigger_ui.py
[2025-03-22T12:46:48.997+0500] {processor.py:925} INFO - DAG(s) 'example_params_trigger_ui' retrieved from /home/ruslan/.local/lib/python3.10/site-packages/airflow/example_dags/example_params_trigger_ui.py
[2025-03-22T12:46:49.021+0500] {logging_mixin.py:190} INFO - [2025-03-22T12:46:49.021+0500] {dag.py:3239} INFO - Sync 1 DAGs
[2025-03-22T12:46:49.027+0500] {logging_mixin.py:190} INFO - [2025-03-22T12:46:49.027+0500] {dag.py:4180} INFO - Setting next_dagrun for example_params_trigger_ui to None, run_after=None
[2025-03-22T12:46:49.041+0500] {processor.py:208} INFO - Processing /home/ruslan/.local/lib/python3.10/site-packages/airflow/example_dags/example_params_trigger_ui.py took 0.057 seconds
[2025-03-22T12:47:44.888+0500] {processor.py:186} INFO - Started process (PID=6166) to work on /home/ruslan/.local/lib/python3.10/site-packages/airflow/example_dags/example_params_trigger_ui.py
[2025-03-22T12:47:44.889+0500] {processor.py:914} INFO - Processing file /home/ruslan/.local/lib/python3.10/site-packages/airflow/example_dags/example_params_trigger_ui.py for tasks to queue
[2025-03-22T12:47:44.890+0500] {logging_mixin.py:190} INFO - [2025-03-22T12:47:44.890+0500] {dagbag.py:588} INFO - Filling up the DagBag from /home/ruslan/.local/lib/python3.10/site-packages/airflow/example_dags/example_params_trigger_ui.py
[2025-03-22T12:47:44.898+0500] {processor.py:925} INFO - DAG(s) 'example_params_trigger_ui' retrieved from /home/ruslan/.local/lib/python3.10/site-packages/airflow/example_dags/example_params_trigger_ui.py
[2025-03-22T12:47:44.921+0500] {logging_mixin.py:190} INFO - [2025-03-22T12:47:44.920+0500] {dag.py:3239} INFO - Sync 1 DAGs
[2025-03-22T12:47:44.928+0500] {logging_mixin.py:190} INFO - [2025-03-22T12:47:44.928+0500] {dag.py:4180} INFO - Setting next_dagrun for example_params_trigger_ui to None, run_after=None
[2025-03-22T12:47:44.943+0500] {processor.py:208} INFO - Processing /home/ruslan/.local/lib/python3.10/site-packages/airflow/example_dags/example_params_trigger_ui.py took 0.058 seconds
[2025-03-22T12:48:38.446+0500] {processor.py:186} INFO - Started process (PID=6459) to work on /home/ruslan/.local/lib/python3.10/site-packages/airflow/example_dags/example_params_trigger_ui.py
[2025-03-22T12:48:38.447+0500] {processor.py:914} INFO - Processing file /home/ruslan/.local/lib/python3.10/site-packages/airflow/example_dags/example_params_trigger_ui.py for tasks to queue
[2025-03-22T12:48:38.448+0500] {logging_mixin.py:190} INFO - [2025-03-22T12:48:38.448+0500] {dagbag.py:588} INFO - Filling up the DagBag from /home/ruslan/.local/lib/python3.10/site-packages/airflow/example_dags/example_params_trigger_ui.py
[2025-03-22T12:48:38.455+0500] {processor.py:925} INFO - DAG(s) 'example_params_trigger_ui' retrieved from /home/ruslan/.local/lib/python3.10/site-packages/airflow/example_dags/example_params_trigger_ui.py
[2025-03-22T12:48:38.480+0500] {logging_mixin.py:190} INFO - [2025-03-22T12:48:38.480+0500] {dag.py:3239} INFO - Sync 1 DAGs
[2025-03-22T12:48:38.488+0500] {logging_mixin.py:190} INFO - [2025-03-22T12:48:38.488+0500] {dag.py:4180} INFO - Setting next_dagrun for example_params_trigger_ui to None, run_after=None
[2025-03-22T12:48:38.509+0500] {processor.py:208} INFO - Processing /home/ruslan/.local/lib/python3.10/site-packages/airflow/example_dags/example_params_trigger_ui.py took 0.068 seconds
[2025-03-22T12:49:30.114+0500] {processor.py:186} INFO - Started process (PID=7350) to work on /home/ruslan/.local/lib/python3.10/site-packages/airflow/example_dags/example_params_trigger_ui.py
[2025-03-22T12:49:30.115+0500] {processor.py:914} INFO - Processing file /home/ruslan/.local/lib/python3.10/site-packages/airflow/example_dags/example_params_trigger_ui.py for tasks to queue
[2025-03-22T12:49:30.116+0500] {logging_mixin.py:190} INFO - [2025-03-22T12:49:30.116+0500] {dagbag.py:588} INFO - Filling up the DagBag from /home/ruslan/.local/lib/python3.10/site-packages/airflow/example_dags/example_params_trigger_ui.py
[2025-03-22T12:49:30.123+0500] {processor.py:925} INFO - DAG(s) 'example_params_trigger_ui' retrieved from /home/ruslan/.local/lib/python3.10/site-packages/airflow/example_dags/example_params_trigger_ui.py
[2025-03-22T12:49:30.144+0500] {logging_mixin.py:190} INFO - [2025-03-22T12:49:30.144+0500] {dag.py:3239} INFO - Sync 1 DAGs
[2025-03-22T12:49:30.151+0500] {logging_mixin.py:190} INFO - [2025-03-22T12:49:30.151+0500] {dag.py:4180} INFO - Setting next_dagrun for example_params_trigger_ui to None, run_after=None
[2025-03-22T12:49:30.165+0500] {processor.py:208} INFO - Processing /home/ruslan/.local/lib/python3.10/site-packages/airflow/example_dags/example_params_trigger_ui.py took 0.055 seconds
[2025-03-22T12:50:22.620+0500] {processor.py:186} INFO - Started process (PID=7805) to work on /home/ruslan/.local/lib/python3.10/site-packages/airflow/example_dags/example_params_trigger_ui.py
[2025-03-22T12:50:22.621+0500] {processor.py:914} INFO - Processing file /home/ruslan/.local/lib/python3.10/site-packages/airflow/example_dags/example_params_trigger_ui.py for tasks to queue
[2025-03-22T12:50:22.623+0500] {logging_mixin.py:190} INFO - [2025-03-22T12:50:22.622+0500] {dagbag.py:588} INFO - Filling up the DagBag from /home/ruslan/.local/lib/python3.10/site-packages/airflow/example_dags/example_params_trigger_ui.py
[2025-03-22T12:50:22.630+0500] {processor.py:925} INFO - DAG(s) 'example_params_trigger_ui' retrieved from /home/ruslan/.local/lib/python3.10/site-packages/airflow/example_dags/example_params_trigger_ui.py
[2025-03-22T12:50:22.653+0500] {logging_mixin.py:190} INFO - [2025-03-22T12:50:22.653+0500] {dag.py:3239} INFO - Sync 1 DAGs
[2025-03-22T12:50:22.660+0500] {logging_mixin.py:190} INFO - [2025-03-22T12:50:22.660+0500] {dag.py:4180} INFO - Setting next_dagrun for example_params_trigger_ui to None, run_after=None
[2025-03-22T12:50:22.674+0500] {processor.py:208} INFO - Processing /home/ruslan/.local/lib/python3.10/site-packages/airflow/example_dags/example_params_trigger_ui.py took 0.057 seconds
[2025-03-22T12:50:56.025+0500] {processor.py:186} INFO - Started process (PID=8482) to work on /home/ruslan/.local/lib/python3.10/site-packages/airflow/example_dags/example_params_trigger_ui.py
[2025-03-22T12:50:56.026+0500] {processor.py:914} INFO - Processing file /home/ruslan/.local/lib/python3.10/site-packages/airflow/example_dags/example_params_trigger_ui.py for tasks to queue
[2025-03-22T12:50:56.027+0500] {logging_mixin.py:190} INFO - [2025-03-22T12:50:56.027+0500] {dagbag.py:588} INFO - Filling up the DagBag from /home/ruslan/.local/lib/python3.10/site-packages/airflow/example_dags/example_params_trigger_ui.py
[2025-03-22T12:50:56.035+0500] {processor.py:925} INFO - DAG(s) 'example_params_trigger_ui' retrieved from /home/ruslan/.local/lib/python3.10/site-packages/airflow/example_dags/example_params_trigger_ui.py
[2025-03-22T12:50:56.060+0500] {logging_mixin.py:190} INFO - [2025-03-22T12:50:56.060+0500] {dag.py:3239} INFO - Sync 1 DAGs
[2025-03-22T12:50:56.067+0500] {logging_mixin.py:190} INFO - [2025-03-22T12:50:56.067+0500] {dag.py:4180} INFO - Setting next_dagrun for example_params_trigger_ui to None, run_after=None
[2025-03-22T12:50:56.081+0500] {processor.py:208} INFO - Processing /home/ruslan/.local/lib/python3.10/site-packages/airflow/example_dags/example_params_trigger_ui.py took 0.060 seconds
