[2025-03-22T10:06:53.788+0500] {processor.py:186} INFO - Started process (PID=17636) to work on /home/ruslan/.local/lib/python3.10/site-packages/airflow/example_dags/example_python_decorator.py
[2025-03-22T10:06:53.789+0500] {processor.py:914} INFO - Processing file /home/ruslan/.local/lib/python3.10/site-packages/airflow/example_dags/example_python_decorator.py for tasks to queue
[2025-03-22T10:06:53.791+0500] {logging_mixin.py:190} INFO - [2025-03-22T10:06:53.790+0500] {dagbag.py:588} INFO - Filling up the DagBag from /home/ruslan/.local/lib/python3.10/site-packages/airflow/example_dags/example_python_decorator.py
[2025-03-22T10:06:53.835+0500] {logging_mixin.py:190} INFO - [2025-03-22T10:06:53.834+0500] {example_python_decorator.py:80} WARNING - The virtalenv_python example task requires virtualenv, please install it.
[2025-03-22T10:06:53.837+0500] {processor.py:925} INFO - DAG(s) 'example_python_decorator' retrieved from /home/ruslan/.local/lib/python3.10/site-packages/airflow/example_dags/example_python_decorator.py
[2025-03-22T10:06:53.902+0500] {logging_mixin.py:190} INFO - [2025-03-22T10:06:53.901+0500] {override.py:1930} INFO - Created Permission View: can delete on DAG:example_python_decorator
[2025-03-22T10:06:53.911+0500] {logging_mixin.py:190} INFO - [2025-03-22T10:06:53.911+0500] {override.py:1930} INFO - Created Permission View: can read on DAG:example_python_decorator
[2025-03-22T10:06:53.919+0500] {logging_mixin.py:190} INFO - [2025-03-22T10:06:53.918+0500] {override.py:1930} INFO - Created Permission View: can edit on DAG:example_python_decorator
[2025-03-22T10:06:53.931+0500] {logging_mixin.py:190} INFO - [2025-03-22T10:06:53.930+0500] {override.py:1930} INFO - Created Permission View: can create on DAG Run:example_python_decorator
[2025-03-22T10:06:53.939+0500] {logging_mixin.py:190} INFO - [2025-03-22T10:06:53.938+0500] {override.py:1930} INFO - Created Permission View: menu access on DAG Run:example_python_decorator
[2025-03-22T10:06:53.946+0500] {logging_mixin.py:190} INFO - [2025-03-22T10:06:53.946+0500] {override.py:1930} INFO - Created Permission View: can read on DAG Run:example_python_decorator
[2025-03-22T10:06:53.953+0500] {logging_mixin.py:190} INFO - [2025-03-22T10:06:53.953+0500] {override.py:1930} INFO - Created Permission View: can delete on DAG Run:example_python_decorator
[2025-03-22T10:06:53.954+0500] {logging_mixin.py:190} INFO - [2025-03-22T10:06:53.954+0500] {dag.py:3239} INFO - Sync 1 DAGs
[2025-03-22T10:06:53.961+0500] {logging_mixin.py:190} INFO - [2025-03-22T10:06:53.961+0500] {dag.py:3262} INFO - Creating ORM DAG for example_python_decorator
[2025-03-22T10:06:53.961+0500] {logging_mixin.py:190} INFO - [2025-03-22T10:06:53.961+0500] {dag.py:4180} INFO - Setting next_dagrun for example_python_decorator to None, run_after=None
[2025-03-22T10:06:53.975+0500] {processor.py:208} INFO - Processing /home/ruslan/.local/lib/python3.10/site-packages/airflow/example_dags/example_python_decorator.py took 0.192 seconds
[2025-03-22T10:07:55.643+0500] {processor.py:186} INFO - Started process (PID=18320) to work on /home/ruslan/.local/lib/python3.10/site-packages/airflow/example_dags/example_python_decorator.py
[2025-03-22T10:07:55.644+0500] {processor.py:914} INFO - Processing file /home/ruslan/.local/lib/python3.10/site-packages/airflow/example_dags/example_python_decorator.py for tasks to queue
[2025-03-22T10:07:55.645+0500] {logging_mixin.py:190} INFO - [2025-03-22T10:07:55.645+0500] {dagbag.py:588} INFO - Filling up the DagBag from /home/ruslan/.local/lib/python3.10/site-packages/airflow/example_dags/example_python_decorator.py
[2025-03-22T10:07:55.685+0500] {logging_mixin.py:190} INFO - [2025-03-22T10:07:55.685+0500] {example_python_decorator.py:80} WARNING - The virtalenv_python example task requires virtualenv, please install it.
[2025-03-22T10:07:55.687+0500] {processor.py:925} INFO - DAG(s) 'example_python_decorator' retrieved from /home/ruslan/.local/lib/python3.10/site-packages/airflow/example_dags/example_python_decorator.py
[2025-03-22T10:07:55.696+0500] {logging_mixin.py:190} INFO - [2025-03-22T10:07:55.696+0500] {dag.py:3239} INFO - Sync 1 DAGs
[2025-03-22T10:07:55.703+0500] {logging_mixin.py:190} INFO - [2025-03-22T10:07:55.703+0500] {dag.py:4180} INFO - Setting next_dagrun for example_python_decorator to None, run_after=None
[2025-03-22T10:07:55.718+0500] {processor.py:208} INFO - Processing /home/ruslan/.local/lib/python3.10/site-packages/airflow/example_dags/example_python_decorator.py took 0.079 seconds
[2025-03-22T10:08:50.878+0500] {processor.py:186} INFO - Started process (PID=18913) to work on /home/ruslan/.local/lib/python3.10/site-packages/airflow/example_dags/example_python_decorator.py
[2025-03-22T10:08:50.879+0500] {processor.py:914} INFO - Processing file /home/ruslan/.local/lib/python3.10/site-packages/airflow/example_dags/example_python_decorator.py for tasks to queue
[2025-03-22T10:08:50.880+0500] {logging_mixin.py:190} INFO - [2025-03-22T10:08:50.880+0500] {dagbag.py:588} INFO - Filling up the DagBag from /home/ruslan/.local/lib/python3.10/site-packages/airflow/example_dags/example_python_decorator.py
[2025-03-22T10:08:50.920+0500] {logging_mixin.py:190} INFO - [2025-03-22T10:08:50.920+0500] {example_python_decorator.py:80} WARNING - The virtalenv_python example task requires virtualenv, please install it.
[2025-03-22T10:08:50.921+0500] {processor.py:925} INFO - DAG(s) 'example_python_decorator' retrieved from /home/ruslan/.local/lib/python3.10/site-packages/airflow/example_dags/example_python_decorator.py
[2025-03-22T10:08:50.931+0500] {logging_mixin.py:190} INFO - [2025-03-22T10:08:50.931+0500] {dag.py:3239} INFO - Sync 1 DAGs
[2025-03-22T10:08:50.938+0500] {logging_mixin.py:190} INFO - [2025-03-22T10:08:50.938+0500] {dag.py:4180} INFO - Setting next_dagrun for example_python_decorator to None, run_after=None
[2025-03-22T10:08:50.953+0500] {processor.py:208} INFO - Processing /home/ruslan/.local/lib/python3.10/site-packages/airflow/example_dags/example_python_decorator.py took 0.078 seconds
[2025-03-22T10:09:43.311+0500] {processor.py:186} INFO - Started process (PID=19410) to work on /home/ruslan/.local/lib/python3.10/site-packages/airflow/example_dags/example_python_decorator.py
[2025-03-22T10:09:43.312+0500] {processor.py:914} INFO - Processing file /home/ruslan/.local/lib/python3.10/site-packages/airflow/example_dags/example_python_decorator.py for tasks to queue
[2025-03-22T10:09:43.313+0500] {logging_mixin.py:190} INFO - [2025-03-22T10:09:43.313+0500] {dagbag.py:588} INFO - Filling up the DagBag from /home/ruslan/.local/lib/python3.10/site-packages/airflow/example_dags/example_python_decorator.py
[2025-03-22T10:09:43.357+0500] {logging_mixin.py:190} INFO - [2025-03-22T10:09:43.356+0500] {example_python_decorator.py:80} WARNING - The virtalenv_python example task requires virtualenv, please install it.
[2025-03-22T10:09:43.358+0500] {processor.py:925} INFO - DAG(s) 'example_python_decorator' retrieved from /home/ruslan/.local/lib/python3.10/site-packages/airflow/example_dags/example_python_decorator.py
[2025-03-22T10:09:43.368+0500] {logging_mixin.py:190} INFO - [2025-03-22T10:09:43.368+0500] {dag.py:3239} INFO - Sync 1 DAGs
[2025-03-22T10:09:43.377+0500] {logging_mixin.py:190} INFO - [2025-03-22T10:09:43.376+0500] {dag.py:4180} INFO - Setting next_dagrun for example_python_decorator to None, run_after=None
[2025-03-22T10:09:43.393+0500] {processor.py:208} INFO - Processing /home/ruslan/.local/lib/python3.10/site-packages/airflow/example_dags/example_python_decorator.py took 0.086 seconds
[2025-03-22T10:10:38.978+0500] {processor.py:186} INFO - Started process (PID=19997) to work on /home/ruslan/.local/lib/python3.10/site-packages/airflow/example_dags/example_python_decorator.py
[2025-03-22T10:10:38.979+0500] {processor.py:914} INFO - Processing file /home/ruslan/.local/lib/python3.10/site-packages/airflow/example_dags/example_python_decorator.py for tasks to queue
[2025-03-22T10:10:38.980+0500] {logging_mixin.py:190} INFO - [2025-03-22T10:10:38.980+0500] {dagbag.py:588} INFO - Filling up the DagBag from /home/ruslan/.local/lib/python3.10/site-packages/airflow/example_dags/example_python_decorator.py
[2025-03-22T10:10:39.029+0500] {logging_mixin.py:190} INFO - [2025-03-22T10:10:39.029+0500] {example_python_decorator.py:80} WARNING - The virtalenv_python example task requires virtualenv, please install it.
[2025-03-22T10:10:39.031+0500] {processor.py:925} INFO - DAG(s) 'example_python_decorator' retrieved from /home/ruslan/.local/lib/python3.10/site-packages/airflow/example_dags/example_python_decorator.py
[2025-03-22T10:10:39.044+0500] {logging_mixin.py:190} INFO - [2025-03-22T10:10:39.044+0500] {dag.py:3239} INFO - Sync 1 DAGs
[2025-03-22T10:10:39.053+0500] {logging_mixin.py:190} INFO - [2025-03-22T10:10:39.053+0500] {dag.py:4180} INFO - Setting next_dagrun for example_python_decorator to None, run_after=None
[2025-03-22T10:10:39.071+0500] {processor.py:208} INFO - Processing /home/ruslan/.local/lib/python3.10/site-packages/airflow/example_dags/example_python_decorator.py took 0.097 seconds
[2025-03-22T10:11:32.978+0500] {processor.py:186} INFO - Started process (PID=20591) to work on /home/ruslan/.local/lib/python3.10/site-packages/airflow/example_dags/example_python_decorator.py
[2025-03-22T10:11:32.979+0500] {processor.py:914} INFO - Processing file /home/ruslan/.local/lib/python3.10/site-packages/airflow/example_dags/example_python_decorator.py for tasks to queue
[2025-03-22T10:11:32.980+0500] {logging_mixin.py:190} INFO - [2025-03-22T10:11:32.980+0500] {dagbag.py:588} INFO - Filling up the DagBag from /home/ruslan/.local/lib/python3.10/site-packages/airflow/example_dags/example_python_decorator.py
[2025-03-22T10:11:33.021+0500] {logging_mixin.py:190} INFO - [2025-03-22T10:11:33.021+0500] {example_python_decorator.py:80} WARNING - The virtalenv_python example task requires virtualenv, please install it.
[2025-03-22T10:11:33.023+0500] {processor.py:925} INFO - DAG(s) 'example_python_decorator' retrieved from /home/ruslan/.local/lib/python3.10/site-packages/airflow/example_dags/example_python_decorator.py
[2025-03-22T10:11:33.032+0500] {logging_mixin.py:190} INFO - [2025-03-22T10:11:33.032+0500] {dag.py:3239} INFO - Sync 1 DAGs
[2025-03-22T10:11:33.039+0500] {logging_mixin.py:190} INFO - [2025-03-22T10:11:33.039+0500] {dag.py:4180} INFO - Setting next_dagrun for example_python_decorator to None, run_after=None
[2025-03-22T10:11:33.054+0500] {processor.py:208} INFO - Processing /home/ruslan/.local/lib/python3.10/site-packages/airflow/example_dags/example_python_decorator.py took 0.080 seconds
[2025-03-22T10:12:24.825+0500] {processor.py:186} INFO - Started process (PID=21107) to work on /home/ruslan/.local/lib/python3.10/site-packages/airflow/example_dags/example_python_decorator.py
[2025-03-22T10:12:24.826+0500] {processor.py:914} INFO - Processing file /home/ruslan/.local/lib/python3.10/site-packages/airflow/example_dags/example_python_decorator.py for tasks to queue
[2025-03-22T10:12:24.828+0500] {logging_mixin.py:190} INFO - [2025-03-22T10:12:24.828+0500] {dagbag.py:588} INFO - Filling up the DagBag from /home/ruslan/.local/lib/python3.10/site-packages/airflow/example_dags/example_python_decorator.py
[2025-03-22T10:12:24.864+0500] {logging_mixin.py:190} INFO - [2025-03-22T10:12:24.863+0500] {example_python_decorator.py:80} WARNING - The virtalenv_python example task requires virtualenv, please install it.
[2025-03-22T10:12:24.865+0500] {processor.py:925} INFO - DAG(s) 'example_python_decorator' retrieved from /home/ruslan/.local/lib/python3.10/site-packages/airflow/example_dags/example_python_decorator.py
[2025-03-22T10:12:24.875+0500] {logging_mixin.py:190} INFO - [2025-03-22T10:12:24.875+0500] {dag.py:3239} INFO - Sync 1 DAGs
[2025-03-22T10:12:24.883+0500] {logging_mixin.py:190} INFO - [2025-03-22T10:12:24.883+0500] {dag.py:4180} INFO - Setting next_dagrun for example_python_decorator to None, run_after=None
[2025-03-22T10:12:24.900+0500] {processor.py:208} INFO - Processing /home/ruslan/.local/lib/python3.10/site-packages/airflow/example_dags/example_python_decorator.py took 0.079 seconds
[2025-03-22T10:13:14.975+0500] {processor.py:186} INFO - Started process (PID=21599) to work on /home/ruslan/.local/lib/python3.10/site-packages/airflow/example_dags/example_python_decorator.py
[2025-03-22T10:13:14.976+0500] {processor.py:914} INFO - Processing file /home/ruslan/.local/lib/python3.10/site-packages/airflow/example_dags/example_python_decorator.py for tasks to queue
[2025-03-22T10:13:14.977+0500] {logging_mixin.py:190} INFO - [2025-03-22T10:13:14.977+0500] {dagbag.py:588} INFO - Filling up the DagBag from /home/ruslan/.local/lib/python3.10/site-packages/airflow/example_dags/example_python_decorator.py
[2025-03-22T10:13:15.027+0500] {logging_mixin.py:190} INFO - [2025-03-22T10:13:15.027+0500] {example_python_decorator.py:80} WARNING - The virtalenv_python example task requires virtualenv, please install it.
[2025-03-22T10:13:15.029+0500] {processor.py:925} INFO - DAG(s) 'example_python_decorator' retrieved from /home/ruslan/.local/lib/python3.10/site-packages/airflow/example_dags/example_python_decorator.py
[2025-03-22T10:13:15.042+0500] {logging_mixin.py:190} INFO - [2025-03-22T10:13:15.041+0500] {dag.py:3239} INFO - Sync 1 DAGs
[2025-03-22T10:13:15.051+0500] {logging_mixin.py:190} INFO - [2025-03-22T10:13:15.051+0500] {dag.py:4180} INFO - Setting next_dagrun for example_python_decorator to None, run_after=None
[2025-03-22T10:13:15.069+0500] {processor.py:208} INFO - Processing /home/ruslan/.local/lib/python3.10/site-packages/airflow/example_dags/example_python_decorator.py took 0.099 seconds
[2025-03-22T10:14:08.594+0500] {processor.py:186} INFO - Started process (PID=22185) to work on /home/ruslan/.local/lib/python3.10/site-packages/airflow/example_dags/example_python_decorator.py
[2025-03-22T10:14:08.595+0500] {processor.py:914} INFO - Processing file /home/ruslan/.local/lib/python3.10/site-packages/airflow/example_dags/example_python_decorator.py for tasks to queue
[2025-03-22T10:14:08.597+0500] {logging_mixin.py:190} INFO - [2025-03-22T10:14:08.596+0500] {dagbag.py:588} INFO - Filling up the DagBag from /home/ruslan/.local/lib/python3.10/site-packages/airflow/example_dags/example_python_decorator.py
[2025-03-22T10:14:08.631+0500] {logging_mixin.py:190} INFO - [2025-03-22T10:14:08.631+0500] {example_python_decorator.py:80} WARNING - The virtalenv_python example task requires virtualenv, please install it.
[2025-03-22T10:14:08.632+0500] {processor.py:925} INFO - DAG(s) 'example_python_decorator' retrieved from /home/ruslan/.local/lib/python3.10/site-packages/airflow/example_dags/example_python_decorator.py
[2025-03-22T10:14:08.642+0500] {logging_mixin.py:190} INFO - [2025-03-22T10:14:08.642+0500] {dag.py:3239} INFO - Sync 1 DAGs
[2025-03-22T10:14:08.650+0500] {logging_mixin.py:190} INFO - [2025-03-22T10:14:08.650+0500] {dag.py:4180} INFO - Setting next_dagrun for example_python_decorator to None, run_after=None
[2025-03-22T10:14:08.665+0500] {processor.py:208} INFO - Processing /home/ruslan/.local/lib/python3.10/site-packages/airflow/example_dags/example_python_decorator.py took 0.075 seconds
[2025-03-22T10:15:01.605+0500] {processor.py:186} INFO - Started process (PID=22706) to work on /home/ruslan/.local/lib/python3.10/site-packages/airflow/example_dags/example_python_decorator.py
[2025-03-22T10:15:01.606+0500] {processor.py:914} INFO - Processing file /home/ruslan/.local/lib/python3.10/site-packages/airflow/example_dags/example_python_decorator.py for tasks to queue
[2025-03-22T10:15:01.607+0500] {logging_mixin.py:190} INFO - [2025-03-22T10:15:01.607+0500] {dagbag.py:588} INFO - Filling up the DagBag from /home/ruslan/.local/lib/python3.10/site-packages/airflow/example_dags/example_python_decorator.py
[2025-03-22T10:15:01.646+0500] {logging_mixin.py:190} INFO - [2025-03-22T10:15:01.645+0500] {example_python_decorator.py:80} WARNING - The virtalenv_python example task requires virtualenv, please install it.
[2025-03-22T10:15:01.647+0500] {processor.py:925} INFO - DAG(s) 'example_python_decorator' retrieved from /home/ruslan/.local/lib/python3.10/site-packages/airflow/example_dags/example_python_decorator.py
[2025-03-22T10:15:01.657+0500] {logging_mixin.py:190} INFO - [2025-03-22T10:15:01.657+0500] {dag.py:3239} INFO - Sync 1 DAGs
[2025-03-22T10:15:01.664+0500] {logging_mixin.py:190} INFO - [2025-03-22T10:15:01.664+0500] {dag.py:4180} INFO - Setting next_dagrun for example_python_decorator to None, run_after=None
[2025-03-22T10:15:01.678+0500] {processor.py:208} INFO - Processing /home/ruslan/.local/lib/python3.10/site-packages/airflow/example_dags/example_python_decorator.py took 0.076 seconds
[2025-03-22T10:15:54.959+0500] {processor.py:186} INFO - Started process (PID=23301) to work on /home/ruslan/.local/lib/python3.10/site-packages/airflow/example_dags/example_python_decorator.py
[2025-03-22T10:15:54.961+0500] {processor.py:914} INFO - Processing file /home/ruslan/.local/lib/python3.10/site-packages/airflow/example_dags/example_python_decorator.py for tasks to queue
[2025-03-22T10:15:54.962+0500] {logging_mixin.py:190} INFO - [2025-03-22T10:15:54.962+0500] {dagbag.py:588} INFO - Filling up the DagBag from /home/ruslan/.local/lib/python3.10/site-packages/airflow/example_dags/example_python_decorator.py
[2025-03-22T10:15:55.001+0500] {logging_mixin.py:190} INFO - [2025-03-22T10:15:55.001+0500] {example_python_decorator.py:80} WARNING - The virtalenv_python example task requires virtualenv, please install it.
[2025-03-22T10:15:55.003+0500] {processor.py:925} INFO - DAG(s) 'example_python_decorator' retrieved from /home/ruslan/.local/lib/python3.10/site-packages/airflow/example_dags/example_python_decorator.py
[2025-03-22T10:15:55.012+0500] {logging_mixin.py:190} INFO - [2025-03-22T10:15:55.012+0500] {dag.py:3239} INFO - Sync 1 DAGs
[2025-03-22T10:15:55.019+0500] {logging_mixin.py:190} INFO - [2025-03-22T10:15:55.019+0500] {dag.py:4180} INFO - Setting next_dagrun for example_python_decorator to None, run_after=None
[2025-03-22T10:15:55.034+0500] {processor.py:208} INFO - Processing /home/ruslan/.local/lib/python3.10/site-packages/airflow/example_dags/example_python_decorator.py took 0.078 seconds
[2025-03-22T10:16:41.889+0500] {processor.py:186} INFO - Started process (PID=23770) to work on /home/ruslan/.local/lib/python3.10/site-packages/airflow/example_dags/example_python_decorator.py
[2025-03-22T10:16:41.890+0500] {processor.py:914} INFO - Processing file /home/ruslan/.local/lib/python3.10/site-packages/airflow/example_dags/example_python_decorator.py for tasks to queue
[2025-03-22T10:16:41.891+0500] {logging_mixin.py:190} INFO - [2025-03-22T10:16:41.891+0500] {dagbag.py:588} INFO - Filling up the DagBag from /home/ruslan/.local/lib/python3.10/site-packages/airflow/example_dags/example_python_decorator.py
[2025-03-22T10:16:41.932+0500] {logging_mixin.py:190} INFO - [2025-03-22T10:16:41.932+0500] {example_python_decorator.py:80} WARNING - The virtalenv_python example task requires virtualenv, please install it.
[2025-03-22T10:16:41.934+0500] {processor.py:925} INFO - DAG(s) 'example_python_decorator' retrieved from /home/ruslan/.local/lib/python3.10/site-packages/airflow/example_dags/example_python_decorator.py
[2025-03-22T10:16:41.943+0500] {logging_mixin.py:190} INFO - [2025-03-22T10:16:41.943+0500] {dag.py:3239} INFO - Sync 1 DAGs
[2025-03-22T10:16:41.950+0500] {logging_mixin.py:190} INFO - [2025-03-22T10:16:41.950+0500] {dag.py:4180} INFO - Setting next_dagrun for example_python_decorator to None, run_after=None
[2025-03-22T10:16:41.965+0500] {processor.py:208} INFO - Processing /home/ruslan/.local/lib/python3.10/site-packages/airflow/example_dags/example_python_decorator.py took 0.079 seconds
[2025-03-22T10:17:34.381+0500] {processor.py:186} INFO - Started process (PID=24372) to work on /home/ruslan/.local/lib/python3.10/site-packages/airflow/example_dags/example_python_decorator.py
[2025-03-22T10:17:34.383+0500] {processor.py:914} INFO - Processing file /home/ruslan/.local/lib/python3.10/site-packages/airflow/example_dags/example_python_decorator.py for tasks to queue
[2025-03-22T10:17:34.384+0500] {logging_mixin.py:190} INFO - [2025-03-22T10:17:34.384+0500] {dagbag.py:588} INFO - Filling up the DagBag from /home/ruslan/.local/lib/python3.10/site-packages/airflow/example_dags/example_python_decorator.py
[2025-03-22T10:17:34.424+0500] {logging_mixin.py:190} INFO - [2025-03-22T10:17:34.423+0500] {example_python_decorator.py:80} WARNING - The virtalenv_python example task requires virtualenv, please install it.
[2025-03-22T10:17:34.425+0500] {processor.py:925} INFO - DAG(s) 'example_python_decorator' retrieved from /home/ruslan/.local/lib/python3.10/site-packages/airflow/example_dags/example_python_decorator.py
[2025-03-22T10:17:34.434+0500] {logging_mixin.py:190} INFO - [2025-03-22T10:17:34.434+0500] {dag.py:3239} INFO - Sync 1 DAGs
[2025-03-22T10:17:34.441+0500] {logging_mixin.py:190} INFO - [2025-03-22T10:17:34.441+0500] {dag.py:4180} INFO - Setting next_dagrun for example_python_decorator to None, run_after=None
[2025-03-22T10:17:34.455+0500] {processor.py:208} INFO - Processing /home/ruslan/.local/lib/python3.10/site-packages/airflow/example_dags/example_python_decorator.py took 0.078 seconds
[2025-03-22T10:18:26.813+0500] {processor.py:186} INFO - Started process (PID=24896) to work on /home/ruslan/.local/lib/python3.10/site-packages/airflow/example_dags/example_python_decorator.py
[2025-03-22T10:18:26.814+0500] {processor.py:914} INFO - Processing file /home/ruslan/.local/lib/python3.10/site-packages/airflow/example_dags/example_python_decorator.py for tasks to queue
[2025-03-22T10:18:26.815+0500] {logging_mixin.py:190} INFO - [2025-03-22T10:18:26.815+0500] {dagbag.py:588} INFO - Filling up the DagBag from /home/ruslan/.local/lib/python3.10/site-packages/airflow/example_dags/example_python_decorator.py
[2025-03-22T10:18:26.855+0500] {logging_mixin.py:190} INFO - [2025-03-22T10:18:26.855+0500] {example_python_decorator.py:80} WARNING - The virtalenv_python example task requires virtualenv, please install it.
[2025-03-22T10:18:26.856+0500] {processor.py:925} INFO - DAG(s) 'example_python_decorator' retrieved from /home/ruslan/.local/lib/python3.10/site-packages/airflow/example_dags/example_python_decorator.py
[2025-03-22T10:18:26.866+0500] {logging_mixin.py:190} INFO - [2025-03-22T10:18:26.866+0500] {dag.py:3239} INFO - Sync 1 DAGs
[2025-03-22T10:18:26.873+0500] {logging_mixin.py:190} INFO - [2025-03-22T10:18:26.873+0500] {dag.py:4180} INFO - Setting next_dagrun for example_python_decorator to None, run_after=None
[2025-03-22T10:18:26.887+0500] {processor.py:208} INFO - Processing /home/ruslan/.local/lib/python3.10/site-packages/airflow/example_dags/example_python_decorator.py took 0.078 seconds
[2025-03-22T10:19:17.030+0500] {processor.py:186} INFO - Started process (PID=25405) to work on /home/ruslan/.local/lib/python3.10/site-packages/airflow/example_dags/example_python_decorator.py
[2025-03-22T10:19:17.031+0500] {processor.py:914} INFO - Processing file /home/ruslan/.local/lib/python3.10/site-packages/airflow/example_dags/example_python_decorator.py for tasks to queue
[2025-03-22T10:19:17.032+0500] {logging_mixin.py:190} INFO - [2025-03-22T10:19:17.032+0500] {dagbag.py:588} INFO - Filling up the DagBag from /home/ruslan/.local/lib/python3.10/site-packages/airflow/example_dags/example_python_decorator.py
[2025-03-22T10:19:17.074+0500] {logging_mixin.py:190} INFO - [2025-03-22T10:19:17.074+0500] {example_python_decorator.py:80} WARNING - The virtalenv_python example task requires virtualenv, please install it.
[2025-03-22T10:19:17.076+0500] {processor.py:925} INFO - DAG(s) 'example_python_decorator' retrieved from /home/ruslan/.local/lib/python3.10/site-packages/airflow/example_dags/example_python_decorator.py
[2025-03-22T10:19:17.086+0500] {logging_mixin.py:190} INFO - [2025-03-22T10:19:17.086+0500] {dag.py:3239} INFO - Sync 1 DAGs
[2025-03-22T10:19:17.093+0500] {logging_mixin.py:190} INFO - [2025-03-22T10:19:17.093+0500] {dag.py:4180} INFO - Setting next_dagrun for example_python_decorator to None, run_after=None
[2025-03-22T10:19:17.109+0500] {processor.py:208} INFO - Processing /home/ruslan/.local/lib/python3.10/site-packages/airflow/example_dags/example_python_decorator.py took 0.083 seconds
[2025-03-22T10:20:08.048+0500] {processor.py:186} INFO - Started process (PID=25990) to work on /home/ruslan/.local/lib/python3.10/site-packages/airflow/example_dags/example_python_decorator.py
[2025-03-22T10:20:08.049+0500] {processor.py:914} INFO - Processing file /home/ruslan/.local/lib/python3.10/site-packages/airflow/example_dags/example_python_decorator.py for tasks to queue
[2025-03-22T10:20:08.050+0500] {logging_mixin.py:190} INFO - [2025-03-22T10:20:08.050+0500] {dagbag.py:588} INFO - Filling up the DagBag from /home/ruslan/.local/lib/python3.10/site-packages/airflow/example_dags/example_python_decorator.py
[2025-03-22T10:20:08.089+0500] {logging_mixin.py:190} INFO - [2025-03-22T10:20:08.089+0500] {example_python_decorator.py:80} WARNING - The virtalenv_python example task requires virtualenv, please install it.
[2025-03-22T10:20:08.090+0500] {processor.py:925} INFO - DAG(s) 'example_python_decorator' retrieved from /home/ruslan/.local/lib/python3.10/site-packages/airflow/example_dags/example_python_decorator.py
[2025-03-22T10:20:08.100+0500] {logging_mixin.py:190} INFO - [2025-03-22T10:20:08.100+0500] {dag.py:3239} INFO - Sync 1 DAGs
[2025-03-22T10:20:08.107+0500] {logging_mixin.py:190} INFO - [2025-03-22T10:20:08.107+0500] {dag.py:4180} INFO - Setting next_dagrun for example_python_decorator to None, run_after=None
[2025-03-22T10:20:08.122+0500] {processor.py:208} INFO - Processing /home/ruslan/.local/lib/python3.10/site-packages/airflow/example_dags/example_python_decorator.py took 0.078 seconds
[2025-03-22T10:20:59.729+0500] {processor.py:186} INFO - Started process (PID=26520) to work on /home/ruslan/.local/lib/python3.10/site-packages/airflow/example_dags/example_python_decorator.py
[2025-03-22T10:20:59.731+0500] {processor.py:914} INFO - Processing file /home/ruslan/.local/lib/python3.10/site-packages/airflow/example_dags/example_python_decorator.py for tasks to queue
[2025-03-22T10:20:59.732+0500] {logging_mixin.py:190} INFO - [2025-03-22T10:20:59.732+0500] {dagbag.py:588} INFO - Filling up the DagBag from /home/ruslan/.local/lib/python3.10/site-packages/airflow/example_dags/example_python_decorator.py
[2025-03-22T10:20:59.773+0500] {logging_mixin.py:190} INFO - [2025-03-22T10:20:59.773+0500] {example_python_decorator.py:80} WARNING - The virtalenv_python example task requires virtualenv, please install it.
[2025-03-22T10:20:59.775+0500] {processor.py:925} INFO - DAG(s) 'example_python_decorator' retrieved from /home/ruslan/.local/lib/python3.10/site-packages/airflow/example_dags/example_python_decorator.py
[2025-03-22T10:20:59.784+0500] {logging_mixin.py:190} INFO - [2025-03-22T10:20:59.784+0500] {dag.py:3239} INFO - Sync 1 DAGs
[2025-03-22T10:20:59.792+0500] {logging_mixin.py:190} INFO - [2025-03-22T10:20:59.792+0500] {dag.py:4180} INFO - Setting next_dagrun for example_python_decorator to None, run_after=None
[2025-03-22T10:20:59.807+0500] {processor.py:208} INFO - Processing /home/ruslan/.local/lib/python3.10/site-packages/airflow/example_dags/example_python_decorator.py took 0.081 seconds
[2025-03-22T10:21:53.256+0500] {processor.py:186} INFO - Started process (PID=27120) to work on /home/ruslan/.local/lib/python3.10/site-packages/airflow/example_dags/example_python_decorator.py
[2025-03-22T10:21:53.257+0500] {processor.py:914} INFO - Processing file /home/ruslan/.local/lib/python3.10/site-packages/airflow/example_dags/example_python_decorator.py for tasks to queue
[2025-03-22T10:21:53.258+0500] {logging_mixin.py:190} INFO - [2025-03-22T10:21:53.258+0500] {dagbag.py:588} INFO - Filling up the DagBag from /home/ruslan/.local/lib/python3.10/site-packages/airflow/example_dags/example_python_decorator.py
[2025-03-22T10:21:53.297+0500] {logging_mixin.py:190} INFO - [2025-03-22T10:21:53.297+0500] {example_python_decorator.py:80} WARNING - The virtalenv_python example task requires virtualenv, please install it.
[2025-03-22T10:21:53.299+0500] {processor.py:925} INFO - DAG(s) 'example_python_decorator' retrieved from /home/ruslan/.local/lib/python3.10/site-packages/airflow/example_dags/example_python_decorator.py
[2025-03-22T10:21:53.308+0500] {logging_mixin.py:190} INFO - [2025-03-22T10:21:53.308+0500] {dag.py:3239} INFO - Sync 1 DAGs
[2025-03-22T10:21:53.315+0500] {logging_mixin.py:190} INFO - [2025-03-22T10:21:53.315+0500] {dag.py:4180} INFO - Setting next_dagrun for example_python_decorator to None, run_after=None
[2025-03-22T10:21:53.330+0500] {processor.py:208} INFO - Processing /home/ruslan/.local/lib/python3.10/site-packages/airflow/example_dags/example_python_decorator.py took 0.078 seconds
[2025-03-22T10:22:47.431+0500] {processor.py:186} INFO - Started process (PID=27634) to work on /home/ruslan/.local/lib/python3.10/site-packages/airflow/example_dags/example_python_decorator.py
[2025-03-22T10:22:47.432+0500] {processor.py:914} INFO - Processing file /home/ruslan/.local/lib/python3.10/site-packages/airflow/example_dags/example_python_decorator.py for tasks to queue
[2025-03-22T10:22:47.434+0500] {logging_mixin.py:190} INFO - [2025-03-22T10:22:47.433+0500] {dagbag.py:588} INFO - Filling up the DagBag from /home/ruslan/.local/lib/python3.10/site-packages/airflow/example_dags/example_python_decorator.py
[2025-03-22T10:22:47.474+0500] {logging_mixin.py:190} INFO - [2025-03-22T10:22:47.473+0500] {example_python_decorator.py:80} WARNING - The virtalenv_python example task requires virtualenv, please install it.
[2025-03-22T10:22:47.475+0500] {processor.py:925} INFO - DAG(s) 'example_python_decorator' retrieved from /home/ruslan/.local/lib/python3.10/site-packages/airflow/example_dags/example_python_decorator.py
[2025-03-22T10:22:47.485+0500] {logging_mixin.py:190} INFO - [2025-03-22T10:22:47.485+0500] {dag.py:3239} INFO - Sync 1 DAGs
[2025-03-22T10:22:47.492+0500] {logging_mixin.py:190} INFO - [2025-03-22T10:22:47.492+0500] {dag.py:4180} INFO - Setting next_dagrun for example_python_decorator to None, run_after=None
[2025-03-22T10:22:47.507+0500] {processor.py:208} INFO - Processing /home/ruslan/.local/lib/python3.10/site-packages/airflow/example_dags/example_python_decorator.py took 0.079 seconds
[2025-03-22T10:23:38.772+0500] {processor.py:186} INFO - Started process (PID=28237) to work on /home/ruslan/.local/lib/python3.10/site-packages/airflow/example_dags/example_python_decorator.py
[2025-03-22T10:23:38.773+0500] {processor.py:914} INFO - Processing file /home/ruslan/.local/lib/python3.10/site-packages/airflow/example_dags/example_python_decorator.py for tasks to queue
[2025-03-22T10:23:38.774+0500] {logging_mixin.py:190} INFO - [2025-03-22T10:23:38.774+0500] {dagbag.py:588} INFO - Filling up the DagBag from /home/ruslan/.local/lib/python3.10/site-packages/airflow/example_dags/example_python_decorator.py
[2025-03-22T10:23:38.814+0500] {logging_mixin.py:190} INFO - [2025-03-22T10:23:38.814+0500] {example_python_decorator.py:80} WARNING - The virtalenv_python example task requires virtualenv, please install it.
[2025-03-22T10:23:38.815+0500] {processor.py:925} INFO - DAG(s) 'example_python_decorator' retrieved from /home/ruslan/.local/lib/python3.10/site-packages/airflow/example_dags/example_python_decorator.py
[2025-03-22T10:23:38.825+0500] {logging_mixin.py:190} INFO - [2025-03-22T10:23:38.825+0500] {dag.py:3239} INFO - Sync 1 DAGs
[2025-03-22T10:23:38.832+0500] {logging_mixin.py:190} INFO - [2025-03-22T10:23:38.832+0500] {dag.py:4180} INFO - Setting next_dagrun for example_python_decorator to None, run_after=None
[2025-03-22T10:23:38.847+0500] {processor.py:208} INFO - Processing /home/ruslan/.local/lib/python3.10/site-packages/airflow/example_dags/example_python_decorator.py took 0.079 seconds
[2025-03-22T10:24:30.441+0500] {processor.py:186} INFO - Started process (PID=28768) to work on /home/ruslan/.local/lib/python3.10/site-packages/airflow/example_dags/example_python_decorator.py
[2025-03-22T10:24:30.442+0500] {processor.py:914} INFO - Processing file /home/ruslan/.local/lib/python3.10/site-packages/airflow/example_dags/example_python_decorator.py for tasks to queue
[2025-03-22T10:24:30.443+0500] {logging_mixin.py:190} INFO - [2025-03-22T10:24:30.443+0500] {dagbag.py:588} INFO - Filling up the DagBag from /home/ruslan/.local/lib/python3.10/site-packages/airflow/example_dags/example_python_decorator.py
[2025-03-22T10:24:30.476+0500] {logging_mixin.py:190} INFO - [2025-03-22T10:24:30.475+0500] {example_python_decorator.py:80} WARNING - The virtalenv_python example task requires virtualenv, please install it.
[2025-03-22T10:24:30.477+0500] {processor.py:925} INFO - DAG(s) 'example_python_decorator' retrieved from /home/ruslan/.local/lib/python3.10/site-packages/airflow/example_dags/example_python_decorator.py
[2025-03-22T10:24:30.487+0500] {logging_mixin.py:190} INFO - [2025-03-22T10:24:30.487+0500] {dag.py:3239} INFO - Sync 1 DAGs
[2025-03-22T10:24:30.494+0500] {logging_mixin.py:190} INFO - [2025-03-22T10:24:30.494+0500] {dag.py:4180} INFO - Setting next_dagrun for example_python_decorator to None, run_after=None
[2025-03-22T10:24:30.508+0500] {processor.py:208} INFO - Processing /home/ruslan/.local/lib/python3.10/site-packages/airflow/example_dags/example_python_decorator.py took 0.071 seconds
[2025-03-22T10:25:19.826+0500] {processor.py:186} INFO - Started process (PID=29372) to work on /home/ruslan/.local/lib/python3.10/site-packages/airflow/example_dags/example_python_decorator.py
[2025-03-22T10:25:19.827+0500] {processor.py:914} INFO - Processing file /home/ruslan/.local/lib/python3.10/site-packages/airflow/example_dags/example_python_decorator.py for tasks to queue
[2025-03-22T10:25:19.829+0500] {logging_mixin.py:190} INFO - [2025-03-22T10:25:19.829+0500] {dagbag.py:588} INFO - Filling up the DagBag from /home/ruslan/.local/lib/python3.10/site-packages/airflow/example_dags/example_python_decorator.py
[2025-03-22T10:25:19.872+0500] {logging_mixin.py:190} INFO - [2025-03-22T10:25:19.871+0500] {example_python_decorator.py:80} WARNING - The virtalenv_python example task requires virtualenv, please install it.
[2025-03-22T10:25:19.873+0500] {processor.py:925} INFO - DAG(s) 'example_python_decorator' retrieved from /home/ruslan/.local/lib/python3.10/site-packages/airflow/example_dags/example_python_decorator.py
[2025-03-22T10:25:19.883+0500] {logging_mixin.py:190} INFO - [2025-03-22T10:25:19.883+0500] {dag.py:3239} INFO - Sync 1 DAGs
[2025-03-22T10:25:19.891+0500] {logging_mixin.py:190} INFO - [2025-03-22T10:25:19.891+0500] {dag.py:4180} INFO - Setting next_dagrun for example_python_decorator to None, run_after=None
[2025-03-22T10:25:19.906+0500] {processor.py:208} INFO - Processing /home/ruslan/.local/lib/python3.10/site-packages/airflow/example_dags/example_python_decorator.py took 0.084 seconds
[2025-03-22T10:26:12.673+0500] {processor.py:186} INFO - Started process (PID=30324) to work on /home/ruslan/.local/lib/python3.10/site-packages/airflow/example_dags/example_python_decorator.py
[2025-03-22T10:26:12.674+0500] {processor.py:914} INFO - Processing file /home/ruslan/.local/lib/python3.10/site-packages/airflow/example_dags/example_python_decorator.py for tasks to queue
[2025-03-22T10:26:12.676+0500] {logging_mixin.py:190} INFO - [2025-03-22T10:26:12.676+0500] {dagbag.py:588} INFO - Filling up the DagBag from /home/ruslan/.local/lib/python3.10/site-packages/airflow/example_dags/example_python_decorator.py
[2025-03-22T10:26:12.725+0500] {logging_mixin.py:190} INFO - [2025-03-22T10:26:12.725+0500] {example_python_decorator.py:80} WARNING - The virtalenv_python example task requires virtualenv, please install it.
[2025-03-22T10:26:12.727+0500] {processor.py:925} INFO - DAG(s) 'example_python_decorator' retrieved from /home/ruslan/.local/lib/python3.10/site-packages/airflow/example_dags/example_python_decorator.py
[2025-03-22T10:26:12.737+0500] {logging_mixin.py:190} INFO - [2025-03-22T10:26:12.737+0500] {dag.py:3239} INFO - Sync 1 DAGs
[2025-03-22T10:26:12.745+0500] {logging_mixin.py:190} INFO - [2025-03-22T10:26:12.745+0500] {dag.py:4180} INFO - Setting next_dagrun for example_python_decorator to None, run_after=None
[2025-03-22T10:26:12.760+0500] {processor.py:208} INFO - Processing /home/ruslan/.local/lib/python3.10/site-packages/airflow/example_dags/example_python_decorator.py took 0.092 seconds
[2025-03-22T10:27:05.042+0500] {processor.py:186} INFO - Started process (PID=30877) to work on /home/ruslan/.local/lib/python3.10/site-packages/airflow/example_dags/example_python_decorator.py
[2025-03-22T10:27:05.043+0500] {processor.py:914} INFO - Processing file /home/ruslan/.local/lib/python3.10/site-packages/airflow/example_dags/example_python_decorator.py for tasks to queue
[2025-03-22T10:27:05.045+0500] {logging_mixin.py:190} INFO - [2025-03-22T10:27:05.045+0500] {dagbag.py:588} INFO - Filling up the DagBag from /home/ruslan/.local/lib/python3.10/site-packages/airflow/example_dags/example_python_decorator.py
[2025-03-22T10:27:05.078+0500] {logging_mixin.py:190} INFO - [2025-03-22T10:27:05.078+0500] {example_python_decorator.py:80} WARNING - The virtalenv_python example task requires virtualenv, please install it.
[2025-03-22T10:27:05.079+0500] {processor.py:925} INFO - DAG(s) 'example_python_decorator' retrieved from /home/ruslan/.local/lib/python3.10/site-packages/airflow/example_dags/example_python_decorator.py
[2025-03-22T10:27:05.089+0500] {logging_mixin.py:190} INFO - [2025-03-22T10:27:05.089+0500] {dag.py:3239} INFO - Sync 1 DAGs
[2025-03-22T10:27:05.096+0500] {logging_mixin.py:190} INFO - [2025-03-22T10:27:05.096+0500] {dag.py:4180} INFO - Setting next_dagrun for example_python_decorator to None, run_after=None
[2025-03-22T10:27:05.110+0500] {processor.py:208} INFO - Processing /home/ruslan/.local/lib/python3.10/site-packages/airflow/example_dags/example_python_decorator.py took 0.072 seconds
[2025-03-22T10:27:55.042+0500] {processor.py:186} INFO - Started process (PID=31550) to work on /home/ruslan/.local/lib/python3.10/site-packages/airflow/example_dags/example_python_decorator.py
[2025-03-22T10:27:55.043+0500] {processor.py:914} INFO - Processing file /home/ruslan/.local/lib/python3.10/site-packages/airflow/example_dags/example_python_decorator.py for tasks to queue
[2025-03-22T10:27:55.044+0500] {logging_mixin.py:190} INFO - [2025-03-22T10:27:55.044+0500] {dagbag.py:588} INFO - Filling up the DagBag from /home/ruslan/.local/lib/python3.10/site-packages/airflow/example_dags/example_python_decorator.py
[2025-03-22T10:27:55.083+0500] {logging_mixin.py:190} INFO - [2025-03-22T10:27:55.083+0500] {example_python_decorator.py:80} WARNING - The virtalenv_python example task requires virtualenv, please install it.
[2025-03-22T10:27:55.084+0500] {processor.py:925} INFO - DAG(s) 'example_python_decorator' retrieved from /home/ruslan/.local/lib/python3.10/site-packages/airflow/example_dags/example_python_decorator.py
[2025-03-22T10:27:55.094+0500] {logging_mixin.py:190} INFO - [2025-03-22T10:27:55.093+0500] {dag.py:3239} INFO - Sync 1 DAGs
[2025-03-22T10:27:55.101+0500] {logging_mixin.py:190} INFO - [2025-03-22T10:27:55.101+0500] {dag.py:4180} INFO - Setting next_dagrun for example_python_decorator to None, run_after=None
[2025-03-22T10:27:55.115+0500] {processor.py:208} INFO - Processing /home/ruslan/.local/lib/python3.10/site-packages/airflow/example_dags/example_python_decorator.py took 0.077 seconds
[2025-03-22T10:28:47.757+0500] {processor.py:186} INFO - Started process (PID=32171) to work on /home/ruslan/.local/lib/python3.10/site-packages/airflow/example_dags/example_python_decorator.py
[2025-03-22T10:28:47.759+0500] {processor.py:914} INFO - Processing file /home/ruslan/.local/lib/python3.10/site-packages/airflow/example_dags/example_python_decorator.py for tasks to queue
[2025-03-22T10:28:47.760+0500] {logging_mixin.py:190} INFO - [2025-03-22T10:28:47.760+0500] {dagbag.py:588} INFO - Filling up the DagBag from /home/ruslan/.local/lib/python3.10/site-packages/airflow/example_dags/example_python_decorator.py
[2025-03-22T10:28:47.793+0500] {logging_mixin.py:190} INFO - [2025-03-22T10:28:47.793+0500] {example_python_decorator.py:80} WARNING - The virtalenv_python example task requires virtualenv, please install it.
[2025-03-22T10:28:47.795+0500] {processor.py:925} INFO - DAG(s) 'example_python_decorator' retrieved from /home/ruslan/.local/lib/python3.10/site-packages/airflow/example_dags/example_python_decorator.py
[2025-03-22T10:28:47.804+0500] {logging_mixin.py:190} INFO - [2025-03-22T10:28:47.804+0500] {dag.py:3239} INFO - Sync 1 DAGs
[2025-03-22T10:28:47.811+0500] {logging_mixin.py:190} INFO - [2025-03-22T10:28:47.811+0500] {dag.py:4180} INFO - Setting next_dagrun for example_python_decorator to None, run_after=None
[2025-03-22T10:28:47.825+0500] {processor.py:208} INFO - Processing /home/ruslan/.local/lib/python3.10/site-packages/airflow/example_dags/example_python_decorator.py took 0.072 seconds
[2025-03-22T10:29:40.601+0500] {processor.py:186} INFO - Started process (PID=32695) to work on /home/ruslan/.local/lib/python3.10/site-packages/airflow/example_dags/example_python_decorator.py
[2025-03-22T10:29:40.603+0500] {processor.py:914} INFO - Processing file /home/ruslan/.local/lib/python3.10/site-packages/airflow/example_dags/example_python_decorator.py for tasks to queue
[2025-03-22T10:29:40.605+0500] {logging_mixin.py:190} INFO - [2025-03-22T10:29:40.604+0500] {dagbag.py:588} INFO - Filling up the DagBag from /home/ruslan/.local/lib/python3.10/site-packages/airflow/example_dags/example_python_decorator.py
[2025-03-22T10:29:40.645+0500] {logging_mixin.py:190} INFO - [2025-03-22T10:29:40.645+0500] {example_python_decorator.py:80} WARNING - The virtalenv_python example task requires virtualenv, please install it.
[2025-03-22T10:29:40.647+0500] {processor.py:925} INFO - DAG(s) 'example_python_decorator' retrieved from /home/ruslan/.local/lib/python3.10/site-packages/airflow/example_dags/example_python_decorator.py
[2025-03-22T10:29:40.658+0500] {logging_mixin.py:190} INFO - [2025-03-22T10:29:40.658+0500] {dag.py:3239} INFO - Sync 1 DAGs
[2025-03-22T10:29:40.665+0500] {logging_mixin.py:190} INFO - [2025-03-22T10:29:40.665+0500] {dag.py:4180} INFO - Setting next_dagrun for example_python_decorator to None, run_after=None
[2025-03-22T10:29:40.680+0500] {processor.py:208} INFO - Processing /home/ruslan/.local/lib/python3.10/site-packages/airflow/example_dags/example_python_decorator.py took 0.082 seconds
[2025-03-22T10:30:32.769+0500] {processor.py:186} INFO - Started process (PID=32959) to work on /home/ruslan/.local/lib/python3.10/site-packages/airflow/example_dags/example_python_decorator.py
[2025-03-22T10:30:32.770+0500] {processor.py:914} INFO - Processing file /home/ruslan/.local/lib/python3.10/site-packages/airflow/example_dags/example_python_decorator.py for tasks to queue
[2025-03-22T10:30:32.771+0500] {logging_mixin.py:190} INFO - [2025-03-22T10:30:32.771+0500] {dagbag.py:588} INFO - Filling up the DagBag from /home/ruslan/.local/lib/python3.10/site-packages/airflow/example_dags/example_python_decorator.py
[2025-03-22T10:30:32.805+0500] {logging_mixin.py:190} INFO - [2025-03-22T10:30:32.805+0500] {example_python_decorator.py:80} WARNING - The virtalenv_python example task requires virtualenv, please install it.
[2025-03-22T10:30:32.807+0500] {processor.py:925} INFO - DAG(s) 'example_python_decorator' retrieved from /home/ruslan/.local/lib/python3.10/site-packages/airflow/example_dags/example_python_decorator.py
[2025-03-22T10:30:32.816+0500] {logging_mixin.py:190} INFO - [2025-03-22T10:30:32.816+0500] {dag.py:3239} INFO - Sync 1 DAGs
[2025-03-22T10:30:32.823+0500] {logging_mixin.py:190} INFO - [2025-03-22T10:30:32.823+0500] {dag.py:4180} INFO - Setting next_dagrun for example_python_decorator to None, run_after=None
[2025-03-22T10:30:32.837+0500] {processor.py:208} INFO - Processing /home/ruslan/.local/lib/python3.10/site-packages/airflow/example_dags/example_python_decorator.py took 0.072 seconds
[2025-03-22T10:31:25.156+0500] {processor.py:186} INFO - Started process (PID=33512) to work on /home/ruslan/.local/lib/python3.10/site-packages/airflow/example_dags/example_python_decorator.py
[2025-03-22T10:31:25.157+0500] {processor.py:914} INFO - Processing file /home/ruslan/.local/lib/python3.10/site-packages/airflow/example_dags/example_python_decorator.py for tasks to queue
[2025-03-22T10:31:25.158+0500] {logging_mixin.py:190} INFO - [2025-03-22T10:31:25.157+0500] {dagbag.py:588} INFO - Filling up the DagBag from /home/ruslan/.local/lib/python3.10/site-packages/airflow/example_dags/example_python_decorator.py
[2025-03-22T10:31:25.201+0500] {logging_mixin.py:190} INFO - [2025-03-22T10:31:25.201+0500] {example_python_decorator.py:80} WARNING - The virtalenv_python example task requires virtualenv, please install it.
[2025-03-22T10:31:25.203+0500] {processor.py:925} INFO - DAG(s) 'example_python_decorator' retrieved from /home/ruslan/.local/lib/python3.10/site-packages/airflow/example_dags/example_python_decorator.py
[2025-03-22T10:31:25.213+0500] {logging_mixin.py:190} INFO - [2025-03-22T10:31:25.213+0500] {dag.py:3239} INFO - Sync 1 DAGs
[2025-03-22T10:31:25.221+0500] {logging_mixin.py:190} INFO - [2025-03-22T10:31:25.221+0500] {dag.py:4180} INFO - Setting next_dagrun for example_python_decorator to None, run_after=None
[2025-03-22T10:31:25.236+0500] {processor.py:208} INFO - Processing /home/ruslan/.local/lib/python3.10/site-packages/airflow/example_dags/example_python_decorator.py took 0.085 seconds
[2025-03-22T10:32:15.917+0500] {processor.py:186} INFO - Started process (PID=34154) to work on /home/ruslan/.local/lib/python3.10/site-packages/airflow/example_dags/example_python_decorator.py
[2025-03-22T10:32:15.918+0500] {processor.py:914} INFO - Processing file /home/ruslan/.local/lib/python3.10/site-packages/airflow/example_dags/example_python_decorator.py for tasks to queue
[2025-03-22T10:32:15.919+0500] {logging_mixin.py:190} INFO - [2025-03-22T10:32:15.919+0500] {dagbag.py:588} INFO - Filling up the DagBag from /home/ruslan/.local/lib/python3.10/site-packages/airflow/example_dags/example_python_decorator.py
[2025-03-22T10:32:15.973+0500] {logging_mixin.py:190} INFO - [2025-03-22T10:32:15.973+0500] {example_python_decorator.py:80} WARNING - The virtalenv_python example task requires virtualenv, please install it.
[2025-03-22T10:32:15.975+0500] {processor.py:925} INFO - DAG(s) 'example_python_decorator' retrieved from /home/ruslan/.local/lib/python3.10/site-packages/airflow/example_dags/example_python_decorator.py
[2025-03-22T10:32:15.990+0500] {logging_mixin.py:190} INFO - [2025-03-22T10:32:15.990+0500] {dag.py:3239} INFO - Sync 1 DAGs
[2025-03-22T10:32:16.000+0500] {logging_mixin.py:190} INFO - [2025-03-22T10:32:16.000+0500] {dag.py:4180} INFO - Setting next_dagrun for example_python_decorator to None, run_after=None
[2025-03-22T10:32:16.018+0500] {processor.py:208} INFO - Processing /home/ruslan/.local/lib/python3.10/site-packages/airflow/example_dags/example_python_decorator.py took 0.105 seconds
[2025-03-22T10:32:58.667+0500] {processor.py:186} INFO - Started process (PID=34747) to work on /home/ruslan/.local/lib/python3.10/site-packages/airflow/example_dags/example_python_decorator.py
[2025-03-22T10:32:58.668+0500] {processor.py:914} INFO - Processing file /home/ruslan/.local/lib/python3.10/site-packages/airflow/example_dags/example_python_decorator.py for tasks to queue
[2025-03-22T10:32:58.670+0500] {logging_mixin.py:190} INFO - [2025-03-22T10:32:58.669+0500] {dagbag.py:588} INFO - Filling up the DagBag from /home/ruslan/.local/lib/python3.10/site-packages/airflow/example_dags/example_python_decorator.py
[2025-03-22T10:32:58.709+0500] {logging_mixin.py:190} INFO - [2025-03-22T10:32:58.709+0500] {example_python_decorator.py:80} WARNING - The virtalenv_python example task requires virtualenv, please install it.
[2025-03-22T10:32:58.710+0500] {processor.py:925} INFO - DAG(s) 'example_python_decorator' retrieved from /home/ruslan/.local/lib/python3.10/site-packages/airflow/example_dags/example_python_decorator.py
[2025-03-22T10:32:58.724+0500] {logging_mixin.py:190} INFO - [2025-03-22T10:32:58.724+0500] {dag.py:3239} INFO - Sync 1 DAGs
[2025-03-22T10:32:58.731+0500] {logging_mixin.py:190} INFO - [2025-03-22T10:32:58.730+0500] {dag.py:4180} INFO - Setting next_dagrun for example_python_decorator to None, run_after=None
[2025-03-22T10:32:58.745+0500] {processor.py:208} INFO - Processing /home/ruslan/.local/lib/python3.10/site-packages/airflow/example_dags/example_python_decorator.py took 0.082 seconds
[2025-03-22T10:33:52.389+0500] {processor.py:186} INFO - Started process (PID=35437) to work on /home/ruslan/.local/lib/python3.10/site-packages/airflow/example_dags/example_python_decorator.py
[2025-03-22T10:33:52.391+0500] {processor.py:914} INFO - Processing file /home/ruslan/.local/lib/python3.10/site-packages/airflow/example_dags/example_python_decorator.py for tasks to queue
[2025-03-22T10:33:52.392+0500] {logging_mixin.py:190} INFO - [2025-03-22T10:33:52.392+0500] {dagbag.py:588} INFO - Filling up the DagBag from /home/ruslan/.local/lib/python3.10/site-packages/airflow/example_dags/example_python_decorator.py
[2025-03-22T10:33:52.432+0500] {logging_mixin.py:190} INFO - [2025-03-22T10:33:52.432+0500] {example_python_decorator.py:80} WARNING - The virtalenv_python example task requires virtualenv, please install it.
[2025-03-22T10:33:52.434+0500] {processor.py:925} INFO - DAG(s) 'example_python_decorator' retrieved from /home/ruslan/.local/lib/python3.10/site-packages/airflow/example_dags/example_python_decorator.py
[2025-03-22T10:33:52.446+0500] {logging_mixin.py:190} INFO - [2025-03-22T10:33:52.445+0500] {dag.py:3239} INFO - Sync 1 DAGs
[2025-03-22T10:33:52.454+0500] {logging_mixin.py:190} INFO - [2025-03-22T10:33:52.454+0500] {dag.py:4180} INFO - Setting next_dagrun for example_python_decorator to None, run_after=None
[2025-03-22T10:33:52.470+0500] {processor.py:208} INFO - Processing /home/ruslan/.local/lib/python3.10/site-packages/airflow/example_dags/example_python_decorator.py took 0.084 seconds
[2025-03-22T10:34:41.460+0500] {processor.py:186} INFO - Started process (PID=35977) to work on /home/ruslan/.local/lib/python3.10/site-packages/airflow/example_dags/example_python_decorator.py
[2025-03-22T10:34:41.461+0500] {processor.py:914} INFO - Processing file /home/ruslan/.local/lib/python3.10/site-packages/airflow/example_dags/example_python_decorator.py for tasks to queue
[2025-03-22T10:34:41.463+0500] {logging_mixin.py:190} INFO - [2025-03-22T10:34:41.463+0500] {dagbag.py:588} INFO - Filling up the DagBag from /home/ruslan/.local/lib/python3.10/site-packages/airflow/example_dags/example_python_decorator.py
[2025-03-22T10:34:41.503+0500] {logging_mixin.py:190} INFO - [2025-03-22T10:34:41.503+0500] {example_python_decorator.py:80} WARNING - The virtalenv_python example task requires virtualenv, please install it.
[2025-03-22T10:34:41.504+0500] {processor.py:925} INFO - DAG(s) 'example_python_decorator' retrieved from /home/ruslan/.local/lib/python3.10/site-packages/airflow/example_dags/example_python_decorator.py
[2025-03-22T10:34:41.513+0500] {logging_mixin.py:190} INFO - [2025-03-22T10:34:41.513+0500] {dag.py:3239} INFO - Sync 1 DAGs
[2025-03-22T10:34:41.521+0500] {logging_mixin.py:190} INFO - [2025-03-22T10:34:41.521+0500] {dag.py:4180} INFO - Setting next_dagrun for example_python_decorator to None, run_after=None
[2025-03-22T10:34:41.535+0500] {processor.py:208} INFO - Processing /home/ruslan/.local/lib/python3.10/site-packages/airflow/example_dags/example_python_decorator.py took 0.078 seconds
[2025-03-22T10:35:28.804+0500] {processor.py:186} INFO - Started process (PID=36545) to work on /home/ruslan/.local/lib/python3.10/site-packages/airflow/example_dags/example_python_decorator.py
[2025-03-22T10:35:28.806+0500] {processor.py:914} INFO - Processing file /home/ruslan/.local/lib/python3.10/site-packages/airflow/example_dags/example_python_decorator.py for tasks to queue
[2025-03-22T10:35:28.807+0500] {logging_mixin.py:190} INFO - [2025-03-22T10:35:28.807+0500] {dagbag.py:588} INFO - Filling up the DagBag from /home/ruslan/.local/lib/python3.10/site-packages/airflow/example_dags/example_python_decorator.py
[2025-03-22T10:35:28.847+0500] {logging_mixin.py:190} INFO - [2025-03-22T10:35:28.847+0500] {example_python_decorator.py:80} WARNING - The virtalenv_python example task requires virtualenv, please install it.
[2025-03-22T10:35:28.848+0500] {processor.py:925} INFO - DAG(s) 'example_python_decorator' retrieved from /home/ruslan/.local/lib/python3.10/site-packages/airflow/example_dags/example_python_decorator.py
[2025-03-22T10:35:28.858+0500] {logging_mixin.py:190} INFO - [2025-03-22T10:35:28.858+0500] {dag.py:3239} INFO - Sync 1 DAGs
[2025-03-22T10:35:28.865+0500] {logging_mixin.py:190} INFO - [2025-03-22T10:35:28.865+0500] {dag.py:4180} INFO - Setting next_dagrun for example_python_decorator to None, run_after=None
[2025-03-22T10:35:28.879+0500] {processor.py:208} INFO - Processing /home/ruslan/.local/lib/python3.10/site-packages/airflow/example_dags/example_python_decorator.py took 0.079 seconds
[2025-03-22T10:36:18.372+0500] {processor.py:186} INFO - Started process (PID=37144) to work on /home/ruslan/.local/lib/python3.10/site-packages/airflow/example_dags/example_python_decorator.py
[2025-03-22T10:36:18.373+0500] {processor.py:914} INFO - Processing file /home/ruslan/.local/lib/python3.10/site-packages/airflow/example_dags/example_python_decorator.py for tasks to queue
[2025-03-22T10:36:18.375+0500] {logging_mixin.py:190} INFO - [2025-03-22T10:36:18.375+0500] {dagbag.py:588} INFO - Filling up the DagBag from /home/ruslan/.local/lib/python3.10/site-packages/airflow/example_dags/example_python_decorator.py
[2025-03-22T10:36:18.430+0500] {logging_mixin.py:190} INFO - [2025-03-22T10:36:18.430+0500] {example_python_decorator.py:80} WARNING - The virtalenv_python example task requires virtualenv, please install it.
[2025-03-22T10:36:18.432+0500] {processor.py:925} INFO - DAG(s) 'example_python_decorator' retrieved from /home/ruslan/.local/lib/python3.10/site-packages/airflow/example_dags/example_python_decorator.py
[2025-03-22T10:36:18.443+0500] {logging_mixin.py:190} INFO - [2025-03-22T10:36:18.443+0500] {dag.py:3239} INFO - Sync 1 DAGs
[2025-03-22T10:36:18.451+0500] {logging_mixin.py:190} INFO - [2025-03-22T10:36:18.451+0500] {dag.py:4180} INFO - Setting next_dagrun for example_python_decorator to None, run_after=None
[2025-03-22T10:36:18.470+0500] {processor.py:208} INFO - Processing /home/ruslan/.local/lib/python3.10/site-packages/airflow/example_dags/example_python_decorator.py took 0.103 seconds
[2025-03-22T10:37:07.887+0500] {processor.py:186} INFO - Started process (PID=37394) to work on /home/ruslan/.local/lib/python3.10/site-packages/airflow/example_dags/example_python_decorator.py
[2025-03-22T10:37:07.889+0500] {processor.py:914} INFO - Processing file /home/ruslan/.local/lib/python3.10/site-packages/airflow/example_dags/example_python_decorator.py for tasks to queue
[2025-03-22T10:37:07.890+0500] {logging_mixin.py:190} INFO - [2025-03-22T10:37:07.890+0500] {dagbag.py:588} INFO - Filling up the DagBag from /home/ruslan/.local/lib/python3.10/site-packages/airflow/example_dags/example_python_decorator.py
[2025-03-22T10:37:07.930+0500] {logging_mixin.py:190} INFO - [2025-03-22T10:37:07.930+0500] {example_python_decorator.py:80} WARNING - The virtalenv_python example task requires virtualenv, please install it.
[2025-03-22T10:37:07.932+0500] {processor.py:925} INFO - DAG(s) 'example_python_decorator' retrieved from /home/ruslan/.local/lib/python3.10/site-packages/airflow/example_dags/example_python_decorator.py
[2025-03-22T10:37:07.941+0500] {logging_mixin.py:190} INFO - [2025-03-22T10:37:07.941+0500] {dag.py:3239} INFO - Sync 1 DAGs
[2025-03-22T10:37:07.949+0500] {logging_mixin.py:190} INFO - [2025-03-22T10:37:07.949+0500] {dag.py:4180} INFO - Setting next_dagrun for example_python_decorator to None, run_after=None
[2025-03-22T10:37:07.963+0500] {processor.py:208} INFO - Processing /home/ruslan/.local/lib/python3.10/site-packages/airflow/example_dags/example_python_decorator.py took 0.080 seconds
[2025-03-22T10:38:01.106+0500] {processor.py:186} INFO - Started process (PID=37970) to work on /home/ruslan/.local/lib/python3.10/site-packages/airflow/example_dags/example_python_decorator.py
[2025-03-22T10:38:01.107+0500] {processor.py:914} INFO - Processing file /home/ruslan/.local/lib/python3.10/site-packages/airflow/example_dags/example_python_decorator.py for tasks to queue
[2025-03-22T10:38:01.109+0500] {logging_mixin.py:190} INFO - [2025-03-22T10:38:01.109+0500] {dagbag.py:588} INFO - Filling up the DagBag from /home/ruslan/.local/lib/python3.10/site-packages/airflow/example_dags/example_python_decorator.py
[2025-03-22T10:38:01.152+0500] {logging_mixin.py:190} INFO - [2025-03-22T10:38:01.151+0500] {example_python_decorator.py:80} WARNING - The virtalenv_python example task requires virtualenv, please install it.
[2025-03-22T10:38:01.153+0500] {processor.py:925} INFO - DAG(s) 'example_python_decorator' retrieved from /home/ruslan/.local/lib/python3.10/site-packages/airflow/example_dags/example_python_decorator.py
[2025-03-22T10:38:01.163+0500] {logging_mixin.py:190} INFO - [2025-03-22T10:38:01.163+0500] {dag.py:3239} INFO - Sync 1 DAGs
[2025-03-22T10:38:01.171+0500] {logging_mixin.py:190} INFO - [2025-03-22T10:38:01.171+0500] {dag.py:4180} INFO - Setting next_dagrun for example_python_decorator to None, run_after=None
[2025-03-22T10:38:01.187+0500] {processor.py:208} INFO - Processing /home/ruslan/.local/lib/python3.10/site-packages/airflow/example_dags/example_python_decorator.py took 0.085 seconds
[2025-03-22T10:38:21.193+0500] {processor.py:186} INFO - Started process (PID=38245) to work on /home/ruslan/.local/lib/python3.10/site-packages/airflow/example_dags/example_python_decorator.py
[2025-03-22T10:38:21.194+0500] {processor.py:914} INFO - Processing file /home/ruslan/.local/lib/python3.10/site-packages/airflow/example_dags/example_python_decorator.py for tasks to queue
[2025-03-22T10:38:21.195+0500] {logging_mixin.py:190} INFO - [2025-03-22T10:38:21.195+0500] {dagbag.py:588} INFO - Filling up the DagBag from /home/ruslan/.local/lib/python3.10/site-packages/airflow/example_dags/example_python_decorator.py
[2025-03-22T10:38:21.238+0500] {logging_mixin.py:190} INFO - [2025-03-22T10:38:21.237+0500] {example_python_decorator.py:80} WARNING - The virtalenv_python example task requires virtualenv, please install it.
[2025-03-22T10:38:21.239+0500] {processor.py:925} INFO - DAG(s) 'example_python_decorator' retrieved from /home/ruslan/.local/lib/python3.10/site-packages/airflow/example_dags/example_python_decorator.py
[2025-03-22T10:38:21.253+0500] {logging_mixin.py:190} INFO - [2025-03-22T10:38:21.253+0500] {dag.py:3239} INFO - Sync 1 DAGs
[2025-03-22T10:38:21.260+0500] {logging_mixin.py:190} INFO - [2025-03-22T10:38:21.260+0500] {dag.py:4180} INFO - Setting next_dagrun for example_python_decorator to None, run_after=None
[2025-03-22T10:38:21.275+0500] {processor.py:208} INFO - Processing /home/ruslan/.local/lib/python3.10/site-packages/airflow/example_dags/example_python_decorator.py took 0.086 seconds
[2025-03-22T10:38:42.625+0500] {processor.py:186} INFO - Started process (PID=38521) to work on /home/ruslan/.local/lib/python3.10/site-packages/airflow/example_dags/example_python_decorator.py
[2025-03-22T10:38:42.627+0500] {processor.py:914} INFO - Processing file /home/ruslan/.local/lib/python3.10/site-packages/airflow/example_dags/example_python_decorator.py for tasks to queue
[2025-03-22T10:38:42.628+0500] {logging_mixin.py:190} INFO - [2025-03-22T10:38:42.628+0500] {dagbag.py:588} INFO - Filling up the DagBag from /home/ruslan/.local/lib/python3.10/site-packages/airflow/example_dags/example_python_decorator.py
[2025-03-22T10:38:42.668+0500] {logging_mixin.py:190} INFO - [2025-03-22T10:38:42.667+0500] {example_python_decorator.py:80} WARNING - The virtalenv_python example task requires virtualenv, please install it.
[2025-03-22T10:38:42.669+0500] {processor.py:925} INFO - DAG(s) 'example_python_decorator' retrieved from /home/ruslan/.local/lib/python3.10/site-packages/airflow/example_dags/example_python_decorator.py
[2025-03-22T10:38:42.683+0500] {logging_mixin.py:190} INFO - [2025-03-22T10:38:42.683+0500] {dag.py:3239} INFO - Sync 1 DAGs
[2025-03-22T10:38:42.690+0500] {logging_mixin.py:190} INFO - [2025-03-22T10:38:42.690+0500] {dag.py:4180} INFO - Setting next_dagrun for example_python_decorator to None, run_after=None
[2025-03-22T10:38:42.705+0500] {processor.py:208} INFO - Processing /home/ruslan/.local/lib/python3.10/site-packages/airflow/example_dags/example_python_decorator.py took 0.083 seconds
[2025-03-22T10:39:36.009+0500] {processor.py:186} INFO - Started process (PID=39105) to work on /home/ruslan/.local/lib/python3.10/site-packages/airflow/example_dags/example_python_decorator.py
[2025-03-22T10:39:36.010+0500] {processor.py:914} INFO - Processing file /home/ruslan/.local/lib/python3.10/site-packages/airflow/example_dags/example_python_decorator.py for tasks to queue
[2025-03-22T10:39:36.011+0500] {logging_mixin.py:190} INFO - [2025-03-22T10:39:36.011+0500] {dagbag.py:588} INFO - Filling up the DagBag from /home/ruslan/.local/lib/python3.10/site-packages/airflow/example_dags/example_python_decorator.py
[2025-03-22T10:39:36.051+0500] {logging_mixin.py:190} INFO - [2025-03-22T10:39:36.051+0500] {example_python_decorator.py:80} WARNING - The virtalenv_python example task requires virtualenv, please install it.
[2025-03-22T10:39:36.052+0500] {processor.py:925} INFO - DAG(s) 'example_python_decorator' retrieved from /home/ruslan/.local/lib/python3.10/site-packages/airflow/example_dags/example_python_decorator.py
[2025-03-22T10:39:36.062+0500] {logging_mixin.py:190} INFO - [2025-03-22T10:39:36.062+0500] {dag.py:3239} INFO - Sync 1 DAGs
[2025-03-22T10:39:36.069+0500] {logging_mixin.py:190} INFO - [2025-03-22T10:39:36.069+0500] {dag.py:4180} INFO - Setting next_dagrun for example_python_decorator to None, run_after=None
[2025-03-22T10:39:36.083+0500] {processor.py:208} INFO - Processing /home/ruslan/.local/lib/python3.10/site-packages/airflow/example_dags/example_python_decorator.py took 0.078 seconds
[2025-03-22T10:40:26.652+0500] {processor.py:186} INFO - Started process (PID=39788) to work on /home/ruslan/.local/lib/python3.10/site-packages/airflow/example_dags/example_python_decorator.py
[2025-03-22T10:40:26.653+0500] {processor.py:914} INFO - Processing file /home/ruslan/.local/lib/python3.10/site-packages/airflow/example_dags/example_python_decorator.py for tasks to queue
[2025-03-22T10:40:26.654+0500] {logging_mixin.py:190} INFO - [2025-03-22T10:40:26.654+0500] {dagbag.py:588} INFO - Filling up the DagBag from /home/ruslan/.local/lib/python3.10/site-packages/airflow/example_dags/example_python_decorator.py
[2025-03-22T10:40:26.694+0500] {logging_mixin.py:190} INFO - [2025-03-22T10:40:26.693+0500] {example_python_decorator.py:80} WARNING - The virtalenv_python example task requires virtualenv, please install it.
[2025-03-22T10:40:26.695+0500] {processor.py:925} INFO - DAG(s) 'example_python_decorator' retrieved from /home/ruslan/.local/lib/python3.10/site-packages/airflow/example_dags/example_python_decorator.py
[2025-03-22T10:40:26.705+0500] {logging_mixin.py:190} INFO - [2025-03-22T10:40:26.705+0500] {dag.py:3239} INFO - Sync 1 DAGs
[2025-03-22T10:40:26.712+0500] {logging_mixin.py:190} INFO - [2025-03-22T10:40:26.712+0500] {dag.py:4180} INFO - Setting next_dagrun for example_python_decorator to None, run_after=None
[2025-03-22T10:40:26.726+0500] {processor.py:208} INFO - Processing /home/ruslan/.local/lib/python3.10/site-packages/airflow/example_dags/example_python_decorator.py took 0.077 seconds
[2025-03-22T10:41:21.279+0500] {processor.py:186} INFO - Started process (PID=40371) to work on /home/ruslan/.local/lib/python3.10/site-packages/airflow/example_dags/example_python_decorator.py
[2025-03-22T10:41:21.280+0500] {processor.py:914} INFO - Processing file /home/ruslan/.local/lib/python3.10/site-packages/airflow/example_dags/example_python_decorator.py for tasks to queue
[2025-03-22T10:41:21.281+0500] {logging_mixin.py:190} INFO - [2025-03-22T10:41:21.281+0500] {dagbag.py:588} INFO - Filling up the DagBag from /home/ruslan/.local/lib/python3.10/site-packages/airflow/example_dags/example_python_decorator.py
[2025-03-22T10:41:21.322+0500] {logging_mixin.py:190} INFO - [2025-03-22T10:41:21.322+0500] {example_python_decorator.py:80} WARNING - The virtalenv_python example task requires virtualenv, please install it.
[2025-03-22T10:41:21.323+0500] {processor.py:925} INFO - DAG(s) 'example_python_decorator' retrieved from /home/ruslan/.local/lib/python3.10/site-packages/airflow/example_dags/example_python_decorator.py
[2025-03-22T10:41:21.333+0500] {logging_mixin.py:190} INFO - [2025-03-22T10:41:21.333+0500] {dag.py:3239} INFO - Sync 1 DAGs
[2025-03-22T10:41:21.340+0500] {logging_mixin.py:190} INFO - [2025-03-22T10:41:21.340+0500] {dag.py:4180} INFO - Setting next_dagrun for example_python_decorator to None, run_after=None
[2025-03-22T10:41:21.354+0500] {processor.py:208} INFO - Processing /home/ruslan/.local/lib/python3.10/site-packages/airflow/example_dags/example_python_decorator.py took 0.079 seconds
[2025-03-22T10:42:21.999+0500] {processor.py:186} INFO - Started process (PID=41142) to work on /home/ruslan/.local/lib/python3.10/site-packages/airflow/example_dags/example_python_decorator.py
[2025-03-22T10:42:22.000+0500] {processor.py:914} INFO - Processing file /home/ruslan/.local/lib/python3.10/site-packages/airflow/example_dags/example_python_decorator.py for tasks to queue
[2025-03-22T10:42:22.001+0500] {logging_mixin.py:190} INFO - [2025-03-22T10:42:22.001+0500] {dagbag.py:588} INFO - Filling up the DagBag from /home/ruslan/.local/lib/python3.10/site-packages/airflow/example_dags/example_python_decorator.py
[2025-03-22T10:42:22.042+0500] {logging_mixin.py:190} INFO - [2025-03-22T10:42:22.041+0500] {example_python_decorator.py:80} WARNING - The virtalenv_python example task requires virtualenv, please install it.
[2025-03-22T10:42:22.043+0500] {processor.py:925} INFO - DAG(s) 'example_python_decorator' retrieved from /home/ruslan/.local/lib/python3.10/site-packages/airflow/example_dags/example_python_decorator.py
[2025-03-22T10:42:22.052+0500] {logging_mixin.py:190} INFO - [2025-03-22T10:42:22.052+0500] {dag.py:3239} INFO - Sync 1 DAGs
[2025-03-22T10:42:22.059+0500] {logging_mixin.py:190} INFO - [2025-03-22T10:42:22.059+0500] {dag.py:4180} INFO - Setting next_dagrun for example_python_decorator to None, run_after=None
[2025-03-22T10:42:22.074+0500] {processor.py:208} INFO - Processing /home/ruslan/.local/lib/python3.10/site-packages/airflow/example_dags/example_python_decorator.py took 0.078 seconds
[2025-03-22T10:43:16.185+0500] {processor.py:186} INFO - Started process (PID=41844) to work on /home/ruslan/.local/lib/python3.10/site-packages/airflow/example_dags/example_python_decorator.py
[2025-03-22T10:43:16.186+0500] {processor.py:914} INFO - Processing file /home/ruslan/.local/lib/python3.10/site-packages/airflow/example_dags/example_python_decorator.py for tasks to queue
[2025-03-22T10:43:16.188+0500] {logging_mixin.py:190} INFO - [2025-03-22T10:43:16.187+0500] {dagbag.py:588} INFO - Filling up the DagBag from /home/ruslan/.local/lib/python3.10/site-packages/airflow/example_dags/example_python_decorator.py
[2025-03-22T10:43:16.227+0500] {logging_mixin.py:190} INFO - [2025-03-22T10:43:16.227+0500] {example_python_decorator.py:80} WARNING - The virtalenv_python example task requires virtualenv, please install it.
[2025-03-22T10:43:16.229+0500] {processor.py:925} INFO - DAG(s) 'example_python_decorator' retrieved from /home/ruslan/.local/lib/python3.10/site-packages/airflow/example_dags/example_python_decorator.py
[2025-03-22T10:43:16.238+0500] {logging_mixin.py:190} INFO - [2025-03-22T10:43:16.238+0500] {dag.py:3239} INFO - Sync 1 DAGs
[2025-03-22T10:43:16.245+0500] {logging_mixin.py:190} INFO - [2025-03-22T10:43:16.245+0500] {dag.py:4180} INFO - Setting next_dagrun for example_python_decorator to None, run_after=None
[2025-03-22T10:43:16.259+0500] {processor.py:208} INFO - Processing /home/ruslan/.local/lib/python3.10/site-packages/airflow/example_dags/example_python_decorator.py took 0.078 seconds
[2025-03-22T10:44:13.759+0500] {processor.py:186} INFO - Started process (PID=42560) to work on /home/ruslan/.local/lib/python3.10/site-packages/airflow/example_dags/example_python_decorator.py
[2025-03-22T10:44:13.760+0500] {processor.py:914} INFO - Processing file /home/ruslan/.local/lib/python3.10/site-packages/airflow/example_dags/example_python_decorator.py for tasks to queue
[2025-03-22T10:44:13.762+0500] {logging_mixin.py:190} INFO - [2025-03-22T10:44:13.761+0500] {dagbag.py:588} INFO - Filling up the DagBag from /home/ruslan/.local/lib/python3.10/site-packages/airflow/example_dags/example_python_decorator.py
[2025-03-22T10:44:13.801+0500] {logging_mixin.py:190} INFO - [2025-03-22T10:44:13.801+0500] {example_python_decorator.py:80} WARNING - The virtalenv_python example task requires virtualenv, please install it.
[2025-03-22T10:44:13.803+0500] {processor.py:925} INFO - DAG(s) 'example_python_decorator' retrieved from /home/ruslan/.local/lib/python3.10/site-packages/airflow/example_dags/example_python_decorator.py
[2025-03-22T10:44:13.815+0500] {logging_mixin.py:190} INFO - [2025-03-22T10:44:13.815+0500] {dag.py:3239} INFO - Sync 1 DAGs
[2025-03-22T10:44:13.823+0500] {logging_mixin.py:190} INFO - [2025-03-22T10:44:13.823+0500] {dag.py:4180} INFO - Setting next_dagrun for example_python_decorator to None, run_after=None
[2025-03-22T10:44:13.839+0500] {processor.py:208} INFO - Processing /home/ruslan/.local/lib/python3.10/site-packages/airflow/example_dags/example_python_decorator.py took 0.083 seconds
[2025-03-22T10:45:08.558+0500] {processor.py:186} INFO - Started process (PID=43164) to work on /home/ruslan/.local/lib/python3.10/site-packages/airflow/example_dags/example_python_decorator.py
[2025-03-22T10:45:08.559+0500] {processor.py:914} INFO - Processing file /home/ruslan/.local/lib/python3.10/site-packages/airflow/example_dags/example_python_decorator.py for tasks to queue
[2025-03-22T10:45:08.560+0500] {logging_mixin.py:190} INFO - [2025-03-22T10:45:08.560+0500] {dagbag.py:588} INFO - Filling up the DagBag from /home/ruslan/.local/lib/python3.10/site-packages/airflow/example_dags/example_python_decorator.py
[2025-03-22T10:45:08.600+0500] {logging_mixin.py:190} INFO - [2025-03-22T10:45:08.600+0500] {example_python_decorator.py:80} WARNING - The virtalenv_python example task requires virtualenv, please install it.
[2025-03-22T10:45:08.601+0500] {processor.py:925} INFO - DAG(s) 'example_python_decorator' retrieved from /home/ruslan/.local/lib/python3.10/site-packages/airflow/example_dags/example_python_decorator.py
[2025-03-22T10:45:08.611+0500] {logging_mixin.py:190} INFO - [2025-03-22T10:45:08.611+0500] {dag.py:3239} INFO - Sync 1 DAGs
[2025-03-22T10:45:08.618+0500] {logging_mixin.py:190} INFO - [2025-03-22T10:45:08.618+0500] {dag.py:4180} INFO - Setting next_dagrun for example_python_decorator to None, run_after=None
[2025-03-22T10:45:08.633+0500] {processor.py:208} INFO - Processing /home/ruslan/.local/lib/python3.10/site-packages/airflow/example_dags/example_python_decorator.py took 0.079 seconds
[2025-03-22T10:46:04.773+0500] {processor.py:186} INFO - Started process (PID=43971) to work on /home/ruslan/.local/lib/python3.10/site-packages/airflow/example_dags/example_python_decorator.py
[2025-03-22T10:46:04.774+0500] {processor.py:914} INFO - Processing file /home/ruslan/.local/lib/python3.10/site-packages/airflow/example_dags/example_python_decorator.py for tasks to queue
[2025-03-22T10:46:04.775+0500] {logging_mixin.py:190} INFO - [2025-03-22T10:46:04.775+0500] {dagbag.py:588} INFO - Filling up the DagBag from /home/ruslan/.local/lib/python3.10/site-packages/airflow/example_dags/example_python_decorator.py
[2025-03-22T10:46:04.814+0500] {logging_mixin.py:190} INFO - [2025-03-22T10:46:04.814+0500] {example_python_decorator.py:80} WARNING - The virtalenv_python example task requires virtualenv, please install it.
[2025-03-22T10:46:04.815+0500] {processor.py:925} INFO - DAG(s) 'example_python_decorator' retrieved from /home/ruslan/.local/lib/python3.10/site-packages/airflow/example_dags/example_python_decorator.py
[2025-03-22T10:46:04.825+0500] {logging_mixin.py:190} INFO - [2025-03-22T10:46:04.825+0500] {dag.py:3239} INFO - Sync 1 DAGs
[2025-03-22T10:46:04.832+0500] {logging_mixin.py:190} INFO - [2025-03-22T10:46:04.832+0500] {dag.py:4180} INFO - Setting next_dagrun for example_python_decorator to None, run_after=None
[2025-03-22T10:46:04.846+0500] {processor.py:208} INFO - Processing /home/ruslan/.local/lib/python3.10/site-packages/airflow/example_dags/example_python_decorator.py took 0.077 seconds
[2025-03-22T10:47:00.132+0500] {processor.py:186} INFO - Started process (PID=44604) to work on /home/ruslan/.local/lib/python3.10/site-packages/airflow/example_dags/example_python_decorator.py
[2025-03-22T10:47:00.133+0500] {processor.py:914} INFO - Processing file /home/ruslan/.local/lib/python3.10/site-packages/airflow/example_dags/example_python_decorator.py for tasks to queue
[2025-03-22T10:47:00.135+0500] {logging_mixin.py:190} INFO - [2025-03-22T10:47:00.134+0500] {dagbag.py:588} INFO - Filling up the DagBag from /home/ruslan/.local/lib/python3.10/site-packages/airflow/example_dags/example_python_decorator.py
[2025-03-22T10:47:00.174+0500] {logging_mixin.py:190} INFO - [2025-03-22T10:47:00.173+0500] {example_python_decorator.py:80} WARNING - The virtalenv_python example task requires virtualenv, please install it.
[2025-03-22T10:47:00.175+0500] {processor.py:925} INFO - DAG(s) 'example_python_decorator' retrieved from /home/ruslan/.local/lib/python3.10/site-packages/airflow/example_dags/example_python_decorator.py
[2025-03-22T10:47:00.184+0500] {logging_mixin.py:190} INFO - [2025-03-22T10:47:00.184+0500] {dag.py:3239} INFO - Sync 1 DAGs
[2025-03-22T10:47:00.191+0500] {logging_mixin.py:190} INFO - [2025-03-22T10:47:00.191+0500] {dag.py:4180} INFO - Setting next_dagrun for example_python_decorator to None, run_after=None
[2025-03-22T10:47:00.206+0500] {processor.py:208} INFO - Processing /home/ruslan/.local/lib/python3.10/site-packages/airflow/example_dags/example_python_decorator.py took 0.077 seconds
[2025-03-22T10:47:55.010+0500] {processor.py:186} INFO - Started process (PID=45330) to work on /home/ruslan/.local/lib/python3.10/site-packages/airflow/example_dags/example_python_decorator.py
[2025-03-22T10:47:55.011+0500] {processor.py:914} INFO - Processing file /home/ruslan/.local/lib/python3.10/site-packages/airflow/example_dags/example_python_decorator.py for tasks to queue
[2025-03-22T10:47:55.013+0500] {logging_mixin.py:190} INFO - [2025-03-22T10:47:55.012+0500] {dagbag.py:588} INFO - Filling up the DagBag from /home/ruslan/.local/lib/python3.10/site-packages/airflow/example_dags/example_python_decorator.py
[2025-03-22T10:47:55.052+0500] {logging_mixin.py:190} INFO - [2025-03-22T10:47:55.052+0500] {example_python_decorator.py:80} WARNING - The virtalenv_python example task requires virtualenv, please install it.
[2025-03-22T10:47:55.054+0500] {processor.py:925} INFO - DAG(s) 'example_python_decorator' retrieved from /home/ruslan/.local/lib/python3.10/site-packages/airflow/example_dags/example_python_decorator.py
[2025-03-22T10:47:55.065+0500] {logging_mixin.py:190} INFO - [2025-03-22T10:47:55.065+0500] {dag.py:3239} INFO - Sync 1 DAGs
[2025-03-22T10:47:55.073+0500] {logging_mixin.py:190} INFO - [2025-03-22T10:47:55.073+0500] {dag.py:4180} INFO - Setting next_dagrun for example_python_decorator to None, run_after=None
[2025-03-22T10:47:55.087+0500] {processor.py:208} INFO - Processing /home/ruslan/.local/lib/python3.10/site-packages/airflow/example_dags/example_python_decorator.py took 0.080 seconds
[2025-03-22T10:48:47.096+0500] {processor.py:186} INFO - Started process (PID=45962) to work on /home/ruslan/.local/lib/python3.10/site-packages/airflow/example_dags/example_python_decorator.py
[2025-03-22T10:48:47.097+0500] {processor.py:914} INFO - Processing file /home/ruslan/.local/lib/python3.10/site-packages/airflow/example_dags/example_python_decorator.py for tasks to queue
[2025-03-22T10:48:47.098+0500] {logging_mixin.py:190} INFO - [2025-03-22T10:48:47.098+0500] {dagbag.py:588} INFO - Filling up the DagBag from /home/ruslan/.local/lib/python3.10/site-packages/airflow/example_dags/example_python_decorator.py
[2025-03-22T10:48:47.133+0500] {logging_mixin.py:190} INFO - [2025-03-22T10:48:47.133+0500] {example_python_decorator.py:80} WARNING - The virtalenv_python example task requires virtualenv, please install it.
[2025-03-22T10:48:47.134+0500] {processor.py:925} INFO - DAG(s) 'example_python_decorator' retrieved from /home/ruslan/.local/lib/python3.10/site-packages/airflow/example_dags/example_python_decorator.py
[2025-03-22T10:48:47.144+0500] {logging_mixin.py:190} INFO - [2025-03-22T10:48:47.144+0500] {dag.py:3239} INFO - Sync 1 DAGs
[2025-03-22T10:48:47.151+0500] {logging_mixin.py:190} INFO - [2025-03-22T10:48:47.150+0500] {dag.py:4180} INFO - Setting next_dagrun for example_python_decorator to None, run_after=None
[2025-03-22T10:48:47.165+0500] {processor.py:208} INFO - Processing /home/ruslan/.local/lib/python3.10/site-packages/airflow/example_dags/example_python_decorator.py took 0.073 seconds
[2025-03-22T12:46:46.456+0500] {processor.py:186} INFO - Started process (PID=889) to work on /home/ruslan/.local/lib/python3.10/site-packages/airflow/example_dags/example_python_decorator.py
[2025-03-22T12:46:46.457+0500] {processor.py:914} INFO - Processing file /home/ruslan/.local/lib/python3.10/site-packages/airflow/example_dags/example_python_decorator.py for tasks to queue
[2025-03-22T12:46:46.458+0500] {logging_mixin.py:190} INFO - [2025-03-22T12:46:46.458+0500] {dagbag.py:588} INFO - Filling up the DagBag from /home/ruslan/.local/lib/python3.10/site-packages/airflow/example_dags/example_python_decorator.py
[2025-03-22T12:46:46.498+0500] {logging_mixin.py:190} INFO - [2025-03-22T12:46:46.498+0500] {example_python_decorator.py:80} WARNING - The virtalenv_python example task requires virtualenv, please install it.
[2025-03-22T12:46:46.500+0500] {processor.py:925} INFO - DAG(s) 'example_python_decorator' retrieved from /home/ruslan/.local/lib/python3.10/site-packages/airflow/example_dags/example_python_decorator.py
[2025-03-22T12:46:46.513+0500] {logging_mixin.py:190} INFO - [2025-03-22T12:46:46.513+0500] {dag.py:3239} INFO - Sync 1 DAGs
[2025-03-22T12:46:46.520+0500] {logging_mixin.py:190} INFO - [2025-03-22T12:46:46.520+0500] {dag.py:4180} INFO - Setting next_dagrun for example_python_decorator to None, run_after=None
[2025-03-22T12:46:46.533+0500] {processor.py:208} INFO - Processing /home/ruslan/.local/lib/python3.10/site-packages/airflow/example_dags/example_python_decorator.py took 0.081 seconds
[2025-03-22T12:47:42.108+0500] {processor.py:186} INFO - Started process (PID=6152) to work on /home/ruslan/.local/lib/python3.10/site-packages/airflow/example_dags/example_python_decorator.py
[2025-03-22T12:47:42.109+0500] {processor.py:914} INFO - Processing file /home/ruslan/.local/lib/python3.10/site-packages/airflow/example_dags/example_python_decorator.py for tasks to queue
[2025-03-22T12:47:42.110+0500] {logging_mixin.py:190} INFO - [2025-03-22T12:47:42.110+0500] {dagbag.py:588} INFO - Filling up the DagBag from /home/ruslan/.local/lib/python3.10/site-packages/airflow/example_dags/example_python_decorator.py
[2025-03-22T12:47:42.153+0500] {logging_mixin.py:190} INFO - [2025-03-22T12:47:42.152+0500] {example_python_decorator.py:80} WARNING - The virtalenv_python example task requires virtualenv, please install it.
[2025-03-22T12:47:42.154+0500] {processor.py:925} INFO - DAG(s) 'example_python_decorator' retrieved from /home/ruslan/.local/lib/python3.10/site-packages/airflow/example_dags/example_python_decorator.py
[2025-03-22T12:47:42.164+0500] {logging_mixin.py:190} INFO - [2025-03-22T12:47:42.164+0500] {dag.py:3239} INFO - Sync 1 DAGs
[2025-03-22T12:47:42.171+0500] {logging_mixin.py:190} INFO - [2025-03-22T12:47:42.171+0500] {dag.py:4180} INFO - Setting next_dagrun for example_python_decorator to None, run_after=None
[2025-03-22T12:47:42.213+0500] {processor.py:208} INFO - Processing /home/ruslan/.local/lib/python3.10/site-packages/airflow/example_dags/example_python_decorator.py took 0.108 seconds
[2025-03-22T12:48:35.054+0500] {processor.py:186} INFO - Started process (PID=6436) to work on /home/ruslan/.local/lib/python3.10/site-packages/airflow/example_dags/example_python_decorator.py
[2025-03-22T12:48:35.055+0500] {processor.py:914} INFO - Processing file /home/ruslan/.local/lib/python3.10/site-packages/airflow/example_dags/example_python_decorator.py for tasks to queue
[2025-03-22T12:48:35.056+0500] {logging_mixin.py:190} INFO - [2025-03-22T12:48:35.056+0500] {dagbag.py:588} INFO - Filling up the DagBag from /home/ruslan/.local/lib/python3.10/site-packages/airflow/example_dags/example_python_decorator.py
[2025-03-22T12:48:35.099+0500] {logging_mixin.py:190} INFO - [2025-03-22T12:48:35.099+0500] {example_python_decorator.py:80} WARNING - The virtalenv_python example task requires virtualenv, please install it.
[2025-03-22T12:48:35.100+0500] {processor.py:925} INFO - DAG(s) 'example_python_decorator' retrieved from /home/ruslan/.local/lib/python3.10/site-packages/airflow/example_dags/example_python_decorator.py
[2025-03-22T12:48:35.110+0500] {logging_mixin.py:190} INFO - [2025-03-22T12:48:35.109+0500] {dag.py:3239} INFO - Sync 1 DAGs
[2025-03-22T12:48:35.117+0500] {logging_mixin.py:190} INFO - [2025-03-22T12:48:35.117+0500] {dag.py:4180} INFO - Setting next_dagrun for example_python_decorator to None, run_after=None
[2025-03-22T12:48:35.132+0500] {processor.py:208} INFO - Processing /home/ruslan/.local/lib/python3.10/site-packages/airflow/example_dags/example_python_decorator.py took 0.081 seconds
[2025-03-22T12:49:26.725+0500] {processor.py:186} INFO - Started process (PID=7333) to work on /home/ruslan/.local/lib/python3.10/site-packages/airflow/example_dags/example_python_decorator.py
[2025-03-22T12:49:26.726+0500] {processor.py:914} INFO - Processing file /home/ruslan/.local/lib/python3.10/site-packages/airflow/example_dags/example_python_decorator.py for tasks to queue
[2025-03-22T12:49:26.727+0500] {logging_mixin.py:190} INFO - [2025-03-22T12:49:26.727+0500] {dagbag.py:588} INFO - Filling up the DagBag from /home/ruslan/.local/lib/python3.10/site-packages/airflow/example_dags/example_python_decorator.py
[2025-03-22T12:49:26.765+0500] {logging_mixin.py:190} INFO - [2025-03-22T12:49:26.765+0500] {example_python_decorator.py:80} WARNING - The virtalenv_python example task requires virtualenv, please install it.
[2025-03-22T12:49:26.766+0500] {processor.py:925} INFO - DAG(s) 'example_python_decorator' retrieved from /home/ruslan/.local/lib/python3.10/site-packages/airflow/example_dags/example_python_decorator.py
[2025-03-22T12:49:26.775+0500] {logging_mixin.py:190} INFO - [2025-03-22T12:49:26.775+0500] {dag.py:3239} INFO - Sync 1 DAGs
[2025-03-22T12:49:26.782+0500] {logging_mixin.py:190} INFO - [2025-03-22T12:49:26.782+0500] {dag.py:4180} INFO - Setting next_dagrun for example_python_decorator to None, run_after=None
[2025-03-22T12:49:26.796+0500] {processor.py:208} INFO - Processing /home/ruslan/.local/lib/python3.10/site-packages/airflow/example_dags/example_python_decorator.py took 0.075 seconds
[2025-03-22T12:50:19.236+0500] {processor.py:186} INFO - Started process (PID=7789) to work on /home/ruslan/.local/lib/python3.10/site-packages/airflow/example_dags/example_python_decorator.py
[2025-03-22T12:50:19.237+0500] {processor.py:914} INFO - Processing file /home/ruslan/.local/lib/python3.10/site-packages/airflow/example_dags/example_python_decorator.py for tasks to queue
[2025-03-22T12:50:19.239+0500] {logging_mixin.py:190} INFO - [2025-03-22T12:50:19.239+0500] {dagbag.py:588} INFO - Filling up the DagBag from /home/ruslan/.local/lib/python3.10/site-packages/airflow/example_dags/example_python_decorator.py
[2025-03-22T12:50:19.283+0500] {logging_mixin.py:190} INFO - [2025-03-22T12:50:19.283+0500] {example_python_decorator.py:80} WARNING - The virtalenv_python example task requires virtualenv, please install it.
[2025-03-22T12:50:19.285+0500] {processor.py:925} INFO - DAG(s) 'example_python_decorator' retrieved from /home/ruslan/.local/lib/python3.10/site-packages/airflow/example_dags/example_python_decorator.py
[2025-03-22T12:50:19.295+0500] {logging_mixin.py:190} INFO - [2025-03-22T12:50:19.295+0500] {dag.py:3239} INFO - Sync 1 DAGs
[2025-03-22T12:50:19.302+0500] {logging_mixin.py:190} INFO - [2025-03-22T12:50:19.302+0500] {dag.py:4180} INFO - Setting next_dagrun for example_python_decorator to None, run_after=None
[2025-03-22T12:50:19.320+0500] {processor.py:208} INFO - Processing /home/ruslan/.local/lib/python3.10/site-packages/airflow/example_dags/example_python_decorator.py took 0.087 seconds
[2025-03-22T12:50:53.403+0500] {processor.py:186} INFO - Started process (PID=8468) to work on /home/ruslan/.local/lib/python3.10/site-packages/airflow/example_dags/example_python_decorator.py
[2025-03-22T12:50:53.404+0500] {processor.py:914} INFO - Processing file /home/ruslan/.local/lib/python3.10/site-packages/airflow/example_dags/example_python_decorator.py for tasks to queue
[2025-03-22T12:50:53.405+0500] {logging_mixin.py:190} INFO - [2025-03-22T12:50:53.405+0500] {dagbag.py:588} INFO - Filling up the DagBag from /home/ruslan/.local/lib/python3.10/site-packages/airflow/example_dags/example_python_decorator.py
[2025-03-22T12:50:53.438+0500] {logging_mixin.py:190} INFO - [2025-03-22T12:50:53.438+0500] {example_python_decorator.py:80} WARNING - The virtalenv_python example task requires virtualenv, please install it.
[2025-03-22T12:50:53.440+0500] {processor.py:925} INFO - DAG(s) 'example_python_decorator' retrieved from /home/ruslan/.local/lib/python3.10/site-packages/airflow/example_dags/example_python_decorator.py
[2025-03-22T12:50:53.453+0500] {logging_mixin.py:190} INFO - [2025-03-22T12:50:53.453+0500] {dag.py:3239} INFO - Sync 1 DAGs
[2025-03-22T12:50:53.460+0500] {logging_mixin.py:190} INFO - [2025-03-22T12:50:53.459+0500] {dag.py:4180} INFO - Setting next_dagrun for example_python_decorator to None, run_after=None
[2025-03-22T12:50:53.473+0500] {processor.py:208} INFO - Processing /home/ruslan/.local/lib/python3.10/site-packages/airflow/example_dags/example_python_decorator.py took 0.073 seconds
[2025-03-22T12:52:43.762+0500] {processor.py:186} INFO - Started process (PID=10850) to work on /home/ruslan/.local/lib/python3.10/site-packages/airflow/example_dags/example_python_decorator.py
[2025-03-22T12:52:43.763+0500] {processor.py:914} INFO - Processing file /home/ruslan/.local/lib/python3.10/site-packages/airflow/example_dags/example_python_decorator.py for tasks to queue
[2025-03-22T12:52:43.764+0500] {logging_mixin.py:190} INFO - [2025-03-22T12:52:43.764+0500] {dagbag.py:588} INFO - Filling up the DagBag from /home/ruslan/.local/lib/python3.10/site-packages/airflow/example_dags/example_python_decorator.py
[2025-03-22T12:52:43.805+0500] {logging_mixin.py:190} INFO - [2025-03-22T12:52:43.805+0500] {example_python_decorator.py:80} WARNING - The virtalenv_python example task requires virtualenv, please install it.
[2025-03-22T12:52:43.807+0500] {processor.py:925} INFO - DAG(s) 'example_python_decorator' retrieved from /home/ruslan/.local/lib/python3.10/site-packages/airflow/example_dags/example_python_decorator.py
[2025-03-22T12:52:43.816+0500] {logging_mixin.py:190} INFO - [2025-03-22T12:52:43.816+0500] {dag.py:3239} INFO - Sync 1 DAGs
[2025-03-22T12:52:43.823+0500] {logging_mixin.py:190} INFO - [2025-03-22T12:52:43.823+0500] {dag.py:4180} INFO - Setting next_dagrun for example_python_decorator to None, run_after=None
[2025-03-22T12:52:43.838+0500] {processor.py:208} INFO - Processing /home/ruslan/.local/lib/python3.10/site-packages/airflow/example_dags/example_python_decorator.py took 0.080 seconds
