[2025-03-22T10:07:33.709+0500] {processor.py:186} INFO - Started process (PID=18073) to work on /home/ruslan/.local/lib/python3.10/site-packages/airflow/example_dags/example_trigger_controller_dag.py
[2025-03-22T10:07:33.709+0500] {processor.py:914} INFO - Processing file /home/ruslan/.local/lib/python3.10/site-packages/airflow/example_dags/example_trigger_controller_dag.py for tasks to queue
[2025-03-22T10:07:33.711+0500] {logging_mixin.py:190} INFO - [2025-03-22T10:07:33.710+0500] {dagbag.py:588} INFO - Filling up the DagBag from /home/ruslan/.local/lib/python3.10/site-packages/airflow/example_dags/example_trigger_controller_dag.py
[2025-03-22T10:07:33.715+0500] {processor.py:925} INFO - DAG(s) 'example_trigger_controller_dag' retrieved from /home/ruslan/.local/lib/python3.10/site-packages/airflow/example_dags/example_trigger_controller_dag.py
[2025-03-22T10:07:33.771+0500] {logging_mixin.py:190} INFO - [2025-03-22T10:07:33.771+0500] {override.py:1930} INFO - Created Permission View: can delete on DAG:example_trigger_controller_dag
[2025-03-22T10:07:33.780+0500] {logging_mixin.py:190} INFO - [2025-03-22T10:07:33.780+0500] {override.py:1930} INFO - Created Permission View: can read on DAG:example_trigger_controller_dag
[2025-03-22T10:07:33.787+0500] {logging_mixin.py:190} INFO - [2025-03-22T10:07:33.787+0500] {override.py:1930} INFO - Created Permission View: can edit on DAG:example_trigger_controller_dag
[2025-03-22T10:07:33.799+0500] {logging_mixin.py:190} INFO - [2025-03-22T10:07:33.798+0500] {override.py:1930} INFO - Created Permission View: can create on DAG Run:example_trigger_controller_dag
[2025-03-22T10:07:33.806+0500] {logging_mixin.py:190} INFO - [2025-03-22T10:07:33.806+0500] {override.py:1930} INFO - Created Permission View: menu access on DAG Run:example_trigger_controller_dag
[2025-03-22T10:07:33.813+0500] {logging_mixin.py:190} INFO - [2025-03-22T10:07:33.813+0500] {override.py:1930} INFO - Created Permission View: can read on DAG Run:example_trigger_controller_dag
[2025-03-22T10:07:33.820+0500] {logging_mixin.py:190} INFO - [2025-03-22T10:07:33.819+0500] {override.py:1930} INFO - Created Permission View: can delete on DAG Run:example_trigger_controller_dag
[2025-03-22T10:07:33.820+0500] {logging_mixin.py:190} INFO - [2025-03-22T10:07:33.820+0500] {dag.py:3239} INFO - Sync 1 DAGs
[2025-03-22T10:07:33.826+0500] {logging_mixin.py:190} INFO - [2025-03-22T10:07:33.826+0500] {dag.py:3262} INFO - Creating ORM DAG for example_trigger_controller_dag
[2025-03-22T10:07:33.831+0500] {logging_mixin.py:190} INFO - [2025-03-22T10:07:33.831+0500] {dag.py:4180} INFO - Setting next_dagrun for example_trigger_controller_dag to 2021-01-01 00:00:00+00:00, run_after=2021-01-01 00:00:00+00:00
[2025-03-22T10:07:33.844+0500] {processor.py:208} INFO - Processing /home/ruslan/.local/lib/python3.10/site-packages/airflow/example_dags/example_trigger_controller_dag.py took 0.138 seconds
[2025-03-22T10:08:28.568+0500] {processor.py:186} INFO - Started process (PID=18635) to work on /home/ruslan/.local/lib/python3.10/site-packages/airflow/example_dags/example_trigger_controller_dag.py
[2025-03-22T10:08:28.569+0500] {processor.py:914} INFO - Processing file /home/ruslan/.local/lib/python3.10/site-packages/airflow/example_dags/example_trigger_controller_dag.py for tasks to queue
[2025-03-22T10:08:28.570+0500] {logging_mixin.py:190} INFO - [2025-03-22T10:08:28.570+0500] {dagbag.py:588} INFO - Filling up the DagBag from /home/ruslan/.local/lib/python3.10/site-packages/airflow/example_dags/example_trigger_controller_dag.py
[2025-03-22T10:08:28.575+0500] {processor.py:925} INFO - DAG(s) 'example_trigger_controller_dag' retrieved from /home/ruslan/.local/lib/python3.10/site-packages/airflow/example_dags/example_trigger_controller_dag.py
[2025-03-22T10:08:28.583+0500] {logging_mixin.py:190} INFO - [2025-03-22T10:08:28.582+0500] {dag.py:3239} INFO - Sync 1 DAGs
[2025-03-22T10:08:28.594+0500] {logging_mixin.py:190} INFO - [2025-03-22T10:08:28.594+0500] {dag.py:4180} INFO - Setting next_dagrun for example_trigger_controller_dag to 2021-01-01 00:00:00+00:00, run_after=2021-01-01 00:00:00+00:00
[2025-03-22T10:08:28.608+0500] {processor.py:208} INFO - Processing /home/ruslan/.local/lib/python3.10/site-packages/airflow/example_dags/example_trigger_controller_dag.py took 0.044 seconds
[2025-03-22T10:09:24.535+0500] {processor.py:186} INFO - Started process (PID=19236) to work on /home/ruslan/.local/lib/python3.10/site-packages/airflow/example_dags/example_trigger_controller_dag.py
[2025-03-22T10:09:24.537+0500] {processor.py:914} INFO - Processing file /home/ruslan/.local/lib/python3.10/site-packages/airflow/example_dags/example_trigger_controller_dag.py for tasks to queue
[2025-03-22T10:09:24.538+0500] {logging_mixin.py:190} INFO - [2025-03-22T10:09:24.538+0500] {dagbag.py:588} INFO - Filling up the DagBag from /home/ruslan/.local/lib/python3.10/site-packages/airflow/example_dags/example_trigger_controller_dag.py
[2025-03-22T10:09:24.542+0500] {processor.py:925} INFO - DAG(s) 'example_trigger_controller_dag' retrieved from /home/ruslan/.local/lib/python3.10/site-packages/airflow/example_dags/example_trigger_controller_dag.py
[2025-03-22T10:09:24.550+0500] {logging_mixin.py:190} INFO - [2025-03-22T10:09:24.550+0500] {dag.py:3239} INFO - Sync 1 DAGs
[2025-03-22T10:09:24.561+0500] {logging_mixin.py:190} INFO - [2025-03-22T10:09:24.560+0500] {dag.py:4180} INFO - Setting next_dagrun for example_trigger_controller_dag to 2021-01-01 00:00:00+00:00, run_after=2021-01-01 00:00:00+00:00
[2025-03-22T10:09:24.576+0500] {processor.py:208} INFO - Processing /home/ruslan/.local/lib/python3.10/site-packages/airflow/example_dags/example_trigger_controller_dag.py took 0.044 seconds
[2025-03-22T10:10:22.240+0500] {processor.py:186} INFO - Started process (PID=19843) to work on /home/ruslan/.local/lib/python3.10/site-packages/airflow/example_dags/example_trigger_controller_dag.py
[2025-03-22T10:10:22.241+0500] {processor.py:914} INFO - Processing file /home/ruslan/.local/lib/python3.10/site-packages/airflow/example_dags/example_trigger_controller_dag.py for tasks to queue
[2025-03-22T10:10:22.242+0500] {logging_mixin.py:190} INFO - [2025-03-22T10:10:22.242+0500] {dagbag.py:588} INFO - Filling up the DagBag from /home/ruslan/.local/lib/python3.10/site-packages/airflow/example_dags/example_trigger_controller_dag.py
[2025-03-22T10:10:22.247+0500] {processor.py:925} INFO - DAG(s) 'example_trigger_controller_dag' retrieved from /home/ruslan/.local/lib/python3.10/site-packages/airflow/example_dags/example_trigger_controller_dag.py
[2025-03-22T10:10:22.258+0500] {logging_mixin.py:190} INFO - [2025-03-22T10:10:22.258+0500] {dag.py:3239} INFO - Sync 1 DAGs
[2025-03-22T10:10:22.273+0500] {logging_mixin.py:190} INFO - [2025-03-22T10:10:22.272+0500] {dag.py:4180} INFO - Setting next_dagrun for example_trigger_controller_dag to 2021-01-01 00:00:00+00:00, run_after=2021-01-01 00:00:00+00:00
[2025-03-22T10:10:22.291+0500] {processor.py:208} INFO - Processing /home/ruslan/.local/lib/python3.10/site-packages/airflow/example_dags/example_trigger_controller_dag.py took 0.056 seconds
[2025-03-22T10:11:16.865+0500] {processor.py:186} INFO - Started process (PID=20350) to work on /home/ruslan/.local/lib/python3.10/site-packages/airflow/example_dags/example_trigger_controller_dag.py
[2025-03-22T10:11:16.866+0500] {processor.py:914} INFO - Processing file /home/ruslan/.local/lib/python3.10/site-packages/airflow/example_dags/example_trigger_controller_dag.py for tasks to queue
[2025-03-22T10:11:16.868+0500] {logging_mixin.py:190} INFO - [2025-03-22T10:11:16.867+0500] {dagbag.py:588} INFO - Filling up the DagBag from /home/ruslan/.local/lib/python3.10/site-packages/airflow/example_dags/example_trigger_controller_dag.py
[2025-03-22T10:11:16.872+0500] {processor.py:925} INFO - DAG(s) 'example_trigger_controller_dag' retrieved from /home/ruslan/.local/lib/python3.10/site-packages/airflow/example_dags/example_trigger_controller_dag.py
[2025-03-22T10:11:16.879+0500] {logging_mixin.py:190} INFO - [2025-03-22T10:11:16.879+0500] {dag.py:3239} INFO - Sync 1 DAGs
[2025-03-22T10:11:16.890+0500] {logging_mixin.py:190} INFO - [2025-03-22T10:11:16.890+0500] {dag.py:4180} INFO - Setting next_dagrun for example_trigger_controller_dag to 2021-01-01 00:00:00+00:00, run_after=2021-01-01 00:00:00+00:00
[2025-03-22T10:11:16.904+0500] {processor.py:208} INFO - Processing /home/ruslan/.local/lib/python3.10/site-packages/airflow/example_dags/example_trigger_controller_dag.py took 0.043 seconds
[2025-03-22T10:12:33.871+0500] {processor.py:186} INFO - Started process (PID=21225) to work on /home/ruslan/.local/lib/python3.10/site-packages/airflow/example_dags/example_trigger_controller_dag.py
[2025-03-22T10:12:33.871+0500] {processor.py:914} INFO - Processing file /home/ruslan/.local/lib/python3.10/site-packages/airflow/example_dags/example_trigger_controller_dag.py for tasks to queue
[2025-03-22T10:12:33.873+0500] {logging_mixin.py:190} INFO - [2025-03-22T10:12:33.873+0500] {dagbag.py:588} INFO - Filling up the DagBag from /home/ruslan/.local/lib/python3.10/site-packages/airflow/example_dags/example_trigger_controller_dag.py
[2025-03-22T10:12:33.877+0500] {processor.py:925} INFO - DAG(s) 'example_trigger_controller_dag' retrieved from /home/ruslan/.local/lib/python3.10/site-packages/airflow/example_dags/example_trigger_controller_dag.py
[2025-03-22T10:12:33.886+0500] {logging_mixin.py:190} INFO - [2025-03-22T10:12:33.886+0500] {dag.py:3239} INFO - Sync 1 DAGs
[2025-03-22T10:12:33.898+0500] {logging_mixin.py:190} INFO - [2025-03-22T10:12:33.897+0500] {dag.py:4180} INFO - Setting next_dagrun for example_trigger_controller_dag to 2021-01-01 00:00:00+00:00, run_after=2021-01-01 00:00:00+00:00
[2025-03-22T10:12:33.913+0500] {processor.py:208} INFO - Processing /home/ruslan/.local/lib/python3.10/site-packages/airflow/example_dags/example_trigger_controller_dag.py took 0.047 seconds
[2025-03-22T10:13:52.425+0500] {processor.py:186} INFO - Started process (PID=22029) to work on /home/ruslan/.local/lib/python3.10/site-packages/airflow/example_dags/example_trigger_controller_dag.py
[2025-03-22T10:13:52.426+0500] {processor.py:914} INFO - Processing file /home/ruslan/.local/lib/python3.10/site-packages/airflow/example_dags/example_trigger_controller_dag.py for tasks to queue
[2025-03-22T10:13:52.428+0500] {logging_mixin.py:190} INFO - [2025-03-22T10:13:52.428+0500] {dagbag.py:588} INFO - Filling up the DagBag from /home/ruslan/.local/lib/python3.10/site-packages/airflow/example_dags/example_trigger_controller_dag.py
[2025-03-22T10:13:52.433+0500] {processor.py:925} INFO - DAG(s) 'example_trigger_controller_dag' retrieved from /home/ruslan/.local/lib/python3.10/site-packages/airflow/example_dags/example_trigger_controller_dag.py
[2025-03-22T10:13:52.445+0500] {logging_mixin.py:190} INFO - [2025-03-22T10:13:52.444+0500] {dag.py:3239} INFO - Sync 1 DAGs
[2025-03-22T10:13:52.458+0500] {logging_mixin.py:190} INFO - [2025-03-22T10:13:52.457+0500] {dag.py:4180} INFO - Setting next_dagrun for example_trigger_controller_dag to 2021-01-01 00:00:00+00:00, run_after=2021-01-01 00:00:00+00:00
[2025-03-22T10:13:52.478+0500] {processor.py:208} INFO - Processing /home/ruslan/.local/lib/python3.10/site-packages/airflow/example_dags/example_trigger_controller_dag.py took 0.058 seconds
[2025-03-22T10:15:10.682+0500] {processor.py:186} INFO - Started process (PID=22815) to work on /home/ruslan/.local/lib/python3.10/site-packages/airflow/example_dags/example_trigger_controller_dag.py
[2025-03-22T10:15:10.683+0500] {processor.py:914} INFO - Processing file /home/ruslan/.local/lib/python3.10/site-packages/airflow/example_dags/example_trigger_controller_dag.py for tasks to queue
[2025-03-22T10:15:10.684+0500] {logging_mixin.py:190} INFO - [2025-03-22T10:15:10.684+0500] {dagbag.py:588} INFO - Filling up the DagBag from /home/ruslan/.local/lib/python3.10/site-packages/airflow/example_dags/example_trigger_controller_dag.py
[2025-03-22T10:15:10.688+0500] {processor.py:925} INFO - DAG(s) 'example_trigger_controller_dag' retrieved from /home/ruslan/.local/lib/python3.10/site-packages/airflow/example_dags/example_trigger_controller_dag.py
[2025-03-22T10:15:10.697+0500] {logging_mixin.py:190} INFO - [2025-03-22T10:15:10.697+0500] {dag.py:3239} INFO - Sync 1 DAGs
[2025-03-22T10:15:10.707+0500] {logging_mixin.py:190} INFO - [2025-03-22T10:15:10.707+0500] {dag.py:4180} INFO - Setting next_dagrun for example_trigger_controller_dag to 2021-01-01 00:00:00+00:00, run_after=2021-01-01 00:00:00+00:00
[2025-03-22T10:15:10.722+0500] {processor.py:208} INFO - Processing /home/ruslan/.local/lib/python3.10/site-packages/airflow/example_dags/example_trigger_controller_dag.py took 0.044 seconds
[2025-03-22T10:16:25.343+0500] {processor.py:186} INFO - Started process (PID=23615) to work on /home/ruslan/.local/lib/python3.10/site-packages/airflow/example_dags/example_trigger_controller_dag.py
[2025-03-22T10:16:25.344+0500] {processor.py:914} INFO - Processing file /home/ruslan/.local/lib/python3.10/site-packages/airflow/example_dags/example_trigger_controller_dag.py for tasks to queue
[2025-03-22T10:16:25.345+0500] {logging_mixin.py:190} INFO - [2025-03-22T10:16:25.345+0500] {dagbag.py:588} INFO - Filling up the DagBag from /home/ruslan/.local/lib/python3.10/site-packages/airflow/example_dags/example_trigger_controller_dag.py
[2025-03-22T10:16:25.349+0500] {processor.py:925} INFO - DAG(s) 'example_trigger_controller_dag' retrieved from /home/ruslan/.local/lib/python3.10/site-packages/airflow/example_dags/example_trigger_controller_dag.py
[2025-03-22T10:16:25.357+0500] {logging_mixin.py:190} INFO - [2025-03-22T10:16:25.357+0500] {dag.py:3239} INFO - Sync 1 DAGs
[2025-03-22T10:16:25.367+0500] {logging_mixin.py:190} INFO - [2025-03-22T10:16:25.367+0500] {dag.py:4180} INFO - Setting next_dagrun for example_trigger_controller_dag to 2021-01-01 00:00:00+00:00, run_after=2021-01-01 00:00:00+00:00
[2025-03-22T10:16:25.383+0500] {processor.py:208} INFO - Processing /home/ruslan/.local/lib/python3.10/site-packages/airflow/example_dags/example_trigger_controller_dag.py took 0.043 seconds
[2025-03-22T10:17:41.782+0500] {processor.py:186} INFO - Started process (PID=24409) to work on /home/ruslan/.local/lib/python3.10/site-packages/airflow/example_dags/example_trigger_controller_dag.py
[2025-03-22T10:17:41.783+0500] {processor.py:914} INFO - Processing file /home/ruslan/.local/lib/python3.10/site-packages/airflow/example_dags/example_trigger_controller_dag.py for tasks to queue
[2025-03-22T10:17:41.784+0500] {logging_mixin.py:190} INFO - [2025-03-22T10:17:41.784+0500] {dagbag.py:588} INFO - Filling up the DagBag from /home/ruslan/.local/lib/python3.10/site-packages/airflow/example_dags/example_trigger_controller_dag.py
[2025-03-22T10:17:41.788+0500] {processor.py:925} INFO - DAG(s) 'example_trigger_controller_dag' retrieved from /home/ruslan/.local/lib/python3.10/site-packages/airflow/example_dags/example_trigger_controller_dag.py
[2025-03-22T10:17:41.796+0500] {logging_mixin.py:190} INFO - [2025-03-22T10:17:41.796+0500] {dag.py:3239} INFO - Sync 1 DAGs
[2025-03-22T10:17:41.807+0500] {logging_mixin.py:190} INFO - [2025-03-22T10:17:41.806+0500] {dag.py:4180} INFO - Setting next_dagrun for example_trigger_controller_dag to 2021-01-01 00:00:00+00:00, run_after=2021-01-01 00:00:00+00:00
[2025-03-22T10:17:41.821+0500] {processor.py:208} INFO - Processing /home/ruslan/.local/lib/python3.10/site-packages/airflow/example_dags/example_trigger_controller_dag.py took 0.043 seconds
[2025-03-22T10:18:35.944+0500] {processor.py:186} INFO - Started process (PID=25012) to work on /home/ruslan/.local/lib/python3.10/site-packages/airflow/example_dags/example_trigger_controller_dag.py
[2025-03-22T10:18:35.946+0500] {processor.py:914} INFO - Processing file /home/ruslan/.local/lib/python3.10/site-packages/airflow/example_dags/example_trigger_controller_dag.py for tasks to queue
[2025-03-22T10:18:35.947+0500] {logging_mixin.py:190} INFO - [2025-03-22T10:18:35.947+0500] {dagbag.py:588} INFO - Filling up the DagBag from /home/ruslan/.local/lib/python3.10/site-packages/airflow/example_dags/example_trigger_controller_dag.py
[2025-03-22T10:18:35.951+0500] {processor.py:925} INFO - DAG(s) 'example_trigger_controller_dag' retrieved from /home/ruslan/.local/lib/python3.10/site-packages/airflow/example_dags/example_trigger_controller_dag.py
[2025-03-22T10:18:35.959+0500] {logging_mixin.py:190} INFO - [2025-03-22T10:18:35.959+0500] {dag.py:3239} INFO - Sync 1 DAGs
[2025-03-22T10:18:35.969+0500] {logging_mixin.py:190} INFO - [2025-03-22T10:18:35.969+0500] {dag.py:4180} INFO - Setting next_dagrun for example_trigger_controller_dag to 2021-01-01 00:00:00+00:00, run_after=2021-01-01 00:00:00+00:00
[2025-03-22T10:18:35.984+0500] {processor.py:208} INFO - Processing /home/ruslan/.local/lib/python3.10/site-packages/airflow/example_dags/example_trigger_controller_dag.py took 0.043 seconds
[2025-03-22T10:19:52.313+0500] {processor.py:186} INFO - Started process (PID=25831) to work on /home/ruslan/.local/lib/python3.10/site-packages/airflow/example_dags/example_trigger_controller_dag.py
[2025-03-22T10:19:52.314+0500] {processor.py:914} INFO - Processing file /home/ruslan/.local/lib/python3.10/site-packages/airflow/example_dags/example_trigger_controller_dag.py for tasks to queue
[2025-03-22T10:19:52.315+0500] {logging_mixin.py:190} INFO - [2025-03-22T10:19:52.315+0500] {dagbag.py:588} INFO - Filling up the DagBag from /home/ruslan/.local/lib/python3.10/site-packages/airflow/example_dags/example_trigger_controller_dag.py
[2025-03-22T10:19:52.319+0500] {processor.py:925} INFO - DAG(s) 'example_trigger_controller_dag' retrieved from /home/ruslan/.local/lib/python3.10/site-packages/airflow/example_dags/example_trigger_controller_dag.py
[2025-03-22T10:19:52.329+0500] {logging_mixin.py:190} INFO - [2025-03-22T10:19:52.328+0500] {dag.py:3239} INFO - Sync 1 DAGs
[2025-03-22T10:19:52.340+0500] {logging_mixin.py:190} INFO - [2025-03-22T10:19:52.340+0500] {dag.py:4180} INFO - Setting next_dagrun for example_trigger_controller_dag to 2021-01-01 00:00:00+00:00, run_after=2021-01-01 00:00:00+00:00
[2025-03-22T10:19:52.355+0500] {processor.py:208} INFO - Processing /home/ruslan/.local/lib/python3.10/site-packages/airflow/example_dags/example_trigger_controller_dag.py took 0.046 seconds
[2025-03-22T10:21:07.787+0500] {processor.py:186} INFO - Started process (PID=26631) to work on /home/ruslan/.local/lib/python3.10/site-packages/airflow/example_dags/example_trigger_controller_dag.py
[2025-03-22T10:21:07.788+0500] {processor.py:914} INFO - Processing file /home/ruslan/.local/lib/python3.10/site-packages/airflow/example_dags/example_trigger_controller_dag.py for tasks to queue
[2025-03-22T10:21:07.790+0500] {logging_mixin.py:190} INFO - [2025-03-22T10:21:07.790+0500] {dagbag.py:588} INFO - Filling up the DagBag from /home/ruslan/.local/lib/python3.10/site-packages/airflow/example_dags/example_trigger_controller_dag.py
[2025-03-22T10:21:07.796+0500] {processor.py:925} INFO - DAG(s) 'example_trigger_controller_dag' retrieved from /home/ruslan/.local/lib/python3.10/site-packages/airflow/example_dags/example_trigger_controller_dag.py
[2025-03-22T10:21:07.808+0500] {logging_mixin.py:190} INFO - [2025-03-22T10:21:07.807+0500] {dag.py:3239} INFO - Sync 1 DAGs
[2025-03-22T10:21:07.837+0500] {logging_mixin.py:190} INFO - [2025-03-22T10:21:07.832+0500] {dag.py:4180} INFO - Setting next_dagrun for example_trigger_controller_dag to 2021-01-01 00:00:00+00:00, run_after=2021-01-01 00:00:00+00:00
[2025-03-22T10:21:07.858+0500] {processor.py:208} INFO - Processing /home/ruslan/.local/lib/python3.10/site-packages/airflow/example_dags/example_trigger_controller_dag.py took 0.076 seconds
[2025-03-22T10:22:03.528+0500] {processor.py:186} INFO - Started process (PID=27174) to work on /home/ruslan/.local/lib/python3.10/site-packages/airflow/example_dags/example_trigger_controller_dag.py
[2025-03-22T10:22:03.529+0500] {processor.py:914} INFO - Processing file /home/ruslan/.local/lib/python3.10/site-packages/airflow/example_dags/example_trigger_controller_dag.py for tasks to queue
[2025-03-22T10:22:03.530+0500] {logging_mixin.py:190} INFO - [2025-03-22T10:22:03.530+0500] {dagbag.py:588} INFO - Filling up the DagBag from /home/ruslan/.local/lib/python3.10/site-packages/airflow/example_dags/example_trigger_controller_dag.py
[2025-03-22T10:22:03.535+0500] {processor.py:925} INFO - DAG(s) 'example_trigger_controller_dag' retrieved from /home/ruslan/.local/lib/python3.10/site-packages/airflow/example_dags/example_trigger_controller_dag.py
[2025-03-22T10:22:03.544+0500] {logging_mixin.py:190} INFO - [2025-03-22T10:22:03.544+0500] {dag.py:3239} INFO - Sync 1 DAGs
[2025-03-22T10:22:03.556+0500] {logging_mixin.py:190} INFO - [2025-03-22T10:22:03.556+0500] {dag.py:4180} INFO - Setting next_dagrun for example_trigger_controller_dag to 2021-01-01 00:00:00+00:00, run_after=2021-01-01 00:00:00+00:00
[2025-03-22T10:22:03.571+0500] {processor.py:208} INFO - Processing /home/ruslan/.local/lib/python3.10/site-packages/airflow/example_dags/example_trigger_controller_dag.py took 0.047 seconds
[2025-03-22T10:23:22.747+0500] {processor.py:186} INFO - Started process (PID=28082) to work on /home/ruslan/.local/lib/python3.10/site-packages/airflow/example_dags/example_trigger_controller_dag.py
[2025-03-22T10:23:22.748+0500] {processor.py:914} INFO - Processing file /home/ruslan/.local/lib/python3.10/site-packages/airflow/example_dags/example_trigger_controller_dag.py for tasks to queue
[2025-03-22T10:23:22.749+0500] {logging_mixin.py:190} INFO - [2025-03-22T10:23:22.749+0500] {dagbag.py:588} INFO - Filling up the DagBag from /home/ruslan/.local/lib/python3.10/site-packages/airflow/example_dags/example_trigger_controller_dag.py
[2025-03-22T10:23:22.753+0500] {processor.py:925} INFO - DAG(s) 'example_trigger_controller_dag' retrieved from /home/ruslan/.local/lib/python3.10/site-packages/airflow/example_dags/example_trigger_controller_dag.py
[2025-03-22T10:23:22.762+0500] {logging_mixin.py:190} INFO - [2025-03-22T10:23:22.762+0500] {dag.py:3239} INFO - Sync 1 DAGs
[2025-03-22T10:23:22.772+0500] {logging_mixin.py:190} INFO - [2025-03-22T10:23:22.772+0500] {dag.py:4180} INFO - Setting next_dagrun for example_trigger_controller_dag to 2021-01-01 00:00:00+00:00, run_after=2021-01-01 00:00:00+00:00
[2025-03-22T10:23:22.787+0500] {processor.py:208} INFO - Processing /home/ruslan/.local/lib/python3.10/site-packages/airflow/example_dags/example_trigger_controller_dag.py took 0.043 seconds
[2025-03-22T10:24:38.826+0500] {processor.py:186} INFO - Started process (PID=28889) to work on /home/ruslan/.local/lib/python3.10/site-packages/airflow/example_dags/example_trigger_controller_dag.py
[2025-03-22T10:24:38.827+0500] {processor.py:914} INFO - Processing file /home/ruslan/.local/lib/python3.10/site-packages/airflow/example_dags/example_trigger_controller_dag.py for tasks to queue
[2025-03-22T10:24:38.828+0500] {logging_mixin.py:190} INFO - [2025-03-22T10:24:38.828+0500] {dagbag.py:588} INFO - Filling up the DagBag from /home/ruslan/.local/lib/python3.10/site-packages/airflow/example_dags/example_trigger_controller_dag.py
[2025-03-22T10:24:38.833+0500] {processor.py:925} INFO - DAG(s) 'example_trigger_controller_dag' retrieved from /home/ruslan/.local/lib/python3.10/site-packages/airflow/example_dags/example_trigger_controller_dag.py
[2025-03-22T10:24:38.842+0500] {logging_mixin.py:190} INFO - [2025-03-22T10:24:38.842+0500] {dag.py:3239} INFO - Sync 1 DAGs
[2025-03-22T10:24:38.853+0500] {logging_mixin.py:190} INFO - [2025-03-22T10:24:38.853+0500] {dag.py:4180} INFO - Setting next_dagrun for example_trigger_controller_dag to 2021-01-01 00:00:00+00:00, run_after=2021-01-01 00:00:00+00:00
[2025-03-22T10:24:38.868+0500] {processor.py:208} INFO - Processing /home/ruslan/.local/lib/python3.10/site-packages/airflow/example_dags/example_trigger_controller_dag.py took 0.046 seconds
[2025-03-22T10:25:55.642+0500] {processor.py:186} INFO - Started process (PID=29719) to work on /home/ruslan/.local/lib/python3.10/site-packages/airflow/example_dags/example_trigger_controller_dag.py
[2025-03-22T10:25:55.643+0500] {processor.py:914} INFO - Processing file /home/ruslan/.local/lib/python3.10/site-packages/airflow/example_dags/example_trigger_controller_dag.py for tasks to queue
[2025-03-22T10:25:55.645+0500] {logging_mixin.py:190} INFO - [2025-03-22T10:25:55.645+0500] {dagbag.py:588} INFO - Filling up the DagBag from /home/ruslan/.local/lib/python3.10/site-packages/airflow/example_dags/example_trigger_controller_dag.py
[2025-03-22T10:25:55.649+0500] {processor.py:925} INFO - DAG(s) 'example_trigger_controller_dag' retrieved from /home/ruslan/.local/lib/python3.10/site-packages/airflow/example_dags/example_trigger_controller_dag.py
[2025-03-22T10:25:55.658+0500] {logging_mixin.py:190} INFO - [2025-03-22T10:25:55.657+0500] {dag.py:3239} INFO - Sync 1 DAGs
[2025-03-22T10:25:55.668+0500] {logging_mixin.py:190} INFO - [2025-03-22T10:25:55.668+0500] {dag.py:4180} INFO - Setting next_dagrun for example_trigger_controller_dag to 2021-01-01 00:00:00+00:00, run_after=2021-01-01 00:00:00+00:00
[2025-03-22T10:25:55.683+0500] {processor.py:208} INFO - Processing /home/ruslan/.local/lib/python3.10/site-packages/airflow/example_dags/example_trigger_controller_dag.py took 0.044 seconds
[2025-03-22T10:26:47.089+0500] {processor.py:186} INFO - Started process (PID=30784) to work on /home/ruslan/.local/lib/python3.10/site-packages/airflow/example_dags/example_trigger_controller_dag.py
[2025-03-22T10:26:47.091+0500] {processor.py:914} INFO - Processing file /home/ruslan/.local/lib/python3.10/site-packages/airflow/example_dags/example_trigger_controller_dag.py for tasks to queue
[2025-03-22T10:26:47.092+0500] {logging_mixin.py:190} INFO - [2025-03-22T10:26:47.092+0500] {dagbag.py:588} INFO - Filling up the DagBag from /home/ruslan/.local/lib/python3.10/site-packages/airflow/example_dags/example_trigger_controller_dag.py
[2025-03-22T10:26:47.096+0500] {processor.py:925} INFO - DAG(s) 'example_trigger_controller_dag' retrieved from /home/ruslan/.local/lib/python3.10/site-packages/airflow/example_dags/example_trigger_controller_dag.py
[2025-03-22T10:26:47.104+0500] {logging_mixin.py:190} INFO - [2025-03-22T10:26:47.104+0500] {dag.py:3239} INFO - Sync 1 DAGs
[2025-03-22T10:26:47.114+0500] {logging_mixin.py:190} INFO - [2025-03-22T10:26:47.114+0500] {dag.py:4180} INFO - Setting next_dagrun for example_trigger_controller_dag to 2021-01-01 00:00:00+00:00, run_after=2021-01-01 00:00:00+00:00
[2025-03-22T10:26:47.130+0500] {processor.py:208} INFO - Processing /home/ruslan/.local/lib/python3.10/site-packages/airflow/example_dags/example_trigger_controller_dag.py took 0.044 seconds
[2025-03-22T10:28:04.041+0500] {processor.py:186} INFO - Started process (PID=31596) to work on /home/ruslan/.local/lib/python3.10/site-packages/airflow/example_dags/example_trigger_controller_dag.py
[2025-03-22T10:28:04.042+0500] {processor.py:914} INFO - Processing file /home/ruslan/.local/lib/python3.10/site-packages/airflow/example_dags/example_trigger_controller_dag.py for tasks to queue
[2025-03-22T10:28:04.043+0500] {logging_mixin.py:190} INFO - [2025-03-22T10:28:04.043+0500] {dagbag.py:588} INFO - Filling up the DagBag from /home/ruslan/.local/lib/python3.10/site-packages/airflow/example_dags/example_trigger_controller_dag.py
[2025-03-22T10:28:04.047+0500] {processor.py:925} INFO - DAG(s) 'example_trigger_controller_dag' retrieved from /home/ruslan/.local/lib/python3.10/site-packages/airflow/example_dags/example_trigger_controller_dag.py
[2025-03-22T10:28:04.056+0500] {logging_mixin.py:190} INFO - [2025-03-22T10:28:04.055+0500] {dag.py:3239} INFO - Sync 1 DAGs
[2025-03-22T10:28:04.066+0500] {logging_mixin.py:190} INFO - [2025-03-22T10:28:04.066+0500] {dag.py:4180} INFO - Setting next_dagrun for example_trigger_controller_dag to 2021-01-01 00:00:00+00:00, run_after=2021-01-01 00:00:00+00:00
[2025-03-22T10:28:04.081+0500] {processor.py:208} INFO - Processing /home/ruslan/.local/lib/python3.10/site-packages/airflow/example_dags/example_trigger_controller_dag.py took 0.044 seconds
[2025-03-22T10:29:23.644+0500] {processor.py:186} INFO - Started process (PID=32361) to work on /home/ruslan/.local/lib/python3.10/site-packages/airflow/example_dags/example_trigger_controller_dag.py
[2025-03-22T10:29:23.645+0500] {processor.py:914} INFO - Processing file /home/ruslan/.local/lib/python3.10/site-packages/airflow/example_dags/example_trigger_controller_dag.py for tasks to queue
[2025-03-22T10:29:23.647+0500] {logging_mixin.py:190} INFO - [2025-03-22T10:29:23.647+0500] {dagbag.py:588} INFO - Filling up the DagBag from /home/ruslan/.local/lib/python3.10/site-packages/airflow/example_dags/example_trigger_controller_dag.py
[2025-03-22T10:29:23.651+0500] {processor.py:925} INFO - DAG(s) 'example_trigger_controller_dag' retrieved from /home/ruslan/.local/lib/python3.10/site-packages/airflow/example_dags/example_trigger_controller_dag.py
[2025-03-22T10:29:23.660+0500] {logging_mixin.py:190} INFO - [2025-03-22T10:29:23.660+0500] {dag.py:3239} INFO - Sync 1 DAGs
[2025-03-22T10:29:23.670+0500] {logging_mixin.py:190} INFO - [2025-03-22T10:29:23.670+0500] {dag.py:4180} INFO - Setting next_dagrun for example_trigger_controller_dag to 2021-01-01 00:00:00+00:00, run_after=2021-01-01 00:00:00+00:00
[2025-03-22T10:29:23.687+0500] {processor.py:208} INFO - Processing /home/ruslan/.local/lib/python3.10/site-packages/airflow/example_dags/example_trigger_controller_dag.py took 0.046 seconds
[2025-03-22T10:30:41.822+0500] {processor.py:186} INFO - Started process (PID=33005) to work on /home/ruslan/.local/lib/python3.10/site-packages/airflow/example_dags/example_trigger_controller_dag.py
[2025-03-22T10:30:41.823+0500] {processor.py:914} INFO - Processing file /home/ruslan/.local/lib/python3.10/site-packages/airflow/example_dags/example_trigger_controller_dag.py for tasks to queue
[2025-03-22T10:30:41.824+0500] {logging_mixin.py:190} INFO - [2025-03-22T10:30:41.824+0500] {dagbag.py:588} INFO - Filling up the DagBag from /home/ruslan/.local/lib/python3.10/site-packages/airflow/example_dags/example_trigger_controller_dag.py
[2025-03-22T10:30:41.828+0500] {processor.py:925} INFO - DAG(s) 'example_trigger_controller_dag' retrieved from /home/ruslan/.local/lib/python3.10/site-packages/airflow/example_dags/example_trigger_controller_dag.py
[2025-03-22T10:30:41.837+0500] {logging_mixin.py:190} INFO - [2025-03-22T10:30:41.837+0500] {dag.py:3239} INFO - Sync 1 DAGs
[2025-03-22T10:30:41.848+0500] {logging_mixin.py:190} INFO - [2025-03-22T10:30:41.848+0500] {dag.py:4180} INFO - Setting next_dagrun for example_trigger_controller_dag to 2021-01-01 00:00:00+00:00, run_after=2021-01-01 00:00:00+00:00
[2025-03-22T10:30:41.864+0500] {processor.py:208} INFO - Processing /home/ruslan/.local/lib/python3.10/site-packages/airflow/example_dags/example_trigger_controller_dag.py took 0.046 seconds
[2025-03-22T10:31:57.626+0500] {processor.py:186} INFO - Started process (PID=34053) to work on /home/ruslan/.local/lib/python3.10/site-packages/airflow/example_dags/example_trigger_controller_dag.py
[2025-03-22T10:31:57.627+0500] {processor.py:914} INFO - Processing file /home/ruslan/.local/lib/python3.10/site-packages/airflow/example_dags/example_trigger_controller_dag.py for tasks to queue
[2025-03-22T10:31:57.628+0500] {logging_mixin.py:190} INFO - [2025-03-22T10:31:57.628+0500] {dagbag.py:588} INFO - Filling up the DagBag from /home/ruslan/.local/lib/python3.10/site-packages/airflow/example_dags/example_trigger_controller_dag.py
[2025-03-22T10:31:57.632+0500] {processor.py:925} INFO - DAG(s) 'example_trigger_controller_dag' retrieved from /home/ruslan/.local/lib/python3.10/site-packages/airflow/example_dags/example_trigger_controller_dag.py
[2025-03-22T10:31:57.641+0500] {logging_mixin.py:190} INFO - [2025-03-22T10:31:57.641+0500] {dag.py:3239} INFO - Sync 1 DAGs
[2025-03-22T10:31:57.653+0500] {logging_mixin.py:190} INFO - [2025-03-22T10:31:57.653+0500] {dag.py:4180} INFO - Setting next_dagrun for example_trigger_controller_dag to 2021-01-01 00:00:00+00:00, run_after=2021-01-01 00:00:00+00:00
[2025-03-22T10:31:57.670+0500] {processor.py:208} INFO - Processing /home/ruslan/.local/lib/python3.10/site-packages/airflow/example_dags/example_trigger_controller_dag.py took 0.048 seconds
[2025-03-22T10:33:29.481+0500] {processor.py:186} INFO - Started process (PID=35122) to work on /home/ruslan/.local/lib/python3.10/site-packages/airflow/example_dags/example_trigger_controller_dag.py
[2025-03-22T10:33:29.483+0500] {processor.py:914} INFO - Processing file /home/ruslan/.local/lib/python3.10/site-packages/airflow/example_dags/example_trigger_controller_dag.py for tasks to queue
[2025-03-22T10:33:29.484+0500] {logging_mixin.py:190} INFO - [2025-03-22T10:33:29.484+0500] {dagbag.py:588} INFO - Filling up the DagBag from /home/ruslan/.local/lib/python3.10/site-packages/airflow/example_dags/example_trigger_controller_dag.py
[2025-03-22T10:33:29.488+0500] {processor.py:925} INFO - DAG(s) 'example_trigger_controller_dag' retrieved from /home/ruslan/.local/lib/python3.10/site-packages/airflow/example_dags/example_trigger_controller_dag.py
[2025-03-22T10:33:29.496+0500] {logging_mixin.py:190} INFO - [2025-03-22T10:33:29.496+0500] {dag.py:3239} INFO - Sync 1 DAGs
[2025-03-22T10:33:29.507+0500] {logging_mixin.py:190} INFO - [2025-03-22T10:33:29.507+0500] {dag.py:4180} INFO - Setting next_dagrun for example_trigger_controller_dag to 2021-01-01 00:00:00+00:00, run_after=2021-01-01 00:00:00+00:00
[2025-03-22T10:33:29.522+0500] {processor.py:208} INFO - Processing /home/ruslan/.local/lib/python3.10/site-packages/airflow/example_dags/example_trigger_controller_dag.py took 0.044 seconds
[2025-03-22T10:34:24.309+0500] {processor.py:186} INFO - Started process (PID=35804) to work on /home/ruslan/.local/lib/python3.10/site-packages/airflow/example_dags/example_trigger_controller_dag.py
[2025-03-22T10:34:24.311+0500] {processor.py:914} INFO - Processing file /home/ruslan/.local/lib/python3.10/site-packages/airflow/example_dags/example_trigger_controller_dag.py for tasks to queue
[2025-03-22T10:34:24.312+0500] {logging_mixin.py:190} INFO - [2025-03-22T10:34:24.312+0500] {dagbag.py:588} INFO - Filling up the DagBag from /home/ruslan/.local/lib/python3.10/site-packages/airflow/example_dags/example_trigger_controller_dag.py
[2025-03-22T10:34:24.316+0500] {processor.py:925} INFO - DAG(s) 'example_trigger_controller_dag' retrieved from /home/ruslan/.local/lib/python3.10/site-packages/airflow/example_dags/example_trigger_controller_dag.py
[2025-03-22T10:34:24.324+0500] {logging_mixin.py:190} INFO - [2025-03-22T10:34:24.324+0500] {dag.py:3239} INFO - Sync 1 DAGs
[2025-03-22T10:34:24.334+0500] {logging_mixin.py:190} INFO - [2025-03-22T10:34:24.334+0500] {dag.py:4180} INFO - Setting next_dagrun for example_trigger_controller_dag to 2021-01-01 00:00:00+00:00, run_after=2021-01-01 00:00:00+00:00
[2025-03-22T10:34:24.349+0500] {processor.py:208} INFO - Processing /home/ruslan/.local/lib/python3.10/site-packages/airflow/example_dags/example_trigger_controller_dag.py took 0.043 seconds
[2025-03-22T10:35:36.667+0500] {processor.py:186} INFO - Started process (PID=36669) to work on /home/ruslan/.local/lib/python3.10/site-packages/airflow/example_dags/example_trigger_controller_dag.py
[2025-03-22T10:35:36.668+0500] {processor.py:914} INFO - Processing file /home/ruslan/.local/lib/python3.10/site-packages/airflow/example_dags/example_trigger_controller_dag.py for tasks to queue
[2025-03-22T10:35:36.669+0500] {logging_mixin.py:190} INFO - [2025-03-22T10:35:36.669+0500] {dagbag.py:588} INFO - Filling up the DagBag from /home/ruslan/.local/lib/python3.10/site-packages/airflow/example_dags/example_trigger_controller_dag.py
[2025-03-22T10:35:36.674+0500] {processor.py:925} INFO - DAG(s) 'example_trigger_controller_dag' retrieved from /home/ruslan/.local/lib/python3.10/site-packages/airflow/example_dags/example_trigger_controller_dag.py
[2025-03-22T10:35:36.682+0500] {logging_mixin.py:190} INFO - [2025-03-22T10:35:36.681+0500] {dag.py:3239} INFO - Sync 1 DAGs
[2025-03-22T10:35:36.692+0500] {logging_mixin.py:190} INFO - [2025-03-22T10:35:36.692+0500] {dag.py:4180} INFO - Setting next_dagrun for example_trigger_controller_dag to 2021-01-01 00:00:00+00:00, run_after=2021-01-01 00:00:00+00:00
[2025-03-22T10:35:36.707+0500] {processor.py:208} INFO - Processing /home/ruslan/.local/lib/python3.10/site-packages/airflow/example_dags/example_trigger_controller_dag.py took 0.043 seconds
[2025-03-22T10:36:48.762+0500] {processor.py:186} INFO - Started process (PID=37299) to work on /home/ruslan/.local/lib/python3.10/site-packages/airflow/example_dags/example_trigger_controller_dag.py
[2025-03-22T10:36:48.763+0500] {processor.py:914} INFO - Processing file /home/ruslan/.local/lib/python3.10/site-packages/airflow/example_dags/example_trigger_controller_dag.py for tasks to queue
[2025-03-22T10:36:48.765+0500] {logging_mixin.py:190} INFO - [2025-03-22T10:36:48.765+0500] {dagbag.py:588} INFO - Filling up the DagBag from /home/ruslan/.local/lib/python3.10/site-packages/airflow/example_dags/example_trigger_controller_dag.py
[2025-03-22T10:36:48.771+0500] {processor.py:925} INFO - DAG(s) 'example_trigger_controller_dag' retrieved from /home/ruslan/.local/lib/python3.10/site-packages/airflow/example_dags/example_trigger_controller_dag.py
[2025-03-22T10:36:48.782+0500] {logging_mixin.py:190} INFO - [2025-03-22T10:36:48.782+0500] {dag.py:3239} INFO - Sync 1 DAGs
[2025-03-22T10:36:48.797+0500] {logging_mixin.py:190} INFO - [2025-03-22T10:36:48.797+0500] {dag.py:4180} INFO - Setting next_dagrun for example_trigger_controller_dag to 2021-01-01 00:00:00+00:00, run_after=2021-01-01 00:00:00+00:00
[2025-03-22T10:36:48.813+0500] {processor.py:208} INFO - Processing /home/ruslan/.local/lib/python3.10/site-packages/airflow/example_dags/example_trigger_controller_dag.py took 0.055 seconds
[2025-03-22T10:37:43.915+0500] {processor.py:186} INFO - Started process (PID=37583) to work on /home/ruslan/.local/lib/python3.10/site-packages/airflow/example_dags/example_trigger_controller_dag.py
[2025-03-22T10:37:43.916+0500] {processor.py:914} INFO - Processing file /home/ruslan/.local/lib/python3.10/site-packages/airflow/example_dags/example_trigger_controller_dag.py for tasks to queue
[2025-03-22T10:37:43.918+0500] {logging_mixin.py:190} INFO - [2025-03-22T10:37:43.917+0500] {dagbag.py:588} INFO - Filling up the DagBag from /home/ruslan/.local/lib/python3.10/site-packages/airflow/example_dags/example_trigger_controller_dag.py
[2025-03-22T10:37:43.922+0500] {processor.py:925} INFO - DAG(s) 'example_trigger_controller_dag' retrieved from /home/ruslan/.local/lib/python3.10/site-packages/airflow/example_dags/example_trigger_controller_dag.py
[2025-03-22T10:37:43.931+0500] {logging_mixin.py:190} INFO - [2025-03-22T10:37:43.931+0500] {dag.py:3239} INFO - Sync 1 DAGs
[2025-03-22T10:37:43.944+0500] {logging_mixin.py:190} INFO - [2025-03-22T10:37:43.944+0500] {dag.py:4180} INFO - Setting next_dagrun for example_trigger_controller_dag to 2021-01-01 00:00:00+00:00, run_after=2021-01-01 00:00:00+00:00
[2025-03-22T10:37:43.961+0500] {processor.py:208} INFO - Processing /home/ruslan/.local/lib/python3.10/site-packages/airflow/example_dags/example_trigger_controller_dag.py took 0.050 seconds
[2025-03-22T10:39:14.483+0500] {processor.py:186} INFO - Started process (PID=38896) to work on /home/ruslan/.local/lib/python3.10/site-packages/airflow/example_dags/example_trigger_controller_dag.py
[2025-03-22T10:39:14.484+0500] {processor.py:914} INFO - Processing file /home/ruslan/.local/lib/python3.10/site-packages/airflow/example_dags/example_trigger_controller_dag.py for tasks to queue
[2025-03-22T10:39:14.486+0500] {logging_mixin.py:190} INFO - [2025-03-22T10:39:14.486+0500] {dagbag.py:588} INFO - Filling up the DagBag from /home/ruslan/.local/lib/python3.10/site-packages/airflow/example_dags/example_trigger_controller_dag.py
[2025-03-22T10:39:14.490+0500] {processor.py:925} INFO - DAG(s) 'example_trigger_controller_dag' retrieved from /home/ruslan/.local/lib/python3.10/site-packages/airflow/example_dags/example_trigger_controller_dag.py
[2025-03-22T10:39:14.498+0500] {logging_mixin.py:190} INFO - [2025-03-22T10:39:14.498+0500] {dag.py:3239} INFO - Sync 1 DAGs
[2025-03-22T10:39:14.509+0500] {logging_mixin.py:190} INFO - [2025-03-22T10:39:14.509+0500] {dag.py:4180} INFO - Setting next_dagrun for example_trigger_controller_dag to 2021-01-01 00:00:00+00:00, run_after=2021-01-01 00:00:00+00:00
[2025-03-22T10:39:14.524+0500] {processor.py:208} INFO - Processing /home/ruslan/.local/lib/python3.10/site-packages/airflow/example_dags/example_trigger_controller_dag.py took 0.044 seconds
[2025-03-22T10:40:09.789+0500] {processor.py:186} INFO - Started process (PID=39604) to work on /home/ruslan/.local/lib/python3.10/site-packages/airflow/example_dags/example_trigger_controller_dag.py
[2025-03-22T10:40:09.790+0500] {processor.py:914} INFO - Processing file /home/ruslan/.local/lib/python3.10/site-packages/airflow/example_dags/example_trigger_controller_dag.py for tasks to queue
[2025-03-22T10:40:09.792+0500] {logging_mixin.py:190} INFO - [2025-03-22T10:40:09.791+0500] {dagbag.py:588} INFO - Filling up the DagBag from /home/ruslan/.local/lib/python3.10/site-packages/airflow/example_dags/example_trigger_controller_dag.py
[2025-03-22T10:40:09.796+0500] {processor.py:925} INFO - DAG(s) 'example_trigger_controller_dag' retrieved from /home/ruslan/.local/lib/python3.10/site-packages/airflow/example_dags/example_trigger_controller_dag.py
[2025-03-22T10:40:09.804+0500] {logging_mixin.py:190} INFO - [2025-03-22T10:40:09.804+0500] {dag.py:3239} INFO - Sync 1 DAGs
[2025-03-22T10:40:09.814+0500] {logging_mixin.py:190} INFO - [2025-03-22T10:40:09.814+0500] {dag.py:4180} INFO - Setting next_dagrun for example_trigger_controller_dag to 2021-01-01 00:00:00+00:00, run_after=2021-01-01 00:00:00+00:00
[2025-03-22T10:40:09.829+0500] {processor.py:208} INFO - Processing /home/ruslan/.local/lib/python3.10/site-packages/airflow/example_dags/example_trigger_controller_dag.py took 0.044 seconds
[2025-03-22T10:41:32.816+0500] {processor.py:186} INFO - Started process (PID=40464) to work on /home/ruslan/.local/lib/python3.10/site-packages/airflow/example_dags/example_trigger_controller_dag.py
[2025-03-22T10:41:32.817+0500] {processor.py:914} INFO - Processing file /home/ruslan/.local/lib/python3.10/site-packages/airflow/example_dags/example_trigger_controller_dag.py for tasks to queue
[2025-03-22T10:41:32.818+0500] {logging_mixin.py:190} INFO - [2025-03-22T10:41:32.818+0500] {dagbag.py:588} INFO - Filling up the DagBag from /home/ruslan/.local/lib/python3.10/site-packages/airflow/example_dags/example_trigger_controller_dag.py
[2025-03-22T10:41:32.822+0500] {processor.py:925} INFO - DAG(s) 'example_trigger_controller_dag' retrieved from /home/ruslan/.local/lib/python3.10/site-packages/airflow/example_dags/example_trigger_controller_dag.py
[2025-03-22T10:41:32.830+0500] {logging_mixin.py:190} INFO - [2025-03-22T10:41:32.830+0500] {dag.py:3239} INFO - Sync 1 DAGs
[2025-03-22T10:41:32.841+0500] {logging_mixin.py:190} INFO - [2025-03-22T10:41:32.840+0500] {dag.py:4180} INFO - Setting next_dagrun for example_trigger_controller_dag to 2021-01-01 00:00:00+00:00, run_after=2021-01-01 00:00:00+00:00
[2025-03-22T10:41:32.856+0500] {processor.py:208} INFO - Processing /home/ruslan/.local/lib/python3.10/site-packages/airflow/example_dags/example_trigger_controller_dag.py took 0.044 seconds
[2025-03-22T10:42:28.599+0500] {processor.py:186} INFO - Started process (PID=41268) to work on /home/ruslan/.local/lib/python3.10/site-packages/airflow/example_dags/example_trigger_controller_dag.py
[2025-03-22T10:42:28.600+0500] {processor.py:914} INFO - Processing file /home/ruslan/.local/lib/python3.10/site-packages/airflow/example_dags/example_trigger_controller_dag.py for tasks to queue
[2025-03-22T10:42:28.601+0500] {logging_mixin.py:190} INFO - [2025-03-22T10:42:28.601+0500] {dagbag.py:588} INFO - Filling up the DagBag from /home/ruslan/.local/lib/python3.10/site-packages/airflow/example_dags/example_trigger_controller_dag.py
[2025-03-22T10:42:28.605+0500] {processor.py:925} INFO - DAG(s) 'example_trigger_controller_dag' retrieved from /home/ruslan/.local/lib/python3.10/site-packages/airflow/example_dags/example_trigger_controller_dag.py
[2025-03-22T10:42:28.613+0500] {logging_mixin.py:190} INFO - [2025-03-22T10:42:28.613+0500] {dag.py:3239} INFO - Sync 1 DAGs
[2025-03-22T10:42:28.624+0500] {logging_mixin.py:190} INFO - [2025-03-22T10:42:28.623+0500] {dag.py:4180} INFO - Setting next_dagrun for example_trigger_controller_dag to 2021-01-01 00:00:00+00:00, run_after=2021-01-01 00:00:00+00:00
[2025-03-22T10:42:28.639+0500] {processor.py:208} INFO - Processing /home/ruslan/.local/lib/python3.10/site-packages/airflow/example_dags/example_trigger_controller_dag.py took 0.043 seconds
[2025-03-22T10:43:24.698+0500] {processor.py:186} INFO - Started process (PID=41976) to work on /home/ruslan/.local/lib/python3.10/site-packages/airflow/example_dags/example_trigger_controller_dag.py
[2025-03-22T10:43:24.699+0500] {processor.py:914} INFO - Processing file /home/ruslan/.local/lib/python3.10/site-packages/airflow/example_dags/example_trigger_controller_dag.py for tasks to queue
[2025-03-22T10:43:24.700+0500] {logging_mixin.py:190} INFO - [2025-03-22T10:43:24.700+0500] {dagbag.py:588} INFO - Filling up the DagBag from /home/ruslan/.local/lib/python3.10/site-packages/airflow/example_dags/example_trigger_controller_dag.py
[2025-03-22T10:43:24.705+0500] {processor.py:925} INFO - DAG(s) 'example_trigger_controller_dag' retrieved from /home/ruslan/.local/lib/python3.10/site-packages/airflow/example_dags/example_trigger_controller_dag.py
[2025-03-22T10:43:24.713+0500] {logging_mixin.py:190} INFO - [2025-03-22T10:43:24.713+0500] {dag.py:3239} INFO - Sync 1 DAGs
[2025-03-22T10:43:24.724+0500] {logging_mixin.py:190} INFO - [2025-03-22T10:43:24.724+0500] {dag.py:4180} INFO - Setting next_dagrun for example_trigger_controller_dag to 2021-01-01 00:00:00+00:00, run_after=2021-01-01 00:00:00+00:00
[2025-03-22T10:43:24.740+0500] {processor.py:208} INFO - Processing /home/ruslan/.local/lib/python3.10/site-packages/airflow/example_dags/example_trigger_controller_dag.py took 0.045 seconds
[2025-03-22T10:44:21.848+0500] {processor.py:186} INFO - Started process (PID=42603) to work on /home/ruslan/.local/lib/python3.10/site-packages/airflow/example_dags/example_trigger_controller_dag.py
[2025-03-22T10:44:21.850+0500] {processor.py:914} INFO - Processing file /home/ruslan/.local/lib/python3.10/site-packages/airflow/example_dags/example_trigger_controller_dag.py for tasks to queue
[2025-03-22T10:44:21.851+0500] {logging_mixin.py:190} INFO - [2025-03-22T10:44:21.851+0500] {dagbag.py:588} INFO - Filling up the DagBag from /home/ruslan/.local/lib/python3.10/site-packages/airflow/example_dags/example_trigger_controller_dag.py
[2025-03-22T10:44:21.855+0500] {processor.py:925} INFO - DAG(s) 'example_trigger_controller_dag' retrieved from /home/ruslan/.local/lib/python3.10/site-packages/airflow/example_dags/example_trigger_controller_dag.py
[2025-03-22T10:44:21.864+0500] {logging_mixin.py:190} INFO - [2025-03-22T10:44:21.863+0500] {dag.py:3239} INFO - Sync 1 DAGs
[2025-03-22T10:44:21.874+0500] {logging_mixin.py:190} INFO - [2025-03-22T10:44:21.874+0500] {dag.py:4180} INFO - Setting next_dagrun for example_trigger_controller_dag to 2021-01-01 00:00:00+00:00, run_after=2021-01-01 00:00:00+00:00
[2025-03-22T10:44:21.889+0500] {processor.py:208} INFO - Processing /home/ruslan/.local/lib/python3.10/site-packages/airflow/example_dags/example_trigger_controller_dag.py took 0.044 seconds
[2025-03-22T10:45:16.290+0500] {processor.py:186} INFO - Started process (PID=43327) to work on /home/ruslan/.local/lib/python3.10/site-packages/airflow/example_dags/example_trigger_controller_dag.py
[2025-03-22T10:45:16.291+0500] {processor.py:914} INFO - Processing file /home/ruslan/.local/lib/python3.10/site-packages/airflow/example_dags/example_trigger_controller_dag.py for tasks to queue
[2025-03-22T10:45:16.292+0500] {logging_mixin.py:190} INFO - [2025-03-22T10:45:16.292+0500] {dagbag.py:588} INFO - Filling up the DagBag from /home/ruslan/.local/lib/python3.10/site-packages/airflow/example_dags/example_trigger_controller_dag.py
[2025-03-22T10:45:16.296+0500] {processor.py:925} INFO - DAG(s) 'example_trigger_controller_dag' retrieved from /home/ruslan/.local/lib/python3.10/site-packages/airflow/example_dags/example_trigger_controller_dag.py
[2025-03-22T10:45:16.305+0500] {logging_mixin.py:190} INFO - [2025-03-22T10:45:16.304+0500] {dag.py:3239} INFO - Sync 1 DAGs
[2025-03-22T10:45:16.315+0500] {logging_mixin.py:190} INFO - [2025-03-22T10:45:16.315+0500] {dag.py:4180} INFO - Setting next_dagrun for example_trigger_controller_dag to 2021-01-01 00:00:00+00:00, run_after=2021-01-01 00:00:00+00:00
[2025-03-22T10:45:16.330+0500] {processor.py:208} INFO - Processing /home/ruslan/.local/lib/python3.10/site-packages/airflow/example_dags/example_trigger_controller_dag.py took 0.044 seconds
[2025-03-22T10:46:13.907+0500] {processor.py:186} INFO - Started process (PID=44020) to work on /home/ruslan/.local/lib/python3.10/site-packages/airflow/example_dags/example_trigger_controller_dag.py
[2025-03-22T10:46:13.908+0500] {processor.py:914} INFO - Processing file /home/ruslan/.local/lib/python3.10/site-packages/airflow/example_dags/example_trigger_controller_dag.py for tasks to queue
[2025-03-22T10:46:13.910+0500] {logging_mixin.py:190} INFO - [2025-03-22T10:46:13.910+0500] {dagbag.py:588} INFO - Filling up the DagBag from /home/ruslan/.local/lib/python3.10/site-packages/airflow/example_dags/example_trigger_controller_dag.py
[2025-03-22T10:46:13.915+0500] {processor.py:925} INFO - DAG(s) 'example_trigger_controller_dag' retrieved from /home/ruslan/.local/lib/python3.10/site-packages/airflow/example_dags/example_trigger_controller_dag.py
[2025-03-22T10:46:13.924+0500] {logging_mixin.py:190} INFO - [2025-03-22T10:46:13.924+0500] {dag.py:3239} INFO - Sync 1 DAGs
[2025-03-22T10:46:13.935+0500] {logging_mixin.py:190} INFO - [2025-03-22T10:46:13.935+0500] {dag.py:4180} INFO - Setting next_dagrun for example_trigger_controller_dag to 2021-01-01 00:00:00+00:00, run_after=2021-01-01 00:00:00+00:00
[2025-03-22T10:46:13.950+0500] {processor.py:208} INFO - Processing /home/ruslan/.local/lib/python3.10/site-packages/airflow/example_dags/example_trigger_controller_dag.py took 0.047 seconds
[2025-03-22T10:47:10.404+0500] {processor.py:186} INFO - Started process (PID=44754) to work on /home/ruslan/.local/lib/python3.10/site-packages/airflow/example_dags/example_trigger_controller_dag.py
[2025-03-22T10:47:10.405+0500] {processor.py:914} INFO - Processing file /home/ruslan/.local/lib/python3.10/site-packages/airflow/example_dags/example_trigger_controller_dag.py for tasks to queue
[2025-03-22T10:47:10.406+0500] {logging_mixin.py:190} INFO - [2025-03-22T10:47:10.406+0500] {dagbag.py:588} INFO - Filling up the DagBag from /home/ruslan/.local/lib/python3.10/site-packages/airflow/example_dags/example_trigger_controller_dag.py
[2025-03-22T10:47:10.410+0500] {processor.py:925} INFO - DAG(s) 'example_trigger_controller_dag' retrieved from /home/ruslan/.local/lib/python3.10/site-packages/airflow/example_dags/example_trigger_controller_dag.py
[2025-03-22T10:47:10.419+0500] {logging_mixin.py:190} INFO - [2025-03-22T10:47:10.419+0500] {dag.py:3239} INFO - Sync 1 DAGs
[2025-03-22T10:47:10.429+0500] {logging_mixin.py:190} INFO - [2025-03-22T10:47:10.429+0500] {dag.py:4180} INFO - Setting next_dagrun for example_trigger_controller_dag to 2021-01-01 00:00:00+00:00, run_after=2021-01-01 00:00:00+00:00
[2025-03-22T10:47:10.444+0500] {processor.py:208} INFO - Processing /home/ruslan/.local/lib/python3.10/site-packages/airflow/example_dags/example_trigger_controller_dag.py took 0.043 seconds
[2025-03-22T10:48:05.096+0500] {processor.py:186} INFO - Started process (PID=45484) to work on /home/ruslan/.local/lib/python3.10/site-packages/airflow/example_dags/example_trigger_controller_dag.py
[2025-03-22T10:48:05.097+0500] {processor.py:914} INFO - Processing file /home/ruslan/.local/lib/python3.10/site-packages/airflow/example_dags/example_trigger_controller_dag.py for tasks to queue
[2025-03-22T10:48:05.098+0500] {logging_mixin.py:190} INFO - [2025-03-22T10:48:05.098+0500] {dagbag.py:588} INFO - Filling up the DagBag from /home/ruslan/.local/lib/python3.10/site-packages/airflow/example_dags/example_trigger_controller_dag.py
[2025-03-22T10:48:05.102+0500] {processor.py:925} INFO - DAG(s) 'example_trigger_controller_dag' retrieved from /home/ruslan/.local/lib/python3.10/site-packages/airflow/example_dags/example_trigger_controller_dag.py
[2025-03-22T10:48:05.111+0500] {logging_mixin.py:190} INFO - [2025-03-22T10:48:05.111+0500] {dag.py:3239} INFO - Sync 1 DAGs
[2025-03-22T10:48:05.121+0500] {logging_mixin.py:190} INFO - [2025-03-22T10:48:05.121+0500] {dag.py:4180} INFO - Setting next_dagrun for example_trigger_controller_dag to 2021-01-01 00:00:00+00:00, run_after=2021-01-01 00:00:00+00:00
[2025-03-22T10:48:05.136+0500] {processor.py:208} INFO - Processing /home/ruslan/.local/lib/python3.10/site-packages/airflow/example_dags/example_trigger_controller_dag.py took 0.044 seconds
[2025-03-22T12:47:18.673+0500] {processor.py:186} INFO - Started process (PID=1098) to work on /home/ruslan/.local/lib/python3.10/site-packages/airflow/example_dags/example_trigger_controller_dag.py
[2025-03-22T12:47:18.674+0500] {processor.py:914} INFO - Processing file /home/ruslan/.local/lib/python3.10/site-packages/airflow/example_dags/example_trigger_controller_dag.py for tasks to queue
[2025-03-22T12:47:18.676+0500] {logging_mixin.py:190} INFO - [2025-03-22T12:47:18.676+0500] {dagbag.py:588} INFO - Filling up the DagBag from /home/ruslan/.local/lib/python3.10/site-packages/airflow/example_dags/example_trigger_controller_dag.py
[2025-03-22T12:47:18.680+0500] {processor.py:925} INFO - DAG(s) 'example_trigger_controller_dag' retrieved from /home/ruslan/.local/lib/python3.10/site-packages/airflow/example_dags/example_trigger_controller_dag.py
[2025-03-22T12:47:18.688+0500] {logging_mixin.py:190} INFO - [2025-03-22T12:47:18.688+0500] {dag.py:3239} INFO - Sync 1 DAGs
[2025-03-22T12:47:18.698+0500] {logging_mixin.py:190} INFO - [2025-03-22T12:47:18.698+0500] {dag.py:4180} INFO - Setting next_dagrun for example_trigger_controller_dag to 2021-01-01 00:00:00+00:00, run_after=2021-01-01 00:00:00+00:00
[2025-03-22T12:47:18.713+0500] {processor.py:208} INFO - Processing /home/ruslan/.local/lib/python3.10/site-packages/airflow/example_dags/example_trigger_controller_dag.py took 0.043 seconds
[2025-03-22T12:48:15.697+0500] {processor.py:186} INFO - Started process (PID=6327) to work on /home/ruslan/.local/lib/python3.10/site-packages/airflow/example_dags/example_trigger_controller_dag.py
[2025-03-22T12:48:15.698+0500] {processor.py:914} INFO - Processing file /home/ruslan/.local/lib/python3.10/site-packages/airflow/example_dags/example_trigger_controller_dag.py for tasks to queue
[2025-03-22T12:48:15.699+0500] {logging_mixin.py:190} INFO - [2025-03-22T12:48:15.699+0500] {dagbag.py:588} INFO - Filling up the DagBag from /home/ruslan/.local/lib/python3.10/site-packages/airflow/example_dags/example_trigger_controller_dag.py
[2025-03-22T12:48:15.703+0500] {processor.py:925} INFO - DAG(s) 'example_trigger_controller_dag' retrieved from /home/ruslan/.local/lib/python3.10/site-packages/airflow/example_dags/example_trigger_controller_dag.py
[2025-03-22T12:48:15.712+0500] {logging_mixin.py:190} INFO - [2025-03-22T12:48:15.711+0500] {dag.py:3239} INFO - Sync 1 DAGs
[2025-03-22T12:48:15.723+0500] {logging_mixin.py:190} INFO - [2025-03-22T12:48:15.722+0500] {dag.py:4180} INFO - Setting next_dagrun for example_trigger_controller_dag to 2021-01-01 00:00:00+00:00, run_after=2021-01-01 00:00:00+00:00
[2025-03-22T12:48:15.736+0500] {processor.py:208} INFO - Processing /home/ruslan/.local/lib/python3.10/site-packages/airflow/example_dags/example_trigger_controller_dag.py took 0.043 seconds
[2025-03-22T12:49:10.400+0500] {processor.py:186} INFO - Started process (PID=7025) to work on /home/ruslan/.local/lib/python3.10/site-packages/airflow/example_dags/example_trigger_controller_dag.py
[2025-03-22T12:49:10.401+0500] {processor.py:914} INFO - Processing file /home/ruslan/.local/lib/python3.10/site-packages/airflow/example_dags/example_trigger_controller_dag.py for tasks to queue
[2025-03-22T12:49:10.402+0500] {logging_mixin.py:190} INFO - [2025-03-22T12:49:10.402+0500] {dagbag.py:588} INFO - Filling up the DagBag from /home/ruslan/.local/lib/python3.10/site-packages/airflow/example_dags/example_trigger_controller_dag.py
[2025-03-22T12:49:10.406+0500] {processor.py:925} INFO - DAG(s) 'example_trigger_controller_dag' retrieved from /home/ruslan/.local/lib/python3.10/site-packages/airflow/example_dags/example_trigger_controller_dag.py
[2025-03-22T12:49:10.414+0500] {logging_mixin.py:190} INFO - [2025-03-22T12:49:10.414+0500] {dag.py:3239} INFO - Sync 1 DAGs
[2025-03-22T12:49:10.424+0500] {logging_mixin.py:190} INFO - [2025-03-22T12:49:10.424+0500] {dag.py:4180} INFO - Setting next_dagrun for example_trigger_controller_dag to 2021-01-01 00:00:00+00:00, run_after=2021-01-01 00:00:00+00:00
[2025-03-22T12:49:10.439+0500] {processor.py:208} INFO - Processing /home/ruslan/.local/lib/python3.10/site-packages/airflow/example_dags/example_trigger_controller_dag.py took 0.042 seconds
[2025-03-22T12:51:38.529+0500] {processor.py:186} INFO - Started process (PID=9292) to work on /home/ruslan/.local/lib/python3.10/site-packages/airflow/example_dags/example_trigger_controller_dag.py
[2025-03-22T12:51:38.529+0500] {processor.py:914} INFO - Processing file /home/ruslan/.local/lib/python3.10/site-packages/airflow/example_dags/example_trigger_controller_dag.py for tasks to queue
[2025-03-22T12:51:38.531+0500] {logging_mixin.py:190} INFO - [2025-03-22T12:51:38.531+0500] {dagbag.py:588} INFO - Filling up the DagBag from /home/ruslan/.local/lib/python3.10/site-packages/airflow/example_dags/example_trigger_controller_dag.py
[2025-03-22T12:51:38.535+0500] {processor.py:925} INFO - DAG(s) 'example_trigger_controller_dag' retrieved from /home/ruslan/.local/lib/python3.10/site-packages/airflow/example_dags/example_trigger_controller_dag.py
[2025-03-22T12:51:38.546+0500] {logging_mixin.py:190} INFO - [2025-03-22T12:51:38.546+0500] {dag.py:3239} INFO - Sync 1 DAGs
[2025-03-22T12:51:38.558+0500] {logging_mixin.py:190} INFO - [2025-03-22T12:51:38.557+0500] {dag.py:4180} INFO - Setting next_dagrun for example_trigger_controller_dag to 2021-01-01 00:00:00+00:00, run_after=2021-01-01 00:00:00+00:00
[2025-03-22T12:51:38.575+0500] {processor.py:208} INFO - Processing /home/ruslan/.local/lib/python3.10/site-packages/airflow/example_dags/example_trigger_controller_dag.py took 0.051 seconds
