[2025-03-22T10:07:15.859+0500] {processor.py:186} INFO - Started process (PID=17919) to work on /home/ruslan/.local/lib/python3.10/site-packages/airflow/example_dags/example_sensor_decorator.py
[2025-03-22T10:07:15.860+0500] {processor.py:914} INFO - Processing file /home/ruslan/.local/lib/python3.10/site-packages/airflow/example_dags/example_sensor_decorator.py for tasks to queue
[2025-03-22T10:07:15.861+0500] {logging_mixin.py:190} INFO - [2025-03-22T10:07:15.861+0500] {dagbag.py:588} INFO - Filling up the DagBag from /home/ruslan/.local/lib/python3.10/site-packages/airflow/example_dags/example_sensor_decorator.py
[2025-03-22T10:07:15.867+0500] {processor.py:925} INFO - DAG(s) 'example_sensor_decorator' retrieved from /home/ruslan/.local/lib/python3.10/site-packages/airflow/example_dags/example_sensor_decorator.py
[2025-03-22T10:07:15.927+0500] {logging_mixin.py:190} INFO - [2025-03-22T10:07:15.926+0500] {override.py:1930} INFO - Created Permission View: can delete on DAG:example_sensor_decorator
[2025-03-22T10:07:15.937+0500] {logging_mixin.py:190} INFO - [2025-03-22T10:07:15.936+0500] {override.py:1930} INFO - Created Permission View: can read on DAG:example_sensor_decorator
[2025-03-22T10:07:15.944+0500] {logging_mixin.py:190} INFO - [2025-03-22T10:07:15.944+0500] {override.py:1930} INFO - Created Permission View: can edit on DAG:example_sensor_decorator
[2025-03-22T10:07:15.957+0500] {logging_mixin.py:190} INFO - [2025-03-22T10:07:15.957+0500] {override.py:1930} INFO - Created Permission View: can create on DAG Run:example_sensor_decorator
[2025-03-22T10:07:15.966+0500] {logging_mixin.py:190} INFO - [2025-03-22T10:07:15.965+0500] {override.py:1930} INFO - Created Permission View: menu access on DAG Run:example_sensor_decorator
[2025-03-22T10:07:15.973+0500] {logging_mixin.py:190} INFO - [2025-03-22T10:07:15.973+0500] {override.py:1930} INFO - Created Permission View: can read on DAG Run:example_sensor_decorator
[2025-03-22T10:07:15.981+0500] {logging_mixin.py:190} INFO - [2025-03-22T10:07:15.981+0500] {override.py:1930} INFO - Created Permission View: can delete on DAG Run:example_sensor_decorator
[2025-03-22T10:07:15.981+0500] {logging_mixin.py:190} INFO - [2025-03-22T10:07:15.981+0500] {dag.py:3239} INFO - Sync 1 DAGs
[2025-03-22T10:07:15.990+0500] {logging_mixin.py:190} INFO - [2025-03-22T10:07:15.990+0500] {dag.py:3262} INFO - Creating ORM DAG for example_sensor_decorator
[2025-03-22T10:07:15.991+0500] {logging_mixin.py:190} INFO - [2025-03-22T10:07:15.990+0500] {dag.py:4180} INFO - Setting next_dagrun for example_sensor_decorator to None, run_after=None
[2025-03-22T10:07:16.005+0500] {processor.py:208} INFO - Processing /home/ruslan/.local/lib/python3.10/site-packages/airflow/example_dags/example_sensor_decorator.py took 0.149 seconds
[2025-03-22T10:08:14.454+0500] {processor.py:186} INFO - Started process (PID=18533) to work on /home/ruslan/.local/lib/python3.10/site-packages/airflow/example_dags/example_sensor_decorator.py
[2025-03-22T10:08:14.455+0500] {processor.py:914} INFO - Processing file /home/ruslan/.local/lib/python3.10/site-packages/airflow/example_dags/example_sensor_decorator.py for tasks to queue
[2025-03-22T10:08:14.456+0500] {logging_mixin.py:190} INFO - [2025-03-22T10:08:14.456+0500] {dagbag.py:588} INFO - Filling up the DagBag from /home/ruslan/.local/lib/python3.10/site-packages/airflow/example_dags/example_sensor_decorator.py
[2025-03-22T10:08:14.461+0500] {processor.py:925} INFO - DAG(s) 'example_sensor_decorator' retrieved from /home/ruslan/.local/lib/python3.10/site-packages/airflow/example_dags/example_sensor_decorator.py
[2025-03-22T10:08:14.470+0500] {logging_mixin.py:190} INFO - [2025-03-22T10:08:14.470+0500] {dag.py:3239} INFO - Sync 1 DAGs
[2025-03-22T10:08:14.477+0500] {logging_mixin.py:190} INFO - [2025-03-22T10:08:14.477+0500] {dag.py:4180} INFO - Setting next_dagrun for example_sensor_decorator to None, run_after=None
[2025-03-22T10:08:14.493+0500] {processor.py:208} INFO - Processing /home/ruslan/.local/lib/python3.10/site-packages/airflow/example_dags/example_sensor_decorator.py took 0.043 seconds
[2025-03-22T10:09:11.350+0500] {processor.py:186} INFO - Started process (PID=19085) to work on /home/ruslan/.local/lib/python3.10/site-packages/airflow/example_dags/example_sensor_decorator.py
[2025-03-22T10:09:11.352+0500] {processor.py:914} INFO - Processing file /home/ruslan/.local/lib/python3.10/site-packages/airflow/example_dags/example_sensor_decorator.py for tasks to queue
[2025-03-22T10:09:11.353+0500] {logging_mixin.py:190} INFO - [2025-03-22T10:09:11.353+0500] {dagbag.py:588} INFO - Filling up the DagBag from /home/ruslan/.local/lib/python3.10/site-packages/airflow/example_dags/example_sensor_decorator.py
[2025-03-22T10:09:11.358+0500] {processor.py:925} INFO - DAG(s) 'example_sensor_decorator' retrieved from /home/ruslan/.local/lib/python3.10/site-packages/airflow/example_dags/example_sensor_decorator.py
[2025-03-22T10:09:11.368+0500] {logging_mixin.py:190} INFO - [2025-03-22T10:09:11.367+0500] {dag.py:3239} INFO - Sync 1 DAGs
[2025-03-22T10:09:11.375+0500] {logging_mixin.py:190} INFO - [2025-03-22T10:09:11.375+0500] {dag.py:4180} INFO - Setting next_dagrun for example_sensor_decorator to None, run_after=None
[2025-03-22T10:09:11.392+0500] {processor.py:208} INFO - Processing /home/ruslan/.local/lib/python3.10/site-packages/airflow/example_dags/example_sensor_decorator.py took 0.045 seconds
[2025-03-22T10:10:07.859+0500] {processor.py:186} INFO - Started process (PID=19686) to work on /home/ruslan/.local/lib/python3.10/site-packages/airflow/example_dags/example_sensor_decorator.py
[2025-03-22T10:10:07.860+0500] {processor.py:914} INFO - Processing file /home/ruslan/.local/lib/python3.10/site-packages/airflow/example_dags/example_sensor_decorator.py for tasks to queue
[2025-03-22T10:10:07.861+0500] {logging_mixin.py:190} INFO - [2025-03-22T10:10:07.861+0500] {dagbag.py:588} INFO - Filling up the DagBag from /home/ruslan/.local/lib/python3.10/site-packages/airflow/example_dags/example_sensor_decorator.py
[2025-03-22T10:10:07.867+0500] {processor.py:925} INFO - DAG(s) 'example_sensor_decorator' retrieved from /home/ruslan/.local/lib/python3.10/site-packages/airflow/example_dags/example_sensor_decorator.py
[2025-03-22T10:10:07.876+0500] {logging_mixin.py:190} INFO - [2025-03-22T10:10:07.876+0500] {dag.py:3239} INFO - Sync 1 DAGs
[2025-03-22T10:10:07.883+0500] {logging_mixin.py:190} INFO - [2025-03-22T10:10:07.883+0500] {dag.py:4180} INFO - Setting next_dagrun for example_sensor_decorator to None, run_after=None
[2025-03-22T10:10:07.900+0500] {processor.py:208} INFO - Processing /home/ruslan/.local/lib/python3.10/site-packages/airflow/example_dags/example_sensor_decorator.py took 0.045 seconds
[2025-03-22T10:11:03.717+0500] {processor.py:186} INFO - Started process (PID=20281) to work on /home/ruslan/.local/lib/python3.10/site-packages/airflow/example_dags/example_sensor_decorator.py
[2025-03-22T10:11:03.718+0500] {processor.py:914} INFO - Processing file /home/ruslan/.local/lib/python3.10/site-packages/airflow/example_dags/example_sensor_decorator.py for tasks to queue
[2025-03-22T10:11:03.719+0500] {logging_mixin.py:190} INFO - [2025-03-22T10:11:03.719+0500] {dagbag.py:588} INFO - Filling up the DagBag from /home/ruslan/.local/lib/python3.10/site-packages/airflow/example_dags/example_sensor_decorator.py
[2025-03-22T10:11:03.724+0500] {processor.py:925} INFO - DAG(s) 'example_sensor_decorator' retrieved from /home/ruslan/.local/lib/python3.10/site-packages/airflow/example_dags/example_sensor_decorator.py
[2025-03-22T10:11:03.733+0500] {logging_mixin.py:190} INFO - [2025-03-22T10:11:03.733+0500] {dag.py:3239} INFO - Sync 1 DAGs
[2025-03-22T10:11:03.740+0500] {logging_mixin.py:190} INFO - [2025-03-22T10:11:03.740+0500] {dag.py:4180} INFO - Setting next_dagrun for example_sensor_decorator to None, run_after=None
[2025-03-22T10:11:03.755+0500] {processor.py:208} INFO - Processing /home/ruslan/.local/lib/python3.10/site-packages/airflow/example_dags/example_sensor_decorator.py took 0.042 seconds
[2025-03-22T10:11:55.628+0500] {processor.py:186} INFO - Started process (PID=20793) to work on /home/ruslan/.local/lib/python3.10/site-packages/airflow/example_dags/example_sensor_decorator.py
[2025-03-22T10:11:55.630+0500] {processor.py:914} INFO - Processing file /home/ruslan/.local/lib/python3.10/site-packages/airflow/example_dags/example_sensor_decorator.py for tasks to queue
[2025-03-22T10:11:55.631+0500] {logging_mixin.py:190} INFO - [2025-03-22T10:11:55.631+0500] {dagbag.py:588} INFO - Filling up the DagBag from /home/ruslan/.local/lib/python3.10/site-packages/airflow/example_dags/example_sensor_decorator.py
[2025-03-22T10:11:55.636+0500] {processor.py:925} INFO - DAG(s) 'example_sensor_decorator' retrieved from /home/ruslan/.local/lib/python3.10/site-packages/airflow/example_dags/example_sensor_decorator.py
[2025-03-22T10:11:55.644+0500] {logging_mixin.py:190} INFO - [2025-03-22T10:11:55.644+0500] {dag.py:3239} INFO - Sync 1 DAGs
[2025-03-22T10:11:55.650+0500] {logging_mixin.py:190} INFO - [2025-03-22T10:11:55.650+0500] {dag.py:4180} INFO - Setting next_dagrun for example_sensor_decorator to None, run_after=None
[2025-03-22T10:11:55.666+0500] {processor.py:208} INFO - Processing /home/ruslan/.local/lib/python3.10/site-packages/airflow/example_dags/example_sensor_decorator.py took 0.041 seconds
[2025-03-22T10:12:44.147+0500] {processor.py:186} INFO - Started process (PID=21279) to work on /home/ruslan/.local/lib/python3.10/site-packages/airflow/example_dags/example_sensor_decorator.py
[2025-03-22T10:12:44.147+0500] {processor.py:914} INFO - Processing file /home/ruslan/.local/lib/python3.10/site-packages/airflow/example_dags/example_sensor_decorator.py for tasks to queue
[2025-03-22T10:12:44.149+0500] {logging_mixin.py:190} INFO - [2025-03-22T10:12:44.149+0500] {dagbag.py:588} INFO - Filling up the DagBag from /home/ruslan/.local/lib/python3.10/site-packages/airflow/example_dags/example_sensor_decorator.py
[2025-03-22T10:12:44.155+0500] {processor.py:925} INFO - DAG(s) 'example_sensor_decorator' retrieved from /home/ruslan/.local/lib/python3.10/site-packages/airflow/example_dags/example_sensor_decorator.py
[2025-03-22T10:12:44.166+0500] {logging_mixin.py:190} INFO - [2025-03-22T10:12:44.166+0500] {dag.py:3239} INFO - Sync 1 DAGs
[2025-03-22T10:12:44.175+0500] {logging_mixin.py:190} INFO - [2025-03-22T10:12:44.175+0500] {dag.py:4180} INFO - Setting next_dagrun for example_sensor_decorator to None, run_after=None
[2025-03-22T10:12:44.193+0500] {processor.py:208} INFO - Processing /home/ruslan/.local/lib/python3.10/site-packages/airflow/example_dags/example_sensor_decorator.py took 0.050 seconds
[2025-03-22T10:13:39.534+0500] {processor.py:186} INFO - Started process (PID=21879) to work on /home/ruslan/.local/lib/python3.10/site-packages/airflow/example_dags/example_sensor_decorator.py
[2025-03-22T10:13:39.536+0500] {processor.py:914} INFO - Processing file /home/ruslan/.local/lib/python3.10/site-packages/airflow/example_dags/example_sensor_decorator.py for tasks to queue
[2025-03-22T10:13:39.537+0500] {logging_mixin.py:190} INFO - [2025-03-22T10:13:39.537+0500] {dagbag.py:588} INFO - Filling up the DagBag from /home/ruslan/.local/lib/python3.10/site-packages/airflow/example_dags/example_sensor_decorator.py
[2025-03-22T10:13:39.542+0500] {processor.py:925} INFO - DAG(s) 'example_sensor_decorator' retrieved from /home/ruslan/.local/lib/python3.10/site-packages/airflow/example_dags/example_sensor_decorator.py
[2025-03-22T10:13:39.550+0500] {logging_mixin.py:190} INFO - [2025-03-22T10:13:39.550+0500] {dag.py:3239} INFO - Sync 1 DAGs
[2025-03-22T10:13:39.557+0500] {logging_mixin.py:190} INFO - [2025-03-22T10:13:39.557+0500] {dag.py:4180} INFO - Setting next_dagrun for example_sensor_decorator to None, run_after=None
[2025-03-22T10:13:39.572+0500] {processor.py:208} INFO - Processing /home/ruslan/.local/lib/python3.10/site-packages/airflow/example_dags/example_sensor_decorator.py took 0.042 seconds
[2025-03-22T10:14:34.032+0500] {processor.py:186} INFO - Started process (PID=22476) to work on /home/ruslan/.local/lib/python3.10/site-packages/airflow/example_dags/example_sensor_decorator.py
[2025-03-22T10:14:34.033+0500] {processor.py:914} INFO - Processing file /home/ruslan/.local/lib/python3.10/site-packages/airflow/example_dags/example_sensor_decorator.py for tasks to queue
[2025-03-22T10:14:34.034+0500] {logging_mixin.py:190} INFO - [2025-03-22T10:14:34.034+0500] {dagbag.py:588} INFO - Filling up the DagBag from /home/ruslan/.local/lib/python3.10/site-packages/airflow/example_dags/example_sensor_decorator.py
[2025-03-22T10:14:34.039+0500] {processor.py:925} INFO - DAG(s) 'example_sensor_decorator' retrieved from /home/ruslan/.local/lib/python3.10/site-packages/airflow/example_dags/example_sensor_decorator.py
[2025-03-22T10:14:34.048+0500] {logging_mixin.py:190} INFO - [2025-03-22T10:14:34.048+0500] {dag.py:3239} INFO - Sync 1 DAGs
[2025-03-22T10:14:34.055+0500] {logging_mixin.py:190} INFO - [2025-03-22T10:14:34.055+0500] {dag.py:4180} INFO - Setting next_dagrun for example_sensor_decorator to None, run_after=None
[2025-03-22T10:14:34.070+0500] {processor.py:208} INFO - Processing /home/ruslan/.local/lib/python3.10/site-packages/airflow/example_dags/example_sensor_decorator.py took 0.043 seconds
[2025-03-22T10:15:26.304+0500] {processor.py:186} INFO - Started process (PID=22987) to work on /home/ruslan/.local/lib/python3.10/site-packages/airflow/example_dags/example_sensor_decorator.py
[2025-03-22T10:15:26.306+0500] {processor.py:914} INFO - Processing file /home/ruslan/.local/lib/python3.10/site-packages/airflow/example_dags/example_sensor_decorator.py for tasks to queue
[2025-03-22T10:15:26.307+0500] {logging_mixin.py:190} INFO - [2025-03-22T10:15:26.307+0500] {dagbag.py:588} INFO - Filling up the DagBag from /home/ruslan/.local/lib/python3.10/site-packages/airflow/example_dags/example_sensor_decorator.py
[2025-03-22T10:15:26.312+0500] {processor.py:925} INFO - DAG(s) 'example_sensor_decorator' retrieved from /home/ruslan/.local/lib/python3.10/site-packages/airflow/example_dags/example_sensor_decorator.py
[2025-03-22T10:15:26.320+0500] {logging_mixin.py:190} INFO - [2025-03-22T10:15:26.320+0500] {dag.py:3239} INFO - Sync 1 DAGs
[2025-03-22T10:15:26.327+0500] {logging_mixin.py:190} INFO - [2025-03-22T10:15:26.327+0500] {dag.py:4180} INFO - Setting next_dagrun for example_sensor_decorator to None, run_after=None
[2025-03-22T10:15:26.342+0500] {processor.py:208} INFO - Processing /home/ruslan/.local/lib/python3.10/site-packages/airflow/example_dags/example_sensor_decorator.py took 0.041 seconds
[2025-03-22T10:16:17.383+0500] {processor.py:186} INFO - Started process (PID=23489) to work on /home/ruslan/.local/lib/python3.10/site-packages/airflow/example_dags/example_sensor_decorator.py
[2025-03-22T10:16:17.384+0500] {processor.py:914} INFO - Processing file /home/ruslan/.local/lib/python3.10/site-packages/airflow/example_dags/example_sensor_decorator.py for tasks to queue
[2025-03-22T10:16:17.385+0500] {logging_mixin.py:190} INFO - [2025-03-22T10:16:17.385+0500] {dagbag.py:588} INFO - Filling up the DagBag from /home/ruslan/.local/lib/python3.10/site-packages/airflow/example_dags/example_sensor_decorator.py
[2025-03-22T10:16:17.390+0500] {processor.py:925} INFO - DAG(s) 'example_sensor_decorator' retrieved from /home/ruslan/.local/lib/python3.10/site-packages/airflow/example_dags/example_sensor_decorator.py
[2025-03-22T10:16:17.398+0500] {logging_mixin.py:190} INFO - [2025-03-22T10:16:17.398+0500] {dag.py:3239} INFO - Sync 1 DAGs
[2025-03-22T10:16:17.405+0500] {logging_mixin.py:190} INFO - [2025-03-22T10:16:17.405+0500] {dag.py:4180} INFO - Setting next_dagrun for example_sensor_decorator to None, run_after=None
[2025-03-22T10:16:17.420+0500] {processor.py:208} INFO - Processing /home/ruslan/.local/lib/python3.10/site-packages/airflow/example_dags/example_sensor_decorator.py took 0.041 seconds
[2025-03-22T10:17:08.087+0500] {processor.py:186} INFO - Started process (PID=24080) to work on /home/ruslan/.local/lib/python3.10/site-packages/airflow/example_dags/example_sensor_decorator.py
[2025-03-22T10:17:08.088+0500] {processor.py:914} INFO - Processing file /home/ruslan/.local/lib/python3.10/site-packages/airflow/example_dags/example_sensor_decorator.py for tasks to queue
[2025-03-22T10:17:08.089+0500] {logging_mixin.py:190} INFO - [2025-03-22T10:17:08.089+0500] {dagbag.py:588} INFO - Filling up the DagBag from /home/ruslan/.local/lib/python3.10/site-packages/airflow/example_dags/example_sensor_decorator.py
[2025-03-22T10:17:08.094+0500] {processor.py:925} INFO - DAG(s) 'example_sensor_decorator' retrieved from /home/ruslan/.local/lib/python3.10/site-packages/airflow/example_dags/example_sensor_decorator.py
[2025-03-22T10:17:08.102+0500] {logging_mixin.py:190} INFO - [2025-03-22T10:17:08.102+0500] {dag.py:3239} INFO - Sync 1 DAGs
[2025-03-22T10:17:08.109+0500] {logging_mixin.py:190} INFO - [2025-03-22T10:17:08.109+0500] {dag.py:4180} INFO - Setting next_dagrun for example_sensor_decorator to None, run_after=None
[2025-03-22T10:17:08.124+0500] {processor.py:208} INFO - Processing /home/ruslan/.local/lib/python3.10/site-packages/airflow/example_dags/example_sensor_decorator.py took 0.041 seconds
[2025-03-22T10:17:59.997+0500] {processor.py:186} INFO - Started process (PID=24597) to work on /home/ruslan/.local/lib/python3.10/site-packages/airflow/example_dags/example_sensor_decorator.py
[2025-03-22T10:17:59.998+0500] {processor.py:914} INFO - Processing file /home/ruslan/.local/lib/python3.10/site-packages/airflow/example_dags/example_sensor_decorator.py for tasks to queue
[2025-03-22T10:17:59.999+0500] {logging_mixin.py:190} INFO - [2025-03-22T10:17:59.999+0500] {dagbag.py:588} INFO - Filling up the DagBag from /home/ruslan/.local/lib/python3.10/site-packages/airflow/example_dags/example_sensor_decorator.py
[2025-03-22T10:18:00.006+0500] {processor.py:925} INFO - DAG(s) 'example_sensor_decorator' retrieved from /home/ruslan/.local/lib/python3.10/site-packages/airflow/example_dags/example_sensor_decorator.py
[2025-03-22T10:18:00.014+0500] {logging_mixin.py:190} INFO - [2025-03-22T10:18:00.014+0500] {dag.py:3239} INFO - Sync 1 DAGs
[2025-03-22T10:18:00.021+0500] {logging_mixin.py:190} INFO - [2025-03-22T10:18:00.020+0500] {dag.py:4180} INFO - Setting next_dagrun for example_sensor_decorator to None, run_after=None
[2025-03-22T10:18:00.036+0500] {processor.py:208} INFO - Processing /home/ruslan/.local/lib/python3.10/site-packages/airflow/example_dags/example_sensor_decorator.py took 0.043 seconds
[2025-03-22T10:18:52.485+0500] {processor.py:186} INFO - Started process (PID=25201) to work on /home/ruslan/.local/lib/python3.10/site-packages/airflow/example_dags/example_sensor_decorator.py
[2025-03-22T10:18:52.487+0500] {processor.py:914} INFO - Processing file /home/ruslan/.local/lib/python3.10/site-packages/airflow/example_dags/example_sensor_decorator.py for tasks to queue
[2025-03-22T10:18:52.488+0500] {logging_mixin.py:190} INFO - [2025-03-22T10:18:52.488+0500] {dagbag.py:588} INFO - Filling up the DagBag from /home/ruslan/.local/lib/python3.10/site-packages/airflow/example_dags/example_sensor_decorator.py
[2025-03-22T10:18:52.493+0500] {processor.py:925} INFO - DAG(s) 'example_sensor_decorator' retrieved from /home/ruslan/.local/lib/python3.10/site-packages/airflow/example_dags/example_sensor_decorator.py
[2025-03-22T10:18:52.501+0500] {logging_mixin.py:190} INFO - [2025-03-22T10:18:52.501+0500] {dag.py:3239} INFO - Sync 1 DAGs
[2025-03-22T10:18:52.508+0500] {logging_mixin.py:190} INFO - [2025-03-22T10:18:52.508+0500] {dag.py:4180} INFO - Setting next_dagrun for example_sensor_decorator to None, run_after=None
[2025-03-22T10:18:52.522+0500] {processor.py:208} INFO - Processing /home/ruslan/.local/lib/python3.10/site-packages/airflow/example_dags/example_sensor_decorator.py took 0.040 seconds
[2025-03-22T10:19:41.714+0500] {processor.py:186} INFO - Started process (PID=25686) to work on /home/ruslan/.local/lib/python3.10/site-packages/airflow/example_dags/example_sensor_decorator.py
[2025-03-22T10:19:41.715+0500] {processor.py:914} INFO - Processing file /home/ruslan/.local/lib/python3.10/site-packages/airflow/example_dags/example_sensor_decorator.py for tasks to queue
[2025-03-22T10:19:41.717+0500] {logging_mixin.py:190} INFO - [2025-03-22T10:19:41.717+0500] {dagbag.py:588} INFO - Filling up the DagBag from /home/ruslan/.local/lib/python3.10/site-packages/airflow/example_dags/example_sensor_decorator.py
[2025-03-22T10:19:41.723+0500] {processor.py:925} INFO - DAG(s) 'example_sensor_decorator' retrieved from /home/ruslan/.local/lib/python3.10/site-packages/airflow/example_dags/example_sensor_decorator.py
[2025-03-22T10:19:41.733+0500] {logging_mixin.py:190} INFO - [2025-03-22T10:19:41.733+0500] {dag.py:3239} INFO - Sync 1 DAGs
[2025-03-22T10:19:41.741+0500] {logging_mixin.py:190} INFO - [2025-03-22T10:19:41.741+0500] {dag.py:4180} INFO - Setting next_dagrun for example_sensor_decorator to None, run_after=None
[2025-03-22T10:19:41.756+0500] {processor.py:208} INFO - Processing /home/ruslan/.local/lib/python3.10/site-packages/airflow/example_dags/example_sensor_decorator.py took 0.045 seconds
[2025-03-22T10:20:35.189+0500] {processor.py:186} INFO - Started process (PID=26297) to work on /home/ruslan/.local/lib/python3.10/site-packages/airflow/example_dags/example_sensor_decorator.py
[2025-03-22T10:20:35.190+0500] {processor.py:914} INFO - Processing file /home/ruslan/.local/lib/python3.10/site-packages/airflow/example_dags/example_sensor_decorator.py for tasks to queue
[2025-03-22T10:20:35.191+0500] {logging_mixin.py:190} INFO - [2025-03-22T10:20:35.191+0500] {dagbag.py:588} INFO - Filling up the DagBag from /home/ruslan/.local/lib/python3.10/site-packages/airflow/example_dags/example_sensor_decorator.py
[2025-03-22T10:20:35.200+0500] {processor.py:925} INFO - DAG(s) 'example_sensor_decorator' retrieved from /home/ruslan/.local/lib/python3.10/site-packages/airflow/example_dags/example_sensor_decorator.py
[2025-03-22T10:20:35.212+0500] {logging_mixin.py:190} INFO - [2025-03-22T10:20:35.212+0500] {dag.py:3239} INFO - Sync 1 DAGs
[2025-03-22T10:20:35.221+0500] {logging_mixin.py:190} INFO - [2025-03-22T10:20:35.221+0500] {dag.py:4180} INFO - Setting next_dagrun for example_sensor_decorator to None, run_after=None
[2025-03-22T10:20:35.240+0500] {processor.py:208} INFO - Processing /home/ruslan/.local/lib/python3.10/site-packages/airflow/example_dags/example_sensor_decorator.py took 0.056 seconds
[2025-03-22T10:21:26.447+0500] {processor.py:186} INFO - Started process (PID=26814) to work on /home/ruslan/.local/lib/python3.10/site-packages/airflow/example_dags/example_sensor_decorator.py
[2025-03-22T10:21:26.448+0500] {processor.py:914} INFO - Processing file /home/ruslan/.local/lib/python3.10/site-packages/airflow/example_dags/example_sensor_decorator.py for tasks to queue
[2025-03-22T10:21:26.450+0500] {logging_mixin.py:190} INFO - [2025-03-22T10:21:26.449+0500] {dagbag.py:588} INFO - Filling up the DagBag from /home/ruslan/.local/lib/python3.10/site-packages/airflow/example_dags/example_sensor_decorator.py
[2025-03-22T10:21:26.455+0500] {processor.py:925} INFO - DAG(s) 'example_sensor_decorator' retrieved from /home/ruslan/.local/lib/python3.10/site-packages/airflow/example_dags/example_sensor_decorator.py
[2025-03-22T10:21:26.463+0500] {logging_mixin.py:190} INFO - [2025-03-22T10:21:26.463+0500] {dag.py:3239} INFO - Sync 1 DAGs
[2025-03-22T10:21:26.470+0500] {logging_mixin.py:190} INFO - [2025-03-22T10:21:26.470+0500] {dag.py:4180} INFO - Setting next_dagrun for example_sensor_decorator to None, run_after=None
[2025-03-22T10:21:26.485+0500] {processor.py:208} INFO - Processing /home/ruslan/.local/lib/python3.10/site-packages/airflow/example_dags/example_sensor_decorator.py took 0.042 seconds
[2025-03-22T10:22:20.918+0500] {processor.py:186} INFO - Started process (PID=27422) to work on /home/ruslan/.local/lib/python3.10/site-packages/airflow/example_dags/example_sensor_decorator.py
[2025-03-22T10:22:20.919+0500] {processor.py:914} INFO - Processing file /home/ruslan/.local/lib/python3.10/site-packages/airflow/example_dags/example_sensor_decorator.py for tasks to queue
[2025-03-22T10:22:20.921+0500] {logging_mixin.py:190} INFO - [2025-03-22T10:22:20.920+0500] {dagbag.py:588} INFO - Filling up the DagBag from /home/ruslan/.local/lib/python3.10/site-packages/airflow/example_dags/example_sensor_decorator.py
[2025-03-22T10:22:20.926+0500] {processor.py:925} INFO - DAG(s) 'example_sensor_decorator' retrieved from /home/ruslan/.local/lib/python3.10/site-packages/airflow/example_dags/example_sensor_decorator.py
[2025-03-22T10:22:20.936+0500] {logging_mixin.py:190} INFO - [2025-03-22T10:22:20.936+0500] {dag.py:3239} INFO - Sync 1 DAGs
[2025-03-22T10:22:20.944+0500] {logging_mixin.py:190} INFO - [2025-03-22T10:22:20.944+0500] {dag.py:4180} INFO - Setting next_dagrun for example_sensor_decorator to None, run_after=None
[2025-03-22T10:22:20.959+0500] {processor.py:208} INFO - Processing /home/ruslan/.local/lib/python3.10/site-packages/airflow/example_dags/example_sensor_decorator.py took 0.045 seconds
[2025-03-22T10:23:13.113+0500] {processor.py:186} INFO - Started process (PID=27937) to work on /home/ruslan/.local/lib/python3.10/site-packages/airflow/example_dags/example_sensor_decorator.py
[2025-03-22T10:23:13.114+0500] {processor.py:914} INFO - Processing file /home/ruslan/.local/lib/python3.10/site-packages/airflow/example_dags/example_sensor_decorator.py for tasks to queue
[2025-03-22T10:23:13.116+0500] {logging_mixin.py:190} INFO - [2025-03-22T10:23:13.115+0500] {dagbag.py:588} INFO - Filling up the DagBag from /home/ruslan/.local/lib/python3.10/site-packages/airflow/example_dags/example_sensor_decorator.py
[2025-03-22T10:23:13.120+0500] {processor.py:925} INFO - DAG(s) 'example_sensor_decorator' retrieved from /home/ruslan/.local/lib/python3.10/site-packages/airflow/example_dags/example_sensor_decorator.py
[2025-03-22T10:23:13.129+0500] {logging_mixin.py:190} INFO - [2025-03-22T10:23:13.128+0500] {dag.py:3239} INFO - Sync 1 DAGs
[2025-03-22T10:23:13.135+0500] {logging_mixin.py:190} INFO - [2025-03-22T10:23:13.135+0500] {dag.py:4180} INFO - Setting next_dagrun for example_sensor_decorator to None, run_after=None
[2025-03-22T10:23:13.150+0500] {processor.py:208} INFO - Processing /home/ruslan/.local/lib/python3.10/site-packages/airflow/example_dags/example_sensor_decorator.py took 0.040 seconds
[2025-03-22T10:24:05.595+0500] {processor.py:186} INFO - Started process (PID=28541) to work on /home/ruslan/.local/lib/python3.10/site-packages/airflow/example_dags/example_sensor_decorator.py
[2025-03-22T10:24:05.596+0500] {processor.py:914} INFO - Processing file /home/ruslan/.local/lib/python3.10/site-packages/airflow/example_dags/example_sensor_decorator.py for tasks to queue
[2025-03-22T10:24:05.597+0500] {logging_mixin.py:190} INFO - [2025-03-22T10:24:05.597+0500] {dagbag.py:588} INFO - Filling up the DagBag from /home/ruslan/.local/lib/python3.10/site-packages/airflow/example_dags/example_sensor_decorator.py
[2025-03-22T10:24:05.602+0500] {processor.py:925} INFO - DAG(s) 'example_sensor_decorator' retrieved from /home/ruslan/.local/lib/python3.10/site-packages/airflow/example_dags/example_sensor_decorator.py
[2025-03-22T10:24:05.611+0500] {logging_mixin.py:190} INFO - [2025-03-22T10:24:05.610+0500] {dag.py:3239} INFO - Sync 1 DAGs
[2025-03-22T10:24:05.617+0500] {logging_mixin.py:190} INFO - [2025-03-22T10:24:05.617+0500] {dag.py:4180} INFO - Setting next_dagrun for example_sensor_decorator to None, run_after=None
[2025-03-22T10:24:05.633+0500] {processor.py:208} INFO - Processing /home/ruslan/.local/lib/python3.10/site-packages/airflow/example_dags/example_sensor_decorator.py took 0.041 seconds
[2025-03-22T10:24:55.790+0500] {processor.py:186} INFO - Started process (PID=29075) to work on /home/ruslan/.local/lib/python3.10/site-packages/airflow/example_dags/example_sensor_decorator.py
[2025-03-22T10:24:55.791+0500] {processor.py:914} INFO - Processing file /home/ruslan/.local/lib/python3.10/site-packages/airflow/example_dags/example_sensor_decorator.py for tasks to queue
[2025-03-22T10:24:55.792+0500] {logging_mixin.py:190} INFO - [2025-03-22T10:24:55.792+0500] {dagbag.py:588} INFO - Filling up the DagBag from /home/ruslan/.local/lib/python3.10/site-packages/airflow/example_dags/example_sensor_decorator.py
[2025-03-22T10:24:55.797+0500] {processor.py:925} INFO - DAG(s) 'example_sensor_decorator' retrieved from /home/ruslan/.local/lib/python3.10/site-packages/airflow/example_dags/example_sensor_decorator.py
[2025-03-22T10:24:55.806+0500] {logging_mixin.py:190} INFO - [2025-03-22T10:24:55.805+0500] {dag.py:3239} INFO - Sync 1 DAGs
[2025-03-22T10:24:55.812+0500] {logging_mixin.py:190} INFO - [2025-03-22T10:24:55.812+0500] {dag.py:4180} INFO - Setting next_dagrun for example_sensor_decorator to None, run_after=None
[2025-03-22T10:24:55.827+0500] {processor.py:208} INFO - Processing /home/ruslan/.local/lib/python3.10/site-packages/airflow/example_dags/example_sensor_decorator.py took 0.041 seconds
[2025-03-22T10:25:45.981+0500] {processor.py:186} INFO - Started process (PID=29582) to work on /home/ruslan/.local/lib/python3.10/site-packages/airflow/example_dags/example_sensor_decorator.py
[2025-03-22T10:25:45.982+0500] {processor.py:914} INFO - Processing file /home/ruslan/.local/lib/python3.10/site-packages/airflow/example_dags/example_sensor_decorator.py for tasks to queue
[2025-03-22T10:25:45.983+0500] {logging_mixin.py:190} INFO - [2025-03-22T10:25:45.983+0500] {dagbag.py:588} INFO - Filling up the DagBag from /home/ruslan/.local/lib/python3.10/site-packages/airflow/example_dags/example_sensor_decorator.py
[2025-03-22T10:25:45.988+0500] {processor.py:925} INFO - DAG(s) 'example_sensor_decorator' retrieved from /home/ruslan/.local/lib/python3.10/site-packages/airflow/example_dags/example_sensor_decorator.py
[2025-03-22T10:25:45.997+0500] {logging_mixin.py:190} INFO - [2025-03-22T10:25:45.997+0500] {dag.py:3239} INFO - Sync 1 DAGs
[2025-03-22T10:25:46.004+0500] {logging_mixin.py:190} INFO - [2025-03-22T10:25:46.004+0500] {dag.py:4180} INFO - Setting next_dagrun for example_sensor_decorator to None, run_after=None
[2025-03-22T10:25:46.018+0500] {processor.py:208} INFO - Processing /home/ruslan/.local/lib/python3.10/site-packages/airflow/example_dags/example_sensor_decorator.py took 0.041 seconds
[2025-03-22T10:26:39.083+0500] {processor.py:186} INFO - Started process (PID=30651) to work on /home/ruslan/.local/lib/python3.10/site-packages/airflow/example_dags/example_sensor_decorator.py
[2025-03-22T10:26:39.084+0500] {processor.py:914} INFO - Processing file /home/ruslan/.local/lib/python3.10/site-packages/airflow/example_dags/example_sensor_decorator.py for tasks to queue
[2025-03-22T10:26:39.086+0500] {logging_mixin.py:190} INFO - [2025-03-22T10:26:39.085+0500] {dagbag.py:588} INFO - Filling up the DagBag from /home/ruslan/.local/lib/python3.10/site-packages/airflow/example_dags/example_sensor_decorator.py
[2025-03-22T10:26:39.090+0500] {processor.py:925} INFO - DAG(s) 'example_sensor_decorator' retrieved from /home/ruslan/.local/lib/python3.10/site-packages/airflow/example_dags/example_sensor_decorator.py
[2025-03-22T10:26:39.099+0500] {logging_mixin.py:190} INFO - [2025-03-22T10:26:39.098+0500] {dag.py:3239} INFO - Sync 1 DAGs
[2025-03-22T10:26:39.106+0500] {logging_mixin.py:190} INFO - [2025-03-22T10:26:39.105+0500] {dag.py:4180} INFO - Setting next_dagrun for example_sensor_decorator to None, run_after=None
[2025-03-22T10:26:39.120+0500] {processor.py:208} INFO - Processing /home/ruslan/.local/lib/python3.10/site-packages/airflow/example_dags/example_sensor_decorator.py took 0.041 seconds
[2025-03-22T10:27:29.590+0500] {processor.py:186} INFO - Started process (PID=31185) to work on /home/ruslan/.local/lib/python3.10/site-packages/airflow/example_dags/example_sensor_decorator.py
[2025-03-22T10:27:29.591+0500] {processor.py:914} INFO - Processing file /home/ruslan/.local/lib/python3.10/site-packages/airflow/example_dags/example_sensor_decorator.py for tasks to queue
[2025-03-22T10:27:29.592+0500] {logging_mixin.py:190} INFO - [2025-03-22T10:27:29.592+0500] {dagbag.py:588} INFO - Filling up the DagBag from /home/ruslan/.local/lib/python3.10/site-packages/airflow/example_dags/example_sensor_decorator.py
[2025-03-22T10:27:29.599+0500] {processor.py:925} INFO - DAG(s) 'example_sensor_decorator' retrieved from /home/ruslan/.local/lib/python3.10/site-packages/airflow/example_dags/example_sensor_decorator.py
[2025-03-22T10:27:29.609+0500] {logging_mixin.py:190} INFO - [2025-03-22T10:27:29.609+0500] {dag.py:3239} INFO - Sync 1 DAGs
[2025-03-22T10:27:29.617+0500] {logging_mixin.py:190} INFO - [2025-03-22T10:27:29.617+0500] {dag.py:4180} INFO - Setting next_dagrun for example_sensor_decorator to None, run_after=None
[2025-03-22T10:27:29.632+0500] {processor.py:208} INFO - Processing /home/ruslan/.local/lib/python3.10/site-packages/airflow/example_dags/example_sensor_decorator.py took 0.046 seconds
[2025-03-22T10:28:24.182+0500] {processor.py:186} INFO - Started process (PID=31801) to work on /home/ruslan/.local/lib/python3.10/site-packages/airflow/example_dags/example_sensor_decorator.py
[2025-03-22T10:28:24.183+0500] {processor.py:914} INFO - Processing file /home/ruslan/.local/lib/python3.10/site-packages/airflow/example_dags/example_sensor_decorator.py for tasks to queue
[2025-03-22T10:28:24.185+0500] {logging_mixin.py:190} INFO - [2025-03-22T10:28:24.184+0500] {dagbag.py:588} INFO - Filling up the DagBag from /home/ruslan/.local/lib/python3.10/site-packages/airflow/example_dags/example_sensor_decorator.py
[2025-03-22T10:28:24.190+0500] {processor.py:925} INFO - DAG(s) 'example_sensor_decorator' retrieved from /home/ruslan/.local/lib/python3.10/site-packages/airflow/example_dags/example_sensor_decorator.py
[2025-03-22T10:28:24.198+0500] {logging_mixin.py:190} INFO - [2025-03-22T10:28:24.198+0500] {dag.py:3239} INFO - Sync 1 DAGs
[2025-03-22T10:28:24.205+0500] {logging_mixin.py:190} INFO - [2025-03-22T10:28:24.205+0500] {dag.py:4180} INFO - Setting next_dagrun for example_sensor_decorator to None, run_after=None
[2025-03-22T10:28:24.219+0500] {processor.py:208} INFO - Processing /home/ruslan/.local/lib/python3.10/site-packages/airflow/example_dags/example_sensor_decorator.py took 0.041 seconds
[2025-03-22T10:29:15.955+0500] {processor.py:186} INFO - Started process (PID=32316) to work on /home/ruslan/.local/lib/python3.10/site-packages/airflow/example_dags/example_sensor_decorator.py
[2025-03-22T10:29:15.956+0500] {processor.py:914} INFO - Processing file /home/ruslan/.local/lib/python3.10/site-packages/airflow/example_dags/example_sensor_decorator.py for tasks to queue
[2025-03-22T10:29:15.958+0500] {logging_mixin.py:190} INFO - [2025-03-22T10:29:15.957+0500] {dagbag.py:588} INFO - Filling up the DagBag from /home/ruslan/.local/lib/python3.10/site-packages/airflow/example_dags/example_sensor_decorator.py
[2025-03-22T10:29:15.963+0500] {processor.py:925} INFO - DAG(s) 'example_sensor_decorator' retrieved from /home/ruslan/.local/lib/python3.10/site-packages/airflow/example_dags/example_sensor_decorator.py
[2025-03-22T10:29:15.971+0500] {logging_mixin.py:190} INFO - [2025-03-22T10:29:15.970+0500] {dag.py:3239} INFO - Sync 1 DAGs
[2025-03-22T10:29:15.977+0500] {logging_mixin.py:190} INFO - [2025-03-22T10:29:15.977+0500] {dag.py:4180} INFO - Setting next_dagrun for example_sensor_decorator to None, run_after=None
[2025-03-22T10:29:15.992+0500] {processor.py:208} INFO - Processing /home/ruslan/.local/lib/python3.10/site-packages/airflow/example_dags/example_sensor_decorator.py took 0.040 seconds
[2025-03-22T10:30:07.736+0500] {processor.py:186} INFO - Started process (PID=32834) to work on /home/ruslan/.local/lib/python3.10/site-packages/airflow/example_dags/example_sensor_decorator.py
[2025-03-22T10:30:07.737+0500] {processor.py:914} INFO - Processing file /home/ruslan/.local/lib/python3.10/site-packages/airflow/example_dags/example_sensor_decorator.py for tasks to queue
[2025-03-22T10:30:07.738+0500] {logging_mixin.py:190} INFO - [2025-03-22T10:30:07.738+0500] {dagbag.py:588} INFO - Filling up the DagBag from /home/ruslan/.local/lib/python3.10/site-packages/airflow/example_dags/example_sensor_decorator.py
[2025-03-22T10:30:07.743+0500] {processor.py:925} INFO - DAG(s) 'example_sensor_decorator' retrieved from /home/ruslan/.local/lib/python3.10/site-packages/airflow/example_dags/example_sensor_decorator.py
[2025-03-22T10:30:07.752+0500] {logging_mixin.py:190} INFO - [2025-03-22T10:30:07.752+0500] {dag.py:3239} INFO - Sync 1 DAGs
[2025-03-22T10:30:07.760+0500] {logging_mixin.py:190} INFO - [2025-03-22T10:30:07.759+0500] {dag.py:4180} INFO - Setting next_dagrun for example_sensor_decorator to None, run_after=None
[2025-03-22T10:30:07.774+0500] {processor.py:208} INFO - Processing /home/ruslan/.local/lib/python3.10/site-packages/airflow/example_dags/example_sensor_decorator.py took 0.042 seconds
[2025-03-22T10:31:00.102+0500] {processor.py:186} INFO - Started process (PID=33103) to work on /home/ruslan/.local/lib/python3.10/site-packages/airflow/example_dags/example_sensor_decorator.py
[2025-03-22T10:31:00.103+0500] {processor.py:914} INFO - Processing file /home/ruslan/.local/lib/python3.10/site-packages/airflow/example_dags/example_sensor_decorator.py for tasks to queue
[2025-03-22T10:31:00.104+0500] {logging_mixin.py:190} INFO - [2025-03-22T10:31:00.104+0500] {dagbag.py:588} INFO - Filling up the DagBag from /home/ruslan/.local/lib/python3.10/site-packages/airflow/example_dags/example_sensor_decorator.py
[2025-03-22T10:31:00.110+0500] {processor.py:925} INFO - DAG(s) 'example_sensor_decorator' retrieved from /home/ruslan/.local/lib/python3.10/site-packages/airflow/example_dags/example_sensor_decorator.py
[2025-03-22T10:31:00.119+0500] {logging_mixin.py:190} INFO - [2025-03-22T10:31:00.118+0500] {dag.py:3239} INFO - Sync 1 DAGs
[2025-03-22T10:31:00.130+0500] {logging_mixin.py:190} INFO - [2025-03-22T10:31:00.130+0500] {dag.py:4180} INFO - Setting next_dagrun for example_sensor_decorator to None, run_after=None
[2025-03-22T10:31:00.148+0500] {processor.py:208} INFO - Processing /home/ruslan/.local/lib/python3.10/site-packages/airflow/example_dags/example_sensor_decorator.py took 0.050 seconds
[2025-03-22T10:31:51.351+0500] {processor.py:186} INFO - Started process (PID=33864) to work on /home/ruslan/.local/lib/python3.10/site-packages/airflow/example_dags/example_sensor_decorator.py
[2025-03-22T10:31:51.352+0500] {processor.py:914} INFO - Processing file /home/ruslan/.local/lib/python3.10/site-packages/airflow/example_dags/example_sensor_decorator.py for tasks to queue
[2025-03-22T10:31:51.353+0500] {logging_mixin.py:190} INFO - [2025-03-22T10:31:51.353+0500] {dagbag.py:588} INFO - Filling up the DagBag from /home/ruslan/.local/lib/python3.10/site-packages/airflow/example_dags/example_sensor_decorator.py
[2025-03-22T10:31:51.359+0500] {processor.py:925} INFO - DAG(s) 'example_sensor_decorator' retrieved from /home/ruslan/.local/lib/python3.10/site-packages/airflow/example_dags/example_sensor_decorator.py
[2025-03-22T10:31:51.368+0500] {logging_mixin.py:190} INFO - [2025-03-22T10:31:51.368+0500] {dag.py:3239} INFO - Sync 1 DAGs
[2025-03-22T10:31:51.378+0500] {logging_mixin.py:190} INFO - [2025-03-22T10:31:51.378+0500] {dag.py:4180} INFO - Setting next_dagrun for example_sensor_decorator to None, run_after=None
[2025-03-22T10:31:51.398+0500] {processor.py:208} INFO - Processing /home/ruslan/.local/lib/python3.10/site-packages/airflow/example_dags/example_sensor_decorator.py took 0.052 seconds
[2025-03-22T10:33:16.336+0500] {processor.py:186} INFO - Started process (PID=34938) to work on /home/ruslan/.local/lib/python3.10/site-packages/airflow/example_dags/example_sensor_decorator.py
[2025-03-22T10:33:16.337+0500] {processor.py:914} INFO - Processing file /home/ruslan/.local/lib/python3.10/site-packages/airflow/example_dags/example_sensor_decorator.py for tasks to queue
[2025-03-22T10:33:16.338+0500] {logging_mixin.py:190} INFO - [2025-03-22T10:33:16.338+0500] {dagbag.py:588} INFO - Filling up the DagBag from /home/ruslan/.local/lib/python3.10/site-packages/airflow/example_dags/example_sensor_decorator.py
[2025-03-22T10:33:16.343+0500] {processor.py:925} INFO - DAG(s) 'example_sensor_decorator' retrieved from /home/ruslan/.local/lib/python3.10/site-packages/airflow/example_dags/example_sensor_decorator.py
[2025-03-22T10:33:16.352+0500] {logging_mixin.py:190} INFO - [2025-03-22T10:33:16.352+0500] {dag.py:3239} INFO - Sync 1 DAGs
[2025-03-22T10:33:16.359+0500] {logging_mixin.py:190} INFO - [2025-03-22T10:33:16.359+0500] {dag.py:4180} INFO - Setting next_dagrun for example_sensor_decorator to None, run_after=None
[2025-03-22T10:33:16.374+0500] {processor.py:208} INFO - Processing /home/ruslan/.local/lib/python3.10/site-packages/airflow/example_dags/example_sensor_decorator.py took 0.042 seconds
[2025-03-22T10:34:11.784+0500] {processor.py:186} INFO - Started process (PID=35622) to work on /home/ruslan/.local/lib/python3.10/site-packages/airflow/example_dags/example_sensor_decorator.py
[2025-03-22T10:34:11.785+0500] {processor.py:914} INFO - Processing file /home/ruslan/.local/lib/python3.10/site-packages/airflow/example_dags/example_sensor_decorator.py for tasks to queue
[2025-03-22T10:34:11.786+0500] {logging_mixin.py:190} INFO - [2025-03-22T10:34:11.786+0500] {dagbag.py:588} INFO - Filling up the DagBag from /home/ruslan/.local/lib/python3.10/site-packages/airflow/example_dags/example_sensor_decorator.py
[2025-03-22T10:34:11.791+0500] {processor.py:925} INFO - DAG(s) 'example_sensor_decorator' retrieved from /home/ruslan/.local/lib/python3.10/site-packages/airflow/example_dags/example_sensor_decorator.py
[2025-03-22T10:34:11.799+0500] {logging_mixin.py:190} INFO - [2025-03-22T10:34:11.799+0500] {dag.py:3239} INFO - Sync 1 DAGs
[2025-03-22T10:34:11.806+0500] {logging_mixin.py:190} INFO - [2025-03-22T10:34:11.806+0500] {dag.py:4180} INFO - Setting next_dagrun for example_sensor_decorator to None, run_after=None
[2025-03-22T10:34:11.821+0500] {processor.py:208} INFO - Processing /home/ruslan/.local/lib/python3.10/site-packages/airflow/example_dags/example_sensor_decorator.py took 0.041 seconds
[2025-03-22T10:35:04.266+0500] {processor.py:186} INFO - Started process (PID=36216) to work on /home/ruslan/.local/lib/python3.10/site-packages/airflow/example_dags/example_sensor_decorator.py
[2025-03-22T10:35:04.267+0500] {processor.py:914} INFO - Processing file /home/ruslan/.local/lib/python3.10/site-packages/airflow/example_dags/example_sensor_decorator.py for tasks to queue
[2025-03-22T10:35:04.268+0500] {logging_mixin.py:190} INFO - [2025-03-22T10:35:04.268+0500] {dagbag.py:588} INFO - Filling up the DagBag from /home/ruslan/.local/lib/python3.10/site-packages/airflow/example_dags/example_sensor_decorator.py
[2025-03-22T10:35:04.273+0500] {processor.py:925} INFO - DAG(s) 'example_sensor_decorator' retrieved from /home/ruslan/.local/lib/python3.10/site-packages/airflow/example_dags/example_sensor_decorator.py
[2025-03-22T10:35:04.281+0500] {logging_mixin.py:190} INFO - [2025-03-22T10:35:04.281+0500] {dag.py:3239} INFO - Sync 1 DAGs
[2025-03-22T10:35:04.288+0500] {logging_mixin.py:190} INFO - [2025-03-22T10:35:04.288+0500] {dag.py:4180} INFO - Setting next_dagrun for example_sensor_decorator to None, run_after=None
[2025-03-22T10:35:04.303+0500] {processor.py:208} INFO - Processing /home/ruslan/.local/lib/python3.10/site-packages/airflow/example_dags/example_sensor_decorator.py took 0.040 seconds
[2025-03-22T10:35:54.480+0500] {processor.py:186} INFO - Started process (PID=36884) to work on /home/ruslan/.local/lib/python3.10/site-packages/airflow/example_dags/example_sensor_decorator.py
[2025-03-22T10:35:54.482+0500] {processor.py:914} INFO - Processing file /home/ruslan/.local/lib/python3.10/site-packages/airflow/example_dags/example_sensor_decorator.py for tasks to queue
[2025-03-22T10:35:54.483+0500] {logging_mixin.py:190} INFO - [2025-03-22T10:35:54.483+0500] {dagbag.py:588} INFO - Filling up the DagBag from /home/ruslan/.local/lib/python3.10/site-packages/airflow/example_dags/example_sensor_decorator.py
[2025-03-22T10:35:54.488+0500] {processor.py:925} INFO - DAG(s) 'example_sensor_decorator' retrieved from /home/ruslan/.local/lib/python3.10/site-packages/airflow/example_dags/example_sensor_decorator.py
[2025-03-22T10:35:54.496+0500] {logging_mixin.py:190} INFO - [2025-03-22T10:35:54.496+0500] {dag.py:3239} INFO - Sync 1 DAGs
[2025-03-22T10:35:54.503+0500] {logging_mixin.py:190} INFO - [2025-03-22T10:35:54.503+0500] {dag.py:4180} INFO - Setting next_dagrun for example_sensor_decorator to None, run_after=None
[2025-03-22T10:35:54.518+0500] {processor.py:208} INFO - Processing /home/ruslan/.local/lib/python3.10/site-packages/airflow/example_dags/example_sensor_decorator.py took 0.041 seconds
[2025-03-22T10:36:43.658+0500] {processor.py:186} INFO - Started process (PID=37272) to work on /home/ruslan/.local/lib/python3.10/site-packages/airflow/example_dags/example_sensor_decorator.py
[2025-03-22T10:36:43.659+0500] {processor.py:914} INFO - Processing file /home/ruslan/.local/lib/python3.10/site-packages/airflow/example_dags/example_sensor_decorator.py for tasks to queue
[2025-03-22T10:36:43.660+0500] {logging_mixin.py:190} INFO - [2025-03-22T10:36:43.660+0500] {dagbag.py:588} INFO - Filling up the DagBag from /home/ruslan/.local/lib/python3.10/site-packages/airflow/example_dags/example_sensor_decorator.py
[2025-03-22T10:36:43.665+0500] {processor.py:925} INFO - DAG(s) 'example_sensor_decorator' retrieved from /home/ruslan/.local/lib/python3.10/site-packages/airflow/example_dags/example_sensor_decorator.py
[2025-03-22T10:36:43.674+0500] {logging_mixin.py:190} INFO - [2025-03-22T10:36:43.674+0500] {dag.py:3239} INFO - Sync 1 DAGs
[2025-03-22T10:36:43.682+0500] {logging_mixin.py:190} INFO - [2025-03-22T10:36:43.682+0500] {dag.py:4180} INFO - Setting next_dagrun for example_sensor_decorator to None, run_after=None
[2025-03-22T10:36:43.696+0500] {processor.py:208} INFO - Processing /home/ruslan/.local/lib/python3.10/site-packages/airflow/example_dags/example_sensor_decorator.py took 0.042 seconds
[2025-03-22T10:37:34.221+0500] {processor.py:186} INFO - Started process (PID=37526) to work on /home/ruslan/.local/lib/python3.10/site-packages/airflow/example_dags/example_sensor_decorator.py
[2025-03-22T10:37:34.222+0500] {processor.py:914} INFO - Processing file /home/ruslan/.local/lib/python3.10/site-packages/airflow/example_dags/example_sensor_decorator.py for tasks to queue
[2025-03-22T10:37:34.223+0500] {logging_mixin.py:190} INFO - [2025-03-22T10:37:34.223+0500] {dagbag.py:588} INFO - Filling up the DagBag from /home/ruslan/.local/lib/python3.10/site-packages/airflow/example_dags/example_sensor_decorator.py
[2025-03-22T10:37:34.228+0500] {processor.py:925} INFO - DAG(s) 'example_sensor_decorator' retrieved from /home/ruslan/.local/lib/python3.10/site-packages/airflow/example_dags/example_sensor_decorator.py
[2025-03-22T10:37:34.238+0500] {logging_mixin.py:190} INFO - [2025-03-22T10:37:34.237+0500] {dag.py:3239} INFO - Sync 1 DAGs
[2025-03-22T10:37:34.245+0500] {logging_mixin.py:190} INFO - [2025-03-22T10:37:34.245+0500] {dag.py:4180} INFO - Setting next_dagrun for example_sensor_decorator to None, run_after=None
[2025-03-22T10:37:34.260+0500] {processor.py:208} INFO - Processing /home/ruslan/.local/lib/python3.10/site-packages/airflow/example_dags/example_sensor_decorator.py took 0.044 seconds
[2025-03-22T10:39:01.952+0500] {processor.py:186} INFO - Started process (PID=38711) to work on /home/ruslan/.local/lib/python3.10/site-packages/airflow/example_dags/example_sensor_decorator.py
[2025-03-22T10:39:01.954+0500] {processor.py:914} INFO - Processing file /home/ruslan/.local/lib/python3.10/site-packages/airflow/example_dags/example_sensor_decorator.py for tasks to queue
[2025-03-22T10:39:01.955+0500] {logging_mixin.py:190} INFO - [2025-03-22T10:39:01.955+0500] {dagbag.py:588} INFO - Filling up the DagBag from /home/ruslan/.local/lib/python3.10/site-packages/airflow/example_dags/example_sensor_decorator.py
[2025-03-22T10:39:01.960+0500] {processor.py:925} INFO - DAG(s) 'example_sensor_decorator' retrieved from /home/ruslan/.local/lib/python3.10/site-packages/airflow/example_dags/example_sensor_decorator.py
[2025-03-22T10:39:01.969+0500] {logging_mixin.py:190} INFO - [2025-03-22T10:39:01.969+0500] {dag.py:3239} INFO - Sync 1 DAGs
[2025-03-22T10:39:01.976+0500] {logging_mixin.py:190} INFO - [2025-03-22T10:39:01.976+0500] {dag.py:4180} INFO - Setting next_dagrun for example_sensor_decorator to None, run_after=None
[2025-03-22T10:39:01.991+0500] {processor.py:208} INFO - Processing /home/ruslan/.local/lib/python3.10/site-packages/airflow/example_dags/example_sensor_decorator.py took 0.042 seconds
[2025-03-22T10:39:56.008+0500] {processor.py:186} INFO - Started process (PID=39410) to work on /home/ruslan/.local/lib/python3.10/site-packages/airflow/example_dags/example_sensor_decorator.py
[2025-03-22T10:39:56.009+0500] {processor.py:914} INFO - Processing file /home/ruslan/.local/lib/python3.10/site-packages/airflow/example_dags/example_sensor_decorator.py for tasks to queue
[2025-03-22T10:39:56.011+0500] {logging_mixin.py:190} INFO - [2025-03-22T10:39:56.011+0500] {dagbag.py:588} INFO - Filling up the DagBag from /home/ruslan/.local/lib/python3.10/site-packages/airflow/example_dags/example_sensor_decorator.py
[2025-03-22T10:39:56.016+0500] {processor.py:925} INFO - DAG(s) 'example_sensor_decorator' retrieved from /home/ruslan/.local/lib/python3.10/site-packages/airflow/example_dags/example_sensor_decorator.py
[2025-03-22T10:39:56.024+0500] {logging_mixin.py:190} INFO - [2025-03-22T10:39:56.024+0500] {dag.py:3239} INFO - Sync 1 DAGs
[2025-03-22T10:39:56.030+0500] {logging_mixin.py:190} INFO - [2025-03-22T10:39:56.030+0500] {dag.py:4180} INFO - Setting next_dagrun for example_sensor_decorator to None, run_after=None
[2025-03-22T10:39:56.046+0500] {processor.py:208} INFO - Processing /home/ruslan/.local/lib/python3.10/site-packages/airflow/example_dags/example_sensor_decorator.py took 0.041 seconds
[2025-03-22T10:40:52.017+0500] {processor.py:186} INFO - Started process (PID=40015) to work on /home/ruslan/.local/lib/python3.10/site-packages/airflow/example_dags/example_sensor_decorator.py
[2025-03-22T10:40:52.019+0500] {processor.py:914} INFO - Processing file /home/ruslan/.local/lib/python3.10/site-packages/airflow/example_dags/example_sensor_decorator.py for tasks to queue
[2025-03-22T10:40:52.020+0500] {logging_mixin.py:190} INFO - [2025-03-22T10:40:52.020+0500] {dagbag.py:588} INFO - Filling up the DagBag from /home/ruslan/.local/lib/python3.10/site-packages/airflow/example_dags/example_sensor_decorator.py
[2025-03-22T10:40:52.025+0500] {processor.py:925} INFO - DAG(s) 'example_sensor_decorator' retrieved from /home/ruslan/.local/lib/python3.10/site-packages/airflow/example_dags/example_sensor_decorator.py
[2025-03-22T10:40:52.034+0500] {logging_mixin.py:190} INFO - [2025-03-22T10:40:52.034+0500] {dag.py:3239} INFO - Sync 1 DAGs
[2025-03-22T10:40:52.040+0500] {logging_mixin.py:190} INFO - [2025-03-22T10:40:52.040+0500] {dag.py:4180} INFO - Setting next_dagrun for example_sensor_decorator to None, run_after=None
[2025-03-22T10:40:52.056+0500] {processor.py:208} INFO - Processing /home/ruslan/.local/lib/python3.10/site-packages/airflow/example_dags/example_sensor_decorator.py took 0.042 seconds
[2025-03-22T10:41:53.484+0500] {processor.py:186} INFO - Started process (PID=40782) to work on /home/ruslan/.local/lib/python3.10/site-packages/airflow/example_dags/example_sensor_decorator.py
[2025-03-22T10:41:53.485+0500] {processor.py:914} INFO - Processing file /home/ruslan/.local/lib/python3.10/site-packages/airflow/example_dags/example_sensor_decorator.py for tasks to queue
[2025-03-22T10:41:53.486+0500] {logging_mixin.py:190} INFO - [2025-03-22T10:41:53.486+0500] {dagbag.py:588} INFO - Filling up the DagBag from /home/ruslan/.local/lib/python3.10/site-packages/airflow/example_dags/example_sensor_decorator.py
[2025-03-22T10:41:53.491+0500] {processor.py:925} INFO - DAG(s) 'example_sensor_decorator' retrieved from /home/ruslan/.local/lib/python3.10/site-packages/airflow/example_dags/example_sensor_decorator.py
[2025-03-22T10:41:53.500+0500] {logging_mixin.py:190} INFO - [2025-03-22T10:41:53.499+0500] {dag.py:3239} INFO - Sync 1 DAGs
[2025-03-22T10:41:53.506+0500] {logging_mixin.py:190} INFO - [2025-03-22T10:41:53.506+0500] {dag.py:4180} INFO - Setting next_dagrun for example_sensor_decorator to None, run_after=None
[2025-03-22T10:41:53.521+0500] {processor.py:208} INFO - Processing /home/ruslan/.local/lib/python3.10/site-packages/airflow/example_dags/example_sensor_decorator.py took 0.040 seconds
[2025-03-22T10:42:48.806+0500] {processor.py:186} INFO - Started process (PID=41487) to work on /home/ruslan/.local/lib/python3.10/site-packages/airflow/example_dags/example_sensor_decorator.py
[2025-03-22T10:42:48.807+0500] {processor.py:914} INFO - Processing file /home/ruslan/.local/lib/python3.10/site-packages/airflow/example_dags/example_sensor_decorator.py for tasks to queue
[2025-03-22T10:42:48.808+0500] {logging_mixin.py:190} INFO - [2025-03-22T10:42:48.808+0500] {dagbag.py:588} INFO - Filling up the DagBag from /home/ruslan/.local/lib/python3.10/site-packages/airflow/example_dags/example_sensor_decorator.py
[2025-03-22T10:42:48.813+0500] {processor.py:925} INFO - DAG(s) 'example_sensor_decorator' retrieved from /home/ruslan/.local/lib/python3.10/site-packages/airflow/example_dags/example_sensor_decorator.py
[2025-03-22T10:42:48.821+0500] {logging_mixin.py:190} INFO - [2025-03-22T10:42:48.821+0500] {dag.py:3239} INFO - Sync 1 DAGs
[2025-03-22T10:42:48.828+0500] {logging_mixin.py:190} INFO - [2025-03-22T10:42:48.828+0500] {dag.py:4180} INFO - Setting next_dagrun for example_sensor_decorator to None, run_after=None
[2025-03-22T10:42:48.842+0500] {processor.py:208} INFO - Processing /home/ruslan/.local/lib/python3.10/site-packages/airflow/example_dags/example_sensor_decorator.py took 0.040 seconds
[2025-03-22T10:43:44.072+0500] {processor.py:186} INFO - Started process (PID=42191) to work on /home/ruslan/.local/lib/python3.10/site-packages/airflow/example_dags/example_sensor_decorator.py
[2025-03-22T10:43:44.074+0500] {processor.py:914} INFO - Processing file /home/ruslan/.local/lib/python3.10/site-packages/airflow/example_dags/example_sensor_decorator.py for tasks to queue
[2025-03-22T10:43:44.075+0500] {logging_mixin.py:190} INFO - [2025-03-22T10:43:44.075+0500] {dagbag.py:588} INFO - Filling up the DagBag from /home/ruslan/.local/lib/python3.10/site-packages/airflow/example_dags/example_sensor_decorator.py
[2025-03-22T10:43:44.080+0500] {processor.py:925} INFO - DAG(s) 'example_sensor_decorator' retrieved from /home/ruslan/.local/lib/python3.10/site-packages/airflow/example_dags/example_sensor_decorator.py
[2025-03-22T10:43:44.089+0500] {logging_mixin.py:190} INFO - [2025-03-22T10:43:44.089+0500] {dag.py:3239} INFO - Sync 1 DAGs
[2025-03-22T10:43:44.096+0500] {logging_mixin.py:190} INFO - [2025-03-22T10:43:44.096+0500] {dag.py:4180} INFO - Setting next_dagrun for example_sensor_decorator to None, run_after=None
[2025-03-22T10:43:44.112+0500] {processor.py:208} INFO - Processing /home/ruslan/.local/lib/python3.10/site-packages/airflow/example_dags/example_sensor_decorator.py took 0.043 seconds
[2025-03-22T10:44:40.505+0500] {processor.py:186} INFO - Started process (PID=42912) to work on /home/ruslan/.local/lib/python3.10/site-packages/airflow/example_dags/example_sensor_decorator.py
[2025-03-22T10:44:40.506+0500] {processor.py:914} INFO - Processing file /home/ruslan/.local/lib/python3.10/site-packages/airflow/example_dags/example_sensor_decorator.py for tasks to queue
[2025-03-22T10:44:40.507+0500] {logging_mixin.py:190} INFO - [2025-03-22T10:44:40.507+0500] {dagbag.py:588} INFO - Filling up the DagBag from /home/ruslan/.local/lib/python3.10/site-packages/airflow/example_dags/example_sensor_decorator.py
[2025-03-22T10:44:40.512+0500] {processor.py:925} INFO - DAG(s) 'example_sensor_decorator' retrieved from /home/ruslan/.local/lib/python3.10/site-packages/airflow/example_dags/example_sensor_decorator.py
[2025-03-22T10:44:40.521+0500] {logging_mixin.py:190} INFO - [2025-03-22T10:44:40.521+0500] {dag.py:3239} INFO - Sync 1 DAGs
[2025-03-22T10:44:40.528+0500] {logging_mixin.py:190} INFO - [2025-03-22T10:44:40.528+0500] {dag.py:4180} INFO - Setting next_dagrun for example_sensor_decorator to None, run_after=None
[2025-03-22T10:44:40.543+0500] {processor.py:208} INFO - Processing /home/ruslan/.local/lib/python3.10/site-packages/airflow/example_dags/example_sensor_decorator.py took 0.042 seconds
[2025-03-22T10:45:33.686+0500] {processor.py:186} INFO - Started process (PID=43504) to work on /home/ruslan/.local/lib/python3.10/site-packages/airflow/example_dags/example_sensor_decorator.py
[2025-03-22T10:45:33.687+0500] {processor.py:914} INFO - Processing file /home/ruslan/.local/lib/python3.10/site-packages/airflow/example_dags/example_sensor_decorator.py for tasks to queue
[2025-03-22T10:45:33.689+0500] {logging_mixin.py:190} INFO - [2025-03-22T10:45:33.689+0500] {dagbag.py:588} INFO - Filling up the DagBag from /home/ruslan/.local/lib/python3.10/site-packages/airflow/example_dags/example_sensor_decorator.py
[2025-03-22T10:45:33.694+0500] {processor.py:925} INFO - DAG(s) 'example_sensor_decorator' retrieved from /home/ruslan/.local/lib/python3.10/site-packages/airflow/example_dags/example_sensor_decorator.py
[2025-03-22T10:45:33.703+0500] {logging_mixin.py:190} INFO - [2025-03-22T10:45:33.703+0500] {dag.py:3239} INFO - Sync 1 DAGs
[2025-03-22T10:45:33.711+0500] {logging_mixin.py:190} INFO - [2025-03-22T10:45:33.711+0500] {dag.py:4180} INFO - Setting next_dagrun for example_sensor_decorator to None, run_after=None
[2025-03-22T10:45:33.727+0500] {processor.py:208} INFO - Processing /home/ruslan/.local/lib/python3.10/site-packages/airflow/example_dags/example_sensor_decorator.py took 0.045 seconds
[2025-03-22T10:46:30.453+0500] {processor.py:186} INFO - Started process (PID=44232) to work on /home/ruslan/.local/lib/python3.10/site-packages/airflow/example_dags/example_sensor_decorator.py
[2025-03-22T10:46:30.454+0500] {processor.py:914} INFO - Processing file /home/ruslan/.local/lib/python3.10/site-packages/airflow/example_dags/example_sensor_decorator.py for tasks to queue
[2025-03-22T10:46:30.455+0500] {logging_mixin.py:190} INFO - [2025-03-22T10:46:30.455+0500] {dagbag.py:588} INFO - Filling up the DagBag from /home/ruslan/.local/lib/python3.10/site-packages/airflow/example_dags/example_sensor_decorator.py
[2025-03-22T10:46:30.460+0500] {processor.py:925} INFO - DAG(s) 'example_sensor_decorator' retrieved from /home/ruslan/.local/lib/python3.10/site-packages/airflow/example_dags/example_sensor_decorator.py
[2025-03-22T10:46:30.469+0500] {logging_mixin.py:190} INFO - [2025-03-22T10:46:30.469+0500] {dag.py:3239} INFO - Sync 1 DAGs
[2025-03-22T10:46:30.476+0500] {logging_mixin.py:190} INFO - [2025-03-22T10:46:30.476+0500] {dag.py:4180} INFO - Setting next_dagrun for example_sensor_decorator to None, run_after=None
[2025-03-22T10:46:30.490+0500] {processor.py:208} INFO - Processing /home/ruslan/.local/lib/python3.10/site-packages/airflow/example_dags/example_sensor_decorator.py took 0.041 seconds
[2025-03-22T10:47:28.016+0500] {processor.py:186} INFO - Started process (PID=44963) to work on /home/ruslan/.local/lib/python3.10/site-packages/airflow/example_dags/example_sensor_decorator.py
[2025-03-22T10:47:28.017+0500] {processor.py:914} INFO - Processing file /home/ruslan/.local/lib/python3.10/site-packages/airflow/example_dags/example_sensor_decorator.py for tasks to queue
[2025-03-22T10:47:28.018+0500] {logging_mixin.py:190} INFO - [2025-03-22T10:47:28.018+0500] {dagbag.py:588} INFO - Filling up the DagBag from /home/ruslan/.local/lib/python3.10/site-packages/airflow/example_dags/example_sensor_decorator.py
[2025-03-22T10:47:28.023+0500] {processor.py:925} INFO - DAG(s) 'example_sensor_decorator' retrieved from /home/ruslan/.local/lib/python3.10/site-packages/airflow/example_dags/example_sensor_decorator.py
[2025-03-22T10:47:28.032+0500] {logging_mixin.py:190} INFO - [2025-03-22T10:47:28.031+0500] {dag.py:3239} INFO - Sync 1 DAGs
[2025-03-22T10:47:28.038+0500] {logging_mixin.py:190} INFO - [2025-03-22T10:47:28.038+0500] {dag.py:4180} INFO - Setting next_dagrun for example_sensor_decorator to None, run_after=None
[2025-03-22T10:47:28.053+0500] {processor.py:208} INFO - Processing /home/ruslan/.local/lib/python3.10/site-packages/airflow/example_dags/example_sensor_decorator.py took 0.041 seconds
[2025-03-22T10:48:22.246+0500] {processor.py:186} INFO - Started process (PID=45694) to work on /home/ruslan/.local/lib/python3.10/site-packages/airflow/example_dags/example_sensor_decorator.py
[2025-03-22T10:48:22.247+0500] {processor.py:914} INFO - Processing file /home/ruslan/.local/lib/python3.10/site-packages/airflow/example_dags/example_sensor_decorator.py for tasks to queue
[2025-03-22T10:48:22.248+0500] {logging_mixin.py:190} INFO - [2025-03-22T10:48:22.248+0500] {dagbag.py:588} INFO - Filling up the DagBag from /home/ruslan/.local/lib/python3.10/site-packages/airflow/example_dags/example_sensor_decorator.py
[2025-03-22T10:48:22.253+0500] {processor.py:925} INFO - DAG(s) 'example_sensor_decorator' retrieved from /home/ruslan/.local/lib/python3.10/site-packages/airflow/example_dags/example_sensor_decorator.py
[2025-03-22T10:48:22.261+0500] {logging_mixin.py:190} INFO - [2025-03-22T10:48:22.261+0500] {dag.py:3239} INFO - Sync 1 DAGs
[2025-03-22T10:48:22.268+0500] {logging_mixin.py:190} INFO - [2025-03-22T10:48:22.268+0500] {dag.py:4180} INFO - Setting next_dagrun for example_sensor_decorator to None, run_after=None
[2025-03-22T10:48:22.283+0500] {processor.py:208} INFO - Processing /home/ruslan/.local/lib/python3.10/site-packages/airflow/example_dags/example_sensor_decorator.py took 0.041 seconds
[2025-03-22T12:47:04.398+0500] {processor.py:186} INFO - Started process (PID=1003) to work on /home/ruslan/.local/lib/python3.10/site-packages/airflow/example_dags/example_sensor_decorator.py
[2025-03-22T12:47:04.399+0500] {processor.py:914} INFO - Processing file /home/ruslan/.local/lib/python3.10/site-packages/airflow/example_dags/example_sensor_decorator.py for tasks to queue
[2025-03-22T12:47:04.400+0500] {logging_mixin.py:190} INFO - [2025-03-22T12:47:04.400+0500] {dagbag.py:588} INFO - Filling up the DagBag from /home/ruslan/.local/lib/python3.10/site-packages/airflow/example_dags/example_sensor_decorator.py
[2025-03-22T12:47:04.405+0500] {processor.py:925} INFO - DAG(s) 'example_sensor_decorator' retrieved from /home/ruslan/.local/lib/python3.10/site-packages/airflow/example_dags/example_sensor_decorator.py
[2025-03-22T12:47:04.413+0500] {logging_mixin.py:190} INFO - [2025-03-22T12:47:04.413+0500] {dag.py:3239} INFO - Sync 1 DAGs
[2025-03-22T12:47:04.420+0500] {logging_mixin.py:190} INFO - [2025-03-22T12:47:04.420+0500] {dag.py:4180} INFO - Setting next_dagrun for example_sensor_decorator to None, run_after=None
[2025-03-22T12:47:04.435+0500] {processor.py:208} INFO - Processing /home/ruslan/.local/lib/python3.10/site-packages/airflow/example_dags/example_sensor_decorator.py took 0.040 seconds
[2025-03-22T12:48:02.041+0500] {processor.py:186} INFO - Started process (PID=6254) to work on /home/ruslan/.local/lib/python3.10/site-packages/airflow/example_dags/example_sensor_decorator.py
[2025-03-22T12:48:02.042+0500] {processor.py:914} INFO - Processing file /home/ruslan/.local/lib/python3.10/site-packages/airflow/example_dags/example_sensor_decorator.py for tasks to queue
[2025-03-22T12:48:02.044+0500] {logging_mixin.py:190} INFO - [2025-03-22T12:48:02.043+0500] {dagbag.py:588} INFO - Filling up the DagBag from /home/ruslan/.local/lib/python3.10/site-packages/airflow/example_dags/example_sensor_decorator.py
[2025-03-22T12:48:02.048+0500] {processor.py:925} INFO - DAG(s) 'example_sensor_decorator' retrieved from /home/ruslan/.local/lib/python3.10/site-packages/airflow/example_dags/example_sensor_decorator.py
[2025-03-22T12:48:02.057+0500] {logging_mixin.py:190} INFO - [2025-03-22T12:48:02.057+0500] {dag.py:3239} INFO - Sync 1 DAGs
[2025-03-22T12:48:02.064+0500] {logging_mixin.py:190} INFO - [2025-03-22T12:48:02.063+0500] {dag.py:4180} INFO - Setting next_dagrun for example_sensor_decorator to None, run_after=None
[2025-03-22T12:48:02.079+0500] {processor.py:208} INFO - Processing /home/ruslan/.local/lib/python3.10/site-packages/airflow/example_dags/example_sensor_decorator.py took 0.041 seconds
[2025-03-22T12:48:56.746+0500] {processor.py:186} INFO - Started process (PID=6908) to work on /home/ruslan/.local/lib/python3.10/site-packages/airflow/example_dags/example_sensor_decorator.py
[2025-03-22T12:48:56.748+0500] {processor.py:914} INFO - Processing file /home/ruslan/.local/lib/python3.10/site-packages/airflow/example_dags/example_sensor_decorator.py for tasks to queue
[2025-03-22T12:48:56.749+0500] {logging_mixin.py:190} INFO - [2025-03-22T12:48:56.749+0500] {dagbag.py:588} INFO - Filling up the DagBag from /home/ruslan/.local/lib/python3.10/site-packages/airflow/example_dags/example_sensor_decorator.py
[2025-03-22T12:48:56.754+0500] {processor.py:925} INFO - DAG(s) 'example_sensor_decorator' retrieved from /home/ruslan/.local/lib/python3.10/site-packages/airflow/example_dags/example_sensor_decorator.py
[2025-03-22T12:48:56.761+0500] {logging_mixin.py:190} INFO - [2025-03-22T12:48:56.761+0500] {dag.py:3239} INFO - Sync 1 DAGs
[2025-03-22T12:48:56.768+0500] {logging_mixin.py:190} INFO - [2025-03-22T12:48:56.768+0500] {dag.py:4180} INFO - Setting next_dagrun for example_sensor_decorator to None, run_after=None
[2025-03-22T12:48:56.782+0500] {processor.py:208} INFO - Processing /home/ruslan/.local/lib/python3.10/site-packages/airflow/example_dags/example_sensor_decorator.py took 0.039 seconds
[2025-03-22T12:49:51.226+0500] {processor.py:186} INFO - Started process (PID=7626) to work on /home/ruslan/.local/lib/python3.10/site-packages/airflow/example_dags/example_sensor_decorator.py
[2025-03-22T12:49:51.227+0500] {processor.py:914} INFO - Processing file /home/ruslan/.local/lib/python3.10/site-packages/airflow/example_dags/example_sensor_decorator.py for tasks to queue
[2025-03-22T12:49:51.229+0500] {logging_mixin.py:190} INFO - [2025-03-22T12:49:51.228+0500] {dagbag.py:588} INFO - Filling up the DagBag from /home/ruslan/.local/lib/python3.10/site-packages/airflow/example_dags/example_sensor_decorator.py
[2025-03-22T12:49:51.233+0500] {processor.py:925} INFO - DAG(s) 'example_sensor_decorator' retrieved from /home/ruslan/.local/lib/python3.10/site-packages/airflow/example_dags/example_sensor_decorator.py
[2025-03-22T12:49:51.241+0500] {logging_mixin.py:190} INFO - [2025-03-22T12:49:51.241+0500] {dag.py:3239} INFO - Sync 1 DAGs
[2025-03-22T12:49:51.248+0500] {logging_mixin.py:190} INFO - [2025-03-22T12:49:51.248+0500] {dag.py:4180} INFO - Setting next_dagrun for example_sensor_decorator to None, run_after=None
[2025-03-22T12:49:51.262+0500] {processor.py:208} INFO - Processing /home/ruslan/.local/lib/python3.10/site-packages/airflow/example_dags/example_sensor_decorator.py took 0.040 seconds
[2025-03-22T12:51:12.414+0500] {processor.py:186} INFO - Started process (PID=8713) to work on /home/ruslan/.local/lib/python3.10/site-packages/airflow/example_dags/example_sensor_decorator.py
[2025-03-22T12:51:12.415+0500] {processor.py:914} INFO - Processing file /home/ruslan/.local/lib/python3.10/site-packages/airflow/example_dags/example_sensor_decorator.py for tasks to queue
[2025-03-22T12:51:12.417+0500] {logging_mixin.py:190} INFO - [2025-03-22T12:51:12.417+0500] {dagbag.py:588} INFO - Filling up the DagBag from /home/ruslan/.local/lib/python3.10/site-packages/airflow/example_dags/example_sensor_decorator.py
[2025-03-22T12:51:12.421+0500] {processor.py:925} INFO - DAG(s) 'example_sensor_decorator' retrieved from /home/ruslan/.local/lib/python3.10/site-packages/airflow/example_dags/example_sensor_decorator.py
[2025-03-22T12:51:12.429+0500] {logging_mixin.py:190} INFO - [2025-03-22T12:51:12.429+0500] {dag.py:3239} INFO - Sync 1 DAGs
[2025-03-22T12:51:12.436+0500] {logging_mixin.py:190} INFO - [2025-03-22T12:51:12.436+0500] {dag.py:4180} INFO - Setting next_dagrun for example_sensor_decorator to None, run_after=None
[2025-03-22T12:51:12.450+0500] {processor.py:208} INFO - Processing /home/ruslan/.local/lib/python3.10/site-packages/airflow/example_dags/example_sensor_decorator.py took 0.039 seconds
