[2025-03-22T10:06:39.378+0500] {processor.py:186} INFO - Started process (PID=17491) to work on /home/ruslan/.local/lib/python3.10/site-packages/airflow/example_dags/example_inlet_event_extra.py
[2025-03-22T10:06:39.379+0500] {processor.py:914} INFO - Processing file /home/ruslan/.local/lib/python3.10/site-packages/airflow/example_dags/example_inlet_event_extra.py for tasks to queue
[2025-03-22T10:06:39.380+0500] {logging_mixin.py:190} INFO - [2025-03-22T10:06:39.380+0500] {dagbag.py:588} INFO - Filling up the DagBag from /home/ruslan/.local/lib/python3.10/site-packages/airflow/example_dags/example_inlet_event_extra.py
[2025-03-22T10:06:39.387+0500] {processor.py:925} INFO - DAG(s) 'read_dataset_event', 'read_dataset_event_from_classic' retrieved from /home/ruslan/.local/lib/python3.10/site-packages/airflow/example_dags/example_inlet_event_extra.py
[2025-03-22T10:06:39.451+0500] {logging_mixin.py:190} INFO - [2025-03-22T10:06:39.450+0500] {override.py:1930} INFO - Created Permission View: can delete on DAG:read_dataset_event
[2025-03-22T10:06:39.460+0500] {logging_mixin.py:190} INFO - [2025-03-22T10:06:39.459+0500] {override.py:1930} INFO - Created Permission View: can read on DAG:read_dataset_event
[2025-03-22T10:06:39.466+0500] {logging_mixin.py:190} INFO - [2025-03-22T10:06:39.466+0500] {override.py:1930} INFO - Created Permission View: can edit on DAG:read_dataset_event
[2025-03-22T10:06:39.478+0500] {logging_mixin.py:190} INFO - [2025-03-22T10:06:39.478+0500] {override.py:1930} INFO - Created Permission View: can create on DAG Run:read_dataset_event
[2025-03-22T10:06:39.485+0500] {logging_mixin.py:190} INFO - [2025-03-22T10:06:39.485+0500] {override.py:1930} INFO - Created Permission View: menu access on DAG Run:read_dataset_event
[2025-03-22T10:06:39.492+0500] {logging_mixin.py:190} INFO - [2025-03-22T10:06:39.492+0500] {override.py:1930} INFO - Created Permission View: can read on DAG Run:read_dataset_event
[2025-03-22T10:06:39.498+0500] {logging_mixin.py:190} INFO - [2025-03-22T10:06:39.498+0500] {override.py:1930} INFO - Created Permission View: can delete on DAG Run:read_dataset_event
[2025-03-22T10:06:39.513+0500] {logging_mixin.py:190} INFO - [2025-03-22T10:06:39.512+0500] {override.py:1930} INFO - Created Permission View: can delete on DAG:read_dataset_event_from_classic
[2025-03-22T10:06:39.520+0500] {logging_mixin.py:190} INFO - [2025-03-22T10:06:39.519+0500] {override.py:1930} INFO - Created Permission View: can read on DAG:read_dataset_event_from_classic
[2025-03-22T10:06:39.526+0500] {logging_mixin.py:190} INFO - [2025-03-22T10:06:39.526+0500] {override.py:1930} INFO - Created Permission View: can edit on DAG:read_dataset_event_from_classic
[2025-03-22T10:06:39.538+0500] {logging_mixin.py:190} INFO - [2025-03-22T10:06:39.537+0500] {override.py:1930} INFO - Created Permission View: can create on DAG Run:read_dataset_event_from_classic
[2025-03-22T10:06:39.544+0500] {logging_mixin.py:190} INFO - [2025-03-22T10:06:39.544+0500] {override.py:1930} INFO - Created Permission View: menu access on DAG Run:read_dataset_event_from_classic
[2025-03-22T10:06:39.551+0500] {logging_mixin.py:190} INFO - [2025-03-22T10:06:39.551+0500] {override.py:1930} INFO - Created Permission View: can read on DAG Run:read_dataset_event_from_classic
[2025-03-22T10:06:39.558+0500] {logging_mixin.py:190} INFO - [2025-03-22T10:06:39.558+0500] {override.py:1930} INFO - Created Permission View: can delete on DAG Run:read_dataset_event_from_classic
[2025-03-22T10:06:39.559+0500] {logging_mixin.py:190} INFO - [2025-03-22T10:06:39.558+0500] {dag.py:3239} INFO - Sync 2 DAGs
[2025-03-22T10:06:39.565+0500] {logging_mixin.py:190} INFO - [2025-03-22T10:06:39.565+0500] {dag.py:3262} INFO - Creating ORM DAG for read_dataset_event_from_classic
[2025-03-22T10:06:39.565+0500] {logging_mixin.py:190} INFO - [2025-03-22T10:06:39.565+0500] {dag.py:3262} INFO - Creating ORM DAG for read_dataset_event
[2025-03-22T10:06:39.571+0500] {logging_mixin.py:190} INFO - [2025-03-22T10:06:39.570+0500] {dag.py:4180} INFO - Setting next_dagrun for read_dataset_event to 2025-03-21 00:00:00+00:00, run_after=2025-03-22 00:00:00+00:00
[2025-03-22T10:06:39.572+0500] {logging_mixin.py:190} INFO - [2025-03-22T10:06:39.571+0500] {dag.py:4180} INFO - Setting next_dagrun for read_dataset_event_from_classic to 2025-03-21 00:00:00+00:00, run_after=2025-03-22 00:00:00+00:00
[2025-03-22T10:06:39.585+0500] {processor.py:208} INFO - Processing /home/ruslan/.local/lib/python3.10/site-packages/airflow/example_dags/example_inlet_event_extra.py took 0.210 seconds
[2025-03-22T10:07:43.621+0500] {processor.py:186} INFO - Started process (PID=18126) to work on /home/ruslan/.local/lib/python3.10/site-packages/airflow/example_dags/example_inlet_event_extra.py
[2025-03-22T10:07:43.622+0500] {processor.py:914} INFO - Processing file /home/ruslan/.local/lib/python3.10/site-packages/airflow/example_dags/example_inlet_event_extra.py for tasks to queue
[2025-03-22T10:07:43.623+0500] {logging_mixin.py:190} INFO - [2025-03-22T10:07:43.623+0500] {dagbag.py:588} INFO - Filling up the DagBag from /home/ruslan/.local/lib/python3.10/site-packages/airflow/example_dags/example_inlet_event_extra.py
[2025-03-22T10:07:43.631+0500] {processor.py:925} INFO - DAG(s) 'read_dataset_event_from_classic', 'read_dataset_event' retrieved from /home/ruslan/.local/lib/python3.10/site-packages/airflow/example_dags/example_inlet_event_extra.py
[2025-03-22T10:07:43.640+0500] {logging_mixin.py:190} INFO - [2025-03-22T10:07:43.640+0500] {dag.py:3239} INFO - Sync 2 DAGs
[2025-03-22T10:07:43.651+0500] {logging_mixin.py:190} INFO - [2025-03-22T10:07:43.651+0500] {dag.py:4180} INFO - Setting next_dagrun for read_dataset_event to 2025-03-21 00:00:00+00:00, run_after=2025-03-22 00:00:00+00:00
[2025-03-22T10:07:43.653+0500] {logging_mixin.py:190} INFO - [2025-03-22T10:07:43.653+0500] {dag.py:4180} INFO - Setting next_dagrun for read_dataset_event_from_classic to 2025-03-21 00:00:00+00:00, run_after=2025-03-22 00:00:00+00:00
[2025-03-22T10:07:43.667+0500] {processor.py:208} INFO - Processing /home/ruslan/.local/lib/python3.10/site-packages/airflow/example_dags/example_inlet_event_extra.py took 0.050 seconds
[2025-03-22T10:08:38.074+0500] {processor.py:186} INFO - Started process (PID=18760) to work on /home/ruslan/.local/lib/python3.10/site-packages/airflow/example_dags/example_inlet_event_extra.py
[2025-03-22T10:08:38.075+0500] {processor.py:914} INFO - Processing file /home/ruslan/.local/lib/python3.10/site-packages/airflow/example_dags/example_inlet_event_extra.py for tasks to queue
[2025-03-22T10:08:38.077+0500] {logging_mixin.py:190} INFO - [2025-03-22T10:08:38.076+0500] {dagbag.py:588} INFO - Filling up the DagBag from /home/ruslan/.local/lib/python3.10/site-packages/airflow/example_dags/example_inlet_event_extra.py
[2025-03-22T10:08:38.085+0500] {processor.py:925} INFO - DAG(s) 'read_dataset_event_from_classic', 'read_dataset_event' retrieved from /home/ruslan/.local/lib/python3.10/site-packages/airflow/example_dags/example_inlet_event_extra.py
[2025-03-22T10:08:38.097+0500] {logging_mixin.py:190} INFO - [2025-03-22T10:08:38.097+0500] {dag.py:3239} INFO - Sync 2 DAGs
[2025-03-22T10:08:38.111+0500] {logging_mixin.py:190} INFO - [2025-03-22T10:08:38.111+0500] {dag.py:4180} INFO - Setting next_dagrun for read_dataset_event to 2025-03-21 00:00:00+00:00, run_after=2025-03-22 00:00:00+00:00
[2025-03-22T10:08:38.114+0500] {logging_mixin.py:190} INFO - [2025-03-22T10:08:38.114+0500] {dag.py:4180} INFO - Setting next_dagrun for read_dataset_event_from_classic to 2025-03-21 00:00:00+00:00, run_after=2025-03-22 00:00:00+00:00
[2025-03-22T10:08:38.129+0500] {processor.py:208} INFO - Processing /home/ruslan/.local/lib/python3.10/site-packages/airflow/example_dags/example_inlet_event_extra.py took 0.059 seconds
[2025-03-22T10:09:31.595+0500] {processor.py:186} INFO - Started process (PID=19277) to work on /home/ruslan/.local/lib/python3.10/site-packages/airflow/example_dags/example_inlet_event_extra.py
[2025-03-22T10:09:31.596+0500] {processor.py:914} INFO - Processing file /home/ruslan/.local/lib/python3.10/site-packages/airflow/example_dags/example_inlet_event_extra.py for tasks to queue
[2025-03-22T10:09:31.597+0500] {logging_mixin.py:190} INFO - [2025-03-22T10:09:31.597+0500] {dagbag.py:588} INFO - Filling up the DagBag from /home/ruslan/.local/lib/python3.10/site-packages/airflow/example_dags/example_inlet_event_extra.py
[2025-03-22T10:09:31.605+0500] {processor.py:925} INFO - DAG(s) 'read_dataset_event', 'read_dataset_event_from_classic' retrieved from /home/ruslan/.local/lib/python3.10/site-packages/airflow/example_dags/example_inlet_event_extra.py
[2025-03-22T10:09:31.615+0500] {logging_mixin.py:190} INFO - [2025-03-22T10:09:31.614+0500] {dag.py:3239} INFO - Sync 2 DAGs
[2025-03-22T10:09:31.631+0500] {logging_mixin.py:190} INFO - [2025-03-22T10:09:31.631+0500] {dag.py:4180} INFO - Setting next_dagrun for read_dataset_event to 2025-03-21 00:00:00+00:00, run_after=2025-03-22 00:00:00+00:00
[2025-03-22T10:09:31.636+0500] {logging_mixin.py:190} INFO - [2025-03-22T10:09:31.635+0500] {dag.py:4180} INFO - Setting next_dagrun for read_dataset_event_from_classic to 2025-03-21 00:00:00+00:00, run_after=2025-03-22 00:00:00+00:00
[2025-03-22T10:09:31.651+0500] {processor.py:208} INFO - Processing /home/ruslan/.local/lib/python3.10/site-packages/airflow/example_dags/example_inlet_event_extra.py took 0.060 seconds
[2025-03-22T10:10:27.242+0500] {processor.py:186} INFO - Started process (PID=19867) to work on /home/ruslan/.local/lib/python3.10/site-packages/airflow/example_dags/example_inlet_event_extra.py
[2025-03-22T10:10:27.243+0500] {processor.py:914} INFO - Processing file /home/ruslan/.local/lib/python3.10/site-packages/airflow/example_dags/example_inlet_event_extra.py for tasks to queue
[2025-03-22T10:10:27.246+0500] {logging_mixin.py:190} INFO - [2025-03-22T10:10:27.246+0500] {dagbag.py:588} INFO - Filling up the DagBag from /home/ruslan/.local/lib/python3.10/site-packages/airflow/example_dags/example_inlet_event_extra.py
[2025-03-22T10:10:27.259+0500] {processor.py:925} INFO - DAG(s) 'read_dataset_event', 'read_dataset_event_from_classic' retrieved from /home/ruslan/.local/lib/python3.10/site-packages/airflow/example_dags/example_inlet_event_extra.py
[2025-03-22T10:10:27.273+0500] {logging_mixin.py:190} INFO - [2025-03-22T10:10:27.272+0500] {dag.py:3239} INFO - Sync 2 DAGs
[2025-03-22T10:10:27.291+0500] {logging_mixin.py:190} INFO - [2025-03-22T10:10:27.291+0500] {dag.py:4180} INFO - Setting next_dagrun for read_dataset_event to 2025-03-21 00:00:00+00:00, run_after=2025-03-22 00:00:00+00:00
[2025-03-22T10:10:27.296+0500] {logging_mixin.py:190} INFO - [2025-03-22T10:10:27.296+0500] {dag.py:4180} INFO - Setting next_dagrun for read_dataset_event_from_classic to 2025-03-21 00:00:00+00:00, run_after=2025-03-22 00:00:00+00:00
[2025-03-22T10:10:27.317+0500] {processor.py:208} INFO - Processing /home/ruslan/.local/lib/python3.10/site-packages/airflow/example_dags/example_inlet_event_extra.py took 0.079 seconds
[2025-03-22T10:11:20.588+0500] {processor.py:186} INFO - Started process (PID=20455) to work on /home/ruslan/.local/lib/python3.10/site-packages/airflow/example_dags/example_inlet_event_extra.py
[2025-03-22T10:11:20.589+0500] {processor.py:914} INFO - Processing file /home/ruslan/.local/lib/python3.10/site-packages/airflow/example_dags/example_inlet_event_extra.py for tasks to queue
[2025-03-22T10:11:20.591+0500] {logging_mixin.py:190} INFO - [2025-03-22T10:11:20.591+0500] {dagbag.py:588} INFO - Filling up the DagBag from /home/ruslan/.local/lib/python3.10/site-packages/airflow/example_dags/example_inlet_event_extra.py
[2025-03-22T10:11:20.599+0500] {processor.py:925} INFO - DAG(s) 'read_dataset_event_from_classic', 'read_dataset_event' retrieved from /home/ruslan/.local/lib/python3.10/site-packages/airflow/example_dags/example_inlet_event_extra.py
[2025-03-22T10:11:20.609+0500] {logging_mixin.py:190} INFO - [2025-03-22T10:11:20.609+0500] {dag.py:3239} INFO - Sync 2 DAGs
[2025-03-22T10:11:20.621+0500] {logging_mixin.py:190} INFO - [2025-03-22T10:11:20.621+0500] {dag.py:4180} INFO - Setting next_dagrun for read_dataset_event to 2025-03-21 00:00:00+00:00, run_after=2025-03-22 00:00:00+00:00
[2025-03-22T10:11:20.624+0500] {logging_mixin.py:190} INFO - [2025-03-22T10:11:20.623+0500] {dag.py:4180} INFO - Setting next_dagrun for read_dataset_event_from_classic to 2025-03-21 00:00:00+00:00, run_after=2025-03-22 00:00:00+00:00
[2025-03-22T10:11:20.636+0500] {processor.py:208} INFO - Processing /home/ruslan/.local/lib/python3.10/site-packages/airflow/example_dags/example_inlet_event_extra.py took 0.052 seconds
[2025-03-22T10:12:11.231+0500] {processor.py:186} INFO - Started process (PID=20947) to work on /home/ruslan/.local/lib/python3.10/site-packages/airflow/example_dags/example_inlet_event_extra.py
[2025-03-22T10:12:11.232+0500] {processor.py:914} INFO - Processing file /home/ruslan/.local/lib/python3.10/site-packages/airflow/example_dags/example_inlet_event_extra.py for tasks to queue
[2025-03-22T10:12:11.233+0500] {logging_mixin.py:190} INFO - [2025-03-22T10:12:11.233+0500] {dagbag.py:588} INFO - Filling up the DagBag from /home/ruslan/.local/lib/python3.10/site-packages/airflow/example_dags/example_inlet_event_extra.py
[2025-03-22T10:12:11.242+0500] {processor.py:925} INFO - DAG(s) 'read_dataset_event', 'read_dataset_event_from_classic' retrieved from /home/ruslan/.local/lib/python3.10/site-packages/airflow/example_dags/example_inlet_event_extra.py
[2025-03-22T10:12:11.253+0500] {logging_mixin.py:190} INFO - [2025-03-22T10:12:11.253+0500] {dag.py:3239} INFO - Sync 2 DAGs
[2025-03-22T10:12:11.267+0500] {logging_mixin.py:190} INFO - [2025-03-22T10:12:11.267+0500] {dag.py:4180} INFO - Setting next_dagrun for read_dataset_event to 2025-03-21 00:00:00+00:00, run_after=2025-03-22 00:00:00+00:00
[2025-03-22T10:12:11.270+0500] {logging_mixin.py:190} INFO - [2025-03-22T10:12:11.270+0500] {dag.py:4180} INFO - Setting next_dagrun for read_dataset_event_from_classic to 2025-03-21 00:00:00+00:00, run_after=2025-03-22 00:00:00+00:00
[2025-03-22T10:12:11.287+0500] {processor.py:208} INFO - Processing /home/ruslan/.local/lib/python3.10/site-packages/airflow/example_dags/example_inlet_event_extra.py took 0.060 seconds
[2025-03-22T10:13:02.431+0500] {processor.py:186} INFO - Started process (PID=21469) to work on /home/ruslan/.local/lib/python3.10/site-packages/airflow/example_dags/example_inlet_event_extra.py
[2025-03-22T10:13:02.432+0500] {processor.py:914} INFO - Processing file /home/ruslan/.local/lib/python3.10/site-packages/airflow/example_dags/example_inlet_event_extra.py for tasks to queue
[2025-03-22T10:13:02.433+0500] {logging_mixin.py:190} INFO - [2025-03-22T10:13:02.433+0500] {dagbag.py:588} INFO - Filling up the DagBag from /home/ruslan/.local/lib/python3.10/site-packages/airflow/example_dags/example_inlet_event_extra.py
[2025-03-22T10:13:02.441+0500] {processor.py:925} INFO - DAG(s) 'read_dataset_event_from_classic', 'read_dataset_event' retrieved from /home/ruslan/.local/lib/python3.10/site-packages/airflow/example_dags/example_inlet_event_extra.py
[2025-03-22T10:13:02.450+0500] {logging_mixin.py:190} INFO - [2025-03-22T10:13:02.450+0500] {dag.py:3239} INFO - Sync 2 DAGs
[2025-03-22T10:13:02.461+0500] {logging_mixin.py:190} INFO - [2025-03-22T10:13:02.461+0500] {dag.py:4180} INFO - Setting next_dagrun for read_dataset_event to 2025-03-21 00:00:00+00:00, run_after=2025-03-22 00:00:00+00:00
[2025-03-22T10:13:02.464+0500] {logging_mixin.py:190} INFO - [2025-03-22T10:13:02.464+0500] {dag.py:4180} INFO - Setting next_dagrun for read_dataset_event_from_classic to 2025-03-21 00:00:00+00:00, run_after=2025-03-22 00:00:00+00:00
[2025-03-22T10:13:02.478+0500] {processor.py:208} INFO - Processing /home/ruslan/.local/lib/python3.10/site-packages/airflow/example_dags/example_inlet_event_extra.py took 0.051 seconds
[2025-03-22T10:13:55.518+0500] {processor.py:186} INFO - Started process (PID=22045) to work on /home/ruslan/.local/lib/python3.10/site-packages/airflow/example_dags/example_inlet_event_extra.py
[2025-03-22T10:13:55.519+0500] {processor.py:914} INFO - Processing file /home/ruslan/.local/lib/python3.10/site-packages/airflow/example_dags/example_inlet_event_extra.py for tasks to queue
[2025-03-22T10:13:55.521+0500] {logging_mixin.py:190} INFO - [2025-03-22T10:13:55.520+0500] {dagbag.py:588} INFO - Filling up the DagBag from /home/ruslan/.local/lib/python3.10/site-packages/airflow/example_dags/example_inlet_event_extra.py
[2025-03-22T10:13:55.529+0500] {processor.py:925} INFO - DAG(s) 'read_dataset_event', 'read_dataset_event_from_classic' retrieved from /home/ruslan/.local/lib/python3.10/site-packages/airflow/example_dags/example_inlet_event_extra.py
[2025-03-22T10:13:55.539+0500] {logging_mixin.py:190} INFO - [2025-03-22T10:13:55.538+0500] {dag.py:3239} INFO - Sync 2 DAGs
[2025-03-22T10:13:55.551+0500] {logging_mixin.py:190} INFO - [2025-03-22T10:13:55.551+0500] {dag.py:4180} INFO - Setting next_dagrun for read_dataset_event to 2025-03-21 00:00:00+00:00, run_after=2025-03-22 00:00:00+00:00
[2025-03-22T10:13:55.554+0500] {logging_mixin.py:190} INFO - [2025-03-22T10:13:55.554+0500] {dag.py:4180} INFO - Setting next_dagrun for read_dataset_event_from_classic to 2025-03-21 00:00:00+00:00, run_after=2025-03-22 00:00:00+00:00
[2025-03-22T10:13:55.570+0500] {processor.py:208} INFO - Processing /home/ruslan/.local/lib/python3.10/site-packages/airflow/example_dags/example_inlet_event_extra.py took 0.056 seconds
[2025-03-22T10:14:48.452+0500] {processor.py:186} INFO - Started process (PID=22638) to work on /home/ruslan/.local/lib/python3.10/site-packages/airflow/example_dags/example_inlet_event_extra.py
[2025-03-22T10:14:48.453+0500] {processor.py:914} INFO - Processing file /home/ruslan/.local/lib/python3.10/site-packages/airflow/example_dags/example_inlet_event_extra.py for tasks to queue
[2025-03-22T10:14:48.455+0500] {logging_mixin.py:190} INFO - [2025-03-22T10:14:48.454+0500] {dagbag.py:588} INFO - Filling up the DagBag from /home/ruslan/.local/lib/python3.10/site-packages/airflow/example_dags/example_inlet_event_extra.py
[2025-03-22T10:14:48.465+0500] {processor.py:925} INFO - DAG(s) 'read_dataset_event', 'read_dataset_event_from_classic' retrieved from /home/ruslan/.local/lib/python3.10/site-packages/airflow/example_dags/example_inlet_event_extra.py
[2025-03-22T10:14:48.476+0500] {logging_mixin.py:190} INFO - [2025-03-22T10:14:48.476+0500] {dag.py:3239} INFO - Sync 2 DAGs
[2025-03-22T10:14:48.489+0500] {logging_mixin.py:190} INFO - [2025-03-22T10:14:48.489+0500] {dag.py:4180} INFO - Setting next_dagrun for read_dataset_event to 2025-03-21 00:00:00+00:00, run_after=2025-03-22 00:00:00+00:00
[2025-03-22T10:14:48.492+0500] {logging_mixin.py:190} INFO - [2025-03-22T10:14:48.492+0500] {dag.py:4180} INFO - Setting next_dagrun for read_dataset_event_from_classic to 2025-03-21 00:00:00+00:00, run_after=2025-03-22 00:00:00+00:00
[2025-03-22T10:14:48.506+0500] {processor.py:208} INFO - Processing /home/ruslan/.local/lib/python3.10/site-packages/airflow/example_dags/example_inlet_event_extra.py took 0.058 seconds
[2025-03-22T10:15:41.432+0500] {processor.py:186} INFO - Started process (PID=23141) to work on /home/ruslan/.local/lib/python3.10/site-packages/airflow/example_dags/example_inlet_event_extra.py
[2025-03-22T10:15:41.433+0500] {processor.py:914} INFO - Processing file /home/ruslan/.local/lib/python3.10/site-packages/airflow/example_dags/example_inlet_event_extra.py for tasks to queue
[2025-03-22T10:15:41.435+0500] {logging_mixin.py:190} INFO - [2025-03-22T10:15:41.434+0500] {dagbag.py:588} INFO - Filling up the DagBag from /home/ruslan/.local/lib/python3.10/site-packages/airflow/example_dags/example_inlet_event_extra.py
[2025-03-22T10:15:41.442+0500] {processor.py:925} INFO - DAG(s) 'read_dataset_event', 'read_dataset_event_from_classic' retrieved from /home/ruslan/.local/lib/python3.10/site-packages/airflow/example_dags/example_inlet_event_extra.py
[2025-03-22T10:15:41.452+0500] {logging_mixin.py:190} INFO - [2025-03-22T10:15:41.452+0500] {dag.py:3239} INFO - Sync 2 DAGs
[2025-03-22T10:15:41.464+0500] {logging_mixin.py:190} INFO - [2025-03-22T10:15:41.464+0500] {dag.py:4180} INFO - Setting next_dagrun for read_dataset_event to 2025-03-21 00:00:00+00:00, run_after=2025-03-22 00:00:00+00:00
[2025-03-22T10:15:41.467+0500] {logging_mixin.py:190} INFO - [2025-03-22T10:15:41.467+0500] {dag.py:4180} INFO - Setting next_dagrun for read_dataset_event_from_classic to 2025-03-21 00:00:00+00:00, run_after=2025-03-22 00:00:00+00:00
[2025-03-22T10:15:41.480+0500] {processor.py:208} INFO - Processing /home/ruslan/.local/lib/python3.10/site-packages/airflow/example_dags/example_inlet_event_extra.py took 0.052 seconds
[2025-03-22T10:16:31.044+0500] {processor.py:186} INFO - Started process (PID=23646) to work on /home/ruslan/.local/lib/python3.10/site-packages/airflow/example_dags/example_inlet_event_extra.py
[2025-03-22T10:16:31.045+0500] {processor.py:914} INFO - Processing file /home/ruslan/.local/lib/python3.10/site-packages/airflow/example_dags/example_inlet_event_extra.py for tasks to queue
[2025-03-22T10:16:31.047+0500] {logging_mixin.py:190} INFO - [2025-03-22T10:16:31.046+0500] {dagbag.py:588} INFO - Filling up the DagBag from /home/ruslan/.local/lib/python3.10/site-packages/airflow/example_dags/example_inlet_event_extra.py
[2025-03-22T10:16:31.054+0500] {processor.py:925} INFO - DAG(s) 'read_dataset_event_from_classic', 'read_dataset_event' retrieved from /home/ruslan/.local/lib/python3.10/site-packages/airflow/example_dags/example_inlet_event_extra.py
[2025-03-22T10:16:31.063+0500] {logging_mixin.py:190} INFO - [2025-03-22T10:16:31.063+0500] {dag.py:3239} INFO - Sync 2 DAGs
[2025-03-22T10:16:31.074+0500] {logging_mixin.py:190} INFO - [2025-03-22T10:16:31.074+0500] {dag.py:4180} INFO - Setting next_dagrun for read_dataset_event to 2025-03-21 00:00:00+00:00, run_after=2025-03-22 00:00:00+00:00
[2025-03-22T10:16:31.077+0500] {logging_mixin.py:190} INFO - [2025-03-22T10:16:31.076+0500] {dag.py:4180} INFO - Setting next_dagrun for read_dataset_event_from_classic to 2025-03-21 00:00:00+00:00, run_after=2025-03-22 00:00:00+00:00
[2025-03-22T10:16:31.090+0500] {processor.py:208} INFO - Processing /home/ruslan/.local/lib/python3.10/site-packages/airflow/example_dags/example_inlet_event_extra.py took 0.050 seconds
[2025-03-22T10:17:21.238+0500] {processor.py:186} INFO - Started process (PID=24236) to work on /home/ruslan/.local/lib/python3.10/site-packages/airflow/example_dags/example_inlet_event_extra.py
[2025-03-22T10:17:21.239+0500] {processor.py:914} INFO - Processing file /home/ruslan/.local/lib/python3.10/site-packages/airflow/example_dags/example_inlet_event_extra.py for tasks to queue
[2025-03-22T10:17:21.241+0500] {logging_mixin.py:190} INFO - [2025-03-22T10:17:21.240+0500] {dagbag.py:588} INFO - Filling up the DagBag from /home/ruslan/.local/lib/python3.10/site-packages/airflow/example_dags/example_inlet_event_extra.py
[2025-03-22T10:17:21.248+0500] {processor.py:925} INFO - DAG(s) 'read_dataset_event_from_classic', 'read_dataset_event' retrieved from /home/ruslan/.local/lib/python3.10/site-packages/airflow/example_dags/example_inlet_event_extra.py
[2025-03-22T10:17:21.257+0500] {logging_mixin.py:190} INFO - [2025-03-22T10:17:21.257+0500] {dag.py:3239} INFO - Sync 2 DAGs
[2025-03-22T10:17:21.269+0500] {logging_mixin.py:190} INFO - [2025-03-22T10:17:21.268+0500] {dag.py:4180} INFO - Setting next_dagrun for read_dataset_event to 2025-03-21 00:00:00+00:00, run_after=2025-03-22 00:00:00+00:00
[2025-03-22T10:17:21.271+0500] {logging_mixin.py:190} INFO - [2025-03-22T10:17:21.271+0500] {dag.py:4180} INFO - Setting next_dagrun for read_dataset_event_from_classic to 2025-03-21 00:00:00+00:00, run_after=2025-03-22 00:00:00+00:00
[2025-03-22T10:17:21.285+0500] {processor.py:208} INFO - Processing /home/ruslan/.local/lib/python3.10/site-packages/airflow/example_dags/example_inlet_event_extra.py took 0.050 seconds
[2025-03-22T10:18:14.792+0500] {processor.py:186} INFO - Started process (PID=24742) to work on /home/ruslan/.local/lib/python3.10/site-packages/airflow/example_dags/example_inlet_event_extra.py
[2025-03-22T10:18:14.793+0500] {processor.py:914} INFO - Processing file /home/ruslan/.local/lib/python3.10/site-packages/airflow/example_dags/example_inlet_event_extra.py for tasks to queue
[2025-03-22T10:18:14.794+0500] {logging_mixin.py:190} INFO - [2025-03-22T10:18:14.794+0500] {dagbag.py:588} INFO - Filling up the DagBag from /home/ruslan/.local/lib/python3.10/site-packages/airflow/example_dags/example_inlet_event_extra.py
[2025-03-22T10:18:14.802+0500] {processor.py:925} INFO - DAG(s) 'read_dataset_event_from_classic', 'read_dataset_event' retrieved from /home/ruslan/.local/lib/python3.10/site-packages/airflow/example_dags/example_inlet_event_extra.py
[2025-03-22T10:18:14.811+0500] {logging_mixin.py:190} INFO - [2025-03-22T10:18:14.811+0500] {dag.py:3239} INFO - Sync 2 DAGs
[2025-03-22T10:18:14.823+0500] {logging_mixin.py:190} INFO - [2025-03-22T10:18:14.823+0500] {dag.py:4180} INFO - Setting next_dagrun for read_dataset_event to 2025-03-21 00:00:00+00:00, run_after=2025-03-22 00:00:00+00:00
[2025-03-22T10:18:14.825+0500] {logging_mixin.py:190} INFO - [2025-03-22T10:18:14.825+0500] {dag.py:4180} INFO - Setting next_dagrun for read_dataset_event_from_classic to 2025-03-21 00:00:00+00:00, run_after=2025-03-22 00:00:00+00:00
[2025-03-22T10:18:14.839+0500] {processor.py:208} INFO - Processing /home/ruslan/.local/lib/python3.10/site-packages/airflow/example_dags/example_inlet_event_extra.py took 0.051 seconds
[2025-03-22T10:19:03.884+0500] {processor.py:186} INFO - Started process (PID=25337) to work on /home/ruslan/.local/lib/python3.10/site-packages/airflow/example_dags/example_inlet_event_extra.py
[2025-03-22T10:19:03.885+0500] {processor.py:914} INFO - Processing file /home/ruslan/.local/lib/python3.10/site-packages/airflow/example_dags/example_inlet_event_extra.py for tasks to queue
[2025-03-22T10:19:03.886+0500] {logging_mixin.py:190} INFO - [2025-03-22T10:19:03.886+0500] {dagbag.py:588} INFO - Filling up the DagBag from /home/ruslan/.local/lib/python3.10/site-packages/airflow/example_dags/example_inlet_event_extra.py
[2025-03-22T10:19:03.896+0500] {processor.py:925} INFO - DAG(s) 'read_dataset_event_from_classic', 'read_dataset_event' retrieved from /home/ruslan/.local/lib/python3.10/site-packages/airflow/example_dags/example_inlet_event_extra.py
[2025-03-22T10:19:03.907+0500] {logging_mixin.py:190} INFO - [2025-03-22T10:19:03.907+0500] {dag.py:3239} INFO - Sync 2 DAGs
[2025-03-22T10:19:03.919+0500] {logging_mixin.py:190} INFO - [2025-03-22T10:19:03.919+0500] {dag.py:4180} INFO - Setting next_dagrun for read_dataset_event to 2025-03-21 00:00:00+00:00, run_after=2025-03-22 00:00:00+00:00
[2025-03-22T10:19:03.922+0500] {logging_mixin.py:190} INFO - [2025-03-22T10:19:03.921+0500] {dag.py:4180} INFO - Setting next_dagrun for read_dataset_event_from_classic to 2025-03-21 00:00:00+00:00, run_after=2025-03-22 00:00:00+00:00
[2025-03-22T10:19:03.936+0500] {processor.py:208} INFO - Processing /home/ruslan/.local/lib/python3.10/site-packages/airflow/example_dags/example_inlet_event_extra.py took 0.055 seconds
[2025-03-22T10:19:56.790+0500] {processor.py:186} INFO - Started process (PID=25854) to work on /home/ruslan/.local/lib/python3.10/site-packages/airflow/example_dags/example_inlet_event_extra.py
[2025-03-22T10:19:56.791+0500] {processor.py:914} INFO - Processing file /home/ruslan/.local/lib/python3.10/site-packages/airflow/example_dags/example_inlet_event_extra.py for tasks to queue
[2025-03-22T10:19:56.793+0500] {logging_mixin.py:190} INFO - [2025-03-22T10:19:56.792+0500] {dagbag.py:588} INFO - Filling up the DagBag from /home/ruslan/.local/lib/python3.10/site-packages/airflow/example_dags/example_inlet_event_extra.py
[2025-03-22T10:19:56.801+0500] {processor.py:925} INFO - DAG(s) 'read_dataset_event_from_classic', 'read_dataset_event' retrieved from /home/ruslan/.local/lib/python3.10/site-packages/airflow/example_dags/example_inlet_event_extra.py
[2025-03-22T10:19:56.811+0500] {logging_mixin.py:190} INFO - [2025-03-22T10:19:56.810+0500] {dag.py:3239} INFO - Sync 2 DAGs
[2025-03-22T10:19:56.823+0500] {logging_mixin.py:190} INFO - [2025-03-22T10:19:56.823+0500] {dag.py:4180} INFO - Setting next_dagrun for read_dataset_event to 2025-03-21 00:00:00+00:00, run_after=2025-03-22 00:00:00+00:00
[2025-03-22T10:19:56.826+0500] {logging_mixin.py:190} INFO - [2025-03-22T10:19:56.825+0500] {dag.py:4180} INFO - Setting next_dagrun for read_dataset_event_from_classic to 2025-03-21 00:00:00+00:00, run_after=2025-03-22 00:00:00+00:00
[2025-03-22T10:19:56.839+0500] {processor.py:208} INFO - Processing /home/ruslan/.local/lib/python3.10/site-packages/airflow/example_dags/example_inlet_event_extra.py took 0.053 seconds
[2025-03-22T10:20:46.584+0500] {processor.py:186} INFO - Started process (PID=26357) to work on /home/ruslan/.local/lib/python3.10/site-packages/airflow/example_dags/example_inlet_event_extra.py
[2025-03-22T10:20:46.586+0500] {processor.py:914} INFO - Processing file /home/ruslan/.local/lib/python3.10/site-packages/airflow/example_dags/example_inlet_event_extra.py for tasks to queue
[2025-03-22T10:20:46.587+0500] {logging_mixin.py:190} INFO - [2025-03-22T10:20:46.587+0500] {dagbag.py:588} INFO - Filling up the DagBag from /home/ruslan/.local/lib/python3.10/site-packages/airflow/example_dags/example_inlet_event_extra.py
[2025-03-22T10:20:46.595+0500] {processor.py:925} INFO - DAG(s) 'read_dataset_event', 'read_dataset_event_from_classic' retrieved from /home/ruslan/.local/lib/python3.10/site-packages/airflow/example_dags/example_inlet_event_extra.py
[2025-03-22T10:20:46.606+0500] {logging_mixin.py:190} INFO - [2025-03-22T10:20:46.606+0500] {dag.py:3239} INFO - Sync 2 DAGs
[2025-03-22T10:20:46.620+0500] {logging_mixin.py:190} INFO - [2025-03-22T10:20:46.620+0500] {dag.py:4180} INFO - Setting next_dagrun for read_dataset_event to 2025-03-21 00:00:00+00:00, run_after=2025-03-22 00:00:00+00:00
[2025-03-22T10:20:46.622+0500] {logging_mixin.py:190} INFO - [2025-03-22T10:20:46.622+0500] {dag.py:4180} INFO - Setting next_dagrun for read_dataset_event_from_classic to 2025-03-21 00:00:00+00:00, run_after=2025-03-22 00:00:00+00:00
[2025-03-22T10:20:46.636+0500] {processor.py:208} INFO - Processing /home/ruslan/.local/lib/python3.10/site-packages/airflow/example_dags/example_inlet_event_extra.py took 0.055 seconds
[2025-03-22T10:21:40.720+0500] {processor.py:186} INFO - Started process (PID=26959) to work on /home/ruslan/.local/lib/python3.10/site-packages/airflow/example_dags/example_inlet_event_extra.py
[2025-03-22T10:21:40.722+0500] {processor.py:914} INFO - Processing file /home/ruslan/.local/lib/python3.10/site-packages/airflow/example_dags/example_inlet_event_extra.py for tasks to queue
[2025-03-22T10:21:40.723+0500] {logging_mixin.py:190} INFO - [2025-03-22T10:21:40.723+0500] {dagbag.py:588} INFO - Filling up the DagBag from /home/ruslan/.local/lib/python3.10/site-packages/airflow/example_dags/example_inlet_event_extra.py
[2025-03-22T10:21:40.731+0500] {processor.py:925} INFO - DAG(s) 'read_dataset_event', 'read_dataset_event_from_classic' retrieved from /home/ruslan/.local/lib/python3.10/site-packages/airflow/example_dags/example_inlet_event_extra.py
[2025-03-22T10:21:40.741+0500] {logging_mixin.py:190} INFO - [2025-03-22T10:21:40.740+0500] {dag.py:3239} INFO - Sync 2 DAGs
[2025-03-22T10:21:40.754+0500] {logging_mixin.py:190} INFO - [2025-03-22T10:21:40.753+0500] {dag.py:4180} INFO - Setting next_dagrun for read_dataset_event to 2025-03-21 00:00:00+00:00, run_after=2025-03-22 00:00:00+00:00
[2025-03-22T10:21:40.756+0500] {logging_mixin.py:190} INFO - [2025-03-22T10:21:40.756+0500] {dag.py:4180} INFO - Setting next_dagrun for read_dataset_event_from_classic to 2025-03-21 00:00:00+00:00, run_after=2025-03-22 00:00:00+00:00
[2025-03-22T10:21:40.769+0500] {processor.py:208} INFO - Processing /home/ruslan/.local/lib/python3.10/site-packages/airflow/example_dags/example_inlet_event_extra.py took 0.053 seconds
[2025-03-22T10:22:35.440+0500] {processor.py:186} INFO - Started process (PID=27571) to work on /home/ruslan/.local/lib/python3.10/site-packages/airflow/example_dags/example_inlet_event_extra.py
[2025-03-22T10:22:35.441+0500] {processor.py:914} INFO - Processing file /home/ruslan/.local/lib/python3.10/site-packages/airflow/example_dags/example_inlet_event_extra.py for tasks to queue
[2025-03-22T10:22:35.443+0500] {logging_mixin.py:190} INFO - [2025-03-22T10:22:35.443+0500] {dagbag.py:588} INFO - Filling up the DagBag from /home/ruslan/.local/lib/python3.10/site-packages/airflow/example_dags/example_inlet_event_extra.py
[2025-03-22T10:22:35.453+0500] {processor.py:925} INFO - DAG(s) 'read_dataset_event', 'read_dataset_event_from_classic' retrieved from /home/ruslan/.local/lib/python3.10/site-packages/airflow/example_dags/example_inlet_event_extra.py
[2025-03-22T10:22:35.465+0500] {logging_mixin.py:190} INFO - [2025-03-22T10:22:35.465+0500] {dag.py:3239} INFO - Sync 2 DAGs
[2025-03-22T10:22:35.478+0500] {logging_mixin.py:190} INFO - [2025-03-22T10:22:35.478+0500] {dag.py:4180} INFO - Setting next_dagrun for read_dataset_event to 2025-03-21 00:00:00+00:00, run_after=2025-03-22 00:00:00+00:00
[2025-03-22T10:22:35.481+0500] {logging_mixin.py:190} INFO - [2025-03-22T10:22:35.481+0500] {dag.py:4180} INFO - Setting next_dagrun for read_dataset_event_from_classic to 2025-03-21 00:00:00+00:00, run_after=2025-03-22 00:00:00+00:00
[2025-03-22T10:22:35.495+0500] {processor.py:208} INFO - Processing /home/ruslan/.local/lib/python3.10/site-packages/airflow/example_dags/example_inlet_event_extra.py took 0.059 seconds
[2025-03-22T10:23:26.758+0500] {processor.py:186} INFO - Started process (PID=28102) to work on /home/ruslan/.local/lib/python3.10/site-packages/airflow/example_dags/example_inlet_event_extra.py
[2025-03-22T10:23:26.759+0500] {processor.py:914} INFO - Processing file /home/ruslan/.local/lib/python3.10/site-packages/airflow/example_dags/example_inlet_event_extra.py for tasks to queue
[2025-03-22T10:23:26.760+0500] {logging_mixin.py:190} INFO - [2025-03-22T10:23:26.760+0500] {dagbag.py:588} INFO - Filling up the DagBag from /home/ruslan/.local/lib/python3.10/site-packages/airflow/example_dags/example_inlet_event_extra.py
[2025-03-22T10:23:26.768+0500] {processor.py:925} INFO - DAG(s) 'read_dataset_event_from_classic', 'read_dataset_event' retrieved from /home/ruslan/.local/lib/python3.10/site-packages/airflow/example_dags/example_inlet_event_extra.py
[2025-03-22T10:23:26.778+0500] {logging_mixin.py:190} INFO - [2025-03-22T10:23:26.778+0500] {dag.py:3239} INFO - Sync 2 DAGs
[2025-03-22T10:23:26.791+0500] {logging_mixin.py:190} INFO - [2025-03-22T10:23:26.790+0500] {dag.py:4180} INFO - Setting next_dagrun for read_dataset_event to 2025-03-21 00:00:00+00:00, run_after=2025-03-22 00:00:00+00:00
[2025-03-22T10:23:26.793+0500] {logging_mixin.py:190} INFO - [2025-03-22T10:23:26.793+0500] {dag.py:4180} INFO - Setting next_dagrun for read_dataset_event_from_classic to 2025-03-21 00:00:00+00:00, run_after=2025-03-22 00:00:00+00:00
[2025-03-22T10:23:26.807+0500] {processor.py:208} INFO - Processing /home/ruslan/.local/lib/python3.10/site-packages/airflow/example_dags/example_inlet_event_extra.py took 0.053 seconds
[2025-03-22T10:24:19.829+0500] {processor.py:186} INFO - Started process (PID=28710) to work on /home/ruslan/.local/lib/python3.10/site-packages/airflow/example_dags/example_inlet_event_extra.py
[2025-03-22T10:24:19.830+0500] {processor.py:914} INFO - Processing file /home/ruslan/.local/lib/python3.10/site-packages/airflow/example_dags/example_inlet_event_extra.py for tasks to queue
[2025-03-22T10:24:19.832+0500] {logging_mixin.py:190} INFO - [2025-03-22T10:24:19.831+0500] {dagbag.py:588} INFO - Filling up the DagBag from /home/ruslan/.local/lib/python3.10/site-packages/airflow/example_dags/example_inlet_event_extra.py
[2025-03-22T10:24:19.841+0500] {processor.py:925} INFO - DAG(s) 'read_dataset_event', 'read_dataset_event_from_classic' retrieved from /home/ruslan/.local/lib/python3.10/site-packages/airflow/example_dags/example_inlet_event_extra.py
[2025-03-22T10:24:19.853+0500] {logging_mixin.py:190} INFO - [2025-03-22T10:24:19.853+0500] {dag.py:3239} INFO - Sync 2 DAGs
[2025-03-22T10:24:19.868+0500] {logging_mixin.py:190} INFO - [2025-03-22T10:24:19.868+0500] {dag.py:4180} INFO - Setting next_dagrun for read_dataset_event to 2025-03-21 00:00:00+00:00, run_after=2025-03-22 00:00:00+00:00
[2025-03-22T10:24:19.871+0500] {logging_mixin.py:190} INFO - [2025-03-22T10:24:19.871+0500] {dag.py:4180} INFO - Setting next_dagrun for read_dataset_event_from_classic to 2025-03-21 00:00:00+00:00, run_after=2025-03-22 00:00:00+00:00
[2025-03-22T10:24:19.884+0500] {processor.py:208} INFO - Processing /home/ruslan/.local/lib/python3.10/site-packages/airflow/example_dags/example_inlet_event_extra.py took 0.060 seconds
[2025-03-22T10:25:07.199+0500] {processor.py:186} INFO - Started process (PID=29209) to work on /home/ruslan/.local/lib/python3.10/site-packages/airflow/example_dags/example_inlet_event_extra.py
[2025-03-22T10:25:07.200+0500] {processor.py:914} INFO - Processing file /home/ruslan/.local/lib/python3.10/site-packages/airflow/example_dags/example_inlet_event_extra.py for tasks to queue
[2025-03-22T10:25:07.201+0500] {logging_mixin.py:190} INFO - [2025-03-22T10:25:07.201+0500] {dagbag.py:588} INFO - Filling up the DagBag from /home/ruslan/.local/lib/python3.10/site-packages/airflow/example_dags/example_inlet_event_extra.py
[2025-03-22T10:25:07.209+0500] {processor.py:925} INFO - DAG(s) 'read_dataset_event', 'read_dataset_event_from_classic' retrieved from /home/ruslan/.local/lib/python3.10/site-packages/airflow/example_dags/example_inlet_event_extra.py
[2025-03-22T10:25:07.218+0500] {logging_mixin.py:190} INFO - [2025-03-22T10:25:07.218+0500] {dag.py:3239} INFO - Sync 2 DAGs
[2025-03-22T10:25:07.229+0500] {logging_mixin.py:190} INFO - [2025-03-22T10:25:07.229+0500] {dag.py:4180} INFO - Setting next_dagrun for read_dataset_event to 2025-03-21 00:00:00+00:00, run_after=2025-03-22 00:00:00+00:00
[2025-03-22T10:25:07.232+0500] {logging_mixin.py:190} INFO - [2025-03-22T10:25:07.232+0500] {dag.py:4180} INFO - Setting next_dagrun for read_dataset_event_from_classic to 2025-03-21 00:00:00+00:00, run_after=2025-03-22 00:00:00+00:00
[2025-03-22T10:25:07.247+0500] {processor.py:208} INFO - Processing /home/ruslan/.local/lib/python3.10/site-packages/airflow/example_dags/example_inlet_event_extra.py took 0.052 seconds
[2025-03-22T10:26:00.778+0500] {processor.py:186} INFO - Started process (PID=29744) to work on /home/ruslan/.local/lib/python3.10/site-packages/airflow/example_dags/example_inlet_event_extra.py
[2025-03-22T10:26:00.779+0500] {processor.py:914} INFO - Processing file /home/ruslan/.local/lib/python3.10/site-packages/airflow/example_dags/example_inlet_event_extra.py for tasks to queue
[2025-03-22T10:26:00.780+0500] {logging_mixin.py:190} INFO - [2025-03-22T10:26:00.780+0500] {dagbag.py:588} INFO - Filling up the DagBag from /home/ruslan/.local/lib/python3.10/site-packages/airflow/example_dags/example_inlet_event_extra.py
[2025-03-22T10:26:00.788+0500] {processor.py:925} INFO - DAG(s) 'read_dataset_event_from_classic', 'read_dataset_event' retrieved from /home/ruslan/.local/lib/python3.10/site-packages/airflow/example_dags/example_inlet_event_extra.py
[2025-03-22T10:26:00.798+0500] {logging_mixin.py:190} INFO - [2025-03-22T10:26:00.798+0500] {dag.py:3239} INFO - Sync 2 DAGs
[2025-03-22T10:26:00.810+0500] {logging_mixin.py:190} INFO - [2025-03-22T10:26:00.810+0500] {dag.py:4180} INFO - Setting next_dagrun for read_dataset_event to 2025-03-21 00:00:00+00:00, run_after=2025-03-22 00:00:00+00:00
[2025-03-22T10:26:00.812+0500] {logging_mixin.py:190} INFO - [2025-03-22T10:26:00.812+0500] {dag.py:4180} INFO - Setting next_dagrun for read_dataset_event_from_classic to 2025-03-21 00:00:00+00:00, run_after=2025-03-22 00:00:00+00:00
[2025-03-22T10:26:00.826+0500] {processor.py:208} INFO - Processing /home/ruslan/.local/lib/python3.10/site-packages/airflow/example_dags/example_inlet_event_extra.py took 0.051 seconds
[2025-03-22T10:26:52.053+0500] {processor.py:186} INFO - Started process (PID=30810) to work on /home/ruslan/.local/lib/python3.10/site-packages/airflow/example_dags/example_inlet_event_extra.py
[2025-03-22T10:26:52.055+0500] {processor.py:914} INFO - Processing file /home/ruslan/.local/lib/python3.10/site-packages/airflow/example_dags/example_inlet_event_extra.py for tasks to queue
[2025-03-22T10:26:52.056+0500] {logging_mixin.py:190} INFO - [2025-03-22T10:26:52.056+0500] {dagbag.py:588} INFO - Filling up the DagBag from /home/ruslan/.local/lib/python3.10/site-packages/airflow/example_dags/example_inlet_event_extra.py
[2025-03-22T10:26:52.065+0500] {processor.py:925} INFO - DAG(s) 'read_dataset_event', 'read_dataset_event_from_classic' retrieved from /home/ruslan/.local/lib/python3.10/site-packages/airflow/example_dags/example_inlet_event_extra.py
[2025-03-22T10:26:52.075+0500] {logging_mixin.py:190} INFO - [2025-03-22T10:26:52.075+0500] {dag.py:3239} INFO - Sync 2 DAGs
[2025-03-22T10:26:52.087+0500] {logging_mixin.py:190} INFO - [2025-03-22T10:26:52.087+0500] {dag.py:4180} INFO - Setting next_dagrun for read_dataset_event to 2025-03-21 00:00:00+00:00, run_after=2025-03-22 00:00:00+00:00
[2025-03-22T10:26:52.090+0500] {logging_mixin.py:190} INFO - [2025-03-22T10:26:52.090+0500] {dag.py:4180} INFO - Setting next_dagrun for read_dataset_event_from_classic to 2025-03-21 00:00:00+00:00, run_after=2025-03-22 00:00:00+00:00
[2025-03-22T10:26:52.103+0500] {processor.py:208} INFO - Processing /home/ruslan/.local/lib/python3.10/site-packages/airflow/example_dags/example_inlet_event_extra.py took 0.053 seconds
[2025-03-22T10:27:43.685+0500] {processor.py:186} INFO - Started process (PID=31402) to work on /home/ruslan/.local/lib/python3.10/site-packages/airflow/example_dags/example_inlet_event_extra.py
[2025-03-22T10:27:43.686+0500] {processor.py:914} INFO - Processing file /home/ruslan/.local/lib/python3.10/site-packages/airflow/example_dags/example_inlet_event_extra.py for tasks to queue
[2025-03-22T10:27:43.687+0500] {logging_mixin.py:190} INFO - [2025-03-22T10:27:43.687+0500] {dagbag.py:588} INFO - Filling up the DagBag from /home/ruslan/.local/lib/python3.10/site-packages/airflow/example_dags/example_inlet_event_extra.py
[2025-03-22T10:27:43.695+0500] {processor.py:925} INFO - DAG(s) 'read_dataset_event', 'read_dataset_event_from_classic' retrieved from /home/ruslan/.local/lib/python3.10/site-packages/airflow/example_dags/example_inlet_event_extra.py
[2025-03-22T10:27:43.705+0500] {logging_mixin.py:190} INFO - [2025-03-22T10:27:43.705+0500] {dag.py:3239} INFO - Sync 2 DAGs
[2025-03-22T10:27:43.718+0500] {logging_mixin.py:190} INFO - [2025-03-22T10:27:43.718+0500] {dag.py:4180} INFO - Setting next_dagrun for read_dataset_event to 2025-03-21 00:00:00+00:00, run_after=2025-03-22 00:00:00+00:00
[2025-03-22T10:27:43.721+0500] {logging_mixin.py:190} INFO - [2025-03-22T10:27:43.721+0500] {dag.py:4180} INFO - Setting next_dagrun for read_dataset_event_from_classic to 2025-03-21 00:00:00+00:00, run_after=2025-03-22 00:00:00+00:00
[2025-03-22T10:27:43.734+0500] {processor.py:208} INFO - Processing /home/ruslan/.local/lib/python3.10/site-packages/airflow/example_dags/example_inlet_event_extra.py took 0.053 seconds
[2025-03-22T10:28:35.439+0500] {processor.py:186} INFO - Started process (PID=32008) to work on /home/ruslan/.local/lib/python3.10/site-packages/airflow/example_dags/example_inlet_event_extra.py
[2025-03-22T10:28:35.440+0500] {processor.py:914} INFO - Processing file /home/ruslan/.local/lib/python3.10/site-packages/airflow/example_dags/example_inlet_event_extra.py for tasks to queue
[2025-03-22T10:28:35.442+0500] {logging_mixin.py:190} INFO - [2025-03-22T10:28:35.441+0500] {dagbag.py:588} INFO - Filling up the DagBag from /home/ruslan/.local/lib/python3.10/site-packages/airflow/example_dags/example_inlet_event_extra.py
[2025-03-22T10:28:35.450+0500] {processor.py:925} INFO - DAG(s) 'read_dataset_event_from_classic', 'read_dataset_event' retrieved from /home/ruslan/.local/lib/python3.10/site-packages/airflow/example_dags/example_inlet_event_extra.py
[2025-03-22T10:28:35.459+0500] {logging_mixin.py:190} INFO - [2025-03-22T10:28:35.459+0500] {dag.py:3239} INFO - Sync 2 DAGs
[2025-03-22T10:28:35.472+0500] {logging_mixin.py:190} INFO - [2025-03-22T10:28:35.472+0500] {dag.py:4180} INFO - Setting next_dagrun for read_dataset_event to 2025-03-21 00:00:00+00:00, run_after=2025-03-22 00:00:00+00:00
[2025-03-22T10:28:35.475+0500] {logging_mixin.py:190} INFO - [2025-03-22T10:28:35.475+0500] {dag.py:4180} INFO - Setting next_dagrun for read_dataset_event_from_classic to 2025-03-21 00:00:00+00:00, run_after=2025-03-22 00:00:00+00:00
[2025-03-22T10:28:35.488+0500] {processor.py:208} INFO - Processing /home/ruslan/.local/lib/python3.10/site-packages/airflow/example_dags/example_inlet_event_extra.py took 0.052 seconds
[2025-03-22T10:29:28.784+0500] {processor.py:186} INFO - Started process (PID=32388) to work on /home/ruslan/.local/lib/python3.10/site-packages/airflow/example_dags/example_inlet_event_extra.py
[2025-03-22T10:29:28.786+0500] {processor.py:914} INFO - Processing file /home/ruslan/.local/lib/python3.10/site-packages/airflow/example_dags/example_inlet_event_extra.py for tasks to queue
[2025-03-22T10:29:28.788+0500] {logging_mixin.py:190} INFO - [2025-03-22T10:29:28.788+0500] {dagbag.py:588} INFO - Filling up the DagBag from /home/ruslan/.local/lib/python3.10/site-packages/airflow/example_dags/example_inlet_event_extra.py
[2025-03-22T10:29:28.801+0500] {processor.py:925} INFO - DAG(s) 'read_dataset_event', 'read_dataset_event_from_classic' retrieved from /home/ruslan/.local/lib/python3.10/site-packages/airflow/example_dags/example_inlet_event_extra.py
[2025-03-22T10:29:28.814+0500] {logging_mixin.py:190} INFO - [2025-03-22T10:29:28.814+0500] {dag.py:3239} INFO - Sync 2 DAGs
[2025-03-22T10:29:28.833+0500] {logging_mixin.py:190} INFO - [2025-03-22T10:29:28.833+0500] {dag.py:4180} INFO - Setting next_dagrun for read_dataset_event to 2025-03-21 00:00:00+00:00, run_after=2025-03-22 00:00:00+00:00
[2025-03-22T10:29:28.837+0500] {logging_mixin.py:190} INFO - [2025-03-22T10:29:28.837+0500] {dag.py:4180} INFO - Setting next_dagrun for read_dataset_event_from_classic to 2025-03-21 00:00:00+00:00, run_after=2025-03-22 00:00:00+00:00
[2025-03-22T10:29:28.859+0500] {processor.py:208} INFO - Processing /home/ruslan/.local/lib/python3.10/site-packages/airflow/example_dags/example_inlet_event_extra.py took 0.081 seconds
[2025-03-22T10:30:20.142+0500] {processor.py:186} INFO - Started process (PID=32896) to work on /home/ruslan/.local/lib/python3.10/site-packages/airflow/example_dags/example_inlet_event_extra.py
[2025-03-22T10:30:20.143+0500] {processor.py:914} INFO - Processing file /home/ruslan/.local/lib/python3.10/site-packages/airflow/example_dags/example_inlet_event_extra.py for tasks to queue
[2025-03-22T10:30:20.143+0500] {logging_mixin.py:190} INFO - [2025-03-22T10:30:20.143+0500] {dagbag.py:588} INFO - Filling up the DagBag from /home/ruslan/.local/lib/python3.10/site-packages/airflow/example_dags/example_inlet_event_extra.py
[2025-03-22T10:30:20.151+0500] {processor.py:925} INFO - DAG(s) 'read_dataset_event', 'read_dataset_event_from_classic' retrieved from /home/ruslan/.local/lib/python3.10/site-packages/airflow/example_dags/example_inlet_event_extra.py
[2025-03-22T10:30:20.161+0500] {logging_mixin.py:190} INFO - [2025-03-22T10:30:20.161+0500] {dag.py:3239} INFO - Sync 2 DAGs
[2025-03-22T10:30:20.173+0500] {logging_mixin.py:190} INFO - [2025-03-22T10:30:20.173+0500] {dag.py:4180} INFO - Setting next_dagrun for read_dataset_event to 2025-03-21 00:00:00+00:00, run_after=2025-03-22 00:00:00+00:00
[2025-03-22T10:30:20.176+0500] {logging_mixin.py:190} INFO - [2025-03-22T10:30:20.176+0500] {dag.py:4180} INFO - Setting next_dagrun for read_dataset_event_from_classic to 2025-03-21 00:00:00+00:00, run_after=2025-03-22 00:00:00+00:00
[2025-03-22T10:30:20.189+0500] {processor.py:208} INFO - Processing /home/ruslan/.local/lib/python3.10/site-packages/airflow/example_dags/example_inlet_event_extra.py took 0.051 seconds
[2025-03-22T10:31:13.656+0500] {processor.py:186} INFO - Started process (PID=33445) to work on /home/ruslan/.local/lib/python3.10/site-packages/airflow/example_dags/example_inlet_event_extra.py
[2025-03-22T10:31:13.657+0500] {processor.py:914} INFO - Processing file /home/ruslan/.local/lib/python3.10/site-packages/airflow/example_dags/example_inlet_event_extra.py for tasks to queue
[2025-03-22T10:31:13.658+0500] {logging_mixin.py:190} INFO - [2025-03-22T10:31:13.658+0500] {dagbag.py:588} INFO - Filling up the DagBag from /home/ruslan/.local/lib/python3.10/site-packages/airflow/example_dags/example_inlet_event_extra.py
[2025-03-22T10:31:13.666+0500] {processor.py:925} INFO - DAG(s) 'read_dataset_event', 'read_dataset_event_from_classic' retrieved from /home/ruslan/.local/lib/python3.10/site-packages/airflow/example_dags/example_inlet_event_extra.py
[2025-03-22T10:31:13.679+0500] {logging_mixin.py:190} INFO - [2025-03-22T10:31:13.679+0500] {dag.py:3239} INFO - Sync 2 DAGs
[2025-03-22T10:31:13.697+0500] {logging_mixin.py:190} INFO - [2025-03-22T10:31:13.697+0500] {dag.py:4180} INFO - Setting next_dagrun for read_dataset_event to 2025-03-21 00:00:00+00:00, run_after=2025-03-22 00:00:00+00:00
[2025-03-22T10:31:13.700+0500] {logging_mixin.py:190} INFO - [2025-03-22T10:31:13.700+0500] {dag.py:4180} INFO - Setting next_dagrun for read_dataset_event_from_classic to 2025-03-21 00:00:00+00:00, run_after=2025-03-22 00:00:00+00:00
[2025-03-22T10:31:13.715+0500] {processor.py:208} INFO - Processing /home/ruslan/.local/lib/python3.10/site-packages/airflow/example_dags/example_inlet_event_extra.py took 0.063 seconds
[2025-03-22T10:32:02.761+0500] {processor.py:186} INFO - Started process (PID=34079) to work on /home/ruslan/.local/lib/python3.10/site-packages/airflow/example_dags/example_inlet_event_extra.py
[2025-03-22T10:32:02.762+0500] {processor.py:914} INFO - Processing file /home/ruslan/.local/lib/python3.10/site-packages/airflow/example_dags/example_inlet_event_extra.py for tasks to queue
[2025-03-22T10:32:02.762+0500] {logging_mixin.py:190} INFO - [2025-03-22T10:32:02.762+0500] {dagbag.py:588} INFO - Filling up the DagBag from /home/ruslan/.local/lib/python3.10/site-packages/airflow/example_dags/example_inlet_event_extra.py
[2025-03-22T10:32:02.770+0500] {processor.py:925} INFO - DAG(s) 'read_dataset_event_from_classic', 'read_dataset_event' retrieved from /home/ruslan/.local/lib/python3.10/site-packages/airflow/example_dags/example_inlet_event_extra.py
[2025-03-22T10:32:02.779+0500] {logging_mixin.py:190} INFO - [2025-03-22T10:32:02.779+0500] {dag.py:3239} INFO - Sync 2 DAGs
[2025-03-22T10:32:02.793+0500] {logging_mixin.py:190} INFO - [2025-03-22T10:32:02.793+0500] {dag.py:4180} INFO - Setting next_dagrun for read_dataset_event to 2025-03-21 00:00:00+00:00, run_after=2025-03-22 00:00:00+00:00
[2025-03-22T10:32:02.795+0500] {logging_mixin.py:190} INFO - [2025-03-22T10:32:02.795+0500] {dag.py:4180} INFO - Setting next_dagrun for read_dataset_event_from_classic to 2025-03-21 00:00:00+00:00, run_after=2025-03-22 00:00:00+00:00
[2025-03-22T10:32:02.809+0500] {processor.py:208} INFO - Processing /home/ruslan/.local/lib/python3.10/site-packages/airflow/example_dags/example_inlet_event_extra.py took 0.052 seconds
[2025-03-22T10:32:45.850+0500] {processor.py:186} INFO - Started process (PID=34577) to work on /home/ruslan/.local/lib/python3.10/site-packages/airflow/example_dags/example_inlet_event_extra.py
[2025-03-22T10:32:45.852+0500] {processor.py:914} INFO - Processing file /home/ruslan/.local/lib/python3.10/site-packages/airflow/example_dags/example_inlet_event_extra.py for tasks to queue
[2025-03-22T10:32:45.853+0500] {logging_mixin.py:190} INFO - [2025-03-22T10:32:45.853+0500] {dagbag.py:588} INFO - Filling up the DagBag from /home/ruslan/.local/lib/python3.10/site-packages/airflow/example_dags/example_inlet_event_extra.py
[2025-03-22T10:32:45.863+0500] {processor.py:925} INFO - DAG(s) 'read_dataset_event_from_classic', 'read_dataset_event' retrieved from /home/ruslan/.local/lib/python3.10/site-packages/airflow/example_dags/example_inlet_event_extra.py
[2025-03-22T10:32:45.883+0500] {logging_mixin.py:190} INFO - [2025-03-22T10:32:45.883+0500] {dag.py:3239} INFO - Sync 2 DAGs
[2025-03-22T10:32:45.897+0500] {logging_mixin.py:190} INFO - [2025-03-22T10:32:45.897+0500] {dag.py:4180} INFO - Setting next_dagrun for read_dataset_event to 2025-03-21 00:00:00+00:00, run_after=2025-03-22 00:00:00+00:00
[2025-03-22T10:32:45.900+0500] {logging_mixin.py:190} INFO - [2025-03-22T10:32:45.900+0500] {dag.py:4180} INFO - Setting next_dagrun for read_dataset_event_from_classic to 2025-03-21 00:00:00+00:00, run_after=2025-03-22 00:00:00+00:00
[2025-03-22T10:32:45.914+0500] {processor.py:208} INFO - Processing /home/ruslan/.local/lib/python3.10/site-packages/airflow/example_dags/example_inlet_event_extra.py took 0.069 seconds
[2025-03-22T10:33:40.889+0500] {processor.py:186} INFO - Started process (PID=35204) to work on /home/ruslan/.local/lib/python3.10/site-packages/airflow/example_dags/example_inlet_event_extra.py
[2025-03-22T10:33:40.890+0500] {processor.py:914} INFO - Processing file /home/ruslan/.local/lib/python3.10/site-packages/airflow/example_dags/example_inlet_event_extra.py for tasks to queue
[2025-03-22T10:33:40.891+0500] {logging_mixin.py:190} INFO - [2025-03-22T10:33:40.891+0500] {dagbag.py:588} INFO - Filling up the DagBag from /home/ruslan/.local/lib/python3.10/site-packages/airflow/example_dags/example_inlet_event_extra.py
[2025-03-22T10:33:40.899+0500] {processor.py:925} INFO - DAG(s) 'read_dataset_event', 'read_dataset_event_from_classic' retrieved from /home/ruslan/.local/lib/python3.10/site-packages/airflow/example_dags/example_inlet_event_extra.py
[2025-03-22T10:33:40.908+0500] {logging_mixin.py:190} INFO - [2025-03-22T10:33:40.908+0500] {dag.py:3239} INFO - Sync 2 DAGs
[2025-03-22T10:33:40.920+0500] {logging_mixin.py:190} INFO - [2025-03-22T10:33:40.919+0500] {dag.py:4180} INFO - Setting next_dagrun for read_dataset_event to 2025-03-21 00:00:00+00:00, run_after=2025-03-22 00:00:00+00:00
[2025-03-22T10:33:40.922+0500] {logging_mixin.py:190} INFO - [2025-03-22T10:33:40.922+0500] {dag.py:4180} INFO - Setting next_dagrun for read_dataset_event_from_classic to 2025-03-21 00:00:00+00:00, run_after=2025-03-22 00:00:00+00:00
[2025-03-22T10:33:40.936+0500] {processor.py:208} INFO - Processing /home/ruslan/.local/lib/python3.10/site-packages/airflow/example_dags/example_inlet_event_extra.py took 0.051 seconds
[2025-03-22T10:34:29.310+0500] {processor.py:186} INFO - Started process (PID=35829) to work on /home/ruslan/.local/lib/python3.10/site-packages/airflow/example_dags/example_inlet_event_extra.py
[2025-03-22T10:34:29.311+0500] {processor.py:914} INFO - Processing file /home/ruslan/.local/lib/python3.10/site-packages/airflow/example_dags/example_inlet_event_extra.py for tasks to queue
[2025-03-22T10:34:29.313+0500] {logging_mixin.py:190} INFO - [2025-03-22T10:34:29.312+0500] {dagbag.py:588} INFO - Filling up the DagBag from /home/ruslan/.local/lib/python3.10/site-packages/airflow/example_dags/example_inlet_event_extra.py
[2025-03-22T10:34:29.320+0500] {processor.py:925} INFO - DAG(s) 'read_dataset_event_from_classic', 'read_dataset_event' retrieved from /home/ruslan/.local/lib/python3.10/site-packages/airflow/example_dags/example_inlet_event_extra.py
[2025-03-22T10:34:29.329+0500] {logging_mixin.py:190} INFO - [2025-03-22T10:34:29.329+0500] {dag.py:3239} INFO - Sync 2 DAGs
[2025-03-22T10:34:29.341+0500] {logging_mixin.py:190} INFO - [2025-03-22T10:34:29.341+0500] {dag.py:4180} INFO - Setting next_dagrun for read_dataset_event to 2025-03-21 00:00:00+00:00, run_after=2025-03-22 00:00:00+00:00
[2025-03-22T10:34:29.344+0500] {logging_mixin.py:190} INFO - [2025-03-22T10:34:29.344+0500] {dag.py:4180} INFO - Setting next_dagrun for read_dataset_event_from_classic to 2025-03-21 00:00:00+00:00, run_after=2025-03-22 00:00:00+00:00
[2025-03-22T10:34:29.357+0500] {processor.py:208} INFO - Processing /home/ruslan/.local/lib/python3.10/site-packages/airflow/example_dags/example_inlet_event_extra.py took 0.051 seconds
[2025-03-22T10:35:15.283+0500] {processor.py:186} INFO - Started process (PID=36357) to work on /home/ruslan/.local/lib/python3.10/site-packages/airflow/example_dags/example_inlet_event_extra.py
[2025-03-22T10:35:15.284+0500] {processor.py:914} INFO - Processing file /home/ruslan/.local/lib/python3.10/site-packages/airflow/example_dags/example_inlet_event_extra.py for tasks to queue
[2025-03-22T10:35:15.286+0500] {logging_mixin.py:190} INFO - [2025-03-22T10:35:15.285+0500] {dagbag.py:588} INFO - Filling up the DagBag from /home/ruslan/.local/lib/python3.10/site-packages/airflow/example_dags/example_inlet_event_extra.py
[2025-03-22T10:35:15.293+0500] {processor.py:925} INFO - DAG(s) 'read_dataset_event', 'read_dataset_event_from_classic' retrieved from /home/ruslan/.local/lib/python3.10/site-packages/airflow/example_dags/example_inlet_event_extra.py
[2025-03-22T10:35:15.302+0500] {logging_mixin.py:190} INFO - [2025-03-22T10:35:15.302+0500] {dag.py:3239} INFO - Sync 2 DAGs
[2025-03-22T10:35:15.314+0500] {logging_mixin.py:190} INFO - [2025-03-22T10:35:15.313+0500] {dag.py:4180} INFO - Setting next_dagrun for read_dataset_event to 2025-03-21 00:00:00+00:00, run_after=2025-03-22 00:00:00+00:00
[2025-03-22T10:35:15.316+0500] {logging_mixin.py:190} INFO - [2025-03-22T10:35:15.316+0500] {dag.py:4180} INFO - Setting next_dagrun for read_dataset_event_from_classic to 2025-03-21 00:00:00+00:00, run_after=2025-03-22 00:00:00+00:00
[2025-03-22T10:35:15.329+0500] {processor.py:208} INFO - Processing /home/ruslan/.local/lib/python3.10/site-packages/airflow/example_dags/example_inlet_event_extra.py took 0.050 seconds
[2025-03-22T10:36:05.882+0500] {processor.py:186} INFO - Started process (PID=37035) to work on /home/ruslan/.local/lib/python3.10/site-packages/airflow/example_dags/example_inlet_event_extra.py
[2025-03-22T10:36:05.884+0500] {processor.py:914} INFO - Processing file /home/ruslan/.local/lib/python3.10/site-packages/airflow/example_dags/example_inlet_event_extra.py for tasks to queue
[2025-03-22T10:36:05.885+0500] {logging_mixin.py:190} INFO - [2025-03-22T10:36:05.885+0500] {dagbag.py:588} INFO - Filling up the DagBag from /home/ruslan/.local/lib/python3.10/site-packages/airflow/example_dags/example_inlet_event_extra.py
[2025-03-22T10:36:05.893+0500] {processor.py:925} INFO - DAG(s) 'read_dataset_event_from_classic', 'read_dataset_event' retrieved from /home/ruslan/.local/lib/python3.10/site-packages/airflow/example_dags/example_inlet_event_extra.py
[2025-03-22T10:36:05.903+0500] {logging_mixin.py:190} INFO - [2025-03-22T10:36:05.903+0500] {dag.py:3239} INFO - Sync 2 DAGs
[2025-03-22T10:36:05.916+0500] {logging_mixin.py:190} INFO - [2025-03-22T10:36:05.916+0500] {dag.py:4180} INFO - Setting next_dagrun for read_dataset_event to 2025-03-21 00:00:00+00:00, run_after=2025-03-22 00:00:00+00:00
[2025-03-22T10:36:05.919+0500] {logging_mixin.py:190} INFO - [2025-03-22T10:36:05.919+0500] {dag.py:4180} INFO - Setting next_dagrun for read_dataset_event_from_classic to 2025-03-21 00:00:00+00:00, run_after=2025-03-22 00:00:00+00:00
[2025-03-22T10:36:05.933+0500] {processor.py:208} INFO - Processing /home/ruslan/.local/lib/python3.10/site-packages/airflow/example_dags/example_inlet_event_extra.py took 0.054 seconds
[2025-03-22T10:36:54.980+0500] {processor.py:186} INFO - Started process (PID=37330) to work on /home/ruslan/.local/lib/python3.10/site-packages/airflow/example_dags/example_inlet_event_extra.py
[2025-03-22T10:36:54.981+0500] {processor.py:914} INFO - Processing file /home/ruslan/.local/lib/python3.10/site-packages/airflow/example_dags/example_inlet_event_extra.py for tasks to queue
[2025-03-22T10:36:54.982+0500] {logging_mixin.py:190} INFO - [2025-03-22T10:36:54.982+0500] {dagbag.py:588} INFO - Filling up the DagBag from /home/ruslan/.local/lib/python3.10/site-packages/airflow/example_dags/example_inlet_event_extra.py
[2025-03-22T10:36:54.991+0500] {processor.py:925} INFO - DAG(s) 'read_dataset_event_from_classic', 'read_dataset_event' retrieved from /home/ruslan/.local/lib/python3.10/site-packages/airflow/example_dags/example_inlet_event_extra.py
[2025-03-22T10:36:55.001+0500] {logging_mixin.py:190} INFO - [2025-03-22T10:36:55.001+0500] {dag.py:3239} INFO - Sync 2 DAGs
[2025-03-22T10:36:55.014+0500] {logging_mixin.py:190} INFO - [2025-03-22T10:36:55.014+0500] {dag.py:4180} INFO - Setting next_dagrun for read_dataset_event to 2025-03-21 00:00:00+00:00, run_after=2025-03-22 00:00:00+00:00
[2025-03-22T10:36:55.016+0500] {logging_mixin.py:190} INFO - [2025-03-22T10:36:55.016+0500] {dag.py:4180} INFO - Setting next_dagrun for read_dataset_event_from_classic to 2025-03-21 00:00:00+00:00, run_after=2025-03-22 00:00:00+00:00
[2025-03-22T10:36:55.030+0500] {processor.py:208} INFO - Processing /home/ruslan/.local/lib/python3.10/site-packages/airflow/example_dags/example_inlet_event_extra.py took 0.054 seconds
[2025-03-22T10:37:48.229+0500] {processor.py:186} INFO - Started process (PID=37606) to work on /home/ruslan/.local/lib/python3.10/site-packages/airflow/example_dags/example_inlet_event_extra.py
[2025-03-22T10:37:48.230+0500] {processor.py:914} INFO - Processing file /home/ruslan/.local/lib/python3.10/site-packages/airflow/example_dags/example_inlet_event_extra.py for tasks to queue
[2025-03-22T10:37:48.231+0500] {logging_mixin.py:190} INFO - [2025-03-22T10:37:48.231+0500] {dagbag.py:588} INFO - Filling up the DagBag from /home/ruslan/.local/lib/python3.10/site-packages/airflow/example_dags/example_inlet_event_extra.py
[2025-03-22T10:37:48.241+0500] {processor.py:925} INFO - DAG(s) 'read_dataset_event_from_classic', 'read_dataset_event' retrieved from /home/ruslan/.local/lib/python3.10/site-packages/airflow/example_dags/example_inlet_event_extra.py
[2025-03-22T10:37:48.252+0500] {logging_mixin.py:190} INFO - [2025-03-22T10:37:48.252+0500] {dag.py:3239} INFO - Sync 2 DAGs
[2025-03-22T10:37:48.267+0500] {logging_mixin.py:190} INFO - [2025-03-22T10:37:48.267+0500] {dag.py:4180} INFO - Setting next_dagrun for read_dataset_event to 2025-03-21 00:00:00+00:00, run_after=2025-03-22 00:00:00+00:00
[2025-03-22T10:37:48.270+0500] {logging_mixin.py:190} INFO - [2025-03-22T10:37:48.270+0500] {dag.py:4180} INFO - Setting next_dagrun for read_dataset_event_from_classic to 2025-03-21 00:00:00+00:00, run_after=2025-03-22 00:00:00+00:00
[2025-03-22T10:37:48.284+0500] {processor.py:208} INFO - Processing /home/ruslan/.local/lib/python3.10/site-packages/airflow/example_dags/example_inlet_event_extra.py took 0.059 seconds
[2025-03-22T10:38:09.099+0500] {processor.py:186} INFO - Started process (PID=38031) to work on /home/ruslan/.local/lib/python3.10/site-packages/airflow/example_dags/example_inlet_event_extra.py
[2025-03-22T10:38:09.100+0500] {processor.py:914} INFO - Processing file /home/ruslan/.local/lib/python3.10/site-packages/airflow/example_dags/example_inlet_event_extra.py for tasks to queue
[2025-03-22T10:38:09.102+0500] {logging_mixin.py:190} INFO - [2025-03-22T10:38:09.102+0500] {dagbag.py:588} INFO - Filling up the DagBag from /home/ruslan/.local/lib/python3.10/site-packages/airflow/example_dags/example_inlet_event_extra.py
[2025-03-22T10:38:09.110+0500] {processor.py:925} INFO - DAG(s) 'read_dataset_event', 'read_dataset_event_from_classic' retrieved from /home/ruslan/.local/lib/python3.10/site-packages/airflow/example_dags/example_inlet_event_extra.py
[2025-03-22T10:38:09.126+0500] {logging_mixin.py:190} INFO - [2025-03-22T10:38:09.126+0500] {dag.py:3239} INFO - Sync 2 DAGs
[2025-03-22T10:38:09.138+0500] {logging_mixin.py:190} INFO - [2025-03-22T10:38:09.138+0500] {dag.py:4180} INFO - Setting next_dagrun for read_dataset_event to 2025-03-21 00:00:00+00:00, run_after=2025-03-22 00:00:00+00:00
[2025-03-22T10:38:09.140+0500] {logging_mixin.py:190} INFO - [2025-03-22T10:38:09.140+0500] {dag.py:4180} INFO - Setting next_dagrun for read_dataset_event_from_classic to 2025-03-21 00:00:00+00:00, run_after=2025-03-22 00:00:00+00:00
[2025-03-22T10:38:09.155+0500] {processor.py:208} INFO - Processing /home/ruslan/.local/lib/python3.10/site-packages/airflow/example_dags/example_inlet_event_extra.py took 0.059 seconds
[2025-03-22T10:38:27.991+0500] {processor.py:186} INFO - Started process (PID=38299) to work on /home/ruslan/.local/lib/python3.10/site-packages/airflow/example_dags/example_inlet_event_extra.py
[2025-03-22T10:38:27.992+0500] {processor.py:914} INFO - Processing file /home/ruslan/.local/lib/python3.10/site-packages/airflow/example_dags/example_inlet_event_extra.py for tasks to queue
[2025-03-22T10:38:27.993+0500] {logging_mixin.py:190} INFO - [2025-03-22T10:38:27.993+0500] {dagbag.py:588} INFO - Filling up the DagBag from /home/ruslan/.local/lib/python3.10/site-packages/airflow/example_dags/example_inlet_event_extra.py
[2025-03-22T10:38:28.001+0500] {processor.py:925} INFO - DAG(s) 'read_dataset_event', 'read_dataset_event_from_classic' retrieved from /home/ruslan/.local/lib/python3.10/site-packages/airflow/example_dags/example_inlet_event_extra.py
[2025-03-22T10:38:28.018+0500] {logging_mixin.py:190} INFO - [2025-03-22T10:38:28.018+0500] {dag.py:3239} INFO - Sync 2 DAGs
[2025-03-22T10:38:28.031+0500] {logging_mixin.py:190} INFO - [2025-03-22T10:38:28.031+0500] {dag.py:4180} INFO - Setting next_dagrun for read_dataset_event to 2025-03-21 00:00:00+00:00, run_after=2025-03-22 00:00:00+00:00
[2025-03-22T10:38:28.034+0500] {logging_mixin.py:190} INFO - [2025-03-22T10:38:28.034+0500] {dag.py:4180} INFO - Setting next_dagrun for read_dataset_event_from_classic to 2025-03-21 00:00:00+00:00, run_after=2025-03-22 00:00:00+00:00
[2025-03-22T10:38:28.048+0500] {processor.py:208} INFO - Processing /home/ruslan/.local/lib/python3.10/site-packages/airflow/example_dags/example_inlet_event_extra.py took 0.061 seconds
[2025-03-22T10:39:25.059+0500] {processor.py:186} INFO - Started process (PID=39046) to work on /home/ruslan/.local/lib/python3.10/site-packages/airflow/example_dags/example_inlet_event_extra.py
[2025-03-22T10:39:25.060+0500] {processor.py:914} INFO - Processing file /home/ruslan/.local/lib/python3.10/site-packages/airflow/example_dags/example_inlet_event_extra.py for tasks to queue
[2025-03-22T10:39:25.061+0500] {logging_mixin.py:190} INFO - [2025-03-22T10:39:25.061+0500] {dagbag.py:588} INFO - Filling up the DagBag from /home/ruslan/.local/lib/python3.10/site-packages/airflow/example_dags/example_inlet_event_extra.py
[2025-03-22T10:39:25.069+0500] {processor.py:925} INFO - DAG(s) 'read_dataset_event', 'read_dataset_event_from_classic' retrieved from /home/ruslan/.local/lib/python3.10/site-packages/airflow/example_dags/example_inlet_event_extra.py
[2025-03-22T10:39:25.078+0500] {logging_mixin.py:190} INFO - [2025-03-22T10:39:25.078+0500] {dag.py:3239} INFO - Sync 2 DAGs
[2025-03-22T10:39:25.090+0500] {logging_mixin.py:190} INFO - [2025-03-22T10:39:25.089+0500] {dag.py:4180} INFO - Setting next_dagrun for read_dataset_event to 2025-03-21 00:00:00+00:00, run_after=2025-03-22 00:00:00+00:00
[2025-03-22T10:39:25.092+0500] {logging_mixin.py:190} INFO - [2025-03-22T10:39:25.092+0500] {dag.py:4180} INFO - Setting next_dagrun for read_dataset_event_from_classic to 2025-03-21 00:00:00+00:00, run_after=2025-03-22 00:00:00+00:00
[2025-03-22T10:39:25.106+0500] {processor.py:208} INFO - Processing /home/ruslan/.local/lib/python3.10/site-packages/airflow/example_dags/example_inlet_event_extra.py took 0.051 seconds
[2025-03-22T10:40:14.930+0500] {processor.py:186} INFO - Started process (PID=39636) to work on /home/ruslan/.local/lib/python3.10/site-packages/airflow/example_dags/example_inlet_event_extra.py
[2025-03-22T10:40:14.931+0500] {processor.py:914} INFO - Processing file /home/ruslan/.local/lib/python3.10/site-packages/airflow/example_dags/example_inlet_event_extra.py for tasks to queue
[2025-03-22T10:40:14.933+0500] {logging_mixin.py:190} INFO - [2025-03-22T10:40:14.933+0500] {dagbag.py:588} INFO - Filling up the DagBag from /home/ruslan/.local/lib/python3.10/site-packages/airflow/example_dags/example_inlet_event_extra.py
[2025-03-22T10:40:14.940+0500] {processor.py:925} INFO - DAG(s) 'read_dataset_event_from_classic', 'read_dataset_event' retrieved from /home/ruslan/.local/lib/python3.10/site-packages/airflow/example_dags/example_inlet_event_extra.py
[2025-03-22T10:40:14.949+0500] {logging_mixin.py:190} INFO - [2025-03-22T10:40:14.949+0500] {dag.py:3239} INFO - Sync 2 DAGs
[2025-03-22T10:40:14.962+0500] {logging_mixin.py:190} INFO - [2025-03-22T10:40:14.961+0500] {dag.py:4180} INFO - Setting next_dagrun for read_dataset_event to 2025-03-21 00:00:00+00:00, run_after=2025-03-22 00:00:00+00:00
[2025-03-22T10:40:14.964+0500] {logging_mixin.py:190} INFO - [2025-03-22T10:40:14.964+0500] {dag.py:4180} INFO - Setting next_dagrun for read_dataset_event_from_classic to 2025-03-21 00:00:00+00:00, run_after=2025-03-22 00:00:00+00:00
[2025-03-22T10:40:14.978+0500] {processor.py:208} INFO - Processing /home/ruslan/.local/lib/python3.10/site-packages/airflow/example_dags/example_inlet_event_extra.py took 0.051 seconds
[2025-03-22T10:41:08.270+0500] {processor.py:186} INFO - Started process (PID=40303) to work on /home/ruslan/.local/lib/python3.10/site-packages/airflow/example_dags/example_inlet_event_extra.py
[2025-03-22T10:41:08.272+0500] {processor.py:914} INFO - Processing file /home/ruslan/.local/lib/python3.10/site-packages/airflow/example_dags/example_inlet_event_extra.py for tasks to queue
[2025-03-22T10:41:08.274+0500] {logging_mixin.py:190} INFO - [2025-03-22T10:41:08.273+0500] {dagbag.py:588} INFO - Filling up the DagBag from /home/ruslan/.local/lib/python3.10/site-packages/airflow/example_dags/example_inlet_event_extra.py
[2025-03-22T10:41:08.282+0500] {processor.py:925} INFO - DAG(s) 'read_dataset_event', 'read_dataset_event_from_classic' retrieved from /home/ruslan/.local/lib/python3.10/site-packages/airflow/example_dags/example_inlet_event_extra.py
[2025-03-22T10:41:08.291+0500] {logging_mixin.py:190} INFO - [2025-03-22T10:41:08.291+0500] {dag.py:3239} INFO - Sync 2 DAGs
[2025-03-22T10:41:08.304+0500] {logging_mixin.py:190} INFO - [2025-03-22T10:41:08.304+0500] {dag.py:4180} INFO - Setting next_dagrun for read_dataset_event to 2025-03-21 00:00:00+00:00, run_after=2025-03-22 00:00:00+00:00
[2025-03-22T10:41:08.306+0500] {logging_mixin.py:190} INFO - [2025-03-22T10:41:08.306+0500] {dag.py:4180} INFO - Setting next_dagrun for read_dataset_event_from_classic to 2025-03-21 00:00:00+00:00, run_after=2025-03-22 00:00:00+00:00
[2025-03-22T10:41:08.320+0500] {processor.py:208} INFO - Processing /home/ruslan/.local/lib/python3.10/site-packages/airflow/example_dags/example_inlet_event_extra.py took 0.053 seconds
[2025-03-22T10:42:09.509+0500] {processor.py:186} INFO - Started process (PID=41076) to work on /home/ruslan/.local/lib/python3.10/site-packages/airflow/example_dags/example_inlet_event_extra.py
[2025-03-22T10:42:09.510+0500] {processor.py:914} INFO - Processing file /home/ruslan/.local/lib/python3.10/site-packages/airflow/example_dags/example_inlet_event_extra.py for tasks to queue
[2025-03-22T10:42:09.511+0500] {logging_mixin.py:190} INFO - [2025-03-22T10:42:09.511+0500] {dagbag.py:588} INFO - Filling up the DagBag from /home/ruslan/.local/lib/python3.10/site-packages/airflow/example_dags/example_inlet_event_extra.py
[2025-03-22T10:42:09.518+0500] {processor.py:925} INFO - DAG(s) 'read_dataset_event', 'read_dataset_event_from_classic' retrieved from /home/ruslan/.local/lib/python3.10/site-packages/airflow/example_dags/example_inlet_event_extra.py
[2025-03-22T10:42:09.528+0500] {logging_mixin.py:190} INFO - [2025-03-22T10:42:09.527+0500] {dag.py:3239} INFO - Sync 2 DAGs
[2025-03-22T10:42:09.539+0500] {logging_mixin.py:190} INFO - [2025-03-22T10:42:09.539+0500] {dag.py:4180} INFO - Setting next_dagrun for read_dataset_event to 2025-03-21 00:00:00+00:00, run_after=2025-03-22 00:00:00+00:00
[2025-03-22T10:42:09.542+0500] {logging_mixin.py:190} INFO - [2025-03-22T10:42:09.542+0500] {dag.py:4180} INFO - Setting next_dagrun for read_dataset_event_from_classic to 2025-03-21 00:00:00+00:00, run_after=2025-03-22 00:00:00+00:00
[2025-03-22T10:42:09.556+0500] {processor.py:208} INFO - Processing /home/ruslan/.local/lib/python3.10/site-packages/airflow/example_dags/example_inlet_event_extra.py took 0.051 seconds
[2025-03-22T10:43:03.396+0500] {processor.py:186} INFO - Started process (PID=41656) to work on /home/ruslan/.local/lib/python3.10/site-packages/airflow/example_dags/example_inlet_event_extra.py
[2025-03-22T10:43:03.397+0500] {processor.py:914} INFO - Processing file /home/ruslan/.local/lib/python3.10/site-packages/airflow/example_dags/example_inlet_event_extra.py for tasks to queue
[2025-03-22T10:43:03.399+0500] {logging_mixin.py:190} INFO - [2025-03-22T10:43:03.399+0500] {dagbag.py:588} INFO - Filling up the DagBag from /home/ruslan/.local/lib/python3.10/site-packages/airflow/example_dags/example_inlet_event_extra.py
[2025-03-22T10:43:03.406+0500] {processor.py:925} INFO - DAG(s) 'read_dataset_event', 'read_dataset_event_from_classic' retrieved from /home/ruslan/.local/lib/python3.10/site-packages/airflow/example_dags/example_inlet_event_extra.py
[2025-03-22T10:43:03.416+0500] {logging_mixin.py:190} INFO - [2025-03-22T10:43:03.416+0500] {dag.py:3239} INFO - Sync 2 DAGs
[2025-03-22T10:43:03.427+0500] {logging_mixin.py:190} INFO - [2025-03-22T10:43:03.427+0500] {dag.py:4180} INFO - Setting next_dagrun for read_dataset_event to 2025-03-21 00:00:00+00:00, run_after=2025-03-22 00:00:00+00:00
[2025-03-22T10:43:03.429+0500] {logging_mixin.py:190} INFO - [2025-03-22T10:43:03.429+0500] {dag.py:4180} INFO - Setting next_dagrun for read_dataset_event_from_classic to 2025-03-21 00:00:00+00:00, run_after=2025-03-22 00:00:00+00:00
[2025-03-22T10:43:03.443+0500] {processor.py:208} INFO - Processing /home/ruslan/.local/lib/python3.10/site-packages/airflow/example_dags/example_inlet_event_extra.py took 0.051 seconds
[2025-03-22T10:44:00.462+0500] {processor.py:186} INFO - Started process (PID=42380) to work on /home/ruslan/.local/lib/python3.10/site-packages/airflow/example_dags/example_inlet_event_extra.py
[2025-03-22T10:44:00.464+0500] {processor.py:914} INFO - Processing file /home/ruslan/.local/lib/python3.10/site-packages/airflow/example_dags/example_inlet_event_extra.py for tasks to queue
[2025-03-22T10:44:00.465+0500] {logging_mixin.py:190} INFO - [2025-03-22T10:44:00.465+0500] {dagbag.py:588} INFO - Filling up the DagBag from /home/ruslan/.local/lib/python3.10/site-packages/airflow/example_dags/example_inlet_event_extra.py
[2025-03-22T10:44:00.473+0500] {processor.py:925} INFO - DAG(s) 'read_dataset_event', 'read_dataset_event_from_classic' retrieved from /home/ruslan/.local/lib/python3.10/site-packages/airflow/example_dags/example_inlet_event_extra.py
[2025-03-22T10:44:00.482+0500] {logging_mixin.py:190} INFO - [2025-03-22T10:44:00.482+0500] {dag.py:3239} INFO - Sync 2 DAGs
[2025-03-22T10:44:00.494+0500] {logging_mixin.py:190} INFO - [2025-03-22T10:44:00.494+0500] {dag.py:4180} INFO - Setting next_dagrun for read_dataset_event to 2025-03-21 00:00:00+00:00, run_after=2025-03-22 00:00:00+00:00
[2025-03-22T10:44:00.496+0500] {logging_mixin.py:190} INFO - [2025-03-22T10:44:00.496+0500] {dag.py:4180} INFO - Setting next_dagrun for read_dataset_event_from_classic to 2025-03-21 00:00:00+00:00, run_after=2025-03-22 00:00:00+00:00
[2025-03-22T10:44:00.510+0500] {processor.py:208} INFO - Processing /home/ruslan/.local/lib/python3.10/site-packages/airflow/example_dags/example_inlet_event_extra.py took 0.051 seconds
[2025-03-22T10:44:54.898+0500] {processor.py:186} INFO - Started process (PID=43094) to work on /home/ruslan/.local/lib/python3.10/site-packages/airflow/example_dags/example_inlet_event_extra.py
[2025-03-22T10:44:54.899+0500] {processor.py:914} INFO - Processing file /home/ruslan/.local/lib/python3.10/site-packages/airflow/example_dags/example_inlet_event_extra.py for tasks to queue
[2025-03-22T10:44:54.901+0500] {logging_mixin.py:190} INFO - [2025-03-22T10:44:54.900+0500] {dagbag.py:588} INFO - Filling up the DagBag from /home/ruslan/.local/lib/python3.10/site-packages/airflow/example_dags/example_inlet_event_extra.py
[2025-03-22T10:44:54.908+0500] {processor.py:925} INFO - DAG(s) 'read_dataset_event', 'read_dataset_event_from_classic' retrieved from /home/ruslan/.local/lib/python3.10/site-packages/airflow/example_dags/example_inlet_event_extra.py
[2025-03-22T10:44:54.917+0500] {logging_mixin.py:190} INFO - [2025-03-22T10:44:54.917+0500] {dag.py:3239} INFO - Sync 2 DAGs
[2025-03-22T10:44:54.929+0500] {logging_mixin.py:190} INFO - [2025-03-22T10:44:54.929+0500] {dag.py:4180} INFO - Setting next_dagrun for read_dataset_event to 2025-03-21 00:00:00+00:00, run_after=2025-03-22 00:00:00+00:00
[2025-03-22T10:44:54.932+0500] {logging_mixin.py:190} INFO - [2025-03-22T10:44:54.931+0500] {dag.py:4180} INFO - Setting next_dagrun for read_dataset_event_from_classic to 2025-03-21 00:00:00+00:00, run_after=2025-03-22 00:00:00+00:00
[2025-03-22T10:44:54.946+0500] {processor.py:208} INFO - Processing /home/ruslan/.local/lib/python3.10/site-packages/airflow/example_dags/example_inlet_event_extra.py took 0.051 seconds
[2025-03-22T10:45:49.206+0500] {processor.py:186} INFO - Started process (PID=43715) to work on /home/ruslan/.local/lib/python3.10/site-packages/airflow/example_dags/example_inlet_event_extra.py
[2025-03-22T10:45:49.208+0500] {processor.py:914} INFO - Processing file /home/ruslan/.local/lib/python3.10/site-packages/airflow/example_dags/example_inlet_event_extra.py for tasks to queue
[2025-03-22T10:45:49.209+0500] {logging_mixin.py:190} INFO - [2025-03-22T10:45:49.209+0500] {dagbag.py:588} INFO - Filling up the DagBag from /home/ruslan/.local/lib/python3.10/site-packages/airflow/example_dags/example_inlet_event_extra.py
[2025-03-22T10:45:49.218+0500] {processor.py:925} INFO - DAG(s) 'read_dataset_event_from_classic', 'read_dataset_event' retrieved from /home/ruslan/.local/lib/python3.10/site-packages/airflow/example_dags/example_inlet_event_extra.py
[2025-03-22T10:45:49.229+0500] {logging_mixin.py:190} INFO - [2025-03-22T10:45:49.229+0500] {dag.py:3239} INFO - Sync 2 DAGs
[2025-03-22T10:45:49.253+0500] {logging_mixin.py:190} INFO - [2025-03-22T10:45:49.252+0500] {dag.py:4180} INFO - Setting next_dagrun for read_dataset_event to 2025-03-21 00:00:00+00:00, run_after=2025-03-22 00:00:00+00:00
[2025-03-22T10:45:49.256+0500] {logging_mixin.py:190} INFO - [2025-03-22T10:45:49.256+0500] {dag.py:4180} INFO - Setting next_dagrun for read_dataset_event_from_classic to 2025-03-21 00:00:00+00:00, run_after=2025-03-22 00:00:00+00:00
[2025-03-22T10:45:49.271+0500] {processor.py:208} INFO - Processing /home/ruslan/.local/lib/python3.10/site-packages/airflow/example_dags/example_inlet_event_extra.py took 0.069 seconds
[2025-03-22T10:46:47.389+0500] {processor.py:186} INFO - Started process (PID=44416) to work on /home/ruslan/.local/lib/python3.10/site-packages/airflow/example_dags/example_inlet_event_extra.py
[2025-03-22T10:46:47.390+0500] {processor.py:914} INFO - Processing file /home/ruslan/.local/lib/python3.10/site-packages/airflow/example_dags/example_inlet_event_extra.py for tasks to queue
[2025-03-22T10:46:47.392+0500] {logging_mixin.py:190} INFO - [2025-03-22T10:46:47.392+0500] {dagbag.py:588} INFO - Filling up the DagBag from /home/ruslan/.local/lib/python3.10/site-packages/airflow/example_dags/example_inlet_event_extra.py
[2025-03-22T10:46:47.399+0500] {processor.py:925} INFO - DAG(s) 'read_dataset_event_from_classic', 'read_dataset_event' retrieved from /home/ruslan/.local/lib/python3.10/site-packages/airflow/example_dags/example_inlet_event_extra.py
[2025-03-22T10:46:47.408+0500] {logging_mixin.py:190} INFO - [2025-03-22T10:46:47.408+0500] {dag.py:3239} INFO - Sync 2 DAGs
[2025-03-22T10:46:47.420+0500] {logging_mixin.py:190} INFO - [2025-03-22T10:46:47.420+0500] {dag.py:4180} INFO - Setting next_dagrun for read_dataset_event to 2025-03-21 00:00:00+00:00, run_after=2025-03-22 00:00:00+00:00
[2025-03-22T10:46:47.422+0500] {logging_mixin.py:190} INFO - [2025-03-22T10:46:47.422+0500] {dag.py:4180} INFO - Setting next_dagrun for read_dataset_event_from_classic to 2025-03-21 00:00:00+00:00, run_after=2025-03-22 00:00:00+00:00
[2025-03-22T10:46:47.436+0500] {processor.py:208} INFO - Processing /home/ruslan/.local/lib/python3.10/site-packages/airflow/example_dags/example_inlet_event_extra.py took 0.051 seconds
[2025-03-22T10:47:43.826+0500] {processor.py:186} INFO - Started process (PID=45138) to work on /home/ruslan/.local/lib/python3.10/site-packages/airflow/example_dags/example_inlet_event_extra.py
[2025-03-22T10:47:43.827+0500] {processor.py:914} INFO - Processing file /home/ruslan/.local/lib/python3.10/site-packages/airflow/example_dags/example_inlet_event_extra.py for tasks to queue
[2025-03-22T10:47:43.829+0500] {logging_mixin.py:190} INFO - [2025-03-22T10:47:43.828+0500] {dagbag.py:588} INFO - Filling up the DagBag from /home/ruslan/.local/lib/python3.10/site-packages/airflow/example_dags/example_inlet_event_extra.py
[2025-03-22T10:47:43.836+0500] {processor.py:925} INFO - DAG(s) 'read_dataset_event_from_classic', 'read_dataset_event' retrieved from /home/ruslan/.local/lib/python3.10/site-packages/airflow/example_dags/example_inlet_event_extra.py
[2025-03-22T10:47:43.846+0500] {logging_mixin.py:190} INFO - [2025-03-22T10:47:43.846+0500] {dag.py:3239} INFO - Sync 2 DAGs
[2025-03-22T10:47:43.858+0500] {logging_mixin.py:190} INFO - [2025-03-22T10:47:43.857+0500] {dag.py:4180} INFO - Setting next_dagrun for read_dataset_event to 2025-03-21 00:00:00+00:00, run_after=2025-03-22 00:00:00+00:00
[2025-03-22T10:47:43.860+0500] {logging_mixin.py:190} INFO - [2025-03-22T10:47:43.860+0500] {dag.py:4180} INFO - Setting next_dagrun for read_dataset_event_from_classic to 2025-03-21 00:00:00+00:00, run_after=2025-03-22 00:00:00+00:00
[2025-03-22T10:47:43.874+0500] {processor.py:208} INFO - Processing /home/ruslan/.local/lib/python3.10/site-packages/airflow/example_dags/example_inlet_event_extra.py took 0.052 seconds
[2025-03-22T10:48:35.187+0500] {processor.py:186} INFO - Started process (PID=45899) to work on /home/ruslan/.local/lib/python3.10/site-packages/airflow/example_dags/example_inlet_event_extra.py
[2025-03-22T10:48:35.188+0500] {processor.py:914} INFO - Processing file /home/ruslan/.local/lib/python3.10/site-packages/airflow/example_dags/example_inlet_event_extra.py for tasks to queue
[2025-03-22T10:48:35.189+0500] {logging_mixin.py:190} INFO - [2025-03-22T10:48:35.189+0500] {dagbag.py:588} INFO - Filling up the DagBag from /home/ruslan/.local/lib/python3.10/site-packages/airflow/example_dags/example_inlet_event_extra.py
[2025-03-22T10:48:35.197+0500] {processor.py:925} INFO - DAG(s) 'read_dataset_event_from_classic', 'read_dataset_event' retrieved from /home/ruslan/.local/lib/python3.10/site-packages/airflow/example_dags/example_inlet_event_extra.py
[2025-03-22T10:48:35.206+0500] {logging_mixin.py:190} INFO - [2025-03-22T10:48:35.206+0500] {dag.py:3239} INFO - Sync 2 DAGs
[2025-03-22T10:48:35.218+0500] {logging_mixin.py:190} INFO - [2025-03-22T10:48:35.217+0500] {dag.py:4180} INFO - Setting next_dagrun for read_dataset_event to 2025-03-21 00:00:00+00:00, run_after=2025-03-22 00:00:00+00:00
[2025-03-22T10:48:35.220+0500] {logging_mixin.py:190} INFO - [2025-03-22T10:48:35.220+0500] {dag.py:4180} INFO - Setting next_dagrun for read_dataset_event_from_classic to 2025-03-21 00:00:00+00:00, run_after=2025-03-22 00:00:00+00:00
[2025-03-22T10:48:35.234+0500] {processor.py:208} INFO - Processing /home/ruslan/.local/lib/python3.10/site-packages/airflow/example_dags/example_inlet_event_extra.py took 0.051 seconds
[2025-03-22T12:46:34.470+0500] {processor.py:186} INFO - Started process (PID=829) to work on /home/ruslan/.local/lib/python3.10/site-packages/airflow/example_dags/example_inlet_event_extra.py
[2025-03-22T12:46:34.471+0500] {processor.py:914} INFO - Processing file /home/ruslan/.local/lib/python3.10/site-packages/airflow/example_dags/example_inlet_event_extra.py for tasks to queue
[2025-03-22T12:46:34.472+0500] {logging_mixin.py:190} INFO - [2025-03-22T12:46:34.472+0500] {dagbag.py:588} INFO - Filling up the DagBag from /home/ruslan/.local/lib/python3.10/site-packages/airflow/example_dags/example_inlet_event_extra.py
[2025-03-22T12:46:34.479+0500] {processor.py:925} INFO - DAG(s) 'read_dataset_event_from_classic', 'read_dataset_event' retrieved from /home/ruslan/.local/lib/python3.10/site-packages/airflow/example_dags/example_inlet_event_extra.py
[2025-03-22T12:46:34.493+0500] {logging_mixin.py:190} INFO - [2025-03-22T12:46:34.493+0500] {dag.py:3239} INFO - Sync 2 DAGs
[2025-03-22T12:46:34.504+0500] {logging_mixin.py:190} INFO - [2025-03-22T12:46:34.504+0500] {dag.py:4180} INFO - Setting next_dagrun for read_dataset_event to 2025-03-21 00:00:00+00:00, run_after=2025-03-22 00:00:00+00:00
[2025-03-22T12:46:34.506+0500] {logging_mixin.py:190} INFO - [2025-03-22T12:46:34.506+0500] {dag.py:4180} INFO - Setting next_dagrun for read_dataset_event_from_classic to 2025-03-21 00:00:00+00:00, run_after=2025-03-22 00:00:00+00:00
[2025-03-22T12:46:34.520+0500] {processor.py:208} INFO - Processing /home/ruslan/.local/lib/python3.10/site-packages/airflow/example_dags/example_inlet_event_extra.py took 0.053 seconds
[2025-03-22T12:47:30.595+0500] {processor.py:186} INFO - Started process (PID=1608) to work on /home/ruslan/.local/lib/python3.10/site-packages/airflow/example_dags/example_inlet_event_extra.py
[2025-03-22T12:47:30.596+0500] {processor.py:914} INFO - Processing file /home/ruslan/.local/lib/python3.10/site-packages/airflow/example_dags/example_inlet_event_extra.py for tasks to queue
[2025-03-22T12:47:30.597+0500] {logging_mixin.py:190} INFO - [2025-03-22T12:47:30.597+0500] {dagbag.py:588} INFO - Filling up the DagBag from /home/ruslan/.local/lib/python3.10/site-packages/airflow/example_dags/example_inlet_event_extra.py
[2025-03-22T12:47:30.609+0500] {processor.py:925} INFO - DAG(s) 'read_dataset_event_from_classic', 'read_dataset_event' retrieved from /home/ruslan/.local/lib/python3.10/site-packages/airflow/example_dags/example_inlet_event_extra.py
[2025-03-22T12:47:30.626+0500] {logging_mixin.py:190} INFO - [2025-03-22T12:47:30.626+0500] {dag.py:3239} INFO - Sync 2 DAGs
[2025-03-22T12:47:30.647+0500] {logging_mixin.py:190} INFO - [2025-03-22T12:47:30.647+0500] {dag.py:4180} INFO - Setting next_dagrun for read_dataset_event to 2025-03-21 00:00:00+00:00, run_after=2025-03-22 00:00:00+00:00
[2025-03-22T12:47:30.652+0500] {logging_mixin.py:190} INFO - [2025-03-22T12:47:30.651+0500] {dag.py:4180} INFO - Setting next_dagrun for read_dataset_event_from_classic to 2025-03-21 00:00:00+00:00, run_after=2025-03-22 00:00:00+00:00
[2025-03-22T12:47:30.698+0500] {processor.py:208} INFO - Processing /home/ruslan/.local/lib/python3.10/site-packages/airflow/example_dags/example_inlet_event_extra.py took 0.107 seconds
[2025-03-22T12:48:23.795+0500] {processor.py:186} INFO - Started process (PID=6375) to work on /home/ruslan/.local/lib/python3.10/site-packages/airflow/example_dags/example_inlet_event_extra.py
[2025-03-22T12:48:23.796+0500] {processor.py:914} INFO - Processing file /home/ruslan/.local/lib/python3.10/site-packages/airflow/example_dags/example_inlet_event_extra.py for tasks to queue
[2025-03-22T12:48:23.797+0500] {logging_mixin.py:190} INFO - [2025-03-22T12:48:23.797+0500] {dagbag.py:588} INFO - Filling up the DagBag from /home/ruslan/.local/lib/python3.10/site-packages/airflow/example_dags/example_inlet_event_extra.py
[2025-03-22T12:48:23.805+0500] {processor.py:925} INFO - DAG(s) 'read_dataset_event', 'read_dataset_event_from_classic' retrieved from /home/ruslan/.local/lib/python3.10/site-packages/airflow/example_dags/example_inlet_event_extra.py
[2025-03-22T12:48:23.814+0500] {logging_mixin.py:190} INFO - [2025-03-22T12:48:23.814+0500] {dag.py:3239} INFO - Sync 2 DAGs
[2025-03-22T12:48:23.826+0500] {logging_mixin.py:190} INFO - [2025-03-22T12:48:23.826+0500] {dag.py:4180} INFO - Setting next_dagrun for read_dataset_event to 2025-03-21 00:00:00+00:00, run_after=2025-03-22 00:00:00+00:00
[2025-03-22T12:48:23.828+0500] {logging_mixin.py:190} INFO - [2025-03-22T12:48:23.828+0500] {dag.py:4180} INFO - Setting next_dagrun for read_dataset_event_from_classic to 2025-03-21 00:00:00+00:00, run_after=2025-03-22 00:00:00+00:00
[2025-03-22T12:48:23.841+0500] {processor.py:208} INFO - Processing /home/ruslan/.local/lib/python3.10/site-packages/airflow/example_dags/example_inlet_event_extra.py took 0.049 seconds
[2025-03-22T12:49:13.328+0500] {processor.py:186} INFO - Started process (PID=7061) to work on /home/ruslan/.local/lib/python3.10/site-packages/airflow/example_dags/example_inlet_event_extra.py
[2025-03-22T12:49:13.329+0500] {processor.py:914} INFO - Processing file /home/ruslan/.local/lib/python3.10/site-packages/airflow/example_dags/example_inlet_event_extra.py for tasks to queue
[2025-03-22T12:49:13.331+0500] {logging_mixin.py:190} INFO - [2025-03-22T12:49:13.331+0500] {dagbag.py:588} INFO - Filling up the DagBag from /home/ruslan/.local/lib/python3.10/site-packages/airflow/example_dags/example_inlet_event_extra.py
[2025-03-22T12:49:13.338+0500] {processor.py:925} INFO - DAG(s) 'read_dataset_event_from_classic', 'read_dataset_event' retrieved from /home/ruslan/.local/lib/python3.10/site-packages/airflow/example_dags/example_inlet_event_extra.py
[2025-03-22T12:49:13.349+0500] {logging_mixin.py:190} INFO - [2025-03-22T12:49:13.349+0500] {dag.py:3239} INFO - Sync 2 DAGs
[2025-03-22T12:49:13.365+0500] {logging_mixin.py:190} INFO - [2025-03-22T12:49:13.365+0500] {dag.py:4180} INFO - Setting next_dagrun for read_dataset_event to 2025-03-21 00:00:00+00:00, run_after=2025-03-22 00:00:00+00:00
[2025-03-22T12:49:13.369+0500] {logging_mixin.py:190} INFO - [2025-03-22T12:49:13.369+0500] {dag.py:4180} INFO - Setting next_dagrun for read_dataset_event_from_classic to 2025-03-21 00:00:00+00:00, run_after=2025-03-22 00:00:00+00:00
[2025-03-22T12:49:13.384+0500] {processor.py:208} INFO - Processing /home/ruslan/.local/lib/python3.10/site-packages/airflow/example_dags/example_inlet_event_extra.py took 0.059 seconds
[2025-03-22T12:50:06.536+0500] {processor.py:186} INFO - Started process (PID=7713) to work on /home/ruslan/.local/lib/python3.10/site-packages/airflow/example_dags/example_inlet_event_extra.py
[2025-03-22T12:50:06.537+0500] {processor.py:914} INFO - Processing file /home/ruslan/.local/lib/python3.10/site-packages/airflow/example_dags/example_inlet_event_extra.py for tasks to queue
[2025-03-22T12:50:06.538+0500] {logging_mixin.py:190} INFO - [2025-03-22T12:50:06.538+0500] {dagbag.py:588} INFO - Filling up the DagBag from /home/ruslan/.local/lib/python3.10/site-packages/airflow/example_dags/example_inlet_event_extra.py
[2025-03-22T12:50:06.546+0500] {processor.py:925} INFO - DAG(s) 'read_dataset_event', 'read_dataset_event_from_classic' retrieved from /home/ruslan/.local/lib/python3.10/site-packages/airflow/example_dags/example_inlet_event_extra.py
[2025-03-22T12:50:06.555+0500] {logging_mixin.py:190} INFO - [2025-03-22T12:50:06.555+0500] {dag.py:3239} INFO - Sync 2 DAGs
[2025-03-22T12:50:06.567+0500] {logging_mixin.py:190} INFO - [2025-03-22T12:50:06.567+0500] {dag.py:4180} INFO - Setting next_dagrun for read_dataset_event to 2025-03-21 00:00:00+00:00, run_after=2025-03-22 00:00:00+00:00
[2025-03-22T12:50:06.570+0500] {logging_mixin.py:190} INFO - [2025-03-22T12:50:06.570+0500] {dag.py:4180} INFO - Setting next_dagrun for read_dataset_event_from_classic to 2025-03-21 00:00:00+00:00, run_after=2025-03-22 00:00:00+00:00
[2025-03-22T12:50:06.583+0500] {processor.py:208} INFO - Processing /home/ruslan/.local/lib/python3.10/site-packages/airflow/example_dags/example_inlet_event_extra.py took 0.050 seconds
[2025-03-22T12:50:35.268+0500] {processor.py:186} INFO - Started process (PID=8241) to work on /home/ruslan/.local/lib/python3.10/site-packages/airflow/example_dags/example_inlet_event_extra.py
[2025-03-22T12:50:35.269+0500] {processor.py:914} INFO - Processing file /home/ruslan/.local/lib/python3.10/site-packages/airflow/example_dags/example_inlet_event_extra.py for tasks to queue
[2025-03-22T12:50:35.270+0500] {logging_mixin.py:190} INFO - [2025-03-22T12:50:35.270+0500] {dagbag.py:588} INFO - Filling up the DagBag from /home/ruslan/.local/lib/python3.10/site-packages/airflow/example_dags/example_inlet_event_extra.py
[2025-03-22T12:50:35.278+0500] {processor.py:925} INFO - DAG(s) 'read_dataset_event_from_classic', 'read_dataset_event' retrieved from /home/ruslan/.local/lib/python3.10/site-packages/airflow/example_dags/example_inlet_event_extra.py
[2025-03-22T12:50:35.293+0500] {logging_mixin.py:190} INFO - [2025-03-22T12:50:35.293+0500] {dag.py:3239} INFO - Sync 2 DAGs
[2025-03-22T12:50:35.305+0500] {logging_mixin.py:190} INFO - [2025-03-22T12:50:35.304+0500] {dag.py:4180} INFO - Setting next_dagrun for read_dataset_event to 2025-03-21 00:00:00+00:00, run_after=2025-03-22 00:00:00+00:00
[2025-03-22T12:50:35.307+0500] {logging_mixin.py:190} INFO - [2025-03-22T12:50:35.307+0500] {dag.py:4180} INFO - Setting next_dagrun for read_dataset_event_from_classic to 2025-03-21 00:00:00+00:00, run_after=2025-03-22 00:00:00+00:00
[2025-03-22T12:50:35.320+0500] {processor.py:208} INFO - Processing /home/ruslan/.local/lib/python3.10/site-packages/airflow/example_dags/example_inlet_event_extra.py took 0.055 seconds
[2025-03-22T12:52:07.382+0500] {processor.py:186} INFO - Started process (PID=9744) to work on /home/ruslan/.local/lib/python3.10/site-packages/airflow/example_dags/example_inlet_event_extra.py
[2025-03-22T12:52:07.383+0500] {processor.py:914} INFO - Processing file /home/ruslan/.local/lib/python3.10/site-packages/airflow/example_dags/example_inlet_event_extra.py for tasks to queue
[2025-03-22T12:52:07.385+0500] {logging_mixin.py:190} INFO - [2025-03-22T12:52:07.384+0500] {dagbag.py:588} INFO - Filling up the DagBag from /home/ruslan/.local/lib/python3.10/site-packages/airflow/example_dags/example_inlet_event_extra.py
[2025-03-22T12:52:07.393+0500] {processor.py:925} INFO - DAG(s) 'read_dataset_event_from_classic', 'read_dataset_event' retrieved from /home/ruslan/.local/lib/python3.10/site-packages/airflow/example_dags/example_inlet_event_extra.py
[2025-03-22T12:52:07.403+0500] {logging_mixin.py:190} INFO - [2025-03-22T12:52:07.403+0500] {dag.py:3239} INFO - Sync 2 DAGs
[2025-03-22T12:52:07.415+0500] {logging_mixin.py:190} INFO - [2025-03-22T12:52:07.415+0500] {dag.py:4180} INFO - Setting next_dagrun for read_dataset_event to 2025-03-21 00:00:00+00:00, run_after=2025-03-22 00:00:00+00:00
[2025-03-22T12:52:07.418+0500] {logging_mixin.py:190} INFO - [2025-03-22T12:52:07.418+0500] {dag.py:4180} INFO - Setting next_dagrun for read_dataset_event_from_classic to 2025-03-21 00:00:00+00:00, run_after=2025-03-22 00:00:00+00:00
[2025-03-22T12:52:07.431+0500] {processor.py:208} INFO - Processing /home/ruslan/.local/lib/python3.10/site-packages/airflow/example_dags/example_inlet_event_extra.py took 0.054 seconds
