[2025-03-22T10:06:47.110+0500] {processor.py:186} INFO - Started process (PID=17587) to work on /home/ruslan/.local/lib/python3.10/site-packages/airflow/example_dags/example_branch_python_dop_operator_3.py
[2025-03-22T10:06:47.111+0500] {processor.py:914} INFO - Processing file /home/ruslan/.local/lib/python3.10/site-packages/airflow/example_dags/example_branch_python_dop_operator_3.py for tasks to queue
[2025-03-22T10:06:47.113+0500] {logging_mixin.py:190} INFO - [2025-03-22T10:06:47.112+0500] {dagbag.py:588} INFO - Filling up the DagBag from /home/ruslan/.local/lib/python3.10/site-packages/airflow/example_dags/example_branch_python_dop_operator_3.py
[2025-03-22T10:06:47.121+0500] {processor.py:925} INFO - DAG(s) 'example_branch_dop_operator_v3' retrieved from /home/ruslan/.local/lib/python3.10/site-packages/airflow/example_dags/example_branch_python_dop_operator_3.py
[2025-03-22T10:06:47.181+0500] {logging_mixin.py:190} INFO - [2025-03-22T10:06:47.181+0500] {override.py:1930} INFO - Created Permission View: can delete on DAG:example_branch_dop_operator_v3
[2025-03-22T10:06:47.190+0500] {logging_mixin.py:190} INFO - [2025-03-22T10:06:47.189+0500] {override.py:1930} INFO - Created Permission View: can read on DAG:example_branch_dop_operator_v3
[2025-03-22T10:06:47.197+0500] {logging_mixin.py:190} INFO - [2025-03-22T10:06:47.196+0500] {override.py:1930} INFO - Created Permission View: can edit on DAG:example_branch_dop_operator_v3
[2025-03-22T10:06:47.208+0500] {logging_mixin.py:190} INFO - [2025-03-22T10:06:47.208+0500] {override.py:1930} INFO - Created Permission View: can create on DAG Run:example_branch_dop_operator_v3
[2025-03-22T10:06:47.215+0500] {logging_mixin.py:190} INFO - [2025-03-22T10:06:47.215+0500] {override.py:1930} INFO - Created Permission View: menu access on DAG Run:example_branch_dop_operator_v3
[2025-03-22T10:06:47.222+0500] {logging_mixin.py:190} INFO - [2025-03-22T10:06:47.222+0500] {override.py:1930} INFO - Created Permission View: can read on DAG Run:example_branch_dop_operator_v3
[2025-03-22T10:06:47.229+0500] {logging_mixin.py:190} INFO - [2025-03-22T10:06:47.228+0500] {override.py:1930} INFO - Created Permission View: can delete on DAG Run:example_branch_dop_operator_v3
[2025-03-22T10:06:47.229+0500] {logging_mixin.py:190} INFO - [2025-03-22T10:06:47.229+0500] {dag.py:3239} INFO - Sync 1 DAGs
[2025-03-22T10:06:47.235+0500] {logging_mixin.py:190} INFO - [2025-03-22T10:06:47.235+0500] {dag.py:3262} INFO - Creating ORM DAG for example_branch_dop_operator_v3
[2025-03-22T10:06:47.242+0500] {logging_mixin.py:190} INFO - [2025-03-22T10:06:47.242+0500] {dag.py:4180} INFO - Setting next_dagrun for example_branch_dop_operator_v3 to 2025-03-22 05:05:00+00:00, run_after=2025-03-22 05:06:00+00:00
[2025-03-22T10:06:47.256+0500] {processor.py:208} INFO - Processing /home/ruslan/.local/lib/python3.10/site-packages/airflow/example_dags/example_branch_python_dop_operator_3.py took 0.149 seconds
[2025-03-22T10:07:49.370+0500] {processor.py:186} INFO - Started process (PID=18243) to work on /home/ruslan/.local/lib/python3.10/site-packages/airflow/example_dags/example_branch_python_dop_operator_3.py
[2025-03-22T10:07:49.372+0500] {processor.py:914} INFO - Processing file /home/ruslan/.local/lib/python3.10/site-packages/airflow/example_dags/example_branch_python_dop_operator_3.py for tasks to queue
[2025-03-22T10:07:49.373+0500] {logging_mixin.py:190} INFO - [2025-03-22T10:07:49.373+0500] {dagbag.py:588} INFO - Filling up the DagBag from /home/ruslan/.local/lib/python3.10/site-packages/airflow/example_dags/example_branch_python_dop_operator_3.py
[2025-03-22T10:07:49.379+0500] {processor.py:925} INFO - DAG(s) 'example_branch_dop_operator_v3' retrieved from /home/ruslan/.local/lib/python3.10/site-packages/airflow/example_dags/example_branch_python_dop_operator_3.py
[2025-03-22T10:07:49.387+0500] {logging_mixin.py:190} INFO - [2025-03-22T10:07:49.387+0500] {dag.py:3239} INFO - Sync 1 DAGs
[2025-03-22T10:07:49.399+0500] {logging_mixin.py:190} INFO - [2025-03-22T10:07:49.399+0500] {dag.py:4180} INFO - Setting next_dagrun for example_branch_dop_operator_v3 to 2025-03-22 05:06:00+00:00, run_after=2025-03-22 05:07:00+00:00
[2025-03-22T10:07:49.415+0500] {processor.py:208} INFO - Processing /home/ruslan/.local/lib/python3.10/site-packages/airflow/example_dags/example_branch_python_dop_operator_3.py took 0.048 seconds
[2025-03-22T10:08:45.123+0500] {processor.py:186} INFO - Started process (PID=18799) to work on /home/ruslan/.local/lib/python3.10/site-packages/airflow/example_dags/example_branch_python_dop_operator_3.py
[2025-03-22T10:08:45.124+0500] {processor.py:914} INFO - Processing file /home/ruslan/.local/lib/python3.10/site-packages/airflow/example_dags/example_branch_python_dop_operator_3.py for tasks to queue
[2025-03-22T10:08:45.126+0500] {logging_mixin.py:190} INFO - [2025-03-22T10:08:45.125+0500] {dagbag.py:588} INFO - Filling up the DagBag from /home/ruslan/.local/lib/python3.10/site-packages/airflow/example_dags/example_branch_python_dop_operator_3.py
[2025-03-22T10:08:45.132+0500] {processor.py:925} INFO - DAG(s) 'example_branch_dop_operator_v3' retrieved from /home/ruslan/.local/lib/python3.10/site-packages/airflow/example_dags/example_branch_python_dop_operator_3.py
[2025-03-22T10:08:45.140+0500] {logging_mixin.py:190} INFO - [2025-03-22T10:08:45.140+0500] {dag.py:3239} INFO - Sync 1 DAGs
[2025-03-22T10:08:45.152+0500] {logging_mixin.py:190} INFO - [2025-03-22T10:08:45.152+0500] {dag.py:4180} INFO - Setting next_dagrun for example_branch_dop_operator_v3 to 2025-03-22 05:07:00+00:00, run_after=2025-03-22 05:08:00+00:00
[2025-03-22T10:08:45.167+0500] {processor.py:208} INFO - Processing /home/ruslan/.local/lib/python3.10/site-packages/airflow/example_dags/example_branch_python_dop_operator_3.py took 0.047 seconds
[2025-03-22T10:09:38.177+0500] {processor.py:186} INFO - Started process (PID=19380) to work on /home/ruslan/.local/lib/python3.10/site-packages/airflow/example_dags/example_branch_python_dop_operator_3.py
[2025-03-22T10:09:38.179+0500] {processor.py:914} INFO - Processing file /home/ruslan/.local/lib/python3.10/site-packages/airflow/example_dags/example_branch_python_dop_operator_3.py for tasks to queue
[2025-03-22T10:09:38.180+0500] {logging_mixin.py:190} INFO - [2025-03-22T10:09:38.180+0500] {dagbag.py:588} INFO - Filling up the DagBag from /home/ruslan/.local/lib/python3.10/site-packages/airflow/example_dags/example_branch_python_dop_operator_3.py
[2025-03-22T10:09:38.186+0500] {processor.py:925} INFO - DAG(s) 'example_branch_dop_operator_v3' retrieved from /home/ruslan/.local/lib/python3.10/site-packages/airflow/example_dags/example_branch_python_dop_operator_3.py
[2025-03-22T10:09:38.195+0500] {logging_mixin.py:190} INFO - [2025-03-22T10:09:38.195+0500] {dag.py:3239} INFO - Sync 1 DAGs
[2025-03-22T10:09:38.208+0500] {logging_mixin.py:190} INFO - [2025-03-22T10:09:38.208+0500] {dag.py:4180} INFO - Setting next_dagrun for example_branch_dop_operator_v3 to 2025-03-22 05:08:00+00:00, run_after=2025-03-22 05:09:00+00:00
[2025-03-22T10:09:38.223+0500] {processor.py:208} INFO - Processing /home/ruslan/.local/lib/python3.10/site-packages/airflow/example_dags/example_branch_python_dop_operator_3.py took 0.049 seconds
[2025-03-22T10:10:34.646+0500] {processor.py:186} INFO - Started process (PID=19974) to work on /home/ruslan/.local/lib/python3.10/site-packages/airflow/example_dags/example_branch_python_dop_operator_3.py
[2025-03-22T10:10:34.647+0500] {processor.py:914} INFO - Processing file /home/ruslan/.local/lib/python3.10/site-packages/airflow/example_dags/example_branch_python_dop_operator_3.py for tasks to queue
[2025-03-22T10:10:34.648+0500] {logging_mixin.py:190} INFO - [2025-03-22T10:10:34.648+0500] {dagbag.py:588} INFO - Filling up the DagBag from /home/ruslan/.local/lib/python3.10/site-packages/airflow/example_dags/example_branch_python_dop_operator_3.py
[2025-03-22T10:10:34.655+0500] {processor.py:925} INFO - DAG(s) 'example_branch_dop_operator_v3' retrieved from /home/ruslan/.local/lib/python3.10/site-packages/airflow/example_dags/example_branch_python_dop_operator_3.py
[2025-03-22T10:10:34.664+0500] {logging_mixin.py:190} INFO - [2025-03-22T10:10:34.664+0500] {dag.py:3239} INFO - Sync 1 DAGs
[2025-03-22T10:10:34.679+0500] {logging_mixin.py:190} INFO - [2025-03-22T10:10:34.679+0500] {dag.py:4180} INFO - Setting next_dagrun for example_branch_dop_operator_v3 to 2025-03-22 05:09:00+00:00, run_after=2025-03-22 05:10:00+00:00
[2025-03-22T10:10:34.696+0500] {processor.py:208} INFO - Processing /home/ruslan/.local/lib/python3.10/site-packages/airflow/example_dags/example_branch_python_dop_operator_3.py took 0.054 seconds
[2025-03-22T10:11:27.137+0500] {processor.py:186} INFO - Started process (PID=20489) to work on /home/ruslan/.local/lib/python3.10/site-packages/airflow/example_dags/example_branch_python_dop_operator_3.py
[2025-03-22T10:11:27.138+0500] {processor.py:914} INFO - Processing file /home/ruslan/.local/lib/python3.10/site-packages/airflow/example_dags/example_branch_python_dop_operator_3.py for tasks to queue
[2025-03-22T10:11:27.139+0500] {logging_mixin.py:190} INFO - [2025-03-22T10:11:27.139+0500] {dagbag.py:588} INFO - Filling up the DagBag from /home/ruslan/.local/lib/python3.10/site-packages/airflow/example_dags/example_branch_python_dop_operator_3.py
[2025-03-22T10:11:27.146+0500] {processor.py:925} INFO - DAG(s) 'example_branch_dop_operator_v3' retrieved from /home/ruslan/.local/lib/python3.10/site-packages/airflow/example_dags/example_branch_python_dop_operator_3.py
[2025-03-22T10:11:27.154+0500] {logging_mixin.py:190} INFO - [2025-03-22T10:11:27.154+0500] {dag.py:3239} INFO - Sync 1 DAGs
[2025-03-22T10:11:27.166+0500] {logging_mixin.py:190} INFO - [2025-03-22T10:11:27.166+0500] {dag.py:4180} INFO - Setting next_dagrun for example_branch_dop_operator_v3 to 2025-03-22 05:10:00+00:00, run_after=2025-03-22 05:11:00+00:00
[2025-03-22T10:11:27.182+0500] {processor.py:208} INFO - Processing /home/ruslan/.local/lib/python3.10/site-packages/airflow/example_dags/example_branch_python_dop_operator_3.py took 0.048 seconds
[2025-03-22T10:12:18.458+0500] {processor.py:186} INFO - Started process (PID=21076) to work on /home/ruslan/.local/lib/python3.10/site-packages/airflow/example_dags/example_branch_python_dop_operator_3.py
[2025-03-22T10:12:18.459+0500] {processor.py:914} INFO - Processing file /home/ruslan/.local/lib/python3.10/site-packages/airflow/example_dags/example_branch_python_dop_operator_3.py for tasks to queue
[2025-03-22T10:12:18.461+0500] {logging_mixin.py:190} INFO - [2025-03-22T10:12:18.461+0500] {dagbag.py:588} INFO - Filling up the DagBag from /home/ruslan/.local/lib/python3.10/site-packages/airflow/example_dags/example_branch_python_dop_operator_3.py
[2025-03-22T10:12:18.468+0500] {processor.py:925} INFO - DAG(s) 'example_branch_dop_operator_v3' retrieved from /home/ruslan/.local/lib/python3.10/site-packages/airflow/example_dags/example_branch_python_dop_operator_3.py
[2025-03-22T10:12:18.477+0500] {logging_mixin.py:190} INFO - [2025-03-22T10:12:18.477+0500] {dag.py:3239} INFO - Sync 1 DAGs
[2025-03-22T10:12:18.493+0500] {logging_mixin.py:190} INFO - [2025-03-22T10:12:18.493+0500] {dag.py:4180} INFO - Setting next_dagrun for example_branch_dop_operator_v3 to 2025-03-22 05:11:00+00:00, run_after=2025-03-22 05:12:00+00:00
[2025-03-22T10:12:18.510+0500] {processor.py:208} INFO - Processing /home/ruslan/.local/lib/python3.10/site-packages/airflow/example_dags/example_branch_python_dop_operator_3.py took 0.056 seconds
[2025-03-22T10:13:09.837+0500] {processor.py:186} INFO - Started process (PID=21570) to work on /home/ruslan/.local/lib/python3.10/site-packages/airflow/example_dags/example_branch_python_dop_operator_3.py
[2025-03-22T10:13:09.838+0500] {processor.py:914} INFO - Processing file /home/ruslan/.local/lib/python3.10/site-packages/airflow/example_dags/example_branch_python_dop_operator_3.py for tasks to queue
[2025-03-22T10:13:09.840+0500] {logging_mixin.py:190} INFO - [2025-03-22T10:13:09.840+0500] {dagbag.py:588} INFO - Filling up the DagBag from /home/ruslan/.local/lib/python3.10/site-packages/airflow/example_dags/example_branch_python_dop_operator_3.py
[2025-03-22T10:13:09.847+0500] {processor.py:925} INFO - DAG(s) 'example_branch_dop_operator_v3' retrieved from /home/ruslan/.local/lib/python3.10/site-packages/airflow/example_dags/example_branch_python_dop_operator_3.py
[2025-03-22T10:13:09.856+0500] {logging_mixin.py:190} INFO - [2025-03-22T10:13:09.856+0500] {dag.py:3239} INFO - Sync 1 DAGs
[2025-03-22T10:13:09.870+0500] {logging_mixin.py:190} INFO - [2025-03-22T10:13:09.870+0500] {dag.py:4180} INFO - Setting next_dagrun for example_branch_dop_operator_v3 to 2025-03-22 05:12:00+00:00, run_after=2025-03-22 05:13:00+00:00
[2025-03-22T10:13:09.886+0500] {processor.py:208} INFO - Processing /home/ruslan/.local/lib/python3.10/site-packages/airflow/example_dags/example_branch_python_dop_operator_3.py took 0.053 seconds
[2025-03-22T10:14:02.555+0500] {processor.py:186} INFO - Started process (PID=22084) to work on /home/ruslan/.local/lib/python3.10/site-packages/airflow/example_dags/example_branch_python_dop_operator_3.py
[2025-03-22T10:14:02.556+0500] {processor.py:914} INFO - Processing file /home/ruslan/.local/lib/python3.10/site-packages/airflow/example_dags/example_branch_python_dop_operator_3.py for tasks to queue
[2025-03-22T10:14:02.559+0500] {logging_mixin.py:190} INFO - [2025-03-22T10:14:02.559+0500] {dagbag.py:588} INFO - Filling up the DagBag from /home/ruslan/.local/lib/python3.10/site-packages/airflow/example_dags/example_branch_python_dop_operator_3.py
[2025-03-22T10:14:02.568+0500] {processor.py:925} INFO - DAG(s) 'example_branch_dop_operator_v3' retrieved from /home/ruslan/.local/lib/python3.10/site-packages/airflow/example_dags/example_branch_python_dop_operator_3.py
[2025-03-22T10:14:02.579+0500] {logging_mixin.py:190} INFO - [2025-03-22T10:14:02.579+0500] {dag.py:3239} INFO - Sync 1 DAGs
[2025-03-22T10:14:02.593+0500] {logging_mixin.py:190} INFO - [2025-03-22T10:14:02.593+0500] {dag.py:4180} INFO - Setting next_dagrun for example_branch_dop_operator_v3 to 2025-03-22 05:13:00+00:00, run_after=2025-03-22 05:14:00+00:00
[2025-03-22T10:14:02.609+0500] {processor.py:208} INFO - Processing /home/ruslan/.local/lib/python3.10/site-packages/airflow/example_dags/example_branch_python_dop_operator_3.py took 0.059 seconds
[2025-03-22T10:14:55.333+0500] {processor.py:186} INFO - Started process (PID=22672) to work on /home/ruslan/.local/lib/python3.10/site-packages/airflow/example_dags/example_branch_python_dop_operator_3.py
[2025-03-22T10:14:55.334+0500] {processor.py:914} INFO - Processing file /home/ruslan/.local/lib/python3.10/site-packages/airflow/example_dags/example_branch_python_dop_operator_3.py for tasks to queue
[2025-03-22T10:14:55.335+0500] {logging_mixin.py:190} INFO - [2025-03-22T10:14:55.335+0500] {dagbag.py:588} INFO - Filling up the DagBag from /home/ruslan/.local/lib/python3.10/site-packages/airflow/example_dags/example_branch_python_dop_operator_3.py
[2025-03-22T10:14:55.342+0500] {processor.py:925} INFO - DAG(s) 'example_branch_dop_operator_v3' retrieved from /home/ruslan/.local/lib/python3.10/site-packages/airflow/example_dags/example_branch_python_dop_operator_3.py
[2025-03-22T10:14:55.351+0500] {logging_mixin.py:190} INFO - [2025-03-22T10:14:55.351+0500] {dag.py:3239} INFO - Sync 1 DAGs
[2025-03-22T10:14:55.366+0500] {logging_mixin.py:190} INFO - [2025-03-22T10:14:55.366+0500] {dag.py:4180} INFO - Setting next_dagrun for example_branch_dop_operator_v3 to 2025-03-22 05:13:00+00:00, run_after=2025-03-22 05:14:00+00:00
[2025-03-22T10:14:55.380+0500] {processor.py:208} INFO - Processing /home/ruslan/.local/lib/python3.10/site-packages/airflow/example_dags/example_branch_python_dop_operator_3.py took 0.051 seconds
[2025-03-22T10:15:48.833+0500] {processor.py:186} INFO - Started process (PID=23270) to work on /home/ruslan/.local/lib/python3.10/site-packages/airflow/example_dags/example_branch_python_dop_operator_3.py
[2025-03-22T10:15:48.834+0500] {processor.py:914} INFO - Processing file /home/ruslan/.local/lib/python3.10/site-packages/airflow/example_dags/example_branch_python_dop_operator_3.py for tasks to queue
[2025-03-22T10:15:48.836+0500] {logging_mixin.py:190} INFO - [2025-03-22T10:15:48.835+0500] {dagbag.py:588} INFO - Filling up the DagBag from /home/ruslan/.local/lib/python3.10/site-packages/airflow/example_dags/example_branch_python_dop_operator_3.py
[2025-03-22T10:15:48.842+0500] {processor.py:925} INFO - DAG(s) 'example_branch_dop_operator_v3' retrieved from /home/ruslan/.local/lib/python3.10/site-packages/airflow/example_dags/example_branch_python_dop_operator_3.py
[2025-03-22T10:15:48.850+0500] {logging_mixin.py:190} INFO - [2025-03-22T10:15:48.850+0500] {dag.py:3239} INFO - Sync 1 DAGs
[2025-03-22T10:15:48.864+0500] {logging_mixin.py:190} INFO - [2025-03-22T10:15:48.864+0500] {dag.py:4180} INFO - Setting next_dagrun for example_branch_dop_operator_v3 to 2025-03-22 05:14:00+00:00, run_after=2025-03-22 05:15:00+00:00
[2025-03-22T10:15:48.878+0500] {processor.py:208} INFO - Processing /home/ruslan/.local/lib/python3.10/site-packages/airflow/example_dags/example_branch_python_dop_operator_3.py took 0.049 seconds
[2025-03-22T10:16:37.027+0500] {processor.py:186} INFO - Started process (PID=23745) to work on /home/ruslan/.local/lib/python3.10/site-packages/airflow/example_dags/example_branch_python_dop_operator_3.py
[2025-03-22T10:16:37.028+0500] {processor.py:914} INFO - Processing file /home/ruslan/.local/lib/python3.10/site-packages/airflow/example_dags/example_branch_python_dop_operator_3.py for tasks to queue
[2025-03-22T10:16:37.030+0500] {logging_mixin.py:190} INFO - [2025-03-22T10:16:37.029+0500] {dagbag.py:588} INFO - Filling up the DagBag from /home/ruslan/.local/lib/python3.10/site-packages/airflow/example_dags/example_branch_python_dop_operator_3.py
[2025-03-22T10:16:37.036+0500] {processor.py:925} INFO - DAG(s) 'example_branch_dop_operator_v3' retrieved from /home/ruslan/.local/lib/python3.10/site-packages/airflow/example_dags/example_branch_python_dop_operator_3.py
[2025-03-22T10:16:37.044+0500] {logging_mixin.py:190} INFO - [2025-03-22T10:16:37.044+0500] {dag.py:3239} INFO - Sync 1 DAGs
[2025-03-22T10:16:37.056+0500] {logging_mixin.py:190} INFO - [2025-03-22T10:16:37.056+0500] {dag.py:4180} INFO - Setting next_dagrun for example_branch_dop_operator_v3 to 2025-03-22 05:15:00+00:00, run_after=2025-03-22 05:16:00+00:00
[2025-03-22T10:16:37.071+0500] {processor.py:208} INFO - Processing /home/ruslan/.local/lib/python3.10/site-packages/airflow/example_dags/example_branch_python_dop_operator_3.py took 0.047 seconds
[2025-03-22T10:17:28.343+0500] {processor.py:186} INFO - Started process (PID=24271) to work on /home/ruslan/.local/lib/python3.10/site-packages/airflow/example_dags/example_branch_python_dop_operator_3.py
[2025-03-22T10:17:28.345+0500] {processor.py:914} INFO - Processing file /home/ruslan/.local/lib/python3.10/site-packages/airflow/example_dags/example_branch_python_dop_operator_3.py for tasks to queue
[2025-03-22T10:17:28.346+0500] {logging_mixin.py:190} INFO - [2025-03-22T10:17:28.346+0500] {dagbag.py:588} INFO - Filling up the DagBag from /home/ruslan/.local/lib/python3.10/site-packages/airflow/example_dags/example_branch_python_dop_operator_3.py
[2025-03-22T10:17:28.352+0500] {processor.py:925} INFO - DAG(s) 'example_branch_dop_operator_v3' retrieved from /home/ruslan/.local/lib/python3.10/site-packages/airflow/example_dags/example_branch_python_dop_operator_3.py
[2025-03-22T10:17:28.361+0500] {logging_mixin.py:190} INFO - [2025-03-22T10:17:28.360+0500] {dag.py:3239} INFO - Sync 1 DAGs
[2025-03-22T10:17:28.373+0500] {logging_mixin.py:190} INFO - [2025-03-22T10:17:28.373+0500] {dag.py:4180} INFO - Setting next_dagrun for example_branch_dop_operator_v3 to 2025-03-22 05:16:00+00:00, run_after=2025-03-22 05:17:00+00:00
[2025-03-22T10:17:28.388+0500] {processor.py:208} INFO - Processing /home/ruslan/.local/lib/python3.10/site-packages/airflow/example_dags/example_branch_python_dop_operator_3.py took 0.048 seconds
[2025-03-22T10:18:20.539+0500] {processor.py:186} INFO - Started process (PID=24865) to work on /home/ruslan/.local/lib/python3.10/site-packages/airflow/example_dags/example_branch_python_dop_operator_3.py
[2025-03-22T10:18:20.540+0500] {processor.py:914} INFO - Processing file /home/ruslan/.local/lib/python3.10/site-packages/airflow/example_dags/example_branch_python_dop_operator_3.py for tasks to queue
[2025-03-22T10:18:20.542+0500] {logging_mixin.py:190} INFO - [2025-03-22T10:18:20.542+0500] {dagbag.py:588} INFO - Filling up the DagBag from /home/ruslan/.local/lib/python3.10/site-packages/airflow/example_dags/example_branch_python_dop_operator_3.py
[2025-03-22T10:18:20.548+0500] {processor.py:925} INFO - DAG(s) 'example_branch_dop_operator_v3' retrieved from /home/ruslan/.local/lib/python3.10/site-packages/airflow/example_dags/example_branch_python_dop_operator_3.py
[2025-03-22T10:18:20.556+0500] {logging_mixin.py:190} INFO - [2025-03-22T10:18:20.556+0500] {dag.py:3239} INFO - Sync 1 DAGs
[2025-03-22T10:18:20.569+0500] {logging_mixin.py:190} INFO - [2025-03-22T10:18:20.569+0500] {dag.py:4180} INFO - Setting next_dagrun for example_branch_dop_operator_v3 to 2025-03-22 05:17:00+00:00, run_after=2025-03-22 05:18:00+00:00
[2025-03-22T10:18:20.584+0500] {processor.py:208} INFO - Processing /home/ruslan/.local/lib/python3.10/site-packages/airflow/example_dags/example_branch_python_dop_operator_3.py took 0.048 seconds
[2025-03-22T10:19:11.276+0500] {processor.py:186} INFO - Started process (PID=25373) to work on /home/ruslan/.local/lib/python3.10/site-packages/airflow/example_dags/example_branch_python_dop_operator_3.py
[2025-03-22T10:19:11.277+0500] {processor.py:914} INFO - Processing file /home/ruslan/.local/lib/python3.10/site-packages/airflow/example_dags/example_branch_python_dop_operator_3.py for tasks to queue
[2025-03-22T10:19:11.279+0500] {logging_mixin.py:190} INFO - [2025-03-22T10:19:11.279+0500] {dagbag.py:588} INFO - Filling up the DagBag from /home/ruslan/.local/lib/python3.10/site-packages/airflow/example_dags/example_branch_python_dop_operator_3.py
[2025-03-22T10:19:11.286+0500] {processor.py:925} INFO - DAG(s) 'example_branch_dop_operator_v3' retrieved from /home/ruslan/.local/lib/python3.10/site-packages/airflow/example_dags/example_branch_python_dop_operator_3.py
[2025-03-22T10:19:11.294+0500] {logging_mixin.py:190} INFO - [2025-03-22T10:19:11.294+0500] {dag.py:3239} INFO - Sync 1 DAGs
[2025-03-22T10:19:11.308+0500] {logging_mixin.py:190} INFO - [2025-03-22T10:19:11.308+0500] {dag.py:4180} INFO - Setting next_dagrun for example_branch_dop_operator_v3 to 2025-03-22 05:18:00+00:00, run_after=2025-03-22 05:19:00+00:00
[2025-03-22T10:19:11.323+0500] {processor.py:208} INFO - Processing /home/ruslan/.local/lib/python3.10/site-packages/airflow/example_dags/example_branch_python_dop_operator_3.py took 0.051 seconds
[2025-03-22T10:20:02.943+0500] {processor.py:186} INFO - Started process (PID=25888) to work on /home/ruslan/.local/lib/python3.10/site-packages/airflow/example_dags/example_branch_python_dop_operator_3.py
[2025-03-22T10:20:02.943+0500] {processor.py:914} INFO - Processing file /home/ruslan/.local/lib/python3.10/site-packages/airflow/example_dags/example_branch_python_dop_operator_3.py for tasks to queue
[2025-03-22T10:20:02.945+0500] {logging_mixin.py:190} INFO - [2025-03-22T10:20:02.945+0500] {dagbag.py:588} INFO - Filling up the DagBag from /home/ruslan/.local/lib/python3.10/site-packages/airflow/example_dags/example_branch_python_dop_operator_3.py
[2025-03-22T10:20:02.952+0500] {processor.py:925} INFO - DAG(s) 'example_branch_dop_operator_v3' retrieved from /home/ruslan/.local/lib/python3.10/site-packages/airflow/example_dags/example_branch_python_dop_operator_3.py
[2025-03-22T10:20:02.963+0500] {logging_mixin.py:190} INFO - [2025-03-22T10:20:02.963+0500] {dag.py:3239} INFO - Sync 1 DAGs
[2025-03-22T10:20:02.985+0500] {logging_mixin.py:190} INFO - [2025-03-22T10:20:02.985+0500] {dag.py:4180} INFO - Setting next_dagrun for example_branch_dop_operator_v3 to 2025-03-22 05:19:00+00:00, run_after=2025-03-22 05:20:00+00:00
[2025-03-22T10:20:03.001+0500] {processor.py:208} INFO - Processing /home/ruslan/.local/lib/python3.10/site-packages/airflow/example_dags/example_branch_python_dop_operator_3.py took 0.063 seconds
[2025-03-22T10:20:53.977+0500] {processor.py:186} INFO - Started process (PID=26488) to work on /home/ruslan/.local/lib/python3.10/site-packages/airflow/example_dags/example_branch_python_dop_operator_3.py
[2025-03-22T10:20:53.978+0500] {processor.py:914} INFO - Processing file /home/ruslan/.local/lib/python3.10/site-packages/airflow/example_dags/example_branch_python_dop_operator_3.py for tasks to queue
[2025-03-22T10:20:53.980+0500] {logging_mixin.py:190} INFO - [2025-03-22T10:20:53.980+0500] {dagbag.py:588} INFO - Filling up the DagBag from /home/ruslan/.local/lib/python3.10/site-packages/airflow/example_dags/example_branch_python_dop_operator_3.py
[2025-03-22T10:20:53.987+0500] {processor.py:925} INFO - DAG(s) 'example_branch_dop_operator_v3' retrieved from /home/ruslan/.local/lib/python3.10/site-packages/airflow/example_dags/example_branch_python_dop_operator_3.py
[2025-03-22T10:20:53.995+0500] {logging_mixin.py:190} INFO - [2025-03-22T10:20:53.995+0500] {dag.py:3239} INFO - Sync 1 DAGs
[2025-03-22T10:20:54.009+0500] {logging_mixin.py:190} INFO - [2025-03-22T10:20:54.009+0500] {dag.py:4180} INFO - Setting next_dagrun for example_branch_dop_operator_v3 to 2025-03-22 05:19:00+00:00, run_after=2025-03-22 05:20:00+00:00
[2025-03-22T10:20:54.025+0500] {processor.py:208} INFO - Processing /home/ruslan/.local/lib/python3.10/site-packages/airflow/example_dags/example_branch_python_dop_operator_3.py took 0.052 seconds
[2025-03-22T10:21:48.119+0500] {processor.py:186} INFO - Started process (PID=26998) to work on /home/ruslan/.local/lib/python3.10/site-packages/airflow/example_dags/example_branch_python_dop_operator_3.py
[2025-03-22T10:21:48.120+0500] {processor.py:914} INFO - Processing file /home/ruslan/.local/lib/python3.10/site-packages/airflow/example_dags/example_branch_python_dop_operator_3.py for tasks to queue
[2025-03-22T10:21:48.122+0500] {logging_mixin.py:190} INFO - [2025-03-22T10:21:48.121+0500] {dagbag.py:588} INFO - Filling up the DagBag from /home/ruslan/.local/lib/python3.10/site-packages/airflow/example_dags/example_branch_python_dop_operator_3.py
[2025-03-22T10:21:48.128+0500] {processor.py:925} INFO - DAG(s) 'example_branch_dop_operator_v3' retrieved from /home/ruslan/.local/lib/python3.10/site-packages/airflow/example_dags/example_branch_python_dop_operator_3.py
[2025-03-22T10:21:48.137+0500] {logging_mixin.py:190} INFO - [2025-03-22T10:21:48.137+0500] {dag.py:3239} INFO - Sync 1 DAGs
[2025-03-22T10:21:48.151+0500] {logging_mixin.py:190} INFO - [2025-03-22T10:21:48.150+0500] {dag.py:4180} INFO - Setting next_dagrun for example_branch_dop_operator_v3 to 2025-03-22 05:20:00+00:00, run_after=2025-03-22 05:21:00+00:00
[2025-03-22T10:21:48.165+0500] {processor.py:208} INFO - Processing /home/ruslan/.local/lib/python3.10/site-packages/airflow/example_dags/example_branch_python_dop_operator_3.py took 0.050 seconds
[2025-03-22T10:22:41.166+0500] {processor.py:186} INFO - Started process (PID=27600) to work on /home/ruslan/.local/lib/python3.10/site-packages/airflow/example_dags/example_branch_python_dop_operator_3.py
[2025-03-22T10:22:41.168+0500] {processor.py:914} INFO - Processing file /home/ruslan/.local/lib/python3.10/site-packages/airflow/example_dags/example_branch_python_dop_operator_3.py for tasks to queue
[2025-03-22T10:22:41.169+0500] {logging_mixin.py:190} INFO - [2025-03-22T10:22:41.169+0500] {dagbag.py:588} INFO - Filling up the DagBag from /home/ruslan/.local/lib/python3.10/site-packages/airflow/example_dags/example_branch_python_dop_operator_3.py
[2025-03-22T10:22:41.176+0500] {processor.py:925} INFO - DAG(s) 'example_branch_dop_operator_v3' retrieved from /home/ruslan/.local/lib/python3.10/site-packages/airflow/example_dags/example_branch_python_dop_operator_3.py
[2025-03-22T10:22:41.185+0500] {logging_mixin.py:190} INFO - [2025-03-22T10:22:41.185+0500] {dag.py:3239} INFO - Sync 1 DAGs
[2025-03-22T10:22:41.199+0500] {logging_mixin.py:190} INFO - [2025-03-22T10:22:41.198+0500] {dag.py:4180} INFO - Setting next_dagrun for example_branch_dop_operator_v3 to 2025-03-22 05:21:00+00:00, run_after=2025-03-22 05:22:00+00:00
[2025-03-22T10:22:41.215+0500] {processor.py:208} INFO - Processing /home/ruslan/.local/lib/python3.10/site-packages/airflow/example_dags/example_branch_python_dop_operator_3.py took 0.052 seconds
[2025-03-22T10:23:33.348+0500] {processor.py:186} INFO - Started process (PID=28138) to work on /home/ruslan/.local/lib/python3.10/site-packages/airflow/example_dags/example_branch_python_dop_operator_3.py
[2025-03-22T10:23:33.349+0500] {processor.py:914} INFO - Processing file /home/ruslan/.local/lib/python3.10/site-packages/airflow/example_dags/example_branch_python_dop_operator_3.py for tasks to queue
[2025-03-22T10:23:33.350+0500] {logging_mixin.py:190} INFO - [2025-03-22T10:23:33.350+0500] {dagbag.py:588} INFO - Filling up the DagBag from /home/ruslan/.local/lib/python3.10/site-packages/airflow/example_dags/example_branch_python_dop_operator_3.py
[2025-03-22T10:23:33.357+0500] {processor.py:925} INFO - DAG(s) 'example_branch_dop_operator_v3' retrieved from /home/ruslan/.local/lib/python3.10/site-packages/airflow/example_dags/example_branch_python_dop_operator_3.py
[2025-03-22T10:23:33.366+0500] {logging_mixin.py:190} INFO - [2025-03-22T10:23:33.365+0500] {dag.py:3239} INFO - Sync 1 DAGs
[2025-03-22T10:23:33.379+0500] {logging_mixin.py:190} INFO - [2025-03-22T10:23:33.379+0500] {dag.py:4180} INFO - Setting next_dagrun for example_branch_dop_operator_v3 to 2025-03-22 05:22:00+00:00, run_after=2025-03-22 05:23:00+00:00
[2025-03-22T10:23:33.394+0500] {processor.py:208} INFO - Processing /home/ruslan/.local/lib/python3.10/site-packages/airflow/example_dags/example_branch_python_dop_operator_3.py took 0.050 seconds
[2025-03-22T10:24:26.103+0500] {processor.py:186} INFO - Started process (PID=28741) to work on /home/ruslan/.local/lib/python3.10/site-packages/airflow/example_dags/example_branch_python_dop_operator_3.py
[2025-03-22T10:24:26.104+0500] {processor.py:914} INFO - Processing file /home/ruslan/.local/lib/python3.10/site-packages/airflow/example_dags/example_branch_python_dop_operator_3.py for tasks to queue
[2025-03-22T10:24:26.106+0500] {logging_mixin.py:190} INFO - [2025-03-22T10:24:26.106+0500] {dagbag.py:588} INFO - Filling up the DagBag from /home/ruslan/.local/lib/python3.10/site-packages/airflow/example_dags/example_branch_python_dop_operator_3.py
[2025-03-22T10:24:26.112+0500] {processor.py:925} INFO - DAG(s) 'example_branch_dop_operator_v3' retrieved from /home/ruslan/.local/lib/python3.10/site-packages/airflow/example_dags/example_branch_python_dop_operator_3.py
[2025-03-22T10:24:26.122+0500] {logging_mixin.py:190} INFO - [2025-03-22T10:24:26.121+0500] {dag.py:3239} INFO - Sync 1 DAGs
[2025-03-22T10:24:26.135+0500] {logging_mixin.py:190} INFO - [2025-03-22T10:24:26.135+0500] {dag.py:4180} INFO - Setting next_dagrun for example_branch_dop_operator_v3 to 2025-03-22 05:23:00+00:00, run_after=2025-03-22 05:24:00+00:00
[2025-03-22T10:24:26.150+0500] {processor.py:208} INFO - Processing /home/ruslan/.local/lib/python3.10/site-packages/airflow/example_dags/example_branch_python_dop_operator_3.py took 0.051 seconds
[2025-03-22T10:25:13.462+0500] {processor.py:186} INFO - Started process (PID=29241) to work on /home/ruslan/.local/lib/python3.10/site-packages/airflow/example_dags/example_branch_python_dop_operator_3.py
[2025-03-22T10:25:13.463+0500] {processor.py:914} INFO - Processing file /home/ruslan/.local/lib/python3.10/site-packages/airflow/example_dags/example_branch_python_dop_operator_3.py for tasks to queue
[2025-03-22T10:25:13.465+0500] {logging_mixin.py:190} INFO - [2025-03-22T10:25:13.465+0500] {dagbag.py:588} INFO - Filling up the DagBag from /home/ruslan/.local/lib/python3.10/site-packages/airflow/example_dags/example_branch_python_dop_operator_3.py
[2025-03-22T10:25:13.472+0500] {processor.py:925} INFO - DAG(s) 'example_branch_dop_operator_v3' retrieved from /home/ruslan/.local/lib/python3.10/site-packages/airflow/example_dags/example_branch_python_dop_operator_3.py
[2025-03-22T10:25:13.481+0500] {logging_mixin.py:190} INFO - [2025-03-22T10:25:13.481+0500] {dag.py:3239} INFO - Sync 1 DAGs
[2025-03-22T10:25:13.495+0500] {logging_mixin.py:190} INFO - [2025-03-22T10:25:13.495+0500] {dag.py:4180} INFO - Setting next_dagrun for example_branch_dop_operator_v3 to 2025-03-22 05:24:00+00:00, run_after=2025-03-22 05:25:00+00:00
[2025-03-22T10:25:13.512+0500] {processor.py:208} INFO - Processing /home/ruslan/.local/lib/python3.10/site-packages/airflow/example_dags/example_branch_python_dop_operator_3.py took 0.053 seconds
[2025-03-22T10:26:07.043+0500] {processor.py:186} INFO - Started process (PID=29858) to work on /home/ruslan/.local/lib/python3.10/site-packages/airflow/example_dags/example_branch_python_dop_operator_3.py
[2025-03-22T10:26:07.044+0500] {processor.py:914} INFO - Processing file /home/ruslan/.local/lib/python3.10/site-packages/airflow/example_dags/example_branch_python_dop_operator_3.py for tasks to queue
[2025-03-22T10:26:07.046+0500] {logging_mixin.py:190} INFO - [2025-03-22T10:26:07.046+0500] {dagbag.py:588} INFO - Filling up the DagBag from /home/ruslan/.local/lib/python3.10/site-packages/airflow/example_dags/example_branch_python_dop_operator_3.py
[2025-03-22T10:26:07.053+0500] {processor.py:925} INFO - DAG(s) 'example_branch_dop_operator_v3' retrieved from /home/ruslan/.local/lib/python3.10/site-packages/airflow/example_dags/example_branch_python_dop_operator_3.py
[2025-03-22T10:26:07.062+0500] {logging_mixin.py:190} INFO - [2025-03-22T10:26:07.062+0500] {dag.py:3239} INFO - Sync 1 DAGs
[2025-03-22T10:26:07.076+0500] {logging_mixin.py:190} INFO - [2025-03-22T10:26:07.076+0500] {dag.py:4180} INFO - Setting next_dagrun for example_branch_dop_operator_v3 to 2025-03-22 05:25:00+00:00, run_after=2025-03-22 05:26:00+00:00
[2025-03-22T10:26:07.092+0500] {processor.py:208} INFO - Processing /home/ruslan/.local/lib/python3.10/site-packages/airflow/example_dags/example_branch_python_dop_operator_3.py took 0.053 seconds
[2025-03-22T10:26:58.770+0500] {processor.py:186} INFO - Started process (PID=30844) to work on /home/ruslan/.local/lib/python3.10/site-packages/airflow/example_dags/example_branch_python_dop_operator_3.py
[2025-03-22T10:26:58.771+0500] {processor.py:914} INFO - Processing file /home/ruslan/.local/lib/python3.10/site-packages/airflow/example_dags/example_branch_python_dop_operator_3.py for tasks to queue
[2025-03-22T10:26:58.772+0500] {logging_mixin.py:190} INFO - [2025-03-22T10:26:58.772+0500] {dagbag.py:588} INFO - Filling up the DagBag from /home/ruslan/.local/lib/python3.10/site-packages/airflow/example_dags/example_branch_python_dop_operator_3.py
[2025-03-22T10:26:58.779+0500] {processor.py:925} INFO - DAG(s) 'example_branch_dop_operator_v3' retrieved from /home/ruslan/.local/lib/python3.10/site-packages/airflow/example_dags/example_branch_python_dop_operator_3.py
[2025-03-22T10:26:58.788+0500] {logging_mixin.py:190} INFO - [2025-03-22T10:26:58.788+0500] {dag.py:3239} INFO - Sync 1 DAGs
[2025-03-22T10:26:58.801+0500] {logging_mixin.py:190} INFO - [2025-03-22T10:26:58.801+0500] {dag.py:4180} INFO - Setting next_dagrun for example_branch_dop_operator_v3 to 2025-03-22 05:25:00+00:00, run_after=2025-03-22 05:26:00+00:00
[2025-03-22T10:26:58.815+0500] {processor.py:208} INFO - Processing /home/ruslan/.local/lib/python3.10/site-packages/airflow/example_dags/example_branch_python_dop_operator_3.py took 0.050 seconds
[2025-03-22T10:27:49.814+0500] {processor.py:186} INFO - Started process (PID=31518) to work on /home/ruslan/.local/lib/python3.10/site-packages/airflow/example_dags/example_branch_python_dop_operator_3.py
[2025-03-22T10:27:49.815+0500] {processor.py:914} INFO - Processing file /home/ruslan/.local/lib/python3.10/site-packages/airflow/example_dags/example_branch_python_dop_operator_3.py for tasks to queue
[2025-03-22T10:27:49.817+0500] {logging_mixin.py:190} INFO - [2025-03-22T10:27:49.817+0500] {dagbag.py:588} INFO - Filling up the DagBag from /home/ruslan/.local/lib/python3.10/site-packages/airflow/example_dags/example_branch_python_dop_operator_3.py
[2025-03-22T10:27:49.823+0500] {processor.py:925} INFO - DAG(s) 'example_branch_dop_operator_v3' retrieved from /home/ruslan/.local/lib/python3.10/site-packages/airflow/example_dags/example_branch_python_dop_operator_3.py
[2025-03-22T10:27:49.831+0500] {logging_mixin.py:190} INFO - [2025-03-22T10:27:49.831+0500] {dag.py:3239} INFO - Sync 1 DAGs
[2025-03-22T10:27:49.845+0500] {logging_mixin.py:190} INFO - [2025-03-22T10:27:49.844+0500] {dag.py:4180} INFO - Setting next_dagrun for example_branch_dop_operator_v3 to 2025-03-22 05:26:00+00:00, run_after=2025-03-22 05:27:00+00:00
[2025-03-22T10:27:49.860+0500] {processor.py:208} INFO - Processing /home/ruslan/.local/lib/python3.10/site-packages/airflow/example_dags/example_branch_python_dop_operator_3.py took 0.049 seconds
[2025-03-22T10:28:41.482+0500] {processor.py:186} INFO - Started process (PID=32082) to work on /home/ruslan/.local/lib/python3.10/site-packages/airflow/example_dags/example_branch_python_dop_operator_3.py
[2025-03-22T10:28:41.483+0500] {processor.py:914} INFO - Processing file /home/ruslan/.local/lib/python3.10/site-packages/airflow/example_dags/example_branch_python_dop_operator_3.py for tasks to queue
[2025-03-22T10:28:41.485+0500] {logging_mixin.py:190} INFO - [2025-03-22T10:28:41.484+0500] {dagbag.py:588} INFO - Filling up the DagBag from /home/ruslan/.local/lib/python3.10/site-packages/airflow/example_dags/example_branch_python_dop_operator_3.py
[2025-03-22T10:28:41.491+0500] {processor.py:925} INFO - DAG(s) 'example_branch_dop_operator_v3' retrieved from /home/ruslan/.local/lib/python3.10/site-packages/airflow/example_dags/example_branch_python_dop_operator_3.py
[2025-03-22T10:28:41.499+0500] {logging_mixin.py:190} INFO - [2025-03-22T10:28:41.499+0500] {dag.py:3239} INFO - Sync 1 DAGs
[2025-03-22T10:28:41.512+0500] {logging_mixin.py:190} INFO - [2025-03-22T10:28:41.512+0500] {dag.py:4180} INFO - Setting next_dagrun for example_branch_dop_operator_v3 to 2025-03-22 05:27:00+00:00, run_after=2025-03-22 05:28:00+00:00
[2025-03-22T10:28:41.528+0500] {processor.py:208} INFO - Processing /home/ruslan/.local/lib/python3.10/site-packages/airflow/example_dags/example_branch_python_dop_operator_3.py took 0.049 seconds
[2025-03-22T10:29:35.084+0500] {processor.py:186} INFO - Started process (PID=32668) to work on /home/ruslan/.local/lib/python3.10/site-packages/airflow/example_dags/example_branch_python_dop_operator_3.py
[2025-03-22T10:29:35.085+0500] {processor.py:914} INFO - Processing file /home/ruslan/.local/lib/python3.10/site-packages/airflow/example_dags/example_branch_python_dop_operator_3.py for tasks to queue
[2025-03-22T10:29:35.087+0500] {logging_mixin.py:190} INFO - [2025-03-22T10:29:35.087+0500] {dagbag.py:588} INFO - Filling up the DagBag from /home/ruslan/.local/lib/python3.10/site-packages/airflow/example_dags/example_branch_python_dop_operator_3.py
[2025-03-22T10:29:35.094+0500] {processor.py:925} INFO - DAG(s) 'example_branch_dop_operator_v3' retrieved from /home/ruslan/.local/lib/python3.10/site-packages/airflow/example_dags/example_branch_python_dop_operator_3.py
[2025-03-22T10:29:35.103+0500] {logging_mixin.py:190} INFO - [2025-03-22T10:29:35.103+0500] {dag.py:3239} INFO - Sync 1 DAGs
[2025-03-22T10:29:35.118+0500] {logging_mixin.py:190} INFO - [2025-03-22T10:29:35.118+0500] {dag.py:4180} INFO - Setting next_dagrun for example_branch_dop_operator_v3 to 2025-03-22 05:28:00+00:00, run_after=2025-03-22 05:29:00+00:00
[2025-03-22T10:29:35.135+0500] {processor.py:208} INFO - Processing /home/ruslan/.local/lib/python3.10/site-packages/airflow/example_dags/example_branch_python_dop_operator_3.py took 0.055 seconds
[2025-03-22T10:30:26.855+0500] {processor.py:186} INFO - Started process (PID=32929) to work on /home/ruslan/.local/lib/python3.10/site-packages/airflow/example_dags/example_branch_python_dop_operator_3.py
[2025-03-22T10:30:26.856+0500] {processor.py:914} INFO - Processing file /home/ruslan/.local/lib/python3.10/site-packages/airflow/example_dags/example_branch_python_dop_operator_3.py for tasks to queue
[2025-03-22T10:30:26.857+0500] {logging_mixin.py:190} INFO - [2025-03-22T10:30:26.857+0500] {dagbag.py:588} INFO - Filling up the DagBag from /home/ruslan/.local/lib/python3.10/site-packages/airflow/example_dags/example_branch_python_dop_operator_3.py
[2025-03-22T10:30:26.864+0500] {processor.py:925} INFO - DAG(s) 'example_branch_dop_operator_v3' retrieved from /home/ruslan/.local/lib/python3.10/site-packages/airflow/example_dags/example_branch_python_dop_operator_3.py
[2025-03-22T10:30:26.872+0500] {logging_mixin.py:190} INFO - [2025-03-22T10:30:26.872+0500] {dag.py:3239} INFO - Sync 1 DAGs
[2025-03-22T10:30:26.885+0500] {logging_mixin.py:190} INFO - [2025-03-22T10:30:26.884+0500] {dag.py:4180} INFO - Setting next_dagrun for example_branch_dop_operator_v3 to 2025-03-22 05:29:00+00:00, run_after=2025-03-22 05:30:00+00:00
[2025-03-22T10:30:26.899+0500] {processor.py:208} INFO - Processing /home/ruslan/.local/lib/python3.10/site-packages/airflow/example_dags/example_branch_python_dop_operator_3.py took 0.048 seconds
[2025-03-22T10:31:19.259+0500] {processor.py:186} INFO - Started process (PID=33474) to work on /home/ruslan/.local/lib/python3.10/site-packages/airflow/example_dags/example_branch_python_dop_operator_3.py
[2025-03-22T10:31:19.260+0500] {processor.py:914} INFO - Processing file /home/ruslan/.local/lib/python3.10/site-packages/airflow/example_dags/example_branch_python_dop_operator_3.py for tasks to queue
[2025-03-22T10:31:19.261+0500] {logging_mixin.py:190} INFO - [2025-03-22T10:31:19.261+0500] {dagbag.py:588} INFO - Filling up the DagBag from /home/ruslan/.local/lib/python3.10/site-packages/airflow/example_dags/example_branch_python_dop_operator_3.py
[2025-03-22T10:31:19.268+0500] {processor.py:925} INFO - DAG(s) 'example_branch_dop_operator_v3' retrieved from /home/ruslan/.local/lib/python3.10/site-packages/airflow/example_dags/example_branch_python_dop_operator_3.py
[2025-03-22T10:31:19.277+0500] {logging_mixin.py:190} INFO - [2025-03-22T10:31:19.277+0500] {dag.py:3239} INFO - Sync 1 DAGs
[2025-03-22T10:31:19.291+0500] {logging_mixin.py:190} INFO - [2025-03-22T10:31:19.291+0500] {dag.py:4180} INFO - Setting next_dagrun for example_branch_dop_operator_v3 to 2025-03-22 05:30:00+00:00, run_after=2025-03-22 05:31:00+00:00
[2025-03-22T10:31:19.306+0500] {processor.py:208} INFO - Processing /home/ruslan/.local/lib/python3.10/site-packages/airflow/example_dags/example_branch_python_dop_operator_3.py took 0.050 seconds
[2025-03-22T10:32:10.154+0500] {processor.py:186} INFO - Started process (PID=34118) to work on /home/ruslan/.local/lib/python3.10/site-packages/airflow/example_dags/example_branch_python_dop_operator_3.py
[2025-03-22T10:32:10.155+0500] {processor.py:914} INFO - Processing file /home/ruslan/.local/lib/python3.10/site-packages/airflow/example_dags/example_branch_python_dop_operator_3.py for tasks to queue
[2025-03-22T10:32:10.156+0500] {logging_mixin.py:190} INFO - [2025-03-22T10:32:10.155+0500] {dagbag.py:588} INFO - Filling up the DagBag from /home/ruslan/.local/lib/python3.10/site-packages/airflow/example_dags/example_branch_python_dop_operator_3.py
[2025-03-22T10:32:10.162+0500] {processor.py:925} INFO - DAG(s) 'example_branch_dop_operator_v3' retrieved from /home/ruslan/.local/lib/python3.10/site-packages/airflow/example_dags/example_branch_python_dop_operator_3.py
[2025-03-22T10:32:10.171+0500] {logging_mixin.py:190} INFO - [2025-03-22T10:32:10.171+0500] {dag.py:3239} INFO - Sync 1 DAGs
[2025-03-22T10:32:10.185+0500] {logging_mixin.py:190} INFO - [2025-03-22T10:32:10.185+0500] {dag.py:4180} INFO - Setting next_dagrun for example_branch_dop_operator_v3 to 2025-03-22 05:31:00+00:00, run_after=2025-03-22 05:32:00+00:00
[2025-03-22T10:32:10.200+0500] {processor.py:208} INFO - Processing /home/ruslan/.local/lib/python3.10/site-packages/airflow/example_dags/example_branch_python_dop_operator_3.py took 0.050 seconds
[2025-03-22T10:32:53.528+0500] {processor.py:186} INFO - Started process (PID=34721) to work on /home/ruslan/.local/lib/python3.10/site-packages/airflow/example_dags/example_branch_python_dop_operator_3.py
[2025-03-22T10:32:53.529+0500] {processor.py:914} INFO - Processing file /home/ruslan/.local/lib/python3.10/site-packages/airflow/example_dags/example_branch_python_dop_operator_3.py for tasks to queue
[2025-03-22T10:32:53.531+0500] {logging_mixin.py:190} INFO - [2025-03-22T10:32:53.530+0500] {dagbag.py:588} INFO - Filling up the DagBag from /home/ruslan/.local/lib/python3.10/site-packages/airflow/example_dags/example_branch_python_dop_operator_3.py
[2025-03-22T10:32:53.539+0500] {processor.py:925} INFO - DAG(s) 'example_branch_dop_operator_v3' retrieved from /home/ruslan/.local/lib/python3.10/site-packages/airflow/example_dags/example_branch_python_dop_operator_3.py
[2025-03-22T10:32:53.551+0500] {logging_mixin.py:190} INFO - [2025-03-22T10:32:53.551+0500] {dag.py:3239} INFO - Sync 1 DAGs
[2025-03-22T10:32:53.564+0500] {logging_mixin.py:190} INFO - [2025-03-22T10:32:53.563+0500] {dag.py:4180} INFO - Setting next_dagrun for example_branch_dop_operator_v3 to 2025-03-22 05:31:00+00:00, run_after=2025-03-22 05:32:00+00:00
[2025-03-22T10:32:53.578+0500] {processor.py:208} INFO - Processing /home/ruslan/.local/lib/python3.10/site-packages/airflow/example_dags/example_branch_python_dop_operator_3.py took 0.053 seconds
[2025-03-22T10:33:46.025+0500] {processor.py:186} INFO - Started process (PID=35234) to work on /home/ruslan/.local/lib/python3.10/site-packages/airflow/example_dags/example_branch_python_dop_operator_3.py
[2025-03-22T10:33:46.026+0500] {processor.py:914} INFO - Processing file /home/ruslan/.local/lib/python3.10/site-packages/airflow/example_dags/example_branch_python_dop_operator_3.py for tasks to queue
[2025-03-22T10:33:46.028+0500] {logging_mixin.py:190} INFO - [2025-03-22T10:33:46.027+0500] {dagbag.py:588} INFO - Filling up the DagBag from /home/ruslan/.local/lib/python3.10/site-packages/airflow/example_dags/example_branch_python_dop_operator_3.py
[2025-03-22T10:33:46.034+0500] {processor.py:925} INFO - DAG(s) 'example_branch_dop_operator_v3' retrieved from /home/ruslan/.local/lib/python3.10/site-packages/airflow/example_dags/example_branch_python_dop_operator_3.py
[2025-03-22T10:33:46.043+0500] {logging_mixin.py:190} INFO - [2025-03-22T10:33:46.043+0500] {dag.py:3239} INFO - Sync 1 DAGs
[2025-03-22T10:33:46.056+0500] {logging_mixin.py:190} INFO - [2025-03-22T10:33:46.056+0500] {dag.py:4180} INFO - Setting next_dagrun for example_branch_dop_operator_v3 to 2025-03-22 05:32:00+00:00, run_after=2025-03-22 05:33:00+00:00
[2025-03-22T10:33:46.071+0500] {processor.py:208} INFO - Processing /home/ruslan/.local/lib/python3.10/site-packages/airflow/example_dags/example_branch_python_dop_operator_3.py took 0.050 seconds
[2025-03-22T10:34:35.896+0500] {processor.py:186} INFO - Started process (PID=35949) to work on /home/ruslan/.local/lib/python3.10/site-packages/airflow/example_dags/example_branch_python_dop_operator_3.py
[2025-03-22T10:34:35.897+0500] {processor.py:914} INFO - Processing file /home/ruslan/.local/lib/python3.10/site-packages/airflow/example_dags/example_branch_python_dop_operator_3.py for tasks to queue
[2025-03-22T10:34:35.899+0500] {logging_mixin.py:190} INFO - [2025-03-22T10:34:35.899+0500] {dagbag.py:588} INFO - Filling up the DagBag from /home/ruslan/.local/lib/python3.10/site-packages/airflow/example_dags/example_branch_python_dop_operator_3.py
[2025-03-22T10:34:35.905+0500] {processor.py:925} INFO - DAG(s) 'example_branch_dop_operator_v3' retrieved from /home/ruslan/.local/lib/python3.10/site-packages/airflow/example_dags/example_branch_python_dop_operator_3.py
[2025-03-22T10:34:35.914+0500] {logging_mixin.py:190} INFO - [2025-03-22T10:34:35.913+0500] {dag.py:3239} INFO - Sync 1 DAGs
[2025-03-22T10:34:35.926+0500] {logging_mixin.py:190} INFO - [2025-03-22T10:34:35.926+0500] {dag.py:4180} INFO - Setting next_dagrun for example_branch_dop_operator_v3 to 2025-03-22 05:33:00+00:00, run_after=2025-03-22 05:34:00+00:00
[2025-03-22T10:34:35.941+0500] {processor.py:208} INFO - Processing /home/ruslan/.local/lib/python3.10/site-packages/airflow/example_dags/example_branch_python_dop_operator_3.py took 0.048 seconds
[2025-03-22T10:35:22.546+0500] {processor.py:186} INFO - Started process (PID=36514) to work on /home/ruslan/.local/lib/python3.10/site-packages/airflow/example_dags/example_branch_python_dop_operator_3.py
[2025-03-22T10:35:22.547+0500] {processor.py:914} INFO - Processing file /home/ruslan/.local/lib/python3.10/site-packages/airflow/example_dags/example_branch_python_dop_operator_3.py for tasks to queue
[2025-03-22T10:35:22.548+0500] {logging_mixin.py:190} INFO - [2025-03-22T10:35:22.548+0500] {dagbag.py:588} INFO - Filling up the DagBag from /home/ruslan/.local/lib/python3.10/site-packages/airflow/example_dags/example_branch_python_dop_operator_3.py
[2025-03-22T10:35:22.554+0500] {processor.py:925} INFO - DAG(s) 'example_branch_dop_operator_v3' retrieved from /home/ruslan/.local/lib/python3.10/site-packages/airflow/example_dags/example_branch_python_dop_operator_3.py
[2025-03-22T10:35:22.562+0500] {logging_mixin.py:190} INFO - [2025-03-22T10:35:22.562+0500] {dag.py:3239} INFO - Sync 1 DAGs
[2025-03-22T10:35:22.575+0500] {logging_mixin.py:190} INFO - [2025-03-22T10:35:22.575+0500] {dag.py:4180} INFO - Setting next_dagrun for example_branch_dop_operator_v3 to 2025-03-22 05:34:00+00:00, run_after=2025-03-22 05:35:00+00:00
[2025-03-22T10:35:22.590+0500] {processor.py:208} INFO - Processing /home/ruslan/.local/lib/python3.10/site-packages/airflow/example_dags/example_branch_python_dop_operator_3.py took 0.048 seconds
[2025-03-22T10:36:13.273+0500] {processor.py:186} INFO - Started process (PID=37118) to work on /home/ruslan/.local/lib/python3.10/site-packages/airflow/example_dags/example_branch_python_dop_operator_3.py
[2025-03-22T10:36:13.274+0500] {processor.py:914} INFO - Processing file /home/ruslan/.local/lib/python3.10/site-packages/airflow/example_dags/example_branch_python_dop_operator_3.py for tasks to queue
[2025-03-22T10:36:13.276+0500] {logging_mixin.py:190} INFO - [2025-03-22T10:36:13.275+0500] {dagbag.py:588} INFO - Filling up the DagBag from /home/ruslan/.local/lib/python3.10/site-packages/airflow/example_dags/example_branch_python_dop_operator_3.py
[2025-03-22T10:36:13.283+0500] {processor.py:925} INFO - DAG(s) 'example_branch_dop_operator_v3' retrieved from /home/ruslan/.local/lib/python3.10/site-packages/airflow/example_dags/example_branch_python_dop_operator_3.py
[2025-03-22T10:36:13.291+0500] {logging_mixin.py:190} INFO - [2025-03-22T10:36:13.291+0500] {dag.py:3239} INFO - Sync 1 DAGs
[2025-03-22T10:36:13.305+0500] {logging_mixin.py:190} INFO - [2025-03-22T10:36:13.305+0500] {dag.py:4180} INFO - Setting next_dagrun for example_branch_dop_operator_v3 to 2025-03-22 05:35:00+00:00, run_after=2025-03-22 05:36:00+00:00
[2025-03-22T10:36:13.320+0500] {processor.py:208} INFO - Processing /home/ruslan/.local/lib/python3.10/site-packages/airflow/example_dags/example_branch_python_dop_operator_3.py took 0.050 seconds
[2025-03-22T10:37:01.703+0500] {processor.py:186} INFO - Started process (PID=37363) to work on /home/ruslan/.local/lib/python3.10/site-packages/airflow/example_dags/example_branch_python_dop_operator_3.py
[2025-03-22T10:37:01.704+0500] {processor.py:914} INFO - Processing file /home/ruslan/.local/lib/python3.10/site-packages/airflow/example_dags/example_branch_python_dop_operator_3.py for tasks to queue
[2025-03-22T10:37:01.706+0500] {logging_mixin.py:190} INFO - [2025-03-22T10:37:01.706+0500] {dagbag.py:588} INFO - Filling up the DagBag from /home/ruslan/.local/lib/python3.10/site-packages/airflow/example_dags/example_branch_python_dop_operator_3.py
[2025-03-22T10:37:01.712+0500] {processor.py:925} INFO - DAG(s) 'example_branch_dop_operator_v3' retrieved from /home/ruslan/.local/lib/python3.10/site-packages/airflow/example_dags/example_branch_python_dop_operator_3.py
[2025-03-22T10:37:01.721+0500] {logging_mixin.py:190} INFO - [2025-03-22T10:37:01.721+0500] {dag.py:3239} INFO - Sync 1 DAGs
[2025-03-22T10:37:01.734+0500] {logging_mixin.py:190} INFO - [2025-03-22T10:37:01.734+0500] {dag.py:4180} INFO - Setting next_dagrun for example_branch_dop_operator_v3 to 2025-03-22 05:36:00+00:00, run_after=2025-03-22 05:37:00+00:00
[2025-03-22T10:37:01.749+0500] {processor.py:208} INFO - Processing /home/ruslan/.local/lib/python3.10/site-packages/airflow/example_dags/example_branch_python_dop_operator_3.py took 0.049 seconds
[2025-03-22T10:37:55.626+0500] {processor.py:186} INFO - Started process (PID=37936) to work on /home/ruslan/.local/lib/python3.10/site-packages/airflow/example_dags/example_branch_python_dop_operator_3.py
[2025-03-22T10:37:55.627+0500] {processor.py:914} INFO - Processing file /home/ruslan/.local/lib/python3.10/site-packages/airflow/example_dags/example_branch_python_dop_operator_3.py for tasks to queue
[2025-03-22T10:37:55.629+0500] {logging_mixin.py:190} INFO - [2025-03-22T10:37:55.629+0500] {dagbag.py:588} INFO - Filling up the DagBag from /home/ruslan/.local/lib/python3.10/site-packages/airflow/example_dags/example_branch_python_dop_operator_3.py
[2025-03-22T10:37:55.636+0500] {processor.py:925} INFO - DAG(s) 'example_branch_dop_operator_v3' retrieved from /home/ruslan/.local/lib/python3.10/site-packages/airflow/example_dags/example_branch_python_dop_operator_3.py
[2025-03-22T10:37:55.644+0500] {logging_mixin.py:190} INFO - [2025-03-22T10:37:55.644+0500] {dag.py:3239} INFO - Sync 1 DAGs
[2025-03-22T10:37:55.658+0500] {logging_mixin.py:190} INFO - [2025-03-22T10:37:55.658+0500] {dag.py:4180} INFO - Setting next_dagrun for example_branch_dop_operator_v3 to 2025-03-22 05:36:00+00:00, run_after=2025-03-22 05:37:00+00:00
[2025-03-22T10:37:55.673+0500] {processor.py:208} INFO - Processing /home/ruslan/.local/lib/python3.10/site-packages/airflow/example_dags/example_branch_python_dop_operator_3.py took 0.051 seconds
[2025-03-22T10:38:16.191+0500] {processor.py:186} INFO - Started process (PID=38214) to work on /home/ruslan/.local/lib/python3.10/site-packages/airflow/example_dags/example_branch_python_dop_operator_3.py
[2025-03-22T10:38:16.192+0500] {processor.py:914} INFO - Processing file /home/ruslan/.local/lib/python3.10/site-packages/airflow/example_dags/example_branch_python_dop_operator_3.py for tasks to queue
[2025-03-22T10:38:16.194+0500] {logging_mixin.py:190} INFO - [2025-03-22T10:38:16.193+0500] {dagbag.py:588} INFO - Filling up the DagBag from /home/ruslan/.local/lib/python3.10/site-packages/airflow/example_dags/example_branch_python_dop_operator_3.py
[2025-03-22T10:38:16.201+0500] {processor.py:925} INFO - DAG(s) 'example_branch_dop_operator_v3' retrieved from /home/ruslan/.local/lib/python3.10/site-packages/airflow/example_dags/example_branch_python_dop_operator_3.py
[2025-03-22T10:38:16.214+0500] {logging_mixin.py:190} INFO - [2025-03-22T10:38:16.214+0500] {dag.py:3239} INFO - Sync 1 DAGs
[2025-03-22T10:38:16.227+0500] {logging_mixin.py:190} INFO - [2025-03-22T10:38:16.227+0500] {dag.py:4180} INFO - Setting next_dagrun for example_branch_dop_operator_v3 to 2025-03-22 05:37:00+00:00, run_after=2025-03-22 05:38:00+00:00
[2025-03-22T10:38:16.241+0500] {processor.py:208} INFO - Processing /home/ruslan/.local/lib/python3.10/site-packages/airflow/example_dags/example_branch_python_dop_operator_3.py took 0.053 seconds
[2025-03-22T10:38:36.412+0500] {processor.py:186} INFO - Started process (PID=38491) to work on /home/ruslan/.local/lib/python3.10/site-packages/airflow/example_dags/example_branch_python_dop_operator_3.py
[2025-03-22T10:38:36.413+0500] {processor.py:914} INFO - Processing file /home/ruslan/.local/lib/python3.10/site-packages/airflow/example_dags/example_branch_python_dop_operator_3.py for tasks to queue
[2025-03-22T10:38:36.414+0500] {logging_mixin.py:190} INFO - [2025-03-22T10:38:36.414+0500] {dagbag.py:588} INFO - Filling up the DagBag from /home/ruslan/.local/lib/python3.10/site-packages/airflow/example_dags/example_branch_python_dop_operator_3.py
[2025-03-22T10:38:36.422+0500] {processor.py:925} INFO - DAG(s) 'example_branch_dop_operator_v3' retrieved from /home/ruslan/.local/lib/python3.10/site-packages/airflow/example_dags/example_branch_python_dop_operator_3.py
[2025-03-22T10:38:36.436+0500] {logging_mixin.py:190} INFO - [2025-03-22T10:38:36.435+0500] {dag.py:3239} INFO - Sync 1 DAGs
[2025-03-22T10:38:36.449+0500] {logging_mixin.py:190} INFO - [2025-03-22T10:38:36.449+0500] {dag.py:4180} INFO - Setting next_dagrun for example_branch_dop_operator_v3 to 2025-03-22 05:37:00+00:00, run_after=2025-03-22 05:38:00+00:00
[2025-03-22T10:38:36.465+0500] {processor.py:208} INFO - Processing /home/ruslan/.local/lib/python3.10/site-packages/airflow/example_dags/example_branch_python_dop_operator_3.py took 0.056 seconds
[2025-03-22T10:39:29.894+0500] {processor.py:186} INFO - Started process (PID=39072) to work on /home/ruslan/.local/lib/python3.10/site-packages/airflow/example_dags/example_branch_python_dop_operator_3.py
[2025-03-22T10:39:29.895+0500] {processor.py:914} INFO - Processing file /home/ruslan/.local/lib/python3.10/site-packages/airflow/example_dags/example_branch_python_dop_operator_3.py for tasks to queue
[2025-03-22T10:39:29.896+0500] {logging_mixin.py:190} INFO - [2025-03-22T10:39:29.896+0500] {dagbag.py:588} INFO - Filling up the DagBag from /home/ruslan/.local/lib/python3.10/site-packages/airflow/example_dags/example_branch_python_dop_operator_3.py
[2025-03-22T10:39:29.902+0500] {processor.py:925} INFO - DAG(s) 'example_branch_dop_operator_v3' retrieved from /home/ruslan/.local/lib/python3.10/site-packages/airflow/example_dags/example_branch_python_dop_operator_3.py
[2025-03-22T10:39:29.910+0500] {logging_mixin.py:190} INFO - [2025-03-22T10:39:29.910+0500] {dag.py:3239} INFO - Sync 1 DAGs
[2025-03-22T10:39:29.923+0500] {logging_mixin.py:190} INFO - [2025-03-22T10:39:29.923+0500] {dag.py:4180} INFO - Setting next_dagrun for example_branch_dop_operator_v3 to 2025-03-22 05:38:00+00:00, run_after=2025-03-22 05:39:00+00:00
[2025-03-22T10:39:29.938+0500] {processor.py:208} INFO - Processing /home/ruslan/.local/lib/python3.10/site-packages/airflow/example_dags/example_branch_python_dop_operator_3.py took 0.049 seconds
[2025-03-22T10:40:21.192+0500] {processor.py:186} INFO - Started process (PID=39671) to work on /home/ruslan/.local/lib/python3.10/site-packages/airflow/example_dags/example_branch_python_dop_operator_3.py
[2025-03-22T10:40:21.193+0500] {processor.py:914} INFO - Processing file /home/ruslan/.local/lib/python3.10/site-packages/airflow/example_dags/example_branch_python_dop_operator_3.py for tasks to queue
[2025-03-22T10:40:21.194+0500] {logging_mixin.py:190} INFO - [2025-03-22T10:40:21.194+0500] {dagbag.py:588} INFO - Filling up the DagBag from /home/ruslan/.local/lib/python3.10/site-packages/airflow/example_dags/example_branch_python_dop_operator_3.py
[2025-03-22T10:40:21.201+0500] {processor.py:925} INFO - DAG(s) 'example_branch_dop_operator_v3' retrieved from /home/ruslan/.local/lib/python3.10/site-packages/airflow/example_dags/example_branch_python_dop_operator_3.py
[2025-03-22T10:40:21.210+0500] {logging_mixin.py:190} INFO - [2025-03-22T10:40:21.209+0500] {dag.py:3239} INFO - Sync 1 DAGs
[2025-03-22T10:40:21.223+0500] {logging_mixin.py:190} INFO - [2025-03-22T10:40:21.223+0500] {dag.py:4180} INFO - Setting next_dagrun for example_branch_dop_operator_v3 to 2025-03-22 05:39:00+00:00, run_after=2025-03-22 05:40:00+00:00
[2025-03-22T10:40:21.238+0500] {processor.py:208} INFO - Processing /home/ruslan/.local/lib/python3.10/site-packages/airflow/example_dags/example_branch_python_dop_operator_3.py took 0.049 seconds
[2025-03-22T10:41:15.007+0500] {processor.py:186} INFO - Started process (PID=40340) to work on /home/ruslan/.local/lib/python3.10/site-packages/airflow/example_dags/example_branch_python_dop_operator_3.py
[2025-03-22T10:41:15.009+0500] {processor.py:914} INFO - Processing file /home/ruslan/.local/lib/python3.10/site-packages/airflow/example_dags/example_branch_python_dop_operator_3.py for tasks to queue
[2025-03-22T10:41:15.010+0500] {logging_mixin.py:190} INFO - [2025-03-22T10:41:15.010+0500] {dagbag.py:588} INFO - Filling up the DagBag from /home/ruslan/.local/lib/python3.10/site-packages/airflow/example_dags/example_branch_python_dop_operator_3.py
[2025-03-22T10:41:15.016+0500] {processor.py:925} INFO - DAG(s) 'example_branch_dop_operator_v3' retrieved from /home/ruslan/.local/lib/python3.10/site-packages/airflow/example_dags/example_branch_python_dop_operator_3.py
[2025-03-22T10:41:15.024+0500] {logging_mixin.py:190} INFO - [2025-03-22T10:41:15.024+0500] {dag.py:3239} INFO - Sync 1 DAGs
[2025-03-22T10:41:15.037+0500] {logging_mixin.py:190} INFO - [2025-03-22T10:41:15.037+0500] {dag.py:4180} INFO - Setting next_dagrun for example_branch_dop_operator_v3 to 2025-03-22 05:40:00+00:00, run_after=2025-03-22 05:41:00+00:00
[2025-03-22T10:41:15.052+0500] {processor.py:208} INFO - Processing /home/ruslan/.local/lib/python3.10/site-packages/airflow/example_dags/example_branch_python_dop_operator_3.py took 0.049 seconds
[2025-03-22T10:42:16.862+0500] {processor.py:186} INFO - Started process (PID=41112) to work on /home/ruslan/.local/lib/python3.10/site-packages/airflow/example_dags/example_branch_python_dop_operator_3.py
[2025-03-22T10:42:16.864+0500] {processor.py:914} INFO - Processing file /home/ruslan/.local/lib/python3.10/site-packages/airflow/example_dags/example_branch_python_dop_operator_3.py for tasks to queue
[2025-03-22T10:42:16.865+0500] {logging_mixin.py:190} INFO - [2025-03-22T10:42:16.865+0500] {dagbag.py:588} INFO - Filling up the DagBag from /home/ruslan/.local/lib/python3.10/site-packages/airflow/example_dags/example_branch_python_dop_operator_3.py
[2025-03-22T10:42:16.871+0500] {processor.py:925} INFO - DAG(s) 'example_branch_dop_operator_v3' retrieved from /home/ruslan/.local/lib/python3.10/site-packages/airflow/example_dags/example_branch_python_dop_operator_3.py
[2025-03-22T10:42:16.880+0500] {logging_mixin.py:190} INFO - [2025-03-22T10:42:16.880+0500] {dag.py:3239} INFO - Sync 1 DAGs
[2025-03-22T10:42:16.893+0500] {logging_mixin.py:190} INFO - [2025-03-22T10:42:16.893+0500] {dag.py:4180} INFO - Setting next_dagrun for example_branch_dop_operator_v3 to 2025-03-22 05:41:00+00:00, run_after=2025-03-22 05:42:00+00:00
[2025-03-22T10:42:16.908+0500] {processor.py:208} INFO - Processing /home/ruslan/.local/lib/python3.10/site-packages/airflow/example_dags/example_branch_python_dop_operator_3.py took 0.049 seconds
[2025-03-22T10:43:10.049+0500] {processor.py:186} INFO - Started process (PID=41814) to work on /home/ruslan/.local/lib/python3.10/site-packages/airflow/example_dags/example_branch_python_dop_operator_3.py
[2025-03-22T10:43:10.050+0500] {processor.py:914} INFO - Processing file /home/ruslan/.local/lib/python3.10/site-packages/airflow/example_dags/example_branch_python_dop_operator_3.py for tasks to queue
[2025-03-22T10:43:10.052+0500] {logging_mixin.py:190} INFO - [2025-03-22T10:43:10.052+0500] {dagbag.py:588} INFO - Filling up the DagBag from /home/ruslan/.local/lib/python3.10/site-packages/airflow/example_dags/example_branch_python_dop_operator_3.py
[2025-03-22T10:43:10.058+0500] {processor.py:925} INFO - DAG(s) 'example_branch_dop_operator_v3' retrieved from /home/ruslan/.local/lib/python3.10/site-packages/airflow/example_dags/example_branch_python_dop_operator_3.py
[2025-03-22T10:43:10.066+0500] {logging_mixin.py:190} INFO - [2025-03-22T10:43:10.066+0500] {dag.py:3239} INFO - Sync 1 DAGs
[2025-03-22T10:43:10.079+0500] {logging_mixin.py:190} INFO - [2025-03-22T10:43:10.079+0500] {dag.py:4180} INFO - Setting next_dagrun for example_branch_dop_operator_v3 to 2025-03-22 05:42:00+00:00, run_after=2025-03-22 05:43:00+00:00
[2025-03-22T10:43:10.094+0500] {processor.py:208} INFO - Processing /home/ruslan/.local/lib/python3.10/site-packages/airflow/example_dags/example_branch_python_dop_operator_3.py took 0.048 seconds
[2025-03-22T10:44:07.486+0500] {processor.py:186} INFO - Started process (PID=42418) to work on /home/ruslan/.local/lib/python3.10/site-packages/airflow/example_dags/example_branch_python_dop_operator_3.py
[2025-03-22T10:44:07.487+0500] {processor.py:914} INFO - Processing file /home/ruslan/.local/lib/python3.10/site-packages/airflow/example_dags/example_branch_python_dop_operator_3.py for tasks to queue
[2025-03-22T10:44:07.489+0500] {logging_mixin.py:190} INFO - [2025-03-22T10:44:07.488+0500] {dagbag.py:588} INFO - Filling up the DagBag from /home/ruslan/.local/lib/python3.10/site-packages/airflow/example_dags/example_branch_python_dop_operator_3.py
[2025-03-22T10:44:07.495+0500] {processor.py:925} INFO - DAG(s) 'example_branch_dop_operator_v3' retrieved from /home/ruslan/.local/lib/python3.10/site-packages/airflow/example_dags/example_branch_python_dop_operator_3.py
[2025-03-22T10:44:07.503+0500] {logging_mixin.py:190} INFO - [2025-03-22T10:44:07.503+0500] {dag.py:3239} INFO - Sync 1 DAGs
[2025-03-22T10:44:07.517+0500] {logging_mixin.py:190} INFO - [2025-03-22T10:44:07.516+0500] {dag.py:4180} INFO - Setting next_dagrun for example_branch_dop_operator_v3 to 2025-03-22 05:43:00+00:00, run_after=2025-03-22 05:44:00+00:00
[2025-03-22T10:44:07.532+0500] {processor.py:208} INFO - Processing /home/ruslan/.local/lib/python3.10/site-packages/airflow/example_dags/example_branch_python_dop_operator_3.py took 0.049 seconds
[2025-03-22T10:45:02.291+0500] {processor.py:186} INFO - Started process (PID=43131) to work on /home/ruslan/.local/lib/python3.10/site-packages/airflow/example_dags/example_branch_python_dop_operator_3.py
[2025-03-22T10:45:02.292+0500] {processor.py:914} INFO - Processing file /home/ruslan/.local/lib/python3.10/site-packages/airflow/example_dags/example_branch_python_dop_operator_3.py for tasks to queue
[2025-03-22T10:45:02.293+0500] {logging_mixin.py:190} INFO - [2025-03-22T10:45:02.293+0500] {dagbag.py:588} INFO - Filling up the DagBag from /home/ruslan/.local/lib/python3.10/site-packages/airflow/example_dags/example_branch_python_dop_operator_3.py
[2025-03-22T10:45:02.300+0500] {processor.py:925} INFO - DAG(s) 'example_branch_dop_operator_v3' retrieved from /home/ruslan/.local/lib/python3.10/site-packages/airflow/example_dags/example_branch_python_dop_operator_3.py
[2025-03-22T10:45:02.308+0500] {logging_mixin.py:190} INFO - [2025-03-22T10:45:02.308+0500] {dag.py:3239} INFO - Sync 1 DAGs
[2025-03-22T10:45:02.321+0500] {logging_mixin.py:190} INFO - [2025-03-22T10:45:02.321+0500] {dag.py:4180} INFO - Setting next_dagrun for example_branch_dop_operator_v3 to 2025-03-22 05:44:00+00:00, run_after=2025-03-22 05:45:00+00:00
[2025-03-22T10:45:02.336+0500] {processor.py:208} INFO - Processing /home/ruslan/.local/lib/python3.10/site-packages/airflow/example_dags/example_branch_python_dop_operator_3.py took 0.049 seconds
[2025-03-22T10:45:58.632+0500] {processor.py:186} INFO - Started process (PID=43794) to work on /home/ruslan/.local/lib/python3.10/site-packages/airflow/example_dags/example_branch_python_dop_operator_3.py
[2025-03-22T10:45:58.633+0500] {processor.py:914} INFO - Processing file /home/ruslan/.local/lib/python3.10/site-packages/airflow/example_dags/example_branch_python_dop_operator_3.py for tasks to queue
[2025-03-22T10:45:58.634+0500] {logging_mixin.py:190} INFO - [2025-03-22T10:45:58.634+0500] {dagbag.py:588} INFO - Filling up the DagBag from /home/ruslan/.local/lib/python3.10/site-packages/airflow/example_dags/example_branch_python_dop_operator_3.py
[2025-03-22T10:45:58.641+0500] {processor.py:925} INFO - DAG(s) 'example_branch_dop_operator_v3' retrieved from /home/ruslan/.local/lib/python3.10/site-packages/airflow/example_dags/example_branch_python_dop_operator_3.py
[2025-03-22T10:45:58.650+0500] {logging_mixin.py:190} INFO - [2025-03-22T10:45:58.650+0500] {dag.py:3239} INFO - Sync 1 DAGs
[2025-03-22T10:45:58.664+0500] {logging_mixin.py:190} INFO - [2025-03-22T10:45:58.663+0500] {dag.py:4180} INFO - Setting next_dagrun for example_branch_dop_operator_v3 to 2025-03-22 05:44:00+00:00, run_after=2025-03-22 05:45:00+00:00
[2025-03-22T10:45:58.679+0500] {processor.py:208} INFO - Processing /home/ruslan/.local/lib/python3.10/site-packages/airflow/example_dags/example_branch_python_dop_operator_3.py took 0.052 seconds
[2025-03-22T10:46:54.235+0500] {processor.py:186} INFO - Started process (PID=44572) to work on /home/ruslan/.local/lib/python3.10/site-packages/airflow/example_dags/example_branch_python_dop_operator_3.py
[2025-03-22T10:46:54.236+0500] {processor.py:914} INFO - Processing file /home/ruslan/.local/lib/python3.10/site-packages/airflow/example_dags/example_branch_python_dop_operator_3.py for tasks to queue
[2025-03-22T10:46:54.238+0500] {logging_mixin.py:190} INFO - [2025-03-22T10:46:54.238+0500] {dagbag.py:588} INFO - Filling up the DagBag from /home/ruslan/.local/lib/python3.10/site-packages/airflow/example_dags/example_branch_python_dop_operator_3.py
[2025-03-22T10:46:54.244+0500] {processor.py:925} INFO - DAG(s) 'example_branch_dop_operator_v3' retrieved from /home/ruslan/.local/lib/python3.10/site-packages/airflow/example_dags/example_branch_python_dop_operator_3.py
[2025-03-22T10:46:54.253+0500] {logging_mixin.py:190} INFO - [2025-03-22T10:46:54.253+0500] {dag.py:3239} INFO - Sync 1 DAGs
[2025-03-22T10:46:54.265+0500] {logging_mixin.py:190} INFO - [2025-03-22T10:46:54.265+0500] {dag.py:4180} INFO - Setting next_dagrun for example_branch_dop_operator_v3 to 2025-03-22 05:45:00+00:00, run_after=2025-03-22 05:46:00+00:00
[2025-03-22T10:46:54.280+0500] {processor.py:208} INFO - Processing /home/ruslan/.local/lib/python3.10/site-packages/airflow/example_dags/example_branch_python_dop_operator_3.py took 0.048 seconds
[2025-03-22T10:47:50.037+0500] {processor.py:186} INFO - Started process (PID=45305) to work on /home/ruslan/.local/lib/python3.10/site-packages/airflow/example_dags/example_branch_python_dop_operator_3.py
[2025-03-22T10:47:50.038+0500] {processor.py:914} INFO - Processing file /home/ruslan/.local/lib/python3.10/site-packages/airflow/example_dags/example_branch_python_dop_operator_3.py for tasks to queue
[2025-03-22T10:47:50.040+0500] {logging_mixin.py:190} INFO - [2025-03-22T10:47:50.039+0500] {dagbag.py:588} INFO - Filling up the DagBag from /home/ruslan/.local/lib/python3.10/site-packages/airflow/example_dags/example_branch_python_dop_operator_3.py
[2025-03-22T10:47:50.046+0500] {processor.py:925} INFO - DAG(s) 'example_branch_dop_operator_v3' retrieved from /home/ruslan/.local/lib/python3.10/site-packages/airflow/example_dags/example_branch_python_dop_operator_3.py
[2025-03-22T10:47:50.054+0500] {logging_mixin.py:190} INFO - [2025-03-22T10:47:50.054+0500] {dag.py:3239} INFO - Sync 1 DAGs
[2025-03-22T10:47:50.067+0500] {logging_mixin.py:190} INFO - [2025-03-22T10:47:50.067+0500] {dag.py:4180} INFO - Setting next_dagrun for example_branch_dop_operator_v3 to 2025-03-22 05:46:00+00:00, run_after=2025-03-22 05:47:00+00:00
[2025-03-22T10:47:50.082+0500] {processor.py:208} INFO - Processing /home/ruslan/.local/lib/python3.10/site-packages/airflow/example_dags/example_branch_python_dop_operator_3.py took 0.049 seconds
[2025-03-22T10:48:42.177+0500] {processor.py:186} INFO - Started process (PID=45934) to work on /home/ruslan/.local/lib/python3.10/site-packages/airflow/example_dags/example_branch_python_dop_operator_3.py
[2025-03-22T10:48:42.179+0500] {processor.py:914} INFO - Processing file /home/ruslan/.local/lib/python3.10/site-packages/airflow/example_dags/example_branch_python_dop_operator_3.py for tasks to queue
[2025-03-22T10:48:42.180+0500] {logging_mixin.py:190} INFO - [2025-03-22T10:48:42.180+0500] {dagbag.py:588} INFO - Filling up the DagBag from /home/ruslan/.local/lib/python3.10/site-packages/airflow/example_dags/example_branch_python_dop_operator_3.py
[2025-03-22T10:48:42.187+0500] {processor.py:925} INFO - DAG(s) 'example_branch_dop_operator_v3' retrieved from /home/ruslan/.local/lib/python3.10/site-packages/airflow/example_dags/example_branch_python_dop_operator_3.py
[2025-03-22T10:48:42.195+0500] {logging_mixin.py:190} INFO - [2025-03-22T10:48:42.195+0500] {dag.py:3239} INFO - Sync 1 DAGs
[2025-03-22T10:48:42.207+0500] {logging_mixin.py:190} INFO - [2025-03-22T10:48:42.207+0500] {dag.py:4180} INFO - Setting next_dagrun for example_branch_dop_operator_v3 to 2025-03-22 05:47:00+00:00, run_after=2025-03-22 05:48:00+00:00
[2025-03-22T10:48:42.223+0500] {processor.py:208} INFO - Processing /home/ruslan/.local/lib/python3.10/site-packages/airflow/example_dags/example_branch_python_dop_operator_3.py took 0.049 seconds
[2025-03-22T12:46:41.456+0500] {processor.py:186} INFO - Started process (PID=863) to work on /home/ruslan/.local/lib/python3.10/site-packages/airflow/example_dags/example_branch_python_dop_operator_3.py
[2025-03-22T12:46:41.457+0500] {processor.py:914} INFO - Processing file /home/ruslan/.local/lib/python3.10/site-packages/airflow/example_dags/example_branch_python_dop_operator_3.py for tasks to queue
[2025-03-22T12:46:41.458+0500] {logging_mixin.py:190} INFO - [2025-03-22T12:46:41.458+0500] {dagbag.py:588} INFO - Filling up the DagBag from /home/ruslan/.local/lib/python3.10/site-packages/airflow/example_dags/example_branch_python_dop_operator_3.py
[2025-03-22T12:46:41.465+0500] {processor.py:925} INFO - DAG(s) 'example_branch_dop_operator_v3' retrieved from /home/ruslan/.local/lib/python3.10/site-packages/airflow/example_dags/example_branch_python_dop_operator_3.py
[2025-03-22T12:46:41.477+0500] {logging_mixin.py:190} INFO - [2025-03-22T12:46:41.477+0500] {dag.py:3239} INFO - Sync 1 DAGs
[2025-03-22T12:46:41.489+0500] {logging_mixin.py:190} INFO - [2025-03-22T12:46:41.489+0500] {dag.py:4180} INFO - Setting next_dagrun for example_branch_dop_operator_v3 to 2025-03-22 07:45:00+00:00, run_after=2025-03-22 07:46:00+00:00
[2025-03-22T12:46:41.503+0500] {processor.py:208} INFO - Processing /home/ruslan/.local/lib/python3.10/site-packages/airflow/example_dags/example_branch_python_dop_operator_3.py took 0.050 seconds
[2025-03-22T12:47:35.750+0500] {processor.py:186} INFO - Started process (PID=3786) to work on /home/ruslan/.local/lib/python3.10/site-packages/airflow/example_dags/example_branch_python_dop_operator_3.py
[2025-03-22T12:47:35.751+0500] {processor.py:914} INFO - Processing file /home/ruslan/.local/lib/python3.10/site-packages/airflow/example_dags/example_branch_python_dop_operator_3.py for tasks to queue
[2025-03-22T12:47:35.753+0500] {logging_mixin.py:190} INFO - [2025-03-22T12:47:35.753+0500] {dagbag.py:588} INFO - Filling up the DagBag from /home/ruslan/.local/lib/python3.10/site-packages/airflow/example_dags/example_branch_python_dop_operator_3.py
[2025-03-22T12:47:35.762+0500] {processor.py:925} INFO - DAG(s) 'example_branch_dop_operator_v3' retrieved from /home/ruslan/.local/lib/python3.10/site-packages/airflow/example_dags/example_branch_python_dop_operator_3.py
[2025-03-22T12:47:35.773+0500] {logging_mixin.py:190} INFO - [2025-03-22T12:47:35.773+0500] {dag.py:3239} INFO - Sync 1 DAGs
[2025-03-22T12:47:35.793+0500] {logging_mixin.py:190} INFO - [2025-03-22T12:47:35.793+0500] {dag.py:4180} INFO - Setting next_dagrun for example_branch_dop_operator_v3 to 2025-03-22 07:46:00+00:00, run_after=2025-03-22 07:47:00+00:00
[2025-03-22T12:47:35.815+0500] {processor.py:208} INFO - Processing /home/ruslan/.local/lib/python3.10/site-packages/airflow/example_dags/example_branch_python_dop_operator_3.py took 0.071 seconds
[2025-03-22T12:48:31.102+0500] {processor.py:186} INFO - Started process (PID=6414) to work on /home/ruslan/.local/lib/python3.10/site-packages/airflow/example_dags/example_branch_python_dop_operator_3.py
[2025-03-22T12:48:31.104+0500] {processor.py:914} INFO - Processing file /home/ruslan/.local/lib/python3.10/site-packages/airflow/example_dags/example_branch_python_dop_operator_3.py for tasks to queue
[2025-03-22T12:48:31.106+0500] {logging_mixin.py:190} INFO - [2025-03-22T12:48:31.106+0500] {dagbag.py:588} INFO - Filling up the DagBag from /home/ruslan/.local/lib/python3.10/site-packages/airflow/example_dags/example_branch_python_dop_operator_3.py
[2025-03-22T12:48:31.113+0500] {processor.py:925} INFO - DAG(s) 'example_branch_dop_operator_v3' retrieved from /home/ruslan/.local/lib/python3.10/site-packages/airflow/example_dags/example_branch_python_dop_operator_3.py
[2025-03-22T12:48:31.122+0500] {logging_mixin.py:190} INFO - [2025-03-22T12:48:31.122+0500] {dag.py:3239} INFO - Sync 1 DAGs
[2025-03-22T12:48:31.137+0500] {logging_mixin.py:190} INFO - [2025-03-22T12:48:31.137+0500] {dag.py:4180} INFO - Setting next_dagrun for example_branch_dop_operator_v3 to 2025-03-22 07:47:00+00:00, run_after=2025-03-22 07:48:00+00:00
[2025-03-22T12:48:31.152+0500] {processor.py:208} INFO - Processing /home/ruslan/.local/lib/python3.10/site-packages/airflow/example_dags/example_branch_python_dop_operator_3.py took 0.054 seconds
[2025-03-22T12:49:20.969+0500] {processor.py:186} INFO - Started process (PID=7222) to work on /home/ruslan/.local/lib/python3.10/site-packages/airflow/example_dags/example_branch_python_dop_operator_3.py
[2025-03-22T12:49:20.971+0500] {processor.py:914} INFO - Processing file /home/ruslan/.local/lib/python3.10/site-packages/airflow/example_dags/example_branch_python_dop_operator_3.py for tasks to queue
[2025-03-22T12:49:20.972+0500] {logging_mixin.py:190} INFO - [2025-03-22T12:49:20.972+0500] {dagbag.py:588} INFO - Filling up the DagBag from /home/ruslan/.local/lib/python3.10/site-packages/airflow/example_dags/example_branch_python_dop_operator_3.py
[2025-03-22T12:49:20.977+0500] {processor.py:925} INFO - DAG(s) 'example_branch_dop_operator_v3' retrieved from /home/ruslan/.local/lib/python3.10/site-packages/airflow/example_dags/example_branch_python_dop_operator_3.py
[2025-03-22T12:49:20.986+0500] {logging_mixin.py:190} INFO - [2025-03-22T12:49:20.985+0500] {dag.py:3239} INFO - Sync 1 DAGs
[2025-03-22T12:49:20.998+0500] {logging_mixin.py:190} INFO - [2025-03-22T12:49:20.998+0500] {dag.py:4180} INFO - Setting next_dagrun for example_branch_dop_operator_v3 to 2025-03-22 07:48:00+00:00, run_after=2025-03-22 07:49:00+00:00
[2025-03-22T12:49:21.012+0500] {processor.py:208} INFO - Processing /home/ruslan/.local/lib/python3.10/site-packages/airflow/example_dags/example_branch_python_dop_operator_3.py took 0.047 seconds
[2025-03-22T12:50:13.938+0500] {processor.py:186} INFO - Started process (PID=7751) to work on /home/ruslan/.local/lib/python3.10/site-packages/airflow/example_dags/example_branch_python_dop_operator_3.py
[2025-03-22T12:50:13.939+0500] {processor.py:914} INFO - Processing file /home/ruslan/.local/lib/python3.10/site-packages/airflow/example_dags/example_branch_python_dop_operator_3.py for tasks to queue
[2025-03-22T12:50:13.941+0500] {logging_mixin.py:190} INFO - [2025-03-22T12:50:13.940+0500] {dagbag.py:588} INFO - Filling up the DagBag from /home/ruslan/.local/lib/python3.10/site-packages/airflow/example_dags/example_branch_python_dop_operator_3.py
[2025-03-22T12:50:13.946+0500] {processor.py:925} INFO - DAG(s) 'example_branch_dop_operator_v3' retrieved from /home/ruslan/.local/lib/python3.10/site-packages/airflow/example_dags/example_branch_python_dop_operator_3.py
[2025-03-22T12:50:13.954+0500] {logging_mixin.py:190} INFO - [2025-03-22T12:50:13.954+0500] {dag.py:3239} INFO - Sync 1 DAGs
[2025-03-22T12:50:13.968+0500] {logging_mixin.py:190} INFO - [2025-03-22T12:50:13.968+0500] {dag.py:4180} INFO - Setting next_dagrun for example_branch_dop_operator_v3 to 2025-03-22 07:49:00+00:00, run_after=2025-03-22 07:50:00+00:00
[2025-03-22T12:50:13.984+0500] {processor.py:208} INFO - Processing /home/ruslan/.local/lib/python3.10/site-packages/airflow/example_dags/example_branch_python_dop_operator_3.py took 0.050 seconds
[2025-03-22T12:50:48.140+0500] {processor.py:186} INFO - Started process (PID=8440) to work on /home/ruslan/.local/lib/python3.10/site-packages/airflow/example_dags/example_branch_python_dop_operator_3.py
[2025-03-22T12:50:48.141+0500] {processor.py:914} INFO - Processing file /home/ruslan/.local/lib/python3.10/site-packages/airflow/example_dags/example_branch_python_dop_operator_3.py for tasks to queue
[2025-03-22T12:50:48.142+0500] {logging_mixin.py:190} INFO - [2025-03-22T12:50:48.142+0500] {dagbag.py:588} INFO - Filling up the DagBag from /home/ruslan/.local/lib/python3.10/site-packages/airflow/example_dags/example_branch_python_dop_operator_3.py
[2025-03-22T12:50:48.149+0500] {processor.py:925} INFO - DAG(s) 'example_branch_dop_operator_v3' retrieved from /home/ruslan/.local/lib/python3.10/site-packages/airflow/example_dags/example_branch_python_dop_operator_3.py
[2025-03-22T12:50:48.160+0500] {logging_mixin.py:190} INFO - [2025-03-22T12:50:48.160+0500] {dag.py:3239} INFO - Sync 1 DAGs
[2025-03-22T12:50:48.172+0500] {logging_mixin.py:190} INFO - [2025-03-22T12:50:48.172+0500] {dag.py:4180} INFO - Setting next_dagrun for example_branch_dop_operator_v3 to 2025-03-22 07:49:00+00:00, run_after=2025-03-22 07:50:00+00:00
[2025-03-22T12:50:48.187+0500] {processor.py:208} INFO - Processing /home/ruslan/.local/lib/python3.10/site-packages/airflow/example_dags/example_branch_python_dop_operator_3.py took 0.050 seconds
[2025-03-22T12:52:27.244+0500] {processor.py:186} INFO - Started process (PID=10426) to work on /home/ruslan/.local/lib/python3.10/site-packages/airflow/example_dags/example_branch_python_dop_operator_3.py
[2025-03-22T12:52:27.244+0500] {processor.py:914} INFO - Processing file /home/ruslan/.local/lib/python3.10/site-packages/airflow/example_dags/example_branch_python_dop_operator_3.py for tasks to queue
[2025-03-22T12:52:27.246+0500] {logging_mixin.py:190} INFO - [2025-03-22T12:52:27.246+0500] {dagbag.py:588} INFO - Filling up the DagBag from /home/ruslan/.local/lib/python3.10/site-packages/airflow/example_dags/example_branch_python_dop_operator_3.py
[2025-03-22T12:52:27.252+0500] {processor.py:925} INFO - DAG(s) 'example_branch_dop_operator_v3' retrieved from /home/ruslan/.local/lib/python3.10/site-packages/airflow/example_dags/example_branch_python_dop_operator_3.py
[2025-03-22T12:52:27.260+0500] {logging_mixin.py:190} INFO - [2025-03-22T12:52:27.260+0500] {dag.py:3239} INFO - Sync 1 DAGs
[2025-03-22T12:52:27.273+0500] {logging_mixin.py:190} INFO - [2025-03-22T12:52:27.273+0500] {dag.py:4180} INFO - Setting next_dagrun for example_branch_dop_operator_v3 to 2025-03-22 07:51:00+00:00, run_after=2025-03-22 07:52:00+00:00
[2025-03-22T12:52:27.289+0500] {processor.py:208} INFO - Processing /home/ruslan/.local/lib/python3.10/site-packages/airflow/example_dags/example_branch_python_dop_operator_3.py took 0.049 seconds
