[2025-03-22T10:07:01.383+0500] {processor.py:186} INFO - Started process (PID=17751) to work on /home/ruslan/.local/lib/python3.10/site-packages/airflow/example_dags/example_latest_only_with_trigger.py
[2025-03-22T10:07:01.384+0500] {processor.py:914} INFO - Processing file /home/ruslan/.local/lib/python3.10/site-packages/airflow/example_dags/example_latest_only_with_trigger.py for tasks to queue
[2025-03-22T10:07:01.385+0500] {logging_mixin.py:190} INFO - [2025-03-22T10:07:01.385+0500] {dagbag.py:588} INFO - Filling up the DagBag from /home/ruslan/.local/lib/python3.10/site-packages/airflow/example_dags/example_latest_only_with_trigger.py
[2025-03-22T10:07:01.391+0500] {processor.py:925} INFO - DAG(s) 'latest_only_with_trigger' retrieved from /home/ruslan/.local/lib/python3.10/site-packages/airflow/example_dags/example_latest_only_with_trigger.py
[2025-03-22T10:07:01.454+0500] {logging_mixin.py:190} INFO - [2025-03-22T10:07:01.453+0500] {override.py:1930} INFO - Created Permission View: can delete on DAG:latest_only_with_trigger
[2025-03-22T10:07:01.465+0500] {logging_mixin.py:190} INFO - [2025-03-22T10:07:01.464+0500] {override.py:1930} INFO - Created Permission View: can read on DAG:latest_only_with_trigger
[2025-03-22T10:07:01.472+0500] {logging_mixin.py:190} INFO - [2025-03-22T10:07:01.472+0500] {override.py:1930} INFO - Created Permission View: can edit on DAG:latest_only_with_trigger
[2025-03-22T10:07:01.486+0500] {logging_mixin.py:190} INFO - [2025-03-22T10:07:01.485+0500] {override.py:1930} INFO - Created Permission View: can create on DAG Run:latest_only_with_trigger
[2025-03-22T10:07:01.493+0500] {logging_mixin.py:190} INFO - [2025-03-22T10:07:01.493+0500] {override.py:1930} INFO - Created Permission View: menu access on DAG Run:latest_only_with_trigger
[2025-03-22T10:07:01.502+0500] {logging_mixin.py:190} INFO - [2025-03-22T10:07:01.502+0500] {override.py:1930} INFO - Created Permission View: can read on DAG Run:latest_only_with_trigger
[2025-03-22T10:07:01.514+0500] {logging_mixin.py:190} INFO - [2025-03-22T10:07:01.514+0500] {override.py:1930} INFO - Created Permission View: can delete on DAG Run:latest_only_with_trigger
[2025-03-22T10:07:01.515+0500] {logging_mixin.py:190} INFO - [2025-03-22T10:07:01.515+0500] {dag.py:3239} INFO - Sync 1 DAGs
[2025-03-22T10:07:01.524+0500] {logging_mixin.py:190} INFO - [2025-03-22T10:07:01.523+0500] {dag.py:3262} INFO - Creating ORM DAG for latest_only_with_trigger
[2025-03-22T10:07:01.530+0500] {logging_mixin.py:190} INFO - [2025-03-22T10:07:01.530+0500] {dag.py:4180} INFO - Setting next_dagrun for latest_only_with_trigger to 2025-03-22 00:00:00+00:00, run_after=2025-03-22 04:00:00+00:00
[2025-03-22T10:07:01.546+0500] {processor.py:208} INFO - Processing /home/ruslan/.local/lib/python3.10/site-packages/airflow/example_dags/example_latest_only_with_trigger.py took 0.166 seconds
[2025-03-22T10:08:01.905+0500] {processor.py:186} INFO - Started process (PID=18352) to work on /home/ruslan/.local/lib/python3.10/site-packages/airflow/example_dags/example_latest_only_with_trigger.py
[2025-03-22T10:08:01.906+0500] {processor.py:914} INFO - Processing file /home/ruslan/.local/lib/python3.10/site-packages/airflow/example_dags/example_latest_only_with_trigger.py for tasks to queue
[2025-03-22T10:08:01.908+0500] {logging_mixin.py:190} INFO - [2025-03-22T10:08:01.908+0500] {dagbag.py:588} INFO - Filling up the DagBag from /home/ruslan/.local/lib/python3.10/site-packages/airflow/example_dags/example_latest_only_with_trigger.py
[2025-03-22T10:08:01.913+0500] {processor.py:925} INFO - DAG(s) 'latest_only_with_trigger' retrieved from /home/ruslan/.local/lib/python3.10/site-packages/airflow/example_dags/example_latest_only_with_trigger.py
[2025-03-22T10:08:01.921+0500] {logging_mixin.py:190} INFO - [2025-03-22T10:08:01.921+0500] {dag.py:3239} INFO - Sync 1 DAGs
[2025-03-22T10:08:01.932+0500] {logging_mixin.py:190} INFO - [2025-03-22T10:08:01.932+0500] {dag.py:4180} INFO - Setting next_dagrun for latest_only_with_trigger to 2025-03-22 00:00:00+00:00, run_after=2025-03-22 04:00:00+00:00
[2025-03-22T10:08:01.948+0500] {processor.py:208} INFO - Processing /home/ruslan/.local/lib/python3.10/site-packages/airflow/example_dags/example_latest_only_with_trigger.py took 0.046 seconds
[2025-03-22T10:08:58.276+0500] {processor.py:186} INFO - Started process (PID=18953) to work on /home/ruslan/.local/lib/python3.10/site-packages/airflow/example_dags/example_latest_only_with_trigger.py
[2025-03-22T10:08:58.277+0500] {processor.py:914} INFO - Processing file /home/ruslan/.local/lib/python3.10/site-packages/airflow/example_dags/example_latest_only_with_trigger.py for tasks to queue
[2025-03-22T10:08:58.279+0500] {logging_mixin.py:190} INFO - [2025-03-22T10:08:58.278+0500] {dagbag.py:588} INFO - Filling up the DagBag from /home/ruslan/.local/lib/python3.10/site-packages/airflow/example_dags/example_latest_only_with_trigger.py
[2025-03-22T10:08:58.283+0500] {processor.py:925} INFO - DAG(s) 'latest_only_with_trigger' retrieved from /home/ruslan/.local/lib/python3.10/site-packages/airflow/example_dags/example_latest_only_with_trigger.py
[2025-03-22T10:08:58.292+0500] {logging_mixin.py:190} INFO - [2025-03-22T10:08:58.292+0500] {dag.py:3239} INFO - Sync 1 DAGs
[2025-03-22T10:08:58.303+0500] {logging_mixin.py:190} INFO - [2025-03-22T10:08:58.303+0500] {dag.py:4180} INFO - Setting next_dagrun for latest_only_with_trigger to 2025-03-22 00:00:00+00:00, run_after=2025-03-22 04:00:00+00:00
[2025-03-22T10:08:58.318+0500] {processor.py:208} INFO - Processing /home/ruslan/.local/lib/python3.10/site-packages/airflow/example_dags/example_latest_only_with_trigger.py took 0.045 seconds
[2025-03-22T10:09:50.704+0500] {processor.py:186} INFO - Started process (PID=19530) to work on /home/ruslan/.local/lib/python3.10/site-packages/airflow/example_dags/example_latest_only_with_trigger.py
[2025-03-22T10:09:50.705+0500] {processor.py:914} INFO - Processing file /home/ruslan/.local/lib/python3.10/site-packages/airflow/example_dags/example_latest_only_with_trigger.py for tasks to queue
[2025-03-22T10:09:50.706+0500] {logging_mixin.py:190} INFO - [2025-03-22T10:09:50.706+0500] {dagbag.py:588} INFO - Filling up the DagBag from /home/ruslan/.local/lib/python3.10/site-packages/airflow/example_dags/example_latest_only_with_trigger.py
[2025-03-22T10:09:50.712+0500] {processor.py:925} INFO - DAG(s) 'latest_only_with_trigger' retrieved from /home/ruslan/.local/lib/python3.10/site-packages/airflow/example_dags/example_latest_only_with_trigger.py
[2025-03-22T10:09:50.721+0500] {logging_mixin.py:190} INFO - [2025-03-22T10:09:50.721+0500] {dag.py:3239} INFO - Sync 1 DAGs
[2025-03-22T10:09:50.733+0500] {logging_mixin.py:190} INFO - [2025-03-22T10:09:50.732+0500] {dag.py:4180} INFO - Setting next_dagrun for latest_only_with_trigger to 2025-03-22 00:00:00+00:00, run_after=2025-03-22 04:00:00+00:00
[2025-03-22T10:09:50.747+0500] {processor.py:208} INFO - Processing /home/ruslan/.local/lib/python3.10/site-packages/airflow/example_dags/example_latest_only_with_trigger.py took 0.047 seconds
[2025-03-22T10:10:46.046+0500] {processor.py:186} INFO - Started process (PID=20034) to work on /home/ruslan/.local/lib/python3.10/site-packages/airflow/example_dags/example_latest_only_with_trigger.py
[2025-03-22T10:10:46.047+0500] {processor.py:914} INFO - Processing file /home/ruslan/.local/lib/python3.10/site-packages/airflow/example_dags/example_latest_only_with_trigger.py for tasks to queue
[2025-03-22T10:10:46.048+0500] {logging_mixin.py:190} INFO - [2025-03-22T10:10:46.048+0500] {dagbag.py:588} INFO - Filling up the DagBag from /home/ruslan/.local/lib/python3.10/site-packages/airflow/example_dags/example_latest_only_with_trigger.py
[2025-03-22T10:10:46.053+0500] {processor.py:925} INFO - DAG(s) 'latest_only_with_trigger' retrieved from /home/ruslan/.local/lib/python3.10/site-packages/airflow/example_dags/example_latest_only_with_trigger.py
[2025-03-22T10:10:46.062+0500] {logging_mixin.py:190} INFO - [2025-03-22T10:10:46.062+0500] {dag.py:3239} INFO - Sync 1 DAGs
[2025-03-22T10:10:46.073+0500] {logging_mixin.py:190} INFO - [2025-03-22T10:10:46.073+0500] {dag.py:4180} INFO - Setting next_dagrun for latest_only_with_trigger to 2025-03-22 00:00:00+00:00, run_after=2025-03-22 04:00:00+00:00
[2025-03-22T10:10:46.089+0500] {processor.py:208} INFO - Processing /home/ruslan/.local/lib/python3.10/site-packages/airflow/example_dags/example_latest_only_with_trigger.py took 0.047 seconds
[2025-03-22T10:11:39.457+0500] {processor.py:186} INFO - Started process (PID=20624) to work on /home/ruslan/.local/lib/python3.10/site-packages/airflow/example_dags/example_latest_only_with_trigger.py
[2025-03-22T10:11:39.458+0500] {processor.py:914} INFO - Processing file /home/ruslan/.local/lib/python3.10/site-packages/airflow/example_dags/example_latest_only_with_trigger.py for tasks to queue
[2025-03-22T10:11:39.459+0500] {logging_mixin.py:190} INFO - [2025-03-22T10:11:39.459+0500] {dagbag.py:588} INFO - Filling up the DagBag from /home/ruslan/.local/lib/python3.10/site-packages/airflow/example_dags/example_latest_only_with_trigger.py
[2025-03-22T10:11:39.464+0500] {processor.py:925} INFO - DAG(s) 'latest_only_with_trigger' retrieved from /home/ruslan/.local/lib/python3.10/site-packages/airflow/example_dags/example_latest_only_with_trigger.py
[2025-03-22T10:11:39.473+0500] {logging_mixin.py:190} INFO - [2025-03-22T10:11:39.473+0500] {dag.py:3239} INFO - Sync 1 DAGs
[2025-03-22T10:11:39.484+0500] {logging_mixin.py:190} INFO - [2025-03-22T10:11:39.483+0500] {dag.py:4180} INFO - Setting next_dagrun for latest_only_with_trigger to 2025-03-22 00:00:00+00:00, run_after=2025-03-22 04:00:00+00:00
[2025-03-22T10:11:39.499+0500] {processor.py:208} INFO - Processing /home/ruslan/.local/lib/python3.10/site-packages/airflow/example_dags/example_latest_only_with_trigger.py took 0.046 seconds
[2025-03-22T10:12:31.466+0500] {processor.py:186} INFO - Started process (PID=21143) to work on /home/ruslan/.local/lib/python3.10/site-packages/airflow/example_dags/example_latest_only_with_trigger.py
[2025-03-22T10:12:31.467+0500] {processor.py:914} INFO - Processing file /home/ruslan/.local/lib/python3.10/site-packages/airflow/example_dags/example_latest_only_with_trigger.py for tasks to queue
[2025-03-22T10:12:31.468+0500] {logging_mixin.py:190} INFO - [2025-03-22T10:12:31.468+0500] {dagbag.py:588} INFO - Filling up the DagBag from /home/ruslan/.local/lib/python3.10/site-packages/airflow/example_dags/example_latest_only_with_trigger.py
[2025-03-22T10:12:31.473+0500] {processor.py:925} INFO - DAG(s) 'latest_only_with_trigger' retrieved from /home/ruslan/.local/lib/python3.10/site-packages/airflow/example_dags/example_latest_only_with_trigger.py
[2025-03-22T10:12:31.483+0500] {logging_mixin.py:190} INFO - [2025-03-22T10:12:31.483+0500] {dag.py:3239} INFO - Sync 1 DAGs
[2025-03-22T10:12:31.495+0500] {logging_mixin.py:190} INFO - [2025-03-22T10:12:31.495+0500] {dag.py:4180} INFO - Setting next_dagrun for latest_only_with_trigger to 2025-03-22 00:00:00+00:00, run_after=2025-03-22 04:00:00+00:00
[2025-03-22T10:12:31.512+0500] {processor.py:208} INFO - Processing /home/ruslan/.local/lib/python3.10/site-packages/airflow/example_dags/example_latest_only_with_trigger.py took 0.050 seconds
[2025-03-22T10:13:26.389+0500] {processor.py:186} INFO - Started process (PID=21740) to work on /home/ruslan/.local/lib/python3.10/site-packages/airflow/example_dags/example_latest_only_with_trigger.py
[2025-03-22T10:13:26.390+0500] {processor.py:914} INFO - Processing file /home/ruslan/.local/lib/python3.10/site-packages/airflow/example_dags/example_latest_only_with_trigger.py for tasks to queue
[2025-03-22T10:13:26.392+0500] {logging_mixin.py:190} INFO - [2025-03-22T10:13:26.392+0500] {dagbag.py:588} INFO - Filling up the DagBag from /home/ruslan/.local/lib/python3.10/site-packages/airflow/example_dags/example_latest_only_with_trigger.py
[2025-03-22T10:13:26.405+0500] {processor.py:925} INFO - DAG(s) 'latest_only_with_trigger' retrieved from /home/ruslan/.local/lib/python3.10/site-packages/airflow/example_dags/example_latest_only_with_trigger.py
[2025-03-22T10:13:26.418+0500] {logging_mixin.py:190} INFO - [2025-03-22T10:13:26.418+0500] {dag.py:3239} INFO - Sync 1 DAGs
[2025-03-22T10:13:26.432+0500] {logging_mixin.py:190} INFO - [2025-03-22T10:13:26.432+0500] {dag.py:4180} INFO - Setting next_dagrun for latest_only_with_trigger to 2025-03-22 00:00:00+00:00, run_after=2025-03-22 04:00:00+00:00
[2025-03-22T10:13:26.446+0500] {processor.py:208} INFO - Processing /home/ruslan/.local/lib/python3.10/site-packages/airflow/example_dags/example_latest_only_with_trigger.py took 0.063 seconds
[2025-03-22T10:14:21.645+0500] {processor.py:186} INFO - Started process (PID=22342) to work on /home/ruslan/.local/lib/python3.10/site-packages/airflow/example_dags/example_latest_only_with_trigger.py
[2025-03-22T10:14:21.646+0500] {processor.py:914} INFO - Processing file /home/ruslan/.local/lib/python3.10/site-packages/airflow/example_dags/example_latest_only_with_trigger.py for tasks to queue
[2025-03-22T10:14:21.647+0500] {logging_mixin.py:190} INFO - [2025-03-22T10:14:21.647+0500] {dagbag.py:588} INFO - Filling up the DagBag from /home/ruslan/.local/lib/python3.10/site-packages/airflow/example_dags/example_latest_only_with_trigger.py
[2025-03-22T10:14:21.652+0500] {processor.py:925} INFO - DAG(s) 'latest_only_with_trigger' retrieved from /home/ruslan/.local/lib/python3.10/site-packages/airflow/example_dags/example_latest_only_with_trigger.py
[2025-03-22T10:14:21.661+0500] {logging_mixin.py:190} INFO - [2025-03-22T10:14:21.661+0500] {dag.py:3239} INFO - Sync 1 DAGs
[2025-03-22T10:14:21.674+0500] {logging_mixin.py:190} INFO - [2025-03-22T10:14:21.674+0500] {dag.py:4180} INFO - Setting next_dagrun for latest_only_with_trigger to 2025-03-22 00:00:00+00:00, run_after=2025-03-22 04:00:00+00:00
[2025-03-22T10:14:21.690+0500] {processor.py:208} INFO - Processing /home/ruslan/.local/lib/python3.10/site-packages/airflow/example_dags/example_latest_only_with_trigger.py took 0.050 seconds
[2025-03-22T10:15:15.675+0500] {processor.py:186} INFO - Started process (PID=22843) to work on /home/ruslan/.local/lib/python3.10/site-packages/airflow/example_dags/example_latest_only_with_trigger.py
[2025-03-22T10:15:15.676+0500] {processor.py:914} INFO - Processing file /home/ruslan/.local/lib/python3.10/site-packages/airflow/example_dags/example_latest_only_with_trigger.py for tasks to queue
[2025-03-22T10:15:15.678+0500] {logging_mixin.py:190} INFO - [2025-03-22T10:15:15.677+0500] {dagbag.py:588} INFO - Filling up the DagBag from /home/ruslan/.local/lib/python3.10/site-packages/airflow/example_dags/example_latest_only_with_trigger.py
[2025-03-22T10:15:15.682+0500] {processor.py:925} INFO - DAG(s) 'latest_only_with_trigger' retrieved from /home/ruslan/.local/lib/python3.10/site-packages/airflow/example_dags/example_latest_only_with_trigger.py
[2025-03-22T10:15:15.692+0500] {logging_mixin.py:190} INFO - [2025-03-22T10:15:15.692+0500] {dag.py:3239} INFO - Sync 1 DAGs
[2025-03-22T10:15:15.704+0500] {logging_mixin.py:190} INFO - [2025-03-22T10:15:15.703+0500] {dag.py:4180} INFO - Setting next_dagrun for latest_only_with_trigger to 2025-03-22 00:00:00+00:00, run_after=2025-03-22 04:00:00+00:00
[2025-03-22T10:15:15.718+0500] {processor.py:208} INFO - Processing /home/ruslan/.local/lib/python3.10/site-packages/airflow/example_dags/example_latest_only_with_trigger.py took 0.047 seconds
[2025-03-22T10:16:03.959+0500] {processor.py:186} INFO - Started process (PID=23420) to work on /home/ruslan/.local/lib/python3.10/site-packages/airflow/example_dags/example_latest_only_with_trigger.py
[2025-03-22T10:16:03.960+0500] {processor.py:914} INFO - Processing file /home/ruslan/.local/lib/python3.10/site-packages/airflow/example_dags/example_latest_only_with_trigger.py for tasks to queue
[2025-03-22T10:16:03.961+0500] {logging_mixin.py:190} INFO - [2025-03-22T10:16:03.961+0500] {dagbag.py:588} INFO - Filling up the DagBag from /home/ruslan/.local/lib/python3.10/site-packages/airflow/example_dags/example_latest_only_with_trigger.py
[2025-03-22T10:16:03.966+0500] {processor.py:925} INFO - DAG(s) 'latest_only_with_trigger' retrieved from /home/ruslan/.local/lib/python3.10/site-packages/airflow/example_dags/example_latest_only_with_trigger.py
[2025-03-22T10:16:03.974+0500] {logging_mixin.py:190} INFO - [2025-03-22T10:16:03.974+0500] {dag.py:3239} INFO - Sync 1 DAGs
[2025-03-22T10:16:03.985+0500] {logging_mixin.py:190} INFO - [2025-03-22T10:16:03.985+0500] {dag.py:4180} INFO - Setting next_dagrun for latest_only_with_trigger to 2025-03-22 00:00:00+00:00, run_after=2025-03-22 04:00:00+00:00
[2025-03-22T10:16:04.000+0500] {processor.py:208} INFO - Processing /home/ruslan/.local/lib/python3.10/site-packages/airflow/example_dags/example_latest_only_with_trigger.py took 0.045 seconds
[2025-03-22T10:16:55.727+0500] {processor.py:186} INFO - Started process (PID=23936) to work on /home/ruslan/.local/lib/python3.10/site-packages/airflow/example_dags/example_latest_only_with_trigger.py
[2025-03-22T10:16:55.728+0500] {processor.py:914} INFO - Processing file /home/ruslan/.local/lib/python3.10/site-packages/airflow/example_dags/example_latest_only_with_trigger.py for tasks to queue
[2025-03-22T10:16:55.729+0500] {logging_mixin.py:190} INFO - [2025-03-22T10:16:55.729+0500] {dagbag.py:588} INFO - Filling up the DagBag from /home/ruslan/.local/lib/python3.10/site-packages/airflow/example_dags/example_latest_only_with_trigger.py
[2025-03-22T10:16:55.734+0500] {processor.py:925} INFO - DAG(s) 'latest_only_with_trigger' retrieved from /home/ruslan/.local/lib/python3.10/site-packages/airflow/example_dags/example_latest_only_with_trigger.py
[2025-03-22T10:16:55.742+0500] {logging_mixin.py:190} INFO - [2025-03-22T10:16:55.742+0500] {dag.py:3239} INFO - Sync 1 DAGs
[2025-03-22T10:16:55.753+0500] {logging_mixin.py:190} INFO - [2025-03-22T10:16:55.753+0500] {dag.py:4180} INFO - Setting next_dagrun for latest_only_with_trigger to 2025-03-22 00:00:00+00:00, run_after=2025-03-22 04:00:00+00:00
[2025-03-22T10:16:55.768+0500] {processor.py:208} INFO - Processing /home/ruslan/.local/lib/python3.10/site-packages/airflow/example_dags/example_latest_only_with_trigger.py took 0.045 seconds
[2025-03-22T10:17:47.472+0500] {processor.py:186} INFO - Started process (PID=24441) to work on /home/ruslan/.local/lib/python3.10/site-packages/airflow/example_dags/example_latest_only_with_trigger.py
[2025-03-22T10:17:47.473+0500] {processor.py:914} INFO - Processing file /home/ruslan/.local/lib/python3.10/site-packages/airflow/example_dags/example_latest_only_with_trigger.py for tasks to queue
[2025-03-22T10:17:47.474+0500] {logging_mixin.py:190} INFO - [2025-03-22T10:17:47.474+0500] {dagbag.py:588} INFO - Filling up the DagBag from /home/ruslan/.local/lib/python3.10/site-packages/airflow/example_dags/example_latest_only_with_trigger.py
[2025-03-22T10:17:47.479+0500] {processor.py:925} INFO - DAG(s) 'latest_only_with_trigger' retrieved from /home/ruslan/.local/lib/python3.10/site-packages/airflow/example_dags/example_latest_only_with_trigger.py
[2025-03-22T10:17:47.487+0500] {logging_mixin.py:190} INFO - [2025-03-22T10:17:47.487+0500] {dag.py:3239} INFO - Sync 1 DAGs
[2025-03-22T10:17:47.498+0500] {logging_mixin.py:190} INFO - [2025-03-22T10:17:47.498+0500] {dag.py:4180} INFO - Setting next_dagrun for latest_only_with_trigger to 2025-03-22 00:00:00+00:00, run_after=2025-03-22 04:00:00+00:00
[2025-03-22T10:17:47.514+0500] {processor.py:208} INFO - Processing /home/ruslan/.local/lib/python3.10/site-packages/airflow/example_dags/example_latest_only_with_trigger.py took 0.046 seconds
[2025-03-22T10:18:40.448+0500] {processor.py:186} INFO - Started process (PID=25035) to work on /home/ruslan/.local/lib/python3.10/site-packages/airflow/example_dags/example_latest_only_with_trigger.py
[2025-03-22T10:18:40.449+0500] {processor.py:914} INFO - Processing file /home/ruslan/.local/lib/python3.10/site-packages/airflow/example_dags/example_latest_only_with_trigger.py for tasks to queue
[2025-03-22T10:18:40.450+0500] {logging_mixin.py:190} INFO - [2025-03-22T10:18:40.450+0500] {dagbag.py:588} INFO - Filling up the DagBag from /home/ruslan/.local/lib/python3.10/site-packages/airflow/example_dags/example_latest_only_with_trigger.py
[2025-03-22T10:18:40.455+0500] {processor.py:925} INFO - DAG(s) 'latest_only_with_trigger' retrieved from /home/ruslan/.local/lib/python3.10/site-packages/airflow/example_dags/example_latest_only_with_trigger.py
[2025-03-22T10:18:40.463+0500] {logging_mixin.py:190} INFO - [2025-03-22T10:18:40.463+0500] {dag.py:3239} INFO - Sync 1 DAGs
[2025-03-22T10:18:40.474+0500] {logging_mixin.py:190} INFO - [2025-03-22T10:18:40.474+0500] {dag.py:4180} INFO - Setting next_dagrun for latest_only_with_trigger to 2025-03-22 00:00:00+00:00, run_after=2025-03-22 04:00:00+00:00
[2025-03-22T10:18:40.489+0500] {processor.py:208} INFO - Processing /home/ruslan/.local/lib/python3.10/site-packages/airflow/example_dags/example_latest_only_with_trigger.py took 0.044 seconds
[2025-03-22T10:19:28.163+0500] {processor.py:186} INFO - Started process (PID=25547) to work on /home/ruslan/.local/lib/python3.10/site-packages/airflow/example_dags/example_latest_only_with_trigger.py
[2025-03-22T10:19:28.164+0500] {processor.py:914} INFO - Processing file /home/ruslan/.local/lib/python3.10/site-packages/airflow/example_dags/example_latest_only_with_trigger.py for tasks to queue
[2025-03-22T10:19:28.166+0500] {logging_mixin.py:190} INFO - [2025-03-22T10:19:28.165+0500] {dagbag.py:588} INFO - Filling up the DagBag from /home/ruslan/.local/lib/python3.10/site-packages/airflow/example_dags/example_latest_only_with_trigger.py
[2025-03-22T10:19:28.171+0500] {processor.py:925} INFO - DAG(s) 'latest_only_with_trigger' retrieved from /home/ruslan/.local/lib/python3.10/site-packages/airflow/example_dags/example_latest_only_with_trigger.py
[2025-03-22T10:19:28.181+0500] {logging_mixin.py:190} INFO - [2025-03-22T10:19:28.180+0500] {dag.py:3239} INFO - Sync 1 DAGs
[2025-03-22T10:19:28.194+0500] {logging_mixin.py:190} INFO - [2025-03-22T10:19:28.193+0500] {dag.py:4180} INFO - Setting next_dagrun for latest_only_with_trigger to 2025-03-22 00:00:00+00:00, run_after=2025-03-22 04:00:00+00:00
[2025-03-22T10:19:28.209+0500] {processor.py:208} INFO - Processing /home/ruslan/.local/lib/python3.10/site-packages/airflow/example_dags/example_latest_only_with_trigger.py took 0.050 seconds
[2025-03-22T10:20:23.161+0500] {processor.py:186} INFO - Started process (PID=26165) to work on /home/ruslan/.local/lib/python3.10/site-packages/airflow/example_dags/example_latest_only_with_trigger.py
[2025-03-22T10:20:23.162+0500] {processor.py:914} INFO - Processing file /home/ruslan/.local/lib/python3.10/site-packages/airflow/example_dags/example_latest_only_with_trigger.py for tasks to queue
[2025-03-22T10:20:23.163+0500] {logging_mixin.py:190} INFO - [2025-03-22T10:20:23.163+0500] {dagbag.py:588} INFO - Filling up the DagBag from /home/ruslan/.local/lib/python3.10/site-packages/airflow/example_dags/example_latest_only_with_trigger.py
[2025-03-22T10:20:23.168+0500] {processor.py:925} INFO - DAG(s) 'latest_only_with_trigger' retrieved from /home/ruslan/.local/lib/python3.10/site-packages/airflow/example_dags/example_latest_only_with_trigger.py
[2025-03-22T10:20:23.178+0500] {logging_mixin.py:190} INFO - [2025-03-22T10:20:23.177+0500] {dag.py:3239} INFO - Sync 1 DAGs
[2025-03-22T10:20:23.189+0500] {logging_mixin.py:190} INFO - [2025-03-22T10:20:23.189+0500] {dag.py:4180} INFO - Setting next_dagrun for latest_only_with_trigger to 2025-03-22 00:00:00+00:00, run_after=2025-03-22 04:00:00+00:00
[2025-03-22T10:20:23.205+0500] {processor.py:208} INFO - Processing /home/ruslan/.local/lib/python3.10/site-packages/airflow/example_dags/example_latest_only_with_trigger.py took 0.048 seconds
[2025-03-22T10:21:13.397+0500] {processor.py:186} INFO - Started process (PID=26658) to work on /home/ruslan/.local/lib/python3.10/site-packages/airflow/example_dags/example_latest_only_with_trigger.py
[2025-03-22T10:21:13.398+0500] {processor.py:914} INFO - Processing file /home/ruslan/.local/lib/python3.10/site-packages/airflow/example_dags/example_latest_only_with_trigger.py for tasks to queue
[2025-03-22T10:21:13.399+0500] {logging_mixin.py:190} INFO - [2025-03-22T10:21:13.399+0500] {dagbag.py:588} INFO - Filling up the DagBag from /home/ruslan/.local/lib/python3.10/site-packages/airflow/example_dags/example_latest_only_with_trigger.py
[2025-03-22T10:21:13.404+0500] {processor.py:925} INFO - DAG(s) 'latest_only_with_trigger' retrieved from /home/ruslan/.local/lib/python3.10/site-packages/airflow/example_dags/example_latest_only_with_trigger.py
[2025-03-22T10:21:13.413+0500] {logging_mixin.py:190} INFO - [2025-03-22T10:21:13.413+0500] {dag.py:3239} INFO - Sync 1 DAGs
[2025-03-22T10:21:13.426+0500] {logging_mixin.py:190} INFO - [2025-03-22T10:21:13.426+0500] {dag.py:4180} INFO - Setting next_dagrun for latest_only_with_trigger to 2025-03-22 00:00:00+00:00, run_after=2025-03-22 04:00:00+00:00
[2025-03-22T10:21:13.441+0500] {processor.py:208} INFO - Processing /home/ruslan/.local/lib/python3.10/site-packages/airflow/example_dags/example_latest_only_with_trigger.py took 0.048 seconds
[2025-03-22T10:22:07.535+0500] {processor.py:186} INFO - Started process (PID=27264) to work on /home/ruslan/.local/lib/python3.10/site-packages/airflow/example_dags/example_latest_only_with_trigger.py
[2025-03-22T10:22:07.536+0500] {processor.py:914} INFO - Processing file /home/ruslan/.local/lib/python3.10/site-packages/airflow/example_dags/example_latest_only_with_trigger.py for tasks to queue
[2025-03-22T10:22:07.538+0500] {logging_mixin.py:190} INFO - [2025-03-22T10:22:07.537+0500] {dagbag.py:588} INFO - Filling up the DagBag from /home/ruslan/.local/lib/python3.10/site-packages/airflow/example_dags/example_latest_only_with_trigger.py
[2025-03-22T10:22:07.542+0500] {processor.py:925} INFO - DAG(s) 'latest_only_with_trigger' retrieved from /home/ruslan/.local/lib/python3.10/site-packages/airflow/example_dags/example_latest_only_with_trigger.py
[2025-03-22T10:22:07.551+0500] {logging_mixin.py:190} INFO - [2025-03-22T10:22:07.551+0500] {dag.py:3239} INFO - Sync 1 DAGs
[2025-03-22T10:22:07.561+0500] {logging_mixin.py:190} INFO - [2025-03-22T10:22:07.561+0500] {dag.py:4180} INFO - Setting next_dagrun for latest_only_with_trigger to 2025-03-22 00:00:00+00:00, run_after=2025-03-22 04:00:00+00:00
[2025-03-22T10:22:07.576+0500] {processor.py:208} INFO - Processing /home/ruslan/.local/lib/python3.10/site-packages/airflow/example_dags/example_latest_only_with_trigger.py took 0.044 seconds
[2025-03-22T10:23:00.831+0500] {processor.py:186} INFO - Started process (PID=27800) to work on /home/ruslan/.local/lib/python3.10/site-packages/airflow/example_dags/example_latest_only_with_trigger.py
[2025-03-22T10:23:00.832+0500] {processor.py:914} INFO - Processing file /home/ruslan/.local/lib/python3.10/site-packages/airflow/example_dags/example_latest_only_with_trigger.py for tasks to queue
[2025-03-22T10:23:00.833+0500] {logging_mixin.py:190} INFO - [2025-03-22T10:23:00.833+0500] {dagbag.py:588} INFO - Filling up the DagBag from /home/ruslan/.local/lib/python3.10/site-packages/airflow/example_dags/example_latest_only_with_trigger.py
[2025-03-22T10:23:00.838+0500] {processor.py:925} INFO - DAG(s) 'latest_only_with_trigger' retrieved from /home/ruslan/.local/lib/python3.10/site-packages/airflow/example_dags/example_latest_only_with_trigger.py
[2025-03-22T10:23:00.848+0500] {logging_mixin.py:190} INFO - [2025-03-22T10:23:00.848+0500] {dag.py:3239} INFO - Sync 1 DAGs
[2025-03-22T10:23:00.860+0500] {logging_mixin.py:190} INFO - [2025-03-22T10:23:00.860+0500] {dag.py:4180} INFO - Setting next_dagrun for latest_only_with_trigger to 2025-03-22 00:00:00+00:00, run_after=2025-03-22 04:00:00+00:00
[2025-03-22T10:23:00.874+0500] {processor.py:208} INFO - Processing /home/ruslan/.local/lib/python3.10/site-packages/airflow/example_dags/example_latest_only_with_trigger.py took 0.047 seconds
[2025-03-22T10:23:53.141+0500] {processor.py:186} INFO - Started process (PID=28404) to work on /home/ruslan/.local/lib/python3.10/site-packages/airflow/example_dags/example_latest_only_with_trigger.py
[2025-03-22T10:23:53.143+0500] {processor.py:914} INFO - Processing file /home/ruslan/.local/lib/python3.10/site-packages/airflow/example_dags/example_latest_only_with_trigger.py for tasks to queue
[2025-03-22T10:23:53.145+0500] {logging_mixin.py:190} INFO - [2025-03-22T10:23:53.144+0500] {dagbag.py:588} INFO - Filling up the DagBag from /home/ruslan/.local/lib/python3.10/site-packages/airflow/example_dags/example_latest_only_with_trigger.py
[2025-03-22T10:23:53.152+0500] {processor.py:925} INFO - DAG(s) 'latest_only_with_trigger' retrieved from /home/ruslan/.local/lib/python3.10/site-packages/airflow/example_dags/example_latest_only_with_trigger.py
[2025-03-22T10:23:53.178+0500] {logging_mixin.py:190} INFO - [2025-03-22T10:23:53.177+0500] {dag.py:3239} INFO - Sync 1 DAGs
[2025-03-22T10:23:53.197+0500] {logging_mixin.py:190} INFO - [2025-03-22T10:23:53.197+0500] {dag.py:4180} INFO - Setting next_dagrun for latest_only_with_trigger to 2025-03-22 00:00:00+00:00, run_after=2025-03-22 04:00:00+00:00
[2025-03-22T10:23:53.219+0500] {processor.py:208} INFO - Processing /home/ruslan/.local/lib/python3.10/site-packages/airflow/example_dags/example_latest_only_with_trigger.py took 0.085 seconds
[2025-03-22T10:24:43.773+0500] {processor.py:186} INFO - Started process (PID=28913) to work on /home/ruslan/.local/lib/python3.10/site-packages/airflow/example_dags/example_latest_only_with_trigger.py
[2025-03-22T10:24:43.774+0500] {processor.py:914} INFO - Processing file /home/ruslan/.local/lib/python3.10/site-packages/airflow/example_dags/example_latest_only_with_trigger.py for tasks to queue
[2025-03-22T10:24:43.776+0500] {logging_mixin.py:190} INFO - [2025-03-22T10:24:43.775+0500] {dagbag.py:588} INFO - Filling up the DagBag from /home/ruslan/.local/lib/python3.10/site-packages/airflow/example_dags/example_latest_only_with_trigger.py
[2025-03-22T10:24:43.781+0500] {processor.py:925} INFO - DAG(s) 'latest_only_with_trigger' retrieved from /home/ruslan/.local/lib/python3.10/site-packages/airflow/example_dags/example_latest_only_with_trigger.py
[2025-03-22T10:24:43.790+0500] {logging_mixin.py:190} INFO - [2025-03-22T10:24:43.790+0500] {dag.py:3239} INFO - Sync 1 DAGs
[2025-03-22T10:24:43.802+0500] {logging_mixin.py:190} INFO - [2025-03-22T10:24:43.802+0500] {dag.py:4180} INFO - Setting next_dagrun for latest_only_with_trigger to 2025-03-22 00:00:00+00:00, run_after=2025-03-22 04:00:00+00:00
[2025-03-22T10:24:43.816+0500] {processor.py:208} INFO - Processing /home/ruslan/.local/lib/python3.10/site-packages/airflow/example_dags/example_latest_only_with_trigger.py took 0.047 seconds
[2025-03-22T10:25:32.878+0500] {processor.py:186} INFO - Started process (PID=29441) to work on /home/ruslan/.local/lib/python3.10/site-packages/airflow/example_dags/example_latest_only_with_trigger.py
[2025-03-22T10:25:32.879+0500] {processor.py:914} INFO - Processing file /home/ruslan/.local/lib/python3.10/site-packages/airflow/example_dags/example_latest_only_with_trigger.py for tasks to queue
[2025-03-22T10:25:32.880+0500] {logging_mixin.py:190} INFO - [2025-03-22T10:25:32.880+0500] {dagbag.py:588} INFO - Filling up the DagBag from /home/ruslan/.local/lib/python3.10/site-packages/airflow/example_dags/example_latest_only_with_trigger.py
[2025-03-22T10:25:32.884+0500] {processor.py:925} INFO - DAG(s) 'latest_only_with_trigger' retrieved from /home/ruslan/.local/lib/python3.10/site-packages/airflow/example_dags/example_latest_only_with_trigger.py
[2025-03-22T10:25:32.893+0500] {logging_mixin.py:190} INFO - [2025-03-22T10:25:32.893+0500] {dag.py:3239} INFO - Sync 1 DAGs
[2025-03-22T10:25:32.904+0500] {logging_mixin.py:190} INFO - [2025-03-22T10:25:32.904+0500] {dag.py:4180} INFO - Setting next_dagrun for latest_only_with_trigger to 2025-03-22 00:00:00+00:00, run_after=2025-03-22 04:00:00+00:00
[2025-03-22T10:25:32.919+0500] {processor.py:208} INFO - Processing /home/ruslan/.local/lib/python3.10/site-packages/airflow/example_dags/example_latest_only_with_trigger.py took 0.045 seconds
[2025-03-22T10:26:28.081+0500] {processor.py:186} INFO - Started process (PID=30516) to work on /home/ruslan/.local/lib/python3.10/site-packages/airflow/example_dags/example_latest_only_with_trigger.py
[2025-03-22T10:26:28.082+0500] {processor.py:914} INFO - Processing file /home/ruslan/.local/lib/python3.10/site-packages/airflow/example_dags/example_latest_only_with_trigger.py for tasks to queue
[2025-03-22T10:26:28.084+0500] {logging_mixin.py:190} INFO - [2025-03-22T10:26:28.083+0500] {dagbag.py:588} INFO - Filling up the DagBag from /home/ruslan/.local/lib/python3.10/site-packages/airflow/example_dags/example_latest_only_with_trigger.py
[2025-03-22T10:26:28.089+0500] {processor.py:925} INFO - DAG(s) 'latest_only_with_trigger' retrieved from /home/ruslan/.local/lib/python3.10/site-packages/airflow/example_dags/example_latest_only_with_trigger.py
[2025-03-22T10:26:28.098+0500] {logging_mixin.py:190} INFO - [2025-03-22T10:26:28.098+0500] {dag.py:3239} INFO - Sync 1 DAGs
[2025-03-22T10:26:28.109+0500] {logging_mixin.py:190} INFO - [2025-03-22T10:26:28.109+0500] {dag.py:4180} INFO - Setting next_dagrun for latest_only_with_trigger to 2025-03-22 00:00:00+00:00, run_after=2025-03-22 04:00:00+00:00
[2025-03-22T10:26:28.124+0500] {processor.py:208} INFO - Processing /home/ruslan/.local/lib/python3.10/site-packages/airflow/example_dags/example_latest_only_with_trigger.py took 0.047 seconds
[2025-03-22T10:27:16.445+0500] {processor.py:186} INFO - Started process (PID=31119) to work on /home/ruslan/.local/lib/python3.10/site-packages/airflow/example_dags/example_latest_only_with_trigger.py
[2025-03-22T10:27:16.446+0500] {processor.py:914} INFO - Processing file /home/ruslan/.local/lib/python3.10/site-packages/airflow/example_dags/example_latest_only_with_trigger.py for tasks to queue
[2025-03-22T10:27:16.447+0500] {logging_mixin.py:190} INFO - [2025-03-22T10:27:16.447+0500] {dagbag.py:588} INFO - Filling up the DagBag from /home/ruslan/.local/lib/python3.10/site-packages/airflow/example_dags/example_latest_only_with_trigger.py
[2025-03-22T10:27:16.452+0500] {processor.py:925} INFO - DAG(s) 'latest_only_with_trigger' retrieved from /home/ruslan/.local/lib/python3.10/site-packages/airflow/example_dags/example_latest_only_with_trigger.py
[2025-03-22T10:27:16.461+0500] {logging_mixin.py:190} INFO - [2025-03-22T10:27:16.461+0500] {dag.py:3239} INFO - Sync 1 DAGs
[2025-03-22T10:27:16.472+0500] {logging_mixin.py:190} INFO - [2025-03-22T10:27:16.472+0500] {dag.py:4180} INFO - Setting next_dagrun for latest_only_with_trigger to 2025-03-22 00:00:00+00:00, run_after=2025-03-22 04:00:00+00:00
[2025-03-22T10:27:16.488+0500] {processor.py:208} INFO - Processing /home/ruslan/.local/lib/python3.10/site-packages/airflow/example_dags/example_latest_only_with_trigger.py took 0.047 seconds
[2025-03-22T10:28:10.655+0500] {processor.py:186} INFO - Started process (PID=31732) to work on /home/ruslan/.local/lib/python3.10/site-packages/airflow/example_dags/example_latest_only_with_trigger.py
[2025-03-22T10:28:10.656+0500] {processor.py:914} INFO - Processing file /home/ruslan/.local/lib/python3.10/site-packages/airflow/example_dags/example_latest_only_with_trigger.py for tasks to queue
[2025-03-22T10:28:10.658+0500] {logging_mixin.py:190} INFO - [2025-03-22T10:28:10.657+0500] {dagbag.py:588} INFO - Filling up the DagBag from /home/ruslan/.local/lib/python3.10/site-packages/airflow/example_dags/example_latest_only_with_trigger.py
[2025-03-22T10:28:10.663+0500] {processor.py:925} INFO - DAG(s) 'latest_only_with_trigger' retrieved from /home/ruslan/.local/lib/python3.10/site-packages/airflow/example_dags/example_latest_only_with_trigger.py
[2025-03-22T10:28:10.673+0500] {logging_mixin.py:190} INFO - [2025-03-22T10:28:10.673+0500] {dag.py:3239} INFO - Sync 1 DAGs
[2025-03-22T10:28:10.685+0500] {logging_mixin.py:190} INFO - [2025-03-22T10:28:10.685+0500] {dag.py:4180} INFO - Setting next_dagrun for latest_only_with_trigger to 2025-03-22 00:00:00+00:00, run_after=2025-03-22 04:00:00+00:00
[2025-03-22T10:28:10.701+0500] {processor.py:208} INFO - Processing /home/ruslan/.local/lib/python3.10/site-packages/airflow/example_dags/example_latest_only_with_trigger.py took 0.050 seconds
[2025-03-22T10:29:03.569+0500] {processor.py:186} INFO - Started process (PID=32254) to work on /home/ruslan/.local/lib/python3.10/site-packages/airflow/example_dags/example_latest_only_with_trigger.py
[2025-03-22T10:29:03.570+0500] {processor.py:914} INFO - Processing file /home/ruslan/.local/lib/python3.10/site-packages/airflow/example_dags/example_latest_only_with_trigger.py for tasks to queue
[2025-03-22T10:29:03.572+0500] {logging_mixin.py:190} INFO - [2025-03-22T10:29:03.572+0500] {dagbag.py:588} INFO - Filling up the DagBag from /home/ruslan/.local/lib/python3.10/site-packages/airflow/example_dags/example_latest_only_with_trigger.py
[2025-03-22T10:29:03.579+0500] {processor.py:925} INFO - DAG(s) 'latest_only_with_trigger' retrieved from /home/ruslan/.local/lib/python3.10/site-packages/airflow/example_dags/example_latest_only_with_trigger.py
[2025-03-22T10:29:03.589+0500] {logging_mixin.py:190} INFO - [2025-03-22T10:29:03.589+0500] {dag.py:3239} INFO - Sync 1 DAGs
[2025-03-22T10:29:03.601+0500] {logging_mixin.py:190} INFO - [2025-03-22T10:29:03.600+0500] {dag.py:4180} INFO - Setting next_dagrun for latest_only_with_trigger to 2025-03-22 00:00:00+00:00, run_after=2025-03-22 04:00:00+00:00
[2025-03-22T10:29:03.615+0500] {processor.py:208} INFO - Processing /home/ruslan/.local/lib/python3.10/site-packages/airflow/example_dags/example_latest_only_with_trigger.py took 0.051 seconds
[2025-03-22T10:29:54.213+0500] {processor.py:186} INFO - Started process (PID=32767) to work on /home/ruslan/.local/lib/python3.10/site-packages/airflow/example_dags/example_latest_only_with_trigger.py
[2025-03-22T10:29:54.214+0500] {processor.py:914} INFO - Processing file /home/ruslan/.local/lib/python3.10/site-packages/airflow/example_dags/example_latest_only_with_trigger.py for tasks to queue
[2025-03-22T10:29:54.215+0500] {logging_mixin.py:190} INFO - [2025-03-22T10:29:54.214+0500] {dagbag.py:588} INFO - Filling up the DagBag from /home/ruslan/.local/lib/python3.10/site-packages/airflow/example_dags/example_latest_only_with_trigger.py
[2025-03-22T10:29:54.220+0500] {processor.py:925} INFO - DAG(s) 'latest_only_with_trigger' retrieved from /home/ruslan/.local/lib/python3.10/site-packages/airflow/example_dags/example_latest_only_with_trigger.py
[2025-03-22T10:29:54.229+0500] {logging_mixin.py:190} INFO - [2025-03-22T10:29:54.229+0500] {dag.py:3239} INFO - Sync 1 DAGs
[2025-03-22T10:29:54.241+0500] {logging_mixin.py:190} INFO - [2025-03-22T10:29:54.241+0500] {dag.py:4180} INFO - Setting next_dagrun for latest_only_with_trigger to 2025-03-22 00:00:00+00:00, run_after=2025-03-22 04:00:00+00:00
[2025-03-22T10:29:54.256+0500] {processor.py:208} INFO - Processing /home/ruslan/.local/lib/python3.10/site-packages/airflow/example_dags/example_latest_only_with_trigger.py took 0.047 seconds
[2025-03-22T10:30:47.113+0500] {processor.py:186} INFO - Started process (PID=33032) to work on /home/ruslan/.local/lib/python3.10/site-packages/airflow/example_dags/example_latest_only_with_trigger.py
[2025-03-22T10:30:47.114+0500] {processor.py:914} INFO - Processing file /home/ruslan/.local/lib/python3.10/site-packages/airflow/example_dags/example_latest_only_with_trigger.py for tasks to queue
[2025-03-22T10:30:47.114+0500] {logging_mixin.py:190} INFO - [2025-03-22T10:30:47.114+0500] {dagbag.py:588} INFO - Filling up the DagBag from /home/ruslan/.local/lib/python3.10/site-packages/airflow/example_dags/example_latest_only_with_trigger.py
[2025-03-22T10:30:47.119+0500] {processor.py:925} INFO - DAG(s) 'latest_only_with_trigger' retrieved from /home/ruslan/.local/lib/python3.10/site-packages/airflow/example_dags/example_latest_only_with_trigger.py
[2025-03-22T10:30:47.128+0500] {logging_mixin.py:190} INFO - [2025-03-22T10:30:47.128+0500] {dag.py:3239} INFO - Sync 1 DAGs
[2025-03-22T10:30:47.139+0500] {logging_mixin.py:190} INFO - [2025-03-22T10:30:47.139+0500] {dag.py:4180} INFO - Setting next_dagrun for latest_only_with_trigger to 2025-03-22 00:00:00+00:00, run_after=2025-03-22 04:00:00+00:00
[2025-03-22T10:30:47.154+0500] {processor.py:208} INFO - Processing /home/ruslan/.local/lib/python3.10/site-packages/airflow/example_dags/example_latest_only_with_trigger.py took 0.045 seconds
[2025-03-22T10:31:38.602+0500] {processor.py:186} INFO - Started process (PID=33600) to work on /home/ruslan/.local/lib/python3.10/site-packages/airflow/example_dags/example_latest_only_with_trigger.py
[2025-03-22T10:31:38.603+0500] {processor.py:914} INFO - Processing file /home/ruslan/.local/lib/python3.10/site-packages/airflow/example_dags/example_latest_only_with_trigger.py for tasks to queue
[2025-03-22T10:31:38.604+0500] {logging_mixin.py:190} INFO - [2025-03-22T10:31:38.604+0500] {dagbag.py:588} INFO - Filling up the DagBag from /home/ruslan/.local/lib/python3.10/site-packages/airflow/example_dags/example_latest_only_with_trigger.py
[2025-03-22T10:31:38.610+0500] {processor.py:925} INFO - DAG(s) 'latest_only_with_trigger' retrieved from /home/ruslan/.local/lib/python3.10/site-packages/airflow/example_dags/example_latest_only_with_trigger.py
[2025-03-22T10:31:38.628+0500] {logging_mixin.py:190} INFO - [2025-03-22T10:31:38.627+0500] {dag.py:3239} INFO - Sync 1 DAGs
[2025-03-22T10:31:38.656+0500] {logging_mixin.py:190} INFO - [2025-03-22T10:31:38.655+0500] {dag.py:4180} INFO - Setting next_dagrun for latest_only_with_trigger to 2025-03-22 00:00:00+00:00, run_after=2025-03-22 04:00:00+00:00
[2025-03-22T10:31:38.682+0500] {processor.py:208} INFO - Processing /home/ruslan/.local/lib/python3.10/site-packages/airflow/example_dags/example_latest_only_with_trigger.py took 0.085 seconds
[2025-03-22T10:32:32.321+0500] {processor.py:186} INFO - Started process (PID=34368) to work on /home/ruslan/.local/lib/python3.10/site-packages/airflow/example_dags/example_latest_only_with_trigger.py
[2025-03-22T10:32:32.322+0500] {processor.py:914} INFO - Processing file /home/ruslan/.local/lib/python3.10/site-packages/airflow/example_dags/example_latest_only_with_trigger.py for tasks to queue
[2025-03-22T10:32:32.323+0500] {logging_mixin.py:190} INFO - [2025-03-22T10:32:32.322+0500] {dagbag.py:588} INFO - Filling up the DagBag from /home/ruslan/.local/lib/python3.10/site-packages/airflow/example_dags/example_latest_only_with_trigger.py
[2025-03-22T10:32:32.328+0500] {processor.py:925} INFO - DAG(s) 'latest_only_with_trigger' retrieved from /home/ruslan/.local/lib/python3.10/site-packages/airflow/example_dags/example_latest_only_with_trigger.py
[2025-03-22T10:32:32.336+0500] {logging_mixin.py:190} INFO - [2025-03-22T10:32:32.336+0500] {dag.py:3239} INFO - Sync 1 DAGs
[2025-03-22T10:32:32.346+0500] {logging_mixin.py:190} INFO - [2025-03-22T10:32:32.346+0500] {dag.py:4180} INFO - Setting next_dagrun for latest_only_with_trigger to 2025-03-22 00:00:00+00:00, run_after=2025-03-22 04:00:00+00:00
[2025-03-22T10:32:32.361+0500] {processor.py:208} INFO - Processing /home/ruslan/.local/lib/python3.10/site-packages/airflow/example_dags/example_latest_only_with_trigger.py took 0.044 seconds
[2025-03-22T10:33:04.938+0500] {processor.py:186} INFO - Started process (PID=34877) to work on /home/ruslan/.local/lib/python3.10/site-packages/airflow/example_dags/example_latest_only_with_trigger.py
[2025-03-22T10:33:04.939+0500] {processor.py:914} INFO - Processing file /home/ruslan/.local/lib/python3.10/site-packages/airflow/example_dags/example_latest_only_with_trigger.py for tasks to queue
[2025-03-22T10:33:04.940+0500] {logging_mixin.py:190} INFO - [2025-03-22T10:33:04.940+0500] {dagbag.py:588} INFO - Filling up the DagBag from /home/ruslan/.local/lib/python3.10/site-packages/airflow/example_dags/example_latest_only_with_trigger.py
[2025-03-22T10:33:04.945+0500] {processor.py:925} INFO - DAG(s) 'latest_only_with_trigger' retrieved from /home/ruslan/.local/lib/python3.10/site-packages/airflow/example_dags/example_latest_only_with_trigger.py
[2025-03-22T10:33:04.958+0500] {logging_mixin.py:190} INFO - [2025-03-22T10:33:04.958+0500] {dag.py:3239} INFO - Sync 1 DAGs
[2025-03-22T10:33:04.971+0500] {logging_mixin.py:190} INFO - [2025-03-22T10:33:04.971+0500] {dag.py:4180} INFO - Setting next_dagrun for latest_only_with_trigger to 2025-03-22 00:00:00+00:00, run_after=2025-03-22 04:00:00+00:00
[2025-03-22T10:33:04.986+0500] {processor.py:208} INFO - Processing /home/ruslan/.local/lib/python3.10/site-packages/airflow/example_dags/example_latest_only_with_trigger.py took 0.052 seconds
[2025-03-22T10:33:59.053+0500] {processor.py:186} INFO - Started process (PID=35471) to work on /home/ruslan/.local/lib/python3.10/site-packages/airflow/example_dags/example_latest_only_with_trigger.py
[2025-03-22T10:33:59.054+0500] {processor.py:914} INFO - Processing file /home/ruslan/.local/lib/python3.10/site-packages/airflow/example_dags/example_latest_only_with_trigger.py for tasks to queue
[2025-03-22T10:33:59.055+0500] {logging_mixin.py:190} INFO - [2025-03-22T10:33:59.055+0500] {dagbag.py:588} INFO - Filling up the DagBag from /home/ruslan/.local/lib/python3.10/site-packages/airflow/example_dags/example_latest_only_with_trigger.py
[2025-03-22T10:33:59.060+0500] {processor.py:925} INFO - DAG(s) 'latest_only_with_trigger' retrieved from /home/ruslan/.local/lib/python3.10/site-packages/airflow/example_dags/example_latest_only_with_trigger.py
[2025-03-22T10:33:59.069+0500] {logging_mixin.py:190} INFO - [2025-03-22T10:33:59.069+0500] {dag.py:3239} INFO - Sync 1 DAGs
[2025-03-22T10:33:59.080+0500] {logging_mixin.py:190} INFO - [2025-03-22T10:33:59.080+0500] {dag.py:4180} INFO - Setting next_dagrun for latest_only_with_trigger to 2025-03-22 00:00:00+00:00, run_after=2025-03-22 04:00:00+00:00
[2025-03-22T10:33:59.096+0500] {processor.py:208} INFO - Processing /home/ruslan/.local/lib/python3.10/site-packages/airflow/example_dags/example_latest_only_with_trigger.py took 0.046 seconds
[2025-03-22T10:34:51.732+0500] {processor.py:186} INFO - Started process (PID=36150) to work on /home/ruslan/.local/lib/python3.10/site-packages/airflow/example_dags/example_latest_only_with_trigger.py
[2025-03-22T10:34:51.733+0500] {processor.py:914} INFO - Processing file /home/ruslan/.local/lib/python3.10/site-packages/airflow/example_dags/example_latest_only_with_trigger.py for tasks to queue
[2025-03-22T10:34:51.734+0500] {logging_mixin.py:190} INFO - [2025-03-22T10:34:51.734+0500] {dagbag.py:588} INFO - Filling up the DagBag from /home/ruslan/.local/lib/python3.10/site-packages/airflow/example_dags/example_latest_only_with_trigger.py
[2025-03-22T10:34:51.739+0500] {processor.py:925} INFO - DAG(s) 'latest_only_with_trigger' retrieved from /home/ruslan/.local/lib/python3.10/site-packages/airflow/example_dags/example_latest_only_with_trigger.py
[2025-03-22T10:34:51.747+0500] {logging_mixin.py:190} INFO - [2025-03-22T10:34:51.747+0500] {dag.py:3239} INFO - Sync 1 DAGs
[2025-03-22T10:34:51.758+0500] {logging_mixin.py:190} INFO - [2025-03-22T10:34:51.758+0500] {dag.py:4180} INFO - Setting next_dagrun for latest_only_with_trigger to 2025-03-22 00:00:00+00:00, run_after=2025-03-22 04:00:00+00:00
[2025-03-22T10:34:51.773+0500] {processor.py:208} INFO - Processing /home/ruslan/.local/lib/python3.10/site-packages/airflow/example_dags/example_latest_only_with_trigger.py took 0.045 seconds
[2025-03-22T10:35:43.074+0500] {processor.py:186} INFO - Started process (PID=36701) to work on /home/ruslan/.local/lib/python3.10/site-packages/airflow/example_dags/example_latest_only_with_trigger.py
[2025-03-22T10:35:43.076+0500] {processor.py:914} INFO - Processing file /home/ruslan/.local/lib/python3.10/site-packages/airflow/example_dags/example_latest_only_with_trigger.py for tasks to queue
[2025-03-22T10:35:43.077+0500] {logging_mixin.py:190} INFO - [2025-03-22T10:35:43.077+0500] {dagbag.py:588} INFO - Filling up the DagBag from /home/ruslan/.local/lib/python3.10/site-packages/airflow/example_dags/example_latest_only_with_trigger.py
[2025-03-22T10:35:43.082+0500] {processor.py:925} INFO - DAG(s) 'latest_only_with_trigger' retrieved from /home/ruslan/.local/lib/python3.10/site-packages/airflow/example_dags/example_latest_only_with_trigger.py
[2025-03-22T10:35:43.091+0500] {logging_mixin.py:190} INFO - [2025-03-22T10:35:43.090+0500] {dag.py:3239} INFO - Sync 1 DAGs
[2025-03-22T10:35:43.102+0500] {logging_mixin.py:190} INFO - [2025-03-22T10:35:43.102+0500] {dag.py:4180} INFO - Setting next_dagrun for latest_only_with_trigger to 2025-03-22 00:00:00+00:00, run_after=2025-03-22 04:00:00+00:00
[2025-03-22T10:35:43.117+0500] {processor.py:208} INFO - Processing /home/ruslan/.local/lib/python3.10/site-packages/airflow/example_dags/example_latest_only_with_trigger.py took 0.046 seconds
[2025-03-22T10:36:30.310+0500] {processor.py:186} INFO - Started process (PID=37206) to work on /home/ruslan/.local/lib/python3.10/site-packages/airflow/example_dags/example_latest_only_with_trigger.py
[2025-03-22T10:36:30.311+0500] {processor.py:914} INFO - Processing file /home/ruslan/.local/lib/python3.10/site-packages/airflow/example_dags/example_latest_only_with_trigger.py for tasks to queue
[2025-03-22T10:36:30.312+0500] {logging_mixin.py:190} INFO - [2025-03-22T10:36:30.312+0500] {dagbag.py:588} INFO - Filling up the DagBag from /home/ruslan/.local/lib/python3.10/site-packages/airflow/example_dags/example_latest_only_with_trigger.py
[2025-03-22T10:36:30.317+0500] {processor.py:925} INFO - DAG(s) 'latest_only_with_trigger' retrieved from /home/ruslan/.local/lib/python3.10/site-packages/airflow/example_dags/example_latest_only_with_trigger.py
[2025-03-22T10:36:30.326+0500] {logging_mixin.py:190} INFO - [2025-03-22T10:36:30.326+0500] {dag.py:3239} INFO - Sync 1 DAGs
[2025-03-22T10:36:30.337+0500] {logging_mixin.py:190} INFO - [2025-03-22T10:36:30.337+0500] {dag.py:4180} INFO - Setting next_dagrun for latest_only_with_trigger to 2025-03-22 00:00:00+00:00, run_after=2025-03-22 04:00:00+00:00
[2025-03-22T10:36:30.352+0500] {processor.py:208} INFO - Processing /home/ruslan/.local/lib/python3.10/site-packages/airflow/example_dags/example_latest_only_with_trigger.py took 0.046 seconds
[2025-03-22T10:37:22.684+0500] {processor.py:186} INFO - Started process (PID=37467) to work on /home/ruslan/.local/lib/python3.10/site-packages/airflow/example_dags/example_latest_only_with_trigger.py
[2025-03-22T10:37:22.686+0500] {processor.py:914} INFO - Processing file /home/ruslan/.local/lib/python3.10/site-packages/airflow/example_dags/example_latest_only_with_trigger.py for tasks to queue
[2025-03-22T10:37:22.687+0500] {logging_mixin.py:190} INFO - [2025-03-22T10:37:22.687+0500] {dagbag.py:588} INFO - Filling up the DagBag from /home/ruslan/.local/lib/python3.10/site-packages/airflow/example_dags/example_latest_only_with_trigger.py
[2025-03-22T10:37:22.692+0500] {processor.py:925} INFO - DAG(s) 'latest_only_with_trigger' retrieved from /home/ruslan/.local/lib/python3.10/site-packages/airflow/example_dags/example_latest_only_with_trigger.py
[2025-03-22T10:37:22.700+0500] {logging_mixin.py:190} INFO - [2025-03-22T10:37:22.700+0500] {dag.py:3239} INFO - Sync 1 DAGs
[2025-03-22T10:37:22.711+0500] {logging_mixin.py:190} INFO - [2025-03-22T10:37:22.711+0500] {dag.py:4180} INFO - Setting next_dagrun for latest_only_with_trigger to 2025-03-22 00:00:00+00:00, run_after=2025-03-22 04:00:00+00:00
[2025-03-22T10:37:22.726+0500] {processor.py:208} INFO - Processing /home/ruslan/.local/lib/python3.10/site-packages/airflow/example_dags/example_latest_only_with_trigger.py took 0.045 seconds
[2025-03-22T10:38:49.928+0500] {processor.py:186} INFO - Started process (PID=38560) to work on /home/ruslan/.local/lib/python3.10/site-packages/airflow/example_dags/example_latest_only_with_trigger.py
[2025-03-22T10:38:49.930+0500] {processor.py:914} INFO - Processing file /home/ruslan/.local/lib/python3.10/site-packages/airflow/example_dags/example_latest_only_with_trigger.py for tasks to queue
[2025-03-22T10:38:49.931+0500] {logging_mixin.py:190} INFO - [2025-03-22T10:38:49.931+0500] {dagbag.py:588} INFO - Filling up the DagBag from /home/ruslan/.local/lib/python3.10/site-packages/airflow/example_dags/example_latest_only_with_trigger.py
[2025-03-22T10:38:49.936+0500] {processor.py:925} INFO - DAG(s) 'latest_only_with_trigger' retrieved from /home/ruslan/.local/lib/python3.10/site-packages/airflow/example_dags/example_latest_only_with_trigger.py
[2025-03-22T10:38:49.948+0500] {logging_mixin.py:190} INFO - [2025-03-22T10:38:49.947+0500] {dag.py:3239} INFO - Sync 1 DAGs
[2025-03-22T10:38:49.958+0500] {logging_mixin.py:190} INFO - [2025-03-22T10:38:49.958+0500] {dag.py:4180} INFO - Setting next_dagrun for latest_only_with_trigger to 2025-03-22 00:00:00+00:00, run_after=2025-03-22 04:00:00+00:00
[2025-03-22T10:38:49.973+0500] {processor.py:208} INFO - Processing /home/ruslan/.local/lib/python3.10/site-packages/airflow/example_dags/example_latest_only_with_trigger.py took 0.048 seconds
[2025-03-22T10:39:43.043+0500] {processor.py:186} INFO - Started process (PID=39262) to work on /home/ruslan/.local/lib/python3.10/site-packages/airflow/example_dags/example_latest_only_with_trigger.py
[2025-03-22T10:39:43.044+0500] {processor.py:914} INFO - Processing file /home/ruslan/.local/lib/python3.10/site-packages/airflow/example_dags/example_latest_only_with_trigger.py for tasks to queue
[2025-03-22T10:39:43.046+0500] {logging_mixin.py:190} INFO - [2025-03-22T10:39:43.045+0500] {dagbag.py:588} INFO - Filling up the DagBag from /home/ruslan/.local/lib/python3.10/site-packages/airflow/example_dags/example_latest_only_with_trigger.py
[2025-03-22T10:39:43.050+0500] {processor.py:925} INFO - DAG(s) 'latest_only_with_trigger' retrieved from /home/ruslan/.local/lib/python3.10/site-packages/airflow/example_dags/example_latest_only_with_trigger.py
[2025-03-22T10:39:43.059+0500] {logging_mixin.py:190} INFO - [2025-03-22T10:39:43.059+0500] {dag.py:3239} INFO - Sync 1 DAGs
[2025-03-22T10:39:43.069+0500] {logging_mixin.py:190} INFO - [2025-03-22T10:39:43.069+0500] {dag.py:4180} INFO - Setting next_dagrun for latest_only_with_trigger to 2025-03-22 00:00:00+00:00, run_after=2025-03-22 04:00:00+00:00
[2025-03-22T10:39:43.085+0500] {processor.py:208} INFO - Processing /home/ruslan/.local/lib/python3.10/site-packages/airflow/example_dags/example_latest_only_with_trigger.py took 0.045 seconds
[2025-03-22T10:40:38.347+0500] {processor.py:186} INFO - Started process (PID=39938) to work on /home/ruslan/.local/lib/python3.10/site-packages/airflow/example_dags/example_latest_only_with_trigger.py
[2025-03-22T10:40:38.349+0500] {processor.py:914} INFO - Processing file /home/ruslan/.local/lib/python3.10/site-packages/airflow/example_dags/example_latest_only_with_trigger.py for tasks to queue
[2025-03-22T10:40:38.350+0500] {logging_mixin.py:190} INFO - [2025-03-22T10:40:38.350+0500] {dagbag.py:588} INFO - Filling up the DagBag from /home/ruslan/.local/lib/python3.10/site-packages/airflow/example_dags/example_latest_only_with_trigger.py
[2025-03-22T10:40:38.355+0500] {processor.py:925} INFO - DAG(s) 'latest_only_with_trigger' retrieved from /home/ruslan/.local/lib/python3.10/site-packages/airflow/example_dags/example_latest_only_with_trigger.py
[2025-03-22T10:40:38.364+0500] {logging_mixin.py:190} INFO - [2025-03-22T10:40:38.364+0500] {dag.py:3239} INFO - Sync 1 DAGs
[2025-03-22T10:40:38.375+0500] {logging_mixin.py:190} INFO - [2025-03-22T10:40:38.375+0500] {dag.py:4180} INFO - Setting next_dagrun for latest_only_with_trigger to 2025-03-22 00:00:00+00:00, run_after=2025-03-22 04:00:00+00:00
[2025-03-22T10:40:38.389+0500] {processor.py:208} INFO - Processing /home/ruslan/.local/lib/python3.10/site-packages/airflow/example_dags/example_latest_only_with_trigger.py took 0.045 seconds
[2025-03-22T10:41:40.958+0500] {processor.py:186} INFO - Started process (PID=40715) to work on /home/ruslan/.local/lib/python3.10/site-packages/airflow/example_dags/example_latest_only_with_trigger.py
[2025-03-22T10:41:40.959+0500] {processor.py:914} INFO - Processing file /home/ruslan/.local/lib/python3.10/site-packages/airflow/example_dags/example_latest_only_with_trigger.py for tasks to queue
[2025-03-22T10:41:40.960+0500] {logging_mixin.py:190} INFO - [2025-03-22T10:41:40.960+0500] {dagbag.py:588} INFO - Filling up the DagBag from /home/ruslan/.local/lib/python3.10/site-packages/airflow/example_dags/example_latest_only_with_trigger.py
[2025-03-22T10:41:40.965+0500] {processor.py:925} INFO - DAG(s) 'latest_only_with_trigger' retrieved from /home/ruslan/.local/lib/python3.10/site-packages/airflow/example_dags/example_latest_only_with_trigger.py
[2025-03-22T10:41:40.975+0500] {logging_mixin.py:190} INFO - [2025-03-22T10:41:40.974+0500] {dag.py:3239} INFO - Sync 1 DAGs
[2025-03-22T10:41:40.986+0500] {logging_mixin.py:190} INFO - [2025-03-22T10:41:40.985+0500] {dag.py:4180} INFO - Setting next_dagrun for latest_only_with_trigger to 2025-03-22 00:00:00+00:00, run_after=2025-03-22 04:00:00+00:00
[2025-03-22T10:41:41.000+0500] {processor.py:208} INFO - Processing /home/ruslan/.local/lib/python3.10/site-packages/airflow/example_dags/example_latest_only_with_trigger.py took 0.046 seconds
[2025-03-22T10:42:35.142+0500] {processor.py:186} INFO - Started process (PID=41304) to work on /home/ruslan/.local/lib/python3.10/site-packages/airflow/example_dags/example_latest_only_with_trigger.py
[2025-03-22T10:42:35.143+0500] {processor.py:914} INFO - Processing file /home/ruslan/.local/lib/python3.10/site-packages/airflow/example_dags/example_latest_only_with_trigger.py for tasks to queue
[2025-03-22T10:42:35.145+0500] {logging_mixin.py:190} INFO - [2025-03-22T10:42:35.144+0500] {dagbag.py:588} INFO - Filling up the DagBag from /home/ruslan/.local/lib/python3.10/site-packages/airflow/example_dags/example_latest_only_with_trigger.py
[2025-03-22T10:42:35.149+0500] {processor.py:925} INFO - DAG(s) 'latest_only_with_trigger' retrieved from /home/ruslan/.local/lib/python3.10/site-packages/airflow/example_dags/example_latest_only_with_trigger.py
[2025-03-22T10:42:35.158+0500] {logging_mixin.py:190} INFO - [2025-03-22T10:42:35.158+0500] {dag.py:3239} INFO - Sync 1 DAGs
[2025-03-22T10:42:35.169+0500] {logging_mixin.py:190} INFO - [2025-03-22T10:42:35.169+0500] {dag.py:4180} INFO - Setting next_dagrun for latest_only_with_trigger to 2025-03-22 00:00:00+00:00, run_after=2025-03-22 04:00:00+00:00
[2025-03-22T10:42:35.183+0500] {processor.py:208} INFO - Processing /home/ruslan/.local/lib/python3.10/site-packages/airflow/example_dags/example_latest_only_with_trigger.py took 0.045 seconds
[2025-03-22T10:43:31.535+0500] {processor.py:186} INFO - Started process (PID=42011) to work on /home/ruslan/.local/lib/python3.10/site-packages/airflow/example_dags/example_latest_only_with_trigger.py
[2025-03-22T10:43:31.537+0500] {processor.py:914} INFO - Processing file /home/ruslan/.local/lib/python3.10/site-packages/airflow/example_dags/example_latest_only_with_trigger.py for tasks to queue
[2025-03-22T10:43:31.538+0500] {logging_mixin.py:190} INFO - [2025-03-22T10:43:31.538+0500] {dagbag.py:588} INFO - Filling up the DagBag from /home/ruslan/.local/lib/python3.10/site-packages/airflow/example_dags/example_latest_only_with_trigger.py
[2025-03-22T10:43:31.543+0500] {processor.py:925} INFO - DAG(s) 'latest_only_with_trigger' retrieved from /home/ruslan/.local/lib/python3.10/site-packages/airflow/example_dags/example_latest_only_with_trigger.py
[2025-03-22T10:43:31.551+0500] {logging_mixin.py:190} INFO - [2025-03-22T10:43:31.551+0500] {dag.py:3239} INFO - Sync 1 DAGs
[2025-03-22T10:43:31.562+0500] {logging_mixin.py:190} INFO - [2025-03-22T10:43:31.561+0500] {dag.py:4180} INFO - Setting next_dagrun for latest_only_with_trigger to 2025-03-22 00:00:00+00:00, run_after=2025-03-22 04:00:00+00:00
[2025-03-22T10:43:31.577+0500] {processor.py:208} INFO - Processing /home/ruslan/.local/lib/python3.10/site-packages/airflow/example_dags/example_latest_only_with_trigger.py took 0.045 seconds
[2025-03-22T10:44:28.030+0500] {processor.py:186} INFO - Started process (PID=42725) to work on /home/ruslan/.local/lib/python3.10/site-packages/airflow/example_dags/example_latest_only_with_trigger.py
[2025-03-22T10:44:28.031+0500] {processor.py:914} INFO - Processing file /home/ruslan/.local/lib/python3.10/site-packages/airflow/example_dags/example_latest_only_with_trigger.py for tasks to queue
[2025-03-22T10:44:28.032+0500] {logging_mixin.py:190} INFO - [2025-03-22T10:44:28.032+0500] {dagbag.py:588} INFO - Filling up the DagBag from /home/ruslan/.local/lib/python3.10/site-packages/airflow/example_dags/example_latest_only_with_trigger.py
[2025-03-22T10:44:28.037+0500] {processor.py:925} INFO - DAG(s) 'latest_only_with_trigger' retrieved from /home/ruslan/.local/lib/python3.10/site-packages/airflow/example_dags/example_latest_only_with_trigger.py
[2025-03-22T10:44:28.046+0500] {logging_mixin.py:190} INFO - [2025-03-22T10:44:28.046+0500] {dag.py:3239} INFO - Sync 1 DAGs
[2025-03-22T10:44:28.056+0500] {logging_mixin.py:190} INFO - [2025-03-22T10:44:28.056+0500] {dag.py:4180} INFO - Setting next_dagrun for latest_only_with_trigger to 2025-03-22 00:00:00+00:00, run_after=2025-03-22 04:00:00+00:00
[2025-03-22T10:44:28.071+0500] {processor.py:208} INFO - Processing /home/ruslan/.local/lib/python3.10/site-packages/airflow/example_dags/example_latest_only_with_trigger.py took 0.045 seconds
[2025-03-22T10:45:20.580+0500] {processor.py:186} INFO - Started process (PID=43351) to work on /home/ruslan/.local/lib/python3.10/site-packages/airflow/example_dags/example_latest_only_with_trigger.py
[2025-03-22T10:45:20.581+0500] {processor.py:914} INFO - Processing file /home/ruslan/.local/lib/python3.10/site-packages/airflow/example_dags/example_latest_only_with_trigger.py for tasks to queue
[2025-03-22T10:45:20.582+0500] {logging_mixin.py:190} INFO - [2025-03-22T10:45:20.582+0500] {dagbag.py:588} INFO - Filling up the DagBag from /home/ruslan/.local/lib/python3.10/site-packages/airflow/example_dags/example_latest_only_with_trigger.py
[2025-03-22T10:45:20.587+0500] {processor.py:925} INFO - DAG(s) 'latest_only_with_trigger' retrieved from /home/ruslan/.local/lib/python3.10/site-packages/airflow/example_dags/example_latest_only_with_trigger.py
[2025-03-22T10:45:20.595+0500] {logging_mixin.py:190} INFO - [2025-03-22T10:45:20.595+0500] {dag.py:3239} INFO - Sync 1 DAGs
[2025-03-22T10:45:20.606+0500] {logging_mixin.py:190} INFO - [2025-03-22T10:45:20.606+0500] {dag.py:4180} INFO - Setting next_dagrun for latest_only_with_trigger to 2025-03-22 00:00:00+00:00, run_after=2025-03-22 04:00:00+00:00
[2025-03-22T10:45:20.621+0500] {processor.py:208} INFO - Processing /home/ruslan/.local/lib/python3.10/site-packages/airflow/example_dags/example_latest_only_with_trigger.py took 0.045 seconds
[2025-03-22T10:46:19.043+0500] {processor.py:186} INFO - Started process (PID=44171) to work on /home/ruslan/.local/lib/python3.10/site-packages/airflow/example_dags/example_latest_only_with_trigger.py
[2025-03-22T10:46:19.045+0500] {processor.py:914} INFO - Processing file /home/ruslan/.local/lib/python3.10/site-packages/airflow/example_dags/example_latest_only_with_trigger.py for tasks to queue
[2025-03-22T10:46:19.046+0500] {logging_mixin.py:190} INFO - [2025-03-22T10:46:19.046+0500] {dagbag.py:588} INFO - Filling up the DagBag from /home/ruslan/.local/lib/python3.10/site-packages/airflow/example_dags/example_latest_only_with_trigger.py
[2025-03-22T10:46:19.051+0500] {processor.py:925} INFO - DAG(s) 'latest_only_with_trigger' retrieved from /home/ruslan/.local/lib/python3.10/site-packages/airflow/example_dags/example_latest_only_with_trigger.py
[2025-03-22T10:46:19.060+0500] {logging_mixin.py:190} INFO - [2025-03-22T10:46:19.060+0500] {dag.py:3239} INFO - Sync 1 DAGs
[2025-03-22T10:46:19.072+0500] {logging_mixin.py:190} INFO - [2025-03-22T10:46:19.072+0500] {dag.py:4180} INFO - Setting next_dagrun for latest_only_with_trigger to 2025-03-22 00:00:00+00:00, run_after=2025-03-22 04:00:00+00:00
[2025-03-22T10:46:19.088+0500] {processor.py:208} INFO - Processing /home/ruslan/.local/lib/python3.10/site-packages/airflow/example_dags/example_latest_only_with_trigger.py took 0.049 seconds
[2025-03-22T10:47:14.492+0500] {processor.py:186} INFO - Started process (PID=44777) to work on /home/ruslan/.local/lib/python3.10/site-packages/airflow/example_dags/example_latest_only_with_trigger.py
[2025-03-22T10:47:14.493+0500] {processor.py:914} INFO - Processing file /home/ruslan/.local/lib/python3.10/site-packages/airflow/example_dags/example_latest_only_with_trigger.py for tasks to queue
[2025-03-22T10:47:14.495+0500] {logging_mixin.py:190} INFO - [2025-03-22T10:47:14.495+0500] {dagbag.py:588} INFO - Filling up the DagBag from /home/ruslan/.local/lib/python3.10/site-packages/airflow/example_dags/example_latest_only_with_trigger.py
[2025-03-22T10:47:14.499+0500] {processor.py:925} INFO - DAG(s) 'latest_only_with_trigger' retrieved from /home/ruslan/.local/lib/python3.10/site-packages/airflow/example_dags/example_latest_only_with_trigger.py
[2025-03-22T10:47:14.508+0500] {logging_mixin.py:190} INFO - [2025-03-22T10:47:14.508+0500] {dag.py:3239} INFO - Sync 1 DAGs
[2025-03-22T10:47:14.519+0500] {logging_mixin.py:190} INFO - [2025-03-22T10:47:14.519+0500] {dag.py:4180} INFO - Setting next_dagrun for latest_only_with_trigger to 2025-03-22 00:00:00+00:00, run_after=2025-03-22 04:00:00+00:00
[2025-03-22T10:47:14.533+0500] {processor.py:208} INFO - Processing /home/ruslan/.local/lib/python3.10/site-packages/airflow/example_dags/example_latest_only_with_trigger.py took 0.045 seconds
[2025-03-22T10:48:10.230+0500] {processor.py:186} INFO - Started process (PID=45510) to work on /home/ruslan/.local/lib/python3.10/site-packages/airflow/example_dags/example_latest_only_with_trigger.py
[2025-03-22T10:48:10.231+0500] {processor.py:914} INFO - Processing file /home/ruslan/.local/lib/python3.10/site-packages/airflow/example_dags/example_latest_only_with_trigger.py for tasks to queue
[2025-03-22T10:48:10.232+0500] {logging_mixin.py:190} INFO - [2025-03-22T10:48:10.232+0500] {dagbag.py:588} INFO - Filling up the DagBag from /home/ruslan/.local/lib/python3.10/site-packages/airflow/example_dags/example_latest_only_with_trigger.py
[2025-03-22T10:48:10.237+0500] {processor.py:925} INFO - DAG(s) 'latest_only_with_trigger' retrieved from /home/ruslan/.local/lib/python3.10/site-packages/airflow/example_dags/example_latest_only_with_trigger.py
[2025-03-22T10:48:10.246+0500] {logging_mixin.py:190} INFO - [2025-03-22T10:48:10.245+0500] {dag.py:3239} INFO - Sync 1 DAGs
[2025-03-22T10:48:10.256+0500] {logging_mixin.py:190} INFO - [2025-03-22T10:48:10.256+0500] {dag.py:4180} INFO - Setting next_dagrun for latest_only_with_trigger to 2025-03-22 00:00:00+00:00, run_after=2025-03-22 04:00:00+00:00
[2025-03-22T10:48:10.271+0500] {processor.py:208} INFO - Processing /home/ruslan/.local/lib/python3.10/site-packages/airflow/example_dags/example_latest_only_with_trigger.py took 0.045 seconds
[2025-03-22T12:46:51.861+0500] {processor.py:186} INFO - Started process (PID=924) to work on /home/ruslan/.local/lib/python3.10/site-packages/airflow/example_dags/example_latest_only_with_trigger.py
[2025-03-22T12:46:51.861+0500] {processor.py:914} INFO - Processing file /home/ruslan/.local/lib/python3.10/site-packages/airflow/example_dags/example_latest_only_with_trigger.py for tasks to queue
[2025-03-22T12:46:51.863+0500] {logging_mixin.py:190} INFO - [2025-03-22T12:46:51.862+0500] {dagbag.py:588} INFO - Filling up the DagBag from /home/ruslan/.local/lib/python3.10/site-packages/airflow/example_dags/example_latest_only_with_trigger.py
[2025-03-22T12:46:51.867+0500] {processor.py:925} INFO - DAG(s) 'latest_only_with_trigger' retrieved from /home/ruslan/.local/lib/python3.10/site-packages/airflow/example_dags/example_latest_only_with_trigger.py
[2025-03-22T12:46:51.880+0500] {logging_mixin.py:190} INFO - [2025-03-22T12:46:51.880+0500] {dag.py:3239} INFO - Sync 1 DAGs
[2025-03-22T12:46:51.891+0500] {logging_mixin.py:190} INFO - [2025-03-22T12:46:51.891+0500] {dag.py:4180} INFO - Setting next_dagrun for latest_only_with_trigger to 2025-03-22 00:00:00+00:00, run_after=2025-03-22 04:00:00+00:00
[2025-03-22T12:46:51.906+0500] {processor.py:208} INFO - Processing /home/ruslan/.local/lib/python3.10/site-packages/airflow/example_dags/example_latest_only_with_trigger.py took 0.048 seconds
[2025-03-22T12:47:48.886+0500] {processor.py:186} INFO - Started process (PID=6186) to work on /home/ruslan/.local/lib/python3.10/site-packages/airflow/example_dags/example_latest_only_with_trigger.py
[2025-03-22T12:47:48.888+0500] {processor.py:914} INFO - Processing file /home/ruslan/.local/lib/python3.10/site-packages/airflow/example_dags/example_latest_only_with_trigger.py for tasks to queue
[2025-03-22T12:47:48.889+0500] {logging_mixin.py:190} INFO - [2025-03-22T12:47:48.889+0500] {dagbag.py:588} INFO - Filling up the DagBag from /home/ruslan/.local/lib/python3.10/site-packages/airflow/example_dags/example_latest_only_with_trigger.py
[2025-03-22T12:47:48.893+0500] {processor.py:925} INFO - DAG(s) 'latest_only_with_trigger' retrieved from /home/ruslan/.local/lib/python3.10/site-packages/airflow/example_dags/example_latest_only_with_trigger.py
[2025-03-22T12:47:48.901+0500] {logging_mixin.py:190} INFO - [2025-03-22T12:47:48.901+0500] {dag.py:3239} INFO - Sync 1 DAGs
[2025-03-22T12:47:48.911+0500] {logging_mixin.py:190} INFO - [2025-03-22T12:47:48.911+0500] {dag.py:4180} INFO - Setting next_dagrun for latest_only_with_trigger to 2025-03-22 00:00:00+00:00, run_after=2025-03-22 04:00:00+00:00
[2025-03-22T12:47:48.926+0500] {processor.py:208} INFO - Processing /home/ruslan/.local/lib/python3.10/site-packages/airflow/example_dags/example_latest_only_with_trigger.py took 0.042 seconds
[2025-03-22T12:48:42.469+0500] {processor.py:186} INFO - Started process (PID=6479) to work on /home/ruslan/.local/lib/python3.10/site-packages/airflow/example_dags/example_latest_only_with_trigger.py
[2025-03-22T12:48:42.470+0500] {processor.py:914} INFO - Processing file /home/ruslan/.local/lib/python3.10/site-packages/airflow/example_dags/example_latest_only_with_trigger.py for tasks to queue
[2025-03-22T12:48:42.473+0500] {logging_mixin.py:190} INFO - [2025-03-22T12:48:42.472+0500] {dagbag.py:588} INFO - Filling up the DagBag from /home/ruslan/.local/lib/python3.10/site-packages/airflow/example_dags/example_latest_only_with_trigger.py
[2025-03-22T12:48:42.480+0500] {processor.py:925} INFO - DAG(s) 'latest_only_with_trigger' retrieved from /home/ruslan/.local/lib/python3.10/site-packages/airflow/example_dags/example_latest_only_with_trigger.py
[2025-03-22T12:48:42.491+0500] {logging_mixin.py:190} INFO - [2025-03-22T12:48:42.490+0500] {dag.py:3239} INFO - Sync 1 DAGs
[2025-03-22T12:48:42.502+0500] {logging_mixin.py:190} INFO - [2025-03-22T12:48:42.502+0500] {dag.py:4180} INFO - Setting next_dagrun for latest_only_with_trigger to 2025-03-22 00:00:00+00:00, run_after=2025-03-22 04:00:00+00:00
[2025-03-22T12:48:42.516+0500] {processor.py:208} INFO - Processing /home/ruslan/.local/lib/python3.10/site-packages/airflow/example_dags/example_latest_only_with_trigger.py took 0.053 seconds
[2025-03-22T12:49:39.242+0500] {processor.py:186} INFO - Started process (PID=7398) to work on /home/ruslan/.local/lib/python3.10/site-packages/airflow/example_dags/example_latest_only_with_trigger.py
[2025-03-22T12:49:39.243+0500] {processor.py:914} INFO - Processing file /home/ruslan/.local/lib/python3.10/site-packages/airflow/example_dags/example_latest_only_with_trigger.py for tasks to queue
[2025-03-22T12:49:39.244+0500] {logging_mixin.py:190} INFO - [2025-03-22T12:49:39.244+0500] {dagbag.py:588} INFO - Filling up the DagBag from /home/ruslan/.local/lib/python3.10/site-packages/airflow/example_dags/example_latest_only_with_trigger.py
[2025-03-22T12:49:39.249+0500] {processor.py:925} INFO - DAG(s) 'latest_only_with_trigger' retrieved from /home/ruslan/.local/lib/python3.10/site-packages/airflow/example_dags/example_latest_only_with_trigger.py
[2025-03-22T12:49:39.257+0500] {logging_mixin.py:190} INFO - [2025-03-22T12:49:39.257+0500] {dag.py:3239} INFO - Sync 1 DAGs
[2025-03-22T12:49:39.268+0500] {logging_mixin.py:190} INFO - [2025-03-22T12:49:39.268+0500] {dag.py:4180} INFO - Setting next_dagrun for latest_only_with_trigger to 2025-03-22 00:00:00+00:00, run_after=2025-03-22 04:00:00+00:00
[2025-03-22T12:49:39.282+0500] {processor.py:208} INFO - Processing /home/ruslan/.local/lib/python3.10/site-packages/airflow/example_dags/example_latest_only_with_trigger.py took 0.044 seconds
[2025-03-22T12:50:58.895+0500] {processor.py:186} INFO - Started process (PID=8498) to work on /home/ruslan/.local/lib/python3.10/site-packages/airflow/example_dags/example_latest_only_with_trigger.py
[2025-03-22T12:50:58.895+0500] {processor.py:914} INFO - Processing file /home/ruslan/.local/lib/python3.10/site-packages/airflow/example_dags/example_latest_only_with_trigger.py for tasks to queue
[2025-03-22T12:50:58.897+0500] {logging_mixin.py:190} INFO - [2025-03-22T12:50:58.896+0500] {dagbag.py:588} INFO - Filling up the DagBag from /home/ruslan/.local/lib/python3.10/site-packages/airflow/example_dags/example_latest_only_with_trigger.py
[2025-03-22T12:50:58.902+0500] {processor.py:925} INFO - DAG(s) 'latest_only_with_trigger' retrieved from /home/ruslan/.local/lib/python3.10/site-packages/airflow/example_dags/example_latest_only_with_trigger.py
[2025-03-22T12:50:58.914+0500] {logging_mixin.py:190} INFO - [2025-03-22T12:50:58.913+0500] {dag.py:3239} INFO - Sync 1 DAGs
[2025-03-22T12:50:58.925+0500] {logging_mixin.py:190} INFO - [2025-03-22T12:50:58.925+0500] {dag.py:4180} INFO - Setting next_dagrun for latest_only_with_trigger to 2025-03-22 00:00:00+00:00, run_after=2025-03-22 04:00:00+00:00
[2025-03-22T12:50:58.939+0500] {processor.py:208} INFO - Processing /home/ruslan/.local/lib/python3.10/site-packages/airflow/example_dags/example_latest_only_with_trigger.py took 0.048 seconds
