[2025-03-22T10:07:10.627+0500] {processor.py:186} INFO - Started process (PID=17800) to work on /home/ruslan/.local/lib/python3.10/site-packages/airflow/example_dags/example_external_task_marker_dag.py
[2025-03-22T10:07:10.628+0500] {processor.py:914} INFO - Processing file /home/ruslan/.local/lib/python3.10/site-packages/airflow/example_dags/example_external_task_marker_dag.py for tasks to queue
[2025-03-22T10:07:10.630+0500] {logging_mixin.py:190} INFO - [2025-03-22T10:07:10.629+0500] {dagbag.py:588} INFO - Filling up the DagBag from /home/ruslan/.local/lib/python3.10/site-packages/airflow/example_dags/example_external_task_marker_dag.py
[2025-03-22T10:07:10.636+0500] {processor.py:925} INFO - DAG(s) 'example_external_task_marker_child', 'example_external_task_marker_parent' retrieved from /home/ruslan/.local/lib/python3.10/site-packages/airflow/example_dags/example_external_task_marker_dag.py
[2025-03-22T10:07:10.703+0500] {logging_mixin.py:190} INFO - [2025-03-22T10:07:10.702+0500] {override.py:1930} INFO - Created Permission View: can delete on DAG:example_external_task_marker_child
[2025-03-22T10:07:10.715+0500] {logging_mixin.py:190} INFO - [2025-03-22T10:07:10.714+0500] {override.py:1930} INFO - Created Permission View: can read on DAG:example_external_task_marker_child
[2025-03-22T10:07:10.722+0500] {logging_mixin.py:190} INFO - [2025-03-22T10:07:10.722+0500] {override.py:1930} INFO - Created Permission View: can edit on DAG:example_external_task_marker_child
[2025-03-22T10:07:10.735+0500] {logging_mixin.py:190} INFO - [2025-03-22T10:07:10.734+0500] {override.py:1930} INFO - Created Permission View: can create on DAG Run:example_external_task_marker_child
[2025-03-22T10:07:10.742+0500] {logging_mixin.py:190} INFO - [2025-03-22T10:07:10.742+0500] {override.py:1930} INFO - Created Permission View: menu access on DAG Run:example_external_task_marker_child
[2025-03-22T10:07:10.752+0500] {logging_mixin.py:190} INFO - [2025-03-22T10:07:10.751+0500] {override.py:1930} INFO - Created Permission View: can read on DAG Run:example_external_task_marker_child
[2025-03-22T10:07:10.760+0500] {logging_mixin.py:190} INFO - [2025-03-22T10:07:10.760+0500] {override.py:1930} INFO - Created Permission View: can delete on DAG Run:example_external_task_marker_child
[2025-03-22T10:07:10.775+0500] {logging_mixin.py:190} INFO - [2025-03-22T10:07:10.775+0500] {override.py:1930} INFO - Created Permission View: can delete on DAG:example_external_task_marker_parent
[2025-03-22T10:07:10.783+0500] {logging_mixin.py:190} INFO - [2025-03-22T10:07:10.783+0500] {override.py:1930} INFO - Created Permission View: can read on DAG:example_external_task_marker_parent
[2025-03-22T10:07:10.799+0500] {logging_mixin.py:190} INFO - [2025-03-22T10:07:10.799+0500] {override.py:1930} INFO - Created Permission View: can edit on DAG:example_external_task_marker_parent
[2025-03-22T10:07:10.812+0500] {logging_mixin.py:190} INFO - [2025-03-22T10:07:10.811+0500] {override.py:1930} INFO - Created Permission View: can create on DAG Run:example_external_task_marker_parent
[2025-03-22T10:07:10.821+0500] {logging_mixin.py:190} INFO - [2025-03-22T10:07:10.820+0500] {override.py:1930} INFO - Created Permission View: menu access on DAG Run:example_external_task_marker_parent
[2025-03-22T10:07:10.828+0500] {logging_mixin.py:190} INFO - [2025-03-22T10:07:10.828+0500] {override.py:1930} INFO - Created Permission View: can read on DAG Run:example_external_task_marker_parent
[2025-03-22T10:07:10.846+0500] {logging_mixin.py:190} INFO - [2025-03-22T10:07:10.845+0500] {override.py:1930} INFO - Created Permission View: can delete on DAG Run:example_external_task_marker_parent
[2025-03-22T10:07:10.846+0500] {logging_mixin.py:190} INFO - [2025-03-22T10:07:10.846+0500] {dag.py:3239} INFO - Sync 2 DAGs
[2025-03-22T10:07:10.854+0500] {logging_mixin.py:190} INFO - [2025-03-22T10:07:10.854+0500] {dag.py:3262} INFO - Creating ORM DAG for example_external_task_marker_parent
[2025-03-22T10:07:10.855+0500] {logging_mixin.py:190} INFO - [2025-03-22T10:07:10.854+0500] {dag.py:3262} INFO - Creating ORM DAG for example_external_task_marker_child
[2025-03-22T10:07:10.855+0500] {logging_mixin.py:190} INFO - [2025-03-22T10:07:10.855+0500] {dag.py:4180} INFO - Setting next_dagrun for example_external_task_marker_child to None, run_after=None
[2025-03-22T10:07:10.856+0500] {logging_mixin.py:190} INFO - [2025-03-22T10:07:10.856+0500] {dag.py:4180} INFO - Setting next_dagrun for example_external_task_marker_parent to None, run_after=None
[2025-03-22T10:07:10.871+0500] {processor.py:208} INFO - Processing /home/ruslan/.local/lib/python3.10/site-packages/airflow/example_dags/example_external_task_marker_dag.py took 0.249 seconds
[2025-03-22T10:08:09.913+0500] {processor.py:186} INFO - Started process (PID=18401) to work on /home/ruslan/.local/lib/python3.10/site-packages/airflow/example_dags/example_external_task_marker_dag.py
[2025-03-22T10:08:09.914+0500] {processor.py:914} INFO - Processing file /home/ruslan/.local/lib/python3.10/site-packages/airflow/example_dags/example_external_task_marker_dag.py for tasks to queue
[2025-03-22T10:08:09.916+0500] {logging_mixin.py:190} INFO - [2025-03-22T10:08:09.916+0500] {dagbag.py:588} INFO - Filling up the DagBag from /home/ruslan/.local/lib/python3.10/site-packages/airflow/example_dags/example_external_task_marker_dag.py
[2025-03-22T10:08:09.921+0500] {processor.py:925} INFO - DAG(s) 'example_external_task_marker_parent', 'example_external_task_marker_child' retrieved from /home/ruslan/.local/lib/python3.10/site-packages/airflow/example_dags/example_external_task_marker_dag.py
[2025-03-22T10:08:09.931+0500] {logging_mixin.py:190} INFO - [2025-03-22T10:08:09.931+0500] {dag.py:3239} INFO - Sync 2 DAGs
[2025-03-22T10:08:09.939+0500] {logging_mixin.py:190} INFO - [2025-03-22T10:08:09.938+0500] {dag.py:4180} INFO - Setting next_dagrun for example_external_task_marker_child to None, run_after=None
[2025-03-22T10:08:09.940+0500] {logging_mixin.py:190} INFO - [2025-03-22T10:08:09.940+0500] {dag.py:4180} INFO - Setting next_dagrun for example_external_task_marker_parent to None, run_after=None
[2025-03-22T10:08:09.954+0500] {processor.py:208} INFO - Processing /home/ruslan/.local/lib/python3.10/site-packages/airflow/example_dags/example_external_task_marker_dag.py took 0.044 seconds
[2025-03-22T10:09:07.428+0500] {processor.py:186} INFO - Started process (PID=19066) to work on /home/ruslan/.local/lib/python3.10/site-packages/airflow/example_dags/example_external_task_marker_dag.py
[2025-03-22T10:09:07.429+0500] {processor.py:914} INFO - Processing file /home/ruslan/.local/lib/python3.10/site-packages/airflow/example_dags/example_external_task_marker_dag.py for tasks to queue
[2025-03-22T10:09:07.431+0500] {logging_mixin.py:190} INFO - [2025-03-22T10:09:07.431+0500] {dagbag.py:588} INFO - Filling up the DagBag from /home/ruslan/.local/lib/python3.10/site-packages/airflow/example_dags/example_external_task_marker_dag.py
[2025-03-22T10:09:07.437+0500] {processor.py:925} INFO - DAG(s) 'example_external_task_marker_parent', 'example_external_task_marker_child' retrieved from /home/ruslan/.local/lib/python3.10/site-packages/airflow/example_dags/example_external_task_marker_dag.py
[2025-03-22T10:09:07.452+0500] {logging_mixin.py:190} INFO - [2025-03-22T10:09:07.452+0500] {dag.py:3239} INFO - Sync 2 DAGs
[2025-03-22T10:09:07.461+0500] {logging_mixin.py:190} INFO - [2025-03-22T10:09:07.461+0500] {dag.py:4180} INFO - Setting next_dagrun for example_external_task_marker_child to None, run_after=None
[2025-03-22T10:09:07.464+0500] {logging_mixin.py:190} INFO - [2025-03-22T10:09:07.463+0500] {dag.py:4180} INFO - Setting next_dagrun for example_external_task_marker_parent to None, run_after=None
[2025-03-22T10:09:07.481+0500] {processor.py:208} INFO - Processing /home/ruslan/.local/lib/python3.10/site-packages/airflow/example_dags/example_external_task_marker_dag.py took 0.057 seconds
[2025-03-22T10:10:03.862+0500] {processor.py:186} INFO - Started process (PID=19666) to work on /home/ruslan/.local/lib/python3.10/site-packages/airflow/example_dags/example_external_task_marker_dag.py
[2025-03-22T10:10:03.863+0500] {processor.py:914} INFO - Processing file /home/ruslan/.local/lib/python3.10/site-packages/airflow/example_dags/example_external_task_marker_dag.py for tasks to queue
[2025-03-22T10:10:03.865+0500] {logging_mixin.py:190} INFO - [2025-03-22T10:10:03.865+0500] {dagbag.py:588} INFO - Filling up the DagBag from /home/ruslan/.local/lib/python3.10/site-packages/airflow/example_dags/example_external_task_marker_dag.py
[2025-03-22T10:10:03.870+0500] {processor.py:925} INFO - DAG(s) 'example_external_task_marker_parent', 'example_external_task_marker_child' retrieved from /home/ruslan/.local/lib/python3.10/site-packages/airflow/example_dags/example_external_task_marker_dag.py
[2025-03-22T10:10:03.882+0500] {logging_mixin.py:190} INFO - [2025-03-22T10:10:03.882+0500] {dag.py:3239} INFO - Sync 2 DAGs
[2025-03-22T10:10:03.889+0500] {logging_mixin.py:190} INFO - [2025-03-22T10:10:03.889+0500] {dag.py:4180} INFO - Setting next_dagrun for example_external_task_marker_child to None, run_after=None
[2025-03-22T10:10:03.892+0500] {logging_mixin.py:190} INFO - [2025-03-22T10:10:03.892+0500] {dag.py:4180} INFO - Setting next_dagrun for example_external_task_marker_parent to None, run_after=None
[2025-03-22T10:10:03.907+0500] {processor.py:208} INFO - Processing /home/ruslan/.local/lib/python3.10/site-packages/airflow/example_dags/example_external_task_marker_dag.py took 0.049 seconds
[2025-03-22T10:10:59.191+0500] {processor.py:186} INFO - Started process (PID=20187) to work on /home/ruslan/.local/lib/python3.10/site-packages/airflow/example_dags/example_external_task_marker_dag.py
[2025-03-22T10:10:59.192+0500] {processor.py:914} INFO - Processing file /home/ruslan/.local/lib/python3.10/site-packages/airflow/example_dags/example_external_task_marker_dag.py for tasks to queue
[2025-03-22T10:10:59.193+0500] {logging_mixin.py:190} INFO - [2025-03-22T10:10:59.193+0500] {dagbag.py:588} INFO - Filling up the DagBag from /home/ruslan/.local/lib/python3.10/site-packages/airflow/example_dags/example_external_task_marker_dag.py
[2025-03-22T10:10:59.199+0500] {processor.py:925} INFO - DAG(s) 'example_external_task_marker_child', 'example_external_task_marker_parent' retrieved from /home/ruslan/.local/lib/python3.10/site-packages/airflow/example_dags/example_external_task_marker_dag.py
[2025-03-22T10:10:59.210+0500] {logging_mixin.py:190} INFO - [2025-03-22T10:10:59.209+0500] {dag.py:3239} INFO - Sync 2 DAGs
[2025-03-22T10:10:59.217+0500] {logging_mixin.py:190} INFO - [2025-03-22T10:10:59.217+0500] {dag.py:4180} INFO - Setting next_dagrun for example_external_task_marker_child to None, run_after=None
[2025-03-22T10:10:59.219+0500] {logging_mixin.py:190} INFO - [2025-03-22T10:10:59.219+0500] {dag.py:4180} INFO - Setting next_dagrun for example_external_task_marker_parent to None, run_after=None
[2025-03-22T10:10:59.234+0500] {processor.py:208} INFO - Processing /home/ruslan/.local/lib/python3.10/site-packages/airflow/example_dags/example_external_task_marker_dag.py took 0.047 seconds
[2025-03-22T10:11:52.103+0500] {processor.py:186} INFO - Started process (PID=20775) to work on /home/ruslan/.local/lib/python3.10/site-packages/airflow/example_dags/example_external_task_marker_dag.py
[2025-03-22T10:11:52.104+0500] {processor.py:914} INFO - Processing file /home/ruslan/.local/lib/python3.10/site-packages/airflow/example_dags/example_external_task_marker_dag.py for tasks to queue
[2025-03-22T10:11:52.105+0500] {logging_mixin.py:190} INFO - [2025-03-22T10:11:52.105+0500] {dagbag.py:588} INFO - Filling up the DagBag from /home/ruslan/.local/lib/python3.10/site-packages/airflow/example_dags/example_external_task_marker_dag.py
[2025-03-22T10:11:52.110+0500] {processor.py:925} INFO - DAG(s) 'example_external_task_marker_child', 'example_external_task_marker_parent' retrieved from /home/ruslan/.local/lib/python3.10/site-packages/airflow/example_dags/example_external_task_marker_dag.py
[2025-03-22T10:11:52.120+0500] {logging_mixin.py:190} INFO - [2025-03-22T10:11:52.119+0500] {dag.py:3239} INFO - Sync 2 DAGs
[2025-03-22T10:11:52.126+0500] {logging_mixin.py:190} INFO - [2025-03-22T10:11:52.126+0500] {dag.py:4180} INFO - Setting next_dagrun for example_external_task_marker_child to None, run_after=None
[2025-03-22T10:11:52.128+0500] {logging_mixin.py:190} INFO - [2025-03-22T10:11:52.128+0500] {dag.py:4180} INFO - Setting next_dagrun for example_external_task_marker_parent to None, run_after=None
[2025-03-22T10:11:52.142+0500] {processor.py:208} INFO - Processing /home/ruslan/.local/lib/python3.10/site-packages/airflow/example_dags/example_external_task_marker_dag.py took 0.043 seconds
[2025-03-22T10:12:41.102+0500] {processor.py:186} INFO - Started process (PID=21263) to work on /home/ruslan/.local/lib/python3.10/site-packages/airflow/example_dags/example_external_task_marker_dag.py
[2025-03-22T10:12:41.103+0500] {processor.py:914} INFO - Processing file /home/ruslan/.local/lib/python3.10/site-packages/airflow/example_dags/example_external_task_marker_dag.py for tasks to queue
[2025-03-22T10:12:41.105+0500] {logging_mixin.py:190} INFO - [2025-03-22T10:12:41.105+0500] {dagbag.py:588} INFO - Filling up the DagBag from /home/ruslan/.local/lib/python3.10/site-packages/airflow/example_dags/example_external_task_marker_dag.py
[2025-03-22T10:12:41.111+0500] {processor.py:925} INFO - DAG(s) 'example_external_task_marker_child', 'example_external_task_marker_parent' retrieved from /home/ruslan/.local/lib/python3.10/site-packages/airflow/example_dags/example_external_task_marker_dag.py
[2025-03-22T10:12:41.123+0500] {logging_mixin.py:190} INFO - [2025-03-22T10:12:41.122+0500] {dag.py:3239} INFO - Sync 2 DAGs
[2025-03-22T10:12:41.131+0500] {logging_mixin.py:190} INFO - [2025-03-22T10:12:41.130+0500] {dag.py:4180} INFO - Setting next_dagrun for example_external_task_marker_child to None, run_after=None
[2025-03-22T10:12:41.133+0500] {logging_mixin.py:190} INFO - [2025-03-22T10:12:41.133+0500] {dag.py:4180} INFO - Setting next_dagrun for example_external_task_marker_parent to None, run_after=None
[2025-03-22T10:12:41.148+0500] {processor.py:208} INFO - Processing /home/ruslan/.local/lib/python3.10/site-packages/airflow/example_dags/example_external_task_marker_dag.py took 0.051 seconds
[2025-03-22T10:13:35.524+0500] {processor.py:186} INFO - Started process (PID=21859) to work on /home/ruslan/.local/lib/python3.10/site-packages/airflow/example_dags/example_external_task_marker_dag.py
[2025-03-22T10:13:35.525+0500] {processor.py:914} INFO - Processing file /home/ruslan/.local/lib/python3.10/site-packages/airflow/example_dags/example_external_task_marker_dag.py for tasks to queue
[2025-03-22T10:13:35.527+0500] {logging_mixin.py:190} INFO - [2025-03-22T10:13:35.526+0500] {dagbag.py:588} INFO - Filling up the DagBag from /home/ruslan/.local/lib/python3.10/site-packages/airflow/example_dags/example_external_task_marker_dag.py
[2025-03-22T10:13:35.533+0500] {processor.py:925} INFO - DAG(s) 'example_external_task_marker_child', 'example_external_task_marker_parent' retrieved from /home/ruslan/.local/lib/python3.10/site-packages/airflow/example_dags/example_external_task_marker_dag.py
[2025-03-22T10:13:35.544+0500] {logging_mixin.py:190} INFO - [2025-03-22T10:13:35.543+0500] {dag.py:3239} INFO - Sync 2 DAGs
[2025-03-22T10:13:35.551+0500] {logging_mixin.py:190} INFO - [2025-03-22T10:13:35.551+0500] {dag.py:4180} INFO - Setting next_dagrun for example_external_task_marker_child to None, run_after=None
[2025-03-22T10:13:35.553+0500] {logging_mixin.py:190} INFO - [2025-03-22T10:13:35.553+0500] {dag.py:4180} INFO - Setting next_dagrun for example_external_task_marker_parent to None, run_after=None
[2025-03-22T10:13:35.567+0500] {processor.py:208} INFO - Processing /home/ruslan/.local/lib/python3.10/site-packages/airflow/example_dags/example_external_task_marker_dag.py took 0.046 seconds
[2025-03-22T10:14:29.652+0500] {processor.py:186} INFO - Started process (PID=22384) to work on /home/ruslan/.local/lib/python3.10/site-packages/airflow/example_dags/example_external_task_marker_dag.py
[2025-03-22T10:14:29.653+0500] {processor.py:914} INFO - Processing file /home/ruslan/.local/lib/python3.10/site-packages/airflow/example_dags/example_external_task_marker_dag.py for tasks to queue
[2025-03-22T10:14:29.654+0500] {logging_mixin.py:190} INFO - [2025-03-22T10:14:29.654+0500] {dagbag.py:588} INFO - Filling up the DagBag from /home/ruslan/.local/lib/python3.10/site-packages/airflow/example_dags/example_external_task_marker_dag.py
[2025-03-22T10:14:29.659+0500] {processor.py:925} INFO - DAG(s) 'example_external_task_marker_parent', 'example_external_task_marker_child' retrieved from /home/ruslan/.local/lib/python3.10/site-packages/airflow/example_dags/example_external_task_marker_dag.py
[2025-03-22T10:14:29.669+0500] {logging_mixin.py:190} INFO - [2025-03-22T10:14:29.669+0500] {dag.py:3239} INFO - Sync 2 DAGs
[2025-03-22T10:14:29.677+0500] {logging_mixin.py:190} INFO - [2025-03-22T10:14:29.677+0500] {dag.py:4180} INFO - Setting next_dagrun for example_external_task_marker_child to None, run_after=None
[2025-03-22T10:14:29.679+0500] {logging_mixin.py:190} INFO - [2025-03-22T10:14:29.679+0500] {dag.py:4180} INFO - Setting next_dagrun for example_external_task_marker_parent to None, run_after=None
[2025-03-22T10:14:29.695+0500] {processor.py:208} INFO - Processing /home/ruslan/.local/lib/python3.10/site-packages/airflow/example_dags/example_external_task_marker_dag.py took 0.047 seconds
[2025-03-22T10:15:23.546+0500] {processor.py:186} INFO - Started process (PID=22972) to work on /home/ruslan/.local/lib/python3.10/site-packages/airflow/example_dags/example_external_task_marker_dag.py
[2025-03-22T10:15:23.547+0500] {processor.py:914} INFO - Processing file /home/ruslan/.local/lib/python3.10/site-packages/airflow/example_dags/example_external_task_marker_dag.py for tasks to queue
[2025-03-22T10:15:23.549+0500] {logging_mixin.py:190} INFO - [2025-03-22T10:15:23.549+0500] {dagbag.py:588} INFO - Filling up the DagBag from /home/ruslan/.local/lib/python3.10/site-packages/airflow/example_dags/example_external_task_marker_dag.py
[2025-03-22T10:15:23.555+0500] {processor.py:925} INFO - DAG(s) 'example_external_task_marker_parent', 'example_external_task_marker_child' retrieved from /home/ruslan/.local/lib/python3.10/site-packages/airflow/example_dags/example_external_task_marker_dag.py
[2025-03-22T10:15:23.565+0500] {logging_mixin.py:190} INFO - [2025-03-22T10:15:23.565+0500] {dag.py:3239} INFO - Sync 2 DAGs
[2025-03-22T10:15:23.572+0500] {logging_mixin.py:190} INFO - [2025-03-22T10:15:23.572+0500] {dag.py:4180} INFO - Setting next_dagrun for example_external_task_marker_child to None, run_after=None
[2025-03-22T10:15:23.574+0500] {logging_mixin.py:190} INFO - [2025-03-22T10:15:23.574+0500] {dag.py:4180} INFO - Setting next_dagrun for example_external_task_marker_parent to None, run_after=None
[2025-03-22T10:15:23.588+0500] {processor.py:208} INFO - Processing /home/ruslan/.local/lib/python3.10/site-packages/airflow/example_dags/example_external_task_marker_dag.py took 0.045 seconds
[2025-03-22T10:16:13.383+0500] {processor.py:186} INFO - Started process (PID=23466) to work on /home/ruslan/.local/lib/python3.10/site-packages/airflow/example_dags/example_external_task_marker_dag.py
[2025-03-22T10:16:13.385+0500] {processor.py:914} INFO - Processing file /home/ruslan/.local/lib/python3.10/site-packages/airflow/example_dags/example_external_task_marker_dag.py for tasks to queue
[2025-03-22T10:16:13.386+0500] {logging_mixin.py:190} INFO - [2025-03-22T10:16:13.386+0500] {dagbag.py:588} INFO - Filling up the DagBag from /home/ruslan/.local/lib/python3.10/site-packages/airflow/example_dags/example_external_task_marker_dag.py
[2025-03-22T10:16:13.391+0500] {processor.py:925} INFO - DAG(s) 'example_external_task_marker_child', 'example_external_task_marker_parent' retrieved from /home/ruslan/.local/lib/python3.10/site-packages/airflow/example_dags/example_external_task_marker_dag.py
[2025-03-22T10:16:13.402+0500] {logging_mixin.py:190} INFO - [2025-03-22T10:16:13.402+0500] {dag.py:3239} INFO - Sync 2 DAGs
[2025-03-22T10:16:13.409+0500] {logging_mixin.py:190} INFO - [2025-03-22T10:16:13.409+0500] {dag.py:4180} INFO - Setting next_dagrun for example_external_task_marker_child to None, run_after=None
[2025-03-22T10:16:13.410+0500] {logging_mixin.py:190} INFO - [2025-03-22T10:16:13.410+0500] {dag.py:4180} INFO - Setting next_dagrun for example_external_task_marker_parent to None, run_after=None
[2025-03-22T10:16:13.424+0500] {processor.py:208} INFO - Processing /home/ruslan/.local/lib/python3.10/site-packages/airflow/example_dags/example_external_task_marker_dag.py took 0.044 seconds
[2025-03-22T10:17:03.568+0500] {processor.py:186} INFO - Started process (PID=24058) to work on /home/ruslan/.local/lib/python3.10/site-packages/airflow/example_dags/example_external_task_marker_dag.py
[2025-03-22T10:17:03.569+0500] {processor.py:914} INFO - Processing file /home/ruslan/.local/lib/python3.10/site-packages/airflow/example_dags/example_external_task_marker_dag.py for tasks to queue
[2025-03-22T10:17:03.571+0500] {logging_mixin.py:190} INFO - [2025-03-22T10:17:03.570+0500] {dagbag.py:588} INFO - Filling up the DagBag from /home/ruslan/.local/lib/python3.10/site-packages/airflow/example_dags/example_external_task_marker_dag.py
[2025-03-22T10:17:03.576+0500] {processor.py:925} INFO - DAG(s) 'example_external_task_marker_parent', 'example_external_task_marker_child' retrieved from /home/ruslan/.local/lib/python3.10/site-packages/airflow/example_dags/example_external_task_marker_dag.py
[2025-03-22T10:17:03.585+0500] {logging_mixin.py:190} INFO - [2025-03-22T10:17:03.585+0500] {dag.py:3239} INFO - Sync 2 DAGs
[2025-03-22T10:17:03.592+0500] {logging_mixin.py:190} INFO - [2025-03-22T10:17:03.592+0500] {dag.py:4180} INFO - Setting next_dagrun for example_external_task_marker_child to None, run_after=None
[2025-03-22T10:17:03.594+0500] {logging_mixin.py:190} INFO - [2025-03-22T10:17:03.594+0500] {dag.py:4180} INFO - Setting next_dagrun for example_external_task_marker_parent to None, run_after=None
[2025-03-22T10:17:03.608+0500] {processor.py:208} INFO - Processing /home/ruslan/.local/lib/python3.10/site-packages/airflow/example_dags/example_external_task_marker_dag.py took 0.043 seconds
[2025-03-22T10:17:56.473+0500] {processor.py:186} INFO - Started process (PID=24576) to work on /home/ruslan/.local/lib/python3.10/site-packages/airflow/example_dags/example_external_task_marker_dag.py
[2025-03-22T10:17:56.474+0500] {processor.py:914} INFO - Processing file /home/ruslan/.local/lib/python3.10/site-packages/airflow/example_dags/example_external_task_marker_dag.py for tasks to queue
[2025-03-22T10:17:56.476+0500] {logging_mixin.py:190} INFO - [2025-03-22T10:17:56.476+0500] {dagbag.py:588} INFO - Filling up the DagBag from /home/ruslan/.local/lib/python3.10/site-packages/airflow/example_dags/example_external_task_marker_dag.py
[2025-03-22T10:17:56.481+0500] {processor.py:925} INFO - DAG(s) 'example_external_task_marker_child', 'example_external_task_marker_parent' retrieved from /home/ruslan/.local/lib/python3.10/site-packages/airflow/example_dags/example_external_task_marker_dag.py
[2025-03-22T10:17:56.490+0500] {logging_mixin.py:190} INFO - [2025-03-22T10:17:56.490+0500] {dag.py:3239} INFO - Sync 2 DAGs
[2025-03-22T10:17:56.497+0500] {logging_mixin.py:190} INFO - [2025-03-22T10:17:56.497+0500] {dag.py:4180} INFO - Setting next_dagrun for example_external_task_marker_child to None, run_after=None
[2025-03-22T10:17:56.499+0500] {logging_mixin.py:190} INFO - [2025-03-22T10:17:56.499+0500] {dag.py:4180} INFO - Setting next_dagrun for example_external_task_marker_parent to None, run_after=None
[2025-03-22T10:17:56.513+0500] {processor.py:208} INFO - Processing /home/ruslan/.local/lib/python3.10/site-packages/airflow/example_dags/example_external_task_marker_dag.py took 0.044 seconds
[2025-03-22T10:18:48.477+0500] {processor.py:186} INFO - Started process (PID=25181) to work on /home/ruslan/.local/lib/python3.10/site-packages/airflow/example_dags/example_external_task_marker_dag.py
[2025-03-22T10:18:48.478+0500] {processor.py:914} INFO - Processing file /home/ruslan/.local/lib/python3.10/site-packages/airflow/example_dags/example_external_task_marker_dag.py for tasks to queue
[2025-03-22T10:18:48.480+0500] {logging_mixin.py:190} INFO - [2025-03-22T10:18:48.480+0500] {dagbag.py:588} INFO - Filling up the DagBag from /home/ruslan/.local/lib/python3.10/site-packages/airflow/example_dags/example_external_task_marker_dag.py
[2025-03-22T10:18:48.485+0500] {processor.py:925} INFO - DAG(s) 'example_external_task_marker_child', 'example_external_task_marker_parent' retrieved from /home/ruslan/.local/lib/python3.10/site-packages/airflow/example_dags/example_external_task_marker_dag.py
[2025-03-22T10:18:48.495+0500] {logging_mixin.py:190} INFO - [2025-03-22T10:18:48.494+0500] {dag.py:3239} INFO - Sync 2 DAGs
[2025-03-22T10:18:48.501+0500] {logging_mixin.py:190} INFO - [2025-03-22T10:18:48.501+0500] {dag.py:4180} INFO - Setting next_dagrun for example_external_task_marker_child to None, run_after=None
[2025-03-22T10:18:48.503+0500] {logging_mixin.py:190} INFO - [2025-03-22T10:18:48.503+0500] {dag.py:4180} INFO - Setting next_dagrun for example_external_task_marker_parent to None, run_after=None
[2025-03-22T10:18:48.517+0500] {processor.py:208} INFO - Processing /home/ruslan/.local/lib/python3.10/site-packages/airflow/example_dags/example_external_task_marker_dag.py took 0.043 seconds
[2025-03-22T10:19:37.584+0500] {processor.py:186} INFO - Started process (PID=25666) to work on /home/ruslan/.local/lib/python3.10/site-packages/airflow/example_dags/example_external_task_marker_dag.py
[2025-03-22T10:19:37.585+0500] {processor.py:914} INFO - Processing file /home/ruslan/.local/lib/python3.10/site-packages/airflow/example_dags/example_external_task_marker_dag.py for tasks to queue
[2025-03-22T10:19:37.587+0500] {logging_mixin.py:190} INFO - [2025-03-22T10:19:37.586+0500] {dagbag.py:588} INFO - Filling up the DagBag from /home/ruslan/.local/lib/python3.10/site-packages/airflow/example_dags/example_external_task_marker_dag.py
[2025-03-22T10:19:37.592+0500] {processor.py:925} INFO - DAG(s) 'example_external_task_marker_child', 'example_external_task_marker_parent' retrieved from /home/ruslan/.local/lib/python3.10/site-packages/airflow/example_dags/example_external_task_marker_dag.py
[2025-03-22T10:19:37.602+0500] {logging_mixin.py:190} INFO - [2025-03-22T10:19:37.602+0500] {dag.py:3239} INFO - Sync 2 DAGs
[2025-03-22T10:19:37.610+0500] {logging_mixin.py:190} INFO - [2025-03-22T10:19:37.609+0500] {dag.py:4180} INFO - Setting next_dagrun for example_external_task_marker_child to None, run_after=None
[2025-03-22T10:19:37.611+0500] {logging_mixin.py:190} INFO - [2025-03-22T10:19:37.611+0500] {dag.py:4180} INFO - Setting next_dagrun for example_external_task_marker_parent to None, run_after=None
[2025-03-22T10:19:37.626+0500] {processor.py:208} INFO - Processing /home/ruslan/.local/lib/python3.10/site-packages/airflow/example_dags/example_external_task_marker_dag.py took 0.045 seconds
[2025-03-22T10:20:31.176+0500] {processor.py:186} INFO - Started process (PID=26209) to work on /home/ruslan/.local/lib/python3.10/site-packages/airflow/example_dags/example_external_task_marker_dag.py
[2025-03-22T10:20:31.177+0500] {processor.py:914} INFO - Processing file /home/ruslan/.local/lib/python3.10/site-packages/airflow/example_dags/example_external_task_marker_dag.py for tasks to queue
[2025-03-22T10:20:31.178+0500] {logging_mixin.py:190} INFO - [2025-03-22T10:20:31.178+0500] {dagbag.py:588} INFO - Filling up the DagBag from /home/ruslan/.local/lib/python3.10/site-packages/airflow/example_dags/example_external_task_marker_dag.py
[2025-03-22T10:20:31.184+0500] {processor.py:925} INFO - DAG(s) 'example_external_task_marker_child', 'example_external_task_marker_parent' retrieved from /home/ruslan/.local/lib/python3.10/site-packages/airflow/example_dags/example_external_task_marker_dag.py
[2025-03-22T10:20:31.195+0500] {logging_mixin.py:190} INFO - [2025-03-22T10:20:31.194+0500] {dag.py:3239} INFO - Sync 2 DAGs
[2025-03-22T10:20:31.202+0500] {logging_mixin.py:190} INFO - [2025-03-22T10:20:31.202+0500] {dag.py:4180} INFO - Setting next_dagrun for example_external_task_marker_child to None, run_after=None
[2025-03-22T10:20:31.205+0500] {logging_mixin.py:190} INFO - [2025-03-22T10:20:31.204+0500] {dag.py:4180} INFO - Setting next_dagrun for example_external_task_marker_parent to None, run_after=None
[2025-03-22T10:20:31.218+0500] {processor.py:208} INFO - Processing /home/ruslan/.local/lib/python3.10/site-packages/airflow/example_dags/example_external_task_marker_dag.py took 0.046 seconds
[2025-03-22T10:21:22.439+0500] {processor.py:186} INFO - Started process (PID=26794) to work on /home/ruslan/.local/lib/python3.10/site-packages/airflow/example_dags/example_external_task_marker_dag.py
[2025-03-22T10:21:22.441+0500] {processor.py:914} INFO - Processing file /home/ruslan/.local/lib/python3.10/site-packages/airflow/example_dags/example_external_task_marker_dag.py for tasks to queue
[2025-03-22T10:21:22.442+0500] {logging_mixin.py:190} INFO - [2025-03-22T10:21:22.442+0500] {dagbag.py:588} INFO - Filling up the DagBag from /home/ruslan/.local/lib/python3.10/site-packages/airflow/example_dags/example_external_task_marker_dag.py
[2025-03-22T10:21:22.447+0500] {processor.py:925} INFO - DAG(s) 'example_external_task_marker_parent', 'example_external_task_marker_child' retrieved from /home/ruslan/.local/lib/python3.10/site-packages/airflow/example_dags/example_external_task_marker_dag.py
[2025-03-22T10:21:22.458+0500] {logging_mixin.py:190} INFO - [2025-03-22T10:21:22.458+0500] {dag.py:3239} INFO - Sync 2 DAGs
[2025-03-22T10:21:22.466+0500] {logging_mixin.py:190} INFO - [2025-03-22T10:21:22.466+0500] {dag.py:4180} INFO - Setting next_dagrun for example_external_task_marker_child to None, run_after=None
[2025-03-22T10:21:22.468+0500] {logging_mixin.py:190} INFO - [2025-03-22T10:21:22.467+0500] {dag.py:4180} INFO - Setting next_dagrun for example_external_task_marker_parent to None, run_after=None
[2025-03-22T10:21:22.481+0500] {processor.py:208} INFO - Processing /home/ruslan/.local/lib/python3.10/site-packages/airflow/example_dags/example_external_task_marker_dag.py took 0.045 seconds
[2025-03-22T10:22:16.637+0500] {processor.py:186} INFO - Started process (PID=27312) to work on /home/ruslan/.local/lib/python3.10/site-packages/airflow/example_dags/example_external_task_marker_dag.py
[2025-03-22T10:22:16.638+0500] {processor.py:914} INFO - Processing file /home/ruslan/.local/lib/python3.10/site-packages/airflow/example_dags/example_external_task_marker_dag.py for tasks to queue
[2025-03-22T10:22:16.639+0500] {logging_mixin.py:190} INFO - [2025-03-22T10:22:16.639+0500] {dagbag.py:588} INFO - Filling up the DagBag from /home/ruslan/.local/lib/python3.10/site-packages/airflow/example_dags/example_external_task_marker_dag.py
[2025-03-22T10:22:16.645+0500] {processor.py:925} INFO - DAG(s) 'example_external_task_marker_child', 'example_external_task_marker_parent' retrieved from /home/ruslan/.local/lib/python3.10/site-packages/airflow/example_dags/example_external_task_marker_dag.py
[2025-03-22T10:22:16.655+0500] {logging_mixin.py:190} INFO - [2025-03-22T10:22:16.655+0500] {dag.py:3239} INFO - Sync 2 DAGs
[2025-03-22T10:22:16.662+0500] {logging_mixin.py:190} INFO - [2025-03-22T10:22:16.662+0500] {dag.py:4180} INFO - Setting next_dagrun for example_external_task_marker_child to None, run_after=None
[2025-03-22T10:22:16.664+0500] {logging_mixin.py:190} INFO - [2025-03-22T10:22:16.664+0500] {dag.py:4180} INFO - Setting next_dagrun for example_external_task_marker_parent to None, run_after=None
[2025-03-22T10:22:16.678+0500] {processor.py:208} INFO - Processing /home/ruslan/.local/lib/python3.10/site-packages/airflow/example_dags/example_external_task_marker_dag.py took 0.044 seconds
[2025-03-22T10:23:09.297+0500] {processor.py:186} INFO - Started process (PID=27918) to work on /home/ruslan/.local/lib/python3.10/site-packages/airflow/example_dags/example_external_task_marker_dag.py
[2025-03-22T10:23:09.298+0500] {processor.py:914} INFO - Processing file /home/ruslan/.local/lib/python3.10/site-packages/airflow/example_dags/example_external_task_marker_dag.py for tasks to queue
[2025-03-22T10:23:09.299+0500] {logging_mixin.py:190} INFO - [2025-03-22T10:23:09.299+0500] {dagbag.py:588} INFO - Filling up the DagBag from /home/ruslan/.local/lib/python3.10/site-packages/airflow/example_dags/example_external_task_marker_dag.py
[2025-03-22T10:23:09.305+0500] {processor.py:925} INFO - DAG(s) 'example_external_task_marker_parent', 'example_external_task_marker_child' retrieved from /home/ruslan/.local/lib/python3.10/site-packages/airflow/example_dags/example_external_task_marker_dag.py
[2025-03-22T10:23:09.315+0500] {logging_mixin.py:190} INFO - [2025-03-22T10:23:09.315+0500] {dag.py:3239} INFO - Sync 2 DAGs
[2025-03-22T10:23:09.323+0500] {logging_mixin.py:190} INFO - [2025-03-22T10:23:09.322+0500] {dag.py:4180} INFO - Setting next_dagrun for example_external_task_marker_child to None, run_after=None
[2025-03-22T10:23:09.324+0500] {logging_mixin.py:190} INFO - [2025-03-22T10:23:09.324+0500] {dag.py:4180} INFO - Setting next_dagrun for example_external_task_marker_parent to None, run_after=None
[2025-03-22T10:23:09.338+0500] {processor.py:208} INFO - Processing /home/ruslan/.local/lib/python3.10/site-packages/airflow/example_dags/example_external_task_marker_dag.py took 0.045 seconds
[2025-03-22T10:24:01.306+0500] {processor.py:186} INFO - Started process (PID=28447) to work on /home/ruslan/.local/lib/python3.10/site-packages/airflow/example_dags/example_external_task_marker_dag.py
[2025-03-22T10:24:01.307+0500] {processor.py:914} INFO - Processing file /home/ruslan/.local/lib/python3.10/site-packages/airflow/example_dags/example_external_task_marker_dag.py for tasks to queue
[2025-03-22T10:24:01.308+0500] {logging_mixin.py:190} INFO - [2025-03-22T10:24:01.308+0500] {dagbag.py:588} INFO - Filling up the DagBag from /home/ruslan/.local/lib/python3.10/site-packages/airflow/example_dags/example_external_task_marker_dag.py
[2025-03-22T10:24:01.313+0500] {processor.py:925} INFO - DAG(s) 'example_external_task_marker_parent', 'example_external_task_marker_child' retrieved from /home/ruslan/.local/lib/python3.10/site-packages/airflow/example_dags/example_external_task_marker_dag.py
[2025-03-22T10:24:01.323+0500] {logging_mixin.py:190} INFO - [2025-03-22T10:24:01.323+0500] {dag.py:3239} INFO - Sync 2 DAGs
[2025-03-22T10:24:01.330+0500] {logging_mixin.py:190} INFO - [2025-03-22T10:24:01.330+0500] {dag.py:4180} INFO - Setting next_dagrun for example_external_task_marker_child to None, run_after=None
[2025-03-22T10:24:01.332+0500] {logging_mixin.py:190} INFO - [2025-03-22T10:24:01.332+0500] {dag.py:4180} INFO - Setting next_dagrun for example_external_task_marker_parent to None, run_after=None
[2025-03-22T10:24:01.347+0500] {processor.py:208} INFO - Processing /home/ruslan/.local/lib/python3.10/site-packages/airflow/example_dags/example_external_task_marker_dag.py took 0.045 seconds
[2025-03-22T10:24:51.791+0500] {processor.py:186} INFO - Started process (PID=29055) to work on /home/ruslan/.local/lib/python3.10/site-packages/airflow/example_dags/example_external_task_marker_dag.py
[2025-03-22T10:24:51.792+0500] {processor.py:914} INFO - Processing file /home/ruslan/.local/lib/python3.10/site-packages/airflow/example_dags/example_external_task_marker_dag.py for tasks to queue
[2025-03-22T10:24:51.793+0500] {logging_mixin.py:190} INFO - [2025-03-22T10:24:51.793+0500] {dagbag.py:588} INFO - Filling up the DagBag from /home/ruslan/.local/lib/python3.10/site-packages/airflow/example_dags/example_external_task_marker_dag.py
[2025-03-22T10:24:51.798+0500] {processor.py:925} INFO - DAG(s) 'example_external_task_marker_child', 'example_external_task_marker_parent' retrieved from /home/ruslan/.local/lib/python3.10/site-packages/airflow/example_dags/example_external_task_marker_dag.py
[2025-03-22T10:24:51.808+0500] {logging_mixin.py:190} INFO - [2025-03-22T10:24:51.808+0500] {dag.py:3239} INFO - Sync 2 DAGs
[2025-03-22T10:24:51.815+0500] {logging_mixin.py:190} INFO - [2025-03-22T10:24:51.815+0500] {dag.py:4180} INFO - Setting next_dagrun for example_external_task_marker_child to None, run_after=None
[2025-03-22T10:24:51.817+0500] {logging_mixin.py:190} INFO - [2025-03-22T10:24:51.817+0500] {dag.py:4180} INFO - Setting next_dagrun for example_external_task_marker_parent to None, run_after=None
[2025-03-22T10:24:51.830+0500] {processor.py:208} INFO - Processing /home/ruslan/.local/lib/python3.10/site-packages/airflow/example_dags/example_external_task_marker_dag.py took 0.043 seconds
[2025-03-22T10:25:42.013+0500] {processor.py:186} INFO - Started process (PID=29560) to work on /home/ruslan/.local/lib/python3.10/site-packages/airflow/example_dags/example_external_task_marker_dag.py
[2025-03-22T10:25:42.015+0500] {processor.py:914} INFO - Processing file /home/ruslan/.local/lib/python3.10/site-packages/airflow/example_dags/example_external_task_marker_dag.py for tasks to queue
[2025-03-22T10:25:42.016+0500] {logging_mixin.py:190} INFO - [2025-03-22T10:25:42.016+0500] {dagbag.py:588} INFO - Filling up the DagBag from /home/ruslan/.local/lib/python3.10/site-packages/airflow/example_dags/example_external_task_marker_dag.py
[2025-03-22T10:25:42.021+0500] {processor.py:925} INFO - DAG(s) 'example_external_task_marker_parent', 'example_external_task_marker_child' retrieved from /home/ruslan/.local/lib/python3.10/site-packages/airflow/example_dags/example_external_task_marker_dag.py
[2025-03-22T10:25:42.031+0500] {logging_mixin.py:190} INFO - [2025-03-22T10:25:42.031+0500] {dag.py:3239} INFO - Sync 2 DAGs
[2025-03-22T10:25:42.038+0500] {logging_mixin.py:190} INFO - [2025-03-22T10:25:42.037+0500] {dag.py:4180} INFO - Setting next_dagrun for example_external_task_marker_child to None, run_after=None
[2025-03-22T10:25:42.039+0500] {logging_mixin.py:190} INFO - [2025-03-22T10:25:42.039+0500] {dag.py:4180} INFO - Setting next_dagrun for example_external_task_marker_parent to None, run_after=None
[2025-03-22T10:25:42.053+0500] {processor.py:208} INFO - Processing /home/ruslan/.local/lib/python3.10/site-packages/airflow/example_dags/example_external_task_marker_dag.py took 0.043 seconds
[2025-03-22T10:26:36.481+0500] {processor.py:186} INFO - Started process (PID=30635) to work on /home/ruslan/.local/lib/python3.10/site-packages/airflow/example_dags/example_external_task_marker_dag.py
[2025-03-22T10:26:36.482+0500] {processor.py:914} INFO - Processing file /home/ruslan/.local/lib/python3.10/site-packages/airflow/example_dags/example_external_task_marker_dag.py for tasks to queue
[2025-03-22T10:26:36.483+0500] {logging_mixin.py:190} INFO - [2025-03-22T10:26:36.483+0500] {dagbag.py:588} INFO - Filling up the DagBag from /home/ruslan/.local/lib/python3.10/site-packages/airflow/example_dags/example_external_task_marker_dag.py
[2025-03-22T10:26:36.488+0500] {processor.py:925} INFO - DAG(s) 'example_external_task_marker_child', 'example_external_task_marker_parent' retrieved from /home/ruslan/.local/lib/python3.10/site-packages/airflow/example_dags/example_external_task_marker_dag.py
[2025-03-22T10:26:36.498+0500] {logging_mixin.py:190} INFO - [2025-03-22T10:26:36.498+0500] {dag.py:3239} INFO - Sync 2 DAGs
[2025-03-22T10:26:36.505+0500] {logging_mixin.py:190} INFO - [2025-03-22T10:26:36.504+0500] {dag.py:4180} INFO - Setting next_dagrun for example_external_task_marker_child to None, run_after=None
[2025-03-22T10:26:36.506+0500] {logging_mixin.py:190} INFO - [2025-03-22T10:26:36.506+0500] {dag.py:4180} INFO - Setting next_dagrun for example_external_task_marker_parent to None, run_after=None
[2025-03-22T10:26:36.520+0500] {processor.py:208} INFO - Processing /home/ruslan/.local/lib/python3.10/site-packages/airflow/example_dags/example_external_task_marker_dag.py took 0.043 seconds
[2025-03-22T10:27:25.589+0500] {processor.py:186} INFO - Started process (PID=31164) to work on /home/ruslan/.local/lib/python3.10/site-packages/airflow/example_dags/example_external_task_marker_dag.py
[2025-03-22T10:27:25.591+0500] {processor.py:914} INFO - Processing file /home/ruslan/.local/lib/python3.10/site-packages/airflow/example_dags/example_external_task_marker_dag.py for tasks to queue
[2025-03-22T10:27:25.592+0500] {logging_mixin.py:190} INFO - [2025-03-22T10:27:25.592+0500] {dagbag.py:588} INFO - Filling up the DagBag from /home/ruslan/.local/lib/python3.10/site-packages/airflow/example_dags/example_external_task_marker_dag.py
[2025-03-22T10:27:25.597+0500] {processor.py:925} INFO - DAG(s) 'example_external_task_marker_parent', 'example_external_task_marker_child' retrieved from /home/ruslan/.local/lib/python3.10/site-packages/airflow/example_dags/example_external_task_marker_dag.py
[2025-03-22T10:27:25.607+0500] {logging_mixin.py:190} INFO - [2025-03-22T10:27:25.607+0500] {dag.py:3239} INFO - Sync 2 DAGs
[2025-03-22T10:27:25.615+0500] {logging_mixin.py:190} INFO - [2025-03-22T10:27:25.615+0500] {dag.py:4180} INFO - Setting next_dagrun for example_external_task_marker_child to None, run_after=None
[2025-03-22T10:27:25.617+0500] {logging_mixin.py:190} INFO - [2025-03-22T10:27:25.616+0500] {dag.py:4180} INFO - Setting next_dagrun for example_external_task_marker_parent to None, run_after=None
[2025-03-22T10:27:25.632+0500] {processor.py:208} INFO - Processing /home/ruslan/.local/lib/python3.10/site-packages/airflow/example_dags/example_external_task_marker_dag.py took 0.046 seconds
[2025-03-22T10:28:20.033+0500] {processor.py:186} INFO - Started process (PID=31781) to work on /home/ruslan/.local/lib/python3.10/site-packages/airflow/example_dags/example_external_task_marker_dag.py
[2025-03-22T10:28:20.034+0500] {processor.py:914} INFO - Processing file /home/ruslan/.local/lib/python3.10/site-packages/airflow/example_dags/example_external_task_marker_dag.py for tasks to queue
[2025-03-22T10:28:20.035+0500] {logging_mixin.py:190} INFO - [2025-03-22T10:28:20.035+0500] {dagbag.py:588} INFO - Filling up the DagBag from /home/ruslan/.local/lib/python3.10/site-packages/airflow/example_dags/example_external_task_marker_dag.py
[2025-03-22T10:28:20.040+0500] {processor.py:925} INFO - DAG(s) 'example_external_task_marker_parent', 'example_external_task_marker_child' retrieved from /home/ruslan/.local/lib/python3.10/site-packages/airflow/example_dags/example_external_task_marker_dag.py
[2025-03-22T10:28:20.050+0500] {logging_mixin.py:190} INFO - [2025-03-22T10:28:20.050+0500] {dag.py:3239} INFO - Sync 2 DAGs
[2025-03-22T10:28:20.057+0500] {logging_mixin.py:190} INFO - [2025-03-22T10:28:20.057+0500] {dag.py:4180} INFO - Setting next_dagrun for example_external_task_marker_child to None, run_after=None
[2025-03-22T10:28:20.058+0500] {logging_mixin.py:190} INFO - [2025-03-22T10:28:20.058+0500] {dag.py:4180} INFO - Setting next_dagrun for example_external_task_marker_parent to None, run_after=None
[2025-03-22T10:28:20.072+0500] {processor.py:208} INFO - Processing /home/ruslan/.local/lib/python3.10/site-packages/airflow/example_dags/example_external_task_marker_dag.py took 0.043 seconds
[2025-03-22T10:29:12.236+0500] {processor.py:186} INFO - Started process (PID=32297) to work on /home/ruslan/.local/lib/python3.10/site-packages/airflow/example_dags/example_external_task_marker_dag.py
[2025-03-22T10:29:12.237+0500] {processor.py:914} INFO - Processing file /home/ruslan/.local/lib/python3.10/site-packages/airflow/example_dags/example_external_task_marker_dag.py for tasks to queue
[2025-03-22T10:29:12.238+0500] {logging_mixin.py:190} INFO - [2025-03-22T10:29:12.238+0500] {dagbag.py:588} INFO - Filling up the DagBag from /home/ruslan/.local/lib/python3.10/site-packages/airflow/example_dags/example_external_task_marker_dag.py
[2025-03-22T10:29:12.243+0500] {processor.py:925} INFO - DAG(s) 'example_external_task_marker_child', 'example_external_task_marker_parent' retrieved from /home/ruslan/.local/lib/python3.10/site-packages/airflow/example_dags/example_external_task_marker_dag.py
[2025-03-22T10:29:12.253+0500] {logging_mixin.py:190} INFO - [2025-03-22T10:29:12.253+0500] {dag.py:3239} INFO - Sync 2 DAGs
[2025-03-22T10:29:12.260+0500] {logging_mixin.py:190} INFO - [2025-03-22T10:29:12.259+0500] {dag.py:4180} INFO - Setting next_dagrun for example_external_task_marker_child to None, run_after=None
[2025-03-22T10:29:12.261+0500] {logging_mixin.py:190} INFO - [2025-03-22T10:29:12.261+0500] {dag.py:4180} INFO - Setting next_dagrun for example_external_task_marker_parent to None, run_after=None
[2025-03-22T10:29:12.275+0500] {processor.py:208} INFO - Processing /home/ruslan/.local/lib/python3.10/site-packages/airflow/example_dags/example_external_task_marker_dag.py took 0.043 seconds
[2025-03-22T10:30:03.598+0500] {processor.py:186} INFO - Started process (PID=32813) to work on /home/ruslan/.local/lib/python3.10/site-packages/airflow/example_dags/example_external_task_marker_dag.py
[2025-03-22T10:30:03.599+0500] {processor.py:914} INFO - Processing file /home/ruslan/.local/lib/python3.10/site-packages/airflow/example_dags/example_external_task_marker_dag.py for tasks to queue
[2025-03-22T10:30:03.600+0500] {logging_mixin.py:190} INFO - [2025-03-22T10:30:03.600+0500] {dagbag.py:588} INFO - Filling up the DagBag from /home/ruslan/.local/lib/python3.10/site-packages/airflow/example_dags/example_external_task_marker_dag.py
[2025-03-22T10:30:03.606+0500] {processor.py:925} INFO - DAG(s) 'example_external_task_marker_child', 'example_external_task_marker_parent' retrieved from /home/ruslan/.local/lib/python3.10/site-packages/airflow/example_dags/example_external_task_marker_dag.py
[2025-03-22T10:30:03.617+0500] {logging_mixin.py:190} INFO - [2025-03-22T10:30:03.617+0500] {dag.py:3239} INFO - Sync 2 DAGs
[2025-03-22T10:30:03.624+0500] {logging_mixin.py:190} INFO - [2025-03-22T10:30:03.624+0500] {dag.py:4180} INFO - Setting next_dagrun for example_external_task_marker_child to None, run_after=None
[2025-03-22T10:30:03.626+0500] {logging_mixin.py:190} INFO - [2025-03-22T10:30:03.626+0500] {dag.py:4180} INFO - Setting next_dagrun for example_external_task_marker_parent to None, run_after=None
[2025-03-22T10:30:03.640+0500] {processor.py:208} INFO - Processing /home/ruslan/.local/lib/python3.10/site-packages/airflow/example_dags/example_external_task_marker_dag.py took 0.046 seconds
[2025-03-22T10:30:56.104+0500] {processor.py:186} INFO - Started process (PID=33083) to work on /home/ruslan/.local/lib/python3.10/site-packages/airflow/example_dags/example_external_task_marker_dag.py
[2025-03-22T10:30:56.105+0500] {processor.py:914} INFO - Processing file /home/ruslan/.local/lib/python3.10/site-packages/airflow/example_dags/example_external_task_marker_dag.py for tasks to queue
[2025-03-22T10:30:56.106+0500] {logging_mixin.py:190} INFO - [2025-03-22T10:30:56.106+0500] {dagbag.py:588} INFO - Filling up the DagBag from /home/ruslan/.local/lib/python3.10/site-packages/airflow/example_dags/example_external_task_marker_dag.py
[2025-03-22T10:30:56.112+0500] {processor.py:925} INFO - DAG(s) 'example_external_task_marker_child', 'example_external_task_marker_parent' retrieved from /home/ruslan/.local/lib/python3.10/site-packages/airflow/example_dags/example_external_task_marker_dag.py
[2025-03-22T10:30:56.123+0500] {logging_mixin.py:190} INFO - [2025-03-22T10:30:56.123+0500] {dag.py:3239} INFO - Sync 2 DAGs
[2025-03-22T10:30:56.131+0500] {logging_mixin.py:190} INFO - [2025-03-22T10:30:56.131+0500] {dag.py:4180} INFO - Setting next_dagrun for example_external_task_marker_child to None, run_after=None
[2025-03-22T10:30:56.134+0500] {logging_mixin.py:190} INFO - [2025-03-22T10:30:56.134+0500] {dag.py:4180} INFO - Setting next_dagrun for example_external_task_marker_parent to None, run_after=None
[2025-03-22T10:30:56.150+0500] {processor.py:208} INFO - Processing /home/ruslan/.local/lib/python3.10/site-packages/airflow/example_dags/example_external_task_marker_dag.py took 0.050 seconds
[2025-03-22T10:31:47.351+0500] {processor.py:186} INFO - Started process (PID=33843) to work on /home/ruslan/.local/lib/python3.10/site-packages/airflow/example_dags/example_external_task_marker_dag.py
[2025-03-22T10:31:47.352+0500] {processor.py:914} INFO - Processing file /home/ruslan/.local/lib/python3.10/site-packages/airflow/example_dags/example_external_task_marker_dag.py for tasks to queue
[2025-03-22T10:31:47.353+0500] {logging_mixin.py:190} INFO - [2025-03-22T10:31:47.353+0500] {dagbag.py:588} INFO - Filling up the DagBag from /home/ruslan/.local/lib/python3.10/site-packages/airflow/example_dags/example_external_task_marker_dag.py
[2025-03-22T10:31:47.358+0500] {processor.py:925} INFO - DAG(s) 'example_external_task_marker_child', 'example_external_task_marker_parent' retrieved from /home/ruslan/.local/lib/python3.10/site-packages/airflow/example_dags/example_external_task_marker_dag.py
[2025-03-22T10:31:47.368+0500] {logging_mixin.py:190} INFO - [2025-03-22T10:31:47.368+0500] {dag.py:3239} INFO - Sync 2 DAGs
[2025-03-22T10:31:47.376+0500] {logging_mixin.py:190} INFO - [2025-03-22T10:31:47.376+0500] {dag.py:4180} INFO - Setting next_dagrun for example_external_task_marker_child to None, run_after=None
[2025-03-22T10:31:47.377+0500] {logging_mixin.py:190} INFO - [2025-03-22T10:31:47.377+0500] {dag.py:4180} INFO - Setting next_dagrun for example_external_task_marker_parent to None, run_after=None
[2025-03-22T10:31:47.392+0500] {processor.py:208} INFO - Processing /home/ruslan/.local/lib/python3.10/site-packages/airflow/example_dags/example_external_task_marker_dag.py took 0.045 seconds
[2025-03-22T10:33:13.658+0500] {processor.py:186} INFO - Started process (PID=34920) to work on /home/ruslan/.local/lib/python3.10/site-packages/airflow/example_dags/example_external_task_marker_dag.py
[2025-03-22T10:33:13.659+0500] {processor.py:914} INFO - Processing file /home/ruslan/.local/lib/python3.10/site-packages/airflow/example_dags/example_external_task_marker_dag.py for tasks to queue
[2025-03-22T10:33:13.661+0500] {logging_mixin.py:190} INFO - [2025-03-22T10:33:13.660+0500] {dagbag.py:588} INFO - Filling up the DagBag from /home/ruslan/.local/lib/python3.10/site-packages/airflow/example_dags/example_external_task_marker_dag.py
[2025-03-22T10:33:13.666+0500] {processor.py:925} INFO - DAG(s) 'example_external_task_marker_child', 'example_external_task_marker_parent' retrieved from /home/ruslan/.local/lib/python3.10/site-packages/airflow/example_dags/example_external_task_marker_dag.py
[2025-03-22T10:33:13.676+0500] {logging_mixin.py:190} INFO - [2025-03-22T10:33:13.676+0500] {dag.py:3239} INFO - Sync 2 DAGs
[2025-03-22T10:33:13.683+0500] {logging_mixin.py:190} INFO - [2025-03-22T10:33:13.683+0500] {dag.py:4180} INFO - Setting next_dagrun for example_external_task_marker_child to None, run_after=None
[2025-03-22T10:33:13.684+0500] {logging_mixin.py:190} INFO - [2025-03-22T10:33:13.684+0500] {dag.py:4180} INFO - Setting next_dagrun for example_external_task_marker_parent to None, run_after=None
[2025-03-22T10:33:13.699+0500] {processor.py:208} INFO - Processing /home/ruslan/.local/lib/python3.10/site-packages/airflow/example_dags/example_external_task_marker_dag.py took 0.044 seconds
[2025-03-22T10:34:07.776+0500] {processor.py:186} INFO - Started process (PID=35602) to work on /home/ruslan/.local/lib/python3.10/site-packages/airflow/example_dags/example_external_task_marker_dag.py
[2025-03-22T10:34:07.777+0500] {processor.py:914} INFO - Processing file /home/ruslan/.local/lib/python3.10/site-packages/airflow/example_dags/example_external_task_marker_dag.py for tasks to queue
[2025-03-22T10:34:07.779+0500] {logging_mixin.py:190} INFO - [2025-03-22T10:34:07.778+0500] {dagbag.py:588} INFO - Filling up the DagBag from /home/ruslan/.local/lib/python3.10/site-packages/airflow/example_dags/example_external_task_marker_dag.py
[2025-03-22T10:34:07.784+0500] {processor.py:925} INFO - DAG(s) 'example_external_task_marker_parent', 'example_external_task_marker_child' retrieved from /home/ruslan/.local/lib/python3.10/site-packages/airflow/example_dags/example_external_task_marker_dag.py
[2025-03-22T10:34:07.793+0500] {logging_mixin.py:190} INFO - [2025-03-22T10:34:07.793+0500] {dag.py:3239} INFO - Sync 2 DAGs
[2025-03-22T10:34:07.800+0500] {logging_mixin.py:190} INFO - [2025-03-22T10:34:07.800+0500] {dag.py:4180} INFO - Setting next_dagrun for example_external_task_marker_child to None, run_after=None
[2025-03-22T10:34:07.801+0500] {logging_mixin.py:190} INFO - [2025-03-22T10:34:07.801+0500] {dag.py:4180} INFO - Setting next_dagrun for example_external_task_marker_parent to None, run_after=None
[2025-03-22T10:34:07.816+0500] {processor.py:208} INFO - Processing /home/ruslan/.local/lib/python3.10/site-packages/airflow/example_dags/example_external_task_marker_dag.py took 0.043 seconds
[2025-03-22T10:35:00.700+0500] {processor.py:186} INFO - Started process (PID=36198) to work on /home/ruslan/.local/lib/python3.10/site-packages/airflow/example_dags/example_external_task_marker_dag.py
[2025-03-22T10:35:00.701+0500] {processor.py:914} INFO - Processing file /home/ruslan/.local/lib/python3.10/site-packages/airflow/example_dags/example_external_task_marker_dag.py for tasks to queue
[2025-03-22T10:35:00.703+0500] {logging_mixin.py:190} INFO - [2025-03-22T10:35:00.703+0500] {dagbag.py:588} INFO - Filling up the DagBag from /home/ruslan/.local/lib/python3.10/site-packages/airflow/example_dags/example_external_task_marker_dag.py
[2025-03-22T10:35:00.708+0500] {processor.py:925} INFO - DAG(s) 'example_external_task_marker_parent', 'example_external_task_marker_child' retrieved from /home/ruslan/.local/lib/python3.10/site-packages/airflow/example_dags/example_external_task_marker_dag.py
[2025-03-22T10:35:00.718+0500] {logging_mixin.py:190} INFO - [2025-03-22T10:35:00.717+0500] {dag.py:3239} INFO - Sync 2 DAGs
[2025-03-22T10:35:00.724+0500] {logging_mixin.py:190} INFO - [2025-03-22T10:35:00.724+0500] {dag.py:4180} INFO - Setting next_dagrun for example_external_task_marker_child to None, run_after=None
[2025-03-22T10:35:00.726+0500] {logging_mixin.py:190} INFO - [2025-03-22T10:35:00.726+0500] {dag.py:4180} INFO - Setting next_dagrun for example_external_task_marker_parent to None, run_after=None
[2025-03-22T10:35:00.741+0500] {processor.py:208} INFO - Processing /home/ruslan/.local/lib/python3.10/site-packages/airflow/example_dags/example_external_task_marker_dag.py took 0.044 seconds
[2025-03-22T10:35:50.473+0500] {processor.py:186} INFO - Started process (PID=36864) to work on /home/ruslan/.local/lib/python3.10/site-packages/airflow/example_dags/example_external_task_marker_dag.py
[2025-03-22T10:35:50.474+0500] {processor.py:914} INFO - Processing file /home/ruslan/.local/lib/python3.10/site-packages/airflow/example_dags/example_external_task_marker_dag.py for tasks to queue
[2025-03-22T10:35:50.476+0500] {logging_mixin.py:190} INFO - [2025-03-22T10:35:50.475+0500] {dagbag.py:588} INFO - Filling up the DagBag from /home/ruslan/.local/lib/python3.10/site-packages/airflow/example_dags/example_external_task_marker_dag.py
[2025-03-22T10:35:50.481+0500] {processor.py:925} INFO - DAG(s) 'example_external_task_marker_child', 'example_external_task_marker_parent' retrieved from /home/ruslan/.local/lib/python3.10/site-packages/airflow/example_dags/example_external_task_marker_dag.py
[2025-03-22T10:35:50.490+0500] {logging_mixin.py:190} INFO - [2025-03-22T10:35:50.490+0500] {dag.py:3239} INFO - Sync 2 DAGs
[2025-03-22T10:35:50.497+0500] {logging_mixin.py:190} INFO - [2025-03-22T10:35:50.497+0500] {dag.py:4180} INFO - Setting next_dagrun for example_external_task_marker_child to None, run_after=None
[2025-03-22T10:35:50.499+0500] {logging_mixin.py:190} INFO - [2025-03-22T10:35:50.499+0500] {dag.py:4180} INFO - Setting next_dagrun for example_external_task_marker_parent to None, run_after=None
[2025-03-22T10:35:50.513+0500] {processor.py:208} INFO - Processing /home/ruslan/.local/lib/python3.10/site-packages/airflow/example_dags/example_external_task_marker_dag.py took 0.044 seconds
[2025-03-22T10:36:39.571+0500] {processor.py:186} INFO - Started process (PID=37252) to work on /home/ruslan/.local/lib/python3.10/site-packages/airflow/example_dags/example_external_task_marker_dag.py
[2025-03-22T10:36:39.572+0500] {processor.py:914} INFO - Processing file /home/ruslan/.local/lib/python3.10/site-packages/airflow/example_dags/example_external_task_marker_dag.py for tasks to queue
[2025-03-22T10:36:39.573+0500] {logging_mixin.py:190} INFO - [2025-03-22T10:36:39.573+0500] {dagbag.py:588} INFO - Filling up the DagBag from /home/ruslan/.local/lib/python3.10/site-packages/airflow/example_dags/example_external_task_marker_dag.py
[2025-03-22T10:36:39.578+0500] {processor.py:925} INFO - DAG(s) 'example_external_task_marker_child', 'example_external_task_marker_parent' retrieved from /home/ruslan/.local/lib/python3.10/site-packages/airflow/example_dags/example_external_task_marker_dag.py
[2025-03-22T10:36:39.589+0500] {logging_mixin.py:190} INFO - [2025-03-22T10:36:39.589+0500] {dag.py:3239} INFO - Sync 2 DAGs
[2025-03-22T10:36:39.596+0500] {logging_mixin.py:190} INFO - [2025-03-22T10:36:39.596+0500] {dag.py:4180} INFO - Setting next_dagrun for example_external_task_marker_child to None, run_after=None
[2025-03-22T10:36:39.598+0500] {logging_mixin.py:190} INFO - [2025-03-22T10:36:39.598+0500] {dag.py:4180} INFO - Setting next_dagrun for example_external_task_marker_parent to None, run_after=None
[2025-03-22T10:36:39.613+0500] {processor.py:208} INFO - Processing /home/ruslan/.local/lib/python3.10/site-packages/airflow/example_dags/example_external_task_marker_dag.py took 0.046 seconds
[2025-03-22T10:37:30.694+0500] {processor.py:186} INFO - Started process (PID=37508) to work on /home/ruslan/.local/lib/python3.10/site-packages/airflow/example_dags/example_external_task_marker_dag.py
[2025-03-22T10:37:30.695+0500] {processor.py:914} INFO - Processing file /home/ruslan/.local/lib/python3.10/site-packages/airflow/example_dags/example_external_task_marker_dag.py for tasks to queue
[2025-03-22T10:37:30.697+0500] {logging_mixin.py:190} INFO - [2025-03-22T10:37:30.697+0500] {dagbag.py:588} INFO - Filling up the DagBag from /home/ruslan/.local/lib/python3.10/site-packages/airflow/example_dags/example_external_task_marker_dag.py
[2025-03-22T10:37:30.702+0500] {processor.py:925} INFO - DAG(s) 'example_external_task_marker_parent', 'example_external_task_marker_child' retrieved from /home/ruslan/.local/lib/python3.10/site-packages/airflow/example_dags/example_external_task_marker_dag.py
[2025-03-22T10:37:30.713+0500] {logging_mixin.py:190} INFO - [2025-03-22T10:37:30.712+0500] {dag.py:3239} INFO - Sync 2 DAGs
[2025-03-22T10:37:30.720+0500] {logging_mixin.py:190} INFO - [2025-03-22T10:37:30.719+0500] {dag.py:4180} INFO - Setting next_dagrun for example_external_task_marker_child to None, run_after=None
[2025-03-22T10:37:30.722+0500] {logging_mixin.py:190} INFO - [2025-03-22T10:37:30.722+0500] {dag.py:4180} INFO - Setting next_dagrun for example_external_task_marker_parent to None, run_after=None
[2025-03-22T10:37:30.735+0500] {processor.py:208} INFO - Processing /home/ruslan/.local/lib/python3.10/site-packages/airflow/example_dags/example_external_task_marker_dag.py took 0.044 seconds
[2025-03-22T10:38:57.952+0500] {processor.py:186} INFO - Started process (PID=38688) to work on /home/ruslan/.local/lib/python3.10/site-packages/airflow/example_dags/example_external_task_marker_dag.py
[2025-03-22T10:38:57.953+0500] {processor.py:914} INFO - Processing file /home/ruslan/.local/lib/python3.10/site-packages/airflow/example_dags/example_external_task_marker_dag.py for tasks to queue
[2025-03-22T10:38:57.954+0500] {logging_mixin.py:190} INFO - [2025-03-22T10:38:57.954+0500] {dagbag.py:588} INFO - Filling up the DagBag from /home/ruslan/.local/lib/python3.10/site-packages/airflow/example_dags/example_external_task_marker_dag.py
[2025-03-22T10:38:57.959+0500] {processor.py:925} INFO - DAG(s) 'example_external_task_marker_parent', 'example_external_task_marker_child' retrieved from /home/ruslan/.local/lib/python3.10/site-packages/airflow/example_dags/example_external_task_marker_dag.py
[2025-03-22T10:38:57.970+0500] {logging_mixin.py:190} INFO - [2025-03-22T10:38:57.970+0500] {dag.py:3239} INFO - Sync 2 DAGs
[2025-03-22T10:38:57.977+0500] {logging_mixin.py:190} INFO - [2025-03-22T10:38:57.976+0500] {dag.py:4180} INFO - Setting next_dagrun for example_external_task_marker_child to None, run_after=None
[2025-03-22T10:38:57.978+0500] {logging_mixin.py:190} INFO - [2025-03-22T10:38:57.978+0500] {dag.py:4180} INFO - Setting next_dagrun for example_external_task_marker_parent to None, run_after=None
[2025-03-22T10:38:57.993+0500] {processor.py:208} INFO - Processing /home/ruslan/.local/lib/python3.10/site-packages/airflow/example_dags/example_external_task_marker_dag.py took 0.044 seconds
[2025-03-22T10:39:52.179+0500] {processor.py:186} INFO - Started process (PID=39390) to work on /home/ruslan/.local/lib/python3.10/site-packages/airflow/example_dags/example_external_task_marker_dag.py
[2025-03-22T10:39:52.180+0500] {processor.py:914} INFO - Processing file /home/ruslan/.local/lib/python3.10/site-packages/airflow/example_dags/example_external_task_marker_dag.py for tasks to queue
[2025-03-22T10:39:52.181+0500] {logging_mixin.py:190} INFO - [2025-03-22T10:39:52.181+0500] {dagbag.py:588} INFO - Filling up the DagBag from /home/ruslan/.local/lib/python3.10/site-packages/airflow/example_dags/example_external_task_marker_dag.py
[2025-03-22T10:39:52.187+0500] {processor.py:925} INFO - DAG(s) 'example_external_task_marker_child', 'example_external_task_marker_parent' retrieved from /home/ruslan/.local/lib/python3.10/site-packages/airflow/example_dags/example_external_task_marker_dag.py
[2025-03-22T10:39:52.198+0500] {logging_mixin.py:190} INFO - [2025-03-22T10:39:52.198+0500] {dag.py:3239} INFO - Sync 2 DAGs
[2025-03-22T10:39:52.205+0500] {logging_mixin.py:190} INFO - [2025-03-22T10:39:52.205+0500] {dag.py:4180} INFO - Setting next_dagrun for example_external_task_marker_child to None, run_after=None
[2025-03-22T10:39:52.207+0500] {logging_mixin.py:190} INFO - [2025-03-22T10:39:52.207+0500] {dag.py:4180} INFO - Setting next_dagrun for example_external_task_marker_parent to None, run_after=None
[2025-03-22T10:39:52.222+0500] {processor.py:208} INFO - Processing /home/ruslan/.local/lib/python3.10/site-packages/airflow/example_dags/example_external_task_marker_dag.py took 0.047 seconds
[2025-03-22T10:40:48.013+0500] {processor.py:186} INFO - Started process (PID=39994) to work on /home/ruslan/.local/lib/python3.10/site-packages/airflow/example_dags/example_external_task_marker_dag.py
[2025-03-22T10:40:48.014+0500] {processor.py:914} INFO - Processing file /home/ruslan/.local/lib/python3.10/site-packages/airflow/example_dags/example_external_task_marker_dag.py for tasks to queue
[2025-03-22T10:40:48.015+0500] {logging_mixin.py:190} INFO - [2025-03-22T10:40:48.015+0500] {dagbag.py:588} INFO - Filling up the DagBag from /home/ruslan/.local/lib/python3.10/site-packages/airflow/example_dags/example_external_task_marker_dag.py
[2025-03-22T10:40:48.020+0500] {processor.py:925} INFO - DAG(s) 'example_external_task_marker_child', 'example_external_task_marker_parent' retrieved from /home/ruslan/.local/lib/python3.10/site-packages/airflow/example_dags/example_external_task_marker_dag.py
[2025-03-22T10:40:48.032+0500] {logging_mixin.py:190} INFO - [2025-03-22T10:40:48.032+0500] {dag.py:3239} INFO - Sync 2 DAGs
[2025-03-22T10:40:48.042+0500] {logging_mixin.py:190} INFO - [2025-03-22T10:40:48.042+0500] {dag.py:4180} INFO - Setting next_dagrun for example_external_task_marker_child to None, run_after=None
[2025-03-22T10:40:48.047+0500] {logging_mixin.py:190} INFO - [2025-03-22T10:40:48.047+0500] {dag.py:4180} INFO - Setting next_dagrun for example_external_task_marker_parent to None, run_after=None
[2025-03-22T10:40:48.066+0500] {processor.py:208} INFO - Processing /home/ruslan/.local/lib/python3.10/site-packages/airflow/example_dags/example_external_task_marker_dag.py took 0.057 seconds
[2025-03-22T10:41:48.965+0500] {processor.py:186} INFO - Started process (PID=40756) to work on /home/ruslan/.local/lib/python3.10/site-packages/airflow/example_dags/example_external_task_marker_dag.py
[2025-03-22T10:41:48.966+0500] {processor.py:914} INFO - Processing file /home/ruslan/.local/lib/python3.10/site-packages/airflow/example_dags/example_external_task_marker_dag.py for tasks to queue
[2025-03-22T10:41:48.967+0500] {logging_mixin.py:190} INFO - [2025-03-22T10:41:48.967+0500] {dagbag.py:588} INFO - Filling up the DagBag from /home/ruslan/.local/lib/python3.10/site-packages/airflow/example_dags/example_external_task_marker_dag.py
[2025-03-22T10:41:48.972+0500] {processor.py:925} INFO - DAG(s) 'example_external_task_marker_parent', 'example_external_task_marker_child' retrieved from /home/ruslan/.local/lib/python3.10/site-packages/airflow/example_dags/example_external_task_marker_dag.py
[2025-03-22T10:41:48.982+0500] {logging_mixin.py:190} INFO - [2025-03-22T10:41:48.982+0500] {dag.py:3239} INFO - Sync 2 DAGs
[2025-03-22T10:41:48.989+0500] {logging_mixin.py:190} INFO - [2025-03-22T10:41:48.989+0500] {dag.py:4180} INFO - Setting next_dagrun for example_external_task_marker_child to None, run_after=None
[2025-03-22T10:41:48.991+0500] {logging_mixin.py:190} INFO - [2025-03-22T10:41:48.990+0500] {dag.py:4180} INFO - Setting next_dagrun for example_external_task_marker_parent to None, run_after=None
[2025-03-22T10:41:49.004+0500] {processor.py:208} INFO - Processing /home/ruslan/.local/lib/python3.10/site-packages/airflow/example_dags/example_external_task_marker_dag.py took 0.043 seconds
[2025-03-22T10:42:44.799+0500] {processor.py:186} INFO - Started process (PID=41467) to work on /home/ruslan/.local/lib/python3.10/site-packages/airflow/example_dags/example_external_task_marker_dag.py
[2025-03-22T10:42:44.800+0500] {processor.py:914} INFO - Processing file /home/ruslan/.local/lib/python3.10/site-packages/airflow/example_dags/example_external_task_marker_dag.py for tasks to queue
[2025-03-22T10:42:44.802+0500] {logging_mixin.py:190} INFO - [2025-03-22T10:42:44.801+0500] {dagbag.py:588} INFO - Filling up the DagBag from /home/ruslan/.local/lib/python3.10/site-packages/airflow/example_dags/example_external_task_marker_dag.py
[2025-03-22T10:42:44.807+0500] {processor.py:925} INFO - DAG(s) 'example_external_task_marker_parent', 'example_external_task_marker_child' retrieved from /home/ruslan/.local/lib/python3.10/site-packages/airflow/example_dags/example_external_task_marker_dag.py
[2025-03-22T10:42:44.816+0500] {logging_mixin.py:190} INFO - [2025-03-22T10:42:44.816+0500] {dag.py:3239} INFO - Sync 2 DAGs
[2025-03-22T10:42:44.823+0500] {logging_mixin.py:190} INFO - [2025-03-22T10:42:44.823+0500] {dag.py:4180} INFO - Setting next_dagrun for example_external_task_marker_child to None, run_after=None
[2025-03-22T10:42:44.825+0500] {logging_mixin.py:190} INFO - [2025-03-22T10:42:44.825+0500] {dag.py:4180} INFO - Setting next_dagrun for example_external_task_marker_parent to None, run_after=None
[2025-03-22T10:42:44.839+0500] {processor.py:208} INFO - Processing /home/ruslan/.local/lib/python3.10/site-packages/airflow/example_dags/example_external_task_marker_dag.py took 0.043 seconds
[2025-03-22T10:43:40.314+0500] {processor.py:186} INFO - Started process (PID=42172) to work on /home/ruslan/.local/lib/python3.10/site-packages/airflow/example_dags/example_external_task_marker_dag.py
[2025-03-22T10:43:40.315+0500] {processor.py:914} INFO - Processing file /home/ruslan/.local/lib/python3.10/site-packages/airflow/example_dags/example_external_task_marker_dag.py for tasks to queue
[2025-03-22T10:43:40.317+0500] {logging_mixin.py:190} INFO - [2025-03-22T10:43:40.316+0500] {dagbag.py:588} INFO - Filling up the DagBag from /home/ruslan/.local/lib/python3.10/site-packages/airflow/example_dags/example_external_task_marker_dag.py
[2025-03-22T10:43:40.322+0500] {processor.py:925} INFO - DAG(s) 'example_external_task_marker_parent', 'example_external_task_marker_child' retrieved from /home/ruslan/.local/lib/python3.10/site-packages/airflow/example_dags/example_external_task_marker_dag.py
[2025-03-22T10:43:40.332+0500] {logging_mixin.py:190} INFO - [2025-03-22T10:43:40.331+0500] {dag.py:3239} INFO - Sync 2 DAGs
[2025-03-22T10:43:40.338+0500] {logging_mixin.py:190} INFO - [2025-03-22T10:43:40.338+0500] {dag.py:4180} INFO - Setting next_dagrun for example_external_task_marker_child to None, run_after=None
[2025-03-22T10:43:40.340+0500] {logging_mixin.py:190} INFO - [2025-03-22T10:43:40.340+0500] {dag.py:4180} INFO - Setting next_dagrun for example_external_task_marker_parent to None, run_after=None
[2025-03-22T10:43:40.354+0500] {processor.py:208} INFO - Processing /home/ruslan/.local/lib/python3.10/site-packages/airflow/example_dags/example_external_task_marker_dag.py took 0.044 seconds
[2025-03-22T10:44:36.502+0500] {processor.py:186} INFO - Started process (PID=42771) to work on /home/ruslan/.local/lib/python3.10/site-packages/airflow/example_dags/example_external_task_marker_dag.py
[2025-03-22T10:44:36.504+0500] {processor.py:914} INFO - Processing file /home/ruslan/.local/lib/python3.10/site-packages/airflow/example_dags/example_external_task_marker_dag.py for tasks to queue
[2025-03-22T10:44:36.505+0500] {logging_mixin.py:190} INFO - [2025-03-22T10:44:36.505+0500] {dagbag.py:588} INFO - Filling up the DagBag from /home/ruslan/.local/lib/python3.10/site-packages/airflow/example_dags/example_external_task_marker_dag.py
[2025-03-22T10:44:36.510+0500] {processor.py:925} INFO - DAG(s) 'example_external_task_marker_child', 'example_external_task_marker_parent' retrieved from /home/ruslan/.local/lib/python3.10/site-packages/airflow/example_dags/example_external_task_marker_dag.py
[2025-03-22T10:44:36.521+0500] {logging_mixin.py:190} INFO - [2025-03-22T10:44:36.521+0500] {dag.py:3239} INFO - Sync 2 DAGs
[2025-03-22T10:44:36.528+0500] {logging_mixin.py:190} INFO - [2025-03-22T10:44:36.528+0500] {dag.py:4180} INFO - Setting next_dagrun for example_external_task_marker_child to None, run_after=None
[2025-03-22T10:44:36.530+0500] {logging_mixin.py:190} INFO - [2025-03-22T10:44:36.530+0500] {dag.py:4180} INFO - Setting next_dagrun for example_external_task_marker_parent to None, run_after=None
[2025-03-22T10:44:36.544+0500] {processor.py:208} INFO - Processing /home/ruslan/.local/lib/python3.10/site-packages/airflow/example_dags/example_external_task_marker_dag.py took 0.046 seconds
[2025-03-22T10:45:29.724+0500] {processor.py:186} INFO - Started process (PID=43484) to work on /home/ruslan/.local/lib/python3.10/site-packages/airflow/example_dags/example_external_task_marker_dag.py
[2025-03-22T10:45:29.725+0500] {processor.py:914} INFO - Processing file /home/ruslan/.local/lib/python3.10/site-packages/airflow/example_dags/example_external_task_marker_dag.py for tasks to queue
[2025-03-22T10:45:29.727+0500] {logging_mixin.py:190} INFO - [2025-03-22T10:45:29.726+0500] {dagbag.py:588} INFO - Filling up the DagBag from /home/ruslan/.local/lib/python3.10/site-packages/airflow/example_dags/example_external_task_marker_dag.py
[2025-03-22T10:45:29.732+0500] {processor.py:925} INFO - DAG(s) 'example_external_task_marker_child', 'example_external_task_marker_parent' retrieved from /home/ruslan/.local/lib/python3.10/site-packages/airflow/example_dags/example_external_task_marker_dag.py
[2025-03-22T10:45:29.747+0500] {logging_mixin.py:190} INFO - [2025-03-22T10:45:29.747+0500] {dag.py:3239} INFO - Sync 2 DAGs
[2025-03-22T10:45:29.758+0500] {logging_mixin.py:190} INFO - [2025-03-22T10:45:29.758+0500] {dag.py:4180} INFO - Setting next_dagrun for example_external_task_marker_child to None, run_after=None
[2025-03-22T10:45:29.761+0500] {logging_mixin.py:190} INFO - [2025-03-22T10:45:29.760+0500] {dag.py:4180} INFO - Setting next_dagrun for example_external_task_marker_parent to None, run_after=None
[2025-03-22T10:45:29.775+0500] {processor.py:208} INFO - Processing /home/ruslan/.local/lib/python3.10/site-packages/airflow/example_dags/example_external_task_marker_dag.py took 0.054 seconds
[2025-03-22T10:46:26.825+0500] {processor.py:186} INFO - Started process (PID=44211) to work on /home/ruslan/.local/lib/python3.10/site-packages/airflow/example_dags/example_external_task_marker_dag.py
[2025-03-22T10:46:26.826+0500] {processor.py:914} INFO - Processing file /home/ruslan/.local/lib/python3.10/site-packages/airflow/example_dags/example_external_task_marker_dag.py for tasks to queue
[2025-03-22T10:46:26.827+0500] {logging_mixin.py:190} INFO - [2025-03-22T10:46:26.827+0500] {dagbag.py:588} INFO - Filling up the DagBag from /home/ruslan/.local/lib/python3.10/site-packages/airflow/example_dags/example_external_task_marker_dag.py
[2025-03-22T10:46:26.832+0500] {processor.py:925} INFO - DAG(s) 'example_external_task_marker_child', 'example_external_task_marker_parent' retrieved from /home/ruslan/.local/lib/python3.10/site-packages/airflow/example_dags/example_external_task_marker_dag.py
[2025-03-22T10:46:26.842+0500] {logging_mixin.py:190} INFO - [2025-03-22T10:46:26.842+0500] {dag.py:3239} INFO - Sync 2 DAGs
[2025-03-22T10:46:26.849+0500] {logging_mixin.py:190} INFO - [2025-03-22T10:46:26.849+0500] {dag.py:4180} INFO - Setting next_dagrun for example_external_task_marker_child to None, run_after=None
[2025-03-22T10:46:26.851+0500] {logging_mixin.py:190} INFO - [2025-03-22T10:46:26.851+0500] {dag.py:4180} INFO - Setting next_dagrun for example_external_task_marker_parent to None, run_after=None
[2025-03-22T10:46:26.865+0500] {processor.py:208} INFO - Processing /home/ruslan/.local/lib/python3.10/site-packages/airflow/example_dags/example_external_task_marker_dag.py took 0.043 seconds
[2025-03-22T10:47:24.068+0500] {processor.py:186} INFO - Started process (PID=44943) to work on /home/ruslan/.local/lib/python3.10/site-packages/airflow/example_dags/example_external_task_marker_dag.py
[2025-03-22T10:47:24.070+0500] {processor.py:914} INFO - Processing file /home/ruslan/.local/lib/python3.10/site-packages/airflow/example_dags/example_external_task_marker_dag.py for tasks to queue
[2025-03-22T10:47:24.071+0500] {logging_mixin.py:190} INFO - [2025-03-22T10:47:24.071+0500] {dagbag.py:588} INFO - Filling up the DagBag from /home/ruslan/.local/lib/python3.10/site-packages/airflow/example_dags/example_external_task_marker_dag.py
[2025-03-22T10:47:24.076+0500] {processor.py:925} INFO - DAG(s) 'example_external_task_marker_child', 'example_external_task_marker_parent' retrieved from /home/ruslan/.local/lib/python3.10/site-packages/airflow/example_dags/example_external_task_marker_dag.py
[2025-03-22T10:47:24.086+0500] {logging_mixin.py:190} INFO - [2025-03-22T10:47:24.086+0500] {dag.py:3239} INFO - Sync 2 DAGs
[2025-03-22T10:47:24.093+0500] {logging_mixin.py:190} INFO - [2025-03-22T10:47:24.092+0500] {dag.py:4180} INFO - Setting next_dagrun for example_external_task_marker_child to None, run_after=None
[2025-03-22T10:47:24.094+0500] {logging_mixin.py:190} INFO - [2025-03-22T10:47:24.094+0500] {dag.py:4180} INFO - Setting next_dagrun for example_external_task_marker_parent to None, run_after=None
[2025-03-22T10:47:24.108+0500] {processor.py:208} INFO - Processing /home/ruslan/.local/lib/python3.10/site-packages/airflow/example_dags/example_external_task_marker_dag.py took 0.043 seconds
[2025-03-22T10:48:18.247+0500] {processor.py:186} INFO - Started process (PID=45553) to work on /home/ruslan/.local/lib/python3.10/site-packages/airflow/example_dags/example_external_task_marker_dag.py
[2025-03-22T10:48:18.248+0500] {processor.py:914} INFO - Processing file /home/ruslan/.local/lib/python3.10/site-packages/airflow/example_dags/example_external_task_marker_dag.py for tasks to queue
[2025-03-22T10:48:18.249+0500] {logging_mixin.py:190} INFO - [2025-03-22T10:48:18.249+0500] {dagbag.py:588} INFO - Filling up the DagBag from /home/ruslan/.local/lib/python3.10/site-packages/airflow/example_dags/example_external_task_marker_dag.py
[2025-03-22T10:48:18.254+0500] {processor.py:925} INFO - DAG(s) 'example_external_task_marker_child', 'example_external_task_marker_parent' retrieved from /home/ruslan/.local/lib/python3.10/site-packages/airflow/example_dags/example_external_task_marker_dag.py
[2025-03-22T10:48:18.264+0500] {logging_mixin.py:190} INFO - [2025-03-22T10:48:18.264+0500] {dag.py:3239} INFO - Sync 2 DAGs
[2025-03-22T10:48:18.271+0500] {logging_mixin.py:190} INFO - [2025-03-22T10:48:18.271+0500] {dag.py:4180} INFO - Setting next_dagrun for example_external_task_marker_child to None, run_after=None
[2025-03-22T10:48:18.273+0500] {logging_mixin.py:190} INFO - [2025-03-22T10:48:18.273+0500] {dag.py:4180} INFO - Setting next_dagrun for example_external_task_marker_parent to None, run_after=None
[2025-03-22T10:48:18.287+0500] {processor.py:208} INFO - Processing /home/ruslan/.local/lib/python3.10/site-packages/airflow/example_dags/example_external_task_marker_dag.py took 0.045 seconds
[2025-03-22T12:47:01.524+0500] {processor.py:186} INFO - Started process (PID=988) to work on /home/ruslan/.local/lib/python3.10/site-packages/airflow/example_dags/example_external_task_marker_dag.py
[2025-03-22T12:47:01.525+0500] {processor.py:914} INFO - Processing file /home/ruslan/.local/lib/python3.10/site-packages/airflow/example_dags/example_external_task_marker_dag.py for tasks to queue
[2025-03-22T12:47:01.526+0500] {logging_mixin.py:190} INFO - [2025-03-22T12:47:01.526+0500] {dagbag.py:588} INFO - Filling up the DagBag from /home/ruslan/.local/lib/python3.10/site-packages/airflow/example_dags/example_external_task_marker_dag.py
[2025-03-22T12:47:01.531+0500] {processor.py:925} INFO - DAG(s) 'example_external_task_marker_parent', 'example_external_task_marker_child' retrieved from /home/ruslan/.local/lib/python3.10/site-packages/airflow/example_dags/example_external_task_marker_dag.py
[2025-03-22T12:47:01.542+0500] {logging_mixin.py:190} INFO - [2025-03-22T12:47:01.542+0500] {dag.py:3239} INFO - Sync 2 DAGs
[2025-03-22T12:47:01.549+0500] {logging_mixin.py:190} INFO - [2025-03-22T12:47:01.549+0500] {dag.py:4180} INFO - Setting next_dagrun for example_external_task_marker_child to None, run_after=None
[2025-03-22T12:47:01.550+0500] {logging_mixin.py:190} INFO - [2025-03-22T12:47:01.550+0500] {dag.py:4180} INFO - Setting next_dagrun for example_external_task_marker_parent to None, run_after=None
[2025-03-22T12:47:01.564+0500] {processor.py:208} INFO - Processing /home/ruslan/.local/lib/python3.10/site-packages/airflow/example_dags/example_external_task_marker_dag.py took 0.044 seconds
[2025-03-22T12:47:58.537+0500] {processor.py:186} INFO - Started process (PID=6236) to work on /home/ruslan/.local/lib/python3.10/site-packages/airflow/example_dags/example_external_task_marker_dag.py
[2025-03-22T12:47:58.538+0500] {processor.py:914} INFO - Processing file /home/ruslan/.local/lib/python3.10/site-packages/airflow/example_dags/example_external_task_marker_dag.py for tasks to queue
[2025-03-22T12:47:58.539+0500] {logging_mixin.py:190} INFO - [2025-03-22T12:47:58.539+0500] {dagbag.py:588} INFO - Filling up the DagBag from /home/ruslan/.local/lib/python3.10/site-packages/airflow/example_dags/example_external_task_marker_dag.py
[2025-03-22T12:47:58.544+0500] {processor.py:925} INFO - DAG(s) 'example_external_task_marker_parent', 'example_external_task_marker_child' retrieved from /home/ruslan/.local/lib/python3.10/site-packages/airflow/example_dags/example_external_task_marker_dag.py
[2025-03-22T12:47:58.553+0500] {logging_mixin.py:190} INFO - [2025-03-22T12:47:58.552+0500] {dag.py:3239} INFO - Sync 2 DAGs
[2025-03-22T12:47:58.559+0500] {logging_mixin.py:190} INFO - [2025-03-22T12:47:58.559+0500] {dag.py:4180} INFO - Setting next_dagrun for example_external_task_marker_child to None, run_after=None
[2025-03-22T12:47:58.561+0500] {logging_mixin.py:190} INFO - [2025-03-22T12:47:58.561+0500] {dag.py:4180} INFO - Setting next_dagrun for example_external_task_marker_parent to None, run_after=None
[2025-03-22T12:47:58.574+0500] {processor.py:208} INFO - Processing /home/ruslan/.local/lib/python3.10/site-packages/airflow/example_dags/example_external_task_marker_dag.py took 0.041 seconds
[2025-03-22T12:48:53.058+0500] {processor.py:186} INFO - Started process (PID=6540) to work on /home/ruslan/.local/lib/python3.10/site-packages/airflow/example_dags/example_external_task_marker_dag.py
[2025-03-22T12:48:53.060+0500] {processor.py:914} INFO - Processing file /home/ruslan/.local/lib/python3.10/site-packages/airflow/example_dags/example_external_task_marker_dag.py for tasks to queue
[2025-03-22T12:48:53.061+0500] {logging_mixin.py:190} INFO - [2025-03-22T12:48:53.061+0500] {dagbag.py:588} INFO - Filling up the DagBag from /home/ruslan/.local/lib/python3.10/site-packages/airflow/example_dags/example_external_task_marker_dag.py
[2025-03-22T12:48:53.067+0500] {processor.py:925} INFO - DAG(s) 'example_external_task_marker_parent', 'example_external_task_marker_child' retrieved from /home/ruslan/.local/lib/python3.10/site-packages/airflow/example_dags/example_external_task_marker_dag.py
[2025-03-22T12:48:53.079+0500] {logging_mixin.py:190} INFO - [2025-03-22T12:48:53.079+0500] {dag.py:3239} INFO - Sync 2 DAGs
[2025-03-22T12:48:53.087+0500] {logging_mixin.py:190} INFO - [2025-03-22T12:48:53.087+0500] {dag.py:4180} INFO - Setting next_dagrun for example_external_task_marker_child to None, run_after=None
[2025-03-22T12:48:53.089+0500] {logging_mixin.py:190} INFO - [2025-03-22T12:48:53.089+0500] {dag.py:4180} INFO - Setting next_dagrun for example_external_task_marker_parent to None, run_after=None
[2025-03-22T12:48:53.104+0500] {processor.py:208} INFO - Processing /home/ruslan/.local/lib/python3.10/site-packages/airflow/example_dags/example_external_task_marker_dag.py took 0.050 seconds
[2025-03-22T12:49:47.248+0500] {processor.py:186} INFO - Started process (PID=7606) to work on /home/ruslan/.local/lib/python3.10/site-packages/airflow/example_dags/example_external_task_marker_dag.py
[2025-03-22T12:49:47.249+0500] {processor.py:914} INFO - Processing file /home/ruslan/.local/lib/python3.10/site-packages/airflow/example_dags/example_external_task_marker_dag.py for tasks to queue
[2025-03-22T12:49:47.250+0500] {logging_mixin.py:190} INFO - [2025-03-22T12:49:47.250+0500] {dagbag.py:588} INFO - Filling up the DagBag from /home/ruslan/.local/lib/python3.10/site-packages/airflow/example_dags/example_external_task_marker_dag.py
[2025-03-22T12:49:47.255+0500] {processor.py:925} INFO - DAG(s) 'example_external_task_marker_parent', 'example_external_task_marker_child' retrieved from /home/ruslan/.local/lib/python3.10/site-packages/airflow/example_dags/example_external_task_marker_dag.py
[2025-03-22T12:49:47.265+0500] {logging_mixin.py:190} INFO - [2025-03-22T12:49:47.265+0500] {dag.py:3239} INFO - Sync 2 DAGs
[2025-03-22T12:49:47.272+0500] {logging_mixin.py:190} INFO - [2025-03-22T12:49:47.272+0500] {dag.py:4180} INFO - Setting next_dagrun for example_external_task_marker_child to None, run_after=None
[2025-03-22T12:49:47.274+0500] {logging_mixin.py:190} INFO - [2025-03-22T12:49:47.274+0500] {dag.py:4180} INFO - Setting next_dagrun for example_external_task_marker_parent to None, run_after=None
[2025-03-22T12:49:47.287+0500] {processor.py:208} INFO - Processing /home/ruslan/.local/lib/python3.10/site-packages/airflow/example_dags/example_external_task_marker_dag.py took 0.043 seconds
[2025-03-22T12:51:08.640+0500] {processor.py:186} INFO - Started process (PID=8694) to work on /home/ruslan/.local/lib/python3.10/site-packages/airflow/example_dags/example_external_task_marker_dag.py
[2025-03-22T12:51:08.641+0500] {processor.py:914} INFO - Processing file /home/ruslan/.local/lib/python3.10/site-packages/airflow/example_dags/example_external_task_marker_dag.py for tasks to queue
[2025-03-22T12:51:08.642+0500] {logging_mixin.py:190} INFO - [2025-03-22T12:51:08.642+0500] {dagbag.py:588} INFO - Filling up the DagBag from /home/ruslan/.local/lib/python3.10/site-packages/airflow/example_dags/example_external_task_marker_dag.py
[2025-03-22T12:51:08.647+0500] {processor.py:925} INFO - DAG(s) 'example_external_task_marker_child', 'example_external_task_marker_parent' retrieved from /home/ruslan/.local/lib/python3.10/site-packages/airflow/example_dags/example_external_task_marker_dag.py
[2025-03-22T12:51:08.657+0500] {logging_mixin.py:190} INFO - [2025-03-22T12:51:08.657+0500] {dag.py:3239} INFO - Sync 2 DAGs
[2025-03-22T12:51:08.664+0500] {logging_mixin.py:190} INFO - [2025-03-22T12:51:08.664+0500] {dag.py:4180} INFO - Setting next_dagrun for example_external_task_marker_child to None, run_after=None
[2025-03-22T12:51:08.666+0500] {logging_mixin.py:190} INFO - [2025-03-22T12:51:08.666+0500] {dag.py:4180} INFO - Setting next_dagrun for example_external_task_marker_parent to None, run_after=None
[2025-03-22T12:51:08.680+0500] {processor.py:208} INFO - Processing /home/ruslan/.local/lib/python3.10/site-packages/airflow/example_dags/example_external_task_marker_dag.py took 0.044 seconds
