[2025-03-22T10:07:02.613+0500] {processor.py:186} INFO - Started process (PID=17757) to work on /home/ruslan/.local/lib/python3.10/site-packages/airflow/example_dags/example_skip_dag.py
[2025-03-22T10:07:02.613+0500] {processor.py:914} INFO - Processing file /home/ruslan/.local/lib/python3.10/site-packages/airflow/example_dags/example_skip_dag.py for tasks to queue
[2025-03-22T10:07:02.614+0500] {logging_mixin.py:190} INFO - [2025-03-22T10:07:02.614+0500] {dagbag.py:588} INFO - Filling up the DagBag from /home/ruslan/.local/lib/python3.10/site-packages/airflow/example_dags/example_skip_dag.py
[2025-03-22T10:07:02.620+0500] {processor.py:925} INFO - DAG(s) 'example_skip_dag' retrieved from /home/ruslan/.local/lib/python3.10/site-packages/airflow/example_dags/example_skip_dag.py
[2025-03-22T10:07:02.680+0500] {logging_mixin.py:190} INFO - [2025-03-22T10:07:02.680+0500] {override.py:1930} INFO - Created Permission View: can delete on DAG:example_skip_dag
[2025-03-22T10:07:02.689+0500] {logging_mixin.py:190} INFO - [2025-03-22T10:07:02.689+0500] {override.py:1930} INFO - Created Permission View: can read on DAG:example_skip_dag
[2025-03-22T10:07:02.696+0500] {logging_mixin.py:190} INFO - [2025-03-22T10:07:02.695+0500] {override.py:1930} INFO - Created Permission View: can edit on DAG:example_skip_dag
[2025-03-22T10:07:02.707+0500] {logging_mixin.py:190} INFO - [2025-03-22T10:07:02.707+0500] {override.py:1930} INFO - Created Permission View: can create on DAG Run:example_skip_dag
[2025-03-22T10:07:02.714+0500] {logging_mixin.py:190} INFO - [2025-03-22T10:07:02.714+0500] {override.py:1930} INFO - Created Permission View: menu access on DAG Run:example_skip_dag
[2025-03-22T10:07:02.722+0500] {logging_mixin.py:190} INFO - [2025-03-22T10:07:02.721+0500] {override.py:1930} INFO - Created Permission View: can read on DAG Run:example_skip_dag
[2025-03-22T10:07:02.728+0500] {logging_mixin.py:190} INFO - [2025-03-22T10:07:02.728+0500] {override.py:1930} INFO - Created Permission View: can delete on DAG Run:example_skip_dag
[2025-03-22T10:07:02.729+0500] {logging_mixin.py:190} INFO - [2025-03-22T10:07:02.729+0500] {dag.py:3239} INFO - Sync 1 DAGs
[2025-03-22T10:07:02.736+0500] {logging_mixin.py:190} INFO - [2025-03-22T10:07:02.735+0500] {dag.py:3262} INFO - Creating ORM DAG for example_skip_dag
[2025-03-22T10:07:02.741+0500] {logging_mixin.py:190} INFO - [2025-03-22T10:07:02.741+0500] {dag.py:4180} INFO - Setting next_dagrun for example_skip_dag to 2025-03-21 00:00:00+00:00, run_after=2025-03-22 00:00:00+00:00
[2025-03-22T10:07:02.755+0500] {processor.py:208} INFO - Processing /home/ruslan/.local/lib/python3.10/site-packages/airflow/example_dags/example_skip_dag.py took 0.145 seconds
[2025-03-22T10:08:03.032+0500] {processor.py:186} INFO - Started process (PID=18357) to work on /home/ruslan/.local/lib/python3.10/site-packages/airflow/example_dags/example_skip_dag.py
[2025-03-22T10:08:03.033+0500] {processor.py:914} INFO - Processing file /home/ruslan/.local/lib/python3.10/site-packages/airflow/example_dags/example_skip_dag.py for tasks to queue
[2025-03-22T10:08:03.035+0500] {logging_mixin.py:190} INFO - [2025-03-22T10:08:03.035+0500] {dagbag.py:588} INFO - Filling up the DagBag from /home/ruslan/.local/lib/python3.10/site-packages/airflow/example_dags/example_skip_dag.py
[2025-03-22T10:08:03.040+0500] {processor.py:925} INFO - DAG(s) 'example_skip_dag' retrieved from /home/ruslan/.local/lib/python3.10/site-packages/airflow/example_dags/example_skip_dag.py
[2025-03-22T10:08:03.049+0500] {logging_mixin.py:190} INFO - [2025-03-22T10:08:03.048+0500] {dag.py:3239} INFO - Sync 1 DAGs
[2025-03-22T10:08:03.059+0500] {logging_mixin.py:190} INFO - [2025-03-22T10:08:03.059+0500] {dag.py:4180} INFO - Setting next_dagrun for example_skip_dag to 2025-03-21 00:00:00+00:00, run_after=2025-03-22 00:00:00+00:00
[2025-03-22T10:08:03.075+0500] {processor.py:208} INFO - Processing /home/ruslan/.local/lib/python3.10/site-packages/airflow/example_dags/example_skip_dag.py took 0.046 seconds
[2025-03-22T10:08:58.952+0500] {processor.py:186} INFO - Started process (PID=18956) to work on /home/ruslan/.local/lib/python3.10/site-packages/airflow/example_dags/example_skip_dag.py
[2025-03-22T10:08:58.953+0500] {processor.py:914} INFO - Processing file /home/ruslan/.local/lib/python3.10/site-packages/airflow/example_dags/example_skip_dag.py for tasks to queue
[2025-03-22T10:08:58.955+0500] {logging_mixin.py:190} INFO - [2025-03-22T10:08:58.954+0500] {dagbag.py:588} INFO - Filling up the DagBag from /home/ruslan/.local/lib/python3.10/site-packages/airflow/example_dags/example_skip_dag.py
[2025-03-22T10:08:58.959+0500] {processor.py:925} INFO - DAG(s) 'example_skip_dag' retrieved from /home/ruslan/.local/lib/python3.10/site-packages/airflow/example_dags/example_skip_dag.py
[2025-03-22T10:08:58.968+0500] {logging_mixin.py:190} INFO - [2025-03-22T10:08:58.968+0500] {dag.py:3239} INFO - Sync 1 DAGs
[2025-03-22T10:08:58.979+0500] {logging_mixin.py:190} INFO - [2025-03-22T10:08:58.979+0500] {dag.py:4180} INFO - Setting next_dagrun for example_skip_dag to 2025-03-21 00:00:00+00:00, run_after=2025-03-22 00:00:00+00:00
[2025-03-22T10:08:58.994+0500] {processor.py:208} INFO - Processing /home/ruslan/.local/lib/python3.10/site-packages/airflow/example_dags/example_skip_dag.py took 0.045 seconds
[2025-03-22T10:09:51.831+0500] {processor.py:186} INFO - Started process (PID=19535) to work on /home/ruslan/.local/lib/python3.10/site-packages/airflow/example_dags/example_skip_dag.py
[2025-03-22T10:09:51.832+0500] {processor.py:914} INFO - Processing file /home/ruslan/.local/lib/python3.10/site-packages/airflow/example_dags/example_skip_dag.py for tasks to queue
[2025-03-22T10:09:51.833+0500] {logging_mixin.py:190} INFO - [2025-03-22T10:09:51.833+0500] {dagbag.py:588} INFO - Filling up the DagBag from /home/ruslan/.local/lib/python3.10/site-packages/airflow/example_dags/example_skip_dag.py
[2025-03-22T10:09:51.838+0500] {processor.py:925} INFO - DAG(s) 'example_skip_dag' retrieved from /home/ruslan/.local/lib/python3.10/site-packages/airflow/example_dags/example_skip_dag.py
[2025-03-22T10:09:51.847+0500] {logging_mixin.py:190} INFO - [2025-03-22T10:09:51.847+0500] {dag.py:3239} INFO - Sync 1 DAGs
[2025-03-22T10:09:51.858+0500] {logging_mixin.py:190} INFO - [2025-03-22T10:09:51.858+0500] {dag.py:4180} INFO - Setting next_dagrun for example_skip_dag to 2025-03-21 00:00:00+00:00, run_after=2025-03-22 00:00:00+00:00
[2025-03-22T10:09:51.873+0500] {processor.py:208} INFO - Processing /home/ruslan/.local/lib/python3.10/site-packages/airflow/example_dags/example_skip_dag.py took 0.046 seconds
[2025-03-22T10:10:47.173+0500] {processor.py:186} INFO - Started process (PID=20039) to work on /home/ruslan/.local/lib/python3.10/site-packages/airflow/example_dags/example_skip_dag.py
[2025-03-22T10:10:47.174+0500] {processor.py:914} INFO - Processing file /home/ruslan/.local/lib/python3.10/site-packages/airflow/example_dags/example_skip_dag.py for tasks to queue
[2025-03-22T10:10:47.175+0500] {logging_mixin.py:190} INFO - [2025-03-22T10:10:47.175+0500] {dagbag.py:588} INFO - Filling up the DagBag from /home/ruslan/.local/lib/python3.10/site-packages/airflow/example_dags/example_skip_dag.py
[2025-03-22T10:10:47.180+0500] {processor.py:925} INFO - DAG(s) 'example_skip_dag' retrieved from /home/ruslan/.local/lib/python3.10/site-packages/airflow/example_dags/example_skip_dag.py
[2025-03-22T10:10:47.189+0500] {logging_mixin.py:190} INFO - [2025-03-22T10:10:47.189+0500] {dag.py:3239} INFO - Sync 1 DAGs
[2025-03-22T10:10:47.200+0500] {logging_mixin.py:190} INFO - [2025-03-22T10:10:47.200+0500] {dag.py:4180} INFO - Setting next_dagrun for example_skip_dag to 2025-03-21 00:00:00+00:00, run_after=2025-03-22 00:00:00+00:00
[2025-03-22T10:10:47.223+0500] {processor.py:208} INFO - Processing /home/ruslan/.local/lib/python3.10/site-packages/airflow/example_dags/example_skip_dag.py took 0.054 seconds
[2025-03-22T10:11:40.281+0500] {processor.py:186} INFO - Started process (PID=20628) to work on /home/ruslan/.local/lib/python3.10/site-packages/airflow/example_dags/example_skip_dag.py
[2025-03-22T10:11:40.282+0500] {processor.py:914} INFO - Processing file /home/ruslan/.local/lib/python3.10/site-packages/airflow/example_dags/example_skip_dag.py for tasks to queue
[2025-03-22T10:11:40.284+0500] {logging_mixin.py:190} INFO - [2025-03-22T10:11:40.283+0500] {dagbag.py:588} INFO - Filling up the DagBag from /home/ruslan/.local/lib/python3.10/site-packages/airflow/example_dags/example_skip_dag.py
[2025-03-22T10:11:40.288+0500] {processor.py:925} INFO - DAG(s) 'example_skip_dag' retrieved from /home/ruslan/.local/lib/python3.10/site-packages/airflow/example_dags/example_skip_dag.py
[2025-03-22T10:11:40.298+0500] {logging_mixin.py:190} INFO - [2025-03-22T10:11:40.297+0500] {dag.py:3239} INFO - Sync 1 DAGs
[2025-03-22T10:11:40.308+0500] {logging_mixin.py:190} INFO - [2025-03-22T10:11:40.308+0500] {dag.py:4180} INFO - Setting next_dagrun for example_skip_dag to 2025-03-21 00:00:00+00:00, run_after=2025-03-22 00:00:00+00:00
[2025-03-22T10:11:40.323+0500] {processor.py:208} INFO - Processing /home/ruslan/.local/lib/python3.10/site-packages/airflow/example_dags/example_skip_dag.py took 0.045 seconds
[2025-03-22T10:12:31.601+0500] {processor.py:186} INFO - Started process (PID=21144) to work on /home/ruslan/.local/lib/python3.10/site-packages/airflow/example_dags/example_skip_dag.py
[2025-03-22T10:12:31.602+0500] {processor.py:914} INFO - Processing file /home/ruslan/.local/lib/python3.10/site-packages/airflow/example_dags/example_skip_dag.py for tasks to queue
[2025-03-22T10:12:31.604+0500] {logging_mixin.py:190} INFO - [2025-03-22T10:12:31.604+0500] {dagbag.py:588} INFO - Filling up the DagBag from /home/ruslan/.local/lib/python3.10/site-packages/airflow/example_dags/example_skip_dag.py
[2025-03-22T10:12:31.609+0500] {processor.py:925} INFO - DAG(s) 'example_skip_dag' retrieved from /home/ruslan/.local/lib/python3.10/site-packages/airflow/example_dags/example_skip_dag.py
[2025-03-22T10:12:31.619+0500] {logging_mixin.py:190} INFO - [2025-03-22T10:12:31.619+0500] {dag.py:3239} INFO - Sync 1 DAGs
[2025-03-22T10:12:31.631+0500] {logging_mixin.py:190} INFO - [2025-03-22T10:12:31.631+0500] {dag.py:4180} INFO - Setting next_dagrun for example_skip_dag to 2025-03-21 00:00:00+00:00, run_after=2025-03-22 00:00:00+00:00
[2025-03-22T10:12:31.647+0500] {processor.py:208} INFO - Processing /home/ruslan/.local/lib/python3.10/site-packages/airflow/example_dags/example_skip_dag.py took 0.050 seconds
[2025-03-22T10:13:27.515+0500] {processor.py:186} INFO - Started process (PID=21745) to work on /home/ruslan/.local/lib/python3.10/site-packages/airflow/example_dags/example_skip_dag.py
[2025-03-22T10:13:27.516+0500] {processor.py:914} INFO - Processing file /home/ruslan/.local/lib/python3.10/site-packages/airflow/example_dags/example_skip_dag.py for tasks to queue
[2025-03-22T10:13:27.517+0500] {logging_mixin.py:190} INFO - [2025-03-22T10:13:27.517+0500] {dagbag.py:588} INFO - Filling up the DagBag from /home/ruslan/.local/lib/python3.10/site-packages/airflow/example_dags/example_skip_dag.py
[2025-03-22T10:13:27.522+0500] {processor.py:925} INFO - DAG(s) 'example_skip_dag' retrieved from /home/ruslan/.local/lib/python3.10/site-packages/airflow/example_dags/example_skip_dag.py
[2025-03-22T10:13:27.531+0500] {logging_mixin.py:190} INFO - [2025-03-22T10:13:27.531+0500] {dag.py:3239} INFO - Sync 1 DAGs
[2025-03-22T10:13:27.542+0500] {logging_mixin.py:190} INFO - [2025-03-22T10:13:27.542+0500] {dag.py:4180} INFO - Setting next_dagrun for example_skip_dag to 2025-03-21 00:00:00+00:00, run_after=2025-03-22 00:00:00+00:00
[2025-03-22T10:13:27.557+0500] {processor.py:208} INFO - Processing /home/ruslan/.local/lib/python3.10/site-packages/airflow/example_dags/example_skip_dag.py took 0.046 seconds
[2025-03-22T10:14:22.772+0500] {processor.py:186} INFO - Started process (PID=22347) to work on /home/ruslan/.local/lib/python3.10/site-packages/airflow/example_dags/example_skip_dag.py
[2025-03-22T10:14:22.773+0500] {processor.py:914} INFO - Processing file /home/ruslan/.local/lib/python3.10/site-packages/airflow/example_dags/example_skip_dag.py for tasks to queue
[2025-03-22T10:14:22.774+0500] {logging_mixin.py:190} INFO - [2025-03-22T10:14:22.774+0500] {dagbag.py:588} INFO - Filling up the DagBag from /home/ruslan/.local/lib/python3.10/site-packages/airflow/example_dags/example_skip_dag.py
[2025-03-22T10:14:22.781+0500] {processor.py:925} INFO - DAG(s) 'example_skip_dag' retrieved from /home/ruslan/.local/lib/python3.10/site-packages/airflow/example_dags/example_skip_dag.py
[2025-03-22T10:14:22.790+0500] {logging_mixin.py:190} INFO - [2025-03-22T10:14:22.790+0500] {dag.py:3239} INFO - Sync 1 DAGs
[2025-03-22T10:14:22.801+0500] {logging_mixin.py:190} INFO - [2025-03-22T10:14:22.801+0500] {dag.py:4180} INFO - Setting next_dagrun for example_skip_dag to 2025-03-21 00:00:00+00:00, run_after=2025-03-22 00:00:00+00:00
[2025-03-22T10:14:22.816+0500] {processor.py:208} INFO - Processing /home/ruslan/.local/lib/python3.10/site-packages/airflow/example_dags/example_skip_dag.py took 0.047 seconds
[2025-03-22T10:15:15.816+0500] {processor.py:186} INFO - Started process (PID=22845) to work on /home/ruslan/.local/lib/python3.10/site-packages/airflow/example_dags/example_skip_dag.py
[2025-03-22T10:15:15.817+0500] {processor.py:914} INFO - Processing file /home/ruslan/.local/lib/python3.10/site-packages/airflow/example_dags/example_skip_dag.py for tasks to queue
[2025-03-22T10:15:15.818+0500] {logging_mixin.py:190} INFO - [2025-03-22T10:15:15.818+0500] {dagbag.py:588} INFO - Filling up the DagBag from /home/ruslan/.local/lib/python3.10/site-packages/airflow/example_dags/example_skip_dag.py
[2025-03-22T10:15:15.824+0500] {processor.py:925} INFO - DAG(s) 'example_skip_dag' retrieved from /home/ruslan/.local/lib/python3.10/site-packages/airflow/example_dags/example_skip_dag.py
[2025-03-22T10:15:15.833+0500] {logging_mixin.py:190} INFO - [2025-03-22T10:15:15.833+0500] {dag.py:3239} INFO - Sync 1 DAGs
[2025-03-22T10:15:15.844+0500] {logging_mixin.py:190} INFO - [2025-03-22T10:15:15.844+0500] {dag.py:4180} INFO - Setting next_dagrun for example_skip_dag to 2025-03-21 00:00:00+00:00, run_after=2025-03-22 00:00:00+00:00
[2025-03-22T10:15:15.859+0500] {processor.py:208} INFO - Processing /home/ruslan/.local/lib/python3.10/site-packages/airflow/example_dags/example_skip_dag.py took 0.046 seconds
[2025-03-22T10:16:05.087+0500] {processor.py:186} INFO - Started process (PID=23426) to work on /home/ruslan/.local/lib/python3.10/site-packages/airflow/example_dags/example_skip_dag.py
[2025-03-22T10:16:05.088+0500] {processor.py:914} INFO - Processing file /home/ruslan/.local/lib/python3.10/site-packages/airflow/example_dags/example_skip_dag.py for tasks to queue
[2025-03-22T10:16:05.089+0500] {logging_mixin.py:190} INFO - [2025-03-22T10:16:05.089+0500] {dagbag.py:588} INFO - Filling up the DagBag from /home/ruslan/.local/lib/python3.10/site-packages/airflow/example_dags/example_skip_dag.py
[2025-03-22T10:16:05.094+0500] {processor.py:925} INFO - DAG(s) 'example_skip_dag' retrieved from /home/ruslan/.local/lib/python3.10/site-packages/airflow/example_dags/example_skip_dag.py
[2025-03-22T10:16:05.103+0500] {logging_mixin.py:190} INFO - [2025-03-22T10:16:05.103+0500] {dag.py:3239} INFO - Sync 1 DAGs
[2025-03-22T10:16:05.114+0500] {logging_mixin.py:190} INFO - [2025-03-22T10:16:05.114+0500] {dag.py:4180} INFO - Setting next_dagrun for example_skip_dag to 2025-03-21 00:00:00+00:00, run_after=2025-03-22 00:00:00+00:00
[2025-03-22T10:16:05.129+0500] {processor.py:208} INFO - Processing /home/ruslan/.local/lib/python3.10/site-packages/airflow/example_dags/example_skip_dag.py took 0.046 seconds
[2025-03-22T10:16:56.854+0500] {processor.py:186} INFO - Started process (PID=23941) to work on /home/ruslan/.local/lib/python3.10/site-packages/airflow/example_dags/example_skip_dag.py
[2025-03-22T10:16:56.854+0500] {processor.py:914} INFO - Processing file /home/ruslan/.local/lib/python3.10/site-packages/airflow/example_dags/example_skip_dag.py for tasks to queue
[2025-03-22T10:16:56.856+0500] {logging_mixin.py:190} INFO - [2025-03-22T10:16:56.855+0500] {dagbag.py:588} INFO - Filling up the DagBag from /home/ruslan/.local/lib/python3.10/site-packages/airflow/example_dags/example_skip_dag.py
[2025-03-22T10:16:56.860+0500] {processor.py:925} INFO - DAG(s) 'example_skip_dag' retrieved from /home/ruslan/.local/lib/python3.10/site-packages/airflow/example_dags/example_skip_dag.py
[2025-03-22T10:16:56.869+0500] {logging_mixin.py:190} INFO - [2025-03-22T10:16:56.869+0500] {dag.py:3239} INFO - Sync 1 DAGs
[2025-03-22T10:16:56.881+0500] {logging_mixin.py:190} INFO - [2025-03-22T10:16:56.881+0500] {dag.py:4180} INFO - Setting next_dagrun for example_skip_dag to 2025-03-21 00:00:00+00:00, run_after=2025-03-22 00:00:00+00:00
[2025-03-22T10:16:56.895+0500] {processor.py:208} INFO - Processing /home/ruslan/.local/lib/python3.10/site-packages/airflow/example_dags/example_skip_dag.py took 0.045 seconds
[2025-03-22T10:17:48.599+0500] {processor.py:186} INFO - Started process (PID=24537) to work on /home/ruslan/.local/lib/python3.10/site-packages/airflow/example_dags/example_skip_dag.py
[2025-03-22T10:17:48.600+0500] {processor.py:914} INFO - Processing file /home/ruslan/.local/lib/python3.10/site-packages/airflow/example_dags/example_skip_dag.py for tasks to queue
[2025-03-22T10:17:48.601+0500] {logging_mixin.py:190} INFO - [2025-03-22T10:17:48.601+0500] {dagbag.py:588} INFO - Filling up the DagBag from /home/ruslan/.local/lib/python3.10/site-packages/airflow/example_dags/example_skip_dag.py
[2025-03-22T10:17:48.606+0500] {processor.py:925} INFO - DAG(s) 'example_skip_dag' retrieved from /home/ruslan/.local/lib/python3.10/site-packages/airflow/example_dags/example_skip_dag.py
[2025-03-22T10:17:48.615+0500] {logging_mixin.py:190} INFO - [2025-03-22T10:17:48.615+0500] {dag.py:3239} INFO - Sync 1 DAGs
[2025-03-22T10:17:48.626+0500] {logging_mixin.py:190} INFO - [2025-03-22T10:17:48.626+0500] {dag.py:4180} INFO - Setting next_dagrun for example_skip_dag to 2025-03-21 00:00:00+00:00, run_after=2025-03-22 00:00:00+00:00
[2025-03-22T10:17:48.642+0500] {processor.py:208} INFO - Processing /home/ruslan/.local/lib/python3.10/site-packages/airflow/example_dags/example_skip_dag.py took 0.047 seconds
[2025-03-22T10:18:41.080+0500] {processor.py:186} INFO - Started process (PID=25039) to work on /home/ruslan/.local/lib/python3.10/site-packages/airflow/example_dags/example_skip_dag.py
[2025-03-22T10:18:41.081+0500] {processor.py:914} INFO - Processing file /home/ruslan/.local/lib/python3.10/site-packages/airflow/example_dags/example_skip_dag.py for tasks to queue
[2025-03-22T10:18:41.083+0500] {logging_mixin.py:190} INFO - [2025-03-22T10:18:41.082+0500] {dagbag.py:588} INFO - Filling up the DagBag from /home/ruslan/.local/lib/python3.10/site-packages/airflow/example_dags/example_skip_dag.py
[2025-03-22T10:18:41.087+0500] {processor.py:925} INFO - DAG(s) 'example_skip_dag' retrieved from /home/ruslan/.local/lib/python3.10/site-packages/airflow/example_dags/example_skip_dag.py
[2025-03-22T10:18:41.097+0500] {logging_mixin.py:190} INFO - [2025-03-22T10:18:41.096+0500] {dag.py:3239} INFO - Sync 1 DAGs
[2025-03-22T10:18:41.107+0500] {logging_mixin.py:190} INFO - [2025-03-22T10:18:41.107+0500] {dag.py:4180} INFO - Setting next_dagrun for example_skip_dag to 2025-03-21 00:00:00+00:00, run_after=2025-03-22 00:00:00+00:00
[2025-03-22T10:18:41.122+0500] {processor.py:208} INFO - Processing /home/ruslan/.local/lib/python3.10/site-packages/airflow/example_dags/example_skip_dag.py took 0.045 seconds
[2025-03-22T10:19:29.292+0500] {processor.py:186} INFO - Started process (PID=25555) to work on /home/ruslan/.local/lib/python3.10/site-packages/airflow/example_dags/example_skip_dag.py
[2025-03-22T10:19:29.293+0500] {processor.py:914} INFO - Processing file /home/ruslan/.local/lib/python3.10/site-packages/airflow/example_dags/example_skip_dag.py for tasks to queue
[2025-03-22T10:19:29.295+0500] {logging_mixin.py:190} INFO - [2025-03-22T10:19:29.295+0500] {dagbag.py:588} INFO - Filling up the DagBag from /home/ruslan/.local/lib/python3.10/site-packages/airflow/example_dags/example_skip_dag.py
[2025-03-22T10:19:29.300+0500] {processor.py:925} INFO - DAG(s) 'example_skip_dag' retrieved from /home/ruslan/.local/lib/python3.10/site-packages/airflow/example_dags/example_skip_dag.py
[2025-03-22T10:19:29.310+0500] {logging_mixin.py:190} INFO - [2025-03-22T10:19:29.310+0500] {dag.py:3239} INFO - Sync 1 DAGs
[2025-03-22T10:19:29.322+0500] {logging_mixin.py:190} INFO - [2025-03-22T10:19:29.322+0500] {dag.py:4180} INFO - Setting next_dagrun for example_skip_dag to 2025-03-21 00:00:00+00:00, run_after=2025-03-22 00:00:00+00:00
[2025-03-22T10:19:29.339+0500] {processor.py:208} INFO - Processing /home/ruslan/.local/lib/python3.10/site-packages/airflow/example_dags/example_skip_dag.py took 0.050 seconds
[2025-03-22T10:20:23.772+0500] {processor.py:186} INFO - Started process (PID=26169) to work on /home/ruslan/.local/lib/python3.10/site-packages/airflow/example_dags/example_skip_dag.py
[2025-03-22T10:20:23.774+0500] {processor.py:914} INFO - Processing file /home/ruslan/.local/lib/python3.10/site-packages/airflow/example_dags/example_skip_dag.py for tasks to queue
[2025-03-22T10:20:23.775+0500] {logging_mixin.py:190} INFO - [2025-03-22T10:20:23.775+0500] {dagbag.py:588} INFO - Filling up the DagBag from /home/ruslan/.local/lib/python3.10/site-packages/airflow/example_dags/example_skip_dag.py
[2025-03-22T10:20:23.780+0500] {processor.py:925} INFO - DAG(s) 'example_skip_dag' retrieved from /home/ruslan/.local/lib/python3.10/site-packages/airflow/example_dags/example_skip_dag.py
[2025-03-22T10:20:23.790+0500] {logging_mixin.py:190} INFO - [2025-03-22T10:20:23.790+0500] {dag.py:3239} INFO - Sync 1 DAGs
[2025-03-22T10:20:23.801+0500] {logging_mixin.py:190} INFO - [2025-03-22T10:20:23.801+0500] {dag.py:4180} INFO - Setting next_dagrun for example_skip_dag to 2025-03-21 00:00:00+00:00, run_after=2025-03-22 00:00:00+00:00
[2025-03-22T10:20:23.816+0500] {processor.py:208} INFO - Processing /home/ruslan/.local/lib/python3.10/site-packages/airflow/example_dags/example_skip_dag.py took 0.048 seconds
[2025-03-22T10:21:13.915+0500] {processor.py:186} INFO - Started process (PID=26661) to work on /home/ruslan/.local/lib/python3.10/site-packages/airflow/example_dags/example_skip_dag.py
[2025-03-22T10:21:13.916+0500] {processor.py:914} INFO - Processing file /home/ruslan/.local/lib/python3.10/site-packages/airflow/example_dags/example_skip_dag.py for tasks to queue
[2025-03-22T10:21:13.917+0500] {logging_mixin.py:190} INFO - [2025-03-22T10:21:13.917+0500] {dagbag.py:588} INFO - Filling up the DagBag from /home/ruslan/.local/lib/python3.10/site-packages/airflow/example_dags/example_skip_dag.py
[2025-03-22T10:21:13.922+0500] {processor.py:925} INFO - DAG(s) 'example_skip_dag' retrieved from /home/ruslan/.local/lib/python3.10/site-packages/airflow/example_dags/example_skip_dag.py
[2025-03-22T10:21:13.932+0500] {logging_mixin.py:190} INFO - [2025-03-22T10:21:13.932+0500] {dag.py:3239} INFO - Sync 1 DAGs
[2025-03-22T10:21:13.944+0500] {logging_mixin.py:190} INFO - [2025-03-22T10:21:13.944+0500] {dag.py:4180} INFO - Setting next_dagrun for example_skip_dag to 2025-03-21 00:00:00+00:00, run_after=2025-03-22 00:00:00+00:00
[2025-03-22T10:21:13.959+0500] {processor.py:208} INFO - Processing /home/ruslan/.local/lib/python3.10/site-packages/airflow/example_dags/example_skip_dag.py took 0.048 seconds
[2025-03-22T10:22:08.519+0500] {processor.py:186} INFO - Started process (PID=27269) to work on /home/ruslan/.local/lib/python3.10/site-packages/airflow/example_dags/example_skip_dag.py
[2025-03-22T10:22:08.520+0500] {processor.py:914} INFO - Processing file /home/ruslan/.local/lib/python3.10/site-packages/airflow/example_dags/example_skip_dag.py for tasks to queue
[2025-03-22T10:22:08.522+0500] {logging_mixin.py:190} INFO - [2025-03-22T10:22:08.522+0500] {dagbag.py:588} INFO - Filling up the DagBag from /home/ruslan/.local/lib/python3.10/site-packages/airflow/example_dags/example_skip_dag.py
[2025-03-22T10:22:08.527+0500] {processor.py:925} INFO - DAG(s) 'example_skip_dag' retrieved from /home/ruslan/.local/lib/python3.10/site-packages/airflow/example_dags/example_skip_dag.py
[2025-03-22T10:22:08.537+0500] {logging_mixin.py:190} INFO - [2025-03-22T10:22:08.537+0500] {dag.py:3239} INFO - Sync 1 DAGs
[2025-03-22T10:22:08.549+0500] {logging_mixin.py:190} INFO - [2025-03-22T10:22:08.549+0500] {dag.py:4180} INFO - Setting next_dagrun for example_skip_dag to 2025-03-21 00:00:00+00:00, run_after=2025-03-22 00:00:00+00:00
[2025-03-22T10:22:08.564+0500] {processor.py:208} INFO - Processing /home/ruslan/.local/lib/python3.10/site-packages/airflow/example_dags/example_skip_dag.py took 0.048 seconds
[2025-03-22T10:23:01.959+0500] {processor.py:186} INFO - Started process (PID=27806) to work on /home/ruslan/.local/lib/python3.10/site-packages/airflow/example_dags/example_skip_dag.py
[2025-03-22T10:23:01.960+0500] {processor.py:914} INFO - Processing file /home/ruslan/.local/lib/python3.10/site-packages/airflow/example_dags/example_skip_dag.py for tasks to queue
[2025-03-22T10:23:01.961+0500] {logging_mixin.py:190} INFO - [2025-03-22T10:23:01.961+0500] {dagbag.py:588} INFO - Filling up the DagBag from /home/ruslan/.local/lib/python3.10/site-packages/airflow/example_dags/example_skip_dag.py
[2025-03-22T10:23:01.966+0500] {processor.py:925} INFO - DAG(s) 'example_skip_dag' retrieved from /home/ruslan/.local/lib/python3.10/site-packages/airflow/example_dags/example_skip_dag.py
[2025-03-22T10:23:01.976+0500] {logging_mixin.py:190} INFO - [2025-03-22T10:23:01.976+0500] {dag.py:3239} INFO - Sync 1 DAGs
[2025-03-22T10:23:01.988+0500] {logging_mixin.py:190} INFO - [2025-03-22T10:23:01.988+0500] {dag.py:4180} INFO - Setting next_dagrun for example_skip_dag to 2025-03-21 00:00:00+00:00, run_after=2025-03-22 00:00:00+00:00
[2025-03-22T10:23:02.003+0500] {processor.py:208} INFO - Processing /home/ruslan/.local/lib/python3.10/site-packages/airflow/example_dags/example_skip_dag.py took 0.048 seconds
[2025-03-22T10:23:54.185+0500] {processor.py:186} INFO - Started process (PID=28409) to work on /home/ruslan/.local/lib/python3.10/site-packages/airflow/example_dags/example_skip_dag.py
[2025-03-22T10:23:54.186+0500] {processor.py:914} INFO - Processing file /home/ruslan/.local/lib/python3.10/site-packages/airflow/example_dags/example_skip_dag.py for tasks to queue
[2025-03-22T10:23:54.187+0500] {logging_mixin.py:190} INFO - [2025-03-22T10:23:54.187+0500] {dagbag.py:588} INFO - Filling up the DagBag from /home/ruslan/.local/lib/python3.10/site-packages/airflow/example_dags/example_skip_dag.py
[2025-03-22T10:23:54.192+0500] {processor.py:925} INFO - DAG(s) 'example_skip_dag' retrieved from /home/ruslan/.local/lib/python3.10/site-packages/airflow/example_dags/example_skip_dag.py
[2025-03-22T10:23:54.202+0500] {logging_mixin.py:190} INFO - [2025-03-22T10:23:54.202+0500] {dag.py:3239} INFO - Sync 1 DAGs
[2025-03-22T10:23:54.213+0500] {logging_mixin.py:190} INFO - [2025-03-22T10:23:54.213+0500] {dag.py:4180} INFO - Setting next_dagrun for example_skip_dag to 2025-03-21 00:00:00+00:00, run_after=2025-03-22 00:00:00+00:00
[2025-03-22T10:23:54.228+0500] {processor.py:208} INFO - Processing /home/ruslan/.local/lib/python3.10/site-packages/airflow/example_dags/example_skip_dag.py took 0.047 seconds
[2025-03-22T10:24:44.901+0500] {processor.py:186} INFO - Started process (PID=28922) to work on /home/ruslan/.local/lib/python3.10/site-packages/airflow/example_dags/example_skip_dag.py
[2025-03-22T10:24:44.903+0500] {processor.py:914} INFO - Processing file /home/ruslan/.local/lib/python3.10/site-packages/airflow/example_dags/example_skip_dag.py for tasks to queue
[2025-03-22T10:24:44.904+0500] {logging_mixin.py:190} INFO - [2025-03-22T10:24:44.904+0500] {dagbag.py:588} INFO - Filling up the DagBag from /home/ruslan/.local/lib/python3.10/site-packages/airflow/example_dags/example_skip_dag.py
[2025-03-22T10:24:44.909+0500] {processor.py:925} INFO - DAG(s) 'example_skip_dag' retrieved from /home/ruslan/.local/lib/python3.10/site-packages/airflow/example_dags/example_skip_dag.py
[2025-03-22T10:24:44.919+0500] {logging_mixin.py:190} INFO - [2025-03-22T10:24:44.919+0500] {dag.py:3239} INFO - Sync 1 DAGs
[2025-03-22T10:24:44.930+0500] {logging_mixin.py:190} INFO - [2025-03-22T10:24:44.930+0500] {dag.py:4180} INFO - Setting next_dagrun for example_skip_dag to 2025-03-21 00:00:00+00:00, run_after=2025-03-22 00:00:00+00:00
[2025-03-22T10:24:44.945+0500] {processor.py:208} INFO - Processing /home/ruslan/.local/lib/python3.10/site-packages/airflow/example_dags/example_skip_dag.py took 0.048 seconds
[2025-03-22T10:25:34.005+0500] {processor.py:186} INFO - Started process (PID=29446) to work on /home/ruslan/.local/lib/python3.10/site-packages/airflow/example_dags/example_skip_dag.py
[2025-03-22T10:25:34.006+0500] {processor.py:914} INFO - Processing file /home/ruslan/.local/lib/python3.10/site-packages/airflow/example_dags/example_skip_dag.py for tasks to queue
[2025-03-22T10:25:34.007+0500] {logging_mixin.py:190} INFO - [2025-03-22T10:25:34.007+0500] {dagbag.py:588} INFO - Filling up the DagBag from /home/ruslan/.local/lib/python3.10/site-packages/airflow/example_dags/example_skip_dag.py
[2025-03-22T10:25:34.012+0500] {processor.py:925} INFO - DAG(s) 'example_skip_dag' retrieved from /home/ruslan/.local/lib/python3.10/site-packages/airflow/example_dags/example_skip_dag.py
[2025-03-22T10:25:34.021+0500] {logging_mixin.py:190} INFO - [2025-03-22T10:25:34.021+0500] {dag.py:3239} INFO - Sync 1 DAGs
[2025-03-22T10:25:34.032+0500] {logging_mixin.py:190} INFO - [2025-03-22T10:25:34.032+0500] {dag.py:4180} INFO - Setting next_dagrun for example_skip_dag to 2025-03-21 00:00:00+00:00, run_after=2025-03-22 00:00:00+00:00
[2025-03-22T10:25:34.047+0500] {processor.py:208} INFO - Processing /home/ruslan/.local/lib/python3.10/site-packages/airflow/example_dags/example_skip_dag.py took 0.045 seconds
[2025-03-22T10:26:29.216+0500] {processor.py:186} INFO - Started process (PID=30521) to work on /home/ruslan/.local/lib/python3.10/site-packages/airflow/example_dags/example_skip_dag.py
[2025-03-22T10:26:29.217+0500] {processor.py:914} INFO - Processing file /home/ruslan/.local/lib/python3.10/site-packages/airflow/example_dags/example_skip_dag.py for tasks to queue
[2025-03-22T10:26:29.219+0500] {logging_mixin.py:190} INFO - [2025-03-22T10:26:29.219+0500] {dagbag.py:588} INFO - Filling up the DagBag from /home/ruslan/.local/lib/python3.10/site-packages/airflow/example_dags/example_skip_dag.py
[2025-03-22T10:26:29.224+0500] {processor.py:925} INFO - DAG(s) 'example_skip_dag' retrieved from /home/ruslan/.local/lib/python3.10/site-packages/airflow/example_dags/example_skip_dag.py
[2025-03-22T10:26:29.233+0500] {logging_mixin.py:190} INFO - [2025-03-22T10:26:29.233+0500] {dag.py:3239} INFO - Sync 1 DAGs
[2025-03-22T10:26:29.243+0500] {logging_mixin.py:190} INFO - [2025-03-22T10:26:29.243+0500] {dag.py:4180} INFO - Setting next_dagrun for example_skip_dag to 2025-03-21 00:00:00+00:00, run_after=2025-03-22 00:00:00+00:00
[2025-03-22T10:26:29.259+0500] {processor.py:208} INFO - Processing /home/ruslan/.local/lib/python3.10/site-packages/airflow/example_dags/example_skip_dag.py took 0.046 seconds
[2025-03-22T10:27:17.292+0500] {processor.py:186} INFO - Started process (PID=31124) to work on /home/ruslan/.local/lib/python3.10/site-packages/airflow/example_dags/example_skip_dag.py
[2025-03-22T10:27:17.293+0500] {processor.py:914} INFO - Processing file /home/ruslan/.local/lib/python3.10/site-packages/airflow/example_dags/example_skip_dag.py for tasks to queue
[2025-03-22T10:27:17.294+0500] {logging_mixin.py:190} INFO - [2025-03-22T10:27:17.294+0500] {dagbag.py:588} INFO - Filling up the DagBag from /home/ruslan/.local/lib/python3.10/site-packages/airflow/example_dags/example_skip_dag.py
[2025-03-22T10:27:17.299+0500] {processor.py:925} INFO - DAG(s) 'example_skip_dag' retrieved from /home/ruslan/.local/lib/python3.10/site-packages/airflow/example_dags/example_skip_dag.py
[2025-03-22T10:27:17.309+0500] {logging_mixin.py:190} INFO - [2025-03-22T10:27:17.308+0500] {dag.py:3239} INFO - Sync 1 DAGs
[2025-03-22T10:27:17.320+0500] {logging_mixin.py:190} INFO - [2025-03-22T10:27:17.319+0500] {dag.py:4180} INFO - Setting next_dagrun for example_skip_dag to 2025-03-21 00:00:00+00:00, run_after=2025-03-22 00:00:00+00:00
[2025-03-22T10:27:17.336+0500] {processor.py:208} INFO - Processing /home/ruslan/.local/lib/python3.10/site-packages/airflow/example_dags/example_skip_dag.py took 0.047 seconds
[2025-03-22T10:28:11.792+0500] {processor.py:186} INFO - Started process (PID=31737) to work on /home/ruslan/.local/lib/python3.10/site-packages/airflow/example_dags/example_skip_dag.py
[2025-03-22T10:28:11.793+0500] {processor.py:914} INFO - Processing file /home/ruslan/.local/lib/python3.10/site-packages/airflow/example_dags/example_skip_dag.py for tasks to queue
[2025-03-22T10:28:11.794+0500] {logging_mixin.py:190} INFO - [2025-03-22T10:28:11.794+0500] {dagbag.py:588} INFO - Filling up the DagBag from /home/ruslan/.local/lib/python3.10/site-packages/airflow/example_dags/example_skip_dag.py
[2025-03-22T10:28:11.800+0500] {processor.py:925} INFO - DAG(s) 'example_skip_dag' retrieved from /home/ruslan/.local/lib/python3.10/site-packages/airflow/example_dags/example_skip_dag.py
[2025-03-22T10:28:11.814+0500] {logging_mixin.py:190} INFO - [2025-03-22T10:28:11.814+0500] {dag.py:3239} INFO - Sync 1 DAGs
[2025-03-22T10:28:11.827+0500] {logging_mixin.py:190} INFO - [2025-03-22T10:28:11.827+0500] {dag.py:4180} INFO - Setting next_dagrun for example_skip_dag to 2025-03-21 00:00:00+00:00, run_after=2025-03-22 00:00:00+00:00
[2025-03-22T10:28:11.844+0500] {processor.py:208} INFO - Processing /home/ruslan/.local/lib/python3.10/site-packages/airflow/example_dags/example_skip_dag.py took 0.056 seconds
[2025-03-22T10:29:04.699+0500] {processor.py:186} INFO - Started process (PID=32259) to work on /home/ruslan/.local/lib/python3.10/site-packages/airflow/example_dags/example_skip_dag.py
[2025-03-22T10:29:04.700+0500] {processor.py:914} INFO - Processing file /home/ruslan/.local/lib/python3.10/site-packages/airflow/example_dags/example_skip_dag.py for tasks to queue
[2025-03-22T10:29:04.702+0500] {logging_mixin.py:190} INFO - [2025-03-22T10:29:04.702+0500] {dagbag.py:588} INFO - Filling up the DagBag from /home/ruslan/.local/lib/python3.10/site-packages/airflow/example_dags/example_skip_dag.py
[2025-03-22T10:29:04.706+0500] {processor.py:925} INFO - DAG(s) 'example_skip_dag' retrieved from /home/ruslan/.local/lib/python3.10/site-packages/airflow/example_dags/example_skip_dag.py
[2025-03-22T10:29:04.716+0500] {logging_mixin.py:190} INFO - [2025-03-22T10:29:04.716+0500] {dag.py:3239} INFO - Sync 1 DAGs
[2025-03-22T10:29:04.726+0500] {logging_mixin.py:190} INFO - [2025-03-22T10:29:04.726+0500] {dag.py:4180} INFO - Setting next_dagrun for example_skip_dag to 2025-03-21 00:00:00+00:00, run_after=2025-03-22 00:00:00+00:00
[2025-03-22T10:29:04.741+0500] {processor.py:208} INFO - Processing /home/ruslan/.local/lib/python3.10/site-packages/airflow/example_dags/example_skip_dag.py took 0.045 seconds
[2025-03-22T10:29:55.343+0500] {processor.py:186} INFO - Started process (PID=32773) to work on /home/ruslan/.local/lib/python3.10/site-packages/airflow/example_dags/example_skip_dag.py
[2025-03-22T10:29:55.344+0500] {processor.py:914} INFO - Processing file /home/ruslan/.local/lib/python3.10/site-packages/airflow/example_dags/example_skip_dag.py for tasks to queue
[2025-03-22T10:29:55.345+0500] {logging_mixin.py:190} INFO - [2025-03-22T10:29:55.344+0500] {dagbag.py:588} INFO - Filling up the DagBag from /home/ruslan/.local/lib/python3.10/site-packages/airflow/example_dags/example_skip_dag.py
[2025-03-22T10:29:55.350+0500] {processor.py:925} INFO - DAG(s) 'example_skip_dag' retrieved from /home/ruslan/.local/lib/python3.10/site-packages/airflow/example_dags/example_skip_dag.py
[2025-03-22T10:29:55.360+0500] {logging_mixin.py:190} INFO - [2025-03-22T10:29:55.359+0500] {dag.py:3239} INFO - Sync 1 DAGs
[2025-03-22T10:29:55.371+0500] {logging_mixin.py:190} INFO - [2025-03-22T10:29:55.371+0500] {dag.py:4180} INFO - Setting next_dagrun for example_skip_dag to 2025-03-21 00:00:00+00:00, run_after=2025-03-22 00:00:00+00:00
[2025-03-22T10:29:55.386+0500] {processor.py:208} INFO - Processing /home/ruslan/.local/lib/python3.10/site-packages/airflow/example_dags/example_skip_dag.py took 0.047 seconds
[2025-03-22T10:30:48.242+0500] {processor.py:186} INFO - Started process (PID=33037) to work on /home/ruslan/.local/lib/python3.10/site-packages/airflow/example_dags/example_skip_dag.py
[2025-03-22T10:30:48.243+0500] {processor.py:914} INFO - Processing file /home/ruslan/.local/lib/python3.10/site-packages/airflow/example_dags/example_skip_dag.py for tasks to queue
[2025-03-22T10:30:48.244+0500] {logging_mixin.py:190} INFO - [2025-03-22T10:30:48.243+0500] {dagbag.py:588} INFO - Filling up the DagBag from /home/ruslan/.local/lib/python3.10/site-packages/airflow/example_dags/example_skip_dag.py
[2025-03-22T10:30:48.249+0500] {processor.py:925} INFO - DAG(s) 'example_skip_dag' retrieved from /home/ruslan/.local/lib/python3.10/site-packages/airflow/example_dags/example_skip_dag.py
[2025-03-22T10:30:48.258+0500] {logging_mixin.py:190} INFO - [2025-03-22T10:30:48.258+0500] {dag.py:3239} INFO - Sync 1 DAGs
[2025-03-22T10:30:48.269+0500] {logging_mixin.py:190} INFO - [2025-03-22T10:30:48.269+0500] {dag.py:4180} INFO - Setting next_dagrun for example_skip_dag to 2025-03-21 00:00:00+00:00, run_after=2025-03-22 00:00:00+00:00
[2025-03-22T10:30:48.284+0500] {processor.py:208} INFO - Processing /home/ruslan/.local/lib/python3.10/site-packages/airflow/example_dags/example_skip_dag.py took 0.046 seconds
[2025-03-22T10:31:39.692+0500] {processor.py:186} INFO - Started process (PID=33801) to work on /home/ruslan/.local/lib/python3.10/site-packages/airflow/example_dags/example_skip_dag.py
[2025-03-22T10:31:39.693+0500] {processor.py:914} INFO - Processing file /home/ruslan/.local/lib/python3.10/site-packages/airflow/example_dags/example_skip_dag.py for tasks to queue
[2025-03-22T10:31:39.694+0500] {logging_mixin.py:190} INFO - [2025-03-22T10:31:39.693+0500] {dagbag.py:588} INFO - Filling up the DagBag from /home/ruslan/.local/lib/python3.10/site-packages/airflow/example_dags/example_skip_dag.py
[2025-03-22T10:31:39.699+0500] {processor.py:925} INFO - DAG(s) 'example_skip_dag' retrieved from /home/ruslan/.local/lib/python3.10/site-packages/airflow/example_dags/example_skip_dag.py
[2025-03-22T10:31:39.708+0500] {logging_mixin.py:190} INFO - [2025-03-22T10:31:39.708+0500] {dag.py:3239} INFO - Sync 1 DAGs
[2025-03-22T10:31:39.720+0500] {logging_mixin.py:190} INFO - [2025-03-22T10:31:39.719+0500] {dag.py:4180} INFO - Setting next_dagrun for example_skip_dag to 2025-03-21 00:00:00+00:00, run_after=2025-03-22 00:00:00+00:00
[2025-03-22T10:31:39.736+0500] {processor.py:208} INFO - Processing /home/ruslan/.local/lib/python3.10/site-packages/airflow/example_dags/example_skip_dag.py took 0.047 seconds
[2025-03-22T10:32:33.457+0500] {processor.py:186} INFO - Started process (PID=34373) to work on /home/ruslan/.local/lib/python3.10/site-packages/airflow/example_dags/example_skip_dag.py
[2025-03-22T10:32:33.457+0500] {processor.py:914} INFO - Processing file /home/ruslan/.local/lib/python3.10/site-packages/airflow/example_dags/example_skip_dag.py for tasks to queue
[2025-03-22T10:32:33.458+0500] {logging_mixin.py:190} INFO - [2025-03-22T10:32:33.458+0500] {dagbag.py:588} INFO - Filling up the DagBag from /home/ruslan/.local/lib/python3.10/site-packages/airflow/example_dags/example_skip_dag.py
[2025-03-22T10:32:33.463+0500] {processor.py:925} INFO - DAG(s) 'example_skip_dag' retrieved from /home/ruslan/.local/lib/python3.10/site-packages/airflow/example_dags/example_skip_dag.py
[2025-03-22T10:32:33.472+0500] {logging_mixin.py:190} INFO - [2025-03-22T10:32:33.472+0500] {dag.py:3239} INFO - Sync 1 DAGs
[2025-03-22T10:32:33.483+0500] {logging_mixin.py:190} INFO - [2025-03-22T10:32:33.482+0500] {dag.py:4180} INFO - Setting next_dagrun for example_skip_dag to 2025-03-21 00:00:00+00:00, run_after=2025-03-22 00:00:00+00:00
[2025-03-22T10:32:33.498+0500] {processor.py:208} INFO - Processing /home/ruslan/.local/lib/python3.10/site-packages/airflow/example_dags/example_skip_dag.py took 0.045 seconds
[2025-03-22T10:33:06.065+0500] {processor.py:186} INFO - Started process (PID=34882) to work on /home/ruslan/.local/lib/python3.10/site-packages/airflow/example_dags/example_skip_dag.py
[2025-03-22T10:33:06.066+0500] {processor.py:914} INFO - Processing file /home/ruslan/.local/lib/python3.10/site-packages/airflow/example_dags/example_skip_dag.py for tasks to queue
[2025-03-22T10:33:06.068+0500] {logging_mixin.py:190} INFO - [2025-03-22T10:33:06.067+0500] {dagbag.py:588} INFO - Filling up the DagBag from /home/ruslan/.local/lib/python3.10/site-packages/airflow/example_dags/example_skip_dag.py
[2025-03-22T10:33:06.073+0500] {processor.py:925} INFO - DAG(s) 'example_skip_dag' retrieved from /home/ruslan/.local/lib/python3.10/site-packages/airflow/example_dags/example_skip_dag.py
[2025-03-22T10:33:06.085+0500] {logging_mixin.py:190} INFO - [2025-03-22T10:33:06.085+0500] {dag.py:3239} INFO - Sync 1 DAGs
[2025-03-22T10:33:06.097+0500] {logging_mixin.py:190} INFO - [2025-03-22T10:33:06.097+0500] {dag.py:4180} INFO - Setting next_dagrun for example_skip_dag to 2025-03-21 00:00:00+00:00, run_after=2025-03-22 00:00:00+00:00
[2025-03-22T10:33:06.111+0500] {processor.py:208} INFO - Processing /home/ruslan/.local/lib/python3.10/site-packages/airflow/example_dags/example_skip_dag.py took 0.049 seconds
[2025-03-22T10:34:00.182+0500] {processor.py:186} INFO - Started process (PID=35476) to work on /home/ruslan/.local/lib/python3.10/site-packages/airflow/example_dags/example_skip_dag.py
[2025-03-22T10:34:00.183+0500] {processor.py:914} INFO - Processing file /home/ruslan/.local/lib/python3.10/site-packages/airflow/example_dags/example_skip_dag.py for tasks to queue
[2025-03-22T10:34:00.185+0500] {logging_mixin.py:190} INFO - [2025-03-22T10:34:00.185+0500] {dagbag.py:588} INFO - Filling up the DagBag from /home/ruslan/.local/lib/python3.10/site-packages/airflow/example_dags/example_skip_dag.py
[2025-03-22T10:34:00.190+0500] {processor.py:925} INFO - DAG(s) 'example_skip_dag' retrieved from /home/ruslan/.local/lib/python3.10/site-packages/airflow/example_dags/example_skip_dag.py
[2025-03-22T10:34:00.199+0500] {logging_mixin.py:190} INFO - [2025-03-22T10:34:00.199+0500] {dag.py:3239} INFO - Sync 1 DAGs
[2025-03-22T10:34:00.210+0500] {logging_mixin.py:190} INFO - [2025-03-22T10:34:00.210+0500] {dag.py:4180} INFO - Setting next_dagrun for example_skip_dag to 2025-03-21 00:00:00+00:00, run_after=2025-03-22 00:00:00+00:00
[2025-03-22T10:34:00.225+0500] {processor.py:208} INFO - Processing /home/ruslan/.local/lib/python3.10/site-packages/airflow/example_dags/example_skip_dag.py took 0.046 seconds
[2025-03-22T10:34:52.868+0500] {processor.py:186} INFO - Started process (PID=36156) to work on /home/ruslan/.local/lib/python3.10/site-packages/airflow/example_dags/example_skip_dag.py
[2025-03-22T10:34:52.869+0500] {processor.py:914} INFO - Processing file /home/ruslan/.local/lib/python3.10/site-packages/airflow/example_dags/example_skip_dag.py for tasks to queue
[2025-03-22T10:34:52.870+0500] {logging_mixin.py:190} INFO - [2025-03-22T10:34:52.870+0500] {dagbag.py:588} INFO - Filling up the DagBag from /home/ruslan/.local/lib/python3.10/site-packages/airflow/example_dags/example_skip_dag.py
[2025-03-22T10:34:52.876+0500] {processor.py:925} INFO - DAG(s) 'example_skip_dag' retrieved from /home/ruslan/.local/lib/python3.10/site-packages/airflow/example_dags/example_skip_dag.py
[2025-03-22T10:34:52.885+0500] {logging_mixin.py:190} INFO - [2025-03-22T10:34:52.885+0500] {dag.py:3239} INFO - Sync 1 DAGs
[2025-03-22T10:34:52.895+0500] {logging_mixin.py:190} INFO - [2025-03-22T10:34:52.895+0500] {dag.py:4180} INFO - Setting next_dagrun for example_skip_dag to 2025-03-21 00:00:00+00:00, run_after=2025-03-22 00:00:00+00:00
[2025-03-22T10:34:52.910+0500] {processor.py:208} INFO - Processing /home/ruslan/.local/lib/python3.10/site-packages/airflow/example_dags/example_skip_dag.py took 0.045 seconds
[2025-03-22T10:35:43.659+0500] {processor.py:186} INFO - Started process (PID=36704) to work on /home/ruslan/.local/lib/python3.10/site-packages/airflow/example_dags/example_skip_dag.py
[2025-03-22T10:35:43.660+0500] {processor.py:914} INFO - Processing file /home/ruslan/.local/lib/python3.10/site-packages/airflow/example_dags/example_skip_dag.py for tasks to queue
[2025-03-22T10:35:43.661+0500] {logging_mixin.py:190} INFO - [2025-03-22T10:35:43.661+0500] {dagbag.py:588} INFO - Filling up the DagBag from /home/ruslan/.local/lib/python3.10/site-packages/airflow/example_dags/example_skip_dag.py
[2025-03-22T10:35:43.666+0500] {processor.py:925} INFO - DAG(s) 'example_skip_dag' retrieved from /home/ruslan/.local/lib/python3.10/site-packages/airflow/example_dags/example_skip_dag.py
[2025-03-22T10:35:43.676+0500] {logging_mixin.py:190} INFO - [2025-03-22T10:35:43.675+0500] {dag.py:3239} INFO - Sync 1 DAGs
[2025-03-22T10:35:43.687+0500] {logging_mixin.py:190} INFO - [2025-03-22T10:35:43.686+0500] {dag.py:4180} INFO - Setting next_dagrun for example_skip_dag to 2025-03-21 00:00:00+00:00, run_after=2025-03-22 00:00:00+00:00
[2025-03-22T10:35:43.701+0500] {processor.py:208} INFO - Processing /home/ruslan/.local/lib/python3.10/site-packages/airflow/example_dags/example_skip_dag.py took 0.046 seconds
[2025-03-22T10:36:31.439+0500] {processor.py:186} INFO - Started process (PID=37211) to work on /home/ruslan/.local/lib/python3.10/site-packages/airflow/example_dags/example_skip_dag.py
[2025-03-22T10:36:31.440+0500] {processor.py:914} INFO - Processing file /home/ruslan/.local/lib/python3.10/site-packages/airflow/example_dags/example_skip_dag.py for tasks to queue
[2025-03-22T10:36:31.441+0500] {logging_mixin.py:190} INFO - [2025-03-22T10:36:31.441+0500] {dagbag.py:588} INFO - Filling up the DagBag from /home/ruslan/.local/lib/python3.10/site-packages/airflow/example_dags/example_skip_dag.py
[2025-03-22T10:36:31.446+0500] {processor.py:925} INFO - DAG(s) 'example_skip_dag' retrieved from /home/ruslan/.local/lib/python3.10/site-packages/airflow/example_dags/example_skip_dag.py
[2025-03-22T10:36:31.456+0500] {logging_mixin.py:190} INFO - [2025-03-22T10:36:31.456+0500] {dag.py:3239} INFO - Sync 1 DAGs
[2025-03-22T10:36:31.467+0500] {logging_mixin.py:190} INFO - [2025-03-22T10:36:31.467+0500] {dag.py:4180} INFO - Setting next_dagrun for example_skip_dag to 2025-03-21 00:00:00+00:00, run_after=2025-03-22 00:00:00+00:00
[2025-03-22T10:36:31.481+0500] {processor.py:208} INFO - Processing /home/ruslan/.local/lib/python3.10/site-packages/airflow/example_dags/example_skip_dag.py took 0.046 seconds
[2025-03-22T10:37:23.812+0500] {processor.py:186} INFO - Started process (PID=37473) to work on /home/ruslan/.local/lib/python3.10/site-packages/airflow/example_dags/example_skip_dag.py
[2025-03-22T10:37:23.813+0500] {processor.py:914} INFO - Processing file /home/ruslan/.local/lib/python3.10/site-packages/airflow/example_dags/example_skip_dag.py for tasks to queue
[2025-03-22T10:37:23.815+0500] {logging_mixin.py:190} INFO - [2025-03-22T10:37:23.814+0500] {dagbag.py:588} INFO - Filling up the DagBag from /home/ruslan/.local/lib/python3.10/site-packages/airflow/example_dags/example_skip_dag.py
[2025-03-22T10:37:23.819+0500] {processor.py:925} INFO - DAG(s) 'example_skip_dag' retrieved from /home/ruslan/.local/lib/python3.10/site-packages/airflow/example_dags/example_skip_dag.py
[2025-03-22T10:37:23.828+0500] {logging_mixin.py:190} INFO - [2025-03-22T10:37:23.828+0500] {dag.py:3239} INFO - Sync 1 DAGs
[2025-03-22T10:37:23.839+0500] {logging_mixin.py:190} INFO - [2025-03-22T10:37:23.839+0500] {dag.py:4180} INFO - Setting next_dagrun for example_skip_dag to 2025-03-21 00:00:00+00:00, run_after=2025-03-22 00:00:00+00:00
[2025-03-22T10:37:23.854+0500] {processor.py:208} INFO - Processing /home/ruslan/.local/lib/python3.10/site-packages/airflow/example_dags/example_skip_dag.py took 0.046 seconds
[2025-03-22T10:38:50.545+0500] {processor.py:186} INFO - Started process (PID=38564) to work on /home/ruslan/.local/lib/python3.10/site-packages/airflow/example_dags/example_skip_dag.py
[2025-03-22T10:38:50.546+0500] {processor.py:914} INFO - Processing file /home/ruslan/.local/lib/python3.10/site-packages/airflow/example_dags/example_skip_dag.py for tasks to queue
[2025-03-22T10:38:50.547+0500] {logging_mixin.py:190} INFO - [2025-03-22T10:38:50.547+0500] {dagbag.py:588} INFO - Filling up the DagBag from /home/ruslan/.local/lib/python3.10/site-packages/airflow/example_dags/example_skip_dag.py
[2025-03-22T10:38:50.553+0500] {processor.py:925} INFO - DAG(s) 'example_skip_dag' retrieved from /home/ruslan/.local/lib/python3.10/site-packages/airflow/example_dags/example_skip_dag.py
[2025-03-22T10:38:50.565+0500] {logging_mixin.py:190} INFO - [2025-03-22T10:38:50.565+0500] {dag.py:3239} INFO - Sync 1 DAGs
[2025-03-22T10:38:50.575+0500] {logging_mixin.py:190} INFO - [2025-03-22T10:38:50.575+0500] {dag.py:4180} INFO - Setting next_dagrun for example_skip_dag to 2025-03-21 00:00:00+00:00, run_after=2025-03-22 00:00:00+00:00
[2025-03-22T10:38:50.590+0500] {processor.py:208} INFO - Processing /home/ruslan/.local/lib/python3.10/site-packages/airflow/example_dags/example_skip_dag.py took 0.049 seconds
[2025-03-22T10:39:44.171+0500] {processor.py:186} INFO - Started process (PID=39268) to work on /home/ruslan/.local/lib/python3.10/site-packages/airflow/example_dags/example_skip_dag.py
[2025-03-22T10:39:44.172+0500] {processor.py:914} INFO - Processing file /home/ruslan/.local/lib/python3.10/site-packages/airflow/example_dags/example_skip_dag.py for tasks to queue
[2025-03-22T10:39:44.173+0500] {logging_mixin.py:190} INFO - [2025-03-22T10:39:44.173+0500] {dagbag.py:588} INFO - Filling up the DagBag from /home/ruslan/.local/lib/python3.10/site-packages/airflow/example_dags/example_skip_dag.py
[2025-03-22T10:39:44.178+0500] {processor.py:925} INFO - DAG(s) 'example_skip_dag' retrieved from /home/ruslan/.local/lib/python3.10/site-packages/airflow/example_dags/example_skip_dag.py
[2025-03-22T10:39:44.187+0500] {logging_mixin.py:190} INFO - [2025-03-22T10:39:44.187+0500] {dag.py:3239} INFO - Sync 1 DAGs
[2025-03-22T10:39:44.198+0500] {logging_mixin.py:190} INFO - [2025-03-22T10:39:44.197+0500] {dag.py:4180} INFO - Setting next_dagrun for example_skip_dag to 2025-03-21 00:00:00+00:00, run_after=2025-03-22 00:00:00+00:00
[2025-03-22T10:39:44.213+0500] {processor.py:208} INFO - Processing /home/ruslan/.local/lib/python3.10/site-packages/airflow/example_dags/example_skip_dag.py took 0.046 seconds
[2025-03-22T10:40:39.485+0500] {processor.py:186} INFO - Started process (PID=39944) to work on /home/ruslan/.local/lib/python3.10/site-packages/airflow/example_dags/example_skip_dag.py
[2025-03-22T10:40:39.486+0500] {processor.py:914} INFO - Processing file /home/ruslan/.local/lib/python3.10/site-packages/airflow/example_dags/example_skip_dag.py for tasks to queue
[2025-03-22T10:40:39.488+0500] {logging_mixin.py:190} INFO - [2025-03-22T10:40:39.488+0500] {dagbag.py:588} INFO - Filling up the DagBag from /home/ruslan/.local/lib/python3.10/site-packages/airflow/example_dags/example_skip_dag.py
[2025-03-22T10:40:39.493+0500] {processor.py:925} INFO - DAG(s) 'example_skip_dag' retrieved from /home/ruslan/.local/lib/python3.10/site-packages/airflow/example_dags/example_skip_dag.py
[2025-03-22T10:40:39.503+0500] {logging_mixin.py:190} INFO - [2025-03-22T10:40:39.502+0500] {dag.py:3239} INFO - Sync 1 DAGs
[2025-03-22T10:40:39.514+0500] {logging_mixin.py:190} INFO - [2025-03-22T10:40:39.513+0500] {dag.py:4180} INFO - Setting next_dagrun for example_skip_dag to 2025-03-21 00:00:00+00:00, run_after=2025-03-22 00:00:00+00:00
[2025-03-22T10:40:39.529+0500] {processor.py:208} INFO - Processing /home/ruslan/.local/lib/python3.10/site-packages/airflow/example_dags/example_skip_dag.py took 0.047 seconds
[2025-03-22T10:41:42.086+0500] {processor.py:186} INFO - Started process (PID=40721) to work on /home/ruslan/.local/lib/python3.10/site-packages/airflow/example_dags/example_skip_dag.py
[2025-03-22T10:41:42.087+0500] {processor.py:914} INFO - Processing file /home/ruslan/.local/lib/python3.10/site-packages/airflow/example_dags/example_skip_dag.py for tasks to queue
[2025-03-22T10:41:42.088+0500] {logging_mixin.py:190} INFO - [2025-03-22T10:41:42.088+0500] {dagbag.py:588} INFO - Filling up the DagBag from /home/ruslan/.local/lib/python3.10/site-packages/airflow/example_dags/example_skip_dag.py
[2025-03-22T10:41:42.093+0500] {processor.py:925} INFO - DAG(s) 'example_skip_dag' retrieved from /home/ruslan/.local/lib/python3.10/site-packages/airflow/example_dags/example_skip_dag.py
[2025-03-22T10:41:42.102+0500] {logging_mixin.py:190} INFO - [2025-03-22T10:41:42.102+0500] {dag.py:3239} INFO - Sync 1 DAGs
[2025-03-22T10:41:42.113+0500] {logging_mixin.py:190} INFO - [2025-03-22T10:41:42.113+0500] {dag.py:4180} INFO - Setting next_dagrun for example_skip_dag to 2025-03-21 00:00:00+00:00, run_after=2025-03-22 00:00:00+00:00
[2025-03-22T10:41:42.128+0500] {processor.py:208} INFO - Processing /home/ruslan/.local/lib/python3.10/site-packages/airflow/example_dags/example_skip_dag.py took 0.046 seconds
[2025-03-22T10:42:36.278+0500] {processor.py:186} INFO - Started process (PID=41309) to work on /home/ruslan/.local/lib/python3.10/site-packages/airflow/example_dags/example_skip_dag.py
[2025-03-22T10:42:36.280+0500] {processor.py:914} INFO - Processing file /home/ruslan/.local/lib/python3.10/site-packages/airflow/example_dags/example_skip_dag.py for tasks to queue
[2025-03-22T10:42:36.281+0500] {logging_mixin.py:190} INFO - [2025-03-22T10:42:36.281+0500] {dagbag.py:588} INFO - Filling up the DagBag from /home/ruslan/.local/lib/python3.10/site-packages/airflow/example_dags/example_skip_dag.py
[2025-03-22T10:42:36.286+0500] {processor.py:925} INFO - DAG(s) 'example_skip_dag' retrieved from /home/ruslan/.local/lib/python3.10/site-packages/airflow/example_dags/example_skip_dag.py
[2025-03-22T10:42:36.295+0500] {logging_mixin.py:190} INFO - [2025-03-22T10:42:36.295+0500] {dag.py:3239} INFO - Sync 1 DAGs
[2025-03-22T10:42:36.306+0500] {logging_mixin.py:190} INFO - [2025-03-22T10:42:36.306+0500] {dag.py:4180} INFO - Setting next_dagrun for example_skip_dag to 2025-03-21 00:00:00+00:00, run_after=2025-03-22 00:00:00+00:00
[2025-03-22T10:42:36.321+0500] {processor.py:208} INFO - Processing /home/ruslan/.local/lib/python3.10/site-packages/airflow/example_dags/example_skip_dag.py took 0.046 seconds
[2025-03-22T10:43:32.672+0500] {processor.py:186} INFO - Started process (PID=42016) to work on /home/ruslan/.local/lib/python3.10/site-packages/airflow/example_dags/example_skip_dag.py
[2025-03-22T10:43:32.673+0500] {processor.py:914} INFO - Processing file /home/ruslan/.local/lib/python3.10/site-packages/airflow/example_dags/example_skip_dag.py for tasks to queue
[2025-03-22T10:43:32.675+0500] {logging_mixin.py:190} INFO - [2025-03-22T10:43:32.674+0500] {dagbag.py:588} INFO - Filling up the DagBag from /home/ruslan/.local/lib/python3.10/site-packages/airflow/example_dags/example_skip_dag.py
[2025-03-22T10:43:32.679+0500] {processor.py:925} INFO - DAG(s) 'example_skip_dag' retrieved from /home/ruslan/.local/lib/python3.10/site-packages/airflow/example_dags/example_skip_dag.py
[2025-03-22T10:43:32.689+0500] {logging_mixin.py:190} INFO - [2025-03-22T10:43:32.689+0500] {dag.py:3239} INFO - Sync 1 DAGs
[2025-03-22T10:43:32.700+0500] {logging_mixin.py:190} INFO - [2025-03-22T10:43:32.700+0500] {dag.py:4180} INFO - Setting next_dagrun for example_skip_dag to 2025-03-21 00:00:00+00:00, run_after=2025-03-22 00:00:00+00:00
[2025-03-22T10:43:32.716+0500] {processor.py:208} INFO - Processing /home/ruslan/.local/lib/python3.10/site-packages/airflow/example_dags/example_skip_dag.py took 0.048 seconds
[2025-03-22T10:44:28.544+0500] {processor.py:186} INFO - Started process (PID=42728) to work on /home/ruslan/.local/lib/python3.10/site-packages/airflow/example_dags/example_skip_dag.py
[2025-03-22T10:44:28.545+0500] {processor.py:914} INFO - Processing file /home/ruslan/.local/lib/python3.10/site-packages/airflow/example_dags/example_skip_dag.py for tasks to queue
[2025-03-22T10:44:28.547+0500] {logging_mixin.py:190} INFO - [2025-03-22T10:44:28.546+0500] {dagbag.py:588} INFO - Filling up the DagBag from /home/ruslan/.local/lib/python3.10/site-packages/airflow/example_dags/example_skip_dag.py
[2025-03-22T10:44:28.552+0500] {processor.py:925} INFO - DAG(s) 'example_skip_dag' retrieved from /home/ruslan/.local/lib/python3.10/site-packages/airflow/example_dags/example_skip_dag.py
[2025-03-22T10:44:28.561+0500] {logging_mixin.py:190} INFO - [2025-03-22T10:44:28.561+0500] {dag.py:3239} INFO - Sync 1 DAGs
[2025-03-22T10:44:28.572+0500] {logging_mixin.py:190} INFO - [2025-03-22T10:44:28.572+0500] {dag.py:4180} INFO - Setting next_dagrun for example_skip_dag to 2025-03-21 00:00:00+00:00, run_after=2025-03-22 00:00:00+00:00
[2025-03-22T10:44:28.587+0500] {processor.py:208} INFO - Processing /home/ruslan/.local/lib/python3.10/site-packages/airflow/example_dags/example_skip_dag.py took 0.046 seconds
[2025-03-22T10:45:21.419+0500] {processor.py:186} INFO - Started process (PID=43355) to work on /home/ruslan/.local/lib/python3.10/site-packages/airflow/example_dags/example_skip_dag.py
[2025-03-22T10:45:21.421+0500] {processor.py:914} INFO - Processing file /home/ruslan/.local/lib/python3.10/site-packages/airflow/example_dags/example_skip_dag.py for tasks to queue
[2025-03-22T10:45:21.422+0500] {logging_mixin.py:190} INFO - [2025-03-22T10:45:21.422+0500] {dagbag.py:588} INFO - Filling up the DagBag from /home/ruslan/.local/lib/python3.10/site-packages/airflow/example_dags/example_skip_dag.py
[2025-03-22T10:45:21.427+0500] {processor.py:925} INFO - DAG(s) 'example_skip_dag' retrieved from /home/ruslan/.local/lib/python3.10/site-packages/airflow/example_dags/example_skip_dag.py
[2025-03-22T10:45:21.437+0500] {logging_mixin.py:190} INFO - [2025-03-22T10:45:21.436+0500] {dag.py:3239} INFO - Sync 1 DAGs
[2025-03-22T10:45:21.448+0500] {logging_mixin.py:190} INFO - [2025-03-22T10:45:21.448+0500] {dag.py:4180} INFO - Setting next_dagrun for example_skip_dag to 2025-03-21 00:00:00+00:00, run_after=2025-03-22 00:00:00+00:00
[2025-03-22T10:45:21.463+0500] {processor.py:208} INFO - Processing /home/ruslan/.local/lib/python3.10/site-packages/airflow/example_dags/example_skip_dag.py took 0.047 seconds
[2025-03-22T10:46:20.180+0500] {processor.py:186} INFO - Started process (PID=44176) to work on /home/ruslan/.local/lib/python3.10/site-packages/airflow/example_dags/example_skip_dag.py
[2025-03-22T10:46:20.182+0500] {processor.py:914} INFO - Processing file /home/ruslan/.local/lib/python3.10/site-packages/airflow/example_dags/example_skip_dag.py for tasks to queue
[2025-03-22T10:46:20.183+0500] {logging_mixin.py:190} INFO - [2025-03-22T10:46:20.183+0500] {dagbag.py:588} INFO - Filling up the DagBag from /home/ruslan/.local/lib/python3.10/site-packages/airflow/example_dags/example_skip_dag.py
[2025-03-22T10:46:20.188+0500] {processor.py:925} INFO - DAG(s) 'example_skip_dag' retrieved from /home/ruslan/.local/lib/python3.10/site-packages/airflow/example_dags/example_skip_dag.py
[2025-03-22T10:46:20.197+0500] {logging_mixin.py:190} INFO - [2025-03-22T10:46:20.197+0500] {dag.py:3239} INFO - Sync 1 DAGs
[2025-03-22T10:46:20.208+0500] {logging_mixin.py:190} INFO - [2025-03-22T10:46:20.208+0500] {dag.py:4180} INFO - Setting next_dagrun for example_skip_dag to 2025-03-21 00:00:00+00:00, run_after=2025-03-22 00:00:00+00:00
[2025-03-22T10:46:20.223+0500] {processor.py:208} INFO - Processing /home/ruslan/.local/lib/python3.10/site-packages/airflow/example_dags/example_skip_dag.py took 0.047 seconds
[2025-03-22T10:47:15.540+0500] {processor.py:186} INFO - Started process (PID=44782) to work on /home/ruslan/.local/lib/python3.10/site-packages/airflow/example_dags/example_skip_dag.py
[2025-03-22T10:47:15.542+0500] {processor.py:914} INFO - Processing file /home/ruslan/.local/lib/python3.10/site-packages/airflow/example_dags/example_skip_dag.py for tasks to queue
[2025-03-22T10:47:15.543+0500] {logging_mixin.py:190} INFO - [2025-03-22T10:47:15.543+0500] {dagbag.py:588} INFO - Filling up the DagBag from /home/ruslan/.local/lib/python3.10/site-packages/airflow/example_dags/example_skip_dag.py
[2025-03-22T10:47:15.548+0500] {processor.py:925} INFO - DAG(s) 'example_skip_dag' retrieved from /home/ruslan/.local/lib/python3.10/site-packages/airflow/example_dags/example_skip_dag.py
[2025-03-22T10:47:15.557+0500] {logging_mixin.py:190} INFO - [2025-03-22T10:47:15.557+0500] {dag.py:3239} INFO - Sync 1 DAGs
[2025-03-22T10:47:15.568+0500] {logging_mixin.py:190} INFO - [2025-03-22T10:47:15.568+0500] {dag.py:4180} INFO - Setting next_dagrun for example_skip_dag to 2025-03-21 00:00:00+00:00, run_after=2025-03-22 00:00:00+00:00
[2025-03-22T10:47:15.583+0500] {processor.py:208} INFO - Processing /home/ruslan/.local/lib/python3.10/site-packages/airflow/example_dags/example_skip_dag.py took 0.046 seconds
[2025-03-22T10:48:11.361+0500] {processor.py:186} INFO - Started process (PID=45515) to work on /home/ruslan/.local/lib/python3.10/site-packages/airflow/example_dags/example_skip_dag.py
[2025-03-22T10:48:11.363+0500] {processor.py:914} INFO - Processing file /home/ruslan/.local/lib/python3.10/site-packages/airflow/example_dags/example_skip_dag.py for tasks to queue
[2025-03-22T10:48:11.364+0500] {logging_mixin.py:190} INFO - [2025-03-22T10:48:11.364+0500] {dagbag.py:588} INFO - Filling up the DagBag from /home/ruslan/.local/lib/python3.10/site-packages/airflow/example_dags/example_skip_dag.py
[2025-03-22T10:48:11.369+0500] {processor.py:925} INFO - DAG(s) 'example_skip_dag' retrieved from /home/ruslan/.local/lib/python3.10/site-packages/airflow/example_dags/example_skip_dag.py
[2025-03-22T10:48:11.378+0500] {logging_mixin.py:190} INFO - [2025-03-22T10:48:11.378+0500] {dag.py:3239} INFO - Sync 1 DAGs
[2025-03-22T10:48:11.389+0500] {logging_mixin.py:190} INFO - [2025-03-22T10:48:11.389+0500] {dag.py:4180} INFO - Setting next_dagrun for example_skip_dag to 2025-03-21 00:00:00+00:00, run_after=2025-03-22 00:00:00+00:00
[2025-03-22T10:48:11.404+0500] {processor.py:208} INFO - Processing /home/ruslan/.local/lib/python3.10/site-packages/airflow/example_dags/example_skip_dag.py took 0.046 seconds
[2025-03-22T12:46:52.996+0500] {processor.py:186} INFO - Started process (PID=938) to work on /home/ruslan/.local/lib/python3.10/site-packages/airflow/example_dags/example_skip_dag.py
[2025-03-22T12:46:52.997+0500] {processor.py:914} INFO - Processing file /home/ruslan/.local/lib/python3.10/site-packages/airflow/example_dags/example_skip_dag.py for tasks to queue
[2025-03-22T12:46:52.999+0500] {logging_mixin.py:190} INFO - [2025-03-22T12:46:52.998+0500] {dagbag.py:588} INFO - Filling up the DagBag from /home/ruslan/.local/lib/python3.10/site-packages/airflow/example_dags/example_skip_dag.py
[2025-03-22T12:46:53.004+0500] {processor.py:925} INFO - DAG(s) 'example_skip_dag' retrieved from /home/ruslan/.local/lib/python3.10/site-packages/airflow/example_dags/example_skip_dag.py
[2025-03-22T12:46:53.017+0500] {logging_mixin.py:190} INFO - [2025-03-22T12:46:53.017+0500] {dag.py:3239} INFO - Sync 1 DAGs
[2025-03-22T12:46:53.028+0500] {logging_mixin.py:190} INFO - [2025-03-22T12:46:53.028+0500] {dag.py:4180} INFO - Setting next_dagrun for example_skip_dag to 2025-03-21 00:00:00+00:00, run_after=2025-03-22 00:00:00+00:00
[2025-03-22T12:46:53.044+0500] {processor.py:208} INFO - Processing /home/ruslan/.local/lib/python3.10/site-packages/airflow/example_dags/example_skip_dag.py took 0.051 seconds
[2025-03-22T12:47:50.021+0500] {processor.py:186} INFO - Started process (PID=6192) to work on /home/ruslan/.local/lib/python3.10/site-packages/airflow/example_dags/example_skip_dag.py
[2025-03-22T12:47:50.023+0500] {processor.py:914} INFO - Processing file /home/ruslan/.local/lib/python3.10/site-packages/airflow/example_dags/example_skip_dag.py for tasks to queue
[2025-03-22T12:47:50.024+0500] {logging_mixin.py:190} INFO - [2025-03-22T12:47:50.024+0500] {dagbag.py:588} INFO - Filling up the DagBag from /home/ruslan/.local/lib/python3.10/site-packages/airflow/example_dags/example_skip_dag.py
[2025-03-22T12:47:50.028+0500] {processor.py:925} INFO - DAG(s) 'example_skip_dag' retrieved from /home/ruslan/.local/lib/python3.10/site-packages/airflow/example_dags/example_skip_dag.py
[2025-03-22T12:47:50.037+0500] {logging_mixin.py:190} INFO - [2025-03-22T12:47:50.037+0500] {dag.py:3239} INFO - Sync 1 DAGs
[2025-03-22T12:47:50.047+0500] {logging_mixin.py:190} INFO - [2025-03-22T12:47:50.047+0500] {dag.py:4180} INFO - Setting next_dagrun for example_skip_dag to 2025-03-21 00:00:00+00:00, run_after=2025-03-22 00:00:00+00:00
[2025-03-22T12:47:50.062+0500] {processor.py:208} INFO - Processing /home/ruslan/.local/lib/python3.10/site-packages/airflow/example_dags/example_skip_dag.py took 0.044 seconds
[2025-03-22T12:48:42.923+0500] {processor.py:186} INFO - Started process (PID=6482) to work on /home/ruslan/.local/lib/python3.10/site-packages/airflow/example_dags/example_skip_dag.py
[2025-03-22T12:48:42.924+0500] {processor.py:914} INFO - Processing file /home/ruslan/.local/lib/python3.10/site-packages/airflow/example_dags/example_skip_dag.py for tasks to queue
[2025-03-22T12:48:42.926+0500] {logging_mixin.py:190} INFO - [2025-03-22T12:48:42.925+0500] {dagbag.py:588} INFO - Filling up the DagBag from /home/ruslan/.local/lib/python3.10/site-packages/airflow/example_dags/example_skip_dag.py
[2025-03-22T12:48:42.931+0500] {processor.py:925} INFO - DAG(s) 'example_skip_dag' retrieved from /home/ruslan/.local/lib/python3.10/site-packages/airflow/example_dags/example_skip_dag.py
[2025-03-22T12:48:42.943+0500] {logging_mixin.py:190} INFO - [2025-03-22T12:48:42.942+0500] {dag.py:3239} INFO - Sync 1 DAGs
[2025-03-22T12:48:42.957+0500] {logging_mixin.py:190} INFO - [2025-03-22T12:48:42.957+0500] {dag.py:4180} INFO - Setting next_dagrun for example_skip_dag to 2025-03-21 00:00:00+00:00, run_after=2025-03-22 00:00:00+00:00
[2025-03-22T12:48:42.975+0500] {processor.py:208} INFO - Processing /home/ruslan/.local/lib/python3.10/site-packages/airflow/example_dags/example_skip_dag.py took 0.055 seconds
[2025-03-22T12:49:40.368+0500] {processor.py:186} INFO - Started process (PID=7403) to work on /home/ruslan/.local/lib/python3.10/site-packages/airflow/example_dags/example_skip_dag.py
[2025-03-22T12:49:40.370+0500] {processor.py:914} INFO - Processing file /home/ruslan/.local/lib/python3.10/site-packages/airflow/example_dags/example_skip_dag.py for tasks to queue
[2025-03-22T12:49:40.371+0500] {logging_mixin.py:190} INFO - [2025-03-22T12:49:40.371+0500] {dagbag.py:588} INFO - Filling up the DagBag from /home/ruslan/.local/lib/python3.10/site-packages/airflow/example_dags/example_skip_dag.py
[2025-03-22T12:49:40.375+0500] {processor.py:925} INFO - DAG(s) 'example_skip_dag' retrieved from /home/ruslan/.local/lib/python3.10/site-packages/airflow/example_dags/example_skip_dag.py
[2025-03-22T12:49:40.384+0500] {logging_mixin.py:190} INFO - [2025-03-22T12:49:40.384+0500] {dag.py:3239} INFO - Sync 1 DAGs
[2025-03-22T12:49:40.394+0500] {logging_mixin.py:190} INFO - [2025-03-22T12:49:40.394+0500] {dag.py:4180} INFO - Setting next_dagrun for example_skip_dag to 2025-03-21 00:00:00+00:00, run_after=2025-03-22 00:00:00+00:00
[2025-03-22T12:49:40.408+0500] {processor.py:208} INFO - Processing /home/ruslan/.local/lib/python3.10/site-packages/airflow/example_dags/example_skip_dag.py took 0.043 seconds
[2025-03-22T12:51:00.031+0500] {processor.py:186} INFO - Started process (PID=8504) to work on /home/ruslan/.local/lib/python3.10/site-packages/airflow/example_dags/example_skip_dag.py
[2025-03-22T12:51:00.031+0500] {processor.py:914} INFO - Processing file /home/ruslan/.local/lib/python3.10/site-packages/airflow/example_dags/example_skip_dag.py for tasks to queue
[2025-03-22T12:51:00.033+0500] {logging_mixin.py:190} INFO - [2025-03-22T12:51:00.033+0500] {dagbag.py:588} INFO - Filling up the DagBag from /home/ruslan/.local/lib/python3.10/site-packages/airflow/example_dags/example_skip_dag.py
[2025-03-22T12:51:00.038+0500] {processor.py:925} INFO - DAG(s) 'example_skip_dag' retrieved from /home/ruslan/.local/lib/python3.10/site-packages/airflow/example_dags/example_skip_dag.py
[2025-03-22T12:51:00.051+0500] {logging_mixin.py:190} INFO - [2025-03-22T12:51:00.050+0500] {dag.py:3239} INFO - Sync 1 DAGs
[2025-03-22T12:51:00.061+0500] {logging_mixin.py:190} INFO - [2025-03-22T12:51:00.061+0500] {dag.py:4180} INFO - Setting next_dagrun for example_skip_dag to 2025-03-21 00:00:00+00:00, run_after=2025-03-22 00:00:00+00:00
[2025-03-22T12:51:00.075+0500] {processor.py:208} INFO - Processing /home/ruslan/.local/lib/python3.10/site-packages/airflow/example_dags/example_skip_dag.py took 0.048 seconds
