[2025-03-22T10:07:28.682+0500] {processor.py:186} INFO - Started process (PID=17984) to work on /home/ruslan/.local/lib/python3.10/site-packages/airflow/example_dags/example_xcomargs.py
[2025-03-22T10:07:28.683+0500] {processor.py:914} INFO - Processing file /home/ruslan/.local/lib/python3.10/site-packages/airflow/example_dags/example_xcomargs.py for tasks to queue
[2025-03-22T10:07:28.684+0500] {logging_mixin.py:190} INFO - [2025-03-22T10:07:28.684+0500] {dagbag.py:588} INFO - Filling up the DagBag from /home/ruslan/.local/lib/python3.10/site-packages/airflow/example_dags/example_xcomargs.py
[2025-03-22T10:07:28.690+0500] {processor.py:925} INFO - DAG(s) 'example_xcom_args', 'example_xcom_args_with_operators' retrieved from /home/ruslan/.local/lib/python3.10/site-packages/airflow/example_dags/example_xcomargs.py
[2025-03-22T10:07:28.749+0500] {logging_mixin.py:190} INFO - [2025-03-22T10:07:28.748+0500] {override.py:1930} INFO - Created Permission View: can delete on DAG:example_xcom_args
[2025-03-22T10:07:28.759+0500] {logging_mixin.py:190} INFO - [2025-03-22T10:07:28.759+0500] {override.py:1930} INFO - Created Permission View: can read on DAG:example_xcom_args
[2025-03-22T10:07:28.766+0500] {logging_mixin.py:190} INFO - [2025-03-22T10:07:28.766+0500] {override.py:1930} INFO - Created Permission View: can edit on DAG:example_xcom_args
[2025-03-22T10:07:28.778+0500] {logging_mixin.py:190} INFO - [2025-03-22T10:07:28.778+0500] {override.py:1930} INFO - Created Permission View: can create on DAG Run:example_xcom_args
[2025-03-22T10:07:28.786+0500] {logging_mixin.py:190} INFO - [2025-03-22T10:07:28.785+0500] {override.py:1930} INFO - Created Permission View: menu access on DAG Run:example_xcom_args
[2025-03-22T10:07:28.793+0500] {logging_mixin.py:190} INFO - [2025-03-22T10:07:28.793+0500] {override.py:1930} INFO - Created Permission View: can read on DAG Run:example_xcom_args
[2025-03-22T10:07:28.800+0500] {logging_mixin.py:190} INFO - [2025-03-22T10:07:28.800+0500] {override.py:1930} INFO - Created Permission View: can delete on DAG Run:example_xcom_args
[2025-03-22T10:07:28.816+0500] {logging_mixin.py:190} INFO - [2025-03-22T10:07:28.816+0500] {override.py:1930} INFO - Created Permission View: can delete on DAG:example_xcom_args_with_operators
[2025-03-22T10:07:28.825+0500] {logging_mixin.py:190} INFO - [2025-03-22T10:07:28.824+0500] {override.py:1930} INFO - Created Permission View: can read on DAG:example_xcom_args_with_operators
[2025-03-22T10:07:28.836+0500] {logging_mixin.py:190} INFO - [2025-03-22T10:07:28.835+0500] {override.py:1930} INFO - Created Permission View: can edit on DAG:example_xcom_args_with_operators
[2025-03-22T10:07:28.851+0500] {logging_mixin.py:190} INFO - [2025-03-22T10:07:28.851+0500] {override.py:1930} INFO - Created Permission View: can create on DAG Run:example_xcom_args_with_operators
[2025-03-22T10:07:28.864+0500] {logging_mixin.py:190} INFO - [2025-03-22T10:07:28.864+0500] {override.py:1930} INFO - Created Permission View: menu access on DAG Run:example_xcom_args_with_operators
[2025-03-22T10:07:28.875+0500] {logging_mixin.py:190} INFO - [2025-03-22T10:07:28.874+0500] {override.py:1930} INFO - Created Permission View: can read on DAG Run:example_xcom_args_with_operators
[2025-03-22T10:07:28.892+0500] {logging_mixin.py:190} INFO - [2025-03-22T10:07:28.891+0500] {override.py:1930} INFO - Created Permission View: can delete on DAG Run:example_xcom_args_with_operators
[2025-03-22T10:07:28.892+0500] {logging_mixin.py:190} INFO - [2025-03-22T10:07:28.892+0500] {dag.py:3239} INFO - Sync 2 DAGs
[2025-03-22T10:07:28.902+0500] {logging_mixin.py:190} INFO - [2025-03-22T10:07:28.902+0500] {dag.py:3262} INFO - Creating ORM DAG for example_xcom_args
[2025-03-22T10:07:28.903+0500] {logging_mixin.py:190} INFO - [2025-03-22T10:07:28.903+0500] {dag.py:3262} INFO - Creating ORM DAG for example_xcom_args_with_operators
[2025-03-22T10:07:28.903+0500] {logging_mixin.py:190} INFO - [2025-03-22T10:07:28.903+0500] {dag.py:4180} INFO - Setting next_dagrun for example_xcom_args to None, run_after=None
[2025-03-22T10:07:28.904+0500] {logging_mixin.py:190} INFO - [2025-03-22T10:07:28.904+0500] {dag.py:4180} INFO - Setting next_dagrun for example_xcom_args_with_operators to None, run_after=None
[2025-03-22T10:07:28.930+0500] {processor.py:208} INFO - Processing /home/ruslan/.local/lib/python3.10/site-packages/airflow/example_dags/example_xcomargs.py took 0.252 seconds
[2025-03-22T10:08:24.072+0500] {processor.py:186} INFO - Started process (PID=18613) to work on /home/ruslan/.local/lib/python3.10/site-packages/airflow/example_dags/example_xcomargs.py
[2025-03-22T10:08:24.073+0500] {processor.py:914} INFO - Processing file /home/ruslan/.local/lib/python3.10/site-packages/airflow/example_dags/example_xcomargs.py for tasks to queue
[2025-03-22T10:08:24.074+0500] {logging_mixin.py:190} INFO - [2025-03-22T10:08:24.074+0500] {dagbag.py:588} INFO - Filling up the DagBag from /home/ruslan/.local/lib/python3.10/site-packages/airflow/example_dags/example_xcomargs.py
[2025-03-22T10:08:24.081+0500] {processor.py:925} INFO - DAG(s) 'example_xcom_args_with_operators', 'example_xcom_args' retrieved from /home/ruslan/.local/lib/python3.10/site-packages/airflow/example_dags/example_xcomargs.py
[2025-03-22T10:08:24.091+0500] {logging_mixin.py:190} INFO - [2025-03-22T10:08:24.091+0500] {dag.py:3239} INFO - Sync 2 DAGs
[2025-03-22T10:08:24.098+0500] {logging_mixin.py:190} INFO - [2025-03-22T10:08:24.098+0500] {dag.py:4180} INFO - Setting next_dagrun for example_xcom_args to None, run_after=None
[2025-03-22T10:08:24.100+0500] {logging_mixin.py:190} INFO - [2025-03-22T10:08:24.100+0500] {dag.py:4180} INFO - Setting next_dagrun for example_xcom_args_with_operators to None, run_after=None
[2025-03-22T10:08:24.114+0500] {processor.py:208} INFO - Processing /home/ruslan/.local/lib/python3.10/site-packages/airflow/example_dags/example_xcomargs.py took 0.046 seconds
[2025-03-22T10:09:21.466+0500] {processor.py:186} INFO - Started process (PID=19220) to work on /home/ruslan/.local/lib/python3.10/site-packages/airflow/example_dags/example_xcomargs.py
[2025-03-22T10:09:21.467+0500] {processor.py:914} INFO - Processing file /home/ruslan/.local/lib/python3.10/site-packages/airflow/example_dags/example_xcomargs.py for tasks to queue
[2025-03-22T10:09:21.469+0500] {logging_mixin.py:190} INFO - [2025-03-22T10:09:21.468+0500] {dagbag.py:588} INFO - Filling up the DagBag from /home/ruslan/.local/lib/python3.10/site-packages/airflow/example_dags/example_xcomargs.py
[2025-03-22T10:09:21.475+0500] {processor.py:925} INFO - DAG(s) 'example_xcom_args_with_operators', 'example_xcom_args' retrieved from /home/ruslan/.local/lib/python3.10/site-packages/airflow/example_dags/example_xcomargs.py
[2025-03-22T10:09:21.485+0500] {logging_mixin.py:190} INFO - [2025-03-22T10:09:21.485+0500] {dag.py:3239} INFO - Sync 2 DAGs
[2025-03-22T10:09:21.491+0500] {logging_mixin.py:190} INFO - [2025-03-22T10:09:21.491+0500] {dag.py:4180} INFO - Setting next_dagrun for example_xcom_args to None, run_after=None
[2025-03-22T10:09:21.493+0500] {logging_mixin.py:190} INFO - [2025-03-22T10:09:21.493+0500] {dag.py:4180} INFO - Setting next_dagrun for example_xcom_args_with_operators to None, run_after=None
[2025-03-22T10:09:21.508+0500] {processor.py:208} INFO - Processing /home/ruslan/.local/lib/python3.10/site-packages/airflow/example_dags/example_xcomargs.py took 0.045 seconds
[2025-03-22T10:10:18.138+0500] {processor.py:186} INFO - Started process (PID=19822) to work on /home/ruslan/.local/lib/python3.10/site-packages/airflow/example_dags/example_xcomargs.py
[2025-03-22T10:10:18.139+0500] {processor.py:914} INFO - Processing file /home/ruslan/.local/lib/python3.10/site-packages/airflow/example_dags/example_xcomargs.py for tasks to queue
[2025-03-22T10:10:18.141+0500] {logging_mixin.py:190} INFO - [2025-03-22T10:10:18.141+0500] {dagbag.py:588} INFO - Filling up the DagBag from /home/ruslan/.local/lib/python3.10/site-packages/airflow/example_dags/example_xcomargs.py
[2025-03-22T10:10:18.149+0500] {processor.py:925} INFO - DAG(s) 'example_xcom_args_with_operators', 'example_xcom_args' retrieved from /home/ruslan/.local/lib/python3.10/site-packages/airflow/example_dags/example_xcomargs.py
[2025-03-22T10:10:18.163+0500] {logging_mixin.py:190} INFO - [2025-03-22T10:10:18.163+0500] {dag.py:3239} INFO - Sync 2 DAGs
[2025-03-22T10:10:18.171+0500] {logging_mixin.py:190} INFO - [2025-03-22T10:10:18.171+0500] {dag.py:4180} INFO - Setting next_dagrun for example_xcom_args to None, run_after=None
[2025-03-22T10:10:18.173+0500] {logging_mixin.py:190} INFO - [2025-03-22T10:10:18.173+0500] {dag.py:4180} INFO - Setting next_dagrun for example_xcom_args_with_operators to None, run_after=None
[2025-03-22T10:10:18.188+0500] {processor.py:208} INFO - Processing /home/ruslan/.local/lib/python3.10/site-packages/airflow/example_dags/example_xcomargs.py took 0.054 seconds
[2025-03-22T10:11:12.719+0500] {processor.py:186} INFO - Started process (PID=20329) to work on /home/ruslan/.local/lib/python3.10/site-packages/airflow/example_dags/example_xcomargs.py
[2025-03-22T10:11:12.720+0500] {processor.py:914} INFO - Processing file /home/ruslan/.local/lib/python3.10/site-packages/airflow/example_dags/example_xcomargs.py for tasks to queue
[2025-03-22T10:11:12.722+0500] {logging_mixin.py:190} INFO - [2025-03-22T10:11:12.721+0500] {dagbag.py:588} INFO - Filling up the DagBag from /home/ruslan/.local/lib/python3.10/site-packages/airflow/example_dags/example_xcomargs.py
[2025-03-22T10:11:12.728+0500] {processor.py:925} INFO - DAG(s) 'example_xcom_args_with_operators', 'example_xcom_args' retrieved from /home/ruslan/.local/lib/python3.10/site-packages/airflow/example_dags/example_xcomargs.py
[2025-03-22T10:11:12.738+0500] {logging_mixin.py:190} INFO - [2025-03-22T10:11:12.738+0500] {dag.py:3239} INFO - Sync 2 DAGs
[2025-03-22T10:11:12.745+0500] {logging_mixin.py:190} INFO - [2025-03-22T10:11:12.745+0500] {dag.py:4180} INFO - Setting next_dagrun for example_xcom_args to None, run_after=None
[2025-03-22T10:11:12.747+0500] {logging_mixin.py:190} INFO - [2025-03-22T10:11:12.747+0500] {dag.py:4180} INFO - Setting next_dagrun for example_xcom_args_with_operators to None, run_after=None
[2025-03-22T10:11:12.761+0500] {processor.py:208} INFO - Processing /home/ruslan/.local/lib/python3.10/site-packages/airflow/example_dags/example_xcomargs.py took 0.045 seconds
[2025-03-22T10:12:05.624+0500] {processor.py:186} INFO - Started process (PID=20917) to work on /home/ruslan/.local/lib/python3.10/site-packages/airflow/example_dags/example_xcomargs.py
[2025-03-22T10:12:05.625+0500] {processor.py:914} INFO - Processing file /home/ruslan/.local/lib/python3.10/site-packages/airflow/example_dags/example_xcomargs.py for tasks to queue
[2025-03-22T10:12:05.626+0500] {logging_mixin.py:190} INFO - [2025-03-22T10:12:05.626+0500] {dagbag.py:588} INFO - Filling up the DagBag from /home/ruslan/.local/lib/python3.10/site-packages/airflow/example_dags/example_xcomargs.py
[2025-03-22T10:12:05.633+0500] {processor.py:925} INFO - DAG(s) 'example_xcom_args', 'example_xcom_args_with_operators' retrieved from /home/ruslan/.local/lib/python3.10/site-packages/airflow/example_dags/example_xcomargs.py
[2025-03-22T10:12:05.645+0500] {logging_mixin.py:190} INFO - [2025-03-22T10:12:05.644+0500] {dag.py:3239} INFO - Sync 2 DAGs
[2025-03-22T10:12:05.652+0500] {logging_mixin.py:190} INFO - [2025-03-22T10:12:05.652+0500] {dag.py:4180} INFO - Setting next_dagrun for example_xcom_args to None, run_after=None
[2025-03-22T10:12:05.655+0500] {logging_mixin.py:190} INFO - [2025-03-22T10:12:05.655+0500] {dag.py:4180} INFO - Setting next_dagrun for example_xcom_args_with_operators to None, run_after=None
[2025-03-22T10:12:05.670+0500] {processor.py:208} INFO - Processing /home/ruslan/.local/lib/python3.10/site-packages/airflow/example_dags/example_xcomargs.py took 0.050 seconds
[2025-03-22T10:12:54.422+0500] {processor.py:186} INFO - Started process (PID=21428) to work on /home/ruslan/.local/lib/python3.10/site-packages/airflow/example_dags/example_xcomargs.py
[2025-03-22T10:12:54.423+0500] {processor.py:914} INFO - Processing file /home/ruslan/.local/lib/python3.10/site-packages/airflow/example_dags/example_xcomargs.py for tasks to queue
[2025-03-22T10:12:54.425+0500] {logging_mixin.py:190} INFO - [2025-03-22T10:12:54.424+0500] {dagbag.py:588} INFO - Filling up the DagBag from /home/ruslan/.local/lib/python3.10/site-packages/airflow/example_dags/example_xcomargs.py
[2025-03-22T10:12:54.431+0500] {processor.py:925} INFO - DAG(s) 'example_xcom_args', 'example_xcom_args_with_operators' retrieved from /home/ruslan/.local/lib/python3.10/site-packages/airflow/example_dags/example_xcomargs.py
[2025-03-22T10:12:54.442+0500] {logging_mixin.py:190} INFO - [2025-03-22T10:12:54.442+0500] {dag.py:3239} INFO - Sync 2 DAGs
[2025-03-22T10:12:54.450+0500] {logging_mixin.py:190} INFO - [2025-03-22T10:12:54.449+0500] {dag.py:4180} INFO - Setting next_dagrun for example_xcom_args to None, run_after=None
[2025-03-22T10:12:54.452+0500] {logging_mixin.py:190} INFO - [2025-03-22T10:12:54.452+0500] {dag.py:4180} INFO - Setting next_dagrun for example_xcom_args_with_operators to None, run_after=None
[2025-03-22T10:12:54.468+0500] {processor.py:208} INFO - Processing /home/ruslan/.local/lib/python3.10/site-packages/airflow/example_dags/example_xcomargs.py took 0.050 seconds
[2025-03-22T10:13:49.699+0500] {processor.py:186} INFO - Started process (PID=22015) to work on /home/ruslan/.local/lib/python3.10/site-packages/airflow/example_dags/example_xcomargs.py
[2025-03-22T10:13:49.700+0500] {processor.py:914} INFO - Processing file /home/ruslan/.local/lib/python3.10/site-packages/airflow/example_dags/example_xcomargs.py for tasks to queue
[2025-03-22T10:13:49.701+0500] {logging_mixin.py:190} INFO - [2025-03-22T10:13:49.701+0500] {dagbag.py:588} INFO - Filling up the DagBag from /home/ruslan/.local/lib/python3.10/site-packages/airflow/example_dags/example_xcomargs.py
[2025-03-22T10:13:49.708+0500] {processor.py:925} INFO - DAG(s) 'example_xcom_args_with_operators', 'example_xcom_args' retrieved from /home/ruslan/.local/lib/python3.10/site-packages/airflow/example_dags/example_xcomargs.py
[2025-03-22T10:13:49.720+0500] {logging_mixin.py:190} INFO - [2025-03-22T10:13:49.720+0500] {dag.py:3239} INFO - Sync 2 DAGs
[2025-03-22T10:13:49.728+0500] {logging_mixin.py:190} INFO - [2025-03-22T10:13:49.728+0500] {dag.py:4180} INFO - Setting next_dagrun for example_xcom_args to None, run_after=None
[2025-03-22T10:13:49.730+0500] {logging_mixin.py:190} INFO - [2025-03-22T10:13:49.730+0500] {dag.py:4180} INFO - Setting next_dagrun for example_xcom_args_with_operators to None, run_after=None
[2025-03-22T10:13:49.744+0500] {processor.py:208} INFO - Processing /home/ruslan/.local/lib/python3.10/site-packages/airflow/example_dags/example_xcomargs.py took 0.049 seconds
[2025-03-22T10:14:44.160+0500] {processor.py:186} INFO - Started process (PID=22529) to work on /home/ruslan/.local/lib/python3.10/site-packages/airflow/example_dags/example_xcomargs.py
[2025-03-22T10:14:44.161+0500] {processor.py:914} INFO - Processing file /home/ruslan/.local/lib/python3.10/site-packages/airflow/example_dags/example_xcomargs.py for tasks to queue
[2025-03-22T10:14:44.163+0500] {logging_mixin.py:190} INFO - [2025-03-22T10:14:44.162+0500] {dagbag.py:588} INFO - Filling up the DagBag from /home/ruslan/.local/lib/python3.10/site-packages/airflow/example_dags/example_xcomargs.py
[2025-03-22T10:14:44.169+0500] {processor.py:925} INFO - DAG(s) 'example_xcom_args', 'example_xcom_args_with_operators' retrieved from /home/ruslan/.local/lib/python3.10/site-packages/airflow/example_dags/example_xcomargs.py
[2025-03-22T10:14:44.181+0500] {logging_mixin.py:190} INFO - [2025-03-22T10:14:44.180+0500] {dag.py:3239} INFO - Sync 2 DAGs
[2025-03-22T10:14:44.190+0500] {logging_mixin.py:190} INFO - [2025-03-22T10:14:44.190+0500] {dag.py:4180} INFO - Setting next_dagrun for example_xcom_args to None, run_after=None
[2025-03-22T10:14:44.192+0500] {logging_mixin.py:190} INFO - [2025-03-22T10:14:44.192+0500] {dag.py:4180} INFO - Setting next_dagrun for example_xcom_args_with_operators to None, run_after=None
[2025-03-22T10:14:44.206+0500] {processor.py:208} INFO - Processing /home/ruslan/.local/lib/python3.10/site-packages/airflow/example_dags/example_xcomargs.py took 0.050 seconds
[2025-03-22T10:15:35.931+0500] {processor.py:186} INFO - Started process (PID=23112) to work on /home/ruslan/.local/lib/python3.10/site-packages/airflow/example_dags/example_xcomargs.py
[2025-03-22T10:15:35.932+0500] {processor.py:914} INFO - Processing file /home/ruslan/.local/lib/python3.10/site-packages/airflow/example_dags/example_xcomargs.py for tasks to queue
[2025-03-22T10:15:35.934+0500] {logging_mixin.py:190} INFO - [2025-03-22T10:15:35.933+0500] {dagbag.py:588} INFO - Filling up the DagBag from /home/ruslan/.local/lib/python3.10/site-packages/airflow/example_dags/example_xcomargs.py
[2025-03-22T10:15:35.940+0500] {processor.py:925} INFO - DAG(s) 'example_xcom_args_with_operators', 'example_xcom_args' retrieved from /home/ruslan/.local/lib/python3.10/site-packages/airflow/example_dags/example_xcomargs.py
[2025-03-22T10:15:35.949+0500] {logging_mixin.py:190} INFO - [2025-03-22T10:15:35.949+0500] {dag.py:3239} INFO - Sync 2 DAGs
[2025-03-22T10:15:35.956+0500] {logging_mixin.py:190} INFO - [2025-03-22T10:15:35.956+0500] {dag.py:4180} INFO - Setting next_dagrun for example_xcom_args to None, run_after=None
[2025-03-22T10:15:35.958+0500] {logging_mixin.py:190} INFO - [2025-03-22T10:15:35.958+0500] {dag.py:4180} INFO - Setting next_dagrun for example_xcom_args_with_operators to None, run_after=None
[2025-03-22T10:15:35.973+0500] {processor.py:208} INFO - Processing /home/ruslan/.local/lib/python3.10/site-packages/airflow/example_dags/example_xcomargs.py took 0.045 seconds
[2025-03-22T10:16:49.298+0500] {processor.py:186} INFO - Started process (PID=23904) to work on /home/ruslan/.local/lib/python3.10/site-packages/airflow/example_dags/example_xcomargs.py
[2025-03-22T10:16:49.300+0500] {processor.py:914} INFO - Processing file /home/ruslan/.local/lib/python3.10/site-packages/airflow/example_dags/example_xcomargs.py for tasks to queue
[2025-03-22T10:16:49.301+0500] {logging_mixin.py:190} INFO - [2025-03-22T10:16:49.301+0500] {dagbag.py:588} INFO - Filling up the DagBag from /home/ruslan/.local/lib/python3.10/site-packages/airflow/example_dags/example_xcomargs.py
[2025-03-22T10:16:49.307+0500] {processor.py:925} INFO - DAG(s) 'example_xcom_args', 'example_xcom_args_with_operators' retrieved from /home/ruslan/.local/lib/python3.10/site-packages/airflow/example_dags/example_xcomargs.py
[2025-03-22T10:16:49.317+0500] {logging_mixin.py:190} INFO - [2025-03-22T10:16:49.317+0500] {dag.py:3239} INFO - Sync 2 DAGs
[2025-03-22T10:16:49.323+0500] {logging_mixin.py:190} INFO - [2025-03-22T10:16:49.323+0500] {dag.py:4180} INFO - Setting next_dagrun for example_xcom_args to None, run_after=None
[2025-03-22T10:16:49.325+0500] {logging_mixin.py:190} INFO - [2025-03-22T10:16:49.325+0500] {dag.py:4180} INFO - Setting next_dagrun for example_xcom_args_with_operators to None, run_after=None
[2025-03-22T10:16:49.340+0500] {processor.py:208} INFO - Processing /home/ruslan/.local/lib/python3.10/site-packages/airflow/example_dags/example_xcomargs.py took 0.045 seconds
[2025-03-22T10:18:06.601+0500] {processor.py:186} INFO - Started process (PID=24698) to work on /home/ruslan/.local/lib/python3.10/site-packages/airflow/example_dags/example_xcomargs.py
[2025-03-22T10:18:06.602+0500] {processor.py:914} INFO - Processing file /home/ruslan/.local/lib/python3.10/site-packages/airflow/example_dags/example_xcomargs.py for tasks to queue
[2025-03-22T10:18:06.603+0500] {logging_mixin.py:190} INFO - [2025-03-22T10:18:06.603+0500] {dagbag.py:588} INFO - Filling up the DagBag from /home/ruslan/.local/lib/python3.10/site-packages/airflow/example_dags/example_xcomargs.py
[2025-03-22T10:18:06.609+0500] {processor.py:925} INFO - DAG(s) 'example_xcom_args', 'example_xcom_args_with_operators' retrieved from /home/ruslan/.local/lib/python3.10/site-packages/airflow/example_dags/example_xcomargs.py
[2025-03-22T10:18:06.619+0500] {logging_mixin.py:190} INFO - [2025-03-22T10:18:06.619+0500] {dag.py:3239} INFO - Sync 2 DAGs
[2025-03-22T10:18:06.627+0500] {logging_mixin.py:190} INFO - [2025-03-22T10:18:06.626+0500] {dag.py:4180} INFO - Setting next_dagrun for example_xcom_args to None, run_after=None
[2025-03-22T10:18:06.628+0500] {logging_mixin.py:190} INFO - [2025-03-22T10:18:06.628+0500] {dag.py:4180} INFO - Setting next_dagrun for example_xcom_args_with_operators to None, run_after=None
[2025-03-22T10:18:06.642+0500] {processor.py:208} INFO - Processing /home/ruslan/.local/lib/python3.10/site-packages/airflow/example_dags/example_xcomargs.py took 0.045 seconds
[2025-03-22T10:18:57.924+0500] {processor.py:186} INFO - Started process (PID=25229) to work on /home/ruslan/.local/lib/python3.10/site-packages/airflow/example_dags/example_xcomargs.py
[2025-03-22T10:18:57.925+0500] {processor.py:914} INFO - Processing file /home/ruslan/.local/lib/python3.10/site-packages/airflow/example_dags/example_xcomargs.py for tasks to queue
[2025-03-22T10:18:57.926+0500] {logging_mixin.py:190} INFO - [2025-03-22T10:18:57.926+0500] {dagbag.py:588} INFO - Filling up the DagBag from /home/ruslan/.local/lib/python3.10/site-packages/airflow/example_dags/example_xcomargs.py
[2025-03-22T10:18:57.932+0500] {processor.py:925} INFO - DAG(s) 'example_xcom_args', 'example_xcom_args_with_operators' retrieved from /home/ruslan/.local/lib/python3.10/site-packages/airflow/example_dags/example_xcomargs.py
[2025-03-22T10:18:57.942+0500] {logging_mixin.py:190} INFO - [2025-03-22T10:18:57.942+0500] {dag.py:3239} INFO - Sync 2 DAGs
[2025-03-22T10:18:57.949+0500] {logging_mixin.py:190} INFO - [2025-03-22T10:18:57.949+0500] {dag.py:4180} INFO - Setting next_dagrun for example_xcom_args to None, run_after=None
[2025-03-22T10:18:57.950+0500] {logging_mixin.py:190} INFO - [2025-03-22T10:18:57.950+0500] {dag.py:4180} INFO - Setting next_dagrun for example_xcom_args_with_operators to None, run_after=None
[2025-03-22T10:18:57.964+0500] {processor.py:208} INFO - Processing /home/ruslan/.local/lib/python3.10/site-packages/airflow/example_dags/example_xcomargs.py took 0.044 seconds
[2025-03-22T10:20:14.621+0500] {processor.py:186} INFO - Started process (PID=26026) to work on /home/ruslan/.local/lib/python3.10/site-packages/airflow/example_dags/example_xcomargs.py
[2025-03-22T10:20:14.622+0500] {processor.py:914} INFO - Processing file /home/ruslan/.local/lib/python3.10/site-packages/airflow/example_dags/example_xcomargs.py for tasks to queue
[2025-03-22T10:20:14.624+0500] {logging_mixin.py:190} INFO - [2025-03-22T10:20:14.624+0500] {dagbag.py:588} INFO - Filling up the DagBag from /home/ruslan/.local/lib/python3.10/site-packages/airflow/example_dags/example_xcomargs.py
[2025-03-22T10:20:14.630+0500] {processor.py:925} INFO - DAG(s) 'example_xcom_args_with_operators', 'example_xcom_args' retrieved from /home/ruslan/.local/lib/python3.10/site-packages/airflow/example_dags/example_xcomargs.py
[2025-03-22T10:20:14.641+0500] {logging_mixin.py:190} INFO - [2025-03-22T10:20:14.641+0500] {dag.py:3239} INFO - Sync 2 DAGs
[2025-03-22T10:20:14.648+0500] {logging_mixin.py:190} INFO - [2025-03-22T10:20:14.648+0500] {dag.py:4180} INFO - Setting next_dagrun for example_xcom_args to None, run_after=None
[2025-03-22T10:20:14.650+0500] {logging_mixin.py:190} INFO - [2025-03-22T10:20:14.650+0500] {dag.py:4180} INFO - Setting next_dagrun for example_xcom_args_with_operators to None, run_after=None
[2025-03-22T10:20:14.663+0500] {processor.py:208} INFO - Processing /home/ruslan/.local/lib/python3.10/site-packages/airflow/example_dags/example_xcomargs.py took 0.045 seconds
[2025-03-22T10:21:32.713+0500] {processor.py:186} INFO - Started process (PID=26849) to work on /home/ruslan/.local/lib/python3.10/site-packages/airflow/example_dags/example_xcomargs.py
[2025-03-22T10:21:32.714+0500] {processor.py:914} INFO - Processing file /home/ruslan/.local/lib/python3.10/site-packages/airflow/example_dags/example_xcomargs.py for tasks to queue
[2025-03-22T10:21:32.715+0500] {logging_mixin.py:190} INFO - [2025-03-22T10:21:32.715+0500] {dagbag.py:588} INFO - Filling up the DagBag from /home/ruslan/.local/lib/python3.10/site-packages/airflow/example_dags/example_xcomargs.py
[2025-03-22T10:21:32.722+0500] {processor.py:925} INFO - DAG(s) 'example_xcom_args_with_operators', 'example_xcom_args' retrieved from /home/ruslan/.local/lib/python3.10/site-packages/airflow/example_dags/example_xcomargs.py
[2025-03-22T10:21:32.733+0500] {logging_mixin.py:190} INFO - [2025-03-22T10:21:32.732+0500] {dag.py:3239} INFO - Sync 2 DAGs
[2025-03-22T10:21:32.740+0500] {logging_mixin.py:190} INFO - [2025-03-22T10:21:32.740+0500] {dag.py:4180} INFO - Setting next_dagrun for example_xcom_args to None, run_after=None
[2025-03-22T10:21:32.742+0500] {logging_mixin.py:190} INFO - [2025-03-22T10:21:32.741+0500] {dag.py:4180} INFO - Setting next_dagrun for example_xcom_args_with_operators to None, run_after=None
[2025-03-22T10:21:32.755+0500] {processor.py:208} INFO - Processing /home/ruslan/.local/lib/python3.10/site-packages/airflow/example_dags/example_xcomargs.py took 0.046 seconds
[2025-03-22T10:22:28.046+0500] {processor.py:186} INFO - Started process (PID=27457) to work on /home/ruslan/.local/lib/python3.10/site-packages/airflow/example_dags/example_xcomargs.py
[2025-03-22T10:22:28.047+0500] {processor.py:914} INFO - Processing file /home/ruslan/.local/lib/python3.10/site-packages/airflow/example_dags/example_xcomargs.py for tasks to queue
[2025-03-22T10:22:28.049+0500] {logging_mixin.py:190} INFO - [2025-03-22T10:22:28.048+0500] {dagbag.py:588} INFO - Filling up the DagBag from /home/ruslan/.local/lib/python3.10/site-packages/airflow/example_dags/example_xcomargs.py
[2025-03-22T10:22:28.056+0500] {processor.py:925} INFO - DAG(s) 'example_xcom_args_with_operators', 'example_xcom_args' retrieved from /home/ruslan/.local/lib/python3.10/site-packages/airflow/example_dags/example_xcomargs.py
[2025-03-22T10:22:28.067+0500] {logging_mixin.py:190} INFO - [2025-03-22T10:22:28.067+0500] {dag.py:3239} INFO - Sync 2 DAGs
[2025-03-22T10:22:28.074+0500] {logging_mixin.py:190} INFO - [2025-03-22T10:22:28.074+0500] {dag.py:4180} INFO - Setting next_dagrun for example_xcom_args to None, run_after=None
[2025-03-22T10:22:28.076+0500] {logging_mixin.py:190} INFO - [2025-03-22T10:22:28.076+0500] {dag.py:4180} INFO - Setting next_dagrun for example_xcom_args_with_operators to None, run_after=None
[2025-03-22T10:22:28.090+0500] {processor.py:208} INFO - Processing /home/ruslan/.local/lib/python3.10/site-packages/airflow/example_dags/example_xcomargs.py took 0.047 seconds
[2025-03-22T10:23:20.492+0500] {processor.py:186} INFO - Started process (PID=28071) to work on /home/ruslan/.local/lib/python3.10/site-packages/airflow/example_dags/example_xcomargs.py
[2025-03-22T10:23:20.493+0500] {processor.py:914} INFO - Processing file /home/ruslan/.local/lib/python3.10/site-packages/airflow/example_dags/example_xcomargs.py for tasks to queue
[2025-03-22T10:23:20.494+0500] {logging_mixin.py:190} INFO - [2025-03-22T10:23:20.494+0500] {dagbag.py:588} INFO - Filling up the DagBag from /home/ruslan/.local/lib/python3.10/site-packages/airflow/example_dags/example_xcomargs.py
[2025-03-22T10:23:20.501+0500] {processor.py:925} INFO - DAG(s) 'example_xcom_args_with_operators', 'example_xcom_args' retrieved from /home/ruslan/.local/lib/python3.10/site-packages/airflow/example_dags/example_xcomargs.py
[2025-03-22T10:23:20.512+0500] {logging_mixin.py:190} INFO - [2025-03-22T10:23:20.512+0500] {dag.py:3239} INFO - Sync 2 DAGs
[2025-03-22T10:23:20.519+0500] {logging_mixin.py:190} INFO - [2025-03-22T10:23:20.519+0500] {dag.py:4180} INFO - Setting next_dagrun for example_xcom_args to None, run_after=None
[2025-03-22T10:23:20.521+0500] {logging_mixin.py:190} INFO - [2025-03-22T10:23:20.521+0500] {dag.py:4180} INFO - Setting next_dagrun for example_xcom_args_with_operators to None, run_after=None
[2025-03-22T10:23:20.534+0500] {processor.py:208} INFO - Processing /home/ruslan/.local/lib/python3.10/site-packages/airflow/example_dags/example_xcomargs.py took 0.047 seconds
[2025-03-22T10:24:12.263+0500] {processor.py:186} INFO - Started process (PID=28575) to work on /home/ruslan/.local/lib/python3.10/site-packages/airflow/example_dags/example_xcomargs.py
[2025-03-22T10:24:12.264+0500] {processor.py:914} INFO - Processing file /home/ruslan/.local/lib/python3.10/site-packages/airflow/example_dags/example_xcomargs.py for tasks to queue
[2025-03-22T10:24:12.266+0500] {logging_mixin.py:190} INFO - [2025-03-22T10:24:12.266+0500] {dagbag.py:588} INFO - Filling up the DagBag from /home/ruslan/.local/lib/python3.10/site-packages/airflow/example_dags/example_xcomargs.py
[2025-03-22T10:24:12.273+0500] {processor.py:925} INFO - DAG(s) 'example_xcom_args', 'example_xcom_args_with_operators' retrieved from /home/ruslan/.local/lib/python3.10/site-packages/airflow/example_dags/example_xcomargs.py
[2025-03-22T10:24:12.284+0500] {logging_mixin.py:190} INFO - [2025-03-22T10:24:12.284+0500] {dag.py:3239} INFO - Sync 2 DAGs
[2025-03-22T10:24:12.292+0500] {logging_mixin.py:190} INFO - [2025-03-22T10:24:12.291+0500] {dag.py:4180} INFO - Setting next_dagrun for example_xcom_args to None, run_after=None
[2025-03-22T10:24:12.294+0500] {logging_mixin.py:190} INFO - [2025-03-22T10:24:12.293+0500] {dag.py:4180} INFO - Setting next_dagrun for example_xcom_args_with_operators to None, run_after=None
[2025-03-22T10:24:12.307+0500] {processor.py:208} INFO - Processing /home/ruslan/.local/lib/python3.10/site-packages/airflow/example_dags/example_xcomargs.py took 0.048 seconds
[2025-03-22T10:25:25.991+0500] {processor.py:186} INFO - Started process (PID=29402) to work on /home/ruslan/.local/lib/python3.10/site-packages/airflow/example_dags/example_xcomargs.py
[2025-03-22T10:25:25.992+0500] {processor.py:914} INFO - Processing file /home/ruslan/.local/lib/python3.10/site-packages/airflow/example_dags/example_xcomargs.py for tasks to queue
[2025-03-22T10:25:25.994+0500] {logging_mixin.py:190} INFO - [2025-03-22T10:25:25.993+0500] {dagbag.py:588} INFO - Filling up the DagBag from /home/ruslan/.local/lib/python3.10/site-packages/airflow/example_dags/example_xcomargs.py
[2025-03-22T10:25:26.000+0500] {processor.py:925} INFO - DAG(s) 'example_xcom_args_with_operators', 'example_xcom_args' retrieved from /home/ruslan/.local/lib/python3.10/site-packages/airflow/example_dags/example_xcomargs.py
[2025-03-22T10:25:26.010+0500] {logging_mixin.py:190} INFO - [2025-03-22T10:25:26.010+0500] {dag.py:3239} INFO - Sync 2 DAGs
[2025-03-22T10:25:26.017+0500] {logging_mixin.py:190} INFO - [2025-03-22T10:25:26.017+0500] {dag.py:4180} INFO - Setting next_dagrun for example_xcom_args to None, run_after=None
[2025-03-22T10:25:26.019+0500] {logging_mixin.py:190} INFO - [2025-03-22T10:25:26.019+0500] {dag.py:4180} INFO - Setting next_dagrun for example_xcom_args_with_operators to None, run_after=None
[2025-03-22T10:25:26.033+0500] {processor.py:208} INFO - Processing /home/ruslan/.local/lib/python3.10/site-packages/airflow/example_dags/example_xcomargs.py took 0.045 seconds
[2025-03-22T10:26:21.201+0500] {processor.py:186} INFO - Started process (PID=30479) to work on /home/ruslan/.local/lib/python3.10/site-packages/airflow/example_dags/example_xcomargs.py
[2025-03-22T10:26:21.202+0500] {processor.py:914} INFO - Processing file /home/ruslan/.local/lib/python3.10/site-packages/airflow/example_dags/example_xcomargs.py for tasks to queue
[2025-03-22T10:26:21.203+0500] {logging_mixin.py:190} INFO - [2025-03-22T10:26:21.203+0500] {dagbag.py:588} INFO - Filling up the DagBag from /home/ruslan/.local/lib/python3.10/site-packages/airflow/example_dags/example_xcomargs.py
[2025-03-22T10:26:21.209+0500] {processor.py:925} INFO - DAG(s) 'example_xcom_args_with_operators', 'example_xcom_args' retrieved from /home/ruslan/.local/lib/python3.10/site-packages/airflow/example_dags/example_xcomargs.py
[2025-03-22T10:26:21.219+0500] {logging_mixin.py:190} INFO - [2025-03-22T10:26:21.219+0500] {dag.py:3239} INFO - Sync 2 DAGs
[2025-03-22T10:26:21.226+0500] {logging_mixin.py:190} INFO - [2025-03-22T10:26:21.225+0500] {dag.py:4180} INFO - Setting next_dagrun for example_xcom_args to None, run_after=None
[2025-03-22T10:26:21.227+0500] {logging_mixin.py:190} INFO - [2025-03-22T10:26:21.227+0500] {dag.py:4180} INFO - Setting next_dagrun for example_xcom_args_with_operators to None, run_after=None
[2025-03-22T10:26:21.241+0500] {processor.py:208} INFO - Processing /home/ruslan/.local/lib/python3.10/site-packages/airflow/example_dags/example_xcomargs.py took 0.044 seconds
[2025-03-22T10:27:35.825+0500] {processor.py:186} INFO - Started process (PID=31216) to work on /home/ruslan/.local/lib/python3.10/site-packages/airflow/example_dags/example_xcomargs.py
[2025-03-22T10:27:35.826+0500] {processor.py:914} INFO - Processing file /home/ruslan/.local/lib/python3.10/site-packages/airflow/example_dags/example_xcomargs.py for tasks to queue
[2025-03-22T10:27:35.827+0500] {logging_mixin.py:190} INFO - [2025-03-22T10:27:35.827+0500] {dagbag.py:588} INFO - Filling up the DagBag from /home/ruslan/.local/lib/python3.10/site-packages/airflow/example_dags/example_xcomargs.py
[2025-03-22T10:27:35.834+0500] {processor.py:925} INFO - DAG(s) 'example_xcom_args_with_operators', 'example_xcom_args' retrieved from /home/ruslan/.local/lib/python3.10/site-packages/airflow/example_dags/example_xcomargs.py
[2025-03-22T10:27:35.848+0500] {logging_mixin.py:190} INFO - [2025-03-22T10:27:35.848+0500] {dag.py:3239} INFO - Sync 2 DAGs
[2025-03-22T10:27:35.857+0500] {logging_mixin.py:190} INFO - [2025-03-22T10:27:35.857+0500] {dag.py:4180} INFO - Setting next_dagrun for example_xcom_args to None, run_after=None
[2025-03-22T10:27:35.859+0500] {logging_mixin.py:190} INFO - [2025-03-22T10:27:35.859+0500] {dag.py:4180} INFO - Setting next_dagrun for example_xcom_args_with_operators to None, run_after=None
[2025-03-22T10:27:35.873+0500] {processor.py:208} INFO - Processing /home/ruslan/.local/lib/python3.10/site-packages/airflow/example_dags/example_xcomargs.py took 0.052 seconds
[2025-03-22T10:28:30.588+0500] {processor.py:186} INFO - Started process (PID=31840) to work on /home/ruslan/.local/lib/python3.10/site-packages/airflow/example_dags/example_xcomargs.py
[2025-03-22T10:28:30.589+0500] {processor.py:914} INFO - Processing file /home/ruslan/.local/lib/python3.10/site-packages/airflow/example_dags/example_xcomargs.py for tasks to queue
[2025-03-22T10:28:30.591+0500] {logging_mixin.py:190} INFO - [2025-03-22T10:28:30.591+0500] {dagbag.py:588} INFO - Filling up the DagBag from /home/ruslan/.local/lib/python3.10/site-packages/airflow/example_dags/example_xcomargs.py
[2025-03-22T10:28:30.597+0500] {processor.py:925} INFO - DAG(s) 'example_xcom_args_with_operators', 'example_xcom_args' retrieved from /home/ruslan/.local/lib/python3.10/site-packages/airflow/example_dags/example_xcomargs.py
[2025-03-22T10:28:30.607+0500] {logging_mixin.py:190} INFO - [2025-03-22T10:28:30.607+0500] {dag.py:3239} INFO - Sync 2 DAGs
[2025-03-22T10:28:30.614+0500] {logging_mixin.py:190} INFO - [2025-03-22T10:28:30.614+0500] {dag.py:4180} INFO - Setting next_dagrun for example_xcom_args to None, run_after=None
[2025-03-22T10:28:30.616+0500] {logging_mixin.py:190} INFO - [2025-03-22T10:28:30.616+0500] {dag.py:4180} INFO - Setting next_dagrun for example_xcom_args_with_operators to None, run_after=None
[2025-03-22T10:28:30.630+0500] {processor.py:208} INFO - Processing /home/ruslan/.local/lib/python3.10/site-packages/airflow/example_dags/example_xcomargs.py took 0.045 seconds
[2025-03-22T10:29:21.620+0500] {processor.py:186} INFO - Started process (PID=32351) to work on /home/ruslan/.local/lib/python3.10/site-packages/airflow/example_dags/example_xcomargs.py
[2025-03-22T10:29:21.621+0500] {processor.py:914} INFO - Processing file /home/ruslan/.local/lib/python3.10/site-packages/airflow/example_dags/example_xcomargs.py for tasks to queue
[2025-03-22T10:29:21.623+0500] {logging_mixin.py:190} INFO - [2025-03-22T10:29:21.623+0500] {dagbag.py:588} INFO - Filling up the DagBag from /home/ruslan/.local/lib/python3.10/site-packages/airflow/example_dags/example_xcomargs.py
[2025-03-22T10:29:21.634+0500] {processor.py:925} INFO - DAG(s) 'example_xcom_args', 'example_xcom_args_with_operators' retrieved from /home/ruslan/.local/lib/python3.10/site-packages/airflow/example_dags/example_xcomargs.py
[2025-03-22T10:29:21.654+0500] {logging_mixin.py:190} INFO - [2025-03-22T10:29:21.654+0500] {dag.py:3239} INFO - Sync 2 DAGs
[2025-03-22T10:29:21.663+0500] {logging_mixin.py:190} INFO - [2025-03-22T10:29:21.663+0500] {dag.py:4180} INFO - Setting next_dagrun for example_xcom_args to None, run_after=None
[2025-03-22T10:29:21.666+0500] {logging_mixin.py:190} INFO - [2025-03-22T10:29:21.665+0500] {dag.py:4180} INFO - Setting next_dagrun for example_xcom_args_with_operators to None, run_after=None
[2025-03-22T10:29:21.680+0500] {processor.py:208} INFO - Processing /home/ruslan/.local/lib/python3.10/site-packages/airflow/example_dags/example_xcomargs.py took 0.064 seconds
[2025-03-22T10:30:13.870+0500] {processor.py:186} INFO - Started process (PID=32864) to work on /home/ruslan/.local/lib/python3.10/site-packages/airflow/example_dags/example_xcomargs.py
[2025-03-22T10:30:13.871+0500] {processor.py:914} INFO - Processing file /home/ruslan/.local/lib/python3.10/site-packages/airflow/example_dags/example_xcomargs.py for tasks to queue
[2025-03-22T10:30:13.872+0500] {logging_mixin.py:190} INFO - [2025-03-22T10:30:13.872+0500] {dagbag.py:588} INFO - Filling up the DagBag from /home/ruslan/.local/lib/python3.10/site-packages/airflow/example_dags/example_xcomargs.py
[2025-03-22T10:30:13.878+0500] {processor.py:925} INFO - DAG(s) 'example_xcom_args_with_operators', 'example_xcom_args' retrieved from /home/ruslan/.local/lib/python3.10/site-packages/airflow/example_dags/example_xcomargs.py
[2025-03-22T10:30:13.889+0500] {logging_mixin.py:190} INFO - [2025-03-22T10:30:13.889+0500] {dag.py:3239} INFO - Sync 2 DAGs
[2025-03-22T10:30:13.896+0500] {logging_mixin.py:190} INFO - [2025-03-22T10:30:13.896+0500] {dag.py:4180} INFO - Setting next_dagrun for example_xcom_args to None, run_after=None
[2025-03-22T10:30:13.898+0500] {logging_mixin.py:190} INFO - [2025-03-22T10:30:13.898+0500] {dag.py:4180} INFO - Setting next_dagrun for example_xcom_args_with_operators to None, run_after=None
[2025-03-22T10:30:13.911+0500] {processor.py:208} INFO - Processing /home/ruslan/.local/lib/python3.10/site-packages/airflow/example_dags/example_xcomargs.py took 0.044 seconds
[2025-03-22T10:31:06.260+0500] {processor.py:186} INFO - Started process (PID=33408) to work on /home/ruslan/.local/lib/python3.10/site-packages/airflow/example_dags/example_xcomargs.py
[2025-03-22T10:31:06.261+0500] {processor.py:914} INFO - Processing file /home/ruslan/.local/lib/python3.10/site-packages/airflow/example_dags/example_xcomargs.py for tasks to queue
[2025-03-22T10:31:06.262+0500] {logging_mixin.py:190} INFO - [2025-03-22T10:31:06.262+0500] {dagbag.py:588} INFO - Filling up the DagBag from /home/ruslan/.local/lib/python3.10/site-packages/airflow/example_dags/example_xcomargs.py
[2025-03-22T10:31:06.269+0500] {processor.py:925} INFO - DAG(s) 'example_xcom_args', 'example_xcom_args_with_operators' retrieved from /home/ruslan/.local/lib/python3.10/site-packages/airflow/example_dags/example_xcomargs.py
[2025-03-22T10:31:06.280+0500] {logging_mixin.py:190} INFO - [2025-03-22T10:31:06.280+0500] {dag.py:3239} INFO - Sync 2 DAGs
[2025-03-22T10:31:06.289+0500] {logging_mixin.py:190} INFO - [2025-03-22T10:31:06.289+0500] {dag.py:4180} INFO - Setting next_dagrun for example_xcom_args to None, run_after=None
[2025-03-22T10:31:06.291+0500] {logging_mixin.py:190} INFO - [2025-03-22T10:31:06.291+0500] {dag.py:4180} INFO - Setting next_dagrun for example_xcom_args_with_operators to None, run_after=None
[2025-03-22T10:31:06.306+0500] {processor.py:208} INFO - Processing /home/ruslan/.local/lib/python3.10/site-packages/airflow/example_dags/example_xcomargs.py took 0.050 seconds
[2025-03-22T10:32:24.323+0500] {processor.py:186} INFO - Started process (PID=34307) to work on /home/ruslan/.local/lib/python3.10/site-packages/airflow/example_dags/example_xcomargs.py
[2025-03-22T10:32:24.324+0500] {processor.py:914} INFO - Processing file /home/ruslan/.local/lib/python3.10/site-packages/airflow/example_dags/example_xcomargs.py for tasks to queue
[2025-03-22T10:32:24.325+0500] {logging_mixin.py:190} INFO - [2025-03-22T10:32:24.325+0500] {dagbag.py:588} INFO - Filling up the DagBag from /home/ruslan/.local/lib/python3.10/site-packages/airflow/example_dags/example_xcomargs.py
[2025-03-22T10:32:24.331+0500] {processor.py:925} INFO - DAG(s) 'example_xcom_args_with_operators', 'example_xcom_args' retrieved from /home/ruslan/.local/lib/python3.10/site-packages/airflow/example_dags/example_xcomargs.py
[2025-03-22T10:32:24.342+0500] {logging_mixin.py:190} INFO - [2025-03-22T10:32:24.341+0500] {dag.py:3239} INFO - Sync 2 DAGs
[2025-03-22T10:32:24.349+0500] {logging_mixin.py:190} INFO - [2025-03-22T10:32:24.349+0500] {dag.py:4180} INFO - Setting next_dagrun for example_xcom_args to None, run_after=None
[2025-03-22T10:32:24.351+0500] {logging_mixin.py:190} INFO - [2025-03-22T10:32:24.351+0500] {dag.py:4180} INFO - Setting next_dagrun for example_xcom_args_with_operators to None, run_after=None
[2025-03-22T10:32:24.366+0500] {processor.py:208} INFO - Processing /home/ruslan/.local/lib/python3.10/site-packages/airflow/example_dags/example_xcomargs.py took 0.046 seconds
[2025-03-22T10:33:25.481+0500] {processor.py:186} INFO - Started process (PID=35102) to work on /home/ruslan/.local/lib/python3.10/site-packages/airflow/example_dags/example_xcomargs.py
[2025-03-22T10:33:25.482+0500] {processor.py:914} INFO - Processing file /home/ruslan/.local/lib/python3.10/site-packages/airflow/example_dags/example_xcomargs.py for tasks to queue
[2025-03-22T10:33:25.483+0500] {logging_mixin.py:190} INFO - [2025-03-22T10:33:25.483+0500] {dagbag.py:588} INFO - Filling up the DagBag from /home/ruslan/.local/lib/python3.10/site-packages/airflow/example_dags/example_xcomargs.py
[2025-03-22T10:33:25.490+0500] {processor.py:925} INFO - DAG(s) 'example_xcom_args_with_operators', 'example_xcom_args' retrieved from /home/ruslan/.local/lib/python3.10/site-packages/airflow/example_dags/example_xcomargs.py
[2025-03-22T10:33:25.500+0500] {logging_mixin.py:190} INFO - [2025-03-22T10:33:25.500+0500] {dag.py:3239} INFO - Sync 2 DAGs
[2025-03-22T10:33:25.507+0500] {logging_mixin.py:190} INFO - [2025-03-22T10:33:25.507+0500] {dag.py:4180} INFO - Setting next_dagrun for example_xcom_args to None, run_after=None
[2025-03-22T10:33:25.509+0500] {logging_mixin.py:190} INFO - [2025-03-22T10:33:25.509+0500] {dag.py:4180} INFO - Setting next_dagrun for example_xcom_args_with_operators to None, run_after=None
[2025-03-22T10:33:25.523+0500] {processor.py:208} INFO - Processing /home/ruslan/.local/lib/python3.10/site-packages/airflow/example_dags/example_xcomargs.py took 0.045 seconds
[2025-03-22T10:34:20.302+0500] {processor.py:186} INFO - Started process (PID=35784) to work on /home/ruslan/.local/lib/python3.10/site-packages/airflow/example_dags/example_xcomargs.py
[2025-03-22T10:34:20.303+0500] {processor.py:914} INFO - Processing file /home/ruslan/.local/lib/python3.10/site-packages/airflow/example_dags/example_xcomargs.py for tasks to queue
[2025-03-22T10:34:20.304+0500] {logging_mixin.py:190} INFO - [2025-03-22T10:34:20.304+0500] {dagbag.py:588} INFO - Filling up the DagBag from /home/ruslan/.local/lib/python3.10/site-packages/airflow/example_dags/example_xcomargs.py
[2025-03-22T10:34:20.310+0500] {processor.py:925} INFO - DAG(s) 'example_xcom_args', 'example_xcom_args_with_operators' retrieved from /home/ruslan/.local/lib/python3.10/site-packages/airflow/example_dags/example_xcomargs.py
[2025-03-22T10:34:20.320+0500] {logging_mixin.py:190} INFO - [2025-03-22T10:34:20.320+0500] {dag.py:3239} INFO - Sync 2 DAGs
[2025-03-22T10:34:20.327+0500] {logging_mixin.py:190} INFO - [2025-03-22T10:34:20.327+0500] {dag.py:4180} INFO - Setting next_dagrun for example_xcom_args to None, run_after=None
[2025-03-22T10:34:20.329+0500] {logging_mixin.py:190} INFO - [2025-03-22T10:34:20.329+0500] {dag.py:4180} INFO - Setting next_dagrun for example_xcom_args_with_operators to None, run_after=None
[2025-03-22T10:34:20.344+0500] {processor.py:208} INFO - Processing /home/ruslan/.local/lib/python3.10/site-packages/airflow/example_dags/example_xcomargs.py took 0.045 seconds
[2025-03-22T10:35:32.804+0500] {processor.py:186} INFO - Started process (PID=36568) to work on /home/ruslan/.local/lib/python3.10/site-packages/airflow/example_dags/example_xcomargs.py
[2025-03-22T10:35:32.805+0500] {processor.py:914} INFO - Processing file /home/ruslan/.local/lib/python3.10/site-packages/airflow/example_dags/example_xcomargs.py for tasks to queue
[2025-03-22T10:35:32.807+0500] {logging_mixin.py:190} INFO - [2025-03-22T10:35:32.807+0500] {dagbag.py:588} INFO - Filling up the DagBag from /home/ruslan/.local/lib/python3.10/site-packages/airflow/example_dags/example_xcomargs.py
[2025-03-22T10:35:32.813+0500] {processor.py:925} INFO - DAG(s) 'example_xcom_args', 'example_xcom_args_with_operators' retrieved from /home/ruslan/.local/lib/python3.10/site-packages/airflow/example_dags/example_xcomargs.py
[2025-03-22T10:35:32.823+0500] {logging_mixin.py:190} INFO - [2025-03-22T10:35:32.823+0500] {dag.py:3239} INFO - Sync 2 DAGs
[2025-03-22T10:35:32.831+0500] {logging_mixin.py:190} INFO - [2025-03-22T10:35:32.831+0500] {dag.py:4180} INFO - Setting next_dagrun for example_xcom_args to None, run_after=None
[2025-03-22T10:35:32.832+0500] {logging_mixin.py:190} INFO - [2025-03-22T10:35:32.832+0500] {dag.py:4180} INFO - Setting next_dagrun for example_xcom_args_with_operators to None, run_after=None
[2025-03-22T10:35:32.846+0500] {processor.py:208} INFO - Processing /home/ruslan/.local/lib/python3.10/site-packages/airflow/example_dags/example_xcomargs.py took 0.046 seconds
[2025-03-22T10:36:26.243+0500] {processor.py:186} INFO - Started process (PID=37183) to work on /home/ruslan/.local/lib/python3.10/site-packages/airflow/example_dags/example_xcomargs.py
[2025-03-22T10:36:26.245+0500] {processor.py:914} INFO - Processing file /home/ruslan/.local/lib/python3.10/site-packages/airflow/example_dags/example_xcomargs.py for tasks to queue
[2025-03-22T10:36:26.246+0500] {logging_mixin.py:190} INFO - [2025-03-22T10:36:26.246+0500] {dagbag.py:588} INFO - Filling up the DagBag from /home/ruslan/.local/lib/python3.10/site-packages/airflow/example_dags/example_xcomargs.py
[2025-03-22T10:36:26.252+0500] {processor.py:925} INFO - DAG(s) 'example_xcom_args', 'example_xcom_args_with_operators' retrieved from /home/ruslan/.local/lib/python3.10/site-packages/airflow/example_dags/example_xcomargs.py
[2025-03-22T10:36:26.262+0500] {logging_mixin.py:190} INFO - [2025-03-22T10:36:26.262+0500] {dag.py:3239} INFO - Sync 2 DAGs
[2025-03-22T10:36:26.269+0500] {logging_mixin.py:190} INFO - [2025-03-22T10:36:26.269+0500] {dag.py:4180} INFO - Setting next_dagrun for example_xcom_args to None, run_after=None
[2025-03-22T10:36:26.271+0500] {logging_mixin.py:190} INFO - [2025-03-22T10:36:26.270+0500] {dag.py:4180} INFO - Setting next_dagrun for example_xcom_args_with_operators to None, run_after=None
[2025-03-22T10:36:26.285+0500] {processor.py:208} INFO - Processing /home/ruslan/.local/lib/python3.10/site-packages/airflow/example_dags/example_xcomargs.py took 0.045 seconds
[2025-03-22T10:37:40.967+0500] {processor.py:186} INFO - Started process (PID=37560) to work on /home/ruslan/.local/lib/python3.10/site-packages/airflow/example_dags/example_xcomargs.py
[2025-03-22T10:37:40.968+0500] {processor.py:914} INFO - Processing file /home/ruslan/.local/lib/python3.10/site-packages/airflow/example_dags/example_xcomargs.py for tasks to queue
[2025-03-22T10:37:40.970+0500] {logging_mixin.py:190} INFO - [2025-03-22T10:37:40.969+0500] {dagbag.py:588} INFO - Filling up the DagBag from /home/ruslan/.local/lib/python3.10/site-packages/airflow/example_dags/example_xcomargs.py
[2025-03-22T10:37:40.976+0500] {processor.py:925} INFO - DAG(s) 'example_xcom_args_with_operators', 'example_xcom_args' retrieved from /home/ruslan/.local/lib/python3.10/site-packages/airflow/example_dags/example_xcomargs.py
[2025-03-22T10:37:40.987+0500] {logging_mixin.py:190} INFO - [2025-03-22T10:37:40.987+0500] {dag.py:3239} INFO - Sync 2 DAGs
[2025-03-22T10:37:40.994+0500] {logging_mixin.py:190} INFO - [2025-03-22T10:37:40.994+0500] {dag.py:4180} INFO - Setting next_dagrun for example_xcom_args to None, run_after=None
[2025-03-22T10:37:40.996+0500] {logging_mixin.py:190} INFO - [2025-03-22T10:37:40.996+0500] {dag.py:4180} INFO - Setting next_dagrun for example_xcom_args_with_operators to None, run_after=None
[2025-03-22T10:37:41.010+0500] {processor.py:208} INFO - Processing /home/ruslan/.local/lib/python3.10/site-packages/airflow/example_dags/example_xcomargs.py took 0.046 seconds
[2025-03-22T10:39:10.623+0500] {processor.py:186} INFO - Started process (PID=38877) to work on /home/ruslan/.local/lib/python3.10/site-packages/airflow/example_dags/example_xcomargs.py
[2025-03-22T10:39:10.624+0500] {processor.py:914} INFO - Processing file /home/ruslan/.local/lib/python3.10/site-packages/airflow/example_dags/example_xcomargs.py for tasks to queue
[2025-03-22T10:39:10.625+0500] {logging_mixin.py:190} INFO - [2025-03-22T10:39:10.625+0500] {dagbag.py:588} INFO - Filling up the DagBag from /home/ruslan/.local/lib/python3.10/site-packages/airflow/example_dags/example_xcomargs.py
[2025-03-22T10:39:10.631+0500] {processor.py:925} INFO - DAG(s) 'example_xcom_args', 'example_xcom_args_with_operators' retrieved from /home/ruslan/.local/lib/python3.10/site-packages/airflow/example_dags/example_xcomargs.py
[2025-03-22T10:39:10.642+0500] {logging_mixin.py:190} INFO - [2025-03-22T10:39:10.642+0500] {dag.py:3239} INFO - Sync 2 DAGs
[2025-03-22T10:39:10.649+0500] {logging_mixin.py:190} INFO - [2025-03-22T10:39:10.649+0500] {dag.py:4180} INFO - Setting next_dagrun for example_xcom_args to None, run_after=None
[2025-03-22T10:39:10.651+0500] {logging_mixin.py:190} INFO - [2025-03-22T10:39:10.651+0500] {dag.py:4180} INFO - Setting next_dagrun for example_xcom_args_with_operators to None, run_after=None
[2025-03-22T10:39:10.664+0500] {processor.py:208} INFO - Processing /home/ruslan/.local/lib/python3.10/site-packages/airflow/example_dags/example_xcomargs.py took 0.045 seconds
[2025-03-22T10:40:05.843+0500] {processor.py:186} INFO - Started process (PID=39461) to work on /home/ruslan/.local/lib/python3.10/site-packages/airflow/example_dags/example_xcomargs.py
[2025-03-22T10:40:05.844+0500] {processor.py:914} INFO - Processing file /home/ruslan/.local/lib/python3.10/site-packages/airflow/example_dags/example_xcomargs.py for tasks to queue
[2025-03-22T10:40:05.845+0500] {logging_mixin.py:190} INFO - [2025-03-22T10:40:05.845+0500] {dagbag.py:588} INFO - Filling up the DagBag from /home/ruslan/.local/lib/python3.10/site-packages/airflow/example_dags/example_xcomargs.py
[2025-03-22T10:40:05.852+0500] {processor.py:925} INFO - DAG(s) 'example_xcom_args_with_operators', 'example_xcom_args' retrieved from /home/ruslan/.local/lib/python3.10/site-packages/airflow/example_dags/example_xcomargs.py
[2025-03-22T10:40:05.862+0500] {logging_mixin.py:190} INFO - [2025-03-22T10:40:05.862+0500] {dag.py:3239} INFO - Sync 2 DAGs
[2025-03-22T10:40:05.869+0500] {logging_mixin.py:190} INFO - [2025-03-22T10:40:05.869+0500] {dag.py:4180} INFO - Setting next_dagrun for example_xcom_args to None, run_after=None
[2025-03-22T10:40:05.870+0500] {logging_mixin.py:190} INFO - [2025-03-22T10:40:05.870+0500] {dag.py:4180} INFO - Setting next_dagrun for example_xcom_args_with_operators to None, run_after=None
[2025-03-22T10:40:05.885+0500] {processor.py:208} INFO - Processing /home/ruslan/.local/lib/python3.10/site-packages/airflow/example_dags/example_xcomargs.py took 0.045 seconds
[2025-03-22T10:41:02.992+0500] {processor.py:186} INFO - Started process (PID=40270) to work on /home/ruslan/.local/lib/python3.10/site-packages/airflow/example_dags/example_xcomargs.py
[2025-03-22T10:41:02.993+0500] {processor.py:914} INFO - Processing file /home/ruslan/.local/lib/python3.10/site-packages/airflow/example_dags/example_xcomargs.py for tasks to queue
[2025-03-22T10:41:02.995+0500] {logging_mixin.py:190} INFO - [2025-03-22T10:41:02.994+0500] {dagbag.py:588} INFO - Filling up the DagBag from /home/ruslan/.local/lib/python3.10/site-packages/airflow/example_dags/example_xcomargs.py
[2025-03-22T10:41:03.001+0500] {processor.py:925} INFO - DAG(s) 'example_xcom_args_with_operators', 'example_xcom_args' retrieved from /home/ruslan/.local/lib/python3.10/site-packages/airflow/example_dags/example_xcomargs.py
[2025-03-22T10:41:03.011+0500] {logging_mixin.py:190} INFO - [2025-03-22T10:41:03.011+0500] {dag.py:3239} INFO - Sync 2 DAGs
[2025-03-22T10:41:03.017+0500] {logging_mixin.py:190} INFO - [2025-03-22T10:41:03.017+0500] {dag.py:4180} INFO - Setting next_dagrun for example_xcom_args to None, run_after=None
[2025-03-22T10:41:03.019+0500] {logging_mixin.py:190} INFO - [2025-03-22T10:41:03.019+0500] {dag.py:4180} INFO - Setting next_dagrun for example_xcom_args_with_operators to None, run_after=None
[2025-03-22T10:41:03.034+0500] {processor.py:208} INFO - Processing /home/ruslan/.local/lib/python3.10/site-packages/airflow/example_dags/example_xcomargs.py took 0.045 seconds
[2025-03-22T10:42:02.634+0500] {processor.py:186} INFO - Started process (PID=40911) to work on /home/ruslan/.local/lib/python3.10/site-packages/airflow/example_dags/example_xcomargs.py
[2025-03-22T10:42:02.635+0500] {processor.py:914} INFO - Processing file /home/ruslan/.local/lib/python3.10/site-packages/airflow/example_dags/example_xcomargs.py for tasks to queue
[2025-03-22T10:42:02.636+0500] {logging_mixin.py:190} INFO - [2025-03-22T10:42:02.636+0500] {dagbag.py:588} INFO - Filling up the DagBag from /home/ruslan/.local/lib/python3.10/site-packages/airflow/example_dags/example_xcomargs.py
[2025-03-22T10:42:02.642+0500] {processor.py:925} INFO - DAG(s) 'example_xcom_args_with_operators', 'example_xcom_args' retrieved from /home/ruslan/.local/lib/python3.10/site-packages/airflow/example_dags/example_xcomargs.py
[2025-03-22T10:42:02.652+0500] {logging_mixin.py:190} INFO - [2025-03-22T10:42:02.652+0500] {dag.py:3239} INFO - Sync 2 DAGs
[2025-03-22T10:42:02.659+0500] {logging_mixin.py:190} INFO - [2025-03-22T10:42:02.658+0500] {dag.py:4180} INFO - Setting next_dagrun for example_xcom_args to None, run_after=None
[2025-03-22T10:42:02.660+0500] {logging_mixin.py:190} INFO - [2025-03-22T10:42:02.660+0500] {dag.py:4180} INFO - Setting next_dagrun for example_xcom_args_with_operators to None, run_after=None
[2025-03-22T10:42:02.674+0500] {processor.py:208} INFO - Processing /home/ruslan/.local/lib/python3.10/site-packages/airflow/example_dags/example_xcomargs.py took 0.044 seconds
[2025-03-22T10:42:58.799+0500] {processor.py:186} INFO - Started process (PID=41627) to work on /home/ruslan/.local/lib/python3.10/site-packages/airflow/example_dags/example_xcomargs.py
[2025-03-22T10:42:58.800+0500] {processor.py:914} INFO - Processing file /home/ruslan/.local/lib/python3.10/site-packages/airflow/example_dags/example_xcomargs.py for tasks to queue
[2025-03-22T10:42:58.802+0500] {logging_mixin.py:190} INFO - [2025-03-22T10:42:58.802+0500] {dagbag.py:588} INFO - Filling up the DagBag from /home/ruslan/.local/lib/python3.10/site-packages/airflow/example_dags/example_xcomargs.py
[2025-03-22T10:42:58.808+0500] {processor.py:925} INFO - DAG(s) 'example_xcom_args', 'example_xcom_args_with_operators' retrieved from /home/ruslan/.local/lib/python3.10/site-packages/airflow/example_dags/example_xcomargs.py
[2025-03-22T10:42:58.818+0500] {logging_mixin.py:190} INFO - [2025-03-22T10:42:58.818+0500] {dag.py:3239} INFO - Sync 2 DAGs
[2025-03-22T10:42:58.825+0500] {logging_mixin.py:190} INFO - [2025-03-22T10:42:58.824+0500] {dag.py:4180} INFO - Setting next_dagrun for example_xcom_args to None, run_after=None
[2025-03-22T10:42:58.826+0500] {logging_mixin.py:190} INFO - [2025-03-22T10:42:58.826+0500] {dag.py:4180} INFO - Setting next_dagrun for example_xcom_args_with_operators to None, run_after=None
[2025-03-22T10:42:58.840+0500] {processor.py:208} INFO - Processing /home/ruslan/.local/lib/python3.10/site-packages/airflow/example_dags/example_xcomargs.py took 0.044 seconds
[2025-03-22T10:43:54.343+0500] {processor.py:186} INFO - Started process (PID=42343) to work on /home/ruslan/.local/lib/python3.10/site-packages/airflow/example_dags/example_xcomargs.py
[2025-03-22T10:43:54.344+0500] {processor.py:914} INFO - Processing file /home/ruslan/.local/lib/python3.10/site-packages/airflow/example_dags/example_xcomargs.py for tasks to queue
[2025-03-22T10:43:54.346+0500] {logging_mixin.py:190} INFO - [2025-03-22T10:43:54.346+0500] {dagbag.py:588} INFO - Filling up the DagBag from /home/ruslan/.local/lib/python3.10/site-packages/airflow/example_dags/example_xcomargs.py
[2025-03-22T10:43:54.352+0500] {processor.py:925} INFO - DAG(s) 'example_xcom_args', 'example_xcom_args_with_operators' retrieved from /home/ruslan/.local/lib/python3.10/site-packages/airflow/example_dags/example_xcomargs.py
[2025-03-22T10:43:54.362+0500] {logging_mixin.py:190} INFO - [2025-03-22T10:43:54.362+0500] {dag.py:3239} INFO - Sync 2 DAGs
[2025-03-22T10:43:54.369+0500] {logging_mixin.py:190} INFO - [2025-03-22T10:43:54.369+0500] {dag.py:4180} INFO - Setting next_dagrun for example_xcom_args to None, run_after=None
[2025-03-22T10:43:54.371+0500] {logging_mixin.py:190} INFO - [2025-03-22T10:43:54.371+0500] {dag.py:4180} INFO - Setting next_dagrun for example_xcom_args_with_operators to None, run_after=None
[2025-03-22T10:43:54.386+0500] {processor.py:208} INFO - Processing /home/ruslan/.local/lib/python3.10/site-packages/airflow/example_dags/example_xcomargs.py took 0.046 seconds
[2025-03-22T10:44:48.510+0500] {processor.py:186} INFO - Started process (PID=42954) to work on /home/ruslan/.local/lib/python3.10/site-packages/airflow/example_dags/example_xcomargs.py
[2025-03-22T10:44:48.511+0500] {processor.py:914} INFO - Processing file /home/ruslan/.local/lib/python3.10/site-packages/airflow/example_dags/example_xcomargs.py for tasks to queue
[2025-03-22T10:44:48.513+0500] {logging_mixin.py:190} INFO - [2025-03-22T10:44:48.513+0500] {dagbag.py:588} INFO - Filling up the DagBag from /home/ruslan/.local/lib/python3.10/site-packages/airflow/example_dags/example_xcomargs.py
[2025-03-22T10:44:48.519+0500] {processor.py:925} INFO - DAG(s) 'example_xcom_args', 'example_xcom_args_with_operators' retrieved from /home/ruslan/.local/lib/python3.10/site-packages/airflow/example_dags/example_xcomargs.py
[2025-03-22T10:44:48.529+0500] {logging_mixin.py:190} INFO - [2025-03-22T10:44:48.528+0500] {dag.py:3239} INFO - Sync 2 DAGs
[2025-03-22T10:44:48.535+0500] {logging_mixin.py:190} INFO - [2025-03-22T10:44:48.535+0500] {dag.py:4180} INFO - Setting next_dagrun for example_xcom_args to None, run_after=None
[2025-03-22T10:44:48.537+0500] {logging_mixin.py:190} INFO - [2025-03-22T10:44:48.537+0500] {dag.py:4180} INFO - Setting next_dagrun for example_xcom_args_with_operators to None, run_after=None
[2025-03-22T10:44:48.551+0500] {processor.py:208} INFO - Processing /home/ruslan/.local/lib/python3.10/site-packages/airflow/example_dags/example_xcomargs.py took 0.044 seconds
[2025-03-22T10:45:43.811+0500] {processor.py:186} INFO - Started process (PID=43676) to work on /home/ruslan/.local/lib/python3.10/site-packages/airflow/example_dags/example_xcomargs.py
[2025-03-22T10:45:43.812+0500] {processor.py:914} INFO - Processing file /home/ruslan/.local/lib/python3.10/site-packages/airflow/example_dags/example_xcomargs.py for tasks to queue
[2025-03-22T10:45:43.813+0500] {logging_mixin.py:190} INFO - [2025-03-22T10:45:43.813+0500] {dagbag.py:588} INFO - Filling up the DagBag from /home/ruslan/.local/lib/python3.10/site-packages/airflow/example_dags/example_xcomargs.py
[2025-03-22T10:45:43.819+0500] {processor.py:925} INFO - DAG(s) 'example_xcom_args', 'example_xcom_args_with_operators' retrieved from /home/ruslan/.local/lib/python3.10/site-packages/airflow/example_dags/example_xcomargs.py
[2025-03-22T10:45:43.829+0500] {logging_mixin.py:190} INFO - [2025-03-22T10:45:43.829+0500] {dag.py:3239} INFO - Sync 2 DAGs
[2025-03-22T10:45:43.836+0500] {logging_mixin.py:190} INFO - [2025-03-22T10:45:43.836+0500] {dag.py:4180} INFO - Setting next_dagrun for example_xcom_args to None, run_after=None
[2025-03-22T10:45:43.838+0500] {logging_mixin.py:190} INFO - [2025-03-22T10:45:43.838+0500] {dag.py:4180} INFO - Setting next_dagrun for example_xcom_args_with_operators to None, run_after=None
[2025-03-22T10:45:43.852+0500] {processor.py:208} INFO - Processing /home/ruslan/.local/lib/python3.10/site-packages/airflow/example_dags/example_xcomargs.py took 0.045 seconds
[2025-03-22T10:46:39.587+0500] {processor.py:186} INFO - Started process (PID=44368) to work on /home/ruslan/.local/lib/python3.10/site-packages/airflow/example_dags/example_xcomargs.py
[2025-03-22T10:46:39.588+0500] {processor.py:914} INFO - Processing file /home/ruslan/.local/lib/python3.10/site-packages/airflow/example_dags/example_xcomargs.py for tasks to queue
[2025-03-22T10:46:39.589+0500] {logging_mixin.py:190} INFO - [2025-03-22T10:46:39.589+0500] {dagbag.py:588} INFO - Filling up the DagBag from /home/ruslan/.local/lib/python3.10/site-packages/airflow/example_dags/example_xcomargs.py
[2025-03-22T10:46:39.595+0500] {processor.py:925} INFO - DAG(s) 'example_xcom_args_with_operators', 'example_xcom_args' retrieved from /home/ruslan/.local/lib/python3.10/site-packages/airflow/example_dags/example_xcomargs.py
[2025-03-22T10:46:39.605+0500] {logging_mixin.py:190} INFO - [2025-03-22T10:46:39.605+0500] {dag.py:3239} INFO - Sync 2 DAGs
[2025-03-22T10:46:39.612+0500] {logging_mixin.py:190} INFO - [2025-03-22T10:46:39.612+0500] {dag.py:4180} INFO - Setting next_dagrun for example_xcom_args to None, run_after=None
[2025-03-22T10:46:39.614+0500] {logging_mixin.py:190} INFO - [2025-03-22T10:46:39.614+0500] {dag.py:4180} INFO - Setting next_dagrun for example_xcom_args_with_operators to None, run_after=None
[2025-03-22T10:46:39.628+0500] {processor.py:208} INFO - Processing /home/ruslan/.local/lib/python3.10/site-packages/airflow/example_dags/example_xcomargs.py took 0.045 seconds
[2025-03-22T10:47:37.161+0500] {processor.py:186} INFO - Started process (PID=45099) to work on /home/ruslan/.local/lib/python3.10/site-packages/airflow/example_dags/example_xcomargs.py
[2025-03-22T10:47:37.162+0500] {processor.py:914} INFO - Processing file /home/ruslan/.local/lib/python3.10/site-packages/airflow/example_dags/example_xcomargs.py for tasks to queue
[2025-03-22T10:47:37.164+0500] {logging_mixin.py:190} INFO - [2025-03-22T10:47:37.163+0500] {dagbag.py:588} INFO - Filling up the DagBag from /home/ruslan/.local/lib/python3.10/site-packages/airflow/example_dags/example_xcomargs.py
[2025-03-22T10:47:37.170+0500] {processor.py:925} INFO - DAG(s) 'example_xcom_args_with_operators', 'example_xcom_args' retrieved from /home/ruslan/.local/lib/python3.10/site-packages/airflow/example_dags/example_xcomargs.py
[2025-03-22T10:47:37.180+0500] {logging_mixin.py:190} INFO - [2025-03-22T10:47:37.180+0500] {dag.py:3239} INFO - Sync 2 DAGs
[2025-03-22T10:47:37.187+0500] {logging_mixin.py:190} INFO - [2025-03-22T10:47:37.187+0500] {dag.py:4180} INFO - Setting next_dagrun for example_xcom_args to None, run_after=None
[2025-03-22T10:47:37.189+0500] {logging_mixin.py:190} INFO - [2025-03-22T10:47:37.188+0500] {dag.py:4180} INFO - Setting next_dagrun for example_xcom_args_with_operators to None, run_after=None
[2025-03-22T10:47:37.203+0500] {processor.py:208} INFO - Processing /home/ruslan/.local/lib/python3.10/site-packages/airflow/example_dags/example_xcomargs.py took 0.046 seconds
[2025-03-22T10:48:31.320+0500] {processor.py:186} INFO - Started process (PID=45743) to work on /home/ruslan/.local/lib/python3.10/site-packages/airflow/example_dags/example_xcomargs.py
[2025-03-22T10:48:31.321+0500] {processor.py:914} INFO - Processing file /home/ruslan/.local/lib/python3.10/site-packages/airflow/example_dags/example_xcomargs.py for tasks to queue
[2025-03-22T10:48:31.322+0500] {logging_mixin.py:190} INFO - [2025-03-22T10:48:31.322+0500] {dagbag.py:588} INFO - Filling up the DagBag from /home/ruslan/.local/lib/python3.10/site-packages/airflow/example_dags/example_xcomargs.py
[2025-03-22T10:48:31.328+0500] {processor.py:925} INFO - DAG(s) 'example_xcom_args_with_operators', 'example_xcom_args' retrieved from /home/ruslan/.local/lib/python3.10/site-packages/airflow/example_dags/example_xcomargs.py
[2025-03-22T10:48:31.338+0500] {logging_mixin.py:190} INFO - [2025-03-22T10:48:31.338+0500] {dag.py:3239} INFO - Sync 2 DAGs
[2025-03-22T10:48:31.345+0500] {logging_mixin.py:190} INFO - [2025-03-22T10:48:31.345+0500] {dag.py:4180} INFO - Setting next_dagrun for example_xcom_args to None, run_after=None
[2025-03-22T10:48:31.347+0500] {logging_mixin.py:190} INFO - [2025-03-22T10:48:31.346+0500] {dag.py:4180} INFO - Setting next_dagrun for example_xcom_args_with_operators to None, run_after=None
[2025-03-22T10:48:31.360+0500] {processor.py:208} INFO - Processing /home/ruslan/.local/lib/python3.10/site-packages/airflow/example_dags/example_xcomargs.py took 0.044 seconds
[2025-03-22T12:47:14.765+0500] {processor.py:186} INFO - Started process (PID=1060) to work on /home/ruslan/.local/lib/python3.10/site-packages/airflow/example_dags/example_xcomargs.py
[2025-03-22T12:47:14.766+0500] {processor.py:914} INFO - Processing file /home/ruslan/.local/lib/python3.10/site-packages/airflow/example_dags/example_xcomargs.py for tasks to queue
[2025-03-22T12:47:14.767+0500] {logging_mixin.py:190} INFO - [2025-03-22T12:47:14.767+0500] {dagbag.py:588} INFO - Filling up the DagBag from /home/ruslan/.local/lib/python3.10/site-packages/airflow/example_dags/example_xcomargs.py
[2025-03-22T12:47:14.774+0500] {processor.py:925} INFO - DAG(s) 'example_xcom_args', 'example_xcom_args_with_operators' retrieved from /home/ruslan/.local/lib/python3.10/site-packages/airflow/example_dags/example_xcomargs.py
[2025-03-22T12:47:14.785+0500] {logging_mixin.py:190} INFO - [2025-03-22T12:47:14.785+0500] {dag.py:3239} INFO - Sync 2 DAGs
[2025-03-22T12:47:14.792+0500] {logging_mixin.py:190} INFO - [2025-03-22T12:47:14.792+0500] {dag.py:4180} INFO - Setting next_dagrun for example_xcom_args to None, run_after=None
[2025-03-22T12:47:14.794+0500] {logging_mixin.py:190} INFO - [2025-03-22T12:47:14.794+0500] {dag.py:4180} INFO - Setting next_dagrun for example_xcom_args_with_operators to None, run_after=None
[2025-03-22T12:47:14.808+0500] {processor.py:208} INFO - Processing /home/ruslan/.local/lib/python3.10/site-packages/airflow/example_dags/example_xcomargs.py took 0.046 seconds
[2025-03-22T12:48:11.690+0500] {processor.py:186} INFO - Started process (PID=6304) to work on /home/ruslan/.local/lib/python3.10/site-packages/airflow/example_dags/example_xcomargs.py
[2025-03-22T12:48:11.691+0500] {processor.py:914} INFO - Processing file /home/ruslan/.local/lib/python3.10/site-packages/airflow/example_dags/example_xcomargs.py for tasks to queue
[2025-03-22T12:48:11.692+0500] {logging_mixin.py:190} INFO - [2025-03-22T12:48:11.692+0500] {dagbag.py:588} INFO - Filling up the DagBag from /home/ruslan/.local/lib/python3.10/site-packages/airflow/example_dags/example_xcomargs.py
[2025-03-22T12:48:11.698+0500] {processor.py:925} INFO - DAG(s) 'example_xcom_args', 'example_xcom_args_with_operators' retrieved from /home/ruslan/.local/lib/python3.10/site-packages/airflow/example_dags/example_xcomargs.py
[2025-03-22T12:48:11.709+0500] {logging_mixin.py:190} INFO - [2025-03-22T12:48:11.709+0500] {dag.py:3239} INFO - Sync 2 DAGs
[2025-03-22T12:48:11.716+0500] {logging_mixin.py:190} INFO - [2025-03-22T12:48:11.716+0500] {dag.py:4180} INFO - Setting next_dagrun for example_xcom_args to None, run_after=None
[2025-03-22T12:48:11.718+0500] {logging_mixin.py:190} INFO - [2025-03-22T12:48:11.718+0500] {dag.py:4180} INFO - Setting next_dagrun for example_xcom_args_with_operators to None, run_after=None
[2025-03-22T12:48:11.732+0500] {processor.py:208} INFO - Processing /home/ruslan/.local/lib/python3.10/site-packages/airflow/example_dags/example_xcomargs.py took 0.045 seconds
[2025-03-22T12:49:05.885+0500] {processor.py:186} INFO - Started process (PID=7003) to work on /home/ruslan/.local/lib/python3.10/site-packages/airflow/example_dags/example_xcomargs.py
[2025-03-22T12:49:05.886+0500] {processor.py:914} INFO - Processing file /home/ruslan/.local/lib/python3.10/site-packages/airflow/example_dags/example_xcomargs.py for tasks to queue
[2025-03-22T12:49:05.889+0500] {logging_mixin.py:190} INFO - [2025-03-22T12:49:05.889+0500] {dagbag.py:588} INFO - Filling up the DagBag from /home/ruslan/.local/lib/python3.10/site-packages/airflow/example_dags/example_xcomargs.py
[2025-03-22T12:49:05.898+0500] {processor.py:925} INFO - DAG(s) 'example_xcom_args', 'example_xcom_args_with_operators' retrieved from /home/ruslan/.local/lib/python3.10/site-packages/airflow/example_dags/example_xcomargs.py
[2025-03-22T12:49:05.910+0500] {logging_mixin.py:190} INFO - [2025-03-22T12:49:05.910+0500] {dag.py:3239} INFO - Sync 2 DAGs
[2025-03-22T12:49:05.919+0500] {logging_mixin.py:190} INFO - [2025-03-22T12:49:05.919+0500] {dag.py:4180} INFO - Setting next_dagrun for example_xcom_args to None, run_after=None
[2025-03-22T12:49:05.921+0500] {logging_mixin.py:190} INFO - [2025-03-22T12:49:05.921+0500] {dag.py:4180} INFO - Setting next_dagrun for example_xcom_args_with_operators to None, run_after=None
[2025-03-22T12:49:05.937+0500] {processor.py:208} INFO - Processing /home/ruslan/.local/lib/python3.10/site-packages/airflow/example_dags/example_xcomargs.py took 0.056 seconds
[2025-03-22T12:50:00.878+0500] {processor.py:186} INFO - Started process (PID=7677) to work on /home/ruslan/.local/lib/python3.10/site-packages/airflow/example_dags/example_xcomargs.py
[2025-03-22T12:50:00.879+0500] {processor.py:914} INFO - Processing file /home/ruslan/.local/lib/python3.10/site-packages/airflow/example_dags/example_xcomargs.py for tasks to queue
[2025-03-22T12:50:00.881+0500] {logging_mixin.py:190} INFO - [2025-03-22T12:50:00.880+0500] {dagbag.py:588} INFO - Filling up the DagBag from /home/ruslan/.local/lib/python3.10/site-packages/airflow/example_dags/example_xcomargs.py
[2025-03-22T12:50:00.886+0500] {processor.py:925} INFO - DAG(s) 'example_xcom_args_with_operators', 'example_xcom_args' retrieved from /home/ruslan/.local/lib/python3.10/site-packages/airflow/example_dags/example_xcomargs.py
[2025-03-22T12:50:00.895+0500] {logging_mixin.py:190} INFO - [2025-03-22T12:50:00.895+0500] {dag.py:3239} INFO - Sync 2 DAGs
[2025-03-22T12:50:00.901+0500] {logging_mixin.py:190} INFO - [2025-03-22T12:50:00.901+0500] {dag.py:4180} INFO - Setting next_dagrun for example_xcom_args to None, run_after=None
[2025-03-22T12:50:00.903+0500] {logging_mixin.py:190} INFO - [2025-03-22T12:50:00.903+0500] {dag.py:4180} INFO - Setting next_dagrun for example_xcom_args_with_operators to None, run_after=None
[2025-03-22T12:50:00.917+0500] {processor.py:208} INFO - Processing /home/ruslan/.local/lib/python3.10/site-packages/airflow/example_dags/example_xcomargs.py took 0.043 seconds
[2025-03-22T12:51:26.995+0500] {processor.py:186} INFO - Started process (PID=8994) to work on /home/ruslan/.local/lib/python3.10/site-packages/airflow/example_dags/example_xcomargs.py
[2025-03-22T12:51:26.996+0500] {processor.py:914} INFO - Processing file /home/ruslan/.local/lib/python3.10/site-packages/airflow/example_dags/example_xcomargs.py for tasks to queue
[2025-03-22T12:51:26.997+0500] {logging_mixin.py:190} INFO - [2025-03-22T12:51:26.997+0500] {dagbag.py:588} INFO - Filling up the DagBag from /home/ruslan/.local/lib/python3.10/site-packages/airflow/example_dags/example_xcomargs.py
[2025-03-22T12:51:27.003+0500] {processor.py:925} INFO - DAG(s) 'example_xcom_args', 'example_xcom_args_with_operators' retrieved from /home/ruslan/.local/lib/python3.10/site-packages/airflow/example_dags/example_xcomargs.py
[2025-03-22T12:51:27.013+0500] {logging_mixin.py:190} INFO - [2025-03-22T12:51:27.013+0500] {dag.py:3239} INFO - Sync 2 DAGs
[2025-03-22T12:51:27.020+0500] {logging_mixin.py:190} INFO - [2025-03-22T12:51:27.020+0500] {dag.py:4180} INFO - Setting next_dagrun for example_xcom_args to None, run_after=None
[2025-03-22T12:51:27.022+0500] {logging_mixin.py:190} INFO - [2025-03-22T12:51:27.022+0500] {dag.py:4180} INFO - Setting next_dagrun for example_xcom_args_with_operators to None, run_after=None
[2025-03-22T12:51:27.035+0500] {processor.py:208} INFO - Processing /home/ruslan/.local/lib/python3.10/site-packages/airflow/example_dags/example_xcomargs.py took 0.043 seconds
