[2025-03-22T10:07:22.316+0500] {processor.py:186} INFO - Started process (PID=17951) to work on /home/ruslan/.local/lib/python3.10/site-packages/airflow/example_dags/example_time_delta_sensor_async.py
[2025-03-22T10:07:22.317+0500] {processor.py:914} INFO - Processing file /home/ruslan/.local/lib/python3.10/site-packages/airflow/example_dags/example_time_delta_sensor_async.py for tasks to queue
[2025-03-22T10:07:22.319+0500] {logging_mixin.py:190} INFO - [2025-03-22T10:07:22.318+0500] {dagbag.py:588} INFO - Filling up the DagBag from /home/ruslan/.local/lib/python3.10/site-packages/airflow/example_dags/example_time_delta_sensor_async.py
[2025-03-22T10:07:22.323+0500] {processor.py:925} INFO - DAG(s) 'example_time_delta_sensor_async' retrieved from /home/ruslan/.local/lib/python3.10/site-packages/airflow/example_dags/example_time_delta_sensor_async.py
[2025-03-22T10:07:22.378+0500] {logging_mixin.py:190} INFO - [2025-03-22T10:07:22.378+0500] {override.py:1930} INFO - Created Permission View: can delete on DAG:example_time_delta_sensor_async
[2025-03-22T10:07:22.387+0500] {logging_mixin.py:190} INFO - [2025-03-22T10:07:22.387+0500] {override.py:1930} INFO - Created Permission View: can read on DAG:example_time_delta_sensor_async
[2025-03-22T10:07:22.394+0500] {logging_mixin.py:190} INFO - [2025-03-22T10:07:22.394+0500] {override.py:1930} INFO - Created Permission View: can edit on DAG:example_time_delta_sensor_async
[2025-03-22T10:07:22.405+0500] {logging_mixin.py:190} INFO - [2025-03-22T10:07:22.405+0500] {override.py:1930} INFO - Created Permission View: can create on DAG Run:example_time_delta_sensor_async
[2025-03-22T10:07:22.412+0500] {logging_mixin.py:190} INFO - [2025-03-22T10:07:22.412+0500] {override.py:1930} INFO - Created Permission View: menu access on DAG Run:example_time_delta_sensor_async
[2025-03-22T10:07:22.419+0500] {logging_mixin.py:190} INFO - [2025-03-22T10:07:22.419+0500] {override.py:1930} INFO - Created Permission View: can read on DAG Run:example_time_delta_sensor_async
[2025-03-22T10:07:22.426+0500] {logging_mixin.py:190} INFO - [2025-03-22T10:07:22.425+0500] {override.py:1930} INFO - Created Permission View: can delete on DAG Run:example_time_delta_sensor_async
[2025-03-22T10:07:22.426+0500] {logging_mixin.py:190} INFO - [2025-03-22T10:07:22.426+0500] {dag.py:3239} INFO - Sync 1 DAGs
[2025-03-22T10:07:22.434+0500] {logging_mixin.py:190} INFO - [2025-03-22T10:07:22.433+0500] {dag.py:3262} INFO - Creating ORM DAG for example_time_delta_sensor_async
[2025-03-22T10:07:22.434+0500] {logging_mixin.py:190} INFO - [2025-03-22T10:07:22.434+0500] {dag.py:4180} INFO - Setting next_dagrun for example_time_delta_sensor_async to None, run_after=None
[2025-03-22T10:07:22.447+0500] {processor.py:208} INFO - Processing /home/ruslan/.local/lib/python3.10/site-packages/airflow/example_dags/example_time_delta_sensor_async.py took 0.134 seconds
[2025-03-22T10:08:19.568+0500] {processor.py:186} INFO - Started process (PID=18591) to work on /home/ruslan/.local/lib/python3.10/site-packages/airflow/example_dags/example_time_delta_sensor_async.py
[2025-03-22T10:08:19.569+0500] {processor.py:914} INFO - Processing file /home/ruslan/.local/lib/python3.10/site-packages/airflow/example_dags/example_time_delta_sensor_async.py for tasks to queue
[2025-03-22T10:08:19.571+0500] {logging_mixin.py:190} INFO - [2025-03-22T10:08:19.570+0500] {dagbag.py:588} INFO - Filling up the DagBag from /home/ruslan/.local/lib/python3.10/site-packages/airflow/example_dags/example_time_delta_sensor_async.py
[2025-03-22T10:08:19.575+0500] {processor.py:925} INFO - DAG(s) 'example_time_delta_sensor_async' retrieved from /home/ruslan/.local/lib/python3.10/site-packages/airflow/example_dags/example_time_delta_sensor_async.py
[2025-03-22T10:08:19.583+0500] {logging_mixin.py:190} INFO - [2025-03-22T10:08:19.583+0500] {dag.py:3239} INFO - Sync 1 DAGs
[2025-03-22T10:08:19.590+0500] {logging_mixin.py:190} INFO - [2025-03-22T10:08:19.590+0500] {dag.py:4180} INFO - Setting next_dagrun for example_time_delta_sensor_async to None, run_after=None
[2025-03-22T10:08:19.605+0500] {processor.py:208} INFO - Processing /home/ruslan/.local/lib/python3.10/site-packages/airflow/example_dags/example_time_delta_sensor_async.py took 0.040 seconds
[2025-03-22T10:09:16.486+0500] {processor.py:186} INFO - Started process (PID=19113) to work on /home/ruslan/.local/lib/python3.10/site-packages/airflow/example_dags/example_time_delta_sensor_async.py
[2025-03-22T10:09:16.487+0500] {processor.py:914} INFO - Processing file /home/ruslan/.local/lib/python3.10/site-packages/airflow/example_dags/example_time_delta_sensor_async.py for tasks to queue
[2025-03-22T10:09:16.489+0500] {logging_mixin.py:190} INFO - [2025-03-22T10:09:16.488+0500] {dagbag.py:588} INFO - Filling up the DagBag from /home/ruslan/.local/lib/python3.10/site-packages/airflow/example_dags/example_time_delta_sensor_async.py
[2025-03-22T10:09:16.493+0500] {processor.py:925} INFO - DAG(s) 'example_time_delta_sensor_async' retrieved from /home/ruslan/.local/lib/python3.10/site-packages/airflow/example_dags/example_time_delta_sensor_async.py
[2025-03-22T10:09:16.501+0500] {logging_mixin.py:190} INFO - [2025-03-22T10:09:16.501+0500] {dag.py:3239} INFO - Sync 1 DAGs
[2025-03-22T10:09:16.508+0500] {logging_mixin.py:190} INFO - [2025-03-22T10:09:16.508+0500] {dag.py:4180} INFO - Setting next_dagrun for example_time_delta_sensor_async to None, run_after=None
[2025-03-22T10:09:16.523+0500] {processor.py:208} INFO - Processing /home/ruslan/.local/lib/python3.10/site-packages/airflow/example_dags/example_time_delta_sensor_async.py took 0.040 seconds
[2025-03-22T10:10:12.999+0500] {processor.py:186} INFO - Started process (PID=19713) to work on /home/ruslan/.local/lib/python3.10/site-packages/airflow/example_dags/example_time_delta_sensor_async.py
[2025-03-22T10:10:13.000+0500] {processor.py:914} INFO - Processing file /home/ruslan/.local/lib/python3.10/site-packages/airflow/example_dags/example_time_delta_sensor_async.py for tasks to queue
[2025-03-22T10:10:13.001+0500] {logging_mixin.py:190} INFO - [2025-03-22T10:10:13.001+0500] {dagbag.py:588} INFO - Filling up the DagBag from /home/ruslan/.local/lib/python3.10/site-packages/airflow/example_dags/example_time_delta_sensor_async.py
[2025-03-22T10:10:13.006+0500] {processor.py:925} INFO - DAG(s) 'example_time_delta_sensor_async' retrieved from /home/ruslan/.local/lib/python3.10/site-packages/airflow/example_dags/example_time_delta_sensor_async.py
[2025-03-22T10:10:13.017+0500] {logging_mixin.py:190} INFO - [2025-03-22T10:10:13.017+0500] {dag.py:3239} INFO - Sync 1 DAGs
[2025-03-22T10:10:13.025+0500] {logging_mixin.py:190} INFO - [2025-03-22T10:10:13.024+0500] {dag.py:4180} INFO - Setting next_dagrun for example_time_delta_sensor_async to None, run_after=None
[2025-03-22T10:10:13.042+0500] {processor.py:208} INFO - Processing /home/ruslan/.local/lib/python3.10/site-packages/airflow/example_dags/example_time_delta_sensor_async.py took 0.048 seconds
[2025-03-22T10:11:08.852+0500] {processor.py:186} INFO - Started process (PID=20306) to work on /home/ruslan/.local/lib/python3.10/site-packages/airflow/example_dags/example_time_delta_sensor_async.py
[2025-03-22T10:11:08.853+0500] {processor.py:914} INFO - Processing file /home/ruslan/.local/lib/python3.10/site-packages/airflow/example_dags/example_time_delta_sensor_async.py for tasks to queue
[2025-03-22T10:11:08.854+0500] {logging_mixin.py:190} INFO - [2025-03-22T10:11:08.854+0500] {dagbag.py:588} INFO - Filling up the DagBag from /home/ruslan/.local/lib/python3.10/site-packages/airflow/example_dags/example_time_delta_sensor_async.py
[2025-03-22T10:11:08.859+0500] {processor.py:925} INFO - DAG(s) 'example_time_delta_sensor_async' retrieved from /home/ruslan/.local/lib/python3.10/site-packages/airflow/example_dags/example_time_delta_sensor_async.py
[2025-03-22T10:11:08.867+0500] {logging_mixin.py:190} INFO - [2025-03-22T10:11:08.866+0500] {dag.py:3239} INFO - Sync 1 DAGs
[2025-03-22T10:11:08.874+0500] {logging_mixin.py:190} INFO - [2025-03-22T10:11:08.874+0500] {dag.py:4180} INFO - Setting next_dagrun for example_time_delta_sensor_async to None, run_after=None
[2025-03-22T10:11:08.889+0500] {processor.py:208} INFO - Processing /home/ruslan/.local/lib/python3.10/site-packages/airflow/example_dags/example_time_delta_sensor_async.py took 0.040 seconds
[2025-03-22T10:12:00.764+0500] {processor.py:186} INFO - Started process (PID=20821) to work on /home/ruslan/.local/lib/python3.10/site-packages/airflow/example_dags/example_time_delta_sensor_async.py
[2025-03-22T10:12:00.765+0500] {processor.py:914} INFO - Processing file /home/ruslan/.local/lib/python3.10/site-packages/airflow/example_dags/example_time_delta_sensor_async.py for tasks to queue
[2025-03-22T10:12:00.767+0500] {logging_mixin.py:190} INFO - [2025-03-22T10:12:00.766+0500] {dagbag.py:588} INFO - Filling up the DagBag from /home/ruslan/.local/lib/python3.10/site-packages/airflow/example_dags/example_time_delta_sensor_async.py
[2025-03-22T10:12:00.771+0500] {processor.py:925} INFO - DAG(s) 'example_time_delta_sensor_async' retrieved from /home/ruslan/.local/lib/python3.10/site-packages/airflow/example_dags/example_time_delta_sensor_async.py
[2025-03-22T10:12:00.779+0500] {logging_mixin.py:190} INFO - [2025-03-22T10:12:00.779+0500] {dag.py:3239} INFO - Sync 1 DAGs
[2025-03-22T10:12:00.787+0500] {logging_mixin.py:190} INFO - [2025-03-22T10:12:00.787+0500] {dag.py:4180} INFO - Setting next_dagrun for example_time_delta_sensor_async to None, run_after=None
[2025-03-22T10:12:00.804+0500] {processor.py:208} INFO - Processing /home/ruslan/.local/lib/python3.10/site-packages/airflow/example_dags/example_time_delta_sensor_async.py took 0.043 seconds
[2025-03-22T10:12:49.286+0500] {processor.py:186} INFO - Started process (PID=21402) to work on /home/ruslan/.local/lib/python3.10/site-packages/airflow/example_dags/example_time_delta_sensor_async.py
[2025-03-22T10:12:49.288+0500] {processor.py:914} INFO - Processing file /home/ruslan/.local/lib/python3.10/site-packages/airflow/example_dags/example_time_delta_sensor_async.py for tasks to queue
[2025-03-22T10:12:49.290+0500] {logging_mixin.py:190} INFO - [2025-03-22T10:12:49.290+0500] {dagbag.py:588} INFO - Filling up the DagBag from /home/ruslan/.local/lib/python3.10/site-packages/airflow/example_dags/example_time_delta_sensor_async.py
[2025-03-22T10:12:49.295+0500] {processor.py:925} INFO - DAG(s) 'example_time_delta_sensor_async' retrieved from /home/ruslan/.local/lib/python3.10/site-packages/airflow/example_dags/example_time_delta_sensor_async.py
[2025-03-22T10:12:49.305+0500] {logging_mixin.py:190} INFO - [2025-03-22T10:12:49.304+0500] {dag.py:3239} INFO - Sync 1 DAGs
[2025-03-22T10:12:49.313+0500] {logging_mixin.py:190} INFO - [2025-03-22T10:12:49.312+0500] {dag.py:4180} INFO - Setting next_dagrun for example_time_delta_sensor_async to None, run_after=None
[2025-03-22T10:12:49.390+0500] {processor.py:208} INFO - Processing /home/ruslan/.local/lib/python3.10/site-packages/airflow/example_dags/example_time_delta_sensor_async.py took 0.108 seconds
[2025-03-22T10:13:44.559+0500] {processor.py:186} INFO - Started process (PID=21907) to work on /home/ruslan/.local/lib/python3.10/site-packages/airflow/example_dags/example_time_delta_sensor_async.py
[2025-03-22T10:13:44.561+0500] {processor.py:914} INFO - Processing file /home/ruslan/.local/lib/python3.10/site-packages/airflow/example_dags/example_time_delta_sensor_async.py for tasks to queue
[2025-03-22T10:13:44.562+0500] {logging_mixin.py:190} INFO - [2025-03-22T10:13:44.562+0500] {dagbag.py:588} INFO - Filling up the DagBag from /home/ruslan/.local/lib/python3.10/site-packages/airflow/example_dags/example_time_delta_sensor_async.py
[2025-03-22T10:13:44.566+0500] {processor.py:925} INFO - DAG(s) 'example_time_delta_sensor_async' retrieved from /home/ruslan/.local/lib/python3.10/site-packages/airflow/example_dags/example_time_delta_sensor_async.py
[2025-03-22T10:13:44.575+0500] {logging_mixin.py:190} INFO - [2025-03-22T10:13:44.575+0500] {dag.py:3239} INFO - Sync 1 DAGs
[2025-03-22T10:13:44.582+0500] {logging_mixin.py:190} INFO - [2025-03-22T10:13:44.582+0500] {dag.py:4180} INFO - Setting next_dagrun for example_time_delta_sensor_async to None, run_after=None
[2025-03-22T10:13:44.596+0500] {processor.py:208} INFO - Processing /home/ruslan/.local/lib/python3.10/site-packages/airflow/example_dags/example_time_delta_sensor_async.py took 0.041 seconds
[2025-03-22T10:14:38.824+0500] {processor.py:186} INFO - Started process (PID=22502) to work on /home/ruslan/.local/lib/python3.10/site-packages/airflow/example_dags/example_time_delta_sensor_async.py
[2025-03-22T10:14:38.825+0500] {processor.py:914} INFO - Processing file /home/ruslan/.local/lib/python3.10/site-packages/airflow/example_dags/example_time_delta_sensor_async.py for tasks to queue
[2025-03-22T10:14:38.826+0500] {logging_mixin.py:190} INFO - [2025-03-22T10:14:38.826+0500] {dagbag.py:588} INFO - Filling up the DagBag from /home/ruslan/.local/lib/python3.10/site-packages/airflow/example_dags/example_time_delta_sensor_async.py
[2025-03-22T10:14:38.831+0500] {processor.py:925} INFO - DAG(s) 'example_time_delta_sensor_async' retrieved from /home/ruslan/.local/lib/python3.10/site-packages/airflow/example_dags/example_time_delta_sensor_async.py
[2025-03-22T10:14:38.839+0500] {logging_mixin.py:190} INFO - [2025-03-22T10:14:38.839+0500] {dag.py:3239} INFO - Sync 1 DAGs
[2025-03-22T10:14:38.847+0500] {logging_mixin.py:190} INFO - [2025-03-22T10:14:38.847+0500] {dag.py:4180} INFO - Setting next_dagrun for example_time_delta_sensor_async to None, run_after=None
[2025-03-22T10:14:38.861+0500] {processor.py:208} INFO - Processing /home/ruslan/.local/lib/python3.10/site-packages/airflow/example_dags/example_time_delta_sensor_async.py took 0.041 seconds
[2025-03-22T10:15:31.222+0500] {processor.py:186} INFO - Started process (PID=23015) to work on /home/ruslan/.local/lib/python3.10/site-packages/airflow/example_dags/example_time_delta_sensor_async.py
[2025-03-22T10:15:31.223+0500] {processor.py:914} INFO - Processing file /home/ruslan/.local/lib/python3.10/site-packages/airflow/example_dags/example_time_delta_sensor_async.py for tasks to queue
[2025-03-22T10:15:31.224+0500] {logging_mixin.py:190} INFO - [2025-03-22T10:15:31.224+0500] {dagbag.py:588} INFO - Filling up the DagBag from /home/ruslan/.local/lib/python3.10/site-packages/airflow/example_dags/example_time_delta_sensor_async.py
[2025-03-22T10:15:31.228+0500] {processor.py:925} INFO - DAG(s) 'example_time_delta_sensor_async' retrieved from /home/ruslan/.local/lib/python3.10/site-packages/airflow/example_dags/example_time_delta_sensor_async.py
[2025-03-22T10:15:31.237+0500] {logging_mixin.py:190} INFO - [2025-03-22T10:15:31.237+0500] {dag.py:3239} INFO - Sync 1 DAGs
[2025-03-22T10:15:31.244+0500] {logging_mixin.py:190} INFO - [2025-03-22T10:15:31.244+0500] {dag.py:4180} INFO - Setting next_dagrun for example_time_delta_sensor_async to None, run_after=None
[2025-03-22T10:15:31.259+0500] {processor.py:208} INFO - Processing /home/ruslan/.local/lib/python3.10/site-packages/airflow/example_dags/example_time_delta_sensor_async.py took 0.041 seconds
[2025-03-22T10:16:22.518+0500] {processor.py:186} INFO - Started process (PID=23601) to work on /home/ruslan/.local/lib/python3.10/site-packages/airflow/example_dags/example_time_delta_sensor_async.py
[2025-03-22T10:16:22.519+0500] {processor.py:914} INFO - Processing file /home/ruslan/.local/lib/python3.10/site-packages/airflow/example_dags/example_time_delta_sensor_async.py for tasks to queue
[2025-03-22T10:16:22.521+0500] {logging_mixin.py:190} INFO - [2025-03-22T10:16:22.520+0500] {dagbag.py:588} INFO - Filling up the DagBag from /home/ruslan/.local/lib/python3.10/site-packages/airflow/example_dags/example_time_delta_sensor_async.py
[2025-03-22T10:16:22.525+0500] {processor.py:925} INFO - DAG(s) 'example_time_delta_sensor_async' retrieved from /home/ruslan/.local/lib/python3.10/site-packages/airflow/example_dags/example_time_delta_sensor_async.py
[2025-03-22T10:16:22.533+0500] {logging_mixin.py:190} INFO - [2025-03-22T10:16:22.533+0500] {dag.py:3239} INFO - Sync 1 DAGs
[2025-03-22T10:16:22.540+0500] {logging_mixin.py:190} INFO - [2025-03-22T10:16:22.540+0500] {dag.py:4180} INFO - Setting next_dagrun for example_time_delta_sensor_async to None, run_after=None
[2025-03-22T10:16:22.555+0500] {processor.py:208} INFO - Processing /home/ruslan/.local/lib/python3.10/site-packages/airflow/example_dags/example_time_delta_sensor_async.py took 0.040 seconds
[2025-03-22T10:17:13.228+0500] {processor.py:186} INFO - Started process (PID=24105) to work on /home/ruslan/.local/lib/python3.10/site-packages/airflow/example_dags/example_time_delta_sensor_async.py
[2025-03-22T10:17:13.229+0500] {processor.py:914} INFO - Processing file /home/ruslan/.local/lib/python3.10/site-packages/airflow/example_dags/example_time_delta_sensor_async.py for tasks to queue
[2025-03-22T10:17:13.230+0500] {logging_mixin.py:190} INFO - [2025-03-22T10:17:13.230+0500] {dagbag.py:588} INFO - Filling up the DagBag from /home/ruslan/.local/lib/python3.10/site-packages/airflow/example_dags/example_time_delta_sensor_async.py
[2025-03-22T10:17:13.234+0500] {processor.py:925} INFO - DAG(s) 'example_time_delta_sensor_async' retrieved from /home/ruslan/.local/lib/python3.10/site-packages/airflow/example_dags/example_time_delta_sensor_async.py
[2025-03-22T10:17:13.242+0500] {logging_mixin.py:190} INFO - [2025-03-22T10:17:13.242+0500] {dag.py:3239} INFO - Sync 1 DAGs
[2025-03-22T10:17:13.249+0500] {logging_mixin.py:190} INFO - [2025-03-22T10:17:13.249+0500] {dag.py:4180} INFO - Setting next_dagrun for example_time_delta_sensor_async to None, run_after=None
[2025-03-22T10:17:13.265+0500] {processor.py:208} INFO - Processing /home/ruslan/.local/lib/python3.10/site-packages/airflow/example_dags/example_time_delta_sensor_async.py took 0.040 seconds
[2025-03-22T10:18:05.133+0500] {processor.py:186} INFO - Started process (PID=24690) to work on /home/ruslan/.local/lib/python3.10/site-packages/airflow/example_dags/example_time_delta_sensor_async.py
[2025-03-22T10:18:05.134+0500] {processor.py:914} INFO - Processing file /home/ruslan/.local/lib/python3.10/site-packages/airflow/example_dags/example_time_delta_sensor_async.py for tasks to queue
[2025-03-22T10:18:05.136+0500] {logging_mixin.py:190} INFO - [2025-03-22T10:18:05.135+0500] {dagbag.py:588} INFO - Filling up the DagBag from /home/ruslan/.local/lib/python3.10/site-packages/airflow/example_dags/example_time_delta_sensor_async.py
[2025-03-22T10:18:05.140+0500] {processor.py:925} INFO - DAG(s) 'example_time_delta_sensor_async' retrieved from /home/ruslan/.local/lib/python3.10/site-packages/airflow/example_dags/example_time_delta_sensor_async.py
[2025-03-22T10:18:05.148+0500] {logging_mixin.py:190} INFO - [2025-03-22T10:18:05.148+0500] {dag.py:3239} INFO - Sync 1 DAGs
[2025-03-22T10:18:05.155+0500] {logging_mixin.py:190} INFO - [2025-03-22T10:18:05.155+0500] {dag.py:4180} INFO - Setting next_dagrun for example_time_delta_sensor_async to None, run_after=None
[2025-03-22T10:18:05.170+0500] {processor.py:208} INFO - Processing /home/ruslan/.local/lib/python3.10/site-packages/airflow/example_dags/example_time_delta_sensor_async.py took 0.041 seconds
[2025-03-22T10:18:56.484+0500] {processor.py:186} INFO - Started process (PID=25221) to work on /home/ruslan/.local/lib/python3.10/site-packages/airflow/example_dags/example_time_delta_sensor_async.py
[2025-03-22T10:18:56.486+0500] {processor.py:914} INFO - Processing file /home/ruslan/.local/lib/python3.10/site-packages/airflow/example_dags/example_time_delta_sensor_async.py for tasks to queue
[2025-03-22T10:18:56.487+0500] {logging_mixin.py:190} INFO - [2025-03-22T10:18:56.487+0500] {dagbag.py:588} INFO - Filling up the DagBag from /home/ruslan/.local/lib/python3.10/site-packages/airflow/example_dags/example_time_delta_sensor_async.py
[2025-03-22T10:18:56.492+0500] {processor.py:925} INFO - DAG(s) 'example_time_delta_sensor_async' retrieved from /home/ruslan/.local/lib/python3.10/site-packages/airflow/example_dags/example_time_delta_sensor_async.py
[2025-03-22T10:18:56.500+0500] {logging_mixin.py:190} INFO - [2025-03-22T10:18:56.500+0500] {dag.py:3239} INFO - Sync 1 DAGs
[2025-03-22T10:18:56.507+0500] {logging_mixin.py:190} INFO - [2025-03-22T10:18:56.507+0500] {dag.py:4180} INFO - Setting next_dagrun for example_time_delta_sensor_async to None, run_after=None
[2025-03-22T10:18:56.522+0500] {processor.py:208} INFO - Processing /home/ruslan/.local/lib/python3.10/site-packages/airflow/example_dags/example_time_delta_sensor_async.py took 0.041 seconds
[2025-03-22T10:20:12.863+0500] {processor.py:186} INFO - Started process (PID=26014) to work on /home/ruslan/.local/lib/python3.10/site-packages/airflow/example_dags/example_time_delta_sensor_async.py
[2025-03-22T10:20:12.864+0500] {processor.py:914} INFO - Processing file /home/ruslan/.local/lib/python3.10/site-packages/airflow/example_dags/example_time_delta_sensor_async.py for tasks to queue
[2025-03-22T10:20:12.865+0500] {logging_mixin.py:190} INFO - [2025-03-22T10:20:12.865+0500] {dagbag.py:588} INFO - Filling up the DagBag from /home/ruslan/.local/lib/python3.10/site-packages/airflow/example_dags/example_time_delta_sensor_async.py
[2025-03-22T10:20:12.869+0500] {processor.py:925} INFO - DAG(s) 'example_time_delta_sensor_async' retrieved from /home/ruslan/.local/lib/python3.10/site-packages/airflow/example_dags/example_time_delta_sensor_async.py
[2025-03-22T10:20:12.878+0500] {logging_mixin.py:190} INFO - [2025-03-22T10:20:12.878+0500] {dag.py:3239} INFO - Sync 1 DAGs
[2025-03-22T10:20:12.885+0500] {logging_mixin.py:190} INFO - [2025-03-22T10:20:12.885+0500] {dag.py:4180} INFO - Setting next_dagrun for example_time_delta_sensor_async to None, run_after=None
[2025-03-22T10:20:12.903+0500] {processor.py:208} INFO - Processing /home/ruslan/.local/lib/python3.10/site-packages/airflow/example_dags/example_time_delta_sensor_async.py took 0.044 seconds
[2025-03-22T10:21:04.866+0500] {processor.py:186} INFO - Started process (PID=26616) to work on /home/ruslan/.local/lib/python3.10/site-packages/airflow/example_dags/example_time_delta_sensor_async.py
[2025-03-22T10:21:04.867+0500] {processor.py:914} INFO - Processing file /home/ruslan/.local/lib/python3.10/site-packages/airflow/example_dags/example_time_delta_sensor_async.py for tasks to queue
[2025-03-22T10:21:04.869+0500] {logging_mixin.py:190} INFO - [2025-03-22T10:21:04.868+0500] {dagbag.py:588} INFO - Filling up the DagBag from /home/ruslan/.local/lib/python3.10/site-packages/airflow/example_dags/example_time_delta_sensor_async.py
[2025-03-22T10:21:04.873+0500] {processor.py:925} INFO - DAG(s) 'example_time_delta_sensor_async' retrieved from /home/ruslan/.local/lib/python3.10/site-packages/airflow/example_dags/example_time_delta_sensor_async.py
[2025-03-22T10:21:04.883+0500] {logging_mixin.py:190} INFO - [2025-03-22T10:21:04.882+0500] {dag.py:3239} INFO - Sync 1 DAGs
[2025-03-22T10:21:04.890+0500] {logging_mixin.py:190} INFO - [2025-03-22T10:21:04.890+0500] {dag.py:4180} INFO - Setting next_dagrun for example_time_delta_sensor_async to None, run_after=None
[2025-03-22T10:21:04.905+0500] {processor.py:208} INFO - Processing /home/ruslan/.local/lib/python3.10/site-packages/airflow/example_dags/example_time_delta_sensor_async.py took 0.043 seconds
[2025-03-22T10:21:58.390+0500] {processor.py:186} INFO - Started process (PID=27145) to work on /home/ruslan/.local/lib/python3.10/site-packages/airflow/example_dags/example_time_delta_sensor_async.py
[2025-03-22T10:21:58.391+0500] {processor.py:914} INFO - Processing file /home/ruslan/.local/lib/python3.10/site-packages/airflow/example_dags/example_time_delta_sensor_async.py for tasks to queue
[2025-03-22T10:21:58.393+0500] {logging_mixin.py:190} INFO - [2025-03-22T10:21:58.393+0500] {dagbag.py:588} INFO - Filling up the DagBag from /home/ruslan/.local/lib/python3.10/site-packages/airflow/example_dags/example_time_delta_sensor_async.py
[2025-03-22T10:21:58.397+0500] {processor.py:925} INFO - DAG(s) 'example_time_delta_sensor_async' retrieved from /home/ruslan/.local/lib/python3.10/site-packages/airflow/example_dags/example_time_delta_sensor_async.py
[2025-03-22T10:21:58.405+0500] {logging_mixin.py:190} INFO - [2025-03-22T10:21:58.405+0500] {dag.py:3239} INFO - Sync 1 DAGs
[2025-03-22T10:21:58.412+0500] {logging_mixin.py:190} INFO - [2025-03-22T10:21:58.412+0500] {dag.py:4180} INFO - Setting next_dagrun for example_time_delta_sensor_async to None, run_after=None
[2025-03-22T10:21:58.427+0500] {processor.py:208} INFO - Processing /home/ruslan/.local/lib/python3.10/site-packages/airflow/example_dags/example_time_delta_sensor_async.py took 0.040 seconds
[2025-03-22T10:22:52.426+0500] {processor.py:186} INFO - Started process (PID=27754) to work on /home/ruslan/.local/lib/python3.10/site-packages/airflow/example_dags/example_time_delta_sensor_async.py
[2025-03-22T10:22:52.427+0500] {processor.py:914} INFO - Processing file /home/ruslan/.local/lib/python3.10/site-packages/airflow/example_dags/example_time_delta_sensor_async.py for tasks to queue
[2025-03-22T10:22:52.428+0500] {logging_mixin.py:190} INFO - [2025-03-22T10:22:52.428+0500] {dagbag.py:588} INFO - Filling up the DagBag from /home/ruslan/.local/lib/python3.10/site-packages/airflow/example_dags/example_time_delta_sensor_async.py
[2025-03-22T10:22:52.433+0500] {processor.py:925} INFO - DAG(s) 'example_time_delta_sensor_async' retrieved from /home/ruslan/.local/lib/python3.10/site-packages/airflow/example_dags/example_time_delta_sensor_async.py
[2025-03-22T10:22:52.442+0500] {logging_mixin.py:190} INFO - [2025-03-22T10:22:52.442+0500] {dag.py:3239} INFO - Sync 1 DAGs
[2025-03-22T10:22:52.449+0500] {logging_mixin.py:190} INFO - [2025-03-22T10:22:52.449+0500] {dag.py:4180} INFO - Setting next_dagrun for example_time_delta_sensor_async to None, run_after=None
[2025-03-22T10:22:52.464+0500] {processor.py:208} INFO - Processing /home/ruslan/.local/lib/python3.10/site-packages/airflow/example_dags/example_time_delta_sensor_async.py took 0.042 seconds
[2025-03-22T10:23:43.908+0500] {processor.py:186} INFO - Started process (PID=28263) to work on /home/ruslan/.local/lib/python3.10/site-packages/airflow/example_dags/example_time_delta_sensor_async.py
[2025-03-22T10:23:43.909+0500] {processor.py:914} INFO - Processing file /home/ruslan/.local/lib/python3.10/site-packages/airflow/example_dags/example_time_delta_sensor_async.py for tasks to queue
[2025-03-22T10:23:43.911+0500] {logging_mixin.py:190} INFO - [2025-03-22T10:23:43.910+0500] {dagbag.py:588} INFO - Filling up the DagBag from /home/ruslan/.local/lib/python3.10/site-packages/airflow/example_dags/example_time_delta_sensor_async.py
[2025-03-22T10:23:43.915+0500] {processor.py:925} INFO - DAG(s) 'example_time_delta_sensor_async' retrieved from /home/ruslan/.local/lib/python3.10/site-packages/airflow/example_dags/example_time_delta_sensor_async.py
[2025-03-22T10:23:43.923+0500] {logging_mixin.py:190} INFO - [2025-03-22T10:23:43.923+0500] {dag.py:3239} INFO - Sync 1 DAGs
[2025-03-22T10:23:43.931+0500] {logging_mixin.py:190} INFO - [2025-03-22T10:23:43.931+0500] {dag.py:4180} INFO - Setting next_dagrun for example_time_delta_sensor_async to None, run_after=None
[2025-03-22T10:23:43.947+0500] {processor.py:208} INFO - Processing /home/ruslan/.local/lib/python3.10/site-packages/airflow/example_dags/example_time_delta_sensor_async.py took 0.042 seconds
[2025-03-22T10:24:35.241+0500] {processor.py:186} INFO - Started process (PID=28871) to work on /home/ruslan/.local/lib/python3.10/site-packages/airflow/example_dags/example_time_delta_sensor_async.py
[2025-03-22T10:24:35.242+0500] {processor.py:914} INFO - Processing file /home/ruslan/.local/lib/python3.10/site-packages/airflow/example_dags/example_time_delta_sensor_async.py for tasks to queue
[2025-03-22T10:24:35.243+0500] {logging_mixin.py:190} INFO - [2025-03-22T10:24:35.243+0500] {dagbag.py:588} INFO - Filling up the DagBag from /home/ruslan/.local/lib/python3.10/site-packages/airflow/example_dags/example_time_delta_sensor_async.py
[2025-03-22T10:24:35.248+0500] {processor.py:925} INFO - DAG(s) 'example_time_delta_sensor_async' retrieved from /home/ruslan/.local/lib/python3.10/site-packages/airflow/example_dags/example_time_delta_sensor_async.py
[2025-03-22T10:24:35.257+0500] {logging_mixin.py:190} INFO - [2025-03-22T10:24:35.257+0500] {dag.py:3239} INFO - Sync 1 DAGs
[2025-03-22T10:24:35.264+0500] {logging_mixin.py:190} INFO - [2025-03-22T10:24:35.264+0500] {dag.py:4180} INFO - Setting next_dagrun for example_time_delta_sensor_async to None, run_after=None
[2025-03-22T10:24:35.279+0500] {processor.py:208} INFO - Processing /home/ruslan/.local/lib/python3.10/site-packages/airflow/example_dags/example_time_delta_sensor_async.py took 0.042 seconds
[2025-03-22T10:25:24.862+0500] {processor.py:186} INFO - Started process (PID=29397) to work on /home/ruslan/.local/lib/python3.10/site-packages/airflow/example_dags/example_time_delta_sensor_async.py
[2025-03-22T10:25:24.864+0500] {processor.py:914} INFO - Processing file /home/ruslan/.local/lib/python3.10/site-packages/airflow/example_dags/example_time_delta_sensor_async.py for tasks to queue
[2025-03-22T10:25:24.865+0500] {logging_mixin.py:190} INFO - [2025-03-22T10:25:24.865+0500] {dagbag.py:588} INFO - Filling up the DagBag from /home/ruslan/.local/lib/python3.10/site-packages/airflow/example_dags/example_time_delta_sensor_async.py
[2025-03-22T10:25:24.869+0500] {processor.py:925} INFO - DAG(s) 'example_time_delta_sensor_async' retrieved from /home/ruslan/.local/lib/python3.10/site-packages/airflow/example_dags/example_time_delta_sensor_async.py
[2025-03-22T10:25:24.877+0500] {logging_mixin.py:190} INFO - [2025-03-22T10:25:24.877+0500] {dag.py:3239} INFO - Sync 1 DAGs
[2025-03-22T10:25:24.885+0500] {logging_mixin.py:190} INFO - [2025-03-22T10:25:24.885+0500] {dag.py:4180} INFO - Setting next_dagrun for example_time_delta_sensor_async to None, run_after=None
[2025-03-22T10:25:24.914+0500] {processor.py:208} INFO - Processing /home/ruslan/.local/lib/python3.10/site-packages/airflow/example_dags/example_time_delta_sensor_async.py took 0.055 seconds
[2025-03-22T10:26:18.946+0500] {processor.py:186} INFO - Started process (PID=30368) to work on /home/ruslan/.local/lib/python3.10/site-packages/airflow/example_dags/example_time_delta_sensor_async.py
[2025-03-22T10:26:18.947+0500] {processor.py:914} INFO - Processing file /home/ruslan/.local/lib/python3.10/site-packages/airflow/example_dags/example_time_delta_sensor_async.py for tasks to queue
[2025-03-22T10:26:18.949+0500] {logging_mixin.py:190} INFO - [2025-03-22T10:26:18.948+0500] {dagbag.py:588} INFO - Filling up the DagBag from /home/ruslan/.local/lib/python3.10/site-packages/airflow/example_dags/example_time_delta_sensor_async.py
[2025-03-22T10:26:18.953+0500] {processor.py:925} INFO - DAG(s) 'example_time_delta_sensor_async' retrieved from /home/ruslan/.local/lib/python3.10/site-packages/airflow/example_dags/example_time_delta_sensor_async.py
[2025-03-22T10:26:18.961+0500] {logging_mixin.py:190} INFO - [2025-03-22T10:26:18.961+0500] {dag.py:3239} INFO - Sync 1 DAGs
[2025-03-22T10:26:18.968+0500] {logging_mixin.py:190} INFO - [2025-03-22T10:26:18.968+0500] {dag.py:4180} INFO - Setting next_dagrun for example_time_delta_sensor_async to None, run_after=None
[2025-03-22T10:26:18.983+0500] {processor.py:208} INFO - Processing /home/ruslan/.local/lib/python3.10/site-packages/airflow/example_dags/example_time_delta_sensor_async.py took 0.040 seconds
[2025-03-22T10:27:10.179+0500] {processor.py:186} INFO - Started process (PID=31039) to work on /home/ruslan/.local/lib/python3.10/site-packages/airflow/example_dags/example_time_delta_sensor_async.py
[2025-03-22T10:27:10.180+0500] {processor.py:914} INFO - Processing file /home/ruslan/.local/lib/python3.10/site-packages/airflow/example_dags/example_time_delta_sensor_async.py for tasks to queue
[2025-03-22T10:27:10.181+0500] {logging_mixin.py:190} INFO - [2025-03-22T10:27:10.181+0500] {dagbag.py:588} INFO - Filling up the DagBag from /home/ruslan/.local/lib/python3.10/site-packages/airflow/example_dags/example_time_delta_sensor_async.py
[2025-03-22T10:27:10.186+0500] {processor.py:925} INFO - DAG(s) 'example_time_delta_sensor_async' retrieved from /home/ruslan/.local/lib/python3.10/site-packages/airflow/example_dags/example_time_delta_sensor_async.py
[2025-03-22T10:27:10.195+0500] {logging_mixin.py:190} INFO - [2025-03-22T10:27:10.195+0500] {dag.py:3239} INFO - Sync 1 DAGs
[2025-03-22T10:27:10.202+0500] {logging_mixin.py:190} INFO - [2025-03-22T10:27:10.202+0500] {dag.py:4180} INFO - Setting next_dagrun for example_time_delta_sensor_async to None, run_after=None
[2025-03-22T10:27:10.217+0500] {processor.py:208} INFO - Processing /home/ruslan/.local/lib/python3.10/site-packages/airflow/example_dags/example_time_delta_sensor_async.py took 0.042 seconds
[2025-03-22T10:27:59.765+0500] {processor.py:186} INFO - Started process (PID=31574) to work on /home/ruslan/.local/lib/python3.10/site-packages/airflow/example_dags/example_time_delta_sensor_async.py
[2025-03-22T10:27:59.766+0500] {processor.py:914} INFO - Processing file /home/ruslan/.local/lib/python3.10/site-packages/airflow/example_dags/example_time_delta_sensor_async.py for tasks to queue
[2025-03-22T10:27:59.767+0500] {logging_mixin.py:190} INFO - [2025-03-22T10:27:59.767+0500] {dagbag.py:588} INFO - Filling up the DagBag from /home/ruslan/.local/lib/python3.10/site-packages/airflow/example_dags/example_time_delta_sensor_async.py
[2025-03-22T10:27:59.771+0500] {processor.py:925} INFO - DAG(s) 'example_time_delta_sensor_async' retrieved from /home/ruslan/.local/lib/python3.10/site-packages/airflow/example_dags/example_time_delta_sensor_async.py
[2025-03-22T10:27:59.780+0500] {logging_mixin.py:190} INFO - [2025-03-22T10:27:59.779+0500] {dag.py:3239} INFO - Sync 1 DAGs
[2025-03-22T10:27:59.786+0500] {logging_mixin.py:190} INFO - [2025-03-22T10:27:59.786+0500] {dag.py:4180} INFO - Setting next_dagrun for example_time_delta_sensor_async to None, run_after=None
[2025-03-22T10:27:59.801+0500] {processor.py:208} INFO - Processing /home/ruslan/.local/lib/python3.10/site-packages/airflow/example_dags/example_time_delta_sensor_async.py took 0.040 seconds
[2025-03-22T10:28:51.756+0500] {processor.py:186} INFO - Started process (PID=32192) to work on /home/ruslan/.local/lib/python3.10/site-packages/airflow/example_dags/example_time_delta_sensor_async.py
[2025-03-22T10:28:51.757+0500] {processor.py:914} INFO - Processing file /home/ruslan/.local/lib/python3.10/site-packages/airflow/example_dags/example_time_delta_sensor_async.py for tasks to queue
[2025-03-22T10:28:51.759+0500] {logging_mixin.py:190} INFO - [2025-03-22T10:28:51.759+0500] {dagbag.py:588} INFO - Filling up the DagBag from /home/ruslan/.local/lib/python3.10/site-packages/airflow/example_dags/example_time_delta_sensor_async.py
[2025-03-22T10:28:51.763+0500] {processor.py:925} INFO - DAG(s) 'example_time_delta_sensor_async' retrieved from /home/ruslan/.local/lib/python3.10/site-packages/airflow/example_dags/example_time_delta_sensor_async.py
[2025-03-22T10:28:51.771+0500] {logging_mixin.py:190} INFO - [2025-03-22T10:28:51.771+0500] {dag.py:3239} INFO - Sync 1 DAGs
[2025-03-22T10:28:51.778+0500] {logging_mixin.py:190} INFO - [2025-03-22T10:28:51.778+0500] {dag.py:4180} INFO - Setting next_dagrun for example_time_delta_sensor_async to None, run_after=None
[2025-03-22T10:28:51.793+0500] {processor.py:208} INFO - Processing /home/ruslan/.local/lib/python3.10/site-packages/airflow/example_dags/example_time_delta_sensor_async.py took 0.041 seconds
[2025-03-22T10:29:45.212+0500] {processor.py:186} INFO - Started process (PID=32719) to work on /home/ruslan/.local/lib/python3.10/site-packages/airflow/example_dags/example_time_delta_sensor_async.py
[2025-03-22T10:29:45.213+0500] {processor.py:914} INFO - Processing file /home/ruslan/.local/lib/python3.10/site-packages/airflow/example_dags/example_time_delta_sensor_async.py for tasks to queue
[2025-03-22T10:29:45.214+0500] {logging_mixin.py:190} INFO - [2025-03-22T10:29:45.214+0500] {dagbag.py:588} INFO - Filling up the DagBag from /home/ruslan/.local/lib/python3.10/site-packages/airflow/example_dags/example_time_delta_sensor_async.py
[2025-03-22T10:29:45.219+0500] {processor.py:925} INFO - DAG(s) 'example_time_delta_sensor_async' retrieved from /home/ruslan/.local/lib/python3.10/site-packages/airflow/example_dags/example_time_delta_sensor_async.py
[2025-03-22T10:29:45.227+0500] {logging_mixin.py:190} INFO - [2025-03-22T10:29:45.227+0500] {dag.py:3239} INFO - Sync 1 DAGs
[2025-03-22T10:29:45.233+0500] {logging_mixin.py:190} INFO - [2025-03-22T10:29:45.233+0500] {dag.py:4180} INFO - Setting next_dagrun for example_time_delta_sensor_async to None, run_after=None
[2025-03-22T10:29:45.249+0500] {processor.py:208} INFO - Processing /home/ruslan/.local/lib/python3.10/site-packages/airflow/example_dags/example_time_delta_sensor_async.py took 0.040 seconds
[2025-03-22T10:30:36.987+0500] {processor.py:186} INFO - Started process (PID=32981) to work on /home/ruslan/.local/lib/python3.10/site-packages/airflow/example_dags/example_time_delta_sensor_async.py
[2025-03-22T10:30:36.988+0500] {processor.py:914} INFO - Processing file /home/ruslan/.local/lib/python3.10/site-packages/airflow/example_dags/example_time_delta_sensor_async.py for tasks to queue
[2025-03-22T10:30:36.988+0500] {logging_mixin.py:190} INFO - [2025-03-22T10:30:36.988+0500] {dagbag.py:588} INFO - Filling up the DagBag from /home/ruslan/.local/lib/python3.10/site-packages/airflow/example_dags/example_time_delta_sensor_async.py
[2025-03-22T10:30:36.993+0500] {processor.py:925} INFO - DAG(s) 'example_time_delta_sensor_async' retrieved from /home/ruslan/.local/lib/python3.10/site-packages/airflow/example_dags/example_time_delta_sensor_async.py
[2025-03-22T10:30:37.001+0500] {logging_mixin.py:190} INFO - [2025-03-22T10:30:37.001+0500] {dag.py:3239} INFO - Sync 1 DAGs
[2025-03-22T10:30:37.008+0500] {logging_mixin.py:190} INFO - [2025-03-22T10:30:37.008+0500] {dag.py:4180} INFO - Setting next_dagrun for example_time_delta_sensor_async to None, run_after=None
[2025-03-22T10:30:37.023+0500] {processor.py:208} INFO - Processing /home/ruslan/.local/lib/python3.10/site-packages/airflow/example_dags/example_time_delta_sensor_async.py took 0.040 seconds
[2025-03-22T10:31:29.063+0500] {processor.py:186} INFO - Started process (PID=33534) to work on /home/ruslan/.local/lib/python3.10/site-packages/airflow/example_dags/example_time_delta_sensor_async.py
[2025-03-22T10:31:29.065+0500] {processor.py:914} INFO - Processing file /home/ruslan/.local/lib/python3.10/site-packages/airflow/example_dags/example_time_delta_sensor_async.py for tasks to queue
[2025-03-22T10:31:29.065+0500] {logging_mixin.py:190} INFO - [2025-03-22T10:31:29.065+0500] {dagbag.py:588} INFO - Filling up the DagBag from /home/ruslan/.local/lib/python3.10/site-packages/airflow/example_dags/example_time_delta_sensor_async.py
[2025-03-22T10:31:29.070+0500] {processor.py:925} INFO - DAG(s) 'example_time_delta_sensor_async' retrieved from /home/ruslan/.local/lib/python3.10/site-packages/airflow/example_dags/example_time_delta_sensor_async.py
[2025-03-22T10:31:29.079+0500] {logging_mixin.py:190} INFO - [2025-03-22T10:31:29.079+0500] {dag.py:3239} INFO - Sync 1 DAGs
[2025-03-22T10:31:29.086+0500] {logging_mixin.py:190} INFO - [2025-03-22T10:31:29.086+0500] {dag.py:4180} INFO - Setting next_dagrun for example_time_delta_sensor_async to None, run_after=None
[2025-03-22T10:31:29.101+0500] {processor.py:208} INFO - Processing /home/ruslan/.local/lib/python3.10/site-packages/airflow/example_dags/example_time_delta_sensor_async.py took 0.042 seconds
[2025-03-22T10:32:20.921+0500] {processor.py:186} INFO - Started process (PID=34289) to work on /home/ruslan/.local/lib/python3.10/site-packages/airflow/example_dags/example_time_delta_sensor_async.py
[2025-03-22T10:32:20.922+0500] {processor.py:914} INFO - Processing file /home/ruslan/.local/lib/python3.10/site-packages/airflow/example_dags/example_time_delta_sensor_async.py for tasks to queue
[2025-03-22T10:32:20.923+0500] {logging_mixin.py:190} INFO - [2025-03-22T10:32:20.923+0500] {dagbag.py:588} INFO - Filling up the DagBag from /home/ruslan/.local/lib/python3.10/site-packages/airflow/example_dags/example_time_delta_sensor_async.py
[2025-03-22T10:32:20.928+0500] {processor.py:925} INFO - DAG(s) 'example_time_delta_sensor_async' retrieved from /home/ruslan/.local/lib/python3.10/site-packages/airflow/example_dags/example_time_delta_sensor_async.py
[2025-03-22T10:32:20.937+0500] {logging_mixin.py:190} INFO - [2025-03-22T10:32:20.937+0500] {dag.py:3239} INFO - Sync 1 DAGs
[2025-03-22T10:32:20.945+0500] {logging_mixin.py:190} INFO - [2025-03-22T10:32:20.945+0500] {dag.py:4180} INFO - Setting next_dagrun for example_time_delta_sensor_async to None, run_after=None
[2025-03-22T10:32:20.960+0500] {processor.py:208} INFO - Processing /home/ruslan/.local/lib/python3.10/site-packages/airflow/example_dags/example_time_delta_sensor_async.py took 0.044 seconds
[2025-03-22T10:33:21.473+0500] {processor.py:186} INFO - Started process (PID=35081) to work on /home/ruslan/.local/lib/python3.10/site-packages/airflow/example_dags/example_time_delta_sensor_async.py
[2025-03-22T10:33:21.474+0500] {processor.py:914} INFO - Processing file /home/ruslan/.local/lib/python3.10/site-packages/airflow/example_dags/example_time_delta_sensor_async.py for tasks to queue
[2025-03-22T10:33:21.476+0500] {logging_mixin.py:190} INFO - [2025-03-22T10:33:21.476+0500] {dagbag.py:588} INFO - Filling up the DagBag from /home/ruslan/.local/lib/python3.10/site-packages/airflow/example_dags/example_time_delta_sensor_async.py
[2025-03-22T10:33:21.480+0500] {processor.py:925} INFO - DAG(s) 'example_time_delta_sensor_async' retrieved from /home/ruslan/.local/lib/python3.10/site-packages/airflow/example_dags/example_time_delta_sensor_async.py
[2025-03-22T10:33:21.489+0500] {logging_mixin.py:190} INFO - [2025-03-22T10:33:21.489+0500] {dag.py:3239} INFO - Sync 1 DAGs
[2025-03-22T10:33:21.496+0500] {logging_mixin.py:190} INFO - [2025-03-22T10:33:21.496+0500] {dag.py:4180} INFO - Setting next_dagrun for example_time_delta_sensor_async to None, run_after=None
[2025-03-22T10:33:21.511+0500] {processor.py:208} INFO - Processing /home/ruslan/.local/lib/python3.10/site-packages/airflow/example_dags/example_time_delta_sensor_async.py took 0.042 seconds
[2025-03-22T10:34:15.640+0500] {processor.py:186} INFO - Started process (PID=35642) to work on /home/ruslan/.local/lib/python3.10/site-packages/airflow/example_dags/example_time_delta_sensor_async.py
[2025-03-22T10:34:15.641+0500] {processor.py:914} INFO - Processing file /home/ruslan/.local/lib/python3.10/site-packages/airflow/example_dags/example_time_delta_sensor_async.py for tasks to queue
[2025-03-22T10:34:15.642+0500] {logging_mixin.py:190} INFO - [2025-03-22T10:34:15.642+0500] {dagbag.py:588} INFO - Filling up the DagBag from /home/ruslan/.local/lib/python3.10/site-packages/airflow/example_dags/example_time_delta_sensor_async.py
[2025-03-22T10:34:15.646+0500] {processor.py:925} INFO - DAG(s) 'example_time_delta_sensor_async' retrieved from /home/ruslan/.local/lib/python3.10/site-packages/airflow/example_dags/example_time_delta_sensor_async.py
[2025-03-22T10:34:15.654+0500] {logging_mixin.py:190} INFO - [2025-03-22T10:34:15.654+0500] {dag.py:3239} INFO - Sync 1 DAGs
[2025-03-22T10:34:15.661+0500] {logging_mixin.py:190} INFO - [2025-03-22T10:34:15.661+0500] {dag.py:4180} INFO - Setting next_dagrun for example_time_delta_sensor_async to None, run_after=None
[2025-03-22T10:34:15.676+0500] {processor.py:208} INFO - Processing /home/ruslan/.local/lib/python3.10/site-packages/airflow/example_dags/example_time_delta_sensor_async.py took 0.040 seconds
[2025-03-22T10:35:09.402+0500] {processor.py:186} INFO - Started process (PID=36327) to work on /home/ruslan/.local/lib/python3.10/site-packages/airflow/example_dags/example_time_delta_sensor_async.py
[2025-03-22T10:35:09.403+0500] {processor.py:914} INFO - Processing file /home/ruslan/.local/lib/python3.10/site-packages/airflow/example_dags/example_time_delta_sensor_async.py for tasks to queue
[2025-03-22T10:35:09.404+0500] {logging_mixin.py:190} INFO - [2025-03-22T10:35:09.404+0500] {dagbag.py:588} INFO - Filling up the DagBag from /home/ruslan/.local/lib/python3.10/site-packages/airflow/example_dags/example_time_delta_sensor_async.py
[2025-03-22T10:35:09.408+0500] {processor.py:925} INFO - DAG(s) 'example_time_delta_sensor_async' retrieved from /home/ruslan/.local/lib/python3.10/site-packages/airflow/example_dags/example_time_delta_sensor_async.py
[2025-03-22T10:35:09.416+0500] {logging_mixin.py:190} INFO - [2025-03-22T10:35:09.416+0500] {dag.py:3239} INFO - Sync 1 DAGs
[2025-03-22T10:35:09.423+0500] {logging_mixin.py:190} INFO - [2025-03-22T10:35:09.423+0500] {dag.py:4180} INFO - Setting next_dagrun for example_time_delta_sensor_async to None, run_after=None
[2025-03-22T10:35:09.438+0500] {processor.py:208} INFO - Processing /home/ruslan/.local/lib/python3.10/site-packages/airflow/example_dags/example_time_delta_sensor_async.py took 0.040 seconds
[2025-03-22T10:35:58.480+0500] {processor.py:186} INFO - Started process (PID=36905) to work on /home/ruslan/.local/lib/python3.10/site-packages/airflow/example_dags/example_time_delta_sensor_async.py
[2025-03-22T10:35:58.481+0500] {processor.py:914} INFO - Processing file /home/ruslan/.local/lib/python3.10/site-packages/airflow/example_dags/example_time_delta_sensor_async.py for tasks to queue
[2025-03-22T10:35:58.482+0500] {logging_mixin.py:190} INFO - [2025-03-22T10:35:58.482+0500] {dagbag.py:588} INFO - Filling up the DagBag from /home/ruslan/.local/lib/python3.10/site-packages/airflow/example_dags/example_time_delta_sensor_async.py
[2025-03-22T10:35:58.486+0500] {processor.py:925} INFO - DAG(s) 'example_time_delta_sensor_async' retrieved from /home/ruslan/.local/lib/python3.10/site-packages/airflow/example_dags/example_time_delta_sensor_async.py
[2025-03-22T10:35:58.495+0500] {logging_mixin.py:190} INFO - [2025-03-22T10:35:58.494+0500] {dag.py:3239} INFO - Sync 1 DAGs
[2025-03-22T10:35:58.501+0500] {logging_mixin.py:190} INFO - [2025-03-22T10:35:58.501+0500] {dag.py:4180} INFO - Setting next_dagrun for example_time_delta_sensor_async to None, run_after=None
[2025-03-22T10:35:58.517+0500] {processor.py:208} INFO - Processing /home/ruslan/.local/lib/python3.10/site-packages/airflow/example_dags/example_time_delta_sensor_async.py took 0.040 seconds
[2025-03-22T10:37:13.533+0500] {processor.py:186} INFO - Started process (PID=37421) to work on /home/ruslan/.local/lib/python3.10/site-packages/airflow/example_dags/example_time_delta_sensor_async.py
[2025-03-22T10:37:13.534+0500] {processor.py:914} INFO - Processing file /home/ruslan/.local/lib/python3.10/site-packages/airflow/example_dags/example_time_delta_sensor_async.py for tasks to queue
[2025-03-22T10:37:13.535+0500] {logging_mixin.py:190} INFO - [2025-03-22T10:37:13.535+0500] {dagbag.py:588} INFO - Filling up the DagBag from /home/ruslan/.local/lib/python3.10/site-packages/airflow/example_dags/example_time_delta_sensor_async.py
[2025-03-22T10:37:13.540+0500] {processor.py:925} INFO - DAG(s) 'example_time_delta_sensor_async' retrieved from /home/ruslan/.local/lib/python3.10/site-packages/airflow/example_dags/example_time_delta_sensor_async.py
[2025-03-22T10:37:13.549+0500] {logging_mixin.py:190} INFO - [2025-03-22T10:37:13.549+0500] {dag.py:3239} INFO - Sync 1 DAGs
[2025-03-22T10:37:13.556+0500] {logging_mixin.py:190} INFO - [2025-03-22T10:37:13.556+0500] {dag.py:4180} INFO - Setting next_dagrun for example_time_delta_sensor_async to None, run_after=None
[2025-03-22T10:37:13.570+0500] {processor.py:208} INFO - Processing /home/ruslan/.local/lib/python3.10/site-packages/airflow/example_dags/example_time_delta_sensor_async.py took 0.041 seconds
[2025-03-22T10:39:05.953+0500] {processor.py:186} INFO - Started process (PID=38732) to work on /home/ruslan/.local/lib/python3.10/site-packages/airflow/example_dags/example_time_delta_sensor_async.py
[2025-03-22T10:39:05.954+0500] {processor.py:914} INFO - Processing file /home/ruslan/.local/lib/python3.10/site-packages/airflow/example_dags/example_time_delta_sensor_async.py for tasks to queue
[2025-03-22T10:39:05.955+0500] {logging_mixin.py:190} INFO - [2025-03-22T10:39:05.955+0500] {dagbag.py:588} INFO - Filling up the DagBag from /home/ruslan/.local/lib/python3.10/site-packages/airflow/example_dags/example_time_delta_sensor_async.py
[2025-03-22T10:39:05.960+0500] {processor.py:925} INFO - DAG(s) 'example_time_delta_sensor_async' retrieved from /home/ruslan/.local/lib/python3.10/site-packages/airflow/example_dags/example_time_delta_sensor_async.py
[2025-03-22T10:39:05.968+0500] {logging_mixin.py:190} INFO - [2025-03-22T10:39:05.968+0500] {dag.py:3239} INFO - Sync 1 DAGs
[2025-03-22T10:39:05.976+0500] {logging_mixin.py:190} INFO - [2025-03-22T10:39:05.976+0500] {dag.py:4180} INFO - Setting next_dagrun for example_time_delta_sensor_async to None, run_after=None
[2025-03-22T10:39:05.991+0500] {processor.py:208} INFO - Processing /home/ruslan/.local/lib/python3.10/site-packages/airflow/example_dags/example_time_delta_sensor_async.py took 0.042 seconds
[2025-03-22T10:40:00.711+0500] {processor.py:186} INFO - Started process (PID=39433) to work on /home/ruslan/.local/lib/python3.10/site-packages/airflow/example_dags/example_time_delta_sensor_async.py
[2025-03-22T10:40:00.712+0500] {processor.py:914} INFO - Processing file /home/ruslan/.local/lib/python3.10/site-packages/airflow/example_dags/example_time_delta_sensor_async.py for tasks to queue
[2025-03-22T10:40:00.713+0500] {logging_mixin.py:190} INFO - [2025-03-22T10:40:00.713+0500] {dagbag.py:588} INFO - Filling up the DagBag from /home/ruslan/.local/lib/python3.10/site-packages/airflow/example_dags/example_time_delta_sensor_async.py
[2025-03-22T10:40:00.717+0500] {processor.py:925} INFO - DAG(s) 'example_time_delta_sensor_async' retrieved from /home/ruslan/.local/lib/python3.10/site-packages/airflow/example_dags/example_time_delta_sensor_async.py
[2025-03-22T10:40:00.726+0500] {logging_mixin.py:190} INFO - [2025-03-22T10:40:00.726+0500] {dag.py:3239} INFO - Sync 1 DAGs
[2025-03-22T10:40:00.733+0500] {logging_mixin.py:190} INFO - [2025-03-22T10:40:00.733+0500] {dag.py:4180} INFO - Setting next_dagrun for example_time_delta_sensor_async to None, run_after=None
[2025-03-22T10:40:00.748+0500] {processor.py:208} INFO - Processing /home/ruslan/.local/lib/python3.10/site-packages/airflow/example_dags/example_time_delta_sensor_async.py took 0.041 seconds
[2025-03-22T10:40:58.141+0500] {processor.py:186} INFO - Started process (PID=40063) to work on /home/ruslan/.local/lib/python3.10/site-packages/airflow/example_dags/example_time_delta_sensor_async.py
[2025-03-22T10:40:58.143+0500] {processor.py:914} INFO - Processing file /home/ruslan/.local/lib/python3.10/site-packages/airflow/example_dags/example_time_delta_sensor_async.py for tasks to queue
[2025-03-22T10:40:58.144+0500] {logging_mixin.py:190} INFO - [2025-03-22T10:40:58.144+0500] {dagbag.py:588} INFO - Filling up the DagBag from /home/ruslan/.local/lib/python3.10/site-packages/airflow/example_dags/example_time_delta_sensor_async.py
[2025-03-22T10:40:58.148+0500] {processor.py:925} INFO - DAG(s) 'example_time_delta_sensor_async' retrieved from /home/ruslan/.local/lib/python3.10/site-packages/airflow/example_dags/example_time_delta_sensor_async.py
[2025-03-22T10:40:58.156+0500] {logging_mixin.py:190} INFO - [2025-03-22T10:40:58.156+0500] {dag.py:3239} INFO - Sync 1 DAGs
[2025-03-22T10:40:58.163+0500] {logging_mixin.py:190} INFO - [2025-03-22T10:40:58.163+0500] {dag.py:4180} INFO - Setting next_dagrun for example_time_delta_sensor_async to None, run_after=None
[2025-03-22T10:40:58.178+0500] {processor.py:208} INFO - Processing /home/ruslan/.local/lib/python3.10/site-packages/airflow/example_dags/example_time_delta_sensor_async.py took 0.040 seconds
[2025-03-22T10:41:58.341+0500] {processor.py:186} INFO - Started process (PID=40889) to work on /home/ruslan/.local/lib/python3.10/site-packages/airflow/example_dags/example_time_delta_sensor_async.py
[2025-03-22T10:41:58.343+0500] {processor.py:914} INFO - Processing file /home/ruslan/.local/lib/python3.10/site-packages/airflow/example_dags/example_time_delta_sensor_async.py for tasks to queue
[2025-03-22T10:41:58.344+0500] {logging_mixin.py:190} INFO - [2025-03-22T10:41:58.344+0500] {dagbag.py:588} INFO - Filling up the DagBag from /home/ruslan/.local/lib/python3.10/site-packages/airflow/example_dags/example_time_delta_sensor_async.py
[2025-03-22T10:41:58.349+0500] {processor.py:925} INFO - DAG(s) 'example_time_delta_sensor_async' retrieved from /home/ruslan/.local/lib/python3.10/site-packages/airflow/example_dags/example_time_delta_sensor_async.py
[2025-03-22T10:41:58.357+0500] {logging_mixin.py:190} INFO - [2025-03-22T10:41:58.357+0500] {dag.py:3239} INFO - Sync 1 DAGs
[2025-03-22T10:41:58.363+0500] {logging_mixin.py:190} INFO - [2025-03-22T10:41:58.363+0500] {dag.py:4180} INFO - Setting next_dagrun for example_time_delta_sensor_async to None, run_after=None
[2025-03-22T10:41:58.378+0500] {processor.py:208} INFO - Processing /home/ruslan/.local/lib/python3.10/site-packages/airflow/example_dags/example_time_delta_sensor_async.py took 0.040 seconds
[2025-03-22T10:42:53.946+0500] {processor.py:186} INFO - Started process (PID=41603) to work on /home/ruslan/.local/lib/python3.10/site-packages/airflow/example_dags/example_time_delta_sensor_async.py
[2025-03-22T10:42:53.947+0500] {processor.py:914} INFO - Processing file /home/ruslan/.local/lib/python3.10/site-packages/airflow/example_dags/example_time_delta_sensor_async.py for tasks to queue
[2025-03-22T10:42:53.948+0500] {logging_mixin.py:190} INFO - [2025-03-22T10:42:53.948+0500] {dagbag.py:588} INFO - Filling up the DagBag from /home/ruslan/.local/lib/python3.10/site-packages/airflow/example_dags/example_time_delta_sensor_async.py
[2025-03-22T10:42:53.953+0500] {processor.py:925} INFO - DAG(s) 'example_time_delta_sensor_async' retrieved from /home/ruslan/.local/lib/python3.10/site-packages/airflow/example_dags/example_time_delta_sensor_async.py
[2025-03-22T10:42:53.961+0500] {logging_mixin.py:190} INFO - [2025-03-22T10:42:53.961+0500] {dag.py:3239} INFO - Sync 1 DAGs
[2025-03-22T10:42:53.968+0500] {logging_mixin.py:190} INFO - [2025-03-22T10:42:53.968+0500] {dag.py:4180} INFO - Setting next_dagrun for example_time_delta_sensor_async to None, run_after=None
[2025-03-22T10:42:53.983+0500] {processor.py:208} INFO - Processing /home/ruslan/.local/lib/python3.10/site-packages/airflow/example_dags/example_time_delta_sensor_async.py took 0.043 seconds
[2025-03-22T10:43:49.207+0500] {processor.py:186} INFO - Started process (PID=42220) to work on /home/ruslan/.local/lib/python3.10/site-packages/airflow/example_dags/example_time_delta_sensor_async.py
[2025-03-22T10:43:49.208+0500] {processor.py:914} INFO - Processing file /home/ruslan/.local/lib/python3.10/site-packages/airflow/example_dags/example_time_delta_sensor_async.py for tasks to queue
[2025-03-22T10:43:49.209+0500] {logging_mixin.py:190} INFO - [2025-03-22T10:43:49.209+0500] {dagbag.py:588} INFO - Filling up the DagBag from /home/ruslan/.local/lib/python3.10/site-packages/airflow/example_dags/example_time_delta_sensor_async.py
[2025-03-22T10:43:49.214+0500] {processor.py:925} INFO - DAG(s) 'example_time_delta_sensor_async' retrieved from /home/ruslan/.local/lib/python3.10/site-packages/airflow/example_dags/example_time_delta_sensor_async.py
[2025-03-22T10:43:49.222+0500] {logging_mixin.py:190} INFO - [2025-03-22T10:43:49.222+0500] {dag.py:3239} INFO - Sync 1 DAGs
[2025-03-22T10:43:49.230+0500] {logging_mixin.py:190} INFO - [2025-03-22T10:43:49.229+0500] {dag.py:4180} INFO - Setting next_dagrun for example_time_delta_sensor_async to None, run_after=None
[2025-03-22T10:43:49.244+0500] {processor.py:208} INFO - Processing /home/ruslan/.local/lib/python3.10/site-packages/airflow/example_dags/example_time_delta_sensor_async.py took 0.042 seconds
[2025-03-22T10:44:44.512+0500] {processor.py:186} INFO - Started process (PID=42933) to work on /home/ruslan/.local/lib/python3.10/site-packages/airflow/example_dags/example_time_delta_sensor_async.py
[2025-03-22T10:44:44.513+0500] {processor.py:914} INFO - Processing file /home/ruslan/.local/lib/python3.10/site-packages/airflow/example_dags/example_time_delta_sensor_async.py for tasks to queue
[2025-03-22T10:44:44.514+0500] {logging_mixin.py:190} INFO - [2025-03-22T10:44:44.514+0500] {dagbag.py:588} INFO - Filling up the DagBag from /home/ruslan/.local/lib/python3.10/site-packages/airflow/example_dags/example_time_delta_sensor_async.py
[2025-03-22T10:44:44.519+0500] {processor.py:925} INFO - DAG(s) 'example_time_delta_sensor_async' retrieved from /home/ruslan/.local/lib/python3.10/site-packages/airflow/example_dags/example_time_delta_sensor_async.py
[2025-03-22T10:44:44.527+0500] {logging_mixin.py:190} INFO - [2025-03-22T10:44:44.527+0500] {dag.py:3239} INFO - Sync 1 DAGs
[2025-03-22T10:44:44.534+0500] {logging_mixin.py:190} INFO - [2025-03-22T10:44:44.534+0500] {dag.py:4180} INFO - Setting next_dagrun for example_time_delta_sensor_async to None, run_after=None
[2025-03-22T10:44:44.549+0500] {processor.py:208} INFO - Processing /home/ruslan/.local/lib/python3.10/site-packages/airflow/example_dags/example_time_delta_sensor_async.py took 0.041 seconds
[2025-03-22T10:45:39.339+0500] {processor.py:186} INFO - Started process (PID=43653) to work on /home/ruslan/.local/lib/python3.10/site-packages/airflow/example_dags/example_time_delta_sensor_async.py
[2025-03-22T10:45:39.340+0500] {processor.py:914} INFO - Processing file /home/ruslan/.local/lib/python3.10/site-packages/airflow/example_dags/example_time_delta_sensor_async.py for tasks to queue
[2025-03-22T10:45:39.342+0500] {logging_mixin.py:190} INFO - [2025-03-22T10:45:39.342+0500] {dagbag.py:588} INFO - Filling up the DagBag from /home/ruslan/.local/lib/python3.10/site-packages/airflow/example_dags/example_time_delta_sensor_async.py
[2025-03-22T10:45:39.348+0500] {processor.py:925} INFO - DAG(s) 'example_time_delta_sensor_async' retrieved from /home/ruslan/.local/lib/python3.10/site-packages/airflow/example_dags/example_time_delta_sensor_async.py
[2025-03-22T10:45:39.359+0500] {logging_mixin.py:190} INFO - [2025-03-22T10:45:39.359+0500] {dag.py:3239} INFO - Sync 1 DAGs
[2025-03-22T10:45:39.368+0500] {logging_mixin.py:190} INFO - [2025-03-22T10:45:39.368+0500] {dag.py:4180} INFO - Setting next_dagrun for example_time_delta_sensor_async to None, run_after=None
[2025-03-22T10:45:39.384+0500] {processor.py:208} INFO - Processing /home/ruslan/.local/lib/python3.10/site-packages/airflow/example_dags/example_time_delta_sensor_async.py took 0.048 seconds
[2025-03-22T10:46:34.451+0500] {processor.py:186} INFO - Started process (PID=44343) to work on /home/ruslan/.local/lib/python3.10/site-packages/airflow/example_dags/example_time_delta_sensor_async.py
[2025-03-22T10:46:34.452+0500] {processor.py:914} INFO - Processing file /home/ruslan/.local/lib/python3.10/site-packages/airflow/example_dags/example_time_delta_sensor_async.py for tasks to queue
[2025-03-22T10:46:34.454+0500] {logging_mixin.py:190} INFO - [2025-03-22T10:46:34.453+0500] {dagbag.py:588} INFO - Filling up the DagBag from /home/ruslan/.local/lib/python3.10/site-packages/airflow/example_dags/example_time_delta_sensor_async.py
[2025-03-22T10:46:34.459+0500] {processor.py:925} INFO - DAG(s) 'example_time_delta_sensor_async' retrieved from /home/ruslan/.local/lib/python3.10/site-packages/airflow/example_dags/example_time_delta_sensor_async.py
[2025-03-22T10:46:34.470+0500] {logging_mixin.py:190} INFO - [2025-03-22T10:46:34.470+0500] {dag.py:3239} INFO - Sync 1 DAGs
[2025-03-22T10:46:34.478+0500] {logging_mixin.py:190} INFO - [2025-03-22T10:46:34.478+0500] {dag.py:4180} INFO - Setting next_dagrun for example_time_delta_sensor_async to None, run_after=None
[2025-03-22T10:46:34.494+0500] {processor.py:208} INFO - Processing /home/ruslan/.local/lib/python3.10/site-packages/airflow/example_dags/example_time_delta_sensor_async.py took 0.047 seconds
[2025-03-22T10:47:32.654+0500] {processor.py:186} INFO - Started process (PID=44989) to work on /home/ruslan/.local/lib/python3.10/site-packages/airflow/example_dags/example_time_delta_sensor_async.py
[2025-03-22T10:47:32.655+0500] {processor.py:914} INFO - Processing file /home/ruslan/.local/lib/python3.10/site-packages/airflow/example_dags/example_time_delta_sensor_async.py for tasks to queue
[2025-03-22T10:47:32.656+0500] {logging_mixin.py:190} INFO - [2025-03-22T10:47:32.656+0500] {dagbag.py:588} INFO - Filling up the DagBag from /home/ruslan/.local/lib/python3.10/site-packages/airflow/example_dags/example_time_delta_sensor_async.py
[2025-03-22T10:47:32.660+0500] {processor.py:925} INFO - DAG(s) 'example_time_delta_sensor_async' retrieved from /home/ruslan/.local/lib/python3.10/site-packages/airflow/example_dags/example_time_delta_sensor_async.py
[2025-03-22T10:47:32.669+0500] {logging_mixin.py:190} INFO - [2025-03-22T10:47:32.668+0500] {dag.py:3239} INFO - Sync 1 DAGs
[2025-03-22T10:47:32.676+0500] {logging_mixin.py:190} INFO - [2025-03-22T10:47:32.675+0500] {dag.py:4180} INFO - Setting next_dagrun for example_time_delta_sensor_async to None, run_after=None
[2025-03-22T10:47:32.690+0500] {processor.py:208} INFO - Processing /home/ruslan/.local/lib/python3.10/site-packages/airflow/example_dags/example_time_delta_sensor_async.py took 0.040 seconds
[2025-03-22T10:48:26.967+0500] {processor.py:186} INFO - Started process (PID=45718) to work on /home/ruslan/.local/lib/python3.10/site-packages/airflow/example_dags/example_time_delta_sensor_async.py
[2025-03-22T10:48:26.968+0500] {processor.py:914} INFO - Processing file /home/ruslan/.local/lib/python3.10/site-packages/airflow/example_dags/example_time_delta_sensor_async.py for tasks to queue
[2025-03-22T10:48:26.969+0500] {logging_mixin.py:190} INFO - [2025-03-22T10:48:26.969+0500] {dagbag.py:588} INFO - Filling up the DagBag from /home/ruslan/.local/lib/python3.10/site-packages/airflow/example_dags/example_time_delta_sensor_async.py
[2025-03-22T10:48:26.974+0500] {processor.py:925} INFO - DAG(s) 'example_time_delta_sensor_async' retrieved from /home/ruslan/.local/lib/python3.10/site-packages/airflow/example_dags/example_time_delta_sensor_async.py
[2025-03-22T10:48:26.982+0500] {logging_mixin.py:190} INFO - [2025-03-22T10:48:26.982+0500] {dag.py:3239} INFO - Sync 1 DAGs
[2025-03-22T10:48:26.989+0500] {logging_mixin.py:190} INFO - [2025-03-22T10:48:26.989+0500] {dag.py:4180} INFO - Setting next_dagrun for example_time_delta_sensor_async to None, run_after=None
[2025-03-22T10:48:27.004+0500] {processor.py:208} INFO - Processing /home/ruslan/.local/lib/python3.10/site-packages/airflow/example_dags/example_time_delta_sensor_async.py took 0.041 seconds
[2025-03-22T12:47:09.531+0500] {processor.py:186} INFO - Started process (PID=1029) to work on /home/ruslan/.local/lib/python3.10/site-packages/airflow/example_dags/example_time_delta_sensor_async.py
[2025-03-22T12:47:09.532+0500] {processor.py:914} INFO - Processing file /home/ruslan/.local/lib/python3.10/site-packages/airflow/example_dags/example_time_delta_sensor_async.py for tasks to queue
[2025-03-22T12:47:09.534+0500] {logging_mixin.py:190} INFO - [2025-03-22T12:47:09.534+0500] {dagbag.py:588} INFO - Filling up the DagBag from /home/ruslan/.local/lib/python3.10/site-packages/airflow/example_dags/example_time_delta_sensor_async.py
[2025-03-22T12:47:09.540+0500] {processor.py:925} INFO - DAG(s) 'example_time_delta_sensor_async' retrieved from /home/ruslan/.local/lib/python3.10/site-packages/airflow/example_dags/example_time_delta_sensor_async.py
[2025-03-22T12:47:09.552+0500] {logging_mixin.py:190} INFO - [2025-03-22T12:47:09.552+0500] {dag.py:3239} INFO - Sync 1 DAGs
[2025-03-22T12:47:09.563+0500] {logging_mixin.py:190} INFO - [2025-03-22T12:47:09.562+0500] {dag.py:4180} INFO - Setting next_dagrun for example_time_delta_sensor_async to None, run_after=None
[2025-03-22T12:47:09.580+0500] {processor.py:208} INFO - Processing /home/ruslan/.local/lib/python3.10/site-packages/airflow/example_dags/example_time_delta_sensor_async.py took 0.053 seconds
[2025-03-22T12:48:06.555+0500] {processor.py:186} INFO - Started process (PID=6277) to work on /home/ruslan/.local/lib/python3.10/site-packages/airflow/example_dags/example_time_delta_sensor_async.py
[2025-03-22T12:48:06.556+0500] {processor.py:914} INFO - Processing file /home/ruslan/.local/lib/python3.10/site-packages/airflow/example_dags/example_time_delta_sensor_async.py for tasks to queue
[2025-03-22T12:48:06.558+0500] {logging_mixin.py:190} INFO - [2025-03-22T12:48:06.557+0500] {dagbag.py:588} INFO - Filling up the DagBag from /home/ruslan/.local/lib/python3.10/site-packages/airflow/example_dags/example_time_delta_sensor_async.py
[2025-03-22T12:48:06.562+0500] {processor.py:925} INFO - DAG(s) 'example_time_delta_sensor_async' retrieved from /home/ruslan/.local/lib/python3.10/site-packages/airflow/example_dags/example_time_delta_sensor_async.py
[2025-03-22T12:48:06.570+0500] {logging_mixin.py:190} INFO - [2025-03-22T12:48:06.570+0500] {dag.py:3239} INFO - Sync 1 DAGs
[2025-03-22T12:48:06.577+0500] {logging_mixin.py:190} INFO - [2025-03-22T12:48:06.577+0500] {dag.py:4180} INFO - Setting next_dagrun for example_time_delta_sensor_async to None, run_after=None
[2025-03-22T12:48:06.593+0500] {processor.py:208} INFO - Processing /home/ruslan/.local/lib/python3.10/site-packages/airflow/example_dags/example_time_delta_sensor_async.py took 0.041 seconds
[2025-03-22T12:49:01.884+0500] {processor.py:186} INFO - Started process (PID=6977) to work on /home/ruslan/.local/lib/python3.10/site-packages/airflow/example_dags/example_time_delta_sensor_async.py
[2025-03-22T12:49:01.885+0500] {processor.py:914} INFO - Processing file /home/ruslan/.local/lib/python3.10/site-packages/airflow/example_dags/example_time_delta_sensor_async.py for tasks to queue
[2025-03-22T12:49:01.886+0500] {logging_mixin.py:190} INFO - [2025-03-22T12:49:01.886+0500] {dagbag.py:588} INFO - Filling up the DagBag from /home/ruslan/.local/lib/python3.10/site-packages/airflow/example_dags/example_time_delta_sensor_async.py
[2025-03-22T12:49:01.891+0500] {processor.py:925} INFO - DAG(s) 'example_time_delta_sensor_async' retrieved from /home/ruslan/.local/lib/python3.10/site-packages/airflow/example_dags/example_time_delta_sensor_async.py
[2025-03-22T12:49:01.900+0500] {logging_mixin.py:190} INFO - [2025-03-22T12:49:01.899+0500] {dag.py:3239} INFO - Sync 1 DAGs
[2025-03-22T12:49:01.907+0500] {logging_mixin.py:190} INFO - [2025-03-22T12:49:01.907+0500] {dag.py:4180} INFO - Setting next_dagrun for example_time_delta_sensor_async to None, run_after=None
[2025-03-22T12:49:01.922+0500] {processor.py:208} INFO - Processing /home/ruslan/.local/lib/python3.10/site-packages/airflow/example_dags/example_time_delta_sensor_async.py took 0.042 seconds
[2025-03-22T12:49:56.101+0500] {processor.py:186} INFO - Started process (PID=7650) to work on /home/ruslan/.local/lib/python3.10/site-packages/airflow/example_dags/example_time_delta_sensor_async.py
[2025-03-22T12:49:56.102+0500] {processor.py:914} INFO - Processing file /home/ruslan/.local/lib/python3.10/site-packages/airflow/example_dags/example_time_delta_sensor_async.py for tasks to queue
[2025-03-22T12:49:56.103+0500] {logging_mixin.py:190} INFO - [2025-03-22T12:49:56.103+0500] {dagbag.py:588} INFO - Filling up the DagBag from /home/ruslan/.local/lib/python3.10/site-packages/airflow/example_dags/example_time_delta_sensor_async.py
[2025-03-22T12:49:56.109+0500] {processor.py:925} INFO - DAG(s) 'example_time_delta_sensor_async' retrieved from /home/ruslan/.local/lib/python3.10/site-packages/airflow/example_dags/example_time_delta_sensor_async.py
[2025-03-22T12:49:56.119+0500] {logging_mixin.py:190} INFO - [2025-03-22T12:49:56.119+0500] {dag.py:3239} INFO - Sync 1 DAGs
[2025-03-22T12:49:56.129+0500] {logging_mixin.py:190} INFO - [2025-03-22T12:49:56.128+0500] {dag.py:4180} INFO - Setting next_dagrun for example_time_delta_sensor_async to None, run_after=None
[2025-03-22T12:49:56.145+0500] {processor.py:208} INFO - Processing /home/ruslan/.local/lib/python3.10/site-packages/airflow/example_dags/example_time_delta_sensor_async.py took 0.047 seconds
[2025-03-22T12:51:16.654+0500] {processor.py:186} INFO - Started process (PID=8734) to work on /home/ruslan/.local/lib/python3.10/site-packages/airflow/example_dags/example_time_delta_sensor_async.py
[2025-03-22T12:51:16.655+0500] {processor.py:914} INFO - Processing file /home/ruslan/.local/lib/python3.10/site-packages/airflow/example_dags/example_time_delta_sensor_async.py for tasks to queue
[2025-03-22T12:51:16.656+0500] {logging_mixin.py:190} INFO - [2025-03-22T12:51:16.656+0500] {dagbag.py:588} INFO - Filling up the DagBag from /home/ruslan/.local/lib/python3.10/site-packages/airflow/example_dags/example_time_delta_sensor_async.py
[2025-03-22T12:51:16.661+0500] {processor.py:925} INFO - DAG(s) 'example_time_delta_sensor_async' retrieved from /home/ruslan/.local/lib/python3.10/site-packages/airflow/example_dags/example_time_delta_sensor_async.py
[2025-03-22T12:51:16.670+0500] {logging_mixin.py:190} INFO - [2025-03-22T12:51:16.670+0500] {dag.py:3239} INFO - Sync 1 DAGs
[2025-03-22T12:51:16.679+0500] {logging_mixin.py:190} INFO - [2025-03-22T12:51:16.679+0500] {dag.py:4180} INFO - Setting next_dagrun for example_time_delta_sensor_async to None, run_after=None
[2025-03-22T12:51:16.693+0500] {processor.py:208} INFO - Processing /home/ruslan/.local/lib/python3.10/site-packages/airflow/example_dags/example_time_delta_sensor_async.py took 0.042 seconds
