[2025-03-22T10:06:57.785+0500] {processor.py:186} INFO - Started process (PID=17659) to work on /home/ruslan/.local/lib/python3.10/site-packages/airflow/example_dags/example_dynamic_task_mapping_with_no_taskflow_operators.py
[2025-03-22T10:06:57.786+0500] {processor.py:914} INFO - Processing file /home/ruslan/.local/lib/python3.10/site-packages/airflow/example_dags/example_dynamic_task_mapping_with_no_taskflow_operators.py for tasks to queue
[2025-03-22T10:06:57.787+0500] {logging_mixin.py:190} INFO - [2025-03-22T10:06:57.787+0500] {dagbag.py:588} INFO - Filling up the DagBag from /home/ruslan/.local/lib/python3.10/site-packages/airflow/example_dags/example_dynamic_task_mapping_with_no_taskflow_operators.py
[2025-03-22T10:06:57.792+0500] {processor.py:925} INFO - DAG(s) 'example_dynamic_task_mapping_with_no_taskflow_operators' retrieved from /home/ruslan/.local/lib/python3.10/site-packages/airflow/example_dags/example_dynamic_task_mapping_with_no_taskflow_operators.py
[2025-03-22T10:06:57.851+0500] {logging_mixin.py:190} INFO - [2025-03-22T10:06:57.850+0500] {override.py:1930} INFO - Created Permission View: can delete on DAG:example_dynamic_task_mapping_with_no_taskflow_operators
[2025-03-22T10:06:57.859+0500] {logging_mixin.py:190} INFO - [2025-03-22T10:06:57.859+0500] {override.py:1930} INFO - Created Permission View: can read on DAG:example_dynamic_task_mapping_with_no_taskflow_operators
[2025-03-22T10:06:57.866+0500] {logging_mixin.py:190} INFO - [2025-03-22T10:06:57.866+0500] {override.py:1930} INFO - Created Permission View: can edit on DAG:example_dynamic_task_mapping_with_no_taskflow_operators
[2025-03-22T10:06:57.879+0500] {logging_mixin.py:190} INFO - [2025-03-22T10:06:57.879+0500] {override.py:1930} INFO - Created Permission View: can create on DAG Run:example_dynamic_task_mapping_with_no_taskflow_operators
[2025-03-22T10:06:57.886+0500] {logging_mixin.py:190} INFO - [2025-03-22T10:06:57.886+0500] {override.py:1930} INFO - Created Permission View: menu access on DAG Run:example_dynamic_task_mapping_with_no_taskflow_operators
[2025-03-22T10:06:57.893+0500] {logging_mixin.py:190} INFO - [2025-03-22T10:06:57.893+0500] {override.py:1930} INFO - Created Permission View: can read on DAG Run:example_dynamic_task_mapping_with_no_taskflow_operators
[2025-03-22T10:06:57.900+0500] {logging_mixin.py:190} INFO - [2025-03-22T10:06:57.900+0500] {override.py:1930} INFO - Created Permission View: can delete on DAG Run:example_dynamic_task_mapping_with_no_taskflow_operators
[2025-03-22T10:06:57.901+0500] {logging_mixin.py:190} INFO - [2025-03-22T10:06:57.900+0500] {dag.py:3239} INFO - Sync 1 DAGs
[2025-03-22T10:06:57.907+0500] {logging_mixin.py:190} INFO - [2025-03-22T10:06:57.907+0500] {dag.py:3262} INFO - Creating ORM DAG for example_dynamic_task_mapping_with_no_taskflow_operators
[2025-03-22T10:06:57.908+0500] {logging_mixin.py:190} INFO - [2025-03-22T10:06:57.907+0500] {dag.py:4180} INFO - Setting next_dagrun for example_dynamic_task_mapping_with_no_taskflow_operators to None, run_after=None
[2025-03-22T10:06:57.919+0500] {processor.py:208} INFO - Processing /home/ruslan/.local/lib/python3.10/site-packages/airflow/example_dags/example_dynamic_task_mapping_with_no_taskflow_operators.py took 0.138 seconds
[2025-03-22T10:07:59.361+0500] {processor.py:186} INFO - Started process (PID=18339) to work on /home/ruslan/.local/lib/python3.10/site-packages/airflow/example_dags/example_dynamic_task_mapping_with_no_taskflow_operators.py
[2025-03-22T10:07:59.362+0500] {processor.py:914} INFO - Processing file /home/ruslan/.local/lib/python3.10/site-packages/airflow/example_dags/example_dynamic_task_mapping_with_no_taskflow_operators.py for tasks to queue
[2025-03-22T10:07:59.363+0500] {logging_mixin.py:190} INFO - [2025-03-22T10:07:59.363+0500] {dagbag.py:588} INFO - Filling up the DagBag from /home/ruslan/.local/lib/python3.10/site-packages/airflow/example_dags/example_dynamic_task_mapping_with_no_taskflow_operators.py
[2025-03-22T10:07:59.368+0500] {processor.py:925} INFO - DAG(s) 'example_dynamic_task_mapping_with_no_taskflow_operators' retrieved from /home/ruslan/.local/lib/python3.10/site-packages/airflow/example_dags/example_dynamic_task_mapping_with_no_taskflow_operators.py
[2025-03-22T10:07:59.377+0500] {logging_mixin.py:190} INFO - [2025-03-22T10:07:59.377+0500] {dag.py:3239} INFO - Sync 1 DAGs
[2025-03-22T10:07:59.385+0500] {logging_mixin.py:190} INFO - [2025-03-22T10:07:59.384+0500] {dag.py:4180} INFO - Setting next_dagrun for example_dynamic_task_mapping_with_no_taskflow_operators to None, run_after=None
[2025-03-22T10:07:59.399+0500] {processor.py:208} INFO - Processing /home/ruslan/.local/lib/python3.10/site-packages/airflow/example_dags/example_dynamic_task_mapping_with_no_taskflow_operators.py took 0.042 seconds
[2025-03-22T10:08:55.396+0500] {processor.py:186} INFO - Started process (PID=18935) to work on /home/ruslan/.local/lib/python3.10/site-packages/airflow/example_dags/example_dynamic_task_mapping_with_no_taskflow_operators.py
[2025-03-22T10:08:55.398+0500] {processor.py:914} INFO - Processing file /home/ruslan/.local/lib/python3.10/site-packages/airflow/example_dags/example_dynamic_task_mapping_with_no_taskflow_operators.py for tasks to queue
[2025-03-22T10:08:55.399+0500] {logging_mixin.py:190} INFO - [2025-03-22T10:08:55.399+0500] {dagbag.py:588} INFO - Filling up the DagBag from /home/ruslan/.local/lib/python3.10/site-packages/airflow/example_dags/example_dynamic_task_mapping_with_no_taskflow_operators.py
[2025-03-22T10:08:55.404+0500] {processor.py:925} INFO - DAG(s) 'example_dynamic_task_mapping_with_no_taskflow_operators' retrieved from /home/ruslan/.local/lib/python3.10/site-packages/airflow/example_dags/example_dynamic_task_mapping_with_no_taskflow_operators.py
[2025-03-22T10:08:55.412+0500] {logging_mixin.py:190} INFO - [2025-03-22T10:08:55.412+0500] {dag.py:3239} INFO - Sync 1 DAGs
[2025-03-22T10:08:55.419+0500] {logging_mixin.py:190} INFO - [2025-03-22T10:08:55.418+0500] {dag.py:4180} INFO - Setting next_dagrun for example_dynamic_task_mapping_with_no_taskflow_operators to None, run_after=None
[2025-03-22T10:08:55.433+0500] {processor.py:208} INFO - Processing /home/ruslan/.local/lib/python3.10/site-packages/airflow/example_dags/example_dynamic_task_mapping_with_no_taskflow_operators.py took 0.040 seconds
[2025-03-22T10:09:47.309+0500] {processor.py:186} INFO - Started process (PID=19514) to work on /home/ruslan/.local/lib/python3.10/site-packages/airflow/example_dags/example_dynamic_task_mapping_with_no_taskflow_operators.py
[2025-03-22T10:09:47.310+0500] {processor.py:914} INFO - Processing file /home/ruslan/.local/lib/python3.10/site-packages/airflow/example_dags/example_dynamic_task_mapping_with_no_taskflow_operators.py for tasks to queue
[2025-03-22T10:09:47.312+0500] {logging_mixin.py:190} INFO - [2025-03-22T10:09:47.311+0500] {dagbag.py:588} INFO - Filling up the DagBag from /home/ruslan/.local/lib/python3.10/site-packages/airflow/example_dags/example_dynamic_task_mapping_with_no_taskflow_operators.py
[2025-03-22T10:09:47.316+0500] {processor.py:925} INFO - DAG(s) 'example_dynamic_task_mapping_with_no_taskflow_operators' retrieved from /home/ruslan/.local/lib/python3.10/site-packages/airflow/example_dags/example_dynamic_task_mapping_with_no_taskflow_operators.py
[2025-03-22T10:09:47.325+0500] {logging_mixin.py:190} INFO - [2025-03-22T10:09:47.325+0500] {dag.py:3239} INFO - Sync 1 DAGs
[2025-03-22T10:09:47.332+0500] {logging_mixin.py:190} INFO - [2025-03-22T10:09:47.332+0500] {dag.py:4180} INFO - Setting next_dagrun for example_dynamic_task_mapping_with_no_taskflow_operators to None, run_after=None
[2025-03-22T10:09:47.348+0500] {processor.py:208} INFO - Processing /home/ruslan/.local/lib/python3.10/site-packages/airflow/example_dags/example_dynamic_task_mapping_with_no_taskflow_operators.py took 0.042 seconds
[2025-03-22T10:10:43.514+0500] {processor.py:186} INFO - Started process (PID=20019) to work on /home/ruslan/.local/lib/python3.10/site-packages/airflow/example_dags/example_dynamic_task_mapping_with_no_taskflow_operators.py
[2025-03-22T10:10:43.521+0500] {processor.py:914} INFO - Processing file /home/ruslan/.local/lib/python3.10/site-packages/airflow/example_dags/example_dynamic_task_mapping_with_no_taskflow_operators.py for tasks to queue
[2025-03-22T10:10:43.523+0500] {logging_mixin.py:190} INFO - [2025-03-22T10:10:43.522+0500] {dagbag.py:588} INFO - Filling up the DagBag from /home/ruslan/.local/lib/python3.10/site-packages/airflow/example_dags/example_dynamic_task_mapping_with_no_taskflow_operators.py
[2025-03-22T10:10:43.529+0500] {processor.py:925} INFO - DAG(s) 'example_dynamic_task_mapping_with_no_taskflow_operators' retrieved from /home/ruslan/.local/lib/python3.10/site-packages/airflow/example_dags/example_dynamic_task_mapping_with_no_taskflow_operators.py
[2025-03-22T10:10:43.540+0500] {logging_mixin.py:190} INFO - [2025-03-22T10:10:43.539+0500] {dag.py:3239} INFO - Sync 1 DAGs
[2025-03-22T10:10:43.548+0500] {logging_mixin.py:190} INFO - [2025-03-22T10:10:43.548+0500] {dag.py:4180} INFO - Setting next_dagrun for example_dynamic_task_mapping_with_no_taskflow_operators to None, run_after=None
[2025-03-22T10:10:43.699+0500] {processor.py:208} INFO - Processing /home/ruslan/.local/lib/python3.10/site-packages/airflow/example_dags/example_dynamic_task_mapping_with_no_taskflow_operators.py took 0.189 seconds
[2025-03-22T10:11:36.887+0500] {processor.py:186} INFO - Started process (PID=20611) to work on /home/ruslan/.local/lib/python3.10/site-packages/airflow/example_dags/example_dynamic_task_mapping_with_no_taskflow_operators.py
[2025-03-22T10:11:36.888+0500] {processor.py:914} INFO - Processing file /home/ruslan/.local/lib/python3.10/site-packages/airflow/example_dags/example_dynamic_task_mapping_with_no_taskflow_operators.py for tasks to queue
[2025-03-22T10:11:36.889+0500] {logging_mixin.py:190} INFO - [2025-03-22T10:11:36.889+0500] {dagbag.py:588} INFO - Filling up the DagBag from /home/ruslan/.local/lib/python3.10/site-packages/airflow/example_dags/example_dynamic_task_mapping_with_no_taskflow_operators.py
[2025-03-22T10:11:36.894+0500] {processor.py:925} INFO - DAG(s) 'example_dynamic_task_mapping_with_no_taskflow_operators' retrieved from /home/ruslan/.local/lib/python3.10/site-packages/airflow/example_dags/example_dynamic_task_mapping_with_no_taskflow_operators.py
[2025-03-22T10:11:36.903+0500] {logging_mixin.py:190} INFO - [2025-03-22T10:11:36.903+0500] {dag.py:3239} INFO - Sync 1 DAGs
[2025-03-22T10:11:36.909+0500] {logging_mixin.py:190} INFO - [2025-03-22T10:11:36.909+0500] {dag.py:4180} INFO - Setting next_dagrun for example_dynamic_task_mapping_with_no_taskflow_operators to None, run_after=None
[2025-03-22T10:11:36.924+0500] {processor.py:208} INFO - Processing /home/ruslan/.local/lib/python3.10/site-packages/airflow/example_dags/example_dynamic_task_mapping_with_no_taskflow_operators.py took 0.041 seconds
[2025-03-22T10:12:28.733+0500] {processor.py:186} INFO - Started process (PID=21127) to work on /home/ruslan/.local/lib/python3.10/site-packages/airflow/example_dags/example_dynamic_task_mapping_with_no_taskflow_operators.py
[2025-03-22T10:12:28.734+0500] {processor.py:914} INFO - Processing file /home/ruslan/.local/lib/python3.10/site-packages/airflow/example_dags/example_dynamic_task_mapping_with_no_taskflow_operators.py for tasks to queue
[2025-03-22T10:12:28.736+0500] {logging_mixin.py:190} INFO - [2025-03-22T10:12:28.735+0500] {dagbag.py:588} INFO - Filling up the DagBag from /home/ruslan/.local/lib/python3.10/site-packages/airflow/example_dags/example_dynamic_task_mapping_with_no_taskflow_operators.py
[2025-03-22T10:12:28.742+0500] {processor.py:925} INFO - DAG(s) 'example_dynamic_task_mapping_with_no_taskflow_operators' retrieved from /home/ruslan/.local/lib/python3.10/site-packages/airflow/example_dags/example_dynamic_task_mapping_with_no_taskflow_operators.py
[2025-03-22T10:12:28.752+0500] {logging_mixin.py:190} INFO - [2025-03-22T10:12:28.751+0500] {dag.py:3239} INFO - Sync 1 DAGs
[2025-03-22T10:12:28.759+0500] {logging_mixin.py:190} INFO - [2025-03-22T10:12:28.759+0500] {dag.py:4180} INFO - Setting next_dagrun for example_dynamic_task_mapping_with_no_taskflow_operators to None, run_after=None
[2025-03-22T10:12:28.778+0500] {processor.py:208} INFO - Processing /home/ruslan/.local/lib/python3.10/site-packages/airflow/example_dags/example_dynamic_task_mapping_with_no_taskflow_operators.py took 0.049 seconds
[2025-03-22T10:13:18.983+0500] {processor.py:186} INFO - Started process (PID=21704) to work on /home/ruslan/.local/lib/python3.10/site-packages/airflow/example_dags/example_dynamic_task_mapping_with_no_taskflow_operators.py
[2025-03-22T10:13:18.984+0500] {processor.py:914} INFO - Processing file /home/ruslan/.local/lib/python3.10/site-packages/airflow/example_dags/example_dynamic_task_mapping_with_no_taskflow_operators.py for tasks to queue
[2025-03-22T10:13:18.985+0500] {logging_mixin.py:190} INFO - [2025-03-22T10:13:18.985+0500] {dagbag.py:588} INFO - Filling up the DagBag from /home/ruslan/.local/lib/python3.10/site-packages/airflow/example_dags/example_dynamic_task_mapping_with_no_taskflow_operators.py
[2025-03-22T10:13:18.990+0500] {processor.py:925} INFO - DAG(s) 'example_dynamic_task_mapping_with_no_taskflow_operators' retrieved from /home/ruslan/.local/lib/python3.10/site-packages/airflow/example_dags/example_dynamic_task_mapping_with_no_taskflow_operators.py
[2025-03-22T10:13:18.999+0500] {logging_mixin.py:190} INFO - [2025-03-22T10:13:18.999+0500] {dag.py:3239} INFO - Sync 1 DAGs
[2025-03-22T10:13:19.007+0500] {logging_mixin.py:190} INFO - [2025-03-22T10:13:19.007+0500] {dag.py:4180} INFO - Setting next_dagrun for example_dynamic_task_mapping_with_no_taskflow_operators to None, run_after=None
[2025-03-22T10:13:19.023+0500] {processor.py:208} INFO - Processing /home/ruslan/.local/lib/python3.10/site-packages/airflow/example_dags/example_dynamic_task_mapping_with_no_taskflow_operators.py took 0.045 seconds
[2025-03-22T10:14:11.781+0500] {processor.py:186} INFO - Started process (PID=22201) to work on /home/ruslan/.local/lib/python3.10/site-packages/airflow/example_dags/example_dynamic_task_mapping_with_no_taskflow_operators.py
[2025-03-22T10:14:11.782+0500] {processor.py:914} INFO - Processing file /home/ruslan/.local/lib/python3.10/site-packages/airflow/example_dags/example_dynamic_task_mapping_with_no_taskflow_operators.py for tasks to queue
[2025-03-22T10:14:11.784+0500] {logging_mixin.py:190} INFO - [2025-03-22T10:14:11.783+0500] {dagbag.py:588} INFO - Filling up the DagBag from /home/ruslan/.local/lib/python3.10/site-packages/airflow/example_dags/example_dynamic_task_mapping_with_no_taskflow_operators.py
[2025-03-22T10:14:11.789+0500] {processor.py:925} INFO - DAG(s) 'example_dynamic_task_mapping_with_no_taskflow_operators' retrieved from /home/ruslan/.local/lib/python3.10/site-packages/airflow/example_dags/example_dynamic_task_mapping_with_no_taskflow_operators.py
[2025-03-22T10:14:11.797+0500] {logging_mixin.py:190} INFO - [2025-03-22T10:14:11.797+0500] {dag.py:3239} INFO - Sync 1 DAGs
[2025-03-22T10:14:11.804+0500] {logging_mixin.py:190} INFO - [2025-03-22T10:14:11.804+0500] {dag.py:4180} INFO - Setting next_dagrun for example_dynamic_task_mapping_with_no_taskflow_operators to None, run_after=None
[2025-03-22T10:14:11.819+0500] {processor.py:208} INFO - Processing /home/ruslan/.local/lib/python3.10/site-packages/airflow/example_dags/example_dynamic_task_mapping_with_no_taskflow_operators.py took 0.041 seconds
[2025-03-22T10:15:05.545+0500] {processor.py:186} INFO - Started process (PID=22790) to work on /home/ruslan/.local/lib/python3.10/site-packages/airflow/example_dags/example_dynamic_task_mapping_with_no_taskflow_operators.py
[2025-03-22T10:15:05.546+0500] {processor.py:914} INFO - Processing file /home/ruslan/.local/lib/python3.10/site-packages/airflow/example_dags/example_dynamic_task_mapping_with_no_taskflow_operators.py for tasks to queue
[2025-03-22T10:15:05.548+0500] {logging_mixin.py:190} INFO - [2025-03-22T10:15:05.548+0500] {dagbag.py:588} INFO - Filling up the DagBag from /home/ruslan/.local/lib/python3.10/site-packages/airflow/example_dags/example_dynamic_task_mapping_with_no_taskflow_operators.py
[2025-03-22T10:15:05.553+0500] {processor.py:925} INFO - DAG(s) 'example_dynamic_task_mapping_with_no_taskflow_operators' retrieved from /home/ruslan/.local/lib/python3.10/site-packages/airflow/example_dags/example_dynamic_task_mapping_with_no_taskflow_operators.py
[2025-03-22T10:15:05.561+0500] {logging_mixin.py:190} INFO - [2025-03-22T10:15:05.561+0500] {dag.py:3239} INFO - Sync 1 DAGs
[2025-03-22T10:15:05.568+0500] {logging_mixin.py:190} INFO - [2025-03-22T10:15:05.568+0500] {dag.py:4180} INFO - Setting next_dagrun for example_dynamic_task_mapping_with_no_taskflow_operators to None, run_after=None
[2025-03-22T10:15:05.583+0500] {processor.py:208} INFO - Processing /home/ruslan/.local/lib/python3.10/site-packages/airflow/example_dags/example_dynamic_task_mapping_with_no_taskflow_operators.py took 0.042 seconds
[2025-03-22T10:15:57.976+0500] {processor.py:186} INFO - Started process (PID=23317) to work on /home/ruslan/.local/lib/python3.10/site-packages/airflow/example_dags/example_dynamic_task_mapping_with_no_taskflow_operators.py
[2025-03-22T10:15:57.977+0500] {processor.py:914} INFO - Processing file /home/ruslan/.local/lib/python3.10/site-packages/airflow/example_dags/example_dynamic_task_mapping_with_no_taskflow_operators.py for tasks to queue
[2025-03-22T10:15:57.978+0500] {logging_mixin.py:190} INFO - [2025-03-22T10:15:57.978+0500] {dagbag.py:588} INFO - Filling up the DagBag from /home/ruslan/.local/lib/python3.10/site-packages/airflow/example_dags/example_dynamic_task_mapping_with_no_taskflow_operators.py
[2025-03-22T10:15:57.984+0500] {processor.py:925} INFO - DAG(s) 'example_dynamic_task_mapping_with_no_taskflow_operators' retrieved from /home/ruslan/.local/lib/python3.10/site-packages/airflow/example_dags/example_dynamic_task_mapping_with_no_taskflow_operators.py
[2025-03-22T10:15:57.992+0500] {logging_mixin.py:190} INFO - [2025-03-22T10:15:57.992+0500] {dag.py:3239} INFO - Sync 1 DAGs
[2025-03-22T10:15:57.999+0500] {logging_mixin.py:190} INFO - [2025-03-22T10:15:57.998+0500] {dag.py:4180} INFO - Setting next_dagrun for example_dynamic_task_mapping_with_no_taskflow_operators to None, run_after=None
[2025-03-22T10:15:58.013+0500] {processor.py:208} INFO - Processing /home/ruslan/.local/lib/python3.10/site-packages/airflow/example_dags/example_dynamic_task_mapping_with_no_taskflow_operators.py took 0.041 seconds
[2025-03-22T10:16:45.599+0500] {processor.py:186} INFO - Started process (PID=23792) to work on /home/ruslan/.local/lib/python3.10/site-packages/airflow/example_dags/example_dynamic_task_mapping_with_no_taskflow_operators.py
[2025-03-22T10:16:45.601+0500] {processor.py:914} INFO - Processing file /home/ruslan/.local/lib/python3.10/site-packages/airflow/example_dags/example_dynamic_task_mapping_with_no_taskflow_operators.py for tasks to queue
[2025-03-22T10:16:45.602+0500] {logging_mixin.py:190} INFO - [2025-03-22T10:16:45.602+0500] {dagbag.py:588} INFO - Filling up the DagBag from /home/ruslan/.local/lib/python3.10/site-packages/airflow/example_dags/example_dynamic_task_mapping_with_no_taskflow_operators.py
[2025-03-22T10:16:45.607+0500] {processor.py:925} INFO - DAG(s) 'example_dynamic_task_mapping_with_no_taskflow_operators' retrieved from /home/ruslan/.local/lib/python3.10/site-packages/airflow/example_dags/example_dynamic_task_mapping_with_no_taskflow_operators.py
[2025-03-22T10:16:45.615+0500] {logging_mixin.py:190} INFO - [2025-03-22T10:16:45.615+0500] {dag.py:3239} INFO - Sync 1 DAGs
[2025-03-22T10:16:45.622+0500] {logging_mixin.py:190} INFO - [2025-03-22T10:16:45.621+0500] {dag.py:4180} INFO - Setting next_dagrun for example_dynamic_task_mapping_with_no_taskflow_operators to None, run_after=None
[2025-03-22T10:16:45.636+0500] {processor.py:208} INFO - Processing /home/ruslan/.local/lib/python3.10/site-packages/airflow/example_dags/example_dynamic_task_mapping_with_no_taskflow_operators.py took 0.040 seconds
[2025-03-22T10:17:38.063+0500] {processor.py:186} INFO - Started process (PID=24390) to work on /home/ruslan/.local/lib/python3.10/site-packages/airflow/example_dags/example_dynamic_task_mapping_with_no_taskflow_operators.py
[2025-03-22T10:17:38.064+0500] {processor.py:914} INFO - Processing file /home/ruslan/.local/lib/python3.10/site-packages/airflow/example_dags/example_dynamic_task_mapping_with_no_taskflow_operators.py for tasks to queue
[2025-03-22T10:17:38.066+0500] {logging_mixin.py:190} INFO - [2025-03-22T10:17:38.066+0500] {dagbag.py:588} INFO - Filling up the DagBag from /home/ruslan/.local/lib/python3.10/site-packages/airflow/example_dags/example_dynamic_task_mapping_with_no_taskflow_operators.py
[2025-03-22T10:17:38.071+0500] {processor.py:925} INFO - DAG(s) 'example_dynamic_task_mapping_with_no_taskflow_operators' retrieved from /home/ruslan/.local/lib/python3.10/site-packages/airflow/example_dags/example_dynamic_task_mapping_with_no_taskflow_operators.py
[2025-03-22T10:17:38.079+0500] {logging_mixin.py:190} INFO - [2025-03-22T10:17:38.079+0500] {dag.py:3239} INFO - Sync 1 DAGs
[2025-03-22T10:17:38.085+0500] {logging_mixin.py:190} INFO - [2025-03-22T10:17:38.085+0500] {dag.py:4180} INFO - Setting next_dagrun for example_dynamic_task_mapping_with_no_taskflow_operators to None, run_after=None
[2025-03-22T10:17:38.100+0500] {processor.py:208} INFO - Processing /home/ruslan/.local/lib/python3.10/site-packages/airflow/example_dags/example_dynamic_task_mapping_with_no_taskflow_operators.py took 0.040 seconds
[2025-03-22T10:18:30.809+0500] {processor.py:186} INFO - Started process (PID=24919) to work on /home/ruslan/.local/lib/python3.10/site-packages/airflow/example_dags/example_dynamic_task_mapping_with_no_taskflow_operators.py
[2025-03-22T10:18:30.811+0500] {processor.py:914} INFO - Processing file /home/ruslan/.local/lib/python3.10/site-packages/airflow/example_dags/example_dynamic_task_mapping_with_no_taskflow_operators.py for tasks to queue
[2025-03-22T10:18:30.812+0500] {logging_mixin.py:190} INFO - [2025-03-22T10:18:30.812+0500] {dagbag.py:588} INFO - Filling up the DagBag from /home/ruslan/.local/lib/python3.10/site-packages/airflow/example_dags/example_dynamic_task_mapping_with_no_taskflow_operators.py
[2025-03-22T10:18:30.817+0500] {processor.py:925} INFO - DAG(s) 'example_dynamic_task_mapping_with_no_taskflow_operators' retrieved from /home/ruslan/.local/lib/python3.10/site-packages/airflow/example_dags/example_dynamic_task_mapping_with_no_taskflow_operators.py
[2025-03-22T10:18:30.825+0500] {logging_mixin.py:190} INFO - [2025-03-22T10:18:30.825+0500] {dag.py:3239} INFO - Sync 1 DAGs
[2025-03-22T10:18:30.832+0500] {logging_mixin.py:190} INFO - [2025-03-22T10:18:30.832+0500] {dag.py:4180} INFO - Setting next_dagrun for example_dynamic_task_mapping_with_no_taskflow_operators to None, run_after=None
[2025-03-22T10:18:30.847+0500] {processor.py:208} INFO - Processing /home/ruslan/.local/lib/python3.10/site-packages/airflow/example_dags/example_dynamic_task_mapping_with_no_taskflow_operators.py took 0.041 seconds
[2025-03-22T10:19:21.553+0500] {processor.py:186} INFO - Started process (PID=25514) to work on /home/ruslan/.local/lib/python3.10/site-packages/airflow/example_dags/example_dynamic_task_mapping_with_no_taskflow_operators.py
[2025-03-22T10:19:21.554+0500] {processor.py:914} INFO - Processing file /home/ruslan/.local/lib/python3.10/site-packages/airflow/example_dags/example_dynamic_task_mapping_with_no_taskflow_operators.py for tasks to queue
[2025-03-22T10:19:21.556+0500] {logging_mixin.py:190} INFO - [2025-03-22T10:19:21.555+0500] {dagbag.py:588} INFO - Filling up the DagBag from /home/ruslan/.local/lib/python3.10/site-packages/airflow/example_dags/example_dynamic_task_mapping_with_no_taskflow_operators.py
[2025-03-22T10:19:21.561+0500] {processor.py:925} INFO - DAG(s) 'example_dynamic_task_mapping_with_no_taskflow_operators' retrieved from /home/ruslan/.local/lib/python3.10/site-packages/airflow/example_dags/example_dynamic_task_mapping_with_no_taskflow_operators.py
[2025-03-22T10:19:21.569+0500] {logging_mixin.py:190} INFO - [2025-03-22T10:19:21.569+0500] {dag.py:3239} INFO - Sync 1 DAGs
[2025-03-22T10:19:21.576+0500] {logging_mixin.py:190} INFO - [2025-03-22T10:19:21.576+0500] {dag.py:4180} INFO - Setting next_dagrun for example_dynamic_task_mapping_with_no_taskflow_operators to None, run_after=None
[2025-03-22T10:19:21.592+0500] {processor.py:208} INFO - Processing /home/ruslan/.local/lib/python3.10/site-packages/airflow/example_dags/example_dynamic_task_mapping_with_no_taskflow_operators.py took 0.042 seconds
[2025-03-22T10:20:11.736+0500] {processor.py:186} INFO - Started process (PID=26008) to work on /home/ruslan/.local/lib/python3.10/site-packages/airflow/example_dags/example_dynamic_task_mapping_with_no_taskflow_operators.py
[2025-03-22T10:20:11.737+0500] {processor.py:914} INFO - Processing file /home/ruslan/.local/lib/python3.10/site-packages/airflow/example_dags/example_dynamic_task_mapping_with_no_taskflow_operators.py for tasks to queue
[2025-03-22T10:20:11.738+0500] {logging_mixin.py:190} INFO - [2025-03-22T10:20:11.738+0500] {dagbag.py:588} INFO - Filling up the DagBag from /home/ruslan/.local/lib/python3.10/site-packages/airflow/example_dags/example_dynamic_task_mapping_with_no_taskflow_operators.py
[2025-03-22T10:20:11.743+0500] {processor.py:925} INFO - DAG(s) 'example_dynamic_task_mapping_with_no_taskflow_operators' retrieved from /home/ruslan/.local/lib/python3.10/site-packages/airflow/example_dags/example_dynamic_task_mapping_with_no_taskflow_operators.py
[2025-03-22T10:20:11.752+0500] {logging_mixin.py:190} INFO - [2025-03-22T10:20:11.752+0500] {dag.py:3239} INFO - Sync 1 DAGs
[2025-03-22T10:20:11.759+0500] {logging_mixin.py:190} INFO - [2025-03-22T10:20:11.759+0500] {dag.py:4180} INFO - Setting next_dagrun for example_dynamic_task_mapping_with_no_taskflow_operators to None, run_after=None
[2025-03-22T10:20:11.774+0500] {processor.py:208} INFO - Processing /home/ruslan/.local/lib/python3.10/site-packages/airflow/example_dags/example_dynamic_task_mapping_with_no_taskflow_operators.py took 0.042 seconds
[2025-03-22T10:21:04.251+0500] {processor.py:186} INFO - Started process (PID=26613) to work on /home/ruslan/.local/lib/python3.10/site-packages/airflow/example_dags/example_dynamic_task_mapping_with_no_taskflow_operators.py
[2025-03-22T10:21:04.252+0500] {processor.py:914} INFO - Processing file /home/ruslan/.local/lib/python3.10/site-packages/airflow/example_dags/example_dynamic_task_mapping_with_no_taskflow_operators.py for tasks to queue
[2025-03-22T10:21:04.253+0500] {logging_mixin.py:190} INFO - [2025-03-22T10:21:04.253+0500] {dagbag.py:588} INFO - Filling up the DagBag from /home/ruslan/.local/lib/python3.10/site-packages/airflow/example_dags/example_dynamic_task_mapping_with_no_taskflow_operators.py
[2025-03-22T10:21:04.258+0500] {processor.py:925} INFO - DAG(s) 'example_dynamic_task_mapping_with_no_taskflow_operators' retrieved from /home/ruslan/.local/lib/python3.10/site-packages/airflow/example_dags/example_dynamic_task_mapping_with_no_taskflow_operators.py
[2025-03-22T10:21:04.267+0500] {logging_mixin.py:190} INFO - [2025-03-22T10:21:04.267+0500] {dag.py:3239} INFO - Sync 1 DAGs
[2025-03-22T10:21:04.274+0500] {logging_mixin.py:190} INFO - [2025-03-22T10:21:04.274+0500] {dag.py:4180} INFO - Setting next_dagrun for example_dynamic_task_mapping_with_no_taskflow_operators to None, run_after=None
[2025-03-22T10:21:04.289+0500] {processor.py:208} INFO - Processing /home/ruslan/.local/lib/python3.10/site-packages/airflow/example_dags/example_dynamic_task_mapping_with_no_taskflow_operators.py took 0.042 seconds
[2025-03-22T10:21:57.263+0500] {processor.py:186} INFO - Started process (PID=27140) to work on /home/ruslan/.local/lib/python3.10/site-packages/airflow/example_dags/example_dynamic_task_mapping_with_no_taskflow_operators.py
[2025-03-22T10:21:57.264+0500] {processor.py:914} INFO - Processing file /home/ruslan/.local/lib/python3.10/site-packages/airflow/example_dags/example_dynamic_task_mapping_with_no_taskflow_operators.py for tasks to queue
[2025-03-22T10:21:57.266+0500] {logging_mixin.py:190} INFO - [2025-03-22T10:21:57.266+0500] {dagbag.py:588} INFO - Filling up the DagBag from /home/ruslan/.local/lib/python3.10/site-packages/airflow/example_dags/example_dynamic_task_mapping_with_no_taskflow_operators.py
[2025-03-22T10:21:57.271+0500] {processor.py:925} INFO - DAG(s) 'example_dynamic_task_mapping_with_no_taskflow_operators' retrieved from /home/ruslan/.local/lib/python3.10/site-packages/airflow/example_dags/example_dynamic_task_mapping_with_no_taskflow_operators.py
[2025-03-22T10:21:57.279+0500] {logging_mixin.py:190} INFO - [2025-03-22T10:21:57.278+0500] {dag.py:3239} INFO - Sync 1 DAGs
[2025-03-22T10:21:57.285+0500] {logging_mixin.py:190} INFO - [2025-03-22T10:21:57.285+0500] {dag.py:4180} INFO - Setting next_dagrun for example_dynamic_task_mapping_with_no_taskflow_operators to None, run_after=None
[2025-03-22T10:21:57.300+0500] {processor.py:208} INFO - Processing /home/ruslan/.local/lib/python3.10/site-packages/airflow/example_dags/example_dynamic_task_mapping_with_no_taskflow_operators.py took 0.041 seconds
[2025-03-22T10:22:51.297+0500] {processor.py:186} INFO - Started process (PID=27748) to work on /home/ruslan/.local/lib/python3.10/site-packages/airflow/example_dags/example_dynamic_task_mapping_with_no_taskflow_operators.py
[2025-03-22T10:22:51.298+0500] {processor.py:914} INFO - Processing file /home/ruslan/.local/lib/python3.10/site-packages/airflow/example_dags/example_dynamic_task_mapping_with_no_taskflow_operators.py for tasks to queue
[2025-03-22T10:22:51.299+0500] {logging_mixin.py:190} INFO - [2025-03-22T10:22:51.299+0500] {dagbag.py:588} INFO - Filling up the DagBag from /home/ruslan/.local/lib/python3.10/site-packages/airflow/example_dags/example_dynamic_task_mapping_with_no_taskflow_operators.py
[2025-03-22T10:22:51.304+0500] {processor.py:925} INFO - DAG(s) 'example_dynamic_task_mapping_with_no_taskflow_operators' retrieved from /home/ruslan/.local/lib/python3.10/site-packages/airflow/example_dags/example_dynamic_task_mapping_with_no_taskflow_operators.py
[2025-03-22T10:22:51.313+0500] {logging_mixin.py:190} INFO - [2025-03-22T10:22:51.313+0500] {dag.py:3239} INFO - Sync 1 DAGs
[2025-03-22T10:22:51.322+0500] {logging_mixin.py:190} INFO - [2025-03-22T10:22:51.322+0500] {dag.py:4180} INFO - Setting next_dagrun for example_dynamic_task_mapping_with_no_taskflow_operators to None, run_after=None
[2025-03-22T10:22:51.337+0500] {processor.py:208} INFO - Processing /home/ruslan/.local/lib/python3.10/site-packages/airflow/example_dags/example_dynamic_task_mapping_with_no_taskflow_operators.py took 0.044 seconds
[2025-03-22T10:23:43.005+0500] {processor.py:186} INFO - Started process (PID=28258) to work on /home/ruslan/.local/lib/python3.10/site-packages/airflow/example_dags/example_dynamic_task_mapping_with_no_taskflow_operators.py
[2025-03-22T10:23:43.007+0500] {processor.py:914} INFO - Processing file /home/ruslan/.local/lib/python3.10/site-packages/airflow/example_dags/example_dynamic_task_mapping_with_no_taskflow_operators.py for tasks to queue
[2025-03-22T10:23:43.008+0500] {logging_mixin.py:190} INFO - [2025-03-22T10:23:43.008+0500] {dagbag.py:588} INFO - Filling up the DagBag from /home/ruslan/.local/lib/python3.10/site-packages/airflow/example_dags/example_dynamic_task_mapping_with_no_taskflow_operators.py
[2025-03-22T10:23:43.013+0500] {processor.py:925} INFO - DAG(s) 'example_dynamic_task_mapping_with_no_taskflow_operators' retrieved from /home/ruslan/.local/lib/python3.10/site-packages/airflow/example_dags/example_dynamic_task_mapping_with_no_taskflow_operators.py
[2025-03-22T10:23:43.022+0500] {logging_mixin.py:190} INFO - [2025-03-22T10:23:43.022+0500] {dag.py:3239} INFO - Sync 1 DAGs
[2025-03-22T10:23:43.030+0500] {logging_mixin.py:190} INFO - [2025-03-22T10:23:43.029+0500] {dag.py:4180} INFO - Setting next_dagrun for example_dynamic_task_mapping_with_no_taskflow_operators to None, run_after=None
[2025-03-22T10:23:43.045+0500] {processor.py:208} INFO - Processing /home/ruslan/.local/lib/python3.10/site-packages/airflow/example_dags/example_dynamic_task_mapping_with_no_taskflow_operators.py took 0.043 seconds
[2025-03-22T10:24:34.953+0500] {processor.py:186} INFO - Started process (PID=28868) to work on /home/ruslan/.local/lib/python3.10/site-packages/airflow/example_dags/example_dynamic_task_mapping_with_no_taskflow_operators.py
[2025-03-22T10:24:34.954+0500] {processor.py:914} INFO - Processing file /home/ruslan/.local/lib/python3.10/site-packages/airflow/example_dags/example_dynamic_task_mapping_with_no_taskflow_operators.py for tasks to queue
[2025-03-22T10:24:34.956+0500] {logging_mixin.py:190} INFO - [2025-03-22T10:24:34.955+0500] {dagbag.py:588} INFO - Filling up the DagBag from /home/ruslan/.local/lib/python3.10/site-packages/airflow/example_dags/example_dynamic_task_mapping_with_no_taskflow_operators.py
[2025-03-22T10:24:34.961+0500] {processor.py:925} INFO - DAG(s) 'example_dynamic_task_mapping_with_no_taskflow_operators' retrieved from /home/ruslan/.local/lib/python3.10/site-packages/airflow/example_dags/example_dynamic_task_mapping_with_no_taskflow_operators.py
[2025-03-22T10:24:34.971+0500] {logging_mixin.py:190} INFO - [2025-03-22T10:24:34.971+0500] {dag.py:3239} INFO - Sync 1 DAGs
[2025-03-22T10:24:34.979+0500] {logging_mixin.py:190} INFO - [2025-03-22T10:24:34.978+0500] {dag.py:4180} INFO - Setting next_dagrun for example_dynamic_task_mapping_with_no_taskflow_operators to None, run_after=None
[2025-03-22T10:24:34.994+0500] {processor.py:208} INFO - Processing /home/ruslan/.local/lib/python3.10/site-packages/airflow/example_dags/example_dynamic_task_mapping_with_no_taskflow_operators.py took 0.044 seconds
[2025-03-22T10:25:23.734+0500] {processor.py:186} INFO - Started process (PID=29391) to work on /home/ruslan/.local/lib/python3.10/site-packages/airflow/example_dags/example_dynamic_task_mapping_with_no_taskflow_operators.py
[2025-03-22T10:25:23.735+0500] {processor.py:914} INFO - Processing file /home/ruslan/.local/lib/python3.10/site-packages/airflow/example_dags/example_dynamic_task_mapping_with_no_taskflow_operators.py for tasks to queue
[2025-03-22T10:25:23.737+0500] {logging_mixin.py:190} INFO - [2025-03-22T10:25:23.736+0500] {dagbag.py:588} INFO - Filling up the DagBag from /home/ruslan/.local/lib/python3.10/site-packages/airflow/example_dags/example_dynamic_task_mapping_with_no_taskflow_operators.py
[2025-03-22T10:25:23.741+0500] {processor.py:925} INFO - DAG(s) 'example_dynamic_task_mapping_with_no_taskflow_operators' retrieved from /home/ruslan/.local/lib/python3.10/site-packages/airflow/example_dags/example_dynamic_task_mapping_with_no_taskflow_operators.py
[2025-03-22T10:25:23.754+0500] {logging_mixin.py:190} INFO - [2025-03-22T10:25:23.754+0500] {dag.py:3239} INFO - Sync 1 DAGs
[2025-03-22T10:25:23.767+0500] {logging_mixin.py:190} INFO - [2025-03-22T10:25:23.767+0500] {dag.py:4180} INFO - Setting next_dagrun for example_dynamic_task_mapping_with_no_taskflow_operators to None, run_after=None
[2025-03-22T10:25:23.791+0500] {processor.py:208} INFO - Processing /home/ruslan/.local/lib/python3.10/site-packages/airflow/example_dags/example_dynamic_task_mapping_with_no_taskflow_operators.py took 0.060 seconds
[2025-03-22T10:26:17.810+0500] {processor.py:186} INFO - Started process (PID=30362) to work on /home/ruslan/.local/lib/python3.10/site-packages/airflow/example_dags/example_dynamic_task_mapping_with_no_taskflow_operators.py
[2025-03-22T10:26:17.811+0500] {processor.py:914} INFO - Processing file /home/ruslan/.local/lib/python3.10/site-packages/airflow/example_dags/example_dynamic_task_mapping_with_no_taskflow_operators.py for tasks to queue
[2025-03-22T10:26:17.813+0500] {logging_mixin.py:190} INFO - [2025-03-22T10:26:17.812+0500] {dagbag.py:588} INFO - Filling up the DagBag from /home/ruslan/.local/lib/python3.10/site-packages/airflow/example_dags/example_dynamic_task_mapping_with_no_taskflow_operators.py
[2025-03-22T10:26:17.818+0500] {processor.py:925} INFO - DAG(s) 'example_dynamic_task_mapping_with_no_taskflow_operators' retrieved from /home/ruslan/.local/lib/python3.10/site-packages/airflow/example_dags/example_dynamic_task_mapping_with_no_taskflow_operators.py
[2025-03-22T10:26:17.826+0500] {logging_mixin.py:190} INFO - [2025-03-22T10:26:17.826+0500] {dag.py:3239} INFO - Sync 1 DAGs
[2025-03-22T10:26:17.833+0500] {logging_mixin.py:190} INFO - [2025-03-22T10:26:17.833+0500] {dag.py:4180} INFO - Setting next_dagrun for example_dynamic_task_mapping_with_no_taskflow_operators to None, run_after=None
[2025-03-22T10:26:17.848+0500] {processor.py:208} INFO - Processing /home/ruslan/.local/lib/python3.10/site-packages/airflow/example_dags/example_dynamic_task_mapping_with_no_taskflow_operators.py took 0.041 seconds
[2025-03-22T10:27:09.042+0500] {processor.py:186} INFO - Started process (PID=31033) to work on /home/ruslan/.local/lib/python3.10/site-packages/airflow/example_dags/example_dynamic_task_mapping_with_no_taskflow_operators.py
[2025-03-22T10:27:09.043+0500] {processor.py:914} INFO - Processing file /home/ruslan/.local/lib/python3.10/site-packages/airflow/example_dags/example_dynamic_task_mapping_with_no_taskflow_operators.py for tasks to queue
[2025-03-22T10:27:09.044+0500] {logging_mixin.py:190} INFO - [2025-03-22T10:27:09.044+0500] {dagbag.py:588} INFO - Filling up the DagBag from /home/ruslan/.local/lib/python3.10/site-packages/airflow/example_dags/example_dynamic_task_mapping_with_no_taskflow_operators.py
[2025-03-22T10:27:09.050+0500] {processor.py:925} INFO - DAG(s) 'example_dynamic_task_mapping_with_no_taskflow_operators' retrieved from /home/ruslan/.local/lib/python3.10/site-packages/airflow/example_dags/example_dynamic_task_mapping_with_no_taskflow_operators.py
[2025-03-22T10:27:09.058+0500] {logging_mixin.py:190} INFO - [2025-03-22T10:27:09.058+0500] {dag.py:3239} INFO - Sync 1 DAGs
[2025-03-22T10:27:09.065+0500] {logging_mixin.py:190} INFO - [2025-03-22T10:27:09.065+0500] {dag.py:4180} INFO - Setting next_dagrun for example_dynamic_task_mapping_with_no_taskflow_operators to None, run_after=None
[2025-03-22T10:27:09.080+0500] {processor.py:208} INFO - Processing /home/ruslan/.local/lib/python3.10/site-packages/airflow/example_dags/example_dynamic_task_mapping_with_no_taskflow_operators.py took 0.042 seconds
[2025-03-22T10:27:58.637+0500] {processor.py:186} INFO - Started process (PID=31568) to work on /home/ruslan/.local/lib/python3.10/site-packages/airflow/example_dags/example_dynamic_task_mapping_with_no_taskflow_operators.py
[2025-03-22T10:27:58.638+0500] {processor.py:914} INFO - Processing file /home/ruslan/.local/lib/python3.10/site-packages/airflow/example_dags/example_dynamic_task_mapping_with_no_taskflow_operators.py for tasks to queue
[2025-03-22T10:27:58.639+0500] {logging_mixin.py:190} INFO - [2025-03-22T10:27:58.639+0500] {dagbag.py:588} INFO - Filling up the DagBag from /home/ruslan/.local/lib/python3.10/site-packages/airflow/example_dags/example_dynamic_task_mapping_with_no_taskflow_operators.py
[2025-03-22T10:27:58.644+0500] {processor.py:925} INFO - DAG(s) 'example_dynamic_task_mapping_with_no_taskflow_operators' retrieved from /home/ruslan/.local/lib/python3.10/site-packages/airflow/example_dags/example_dynamic_task_mapping_with_no_taskflow_operators.py
[2025-03-22T10:27:58.652+0500] {logging_mixin.py:190} INFO - [2025-03-22T10:27:58.652+0500] {dag.py:3239} INFO - Sync 1 DAGs
[2025-03-22T10:27:58.660+0500] {logging_mixin.py:190} INFO - [2025-03-22T10:27:58.659+0500] {dag.py:4180} INFO - Setting next_dagrun for example_dynamic_task_mapping_with_no_taskflow_operators to None, run_after=None
[2025-03-22T10:27:58.674+0500] {processor.py:208} INFO - Processing /home/ruslan/.local/lib/python3.10/site-packages/airflow/example_dags/example_dynamic_task_mapping_with_no_taskflow_operators.py took 0.041 seconds
[2025-03-22T10:28:51.429+0500] {processor.py:186} INFO - Started process (PID=32190) to work on /home/ruslan/.local/lib/python3.10/site-packages/airflow/example_dags/example_dynamic_task_mapping_with_no_taskflow_operators.py
[2025-03-22T10:28:51.430+0500] {processor.py:914} INFO - Processing file /home/ruslan/.local/lib/python3.10/site-packages/airflow/example_dags/example_dynamic_task_mapping_with_no_taskflow_operators.py for tasks to queue
[2025-03-22T10:28:51.431+0500] {logging_mixin.py:190} INFO - [2025-03-22T10:28:51.431+0500] {dagbag.py:588} INFO - Filling up the DagBag from /home/ruslan/.local/lib/python3.10/site-packages/airflow/example_dags/example_dynamic_task_mapping_with_no_taskflow_operators.py
[2025-03-22T10:28:51.436+0500] {processor.py:925} INFO - DAG(s) 'example_dynamic_task_mapping_with_no_taskflow_operators' retrieved from /home/ruslan/.local/lib/python3.10/site-packages/airflow/example_dags/example_dynamic_task_mapping_with_no_taskflow_operators.py
[2025-03-22T10:28:51.444+0500] {logging_mixin.py:190} INFO - [2025-03-22T10:28:51.444+0500] {dag.py:3239} INFO - Sync 1 DAGs
[2025-03-22T10:28:51.451+0500] {logging_mixin.py:190} INFO - [2025-03-22T10:28:51.451+0500] {dag.py:4180} INFO - Setting next_dagrun for example_dynamic_task_mapping_with_no_taskflow_operators to None, run_after=None
[2025-03-22T10:28:51.466+0500] {processor.py:208} INFO - Processing /home/ruslan/.local/lib/python3.10/site-packages/airflow/example_dags/example_dynamic_task_mapping_with_no_taskflow_operators.py took 0.041 seconds
[2025-03-22T10:29:44.084+0500] {processor.py:186} INFO - Started process (PID=32713) to work on /home/ruslan/.local/lib/python3.10/site-packages/airflow/example_dags/example_dynamic_task_mapping_with_no_taskflow_operators.py
[2025-03-22T10:29:44.085+0500] {processor.py:914} INFO - Processing file /home/ruslan/.local/lib/python3.10/site-packages/airflow/example_dags/example_dynamic_task_mapping_with_no_taskflow_operators.py for tasks to queue
[2025-03-22T10:29:44.086+0500] {logging_mixin.py:190} INFO - [2025-03-22T10:29:44.086+0500] {dagbag.py:588} INFO - Filling up the DagBag from /home/ruslan/.local/lib/python3.10/site-packages/airflow/example_dags/example_dynamic_task_mapping_with_no_taskflow_operators.py
[2025-03-22T10:29:44.091+0500] {processor.py:925} INFO - DAG(s) 'example_dynamic_task_mapping_with_no_taskflow_operators' retrieved from /home/ruslan/.local/lib/python3.10/site-packages/airflow/example_dags/example_dynamic_task_mapping_with_no_taskflow_operators.py
[2025-03-22T10:29:44.099+0500] {logging_mixin.py:190} INFO - [2025-03-22T10:29:44.099+0500] {dag.py:3239} INFO - Sync 1 DAGs
[2025-03-22T10:29:44.106+0500] {logging_mixin.py:190} INFO - [2025-03-22T10:29:44.106+0500] {dag.py:4180} INFO - Setting next_dagrun for example_dynamic_task_mapping_with_no_taskflow_operators to None, run_after=None
[2025-03-22T10:29:44.121+0500] {processor.py:208} INFO - Processing /home/ruslan/.local/lib/python3.10/site-packages/airflow/example_dags/example_dynamic_task_mapping_with_no_taskflow_operators.py took 0.041 seconds
[2025-03-22T10:30:35.858+0500] {processor.py:186} INFO - Started process (PID=32975) to work on /home/ruslan/.local/lib/python3.10/site-packages/airflow/example_dags/example_dynamic_task_mapping_with_no_taskflow_operators.py
[2025-03-22T10:30:35.859+0500] {processor.py:914} INFO - Processing file /home/ruslan/.local/lib/python3.10/site-packages/airflow/example_dags/example_dynamic_task_mapping_with_no_taskflow_operators.py for tasks to queue
[2025-03-22T10:30:35.860+0500] {logging_mixin.py:190} INFO - [2025-03-22T10:30:35.860+0500] {dagbag.py:588} INFO - Filling up the DagBag from /home/ruslan/.local/lib/python3.10/site-packages/airflow/example_dags/example_dynamic_task_mapping_with_no_taskflow_operators.py
[2025-03-22T10:30:35.866+0500] {processor.py:925} INFO - DAG(s) 'example_dynamic_task_mapping_with_no_taskflow_operators' retrieved from /home/ruslan/.local/lib/python3.10/site-packages/airflow/example_dags/example_dynamic_task_mapping_with_no_taskflow_operators.py
[2025-03-22T10:30:35.875+0500] {logging_mixin.py:190} INFO - [2025-03-22T10:30:35.875+0500] {dag.py:3239} INFO - Sync 1 DAGs
[2025-03-22T10:30:35.882+0500] {logging_mixin.py:190} INFO - [2025-03-22T10:30:35.882+0500] {dag.py:4180} INFO - Setting next_dagrun for example_dynamic_task_mapping_with_no_taskflow_operators to None, run_after=None
[2025-03-22T10:30:35.897+0500] {processor.py:208} INFO - Processing /home/ruslan/.local/lib/python3.10/site-packages/airflow/example_dags/example_dynamic_task_mapping_with_no_taskflow_operators.py took 0.043 seconds
[2025-03-22T10:31:27.936+0500] {processor.py:186} INFO - Started process (PID=33528) to work on /home/ruslan/.local/lib/python3.10/site-packages/airflow/example_dags/example_dynamic_task_mapping_with_no_taskflow_operators.py
[2025-03-22T10:31:27.937+0500] {processor.py:914} INFO - Processing file /home/ruslan/.local/lib/python3.10/site-packages/airflow/example_dags/example_dynamic_task_mapping_with_no_taskflow_operators.py for tasks to queue
[2025-03-22T10:31:27.938+0500] {logging_mixin.py:190} INFO - [2025-03-22T10:31:27.937+0500] {dagbag.py:588} INFO - Filling up the DagBag from /home/ruslan/.local/lib/python3.10/site-packages/airflow/example_dags/example_dynamic_task_mapping_with_no_taskflow_operators.py
[2025-03-22T10:31:27.943+0500] {processor.py:925} INFO - DAG(s) 'example_dynamic_task_mapping_with_no_taskflow_operators' retrieved from /home/ruslan/.local/lib/python3.10/site-packages/airflow/example_dags/example_dynamic_task_mapping_with_no_taskflow_operators.py
[2025-03-22T10:31:27.952+0500] {logging_mixin.py:190} INFO - [2025-03-22T10:31:27.952+0500] {dag.py:3239} INFO - Sync 1 DAGs
[2025-03-22T10:31:27.959+0500] {logging_mixin.py:190} INFO - [2025-03-22T10:31:27.959+0500] {dag.py:4180} INFO - Setting next_dagrun for example_dynamic_task_mapping_with_no_taskflow_operators to None, run_after=None
[2025-03-22T10:31:27.975+0500] {processor.py:208} INFO - Processing /home/ruslan/.local/lib/python3.10/site-packages/airflow/example_dags/example_dynamic_task_mapping_with_no_taskflow_operators.py took 0.043 seconds
[2025-03-22T10:32:19.786+0500] {processor.py:186} INFO - Started process (PID=34283) to work on /home/ruslan/.local/lib/python3.10/site-packages/airflow/example_dags/example_dynamic_task_mapping_with_no_taskflow_operators.py
[2025-03-22T10:32:19.787+0500] {processor.py:914} INFO - Processing file /home/ruslan/.local/lib/python3.10/site-packages/airflow/example_dags/example_dynamic_task_mapping_with_no_taskflow_operators.py for tasks to queue
[2025-03-22T10:32:19.788+0500] {logging_mixin.py:190} INFO - [2025-03-22T10:32:19.788+0500] {dagbag.py:588} INFO - Filling up the DagBag from /home/ruslan/.local/lib/python3.10/site-packages/airflow/example_dags/example_dynamic_task_mapping_with_no_taskflow_operators.py
[2025-03-22T10:32:19.794+0500] {processor.py:925} INFO - DAG(s) 'example_dynamic_task_mapping_with_no_taskflow_operators' retrieved from /home/ruslan/.local/lib/python3.10/site-packages/airflow/example_dags/example_dynamic_task_mapping_with_no_taskflow_operators.py
[2025-03-22T10:32:19.803+0500] {logging_mixin.py:190} INFO - [2025-03-22T10:32:19.803+0500] {dag.py:3239} INFO - Sync 1 DAGs
[2025-03-22T10:32:19.810+0500] {logging_mixin.py:190} INFO - [2025-03-22T10:32:19.810+0500] {dag.py:4180} INFO - Setting next_dagrun for example_dynamic_task_mapping_with_no_taskflow_operators to None, run_after=None
[2025-03-22T10:32:19.825+0500] {processor.py:208} INFO - Processing /home/ruslan/.local/lib/python3.10/site-packages/airflow/example_dags/example_dynamic_task_mapping_with_no_taskflow_operators.py took 0.043 seconds
[2025-03-22T10:33:03.186+0500] {processor.py:186} INFO - Started process (PID=34772) to work on /home/ruslan/.local/lib/python3.10/site-packages/airflow/example_dags/example_dynamic_task_mapping_with_no_taskflow_operators.py
[2025-03-22T10:33:03.187+0500] {processor.py:914} INFO - Processing file /home/ruslan/.local/lib/python3.10/site-packages/airflow/example_dags/example_dynamic_task_mapping_with_no_taskflow_operators.py for tasks to queue
[2025-03-22T10:33:03.189+0500] {logging_mixin.py:190} INFO - [2025-03-22T10:33:03.188+0500] {dagbag.py:588} INFO - Filling up the DagBag from /home/ruslan/.local/lib/python3.10/site-packages/airflow/example_dags/example_dynamic_task_mapping_with_no_taskflow_operators.py
[2025-03-22T10:33:03.195+0500] {processor.py:925} INFO - DAG(s) 'example_dynamic_task_mapping_with_no_taskflow_operators' retrieved from /home/ruslan/.local/lib/python3.10/site-packages/airflow/example_dags/example_dynamic_task_mapping_with_no_taskflow_operators.py
[2025-03-22T10:33:03.206+0500] {logging_mixin.py:190} INFO - [2025-03-22T10:33:03.206+0500] {dag.py:3239} INFO - Sync 1 DAGs
[2025-03-22T10:33:03.212+0500] {logging_mixin.py:190} INFO - [2025-03-22T10:33:03.212+0500] {dag.py:4180} INFO - Setting next_dagrun for example_dynamic_task_mapping_with_no_taskflow_operators to None, run_after=None
[2025-03-22T10:33:03.227+0500] {processor.py:208} INFO - Processing /home/ruslan/.local/lib/python3.10/site-packages/airflow/example_dags/example_dynamic_task_mapping_with_no_taskflow_operators.py took 0.044 seconds
[2025-03-22T10:33:56.399+0500] {processor.py:186} INFO - Started process (PID=35457) to work on /home/ruslan/.local/lib/python3.10/site-packages/airflow/example_dags/example_dynamic_task_mapping_with_no_taskflow_operators.py
[2025-03-22T10:33:56.400+0500] {processor.py:914} INFO - Processing file /home/ruslan/.local/lib/python3.10/site-packages/airflow/example_dags/example_dynamic_task_mapping_with_no_taskflow_operators.py for tasks to queue
[2025-03-22T10:33:56.401+0500] {logging_mixin.py:190} INFO - [2025-03-22T10:33:56.401+0500] {dagbag.py:588} INFO - Filling up the DagBag from /home/ruslan/.local/lib/python3.10/site-packages/airflow/example_dags/example_dynamic_task_mapping_with_no_taskflow_operators.py
[2025-03-22T10:33:56.406+0500] {processor.py:925} INFO - DAG(s) 'example_dynamic_task_mapping_with_no_taskflow_operators' retrieved from /home/ruslan/.local/lib/python3.10/site-packages/airflow/example_dags/example_dynamic_task_mapping_with_no_taskflow_operators.py
[2025-03-22T10:33:56.414+0500] {logging_mixin.py:190} INFO - [2025-03-22T10:33:56.414+0500] {dag.py:3239} INFO - Sync 1 DAGs
[2025-03-22T10:33:56.421+0500] {logging_mixin.py:190} INFO - [2025-03-22T10:33:56.421+0500] {dag.py:4180} INFO - Setting next_dagrun for example_dynamic_task_mapping_with_no_taskflow_operators to None, run_after=None
[2025-03-22T10:33:56.436+0500] {processor.py:208} INFO - Processing /home/ruslan/.local/lib/python3.10/site-packages/airflow/example_dags/example_dynamic_task_mapping_with_no_taskflow_operators.py took 0.041 seconds
[2025-03-22T10:34:44.439+0500] {processor.py:186} INFO - Started process (PID=35993) to work on /home/ruslan/.local/lib/python3.10/site-packages/airflow/example_dags/example_dynamic_task_mapping_with_no_taskflow_operators.py
[2025-03-22T10:34:44.440+0500] {processor.py:914} INFO - Processing file /home/ruslan/.local/lib/python3.10/site-packages/airflow/example_dags/example_dynamic_task_mapping_with_no_taskflow_operators.py for tasks to queue
[2025-03-22T10:34:44.442+0500] {logging_mixin.py:190} INFO - [2025-03-22T10:34:44.442+0500] {dagbag.py:588} INFO - Filling up the DagBag from /home/ruslan/.local/lib/python3.10/site-packages/airflow/example_dags/example_dynamic_task_mapping_with_no_taskflow_operators.py
[2025-03-22T10:34:44.447+0500] {processor.py:925} INFO - DAG(s) 'example_dynamic_task_mapping_with_no_taskflow_operators' retrieved from /home/ruslan/.local/lib/python3.10/site-packages/airflow/example_dags/example_dynamic_task_mapping_with_no_taskflow_operators.py
[2025-03-22T10:34:44.455+0500] {logging_mixin.py:190} INFO - [2025-03-22T10:34:44.455+0500] {dag.py:3239} INFO - Sync 1 DAGs
[2025-03-22T10:34:44.462+0500] {logging_mixin.py:190} INFO - [2025-03-22T10:34:44.462+0500] {dag.py:4180} INFO - Setting next_dagrun for example_dynamic_task_mapping_with_no_taskflow_operators to None, run_after=None
[2025-03-22T10:34:44.476+0500] {processor.py:208} INFO - Processing /home/ruslan/.local/lib/python3.10/site-packages/airflow/example_dags/example_dynamic_task_mapping_with_no_taskflow_operators.py took 0.040 seconds
[2025-03-22T10:35:40.203+0500] {processor.py:186} INFO - Started process (PID=36687) to work on /home/ruslan/.local/lib/python3.10/site-packages/airflow/example_dags/example_dynamic_task_mapping_with_no_taskflow_operators.py
[2025-03-22T10:35:40.204+0500] {processor.py:914} INFO - Processing file /home/ruslan/.local/lib/python3.10/site-packages/airflow/example_dags/example_dynamic_task_mapping_with_no_taskflow_operators.py for tasks to queue
[2025-03-22T10:35:40.205+0500] {logging_mixin.py:190} INFO - [2025-03-22T10:35:40.205+0500] {dagbag.py:588} INFO - Filling up the DagBag from /home/ruslan/.local/lib/python3.10/site-packages/airflow/example_dags/example_dynamic_task_mapping_with_no_taskflow_operators.py
[2025-03-22T10:35:40.210+0500] {processor.py:925} INFO - DAG(s) 'example_dynamic_task_mapping_with_no_taskflow_operators' retrieved from /home/ruslan/.local/lib/python3.10/site-packages/airflow/example_dags/example_dynamic_task_mapping_with_no_taskflow_operators.py
[2025-03-22T10:35:40.218+0500] {logging_mixin.py:190} INFO - [2025-03-22T10:35:40.218+0500] {dag.py:3239} INFO - Sync 1 DAGs
[2025-03-22T10:35:40.225+0500] {logging_mixin.py:190} INFO - [2025-03-22T10:35:40.225+0500] {dag.py:4180} INFO - Setting next_dagrun for example_dynamic_task_mapping_with_no_taskflow_operators to None, run_after=None
[2025-03-22T10:35:40.240+0500] {processor.py:208} INFO - Processing /home/ruslan/.local/lib/python3.10/site-packages/airflow/example_dags/example_dynamic_task_mapping_with_no_taskflow_operators.py took 0.041 seconds
[2025-03-22T10:36:27.372+0500] {processor.py:186} INFO - Started process (PID=37191) to work on /home/ruslan/.local/lib/python3.10/site-packages/airflow/example_dags/example_dynamic_task_mapping_with_no_taskflow_operators.py
[2025-03-22T10:36:27.374+0500] {processor.py:914} INFO - Processing file /home/ruslan/.local/lib/python3.10/site-packages/airflow/example_dags/example_dynamic_task_mapping_with_no_taskflow_operators.py for tasks to queue
[2025-03-22T10:36:27.375+0500] {logging_mixin.py:190} INFO - [2025-03-22T10:36:27.375+0500] {dagbag.py:588} INFO - Filling up the DagBag from /home/ruslan/.local/lib/python3.10/site-packages/airflow/example_dags/example_dynamic_task_mapping_with_no_taskflow_operators.py
[2025-03-22T10:36:27.380+0500] {processor.py:925} INFO - DAG(s) 'example_dynamic_task_mapping_with_no_taskflow_operators' retrieved from /home/ruslan/.local/lib/python3.10/site-packages/airflow/example_dags/example_dynamic_task_mapping_with_no_taskflow_operators.py
[2025-03-22T10:36:27.389+0500] {logging_mixin.py:190} INFO - [2025-03-22T10:36:27.389+0500] {dag.py:3239} INFO - Sync 1 DAGs
[2025-03-22T10:36:27.397+0500] {logging_mixin.py:190} INFO - [2025-03-22T10:36:27.397+0500] {dag.py:4180} INFO - Setting next_dagrun for example_dynamic_task_mapping_with_no_taskflow_operators to None, run_after=None
[2025-03-22T10:36:27.413+0500] {processor.py:208} INFO - Processing /home/ruslan/.local/lib/python3.10/site-packages/airflow/example_dags/example_dynamic_task_mapping_with_no_taskflow_operators.py took 0.044 seconds
[2025-03-22T10:37:20.221+0500] {processor.py:186} INFO - Started process (PID=37454) to work on /home/ruslan/.local/lib/python3.10/site-packages/airflow/example_dags/example_dynamic_task_mapping_with_no_taskflow_operators.py
[2025-03-22T10:37:20.222+0500] {processor.py:914} INFO - Processing file /home/ruslan/.local/lib/python3.10/site-packages/airflow/example_dags/example_dynamic_task_mapping_with_no_taskflow_operators.py for tasks to queue
[2025-03-22T10:37:20.223+0500] {logging_mixin.py:190} INFO - [2025-03-22T10:37:20.223+0500] {dagbag.py:588} INFO - Filling up the DagBag from /home/ruslan/.local/lib/python3.10/site-packages/airflow/example_dags/example_dynamic_task_mapping_with_no_taskflow_operators.py
[2025-03-22T10:37:20.228+0500] {processor.py:925} INFO - DAG(s) 'example_dynamic_task_mapping_with_no_taskflow_operators' retrieved from /home/ruslan/.local/lib/python3.10/site-packages/airflow/example_dags/example_dynamic_task_mapping_with_no_taskflow_operators.py
[2025-03-22T10:37:20.237+0500] {logging_mixin.py:190} INFO - [2025-03-22T10:37:20.237+0500] {dag.py:3239} INFO - Sync 1 DAGs
[2025-03-22T10:37:20.244+0500] {logging_mixin.py:190} INFO - [2025-03-22T10:37:20.244+0500] {dag.py:4180} INFO - Setting next_dagrun for example_dynamic_task_mapping_with_no_taskflow_operators to None, run_after=None
[2025-03-22T10:37:20.259+0500] {processor.py:208} INFO - Processing /home/ruslan/.local/lib/python3.10/site-packages/airflow/example_dags/example_dynamic_task_mapping_with_no_taskflow_operators.py took 0.042 seconds
[2025-03-22T10:38:46.545+0500] {processor.py:186} INFO - Started process (PID=38541) to work on /home/ruslan/.local/lib/python3.10/site-packages/airflow/example_dags/example_dynamic_task_mapping_with_no_taskflow_operators.py
[2025-03-22T10:38:46.547+0500] {processor.py:914} INFO - Processing file /home/ruslan/.local/lib/python3.10/site-packages/airflow/example_dags/example_dynamic_task_mapping_with_no_taskflow_operators.py for tasks to queue
[2025-03-22T10:38:46.548+0500] {logging_mixin.py:190} INFO - [2025-03-22T10:38:46.548+0500] {dagbag.py:588} INFO - Filling up the DagBag from /home/ruslan/.local/lib/python3.10/site-packages/airflow/example_dags/example_dynamic_task_mapping_with_no_taskflow_operators.py
[2025-03-22T10:38:46.554+0500] {processor.py:925} INFO - DAG(s) 'example_dynamic_task_mapping_with_no_taskflow_operators' retrieved from /home/ruslan/.local/lib/python3.10/site-packages/airflow/example_dags/example_dynamic_task_mapping_with_no_taskflow_operators.py
[2025-03-22T10:38:46.565+0500] {logging_mixin.py:190} INFO - [2025-03-22T10:38:46.565+0500] {dag.py:3239} INFO - Sync 1 DAGs
[2025-03-22T10:38:46.572+0500] {logging_mixin.py:190} INFO - [2025-03-22T10:38:46.572+0500] {dag.py:4180} INFO - Setting next_dagrun for example_dynamic_task_mapping_with_no_taskflow_operators to None, run_after=None
[2025-03-22T10:38:46.587+0500] {processor.py:208} INFO - Processing /home/ruslan/.local/lib/python3.10/site-packages/airflow/example_dags/example_dynamic_task_mapping_with_no_taskflow_operators.py took 0.045 seconds
[2025-03-22T10:39:40.162+0500] {processor.py:186} INFO - Started process (PID=39248) to work on /home/ruslan/.local/lib/python3.10/site-packages/airflow/example_dags/example_dynamic_task_mapping_with_no_taskflow_operators.py
[2025-03-22T10:39:40.163+0500] {processor.py:914} INFO - Processing file /home/ruslan/.local/lib/python3.10/site-packages/airflow/example_dags/example_dynamic_task_mapping_with_no_taskflow_operators.py for tasks to queue
[2025-03-22T10:39:40.164+0500] {logging_mixin.py:190} INFO - [2025-03-22T10:39:40.164+0500] {dagbag.py:588} INFO - Filling up the DagBag from /home/ruslan/.local/lib/python3.10/site-packages/airflow/example_dags/example_dynamic_task_mapping_with_no_taskflow_operators.py
[2025-03-22T10:39:40.169+0500] {processor.py:925} INFO - DAG(s) 'example_dynamic_task_mapping_with_no_taskflow_operators' retrieved from /home/ruslan/.local/lib/python3.10/site-packages/airflow/example_dags/example_dynamic_task_mapping_with_no_taskflow_operators.py
[2025-03-22T10:39:40.177+0500] {logging_mixin.py:190} INFO - [2025-03-22T10:39:40.177+0500] {dag.py:3239} INFO - Sync 1 DAGs
[2025-03-22T10:39:40.184+0500] {logging_mixin.py:190} INFO - [2025-03-22T10:39:40.184+0500] {dag.py:4180} INFO - Setting next_dagrun for example_dynamic_task_mapping_with_no_taskflow_operators to None, run_after=None
[2025-03-22T10:39:40.199+0500] {processor.py:208} INFO - Processing /home/ruslan/.local/lib/python3.10/site-packages/airflow/example_dags/example_dynamic_task_mapping_with_no_taskflow_operators.py took 0.041 seconds
[2025-03-22T10:40:30.345+0500] {processor.py:186} INFO - Started process (PID=39807) to work on /home/ruslan/.local/lib/python3.10/site-packages/airflow/example_dags/example_dynamic_task_mapping_with_no_taskflow_operators.py
[2025-03-22T10:40:30.346+0500] {processor.py:914} INFO - Processing file /home/ruslan/.local/lib/python3.10/site-packages/airflow/example_dags/example_dynamic_task_mapping_with_no_taskflow_operators.py for tasks to queue
[2025-03-22T10:40:30.348+0500] {logging_mixin.py:190} INFO - [2025-03-22T10:40:30.348+0500] {dagbag.py:588} INFO - Filling up the DagBag from /home/ruslan/.local/lib/python3.10/site-packages/airflow/example_dags/example_dynamic_task_mapping_with_no_taskflow_operators.py
[2025-03-22T10:40:30.354+0500] {processor.py:925} INFO - DAG(s) 'example_dynamic_task_mapping_with_no_taskflow_operators' retrieved from /home/ruslan/.local/lib/python3.10/site-packages/airflow/example_dags/example_dynamic_task_mapping_with_no_taskflow_operators.py
[2025-03-22T10:40:30.362+0500] {logging_mixin.py:190} INFO - [2025-03-22T10:40:30.362+0500] {dag.py:3239} INFO - Sync 1 DAGs
[2025-03-22T10:40:30.370+0500] {logging_mixin.py:190} INFO - [2025-03-22T10:40:30.369+0500] {dag.py:4180} INFO - Setting next_dagrun for example_dynamic_task_mapping_with_no_taskflow_operators to None, run_after=None
[2025-03-22T10:40:30.385+0500] {processor.py:208} INFO - Processing /home/ruslan/.local/lib/python3.10/site-packages/airflow/example_dags/example_dynamic_task_mapping_with_no_taskflow_operators.py took 0.043 seconds
[2025-03-22T10:41:28.290+0500] {processor.py:186} INFO - Started process (PID=40442) to work on /home/ruslan/.local/lib/python3.10/site-packages/airflow/example_dags/example_dynamic_task_mapping_with_no_taskflow_operators.py
[2025-03-22T10:41:28.291+0500] {processor.py:914} INFO - Processing file /home/ruslan/.local/lib/python3.10/site-packages/airflow/example_dags/example_dynamic_task_mapping_with_no_taskflow_operators.py for tasks to queue
[2025-03-22T10:41:28.292+0500] {logging_mixin.py:190} INFO - [2025-03-22T10:41:28.292+0500] {dagbag.py:588} INFO - Filling up the DagBag from /home/ruslan/.local/lib/python3.10/site-packages/airflow/example_dags/example_dynamic_task_mapping_with_no_taskflow_operators.py
[2025-03-22T10:41:28.297+0500] {processor.py:925} INFO - DAG(s) 'example_dynamic_task_mapping_with_no_taskflow_operators' retrieved from /home/ruslan/.local/lib/python3.10/site-packages/airflow/example_dags/example_dynamic_task_mapping_with_no_taskflow_operators.py
[2025-03-22T10:41:28.307+0500] {logging_mixin.py:190} INFO - [2025-03-22T10:41:28.306+0500] {dag.py:3239} INFO - Sync 1 DAGs
[2025-03-22T10:41:28.314+0500] {logging_mixin.py:190} INFO - [2025-03-22T10:41:28.314+0500] {dag.py:4180} INFO - Setting next_dagrun for example_dynamic_task_mapping_with_no_taskflow_operators to None, run_after=None
[2025-03-22T10:41:28.329+0500] {processor.py:208} INFO - Processing /home/ruslan/.local/lib/python3.10/site-packages/airflow/example_dags/example_dynamic_task_mapping_with_no_taskflow_operators.py took 0.042 seconds
[2025-03-22T10:42:25.440+0500] {processor.py:186} INFO - Started process (PID=41251) to work on /home/ruslan/.local/lib/python3.10/site-packages/airflow/example_dags/example_dynamic_task_mapping_with_no_taskflow_operators.py
[2025-03-22T10:42:25.441+0500] {processor.py:914} INFO - Processing file /home/ruslan/.local/lib/python3.10/site-packages/airflow/example_dags/example_dynamic_task_mapping_with_no_taskflow_operators.py for tasks to queue
[2025-03-22T10:42:25.442+0500] {logging_mixin.py:190} INFO - [2025-03-22T10:42:25.442+0500] {dagbag.py:588} INFO - Filling up the DagBag from /home/ruslan/.local/lib/python3.10/site-packages/airflow/example_dags/example_dynamic_task_mapping_with_no_taskflow_operators.py
[2025-03-22T10:42:25.447+0500] {processor.py:925} INFO - DAG(s) 'example_dynamic_task_mapping_with_no_taskflow_operators' retrieved from /home/ruslan/.local/lib/python3.10/site-packages/airflow/example_dags/example_dynamic_task_mapping_with_no_taskflow_operators.py
[2025-03-22T10:42:25.456+0500] {logging_mixin.py:190} INFO - [2025-03-22T10:42:25.456+0500] {dag.py:3239} INFO - Sync 1 DAGs
[2025-03-22T10:42:25.462+0500] {logging_mixin.py:190} INFO - [2025-03-22T10:42:25.462+0500] {dag.py:4180} INFO - Setting next_dagrun for example_dynamic_task_mapping_with_no_taskflow_operators to None, run_after=None
[2025-03-22T10:42:25.478+0500] {processor.py:208} INFO - Processing /home/ruslan/.local/lib/python3.10/site-packages/airflow/example_dags/example_dynamic_task_mapping_with_no_taskflow_operators.py took 0.042 seconds
[2025-03-22T10:43:20.177+0500] {processor.py:186} INFO - Started process (PID=41867) to work on /home/ruslan/.local/lib/python3.10/site-packages/airflow/example_dags/example_dynamic_task_mapping_with_no_taskflow_operators.py
[2025-03-22T10:43:20.178+0500] {processor.py:914} INFO - Processing file /home/ruslan/.local/lib/python3.10/site-packages/airflow/example_dags/example_dynamic_task_mapping_with_no_taskflow_operators.py for tasks to queue
[2025-03-22T10:43:20.180+0500] {logging_mixin.py:190} INFO - [2025-03-22T10:43:20.180+0500] {dagbag.py:588} INFO - Filling up the DagBag from /home/ruslan/.local/lib/python3.10/site-packages/airflow/example_dags/example_dynamic_task_mapping_with_no_taskflow_operators.py
[2025-03-22T10:43:20.185+0500] {processor.py:925} INFO - DAG(s) 'example_dynamic_task_mapping_with_no_taskflow_operators' retrieved from /home/ruslan/.local/lib/python3.10/site-packages/airflow/example_dags/example_dynamic_task_mapping_with_no_taskflow_operators.py
[2025-03-22T10:43:20.193+0500] {logging_mixin.py:190} INFO - [2025-03-22T10:43:20.193+0500] {dag.py:3239} INFO - Sync 1 DAGs
[2025-03-22T10:43:20.200+0500] {logging_mixin.py:190} INFO - [2025-03-22T10:43:20.200+0500] {dag.py:4180} INFO - Setting next_dagrun for example_dynamic_task_mapping_with_no_taskflow_operators to None, run_after=None
[2025-03-22T10:43:20.215+0500] {processor.py:208} INFO - Processing /home/ruslan/.local/lib/python3.10/site-packages/airflow/example_dags/example_dynamic_task_mapping_with_no_taskflow_operators.py took 0.041 seconds
[2025-03-22T10:44:17.759+0500] {processor.py:186} INFO - Started process (PID=42579) to work on /home/ruslan/.local/lib/python3.10/site-packages/airflow/example_dags/example_dynamic_task_mapping_with_no_taskflow_operators.py
[2025-03-22T10:44:17.760+0500] {processor.py:914} INFO - Processing file /home/ruslan/.local/lib/python3.10/site-packages/airflow/example_dags/example_dynamic_task_mapping_with_no_taskflow_operators.py for tasks to queue
[2025-03-22T10:44:17.761+0500] {logging_mixin.py:190} INFO - [2025-03-22T10:44:17.761+0500] {dagbag.py:588} INFO - Filling up the DagBag from /home/ruslan/.local/lib/python3.10/site-packages/airflow/example_dags/example_dynamic_task_mapping_with_no_taskflow_operators.py
[2025-03-22T10:44:17.767+0500] {processor.py:925} INFO - DAG(s) 'example_dynamic_task_mapping_with_no_taskflow_operators' retrieved from /home/ruslan/.local/lib/python3.10/site-packages/airflow/example_dags/example_dynamic_task_mapping_with_no_taskflow_operators.py
[2025-03-22T10:44:17.775+0500] {logging_mixin.py:190} INFO - [2025-03-22T10:44:17.775+0500] {dag.py:3239} INFO - Sync 1 DAGs
[2025-03-22T10:44:17.783+0500] {logging_mixin.py:190} INFO - [2025-03-22T10:44:17.782+0500] {dag.py:4180} INFO - Setting next_dagrun for example_dynamic_task_mapping_with_no_taskflow_operators to None, run_after=None
[2025-03-22T10:44:17.798+0500] {processor.py:208} INFO - Processing /home/ruslan/.local/lib/python3.10/site-packages/airflow/example_dags/example_dynamic_task_mapping_with_no_taskflow_operators.py took 0.043 seconds
[2025-03-22T10:45:12.420+0500] {processor.py:186} INFO - Started process (PID=43308) to work on /home/ruslan/.local/lib/python3.10/site-packages/airflow/example_dags/example_dynamic_task_mapping_with_no_taskflow_operators.py
[2025-03-22T10:45:12.421+0500] {processor.py:914} INFO - Processing file /home/ruslan/.local/lib/python3.10/site-packages/airflow/example_dags/example_dynamic_task_mapping_with_no_taskflow_operators.py for tasks to queue
[2025-03-22T10:45:12.422+0500] {logging_mixin.py:190} INFO - [2025-03-22T10:45:12.422+0500] {dagbag.py:588} INFO - Filling up the DagBag from /home/ruslan/.local/lib/python3.10/site-packages/airflow/example_dags/example_dynamic_task_mapping_with_no_taskflow_operators.py
[2025-03-22T10:45:12.427+0500] {processor.py:925} INFO - DAG(s) 'example_dynamic_task_mapping_with_no_taskflow_operators' retrieved from /home/ruslan/.local/lib/python3.10/site-packages/airflow/example_dags/example_dynamic_task_mapping_with_no_taskflow_operators.py
[2025-03-22T10:45:12.436+0500] {logging_mixin.py:190} INFO - [2025-03-22T10:45:12.436+0500] {dag.py:3239} INFO - Sync 1 DAGs
[2025-03-22T10:45:12.443+0500] {logging_mixin.py:190} INFO - [2025-03-22T10:45:12.443+0500] {dag.py:4180} INFO - Setting next_dagrun for example_dynamic_task_mapping_with_no_taskflow_operators to None, run_after=None
[2025-03-22T10:45:12.458+0500] {processor.py:208} INFO - Processing /home/ruslan/.local/lib/python3.10/site-packages/airflow/example_dags/example_dynamic_task_mapping_with_no_taskflow_operators.py took 0.042 seconds
[2025-03-22T10:46:08.772+0500] {processor.py:186} INFO - Started process (PID=43990) to work on /home/ruslan/.local/lib/python3.10/site-packages/airflow/example_dags/example_dynamic_task_mapping_with_no_taskflow_operators.py
[2025-03-22T10:46:08.773+0500] {processor.py:914} INFO - Processing file /home/ruslan/.local/lib/python3.10/site-packages/airflow/example_dags/example_dynamic_task_mapping_with_no_taskflow_operators.py for tasks to queue
[2025-03-22T10:46:08.775+0500] {logging_mixin.py:190} INFO - [2025-03-22T10:46:08.775+0500] {dagbag.py:588} INFO - Filling up the DagBag from /home/ruslan/.local/lib/python3.10/site-packages/airflow/example_dags/example_dynamic_task_mapping_with_no_taskflow_operators.py
[2025-03-22T10:46:08.780+0500] {processor.py:925} INFO - DAG(s) 'example_dynamic_task_mapping_with_no_taskflow_operators' retrieved from /home/ruslan/.local/lib/python3.10/site-packages/airflow/example_dags/example_dynamic_task_mapping_with_no_taskflow_operators.py
[2025-03-22T10:46:08.788+0500] {logging_mixin.py:190} INFO - [2025-03-22T10:46:08.788+0500] {dag.py:3239} INFO - Sync 1 DAGs
[2025-03-22T10:46:08.794+0500] {logging_mixin.py:190} INFO - [2025-03-22T10:46:08.794+0500] {dag.py:4180} INFO - Setting next_dagrun for example_dynamic_task_mapping_with_no_taskflow_operators to None, run_after=None
[2025-03-22T10:46:08.810+0500] {processor.py:208} INFO - Processing /home/ruslan/.local/lib/python3.10/site-packages/airflow/example_dags/example_dynamic_task_mapping_with_no_taskflow_operators.py took 0.041 seconds
[2025-03-22T10:47:04.364+0500] {processor.py:186} INFO - Started process (PID=44724) to work on /home/ruslan/.local/lib/python3.10/site-packages/airflow/example_dags/example_dynamic_task_mapping_with_no_taskflow_operators.py
[2025-03-22T10:47:04.365+0500] {processor.py:914} INFO - Processing file /home/ruslan/.local/lib/python3.10/site-packages/airflow/example_dags/example_dynamic_task_mapping_with_no_taskflow_operators.py for tasks to queue
[2025-03-22T10:47:04.366+0500] {logging_mixin.py:190} INFO - [2025-03-22T10:47:04.366+0500] {dagbag.py:588} INFO - Filling up the DagBag from /home/ruslan/.local/lib/python3.10/site-packages/airflow/example_dags/example_dynamic_task_mapping_with_no_taskflow_operators.py
[2025-03-22T10:47:04.371+0500] {processor.py:925} INFO - DAG(s) 'example_dynamic_task_mapping_with_no_taskflow_operators' retrieved from /home/ruslan/.local/lib/python3.10/site-packages/airflow/example_dags/example_dynamic_task_mapping_with_no_taskflow_operators.py
[2025-03-22T10:47:04.379+0500] {logging_mixin.py:190} INFO - [2025-03-22T10:47:04.379+0500] {dag.py:3239} INFO - Sync 1 DAGs
[2025-03-22T10:47:04.386+0500] {logging_mixin.py:190} INFO - [2025-03-22T10:47:04.386+0500] {dag.py:4180} INFO - Setting next_dagrun for example_dynamic_task_mapping_with_no_taskflow_operators to None, run_after=None
[2025-03-22T10:47:04.400+0500] {processor.py:208} INFO - Processing /home/ruslan/.local/lib/python3.10/site-packages/airflow/example_dags/example_dynamic_task_mapping_with_no_taskflow_operators.py took 0.040 seconds
[2025-03-22T10:47:58.831+0500] {processor.py:186} INFO - Started process (PID=45350) to work on /home/ruslan/.local/lib/python3.10/site-packages/airflow/example_dags/example_dynamic_task_mapping_with_no_taskflow_operators.py
[2025-03-22T10:47:58.833+0500] {processor.py:914} INFO - Processing file /home/ruslan/.local/lib/python3.10/site-packages/airflow/example_dags/example_dynamic_task_mapping_with_no_taskflow_operators.py for tasks to queue
[2025-03-22T10:47:58.834+0500] {logging_mixin.py:190} INFO - [2025-03-22T10:47:58.834+0500] {dagbag.py:588} INFO - Filling up the DagBag from /home/ruslan/.local/lib/python3.10/site-packages/airflow/example_dags/example_dynamic_task_mapping_with_no_taskflow_operators.py
[2025-03-22T10:47:58.839+0500] {processor.py:925} INFO - DAG(s) 'example_dynamic_task_mapping_with_no_taskflow_operators' retrieved from /home/ruslan/.local/lib/python3.10/site-packages/airflow/example_dags/example_dynamic_task_mapping_with_no_taskflow_operators.py
[2025-03-22T10:47:58.847+0500] {logging_mixin.py:190} INFO - [2025-03-22T10:47:58.847+0500] {dag.py:3239} INFO - Sync 1 DAGs
[2025-03-22T10:47:58.854+0500] {logging_mixin.py:190} INFO - [2025-03-22T10:47:58.854+0500] {dag.py:4180} INFO - Setting next_dagrun for example_dynamic_task_mapping_with_no_taskflow_operators to None, run_after=None
[2025-03-22T10:47:58.869+0500] {processor.py:208} INFO - Processing /home/ruslan/.local/lib/python3.10/site-packages/airflow/example_dags/example_dynamic_task_mapping_with_no_taskflow_operators.py took 0.041 seconds
[2025-03-22T10:48:51.317+0500] {processor.py:186} INFO - Started process (PID=46121) to work on /home/ruslan/.local/lib/python3.10/site-packages/airflow/example_dags/example_dynamic_task_mapping_with_no_taskflow_operators.py
[2025-03-22T10:48:51.318+0500] {processor.py:914} INFO - Processing file /home/ruslan/.local/lib/python3.10/site-packages/airflow/example_dags/example_dynamic_task_mapping_with_no_taskflow_operators.py for tasks to queue
[2025-03-22T10:48:51.320+0500] {logging_mixin.py:190} INFO - [2025-03-22T10:48:51.319+0500] {dagbag.py:588} INFO - Filling up the DagBag from /home/ruslan/.local/lib/python3.10/site-packages/airflow/example_dags/example_dynamic_task_mapping_with_no_taskflow_operators.py
[2025-03-22T10:48:51.325+0500] {processor.py:925} INFO - DAG(s) 'example_dynamic_task_mapping_with_no_taskflow_operators' retrieved from /home/ruslan/.local/lib/python3.10/site-packages/airflow/example_dags/example_dynamic_task_mapping_with_no_taskflow_operators.py
[2025-03-22T10:48:51.333+0500] {logging_mixin.py:190} INFO - [2025-03-22T10:48:51.333+0500] {dag.py:3239} INFO - Sync 1 DAGs
[2025-03-22T10:48:51.340+0500] {logging_mixin.py:190} INFO - [2025-03-22T10:48:51.340+0500] {dag.py:4180} INFO - Setting next_dagrun for example_dynamic_task_mapping_with_no_taskflow_operators to None, run_after=None
[2025-03-22T10:48:51.355+0500] {processor.py:208} INFO - Processing /home/ruslan/.local/lib/python3.10/site-packages/airflow/example_dags/example_dynamic_task_mapping_with_no_taskflow_operators.py took 0.041 seconds
[2025-03-22T12:46:50.114+0500] {processor.py:186} INFO - Started process (PID=910) to work on /home/ruslan/.local/lib/python3.10/site-packages/airflow/example_dags/example_dynamic_task_mapping_with_no_taskflow_operators.py
[2025-03-22T12:46:50.115+0500] {processor.py:914} INFO - Processing file /home/ruslan/.local/lib/python3.10/site-packages/airflow/example_dags/example_dynamic_task_mapping_with_no_taskflow_operators.py for tasks to queue
[2025-03-22T12:46:50.117+0500] {logging_mixin.py:190} INFO - [2025-03-22T12:46:50.116+0500] {dagbag.py:588} INFO - Filling up the DagBag from /home/ruslan/.local/lib/python3.10/site-packages/airflow/example_dags/example_dynamic_task_mapping_with_no_taskflow_operators.py
[2025-03-22T12:46:50.122+0500] {processor.py:925} INFO - DAG(s) 'example_dynamic_task_mapping_with_no_taskflow_operators' retrieved from /home/ruslan/.local/lib/python3.10/site-packages/airflow/example_dags/example_dynamic_task_mapping_with_no_taskflow_operators.py
[2025-03-22T12:46:50.133+0500] {logging_mixin.py:190} INFO - [2025-03-22T12:46:50.133+0500] {dag.py:3239} INFO - Sync 1 DAGs
[2025-03-22T12:46:50.139+0500] {logging_mixin.py:190} INFO - [2025-03-22T12:46:50.139+0500] {dag.py:4180} INFO - Setting next_dagrun for example_dynamic_task_mapping_with_no_taskflow_operators to None, run_after=None
[2025-03-22T12:46:50.153+0500] {processor.py:208} INFO - Processing /home/ruslan/.local/lib/python3.10/site-packages/airflow/example_dags/example_dynamic_task_mapping_with_no_taskflow_operators.py took 0.042 seconds
[2025-03-22T12:47:46.015+0500] {processor.py:186} INFO - Started process (PID=6172) to work on /home/ruslan/.local/lib/python3.10/site-packages/airflow/example_dags/example_dynamic_task_mapping_with_no_taskflow_operators.py
[2025-03-22T12:47:46.017+0500] {processor.py:914} INFO - Processing file /home/ruslan/.local/lib/python3.10/site-packages/airflow/example_dags/example_dynamic_task_mapping_with_no_taskflow_operators.py for tasks to queue
[2025-03-22T12:47:46.018+0500] {logging_mixin.py:190} INFO - [2025-03-22T12:47:46.018+0500] {dagbag.py:588} INFO - Filling up the DagBag from /home/ruslan/.local/lib/python3.10/site-packages/airflow/example_dags/example_dynamic_task_mapping_with_no_taskflow_operators.py
[2025-03-22T12:47:46.023+0500] {processor.py:925} INFO - DAG(s) 'example_dynamic_task_mapping_with_no_taskflow_operators' retrieved from /home/ruslan/.local/lib/python3.10/site-packages/airflow/example_dags/example_dynamic_task_mapping_with_no_taskflow_operators.py
[2025-03-22T12:47:46.031+0500] {logging_mixin.py:190} INFO - [2025-03-22T12:47:46.031+0500] {dag.py:3239} INFO - Sync 1 DAGs
[2025-03-22T12:47:46.038+0500] {logging_mixin.py:190} INFO - [2025-03-22T12:47:46.037+0500] {dag.py:4180} INFO - Setting next_dagrun for example_dynamic_task_mapping_with_no_taskflow_operators to None, run_after=None
[2025-03-22T12:47:46.052+0500] {processor.py:208} INFO - Processing /home/ruslan/.local/lib/python3.10/site-packages/airflow/example_dags/example_dynamic_task_mapping_with_no_taskflow_operators.py took 0.040 seconds
[2025-03-22T12:48:39.576+0500] {processor.py:186} INFO - Started process (PID=6465) to work on /home/ruslan/.local/lib/python3.10/site-packages/airflow/example_dags/example_dynamic_task_mapping_with_no_taskflow_operators.py
[2025-03-22T12:48:39.577+0500] {processor.py:914} INFO - Processing file /home/ruslan/.local/lib/python3.10/site-packages/airflow/example_dags/example_dynamic_task_mapping_with_no_taskflow_operators.py for tasks to queue
[2025-03-22T12:48:39.578+0500] {logging_mixin.py:190} INFO - [2025-03-22T12:48:39.578+0500] {dagbag.py:588} INFO - Filling up the DagBag from /home/ruslan/.local/lib/python3.10/site-packages/airflow/example_dags/example_dynamic_task_mapping_with_no_taskflow_operators.py
[2025-03-22T12:48:39.583+0500] {processor.py:925} INFO - DAG(s) 'example_dynamic_task_mapping_with_no_taskflow_operators' retrieved from /home/ruslan/.local/lib/python3.10/site-packages/airflow/example_dags/example_dynamic_task_mapping_with_no_taskflow_operators.py
[2025-03-22T12:48:39.590+0500] {logging_mixin.py:190} INFO - [2025-03-22T12:48:39.590+0500] {dag.py:3239} INFO - Sync 1 DAGs
[2025-03-22T12:48:39.597+0500] {logging_mixin.py:190} INFO - [2025-03-22T12:48:39.597+0500] {dag.py:4180} INFO - Setting next_dagrun for example_dynamic_task_mapping_with_no_taskflow_operators to None, run_after=None
[2025-03-22T12:48:39.611+0500] {processor.py:208} INFO - Processing /home/ruslan/.local/lib/python3.10/site-packages/airflow/example_dags/example_dynamic_task_mapping_with_no_taskflow_operators.py took 0.039 seconds
[2025-03-22T12:49:31.239+0500] {processor.py:186} INFO - Started process (PID=7355) to work on /home/ruslan/.local/lib/python3.10/site-packages/airflow/example_dags/example_dynamic_task_mapping_with_no_taskflow_operators.py
[2025-03-22T12:49:31.241+0500] {processor.py:914} INFO - Processing file /home/ruslan/.local/lib/python3.10/site-packages/airflow/example_dags/example_dynamic_task_mapping_with_no_taskflow_operators.py for tasks to queue
[2025-03-22T12:49:31.242+0500] {logging_mixin.py:190} INFO - [2025-03-22T12:49:31.242+0500] {dagbag.py:588} INFO - Filling up the DagBag from /home/ruslan/.local/lib/python3.10/site-packages/airflow/example_dags/example_dynamic_task_mapping_with_no_taskflow_operators.py
[2025-03-22T12:49:31.246+0500] {processor.py:925} INFO - DAG(s) 'example_dynamic_task_mapping_with_no_taskflow_operators' retrieved from /home/ruslan/.local/lib/python3.10/site-packages/airflow/example_dags/example_dynamic_task_mapping_with_no_taskflow_operators.py
[2025-03-22T12:49:31.254+0500] {logging_mixin.py:190} INFO - [2025-03-22T12:49:31.254+0500] {dag.py:3239} INFO - Sync 1 DAGs
[2025-03-22T12:49:31.261+0500] {logging_mixin.py:190} INFO - [2025-03-22T12:49:31.261+0500] {dag.py:4180} INFO - Setting next_dagrun for example_dynamic_task_mapping_with_no_taskflow_operators to None, run_after=None
[2025-03-22T12:49:31.275+0500] {processor.py:208} INFO - Processing /home/ruslan/.local/lib/python3.10/site-packages/airflow/example_dags/example_dynamic_task_mapping_with_no_taskflow_operators.py took 0.039 seconds
[2025-03-22T12:50:23.032+0500] {processor.py:186} INFO - Started process (PID=7808) to work on /home/ruslan/.local/lib/python3.10/site-packages/airflow/example_dags/example_dynamic_task_mapping_with_no_taskflow_operators.py
[2025-03-22T12:50:23.034+0500] {processor.py:914} INFO - Processing file /home/ruslan/.local/lib/python3.10/site-packages/airflow/example_dags/example_dynamic_task_mapping_with_no_taskflow_operators.py for tasks to queue
[2025-03-22T12:50:23.035+0500] {logging_mixin.py:190} INFO - [2025-03-22T12:50:23.035+0500] {dagbag.py:588} INFO - Filling up the DagBag from /home/ruslan/.local/lib/python3.10/site-packages/airflow/example_dags/example_dynamic_task_mapping_with_no_taskflow_operators.py
[2025-03-22T12:50:23.039+0500] {processor.py:925} INFO - DAG(s) 'example_dynamic_task_mapping_with_no_taskflow_operators' retrieved from /home/ruslan/.local/lib/python3.10/site-packages/airflow/example_dags/example_dynamic_task_mapping_with_no_taskflow_operators.py
[2025-03-22T12:50:23.047+0500] {logging_mixin.py:190} INFO - [2025-03-22T12:50:23.047+0500] {dag.py:3239} INFO - Sync 1 DAGs
[2025-03-22T12:50:23.053+0500] {logging_mixin.py:190} INFO - [2025-03-22T12:50:23.053+0500] {dag.py:4180} INFO - Setting next_dagrun for example_dynamic_task_mapping_with_no_taskflow_operators to None, run_after=None
[2025-03-22T12:50:23.068+0500] {processor.py:208} INFO - Processing /home/ruslan/.local/lib/python3.10/site-packages/airflow/example_dags/example_dynamic_task_mapping_with_no_taskflow_operators.py took 0.038 seconds
[2025-03-22T12:50:57.152+0500] {processor.py:186} INFO - Started process (PID=8487) to work on /home/ruslan/.local/lib/python3.10/site-packages/airflow/example_dags/example_dynamic_task_mapping_with_no_taskflow_operators.py
[2025-03-22T12:50:57.153+0500] {processor.py:914} INFO - Processing file /home/ruslan/.local/lib/python3.10/site-packages/airflow/example_dags/example_dynamic_task_mapping_with_no_taskflow_operators.py for tasks to queue
[2025-03-22T12:50:57.154+0500] {logging_mixin.py:190} INFO - [2025-03-22T12:50:57.154+0500] {dagbag.py:588} INFO - Filling up the DagBag from /home/ruslan/.local/lib/python3.10/site-packages/airflow/example_dags/example_dynamic_task_mapping_with_no_taskflow_operators.py
[2025-03-22T12:50:57.160+0500] {processor.py:925} INFO - DAG(s) 'example_dynamic_task_mapping_with_no_taskflow_operators' retrieved from /home/ruslan/.local/lib/python3.10/site-packages/airflow/example_dags/example_dynamic_task_mapping_with_no_taskflow_operators.py
[2025-03-22T12:50:57.171+0500] {logging_mixin.py:190} INFO - [2025-03-22T12:50:57.171+0500] {dag.py:3239} INFO - Sync 1 DAGs
[2025-03-22T12:50:57.178+0500] {logging_mixin.py:190} INFO - [2025-03-22T12:50:57.178+0500] {dag.py:4180} INFO - Setting next_dagrun for example_dynamic_task_mapping_with_no_taskflow_operators to None, run_after=None
[2025-03-22T12:50:57.192+0500] {processor.py:208} INFO - Processing /home/ruslan/.local/lib/python3.10/site-packages/airflow/example_dags/example_dynamic_task_mapping_with_no_taskflow_operators.py took 0.043 seconds
