[2025-03-22T10:07:35.159+0500] {processor.py:186} INFO - Started process (PID=18081) to work on /home/ruslan/.local/lib/python3.10/site-packages/airflow/example_dags/example_xcom.py
[2025-03-22T10:07:35.159+0500] {processor.py:914} INFO - Processing file /home/ruslan/.local/lib/python3.10/site-packages/airflow/example_dags/example_xcom.py for tasks to queue
[2025-03-22T10:07:35.161+0500] {logging_mixin.py:190} INFO - [2025-03-22T10:07:35.160+0500] {dagbag.py:588} INFO - Filling up the DagBag from /home/ruslan/.local/lib/python3.10/site-packages/airflow/example_dags/example_xcom.py
[2025-03-22T10:07:35.166+0500] {processor.py:925} INFO - DAG(s) 'example_xcom' retrieved from /home/ruslan/.local/lib/python3.10/site-packages/airflow/example_dags/example_xcom.py
[2025-03-22T10:07:35.222+0500] {logging_mixin.py:190} INFO - [2025-03-22T10:07:35.222+0500] {override.py:1930} INFO - Created Permission View: can delete on DAG:example_xcom
[2025-03-22T10:07:35.231+0500] {logging_mixin.py:190} INFO - [2025-03-22T10:07:35.230+0500] {override.py:1930} INFO - Created Permission View: can read on DAG:example_xcom
[2025-03-22T10:07:35.237+0500] {logging_mixin.py:190} INFO - [2025-03-22T10:07:35.237+0500] {override.py:1930} INFO - Created Permission View: can edit on DAG:example_xcom
[2025-03-22T10:07:35.249+0500] {logging_mixin.py:190} INFO - [2025-03-22T10:07:35.248+0500] {override.py:1930} INFO - Created Permission View: can create on DAG Run:example_xcom
[2025-03-22T10:07:35.255+0500] {logging_mixin.py:190} INFO - [2025-03-22T10:07:35.255+0500] {override.py:1930} INFO - Created Permission View: menu access on DAG Run:example_xcom
[2025-03-22T10:07:35.262+0500] {logging_mixin.py:190} INFO - [2025-03-22T10:07:35.262+0500] {override.py:1930} INFO - Created Permission View: can read on DAG Run:example_xcom
[2025-03-22T10:07:35.269+0500] {logging_mixin.py:190} INFO - [2025-03-22T10:07:35.269+0500] {override.py:1930} INFO - Created Permission View: can delete on DAG Run:example_xcom
[2025-03-22T10:07:35.269+0500] {logging_mixin.py:190} INFO - [2025-03-22T10:07:35.269+0500] {dag.py:3239} INFO - Sync 1 DAGs
[2025-03-22T10:07:35.276+0500] {logging_mixin.py:190} INFO - [2025-03-22T10:07:35.275+0500] {dag.py:3262} INFO - Creating ORM DAG for example_xcom
[2025-03-22T10:07:35.280+0500] {logging_mixin.py:190} INFO - [2025-03-22T10:07:35.280+0500] {dag.py:4180} INFO - Setting next_dagrun for example_xcom to 2021-01-01 00:00:00+00:00, run_after=2021-01-01 00:00:00+00:00
[2025-03-22T10:07:35.293+0500] {processor.py:208} INFO - Processing /home/ruslan/.local/lib/python3.10/site-packages/airflow/example_dags/example_xcom.py took 0.138 seconds
[2025-03-22T10:08:30.336+0500] {processor.py:186} INFO - Started process (PID=18650) to work on /home/ruslan/.local/lib/python3.10/site-packages/airflow/example_dags/example_xcom.py
[2025-03-22T10:08:30.337+0500] {processor.py:914} INFO - Processing file /home/ruslan/.local/lib/python3.10/site-packages/airflow/example_dags/example_xcom.py for tasks to queue
[2025-03-22T10:08:30.339+0500] {logging_mixin.py:190} INFO - [2025-03-22T10:08:30.339+0500] {dagbag.py:588} INFO - Filling up the DagBag from /home/ruslan/.local/lib/python3.10/site-packages/airflow/example_dags/example_xcom.py
[2025-03-22T10:08:30.345+0500] {processor.py:925} INFO - DAG(s) 'example_xcom' retrieved from /home/ruslan/.local/lib/python3.10/site-packages/airflow/example_dags/example_xcom.py
[2025-03-22T10:08:30.354+0500] {logging_mixin.py:190} INFO - [2025-03-22T10:08:30.354+0500] {dag.py:3239} INFO - Sync 1 DAGs
[2025-03-22T10:08:30.367+0500] {logging_mixin.py:190} INFO - [2025-03-22T10:08:30.366+0500] {dag.py:4180} INFO - Setting next_dagrun for example_xcom to 2021-01-01 00:00:00+00:00, run_after=2021-01-01 00:00:00+00:00
[2025-03-22T10:08:30.382+0500] {processor.py:208} INFO - Processing /home/ruslan/.local/lib/python3.10/site-packages/airflow/example_dags/example_xcom.py took 0.051 seconds
[2025-03-22T10:09:26.758+0500] {processor.py:186} INFO - Started process (PID=19247) to work on /home/ruslan/.local/lib/python3.10/site-packages/airflow/example_dags/example_xcom.py
[2025-03-22T10:09:26.759+0500] {processor.py:914} INFO - Processing file /home/ruslan/.local/lib/python3.10/site-packages/airflow/example_dags/example_xcom.py for tasks to queue
[2025-03-22T10:09:26.761+0500] {logging_mixin.py:190} INFO - [2025-03-22T10:09:26.760+0500] {dagbag.py:588} INFO - Filling up the DagBag from /home/ruslan/.local/lib/python3.10/site-packages/airflow/example_dags/example_xcom.py
[2025-03-22T10:09:26.766+0500] {processor.py:925} INFO - DAG(s) 'example_xcom' retrieved from /home/ruslan/.local/lib/python3.10/site-packages/airflow/example_dags/example_xcom.py
[2025-03-22T10:09:26.775+0500] {logging_mixin.py:190} INFO - [2025-03-22T10:09:26.774+0500] {dag.py:3239} INFO - Sync 1 DAGs
[2025-03-22T10:09:26.785+0500] {logging_mixin.py:190} INFO - [2025-03-22T10:09:26.785+0500] {dag.py:4180} INFO - Setting next_dagrun for example_xcom to 2021-01-01 00:00:00+00:00, run_after=2021-01-01 00:00:00+00:00
[2025-03-22T10:09:26.800+0500] {processor.py:208} INFO - Processing /home/ruslan/.local/lib/python3.10/site-packages/airflow/example_dags/example_xcom.py took 0.046 seconds
[2025-03-22T10:10:23.849+0500] {processor.py:186} INFO - Started process (PID=19851) to work on /home/ruslan/.local/lib/python3.10/site-packages/airflow/example_dags/example_xcom.py
[2025-03-22T10:10:23.850+0500] {processor.py:914} INFO - Processing file /home/ruslan/.local/lib/python3.10/site-packages/airflow/example_dags/example_xcom.py for tasks to queue
[2025-03-22T10:10:23.851+0500] {logging_mixin.py:190} INFO - [2025-03-22T10:10:23.851+0500] {dagbag.py:588} INFO - Filling up the DagBag from /home/ruslan/.local/lib/python3.10/site-packages/airflow/example_dags/example_xcom.py
[2025-03-22T10:10:23.859+0500] {processor.py:925} INFO - DAG(s) 'example_xcom' retrieved from /home/ruslan/.local/lib/python3.10/site-packages/airflow/example_dags/example_xcom.py
[2025-03-22T10:10:23.870+0500] {logging_mixin.py:190} INFO - [2025-03-22T10:10:23.870+0500] {dag.py:3239} INFO - Sync 1 DAGs
[2025-03-22T10:10:23.882+0500] {logging_mixin.py:190} INFO - [2025-03-22T10:10:23.882+0500] {dag.py:4180} INFO - Setting next_dagrun for example_xcom to 2021-01-01 00:00:00+00:00, run_after=2021-01-01 00:00:00+00:00
[2025-03-22T10:10:23.897+0500] {processor.py:208} INFO - Processing /home/ruslan/.local/lib/python3.10/site-packages/airflow/example_dags/example_xcom.py took 0.054 seconds
[2025-03-22T10:11:41.974+0500] {processor.py:186} INFO - Started process (PID=20637) to work on /home/ruslan/.local/lib/python3.10/site-packages/airflow/example_dags/example_xcom.py
[2025-03-22T10:11:41.975+0500] {processor.py:914} INFO - Processing file /home/ruslan/.local/lib/python3.10/site-packages/airflow/example_dags/example_xcom.py for tasks to queue
[2025-03-22T10:11:41.977+0500] {logging_mixin.py:190} INFO - [2025-03-22T10:11:41.977+0500] {dagbag.py:588} INFO - Filling up the DagBag from /home/ruslan/.local/lib/python3.10/site-packages/airflow/example_dags/example_xcom.py
[2025-03-22T10:11:41.982+0500] {processor.py:925} INFO - DAG(s) 'example_xcom' retrieved from /home/ruslan/.local/lib/python3.10/site-packages/airflow/example_dags/example_xcom.py
[2025-03-22T10:11:41.992+0500] {logging_mixin.py:190} INFO - [2025-03-22T10:11:41.991+0500] {dag.py:3239} INFO - Sync 1 DAGs
[2025-03-22T10:11:42.002+0500] {logging_mixin.py:190} INFO - [2025-03-22T10:11:42.002+0500] {dag.py:4180} INFO - Setting next_dagrun for example_xcom to 2021-01-01 00:00:00+00:00, run_after=2021-01-01 00:00:00+00:00
[2025-03-22T10:11:42.017+0500] {processor.py:208} INFO - Processing /home/ruslan/.local/lib/python3.10/site-packages/airflow/example_dags/example_xcom.py took 0.046 seconds
[2025-03-22T10:12:57.293+0500] {processor.py:186} INFO - Started process (PID=21442) to work on /home/ruslan/.local/lib/python3.10/site-packages/airflow/example_dags/example_xcom.py
[2025-03-22T10:12:57.294+0500] {processor.py:914} INFO - Processing file /home/ruslan/.local/lib/python3.10/site-packages/airflow/example_dags/example_xcom.py for tasks to queue
[2025-03-22T10:12:57.296+0500] {logging_mixin.py:190} INFO - [2025-03-22T10:12:57.295+0500] {dagbag.py:588} INFO - Filling up the DagBag from /home/ruslan/.local/lib/python3.10/site-packages/airflow/example_dags/example_xcom.py
[2025-03-22T10:12:57.301+0500] {processor.py:925} INFO - DAG(s) 'example_xcom' retrieved from /home/ruslan/.local/lib/python3.10/site-packages/airflow/example_dags/example_xcom.py
[2025-03-22T10:12:57.310+0500] {logging_mixin.py:190} INFO - [2025-03-22T10:12:57.310+0500] {dag.py:3239} INFO - Sync 1 DAGs
[2025-03-22T10:12:57.321+0500] {logging_mixin.py:190} INFO - [2025-03-22T10:12:57.321+0500] {dag.py:4180} INFO - Setting next_dagrun for example_xcom to 2021-01-01 00:00:00+00:00, run_after=2021-01-01 00:00:00+00:00
[2025-03-22T10:12:57.336+0500] {processor.py:208} INFO - Processing /home/ruslan/.local/lib/python3.10/site-packages/airflow/example_dags/example_xcom.py took 0.046 seconds
[2025-03-22T10:14:15.381+0500] {processor.py:186} INFO - Started process (PID=22223) to work on /home/ruslan/.local/lib/python3.10/site-packages/airflow/example_dags/example_xcom.py
[2025-03-22T10:14:15.382+0500] {processor.py:914} INFO - Processing file /home/ruslan/.local/lib/python3.10/site-packages/airflow/example_dags/example_xcom.py for tasks to queue
[2025-03-22T10:14:15.383+0500] {logging_mixin.py:190} INFO - [2025-03-22T10:14:15.383+0500] {dagbag.py:588} INFO - Filling up the DagBag from /home/ruslan/.local/lib/python3.10/site-packages/airflow/example_dags/example_xcom.py
[2025-03-22T10:14:15.389+0500] {processor.py:925} INFO - DAG(s) 'example_xcom' retrieved from /home/ruslan/.local/lib/python3.10/site-packages/airflow/example_dags/example_xcom.py
[2025-03-22T10:14:15.399+0500] {logging_mixin.py:190} INFO - [2025-03-22T10:14:15.398+0500] {dag.py:3239} INFO - Sync 1 DAGs
[2025-03-22T10:14:15.410+0500] {logging_mixin.py:190} INFO - [2025-03-22T10:14:15.410+0500] {dag.py:4180} INFO - Setting next_dagrun for example_xcom to 2021-01-01 00:00:00+00:00, run_after=2021-01-01 00:00:00+00:00
[2025-03-22T10:14:15.425+0500] {processor.py:208} INFO - Processing /home/ruslan/.local/lib/python3.10/site-packages/airflow/example_dags/example_xcom.py took 0.048 seconds
[2025-03-22T10:15:12.305+0500] {processor.py:186} INFO - Started process (PID=22824) to work on /home/ruslan/.local/lib/python3.10/site-packages/airflow/example_dags/example_xcom.py
[2025-03-22T10:15:12.307+0500] {processor.py:914} INFO - Processing file /home/ruslan/.local/lib/python3.10/site-packages/airflow/example_dags/example_xcom.py for tasks to queue
[2025-03-22T10:15:12.308+0500] {logging_mixin.py:190} INFO - [2025-03-22T10:15:12.308+0500] {dagbag.py:588} INFO - Filling up the DagBag from /home/ruslan/.local/lib/python3.10/site-packages/airflow/example_dags/example_xcom.py
[2025-03-22T10:15:12.314+0500] {processor.py:925} INFO - DAG(s) 'example_xcom' retrieved from /home/ruslan/.local/lib/python3.10/site-packages/airflow/example_dags/example_xcom.py
[2025-03-22T10:15:12.324+0500] {logging_mixin.py:190} INFO - [2025-03-22T10:15:12.324+0500] {dag.py:3239} INFO - Sync 1 DAGs
[2025-03-22T10:15:12.335+0500] {logging_mixin.py:190} INFO - [2025-03-22T10:15:12.335+0500] {dag.py:4180} INFO - Setting next_dagrun for example_xcom to 2021-01-01 00:00:00+00:00, run_after=2021-01-01 00:00:00+00:00
[2025-03-22T10:15:12.349+0500] {processor.py:208} INFO - Processing /home/ruslan/.local/lib/python3.10/site-packages/airflow/example_dags/example_xcom.py took 0.048 seconds
[2025-03-22T10:16:26.761+0500] {processor.py:186} INFO - Started process (PID=23622) to work on /home/ruslan/.local/lib/python3.10/site-packages/airflow/example_dags/example_xcom.py
[2025-03-22T10:16:26.762+0500] {processor.py:914} INFO - Processing file /home/ruslan/.local/lib/python3.10/site-packages/airflow/example_dags/example_xcom.py for tasks to queue
[2025-03-22T10:16:26.764+0500] {logging_mixin.py:190} INFO - [2025-03-22T10:16:26.764+0500] {dagbag.py:588} INFO - Filling up the DagBag from /home/ruslan/.local/lib/python3.10/site-packages/airflow/example_dags/example_xcom.py
[2025-03-22T10:16:26.769+0500] {processor.py:925} INFO - DAG(s) 'example_xcom' retrieved from /home/ruslan/.local/lib/python3.10/site-packages/airflow/example_dags/example_xcom.py
[2025-03-22T10:16:26.778+0500] {logging_mixin.py:190} INFO - [2025-03-22T10:16:26.778+0500] {dag.py:3239} INFO - Sync 1 DAGs
[2025-03-22T10:16:26.789+0500] {logging_mixin.py:190} INFO - [2025-03-22T10:16:26.789+0500] {dag.py:4180} INFO - Setting next_dagrun for example_xcom to 2021-01-01 00:00:00+00:00, run_after=2021-01-01 00:00:00+00:00
[2025-03-22T10:16:26.804+0500] {processor.py:208} INFO - Processing /home/ruslan/.local/lib/python3.10/site-packages/airflow/example_dags/example_xcom.py took 0.046 seconds
[2025-03-22T10:17:43.476+0500] {processor.py:186} INFO - Started process (PID=24418) to work on /home/ruslan/.local/lib/python3.10/site-packages/airflow/example_dags/example_xcom.py
[2025-03-22T10:17:43.477+0500] {processor.py:914} INFO - Processing file /home/ruslan/.local/lib/python3.10/site-packages/airflow/example_dags/example_xcom.py for tasks to queue
[2025-03-22T10:17:43.478+0500] {logging_mixin.py:190} INFO - [2025-03-22T10:17:43.478+0500] {dagbag.py:588} INFO - Filling up the DagBag from /home/ruslan/.local/lib/python3.10/site-packages/airflow/example_dags/example_xcom.py
[2025-03-22T10:17:43.484+0500] {processor.py:925} INFO - DAG(s) 'example_xcom' retrieved from /home/ruslan/.local/lib/python3.10/site-packages/airflow/example_dags/example_xcom.py
[2025-03-22T10:17:43.493+0500] {logging_mixin.py:190} INFO - [2025-03-22T10:17:43.493+0500] {dag.py:3239} INFO - Sync 1 DAGs
[2025-03-22T10:17:43.503+0500] {logging_mixin.py:190} INFO - [2025-03-22T10:17:43.503+0500] {dag.py:4180} INFO - Setting next_dagrun for example_xcom to 2021-01-01 00:00:00+00:00, run_after=2021-01-01 00:00:00+00:00
[2025-03-22T10:17:43.517+0500] {processor.py:208} INFO - Processing /home/ruslan/.local/lib/python3.10/site-packages/airflow/example_dags/example_xcom.py took 0.045 seconds
[2025-03-22T10:19:00.180+0500] {processor.py:186} INFO - Started process (PID=25243) to work on /home/ruslan/.local/lib/python3.10/site-packages/airflow/example_dags/example_xcom.py
[2025-03-22T10:19:00.181+0500] {processor.py:914} INFO - Processing file /home/ruslan/.local/lib/python3.10/site-packages/airflow/example_dags/example_xcom.py for tasks to queue
[2025-03-22T10:19:00.182+0500] {logging_mixin.py:190} INFO - [2025-03-22T10:19:00.182+0500] {dagbag.py:588} INFO - Filling up the DagBag from /home/ruslan/.local/lib/python3.10/site-packages/airflow/example_dags/example_xcom.py
[2025-03-22T10:19:00.188+0500] {processor.py:925} INFO - DAG(s) 'example_xcom' retrieved from /home/ruslan/.local/lib/python3.10/site-packages/airflow/example_dags/example_xcom.py
[2025-03-22T10:19:00.197+0500] {logging_mixin.py:190} INFO - [2025-03-22T10:19:00.197+0500] {dag.py:3239} INFO - Sync 1 DAGs
[2025-03-22T10:19:00.207+0500] {logging_mixin.py:190} INFO - [2025-03-22T10:19:00.207+0500] {dag.py:4180} INFO - Setting next_dagrun for example_xcom to 2021-01-01 00:00:00+00:00, run_after=2021-01-01 00:00:00+00:00
[2025-03-22T10:19:00.222+0500] {processor.py:208} INFO - Processing /home/ruslan/.local/lib/python3.10/site-packages/airflow/example_dags/example_xcom.py took 0.046 seconds
[2025-03-22T10:20:16.877+0500] {processor.py:186} INFO - Started process (PID=26036) to work on /home/ruslan/.local/lib/python3.10/site-packages/airflow/example_dags/example_xcom.py
[2025-03-22T10:20:16.878+0500] {processor.py:914} INFO - Processing file /home/ruslan/.local/lib/python3.10/site-packages/airflow/example_dags/example_xcom.py for tasks to queue
[2025-03-22T10:20:16.879+0500] {logging_mixin.py:190} INFO - [2025-03-22T10:20:16.879+0500] {dagbag.py:588} INFO - Filling up the DagBag from /home/ruslan/.local/lib/python3.10/site-packages/airflow/example_dags/example_xcom.py
[2025-03-22T10:20:16.885+0500] {processor.py:925} INFO - DAG(s) 'example_xcom' retrieved from /home/ruslan/.local/lib/python3.10/site-packages/airflow/example_dags/example_xcom.py
[2025-03-22T10:20:16.896+0500] {logging_mixin.py:190} INFO - [2025-03-22T10:20:16.896+0500] {dag.py:3239} INFO - Sync 1 DAGs
[2025-03-22T10:20:16.908+0500] {logging_mixin.py:190} INFO - [2025-03-22T10:20:16.908+0500] {dag.py:4180} INFO - Setting next_dagrun for example_xcom to 2021-01-01 00:00:00+00:00, run_after=2021-01-01 00:00:00+00:00
[2025-03-22T10:20:16.923+0500] {processor.py:208} INFO - Processing /home/ruslan/.local/lib/python3.10/site-packages/airflow/example_dags/example_xcom.py took 0.050 seconds
[2025-03-22T10:21:34.970+0500] {processor.py:186} INFO - Started process (PID=26929) to work on /home/ruslan/.local/lib/python3.10/site-packages/airflow/example_dags/example_xcom.py
[2025-03-22T10:21:34.971+0500] {processor.py:914} INFO - Processing file /home/ruslan/.local/lib/python3.10/site-packages/airflow/example_dags/example_xcom.py for tasks to queue
[2025-03-22T10:21:34.972+0500] {logging_mixin.py:190} INFO - [2025-03-22T10:21:34.972+0500] {dagbag.py:588} INFO - Filling up the DagBag from /home/ruslan/.local/lib/python3.10/site-packages/airflow/example_dags/example_xcom.py
[2025-03-22T10:21:34.978+0500] {processor.py:925} INFO - DAG(s) 'example_xcom' retrieved from /home/ruslan/.local/lib/python3.10/site-packages/airflow/example_dags/example_xcom.py
[2025-03-22T10:21:34.988+0500] {logging_mixin.py:190} INFO - [2025-03-22T10:21:34.987+0500] {dag.py:3239} INFO - Sync 1 DAGs
[2025-03-22T10:21:34.998+0500] {logging_mixin.py:190} INFO - [2025-03-22T10:21:34.998+0500] {dag.py:4180} INFO - Setting next_dagrun for example_xcom to 2021-01-01 00:00:00+00:00, run_after=2021-01-01 00:00:00+00:00
[2025-03-22T10:21:35.013+0500] {processor.py:208} INFO - Processing /home/ruslan/.local/lib/python3.10/site-packages/airflow/example_dags/example_xcom.py took 0.047 seconds
[2025-03-22T10:22:30.639+0500] {processor.py:186} INFO - Started process (PID=27474) to work on /home/ruslan/.local/lib/python3.10/site-packages/airflow/example_dags/example_xcom.py
[2025-03-22T10:22:30.640+0500] {processor.py:914} INFO - Processing file /home/ruslan/.local/lib/python3.10/site-packages/airflow/example_dags/example_xcom.py for tasks to queue
[2025-03-22T10:22:30.642+0500] {logging_mixin.py:190} INFO - [2025-03-22T10:22:30.641+0500] {dagbag.py:588} INFO - Filling up the DagBag from /home/ruslan/.local/lib/python3.10/site-packages/airflow/example_dags/example_xcom.py
[2025-03-22T10:22:30.647+0500] {processor.py:925} INFO - DAG(s) 'example_xcom' retrieved from /home/ruslan/.local/lib/python3.10/site-packages/airflow/example_dags/example_xcom.py
[2025-03-22T10:22:30.657+0500] {logging_mixin.py:190} INFO - [2025-03-22T10:22:30.657+0500] {dag.py:3239} INFO - Sync 1 DAGs
[2025-03-22T10:22:30.668+0500] {logging_mixin.py:190} INFO - [2025-03-22T10:22:30.668+0500] {dag.py:4180} INFO - Setting next_dagrun for example_xcom to 2021-01-01 00:00:00+00:00, run_after=2021-01-01 00:00:00+00:00
[2025-03-22T10:22:30.683+0500] {processor.py:208} INFO - Processing /home/ruslan/.local/lib/python3.10/site-packages/airflow/example_dags/example_xcom.py took 0.047 seconds
[2025-03-22T10:23:48.436+0500] {processor.py:186} INFO - Started process (PID=28287) to work on /home/ruslan/.local/lib/python3.10/site-packages/airflow/example_dags/example_xcom.py
[2025-03-22T10:23:48.438+0500] {processor.py:914} INFO - Processing file /home/ruslan/.local/lib/python3.10/site-packages/airflow/example_dags/example_xcom.py for tasks to queue
[2025-03-22T10:23:48.439+0500] {logging_mixin.py:190} INFO - [2025-03-22T10:23:48.439+0500] {dagbag.py:588} INFO - Filling up the DagBag from /home/ruslan/.local/lib/python3.10/site-packages/airflow/example_dags/example_xcom.py
[2025-03-22T10:23:48.445+0500] {processor.py:925} INFO - DAG(s) 'example_xcom' retrieved from /home/ruslan/.local/lib/python3.10/site-packages/airflow/example_dags/example_xcom.py
[2025-03-22T10:23:48.455+0500] {logging_mixin.py:190} INFO - [2025-03-22T10:23:48.455+0500] {dag.py:3239} INFO - Sync 1 DAGs
[2025-03-22T10:23:48.467+0500] {logging_mixin.py:190} INFO - [2025-03-22T10:23:48.467+0500] {dag.py:4180} INFO - Setting next_dagrun for example_xcom to 2021-01-01 00:00:00+00:00, run_after=2021-01-01 00:00:00+00:00
[2025-03-22T10:23:48.483+0500] {processor.py:208} INFO - Processing /home/ruslan/.local/lib/python3.10/site-packages/airflow/example_dags/example_xcom.py took 0.051 seconds
[2025-03-22T10:25:02.064+0500] {processor.py:186} INFO - Started process (PID=29110) to work on /home/ruslan/.local/lib/python3.10/site-packages/airflow/example_dags/example_xcom.py
[2025-03-22T10:25:02.065+0500] {processor.py:914} INFO - Processing file /home/ruslan/.local/lib/python3.10/site-packages/airflow/example_dags/example_xcom.py for tasks to queue
[2025-03-22T10:25:02.067+0500] {logging_mixin.py:190} INFO - [2025-03-22T10:25:02.066+0500] {dagbag.py:588} INFO - Filling up the DagBag from /home/ruslan/.local/lib/python3.10/site-packages/airflow/example_dags/example_xcom.py
[2025-03-22T10:25:02.073+0500] {processor.py:925} INFO - DAG(s) 'example_xcom' retrieved from /home/ruslan/.local/lib/python3.10/site-packages/airflow/example_dags/example_xcom.py
[2025-03-22T10:25:02.082+0500] {logging_mixin.py:190} INFO - [2025-03-22T10:25:02.082+0500] {dag.py:3239} INFO - Sync 1 DAGs
[2025-03-22T10:25:02.093+0500] {logging_mixin.py:190} INFO - [2025-03-22T10:25:02.093+0500] {dag.py:4180} INFO - Setting next_dagrun for example_xcom to 2021-01-01 00:00:00+00:00, run_after=2021-01-01 00:00:00+00:00
[2025-03-22T10:25:02.108+0500] {processor.py:208} INFO - Processing /home/ruslan/.local/lib/python3.10/site-packages/airflow/example_dags/example_xcom.py took 0.048 seconds
[2025-03-22T10:26:22.945+0500] {processor.py:186} INFO - Started process (PID=30489) to work on /home/ruslan/.local/lib/python3.10/site-packages/airflow/example_dags/example_xcom.py
[2025-03-22T10:26:22.946+0500] {processor.py:914} INFO - Processing file /home/ruslan/.local/lib/python3.10/site-packages/airflow/example_dags/example_xcom.py for tasks to queue
[2025-03-22T10:26:22.948+0500] {logging_mixin.py:190} INFO - [2025-03-22T10:26:22.948+0500] {dagbag.py:588} INFO - Filling up the DagBag from /home/ruslan/.local/lib/python3.10/site-packages/airflow/example_dags/example_xcom.py
[2025-03-22T10:26:22.953+0500] {processor.py:925} INFO - DAG(s) 'example_xcom' retrieved from /home/ruslan/.local/lib/python3.10/site-packages/airflow/example_dags/example_xcom.py
[2025-03-22T10:26:22.962+0500] {logging_mixin.py:190} INFO - [2025-03-22T10:26:22.962+0500] {dag.py:3239} INFO - Sync 1 DAGs
[2025-03-22T10:26:22.972+0500] {logging_mixin.py:190} INFO - [2025-03-22T10:26:22.972+0500] {dag.py:4180} INFO - Setting next_dagrun for example_xcom to 2021-01-01 00:00:00+00:00, run_after=2021-01-01 00:00:00+00:00
[2025-03-22T10:26:22.987+0500] {processor.py:208} INFO - Processing /home/ruslan/.local/lib/python3.10/site-packages/airflow/example_dags/example_xcom.py took 0.046 seconds
[2025-03-22T10:27:39.210+0500] {processor.py:186} INFO - Started process (PID=31237) to work on /home/ruslan/.local/lib/python3.10/site-packages/airflow/example_dags/example_xcom.py
[2025-03-22T10:27:39.211+0500] {processor.py:914} INFO - Processing file /home/ruslan/.local/lib/python3.10/site-packages/airflow/example_dags/example_xcom.py for tasks to queue
[2025-03-22T10:27:39.212+0500] {logging_mixin.py:190} INFO - [2025-03-22T10:27:39.212+0500] {dagbag.py:588} INFO - Filling up the DagBag from /home/ruslan/.local/lib/python3.10/site-packages/airflow/example_dags/example_xcom.py
[2025-03-22T10:27:39.218+0500] {processor.py:925} INFO - DAG(s) 'example_xcom' retrieved from /home/ruslan/.local/lib/python3.10/site-packages/airflow/example_dags/example_xcom.py
[2025-03-22T10:27:39.227+0500] {logging_mixin.py:190} INFO - [2025-03-22T10:27:39.227+0500] {dag.py:3239} INFO - Sync 1 DAGs
[2025-03-22T10:27:39.238+0500] {logging_mixin.py:190} INFO - [2025-03-22T10:27:39.238+0500] {dag.py:4180} INFO - Setting next_dagrun for example_xcom to 2021-01-01 00:00:00+00:00, run_after=2021-01-01 00:00:00+00:00
[2025-03-22T10:27:39.253+0500] {processor.py:208} INFO - Processing /home/ruslan/.local/lib/python3.10/site-packages/airflow/example_dags/example_xcom.py took 0.046 seconds
[2025-03-22T10:28:57.960+0500] {processor.py:186} INFO - Started process (PID=32226) to work on /home/ruslan/.local/lib/python3.10/site-packages/airflow/example_dags/example_xcom.py
[2025-03-22T10:28:57.961+0500] {processor.py:914} INFO - Processing file /home/ruslan/.local/lib/python3.10/site-packages/airflow/example_dags/example_xcom.py for tasks to queue
[2025-03-22T10:28:57.963+0500] {logging_mixin.py:190} INFO - [2025-03-22T10:28:57.963+0500] {dagbag.py:588} INFO - Filling up the DagBag from /home/ruslan/.local/lib/python3.10/site-packages/airflow/example_dags/example_xcom.py
[2025-03-22T10:28:57.968+0500] {processor.py:925} INFO - DAG(s) 'example_xcom' retrieved from /home/ruslan/.local/lib/python3.10/site-packages/airflow/example_dags/example_xcom.py
[2025-03-22T10:28:57.977+0500] {logging_mixin.py:190} INFO - [2025-03-22T10:28:57.977+0500] {dag.py:3239} INFO - Sync 1 DAGs
[2025-03-22T10:28:57.988+0500] {logging_mixin.py:190} INFO - [2025-03-22T10:28:57.988+0500] {dag.py:4180} INFO - Setting next_dagrun for example_xcom to 2021-01-01 00:00:00+00:00, run_after=2021-01-01 00:00:00+00:00
[2025-03-22T10:28:58.002+0500] {processor.py:208} INFO - Processing /home/ruslan/.local/lib/python3.10/site-packages/airflow/example_dags/example_xcom.py took 0.046 seconds
[2025-03-22T10:30:15.600+0500] {processor.py:186} INFO - Started process (PID=32873) to work on /home/ruslan/.local/lib/python3.10/site-packages/airflow/example_dags/example_xcom.py
[2025-03-22T10:30:15.601+0500] {processor.py:914} INFO - Processing file /home/ruslan/.local/lib/python3.10/site-packages/airflow/example_dags/example_xcom.py for tasks to queue
[2025-03-22T10:30:15.602+0500] {logging_mixin.py:190} INFO - [2025-03-22T10:30:15.602+0500] {dagbag.py:588} INFO - Filling up the DagBag from /home/ruslan/.local/lib/python3.10/site-packages/airflow/example_dags/example_xcom.py
[2025-03-22T10:30:15.608+0500] {processor.py:925} INFO - DAG(s) 'example_xcom' retrieved from /home/ruslan/.local/lib/python3.10/site-packages/airflow/example_dags/example_xcom.py
[2025-03-22T10:30:15.616+0500] {logging_mixin.py:190} INFO - [2025-03-22T10:30:15.616+0500] {dag.py:3239} INFO - Sync 1 DAGs
[2025-03-22T10:30:15.627+0500] {logging_mixin.py:190} INFO - [2025-03-22T10:30:15.627+0500] {dag.py:4180} INFO - Setting next_dagrun for example_xcom to 2021-01-01 00:00:00+00:00, run_after=2021-01-01 00:00:00+00:00
[2025-03-22T10:30:15.642+0500] {processor.py:208} INFO - Processing /home/ruslan/.local/lib/python3.10/site-packages/airflow/example_dags/example_xcom.py took 0.045 seconds
[2025-03-22T10:31:34.199+0500] {processor.py:186} INFO - Started process (PID=33561) to work on /home/ruslan/.local/lib/python3.10/site-packages/airflow/example_dags/example_xcom.py
[2025-03-22T10:31:34.200+0500] {processor.py:914} INFO - Processing file /home/ruslan/.local/lib/python3.10/site-packages/airflow/example_dags/example_xcom.py for tasks to queue
[2025-03-22T10:31:34.201+0500] {logging_mixin.py:190} INFO - [2025-03-22T10:31:34.201+0500] {dagbag.py:588} INFO - Filling up the DagBag from /home/ruslan/.local/lib/python3.10/site-packages/airflow/example_dags/example_xcom.py
[2025-03-22T10:31:34.207+0500] {processor.py:925} INFO - DAG(s) 'example_xcom' retrieved from /home/ruslan/.local/lib/python3.10/site-packages/airflow/example_dags/example_xcom.py
[2025-03-22T10:31:34.216+0500] {logging_mixin.py:190} INFO - [2025-03-22T10:31:34.216+0500] {dag.py:3239} INFO - Sync 1 DAGs
[2025-03-22T10:31:34.228+0500] {logging_mixin.py:190} INFO - [2025-03-22T10:31:34.227+0500] {dag.py:4180} INFO - Setting next_dagrun for example_xcom to 2021-01-01 00:00:00+00:00, run_after=2021-01-01 00:00:00+00:00
[2025-03-22T10:31:34.243+0500] {processor.py:208} INFO - Processing /home/ruslan/.local/lib/python3.10/site-packages/airflow/example_dags/example_xcom.py took 0.047 seconds
[2025-03-22T10:33:31.745+0500] {processor.py:186} INFO - Started process (PID=35136) to work on /home/ruslan/.local/lib/python3.10/site-packages/airflow/example_dags/example_xcom.py
[2025-03-22T10:33:31.746+0500] {processor.py:914} INFO - Processing file /home/ruslan/.local/lib/python3.10/site-packages/airflow/example_dags/example_xcom.py for tasks to queue
[2025-03-22T10:33:31.748+0500] {logging_mixin.py:190} INFO - [2025-03-22T10:33:31.747+0500] {dagbag.py:588} INFO - Filling up the DagBag from /home/ruslan/.local/lib/python3.10/site-packages/airflow/example_dags/example_xcom.py
[2025-03-22T10:33:31.753+0500] {processor.py:925} INFO - DAG(s) 'example_xcom' retrieved from /home/ruslan/.local/lib/python3.10/site-packages/airflow/example_dags/example_xcom.py
[2025-03-22T10:33:31.762+0500] {logging_mixin.py:190} INFO - [2025-03-22T10:33:31.762+0500] {dag.py:3239} INFO - Sync 1 DAGs
[2025-03-22T10:33:31.773+0500] {logging_mixin.py:190} INFO - [2025-03-22T10:33:31.772+0500] {dag.py:4180} INFO - Setting next_dagrun for example_xcom to 2021-01-01 00:00:00+00:00, run_after=2021-01-01 00:00:00+00:00
[2025-03-22T10:33:31.788+0500] {processor.py:208} INFO - Processing /home/ruslan/.local/lib/python3.10/site-packages/airflow/example_dags/example_xcom.py took 0.046 seconds
[2025-03-22T10:34:25.768+0500] {processor.py:186} INFO - Started process (PID=35811) to work on /home/ruslan/.local/lib/python3.10/site-packages/airflow/example_dags/example_xcom.py
[2025-03-22T10:34:25.769+0500] {processor.py:914} INFO - Processing file /home/ruslan/.local/lib/python3.10/site-packages/airflow/example_dags/example_xcom.py for tasks to queue
[2025-03-22T10:34:25.770+0500] {logging_mixin.py:190} INFO - [2025-03-22T10:34:25.770+0500] {dagbag.py:588} INFO - Filling up the DagBag from /home/ruslan/.local/lib/python3.10/site-packages/airflow/example_dags/example_xcom.py
[2025-03-22T10:34:25.776+0500] {processor.py:925} INFO - DAG(s) 'example_xcom' retrieved from /home/ruslan/.local/lib/python3.10/site-packages/airflow/example_dags/example_xcom.py
[2025-03-22T10:34:25.784+0500] {logging_mixin.py:190} INFO - [2025-03-22T10:34:25.784+0500] {dag.py:3239} INFO - Sync 1 DAGs
[2025-03-22T10:34:25.796+0500] {logging_mixin.py:190} INFO - [2025-03-22T10:34:25.795+0500] {dag.py:4180} INFO - Setting next_dagrun for example_xcom to 2021-01-01 00:00:00+00:00, run_after=2021-01-01 00:00:00+00:00
[2025-03-22T10:34:25.810+0500] {processor.py:208} INFO - Processing /home/ruslan/.local/lib/python3.10/site-packages/airflow/example_dags/example_xcom.py took 0.046 seconds
[2025-03-22T10:35:37.939+0500] {processor.py:186} INFO - Started process (PID=36676) to work on /home/ruslan/.local/lib/python3.10/site-packages/airflow/example_dags/example_xcom.py
[2025-03-22T10:35:37.940+0500] {processor.py:914} INFO - Processing file /home/ruslan/.local/lib/python3.10/site-packages/airflow/example_dags/example_xcom.py for tasks to queue
[2025-03-22T10:35:37.941+0500] {logging_mixin.py:190} INFO - [2025-03-22T10:35:37.941+0500] {dagbag.py:588} INFO - Filling up the DagBag from /home/ruslan/.local/lib/python3.10/site-packages/airflow/example_dags/example_xcom.py
[2025-03-22T10:35:37.947+0500] {processor.py:925} INFO - DAG(s) 'example_xcom' retrieved from /home/ruslan/.local/lib/python3.10/site-packages/airflow/example_dags/example_xcom.py
[2025-03-22T10:35:37.956+0500] {logging_mixin.py:190} INFO - [2025-03-22T10:35:37.956+0500] {dag.py:3239} INFO - Sync 1 DAGs
[2025-03-22T10:35:37.966+0500] {logging_mixin.py:190} INFO - [2025-03-22T10:35:37.966+0500] {dag.py:4180} INFO - Setting next_dagrun for example_xcom to 2021-01-01 00:00:00+00:00, run_after=2021-01-01 00:00:00+00:00
[2025-03-22T10:35:37.981+0500] {processor.py:208} INFO - Processing /home/ruslan/.local/lib/python3.10/site-packages/airflow/example_dags/example_xcom.py took 0.046 seconds
[2025-03-22T10:36:50.981+0500] {processor.py:186} INFO - Started process (PID=37310) to work on /home/ruslan/.local/lib/python3.10/site-packages/airflow/example_dags/example_xcom.py
[2025-03-22T10:36:50.982+0500] {processor.py:914} INFO - Processing file /home/ruslan/.local/lib/python3.10/site-packages/airflow/example_dags/example_xcom.py for tasks to queue
[2025-03-22T10:36:50.983+0500] {logging_mixin.py:190} INFO - [2025-03-22T10:36:50.983+0500] {dagbag.py:588} INFO - Filling up the DagBag from /home/ruslan/.local/lib/python3.10/site-packages/airflow/example_dags/example_xcom.py
[2025-03-22T10:36:50.990+0500] {processor.py:925} INFO - DAG(s) 'example_xcom' retrieved from /home/ruslan/.local/lib/python3.10/site-packages/airflow/example_dags/example_xcom.py
[2025-03-22T10:36:50.999+0500] {logging_mixin.py:190} INFO - [2025-03-22T10:36:50.999+0500] {dag.py:3239} INFO - Sync 1 DAGs
[2025-03-22T10:36:51.011+0500] {logging_mixin.py:190} INFO - [2025-03-22T10:36:51.011+0500] {dag.py:4180} INFO - Setting next_dagrun for example_xcom to 2021-01-01 00:00:00+00:00, run_after=2021-01-01 00:00:00+00:00
[2025-03-22T10:36:51.027+0500] {processor.py:208} INFO - Processing /home/ruslan/.local/lib/python3.10/site-packages/airflow/example_dags/example_xcom.py took 0.050 seconds
[2025-03-22T10:39:15.752+0500] {processor.py:186} INFO - Started process (PID=38903) to work on /home/ruslan/.local/lib/python3.10/site-packages/airflow/example_dags/example_xcom.py
[2025-03-22T10:39:15.754+0500] {processor.py:914} INFO - Processing file /home/ruslan/.local/lib/python3.10/site-packages/airflow/example_dags/example_xcom.py for tasks to queue
[2025-03-22T10:39:15.755+0500] {logging_mixin.py:190} INFO - [2025-03-22T10:39:15.755+0500] {dagbag.py:588} INFO - Filling up the DagBag from /home/ruslan/.local/lib/python3.10/site-packages/airflow/example_dags/example_xcom.py
[2025-03-22T10:39:15.760+0500] {processor.py:925} INFO - DAG(s) 'example_xcom' retrieved from /home/ruslan/.local/lib/python3.10/site-packages/airflow/example_dags/example_xcom.py
[2025-03-22T10:39:15.770+0500] {logging_mixin.py:190} INFO - [2025-03-22T10:39:15.770+0500] {dag.py:3239} INFO - Sync 1 DAGs
[2025-03-22T10:39:15.780+0500] {logging_mixin.py:190} INFO - [2025-03-22T10:39:15.780+0500] {dag.py:4180} INFO - Setting next_dagrun for example_xcom to 2021-01-01 00:00:00+00:00, run_after=2021-01-01 00:00:00+00:00
[2025-03-22T10:39:15.795+0500] {processor.py:208} INFO - Processing /home/ruslan/.local/lib/python3.10/site-packages/airflow/example_dags/example_xcom.py took 0.046 seconds
[2025-03-22T10:40:11.136+0500] {processor.py:186} INFO - Started process (PID=39611) to work on /home/ruslan/.local/lib/python3.10/site-packages/airflow/example_dags/example_xcom.py
[2025-03-22T10:40:11.137+0500] {processor.py:914} INFO - Processing file /home/ruslan/.local/lib/python3.10/site-packages/airflow/example_dags/example_xcom.py for tasks to queue
[2025-03-22T10:40:11.138+0500] {logging_mixin.py:190} INFO - [2025-03-22T10:40:11.138+0500] {dagbag.py:588} INFO - Filling up the DagBag from /home/ruslan/.local/lib/python3.10/site-packages/airflow/example_dags/example_xcom.py
[2025-03-22T10:40:11.144+0500] {processor.py:925} INFO - DAG(s) 'example_xcom' retrieved from /home/ruslan/.local/lib/python3.10/site-packages/airflow/example_dags/example_xcom.py
[2025-03-22T10:40:11.153+0500] {logging_mixin.py:190} INFO - [2025-03-22T10:40:11.153+0500] {dag.py:3239} INFO - Sync 1 DAGs
[2025-03-22T10:40:11.164+0500] {logging_mixin.py:190} INFO - [2025-03-22T10:40:11.163+0500] {dag.py:4180} INFO - Setting next_dagrun for example_xcom to 2021-01-01 00:00:00+00:00, run_after=2021-01-01 00:00:00+00:00
[2025-03-22T10:40:11.178+0500] {processor.py:208} INFO - Processing /home/ruslan/.local/lib/python3.10/site-packages/airflow/example_dags/example_xcom.py took 0.046 seconds
[2025-03-22T10:41:34.419+0500] {processor.py:186} INFO - Started process (PID=40473) to work on /home/ruslan/.local/lib/python3.10/site-packages/airflow/example_dags/example_xcom.py
[2025-03-22T10:41:34.421+0500] {processor.py:914} INFO - Processing file /home/ruslan/.local/lib/python3.10/site-packages/airflow/example_dags/example_xcom.py for tasks to queue
[2025-03-22T10:41:34.422+0500] {logging_mixin.py:190} INFO - [2025-03-22T10:41:34.422+0500] {dagbag.py:588} INFO - Filling up the DagBag from /home/ruslan/.local/lib/python3.10/site-packages/airflow/example_dags/example_xcom.py
[2025-03-22T10:41:34.428+0500] {processor.py:925} INFO - DAG(s) 'example_xcom' retrieved from /home/ruslan/.local/lib/python3.10/site-packages/airflow/example_dags/example_xcom.py
[2025-03-22T10:41:34.436+0500] {logging_mixin.py:190} INFO - [2025-03-22T10:41:34.436+0500] {dag.py:3239} INFO - Sync 1 DAGs
[2025-03-22T10:41:34.447+0500] {logging_mixin.py:190} INFO - [2025-03-22T10:41:34.447+0500] {dag.py:4180} INFO - Setting next_dagrun for example_xcom to 2021-01-01 00:00:00+00:00, run_after=2021-01-01 00:00:00+00:00
[2025-03-22T10:41:34.462+0500] {processor.py:208} INFO - Processing /home/ruslan/.local/lib/python3.10/site-packages/airflow/example_dags/example_xcom.py took 0.046 seconds
[2025-03-22T10:42:30.006+0500] {processor.py:186} INFO - Started process (PID=41275) to work on /home/ruslan/.local/lib/python3.10/site-packages/airflow/example_dags/example_xcom.py
[2025-03-22T10:42:30.007+0500] {processor.py:914} INFO - Processing file /home/ruslan/.local/lib/python3.10/site-packages/airflow/example_dags/example_xcom.py for tasks to queue
[2025-03-22T10:42:30.009+0500] {logging_mixin.py:190} INFO - [2025-03-22T10:42:30.008+0500] {dagbag.py:588} INFO - Filling up the DagBag from /home/ruslan/.local/lib/python3.10/site-packages/airflow/example_dags/example_xcom.py
[2025-03-22T10:42:30.014+0500] {processor.py:925} INFO - DAG(s) 'example_xcom' retrieved from /home/ruslan/.local/lib/python3.10/site-packages/airflow/example_dags/example_xcom.py
[2025-03-22T10:42:30.024+0500] {logging_mixin.py:190} INFO - [2025-03-22T10:42:30.023+0500] {dag.py:3239} INFO - Sync 1 DAGs
[2025-03-22T10:42:30.034+0500] {logging_mixin.py:190} INFO - [2025-03-22T10:42:30.034+0500] {dag.py:4180} INFO - Setting next_dagrun for example_xcom to 2021-01-01 00:00:00+00:00, run_after=2021-01-01 00:00:00+00:00
[2025-03-22T10:42:30.050+0500] {processor.py:208} INFO - Processing /home/ruslan/.local/lib/python3.10/site-packages/airflow/example_dags/example_xcom.py took 0.047 seconds
[2025-03-22T10:43:26.400+0500] {processor.py:186} INFO - Started process (PID=41984) to work on /home/ruslan/.local/lib/python3.10/site-packages/airflow/example_dags/example_xcom.py
[2025-03-22T10:43:26.402+0500] {processor.py:914} INFO - Processing file /home/ruslan/.local/lib/python3.10/site-packages/airflow/example_dags/example_xcom.py for tasks to queue
[2025-03-22T10:43:26.403+0500] {logging_mixin.py:190} INFO - [2025-03-22T10:43:26.403+0500] {dagbag.py:588} INFO - Filling up the DagBag from /home/ruslan/.local/lib/python3.10/site-packages/airflow/example_dags/example_xcom.py
[2025-03-22T10:43:26.409+0500] {processor.py:925} INFO - DAG(s) 'example_xcom' retrieved from /home/ruslan/.local/lib/python3.10/site-packages/airflow/example_dags/example_xcom.py
[2025-03-22T10:43:26.418+0500] {logging_mixin.py:190} INFO - [2025-03-22T10:43:26.418+0500] {dag.py:3239} INFO - Sync 1 DAGs
[2025-03-22T10:43:26.428+0500] {logging_mixin.py:190} INFO - [2025-03-22T10:43:26.428+0500] {dag.py:4180} INFO - Setting next_dagrun for example_xcom to 2021-01-01 00:00:00+00:00, run_after=2021-01-01 00:00:00+00:00
[2025-03-22T10:43:26.443+0500] {processor.py:208} INFO - Processing /home/ruslan/.local/lib/python3.10/site-packages/airflow/example_dags/example_xcom.py took 0.046 seconds
[2025-03-22T10:44:24.032+0500] {processor.py:186} INFO - Started process (PID=42660) to work on /home/ruslan/.local/lib/python3.10/site-packages/airflow/example_dags/example_xcom.py
[2025-03-22T10:44:24.033+0500] {processor.py:914} INFO - Processing file /home/ruslan/.local/lib/python3.10/site-packages/airflow/example_dags/example_xcom.py for tasks to queue
[2025-03-22T10:44:24.034+0500] {logging_mixin.py:190} INFO - [2025-03-22T10:44:24.034+0500] {dagbag.py:588} INFO - Filling up the DagBag from /home/ruslan/.local/lib/python3.10/site-packages/airflow/example_dags/example_xcom.py
[2025-03-22T10:44:24.041+0500] {processor.py:925} INFO - DAG(s) 'example_xcom' retrieved from /home/ruslan/.local/lib/python3.10/site-packages/airflow/example_dags/example_xcom.py
[2025-03-22T10:44:24.051+0500] {logging_mixin.py:190} INFO - [2025-03-22T10:44:24.051+0500] {dag.py:3239} INFO - Sync 1 DAGs
[2025-03-22T10:44:24.064+0500] {logging_mixin.py:190} INFO - [2025-03-22T10:44:24.063+0500] {dag.py:4180} INFO - Setting next_dagrun for example_xcom to 2021-01-01 00:00:00+00:00, run_after=2021-01-01 00:00:00+00:00
[2025-03-22T10:44:24.079+0500] {processor.py:208} INFO - Processing /home/ruslan/.local/lib/python3.10/site-packages/airflow/example_dags/example_xcom.py took 0.051 seconds
[2025-03-22T10:45:44.938+0500] {processor.py:186} INFO - Started process (PID=43681) to work on /home/ruslan/.local/lib/python3.10/site-packages/airflow/example_dags/example_xcom.py
[2025-03-22T10:45:44.939+0500] {processor.py:914} INFO - Processing file /home/ruslan/.local/lib/python3.10/site-packages/airflow/example_dags/example_xcom.py for tasks to queue
[2025-03-22T10:45:44.940+0500] {logging_mixin.py:190} INFO - [2025-03-22T10:45:44.940+0500] {dagbag.py:588} INFO - Filling up the DagBag from /home/ruslan/.local/lib/python3.10/site-packages/airflow/example_dags/example_xcom.py
[2025-03-22T10:45:44.946+0500] {processor.py:925} INFO - DAG(s) 'example_xcom' retrieved from /home/ruslan/.local/lib/python3.10/site-packages/airflow/example_dags/example_xcom.py
[2025-03-22T10:45:44.955+0500] {logging_mixin.py:190} INFO - [2025-03-22T10:45:44.954+0500] {dag.py:3239} INFO - Sync 1 DAGs
[2025-03-22T10:45:44.965+0500] {logging_mixin.py:190} INFO - [2025-03-22T10:45:44.965+0500] {dag.py:4180} INFO - Setting next_dagrun for example_xcom to 2021-01-01 00:00:00+00:00, run_after=2021-01-01 00:00:00+00:00
[2025-03-22T10:45:44.980+0500] {processor.py:208} INFO - Processing /home/ruslan/.local/lib/python3.10/site-packages/airflow/example_dags/example_xcom.py took 0.045 seconds
[2025-03-22T10:46:40.723+0500] {processor.py:186} INFO - Started process (PID=44374) to work on /home/ruslan/.local/lib/python3.10/site-packages/airflow/example_dags/example_xcom.py
[2025-03-22T10:46:40.724+0500] {processor.py:914} INFO - Processing file /home/ruslan/.local/lib/python3.10/site-packages/airflow/example_dags/example_xcom.py for tasks to queue
[2025-03-22T10:46:40.725+0500] {logging_mixin.py:190} INFO - [2025-03-22T10:46:40.725+0500] {dagbag.py:588} INFO - Filling up the DagBag from /home/ruslan/.local/lib/python3.10/site-packages/airflow/example_dags/example_xcom.py
[2025-03-22T10:46:40.731+0500] {processor.py:925} INFO - DAG(s) 'example_xcom' retrieved from /home/ruslan/.local/lib/python3.10/site-packages/airflow/example_dags/example_xcom.py
[2025-03-22T10:46:40.740+0500] {logging_mixin.py:190} INFO - [2025-03-22T10:46:40.740+0500] {dag.py:3239} INFO - Sync 1 DAGs
[2025-03-22T10:46:40.750+0500] {logging_mixin.py:190} INFO - [2025-03-22T10:46:40.750+0500] {dag.py:4180} INFO - Setting next_dagrun for example_xcom to 2021-01-01 00:00:00+00:00, run_after=2021-01-01 00:00:00+00:00
[2025-03-22T10:46:40.765+0500] {processor.py:208} INFO - Processing /home/ruslan/.local/lib/python3.10/site-packages/airflow/example_dags/example_xcom.py took 0.046 seconds
[2025-03-22T10:47:38.289+0500] {processor.py:186} INFO - Started process (PID=45104) to work on /home/ruslan/.local/lib/python3.10/site-packages/airflow/example_dags/example_xcom.py
[2025-03-22T10:47:38.290+0500] {processor.py:914} INFO - Processing file /home/ruslan/.local/lib/python3.10/site-packages/airflow/example_dags/example_xcom.py for tasks to queue
[2025-03-22T10:47:38.291+0500] {logging_mixin.py:190} INFO - [2025-03-22T10:47:38.291+0500] {dagbag.py:588} INFO - Filling up the DagBag from /home/ruslan/.local/lib/python3.10/site-packages/airflow/example_dags/example_xcom.py
[2025-03-22T10:47:38.297+0500] {processor.py:925} INFO - DAG(s) 'example_xcom' retrieved from /home/ruslan/.local/lib/python3.10/site-packages/airflow/example_dags/example_xcom.py
[2025-03-22T10:47:38.305+0500] {logging_mixin.py:190} INFO - [2025-03-22T10:47:38.305+0500] {dag.py:3239} INFO - Sync 1 DAGs
[2025-03-22T10:47:38.316+0500] {logging_mixin.py:190} INFO - [2025-03-22T10:47:38.316+0500] {dag.py:4180} INFO - Setting next_dagrun for example_xcom to 2021-01-01 00:00:00+00:00, run_after=2021-01-01 00:00:00+00:00
[2025-03-22T10:47:38.331+0500] {processor.py:208} INFO - Processing /home/ruslan/.local/lib/python3.10/site-packages/airflow/example_dags/example_xcom.py took 0.047 seconds
[2025-03-22T10:48:31.968+0500] {processor.py:186} INFO - Started process (PID=45747) to work on /home/ruslan/.local/lib/python3.10/site-packages/airflow/example_dags/example_xcom.py
[2025-03-22T10:48:31.969+0500] {processor.py:914} INFO - Processing file /home/ruslan/.local/lib/python3.10/site-packages/airflow/example_dags/example_xcom.py for tasks to queue
[2025-03-22T10:48:31.970+0500] {logging_mixin.py:190} INFO - [2025-03-22T10:48:31.970+0500] {dagbag.py:588} INFO - Filling up the DagBag from /home/ruslan/.local/lib/python3.10/site-packages/airflow/example_dags/example_xcom.py
[2025-03-22T10:48:31.976+0500] {processor.py:925} INFO - DAG(s) 'example_xcom' retrieved from /home/ruslan/.local/lib/python3.10/site-packages/airflow/example_dags/example_xcom.py
[2025-03-22T10:48:31.986+0500] {logging_mixin.py:190} INFO - [2025-03-22T10:48:31.986+0500] {dag.py:3239} INFO - Sync 1 DAGs
[2025-03-22T10:48:31.998+0500] {logging_mixin.py:190} INFO - [2025-03-22T10:48:31.998+0500] {dag.py:4180} INFO - Setting next_dagrun for example_xcom to 2021-01-01 00:00:00+00:00, run_after=2021-01-01 00:00:00+00:00
[2025-03-22T10:48:32.013+0500] {processor.py:208} INFO - Processing /home/ruslan/.local/lib/python3.10/site-packages/airflow/example_dags/example_xcom.py took 0.049 seconds
[2025-03-22T12:47:20.929+0500] {processor.py:186} INFO - Started process (PID=1118) to work on /home/ruslan/.local/lib/python3.10/site-packages/airflow/example_dags/example_xcom.py
[2025-03-22T12:47:20.930+0500] {processor.py:914} INFO - Processing file /home/ruslan/.local/lib/python3.10/site-packages/airflow/example_dags/example_xcom.py for tasks to queue
[2025-03-22T12:47:20.932+0500] {logging_mixin.py:190} INFO - [2025-03-22T12:47:20.931+0500] {dagbag.py:588} INFO - Filling up the DagBag from /home/ruslan/.local/lib/python3.10/site-packages/airflow/example_dags/example_xcom.py
[2025-03-22T12:47:20.937+0500] {processor.py:925} INFO - DAG(s) 'example_xcom' retrieved from /home/ruslan/.local/lib/python3.10/site-packages/airflow/example_dags/example_xcom.py
[2025-03-22T12:47:20.947+0500] {logging_mixin.py:190} INFO - [2025-03-22T12:47:20.947+0500] {dag.py:3239} INFO - Sync 1 DAGs
[2025-03-22T12:47:20.957+0500] {logging_mixin.py:190} INFO - [2025-03-22T12:47:20.957+0500] {dag.py:4180} INFO - Setting next_dagrun for example_xcom to 2021-01-01 00:00:00+00:00, run_after=2021-01-01 00:00:00+00:00
[2025-03-22T12:47:20.972+0500] {processor.py:208} INFO - Processing /home/ruslan/.local/lib/python3.10/site-packages/airflow/example_dags/example_xcom.py took 0.046 seconds
[2025-03-22T12:48:17.168+0500] {processor.py:186} INFO - Started process (PID=6335) to work on /home/ruslan/.local/lib/python3.10/site-packages/airflow/example_dags/example_xcom.py
[2025-03-22T12:48:17.170+0500] {processor.py:914} INFO - Processing file /home/ruslan/.local/lib/python3.10/site-packages/airflow/example_dags/example_xcom.py for tasks to queue
[2025-03-22T12:48:17.171+0500] {logging_mixin.py:190} INFO - [2025-03-22T12:48:17.171+0500] {dagbag.py:588} INFO - Filling up the DagBag from /home/ruslan/.local/lib/python3.10/site-packages/airflow/example_dags/example_xcom.py
[2025-03-22T12:48:17.176+0500] {processor.py:925} INFO - DAG(s) 'example_xcom' retrieved from /home/ruslan/.local/lib/python3.10/site-packages/airflow/example_dags/example_xcom.py
[2025-03-22T12:48:17.185+0500] {logging_mixin.py:190} INFO - [2025-03-22T12:48:17.185+0500] {dag.py:3239} INFO - Sync 1 DAGs
[2025-03-22T12:48:17.196+0500] {logging_mixin.py:190} INFO - [2025-03-22T12:48:17.196+0500] {dag.py:4180} INFO - Setting next_dagrun for example_xcom to 2021-01-01 00:00:00+00:00, run_after=2021-01-01 00:00:00+00:00
[2025-03-22T12:48:17.210+0500] {processor.py:208} INFO - Processing /home/ruslan/.local/lib/python3.10/site-packages/airflow/example_dags/example_xcom.py took 0.045 seconds
[2025-03-22T12:49:32.717+0500] {processor.py:186} INFO - Started process (PID=7364) to work on /home/ruslan/.local/lib/python3.10/site-packages/airflow/example_dags/example_xcom.py
[2025-03-22T12:49:32.718+0500] {processor.py:914} INFO - Processing file /home/ruslan/.local/lib/python3.10/site-packages/airflow/example_dags/example_xcom.py for tasks to queue
[2025-03-22T12:49:32.719+0500] {logging_mixin.py:190} INFO - [2025-03-22T12:49:32.719+0500] {dagbag.py:588} INFO - Filling up the DagBag from /home/ruslan/.local/lib/python3.10/site-packages/airflow/example_dags/example_xcom.py
[2025-03-22T12:49:32.724+0500] {processor.py:925} INFO - DAG(s) 'example_xcom' retrieved from /home/ruslan/.local/lib/python3.10/site-packages/airflow/example_dags/example_xcom.py
[2025-03-22T12:49:32.733+0500] {logging_mixin.py:190} INFO - [2025-03-22T12:49:32.733+0500] {dag.py:3239} INFO - Sync 1 DAGs
[2025-03-22T12:49:32.743+0500] {logging_mixin.py:190} INFO - [2025-03-22T12:49:32.743+0500] {dag.py:4180} INFO - Setting next_dagrun for example_xcom to 2021-01-01 00:00:00+00:00, run_after=2021-01-01 00:00:00+00:00
[2025-03-22T12:49:32.757+0500] {processor.py:208} INFO - Processing /home/ruslan/.local/lib/python3.10/site-packages/airflow/example_dags/example_xcom.py took 0.044 seconds
[2025-03-22T12:51:43.159+0500] {processor.py:186} INFO - Started process (PID=9349) to work on /home/ruslan/.local/lib/python3.10/site-packages/airflow/example_dags/example_xcom.py
[2025-03-22T12:51:43.160+0500] {processor.py:914} INFO - Processing file /home/ruslan/.local/lib/python3.10/site-packages/airflow/example_dags/example_xcom.py for tasks to queue
[2025-03-22T12:51:43.161+0500] {logging_mixin.py:190} INFO - [2025-03-22T12:51:43.161+0500] {dagbag.py:588} INFO - Filling up the DagBag from /home/ruslan/.local/lib/python3.10/site-packages/airflow/example_dags/example_xcom.py
[2025-03-22T12:51:43.167+0500] {processor.py:925} INFO - DAG(s) 'example_xcom' retrieved from /home/ruslan/.local/lib/python3.10/site-packages/airflow/example_dags/example_xcom.py
[2025-03-22T12:51:43.176+0500] {logging_mixin.py:190} INFO - [2025-03-22T12:51:43.176+0500] {dag.py:3239} INFO - Sync 1 DAGs
[2025-03-22T12:51:43.187+0500] {logging_mixin.py:190} INFO - [2025-03-22T12:51:43.187+0500] {dag.py:4180} INFO - Setting next_dagrun for example_xcom to 2021-01-01 00:00:00+00:00, run_after=2021-01-01 00:00:00+00:00
[2025-03-22T12:51:43.200+0500] {processor.py:208} INFO - Processing /home/ruslan/.local/lib/python3.10/site-packages/airflow/example_dags/example_xcom.py took 0.045 seconds
