[2025-03-22T10:07:12.709+0500] {processor.py:186} INFO - Started process (PID=17821) to work on /home/ruslan/.local/lib/python3.10/site-packages/airflow/example_dags/tutorial_dag.py
[2025-03-22T10:07:12.709+0500] {processor.py:914} INFO - Processing file /home/ruslan/.local/lib/python3.10/site-packages/airflow/example_dags/tutorial_dag.py for tasks to queue
[2025-03-22T10:07:12.711+0500] {logging_mixin.py:190} INFO - [2025-03-22T10:07:12.711+0500] {dagbag.py:588} INFO - Filling up the DagBag from /home/ruslan/.local/lib/python3.10/site-packages/airflow/example_dags/tutorial_dag.py
[2025-03-22T10:07:12.715+0500] {processor.py:925} INFO - DAG(s) 'tutorial_dag' retrieved from /home/ruslan/.local/lib/python3.10/site-packages/airflow/example_dags/tutorial_dag.py
[2025-03-22T10:07:12.772+0500] {logging_mixin.py:190} INFO - [2025-03-22T10:07:12.771+0500] {override.py:1930} INFO - Created Permission View: can delete on DAG:tutorial_dag
[2025-03-22T10:07:12.780+0500] {logging_mixin.py:190} INFO - [2025-03-22T10:07:12.780+0500] {override.py:1930} INFO - Created Permission View: can read on DAG:tutorial_dag
[2025-03-22T10:07:12.788+0500] {logging_mixin.py:190} INFO - [2025-03-22T10:07:12.787+0500] {override.py:1930} INFO - Created Permission View: can edit on DAG:tutorial_dag
[2025-03-22T10:07:12.799+0500] {logging_mixin.py:190} INFO - [2025-03-22T10:07:12.799+0500] {override.py:1930} INFO - Created Permission View: can create on DAG Run:tutorial_dag
[2025-03-22T10:07:12.806+0500] {logging_mixin.py:190} INFO - [2025-03-22T10:07:12.806+0500] {override.py:1930} INFO - Created Permission View: menu access on DAG Run:tutorial_dag
[2025-03-22T10:07:12.813+0500] {logging_mixin.py:190} INFO - [2025-03-22T10:07:12.813+0500] {override.py:1930} INFO - Created Permission View: can read on DAG Run:tutorial_dag
[2025-03-22T10:07:12.820+0500] {logging_mixin.py:190} INFO - [2025-03-22T10:07:12.820+0500] {override.py:1930} INFO - Created Permission View: can delete on DAG Run:tutorial_dag
[2025-03-22T10:07:12.820+0500] {logging_mixin.py:190} INFO - [2025-03-22T10:07:12.820+0500] {dag.py:3239} INFO - Sync 1 DAGs
[2025-03-22T10:07:12.828+0500] {logging_mixin.py:190} INFO - [2025-03-22T10:07:12.827+0500] {dag.py:3262} INFO - Creating ORM DAG for tutorial_dag
[2025-03-22T10:07:12.828+0500] {logging_mixin.py:190} INFO - [2025-03-22T10:07:12.828+0500] {dag.py:4180} INFO - Setting next_dagrun for tutorial_dag to None, run_after=None
[2025-03-22T10:07:12.841+0500] {processor.py:208} INFO - Processing /home/ruslan/.local/lib/python3.10/site-packages/airflow/example_dags/tutorial_dag.py took 0.135 seconds
[2025-03-22T10:08:11.052+0500] {processor.py:186} INFO - Started process (PID=18407) to work on /home/ruslan/.local/lib/python3.10/site-packages/airflow/example_dags/tutorial_dag.py
[2025-03-22T10:08:11.053+0500] {processor.py:914} INFO - Processing file /home/ruslan/.local/lib/python3.10/site-packages/airflow/example_dags/tutorial_dag.py for tasks to queue
[2025-03-22T10:08:11.055+0500] {logging_mixin.py:190} INFO - [2025-03-22T10:08:11.055+0500] {dagbag.py:588} INFO - Filling up the DagBag from /home/ruslan/.local/lib/python3.10/site-packages/airflow/example_dags/tutorial_dag.py
[2025-03-22T10:08:11.060+0500] {processor.py:925} INFO - DAG(s) 'tutorial_dag' retrieved from /home/ruslan/.local/lib/python3.10/site-packages/airflow/example_dags/tutorial_dag.py
[2025-03-22T10:08:11.070+0500] {logging_mixin.py:190} INFO - [2025-03-22T10:08:11.069+0500] {dag.py:3239} INFO - Sync 1 DAGs
[2025-03-22T10:08:11.078+0500] {logging_mixin.py:190} INFO - [2025-03-22T10:08:11.077+0500] {dag.py:4180} INFO - Setting next_dagrun for tutorial_dag to None, run_after=None
[2025-03-22T10:08:11.095+0500] {processor.py:208} INFO - Processing /home/ruslan/.local/lib/python3.10/site-packages/airflow/example_dags/tutorial_dag.py took 0.047 seconds
[2025-03-22T10:09:08.270+0500] {processor.py:186} INFO - Started process (PID=19070) to work on /home/ruslan/.local/lib/python3.10/site-packages/airflow/example_dags/tutorial_dag.py
[2025-03-22T10:09:08.271+0500] {processor.py:914} INFO - Processing file /home/ruslan/.local/lib/python3.10/site-packages/airflow/example_dags/tutorial_dag.py for tasks to queue
[2025-03-22T10:09:08.273+0500] {logging_mixin.py:190} INFO - [2025-03-22T10:09:08.272+0500] {dagbag.py:588} INFO - Filling up the DagBag from /home/ruslan/.local/lib/python3.10/site-packages/airflow/example_dags/tutorial_dag.py
[2025-03-22T10:09:08.278+0500] {processor.py:925} INFO - DAG(s) 'tutorial_dag' retrieved from /home/ruslan/.local/lib/python3.10/site-packages/airflow/example_dags/tutorial_dag.py
[2025-03-22T10:09:08.288+0500] {logging_mixin.py:190} INFO - [2025-03-22T10:09:08.288+0500] {dag.py:3239} INFO - Sync 1 DAGs
[2025-03-22T10:09:08.296+0500] {logging_mixin.py:190} INFO - [2025-03-22T10:09:08.295+0500] {dag.py:4180} INFO - Setting next_dagrun for tutorial_dag to None, run_after=None
[2025-03-22T10:09:08.314+0500] {processor.py:208} INFO - Processing /home/ruslan/.local/lib/python3.10/site-packages/airflow/example_dags/tutorial_dag.py took 0.047 seconds
[2025-03-22T10:10:04.991+0500] {processor.py:186} INFO - Started process (PID=19671) to work on /home/ruslan/.local/lib/python3.10/site-packages/airflow/example_dags/tutorial_dag.py
[2025-03-22T10:10:04.992+0500] {processor.py:914} INFO - Processing file /home/ruslan/.local/lib/python3.10/site-packages/airflow/example_dags/tutorial_dag.py for tasks to queue
[2025-03-22T10:10:04.994+0500] {logging_mixin.py:190} INFO - [2025-03-22T10:10:04.993+0500] {dagbag.py:588} INFO - Filling up the DagBag from /home/ruslan/.local/lib/python3.10/site-packages/airflow/example_dags/tutorial_dag.py
[2025-03-22T10:10:04.999+0500] {processor.py:925} INFO - DAG(s) 'tutorial_dag' retrieved from /home/ruslan/.local/lib/python3.10/site-packages/airflow/example_dags/tutorial_dag.py
[2025-03-22T10:10:05.009+0500] {logging_mixin.py:190} INFO - [2025-03-22T10:10:05.008+0500] {dag.py:3239} INFO - Sync 1 DAGs
[2025-03-22T10:10:05.016+0500] {logging_mixin.py:190} INFO - [2025-03-22T10:10:05.016+0500] {dag.py:4180} INFO - Setting next_dagrun for tutorial_dag to None, run_after=None
[2025-03-22T10:10:05.035+0500] {processor.py:208} INFO - Processing /home/ruslan/.local/lib/python3.10/site-packages/airflow/example_dags/tutorial_dag.py took 0.049 seconds
[2025-03-22T10:11:00.329+0500] {processor.py:186} INFO - Started process (PID=20192) to work on /home/ruslan/.local/lib/python3.10/site-packages/airflow/example_dags/tutorial_dag.py
[2025-03-22T10:11:00.330+0500] {processor.py:914} INFO - Processing file /home/ruslan/.local/lib/python3.10/site-packages/airflow/example_dags/tutorial_dag.py for tasks to queue
[2025-03-22T10:11:00.331+0500] {logging_mixin.py:190} INFO - [2025-03-22T10:11:00.331+0500] {dagbag.py:588} INFO - Filling up the DagBag from /home/ruslan/.local/lib/python3.10/site-packages/airflow/example_dags/tutorial_dag.py
[2025-03-22T10:11:00.336+0500] {processor.py:925} INFO - DAG(s) 'tutorial_dag' retrieved from /home/ruslan/.local/lib/python3.10/site-packages/airflow/example_dags/tutorial_dag.py
[2025-03-22T10:11:00.345+0500] {logging_mixin.py:190} INFO - [2025-03-22T10:11:00.345+0500] {dag.py:3239} INFO - Sync 1 DAGs
[2025-03-22T10:11:00.353+0500] {logging_mixin.py:190} INFO - [2025-03-22T10:11:00.353+0500] {dag.py:4180} INFO - Setting next_dagrun for tutorial_dag to None, run_after=None
[2025-03-22T10:11:00.368+0500] {processor.py:208} INFO - Processing /home/ruslan/.local/lib/python3.10/site-packages/airflow/example_dags/tutorial_dag.py took 0.043 seconds
[2025-03-22T10:11:53.230+0500] {processor.py:186} INFO - Started process (PID=20781) to work on /home/ruslan/.local/lib/python3.10/site-packages/airflow/example_dags/tutorial_dag.py
[2025-03-22T10:11:53.232+0500] {processor.py:914} INFO - Processing file /home/ruslan/.local/lib/python3.10/site-packages/airflow/example_dags/tutorial_dag.py for tasks to queue
[2025-03-22T10:11:53.233+0500] {logging_mixin.py:190} INFO - [2025-03-22T10:11:53.233+0500] {dagbag.py:588} INFO - Filling up the DagBag from /home/ruslan/.local/lib/python3.10/site-packages/airflow/example_dags/tutorial_dag.py
[2025-03-22T10:11:53.237+0500] {processor.py:925} INFO - DAG(s) 'tutorial_dag' retrieved from /home/ruslan/.local/lib/python3.10/site-packages/airflow/example_dags/tutorial_dag.py
[2025-03-22T10:11:53.245+0500] {logging_mixin.py:190} INFO - [2025-03-22T10:11:53.245+0500] {dag.py:3239} INFO - Sync 1 DAGs
[2025-03-22T10:11:53.253+0500] {logging_mixin.py:190} INFO - [2025-03-22T10:11:53.252+0500] {dag.py:4180} INFO - Setting next_dagrun for tutorial_dag to None, run_after=None
[2025-03-22T10:11:53.268+0500] {processor.py:208} INFO - Processing /home/ruslan/.local/lib/python3.10/site-packages/airflow/example_dags/tutorial_dag.py took 0.042 seconds
[2025-03-22T10:12:41.595+0500] {processor.py:186} INFO - Started process (PID=21266) to work on /home/ruslan/.local/lib/python3.10/site-packages/airflow/example_dags/tutorial_dag.py
[2025-03-22T10:12:41.596+0500] {processor.py:914} INFO - Processing file /home/ruslan/.local/lib/python3.10/site-packages/airflow/example_dags/tutorial_dag.py for tasks to queue
[2025-03-22T10:12:41.598+0500] {logging_mixin.py:190} INFO - [2025-03-22T10:12:41.598+0500] {dagbag.py:588} INFO - Filling up the DagBag from /home/ruslan/.local/lib/python3.10/site-packages/airflow/example_dags/tutorial_dag.py
[2025-03-22T10:12:41.603+0500] {processor.py:925} INFO - DAG(s) 'tutorial_dag' retrieved from /home/ruslan/.local/lib/python3.10/site-packages/airflow/example_dags/tutorial_dag.py
[2025-03-22T10:12:41.612+0500] {logging_mixin.py:190} INFO - [2025-03-22T10:12:41.612+0500] {dag.py:3239} INFO - Sync 1 DAGs
[2025-03-22T10:12:41.619+0500] {logging_mixin.py:190} INFO - [2025-03-22T10:12:41.619+0500] {dag.py:4180} INFO - Setting next_dagrun for tutorial_dag to None, run_after=None
[2025-03-22T10:12:41.636+0500] {processor.py:208} INFO - Processing /home/ruslan/.local/lib/python3.10/site-packages/airflow/example_dags/tutorial_dag.py took 0.044 seconds
[2025-03-22T10:13:36.652+0500] {processor.py:186} INFO - Started process (PID=21865) to work on /home/ruslan/.local/lib/python3.10/site-packages/airflow/example_dags/tutorial_dag.py
[2025-03-22T10:13:36.653+0500] {processor.py:914} INFO - Processing file /home/ruslan/.local/lib/python3.10/site-packages/airflow/example_dags/tutorial_dag.py for tasks to queue
[2025-03-22T10:13:36.654+0500] {logging_mixin.py:190} INFO - [2025-03-22T10:13:36.654+0500] {dagbag.py:588} INFO - Filling up the DagBag from /home/ruslan/.local/lib/python3.10/site-packages/airflow/example_dags/tutorial_dag.py
[2025-03-22T10:13:36.658+0500] {processor.py:925} INFO - DAG(s) 'tutorial_dag' retrieved from /home/ruslan/.local/lib/python3.10/site-packages/airflow/example_dags/tutorial_dag.py
[2025-03-22T10:13:36.667+0500] {logging_mixin.py:190} INFO - [2025-03-22T10:13:36.666+0500] {dag.py:3239} INFO - Sync 1 DAGs
[2025-03-22T10:13:36.673+0500] {logging_mixin.py:190} INFO - [2025-03-22T10:13:36.673+0500] {dag.py:4180} INFO - Setting next_dagrun for tutorial_dag to None, run_after=None
[2025-03-22T10:13:36.688+0500] {processor.py:208} INFO - Processing /home/ruslan/.local/lib/python3.10/site-packages/airflow/example_dags/tutorial_dag.py took 0.040 seconds
[2025-03-22T10:14:30.788+0500] {processor.py:186} INFO - Started process (PID=22390) to work on /home/ruslan/.local/lib/python3.10/site-packages/airflow/example_dags/tutorial_dag.py
[2025-03-22T10:14:30.789+0500] {processor.py:914} INFO - Processing file /home/ruslan/.local/lib/python3.10/site-packages/airflow/example_dags/tutorial_dag.py for tasks to queue
[2025-03-22T10:14:30.791+0500] {logging_mixin.py:190} INFO - [2025-03-22T10:14:30.791+0500] {dagbag.py:588} INFO - Filling up the DagBag from /home/ruslan/.local/lib/python3.10/site-packages/airflow/example_dags/tutorial_dag.py
[2025-03-22T10:14:30.796+0500] {processor.py:925} INFO - DAG(s) 'tutorial_dag' retrieved from /home/ruslan/.local/lib/python3.10/site-packages/airflow/example_dags/tutorial_dag.py
[2025-03-22T10:14:30.805+0500] {logging_mixin.py:190} INFO - [2025-03-22T10:14:30.805+0500] {dag.py:3239} INFO - Sync 1 DAGs
[2025-03-22T10:14:30.813+0500] {logging_mixin.py:190} INFO - [2025-03-22T10:14:30.813+0500] {dag.py:4180} INFO - Setting next_dagrun for tutorial_dag to None, run_after=None
[2025-03-22T10:14:30.828+0500] {processor.py:208} INFO - Processing /home/ruslan/.local/lib/python3.10/site-packages/airflow/example_dags/tutorial_dag.py took 0.043 seconds
[2025-03-22T10:15:24.675+0500] {processor.py:186} INFO - Started process (PID=22978) to work on /home/ruslan/.local/lib/python3.10/site-packages/airflow/example_dags/tutorial_dag.py
[2025-03-22T10:15:24.676+0500] {processor.py:914} INFO - Processing file /home/ruslan/.local/lib/python3.10/site-packages/airflow/example_dags/tutorial_dag.py for tasks to queue
[2025-03-22T10:15:24.677+0500] {logging_mixin.py:190} INFO - [2025-03-22T10:15:24.677+0500] {dagbag.py:588} INFO - Filling up the DagBag from /home/ruslan/.local/lib/python3.10/site-packages/airflow/example_dags/tutorial_dag.py
[2025-03-22T10:15:24.681+0500] {processor.py:925} INFO - DAG(s) 'tutorial_dag' retrieved from /home/ruslan/.local/lib/python3.10/site-packages/airflow/example_dags/tutorial_dag.py
[2025-03-22T10:15:24.690+0500] {logging_mixin.py:190} INFO - [2025-03-22T10:15:24.689+0500] {dag.py:3239} INFO - Sync 1 DAGs
[2025-03-22T10:15:24.697+0500] {logging_mixin.py:190} INFO - [2025-03-22T10:15:24.696+0500] {dag.py:4180} INFO - Setting next_dagrun for tutorial_dag to None, run_after=None
[2025-03-22T10:15:24.712+0500] {processor.py:208} INFO - Processing /home/ruslan/.local/lib/python3.10/site-packages/airflow/example_dags/tutorial_dag.py took 0.041 seconds
[2025-03-22T10:16:14.087+0500] {processor.py:186} INFO - Started process (PID=23473) to work on /home/ruslan/.local/lib/python3.10/site-packages/airflow/example_dags/tutorial_dag.py
[2025-03-22T10:16:14.088+0500] {processor.py:914} INFO - Processing file /home/ruslan/.local/lib/python3.10/site-packages/airflow/example_dags/tutorial_dag.py for tasks to queue
[2025-03-22T10:16:14.089+0500] {logging_mixin.py:190} INFO - [2025-03-22T10:16:14.089+0500] {dagbag.py:588} INFO - Filling up the DagBag from /home/ruslan/.local/lib/python3.10/site-packages/airflow/example_dags/tutorial_dag.py
[2025-03-22T10:16:14.094+0500] {processor.py:925} INFO - DAG(s) 'tutorial_dag' retrieved from /home/ruslan/.local/lib/python3.10/site-packages/airflow/example_dags/tutorial_dag.py
[2025-03-22T10:16:14.102+0500] {logging_mixin.py:190} INFO - [2025-03-22T10:16:14.102+0500] {dag.py:3239} INFO - Sync 1 DAGs
[2025-03-22T10:16:14.109+0500] {logging_mixin.py:190} INFO - [2025-03-22T10:16:14.109+0500] {dag.py:4180} INFO - Setting next_dagrun for tutorial_dag to None, run_after=None
[2025-03-22T10:16:14.124+0500] {processor.py:208} INFO - Processing /home/ruslan/.local/lib/python3.10/site-packages/airflow/example_dags/tutorial_dag.py took 0.041 seconds
[2025-03-22T10:17:04.704+0500] {processor.py:186} INFO - Started process (PID=24063) to work on /home/ruslan/.local/lib/python3.10/site-packages/airflow/example_dags/tutorial_dag.py
[2025-03-22T10:17:04.705+0500] {processor.py:914} INFO - Processing file /home/ruslan/.local/lib/python3.10/site-packages/airflow/example_dags/tutorial_dag.py for tasks to queue
[2025-03-22T10:17:04.707+0500] {logging_mixin.py:190} INFO - [2025-03-22T10:17:04.707+0500] {dagbag.py:588} INFO - Filling up the DagBag from /home/ruslan/.local/lib/python3.10/site-packages/airflow/example_dags/tutorial_dag.py
[2025-03-22T10:17:04.711+0500] {processor.py:925} INFO - DAG(s) 'tutorial_dag' retrieved from /home/ruslan/.local/lib/python3.10/site-packages/airflow/example_dags/tutorial_dag.py
[2025-03-22T10:17:04.720+0500] {logging_mixin.py:190} INFO - [2025-03-22T10:17:04.720+0500] {dag.py:3239} INFO - Sync 1 DAGs
[2025-03-22T10:17:04.727+0500] {logging_mixin.py:190} INFO - [2025-03-22T10:17:04.727+0500] {dag.py:4180} INFO - Setting next_dagrun for tutorial_dag to None, run_after=None
[2025-03-22T10:17:04.741+0500] {processor.py:208} INFO - Processing /home/ruslan/.local/lib/python3.10/site-packages/airflow/example_dags/tutorial_dag.py took 0.041 seconds
[2025-03-22T10:17:57.476+0500] {processor.py:186} INFO - Started process (PID=24581) to work on /home/ruslan/.local/lib/python3.10/site-packages/airflow/example_dags/tutorial_dag.py
[2025-03-22T10:17:57.477+0500] {processor.py:914} INFO - Processing file /home/ruslan/.local/lib/python3.10/site-packages/airflow/example_dags/tutorial_dag.py for tasks to queue
[2025-03-22T10:17:57.478+0500] {logging_mixin.py:190} INFO - [2025-03-22T10:17:57.478+0500] {dagbag.py:588} INFO - Filling up the DagBag from /home/ruslan/.local/lib/python3.10/site-packages/airflow/example_dags/tutorial_dag.py
[2025-03-22T10:17:57.483+0500] {processor.py:925} INFO - DAG(s) 'tutorial_dag' retrieved from /home/ruslan/.local/lib/python3.10/site-packages/airflow/example_dags/tutorial_dag.py
[2025-03-22T10:17:57.492+0500] {logging_mixin.py:190} INFO - [2025-03-22T10:17:57.491+0500] {dag.py:3239} INFO - Sync 1 DAGs
[2025-03-22T10:17:57.499+0500] {logging_mixin.py:190} INFO - [2025-03-22T10:17:57.498+0500] {dag.py:4180} INFO - Setting next_dagrun for tutorial_dag to None, run_after=None
[2025-03-22T10:17:57.515+0500] {processor.py:208} INFO - Processing /home/ruslan/.local/lib/python3.10/site-packages/airflow/example_dags/tutorial_dag.py took 0.043 seconds
[2025-03-22T10:18:49.605+0500] {processor.py:186} INFO - Started process (PID=25186) to work on /home/ruslan/.local/lib/python3.10/site-packages/airflow/example_dags/tutorial_dag.py
[2025-03-22T10:18:49.606+0500] {processor.py:914} INFO - Processing file /home/ruslan/.local/lib/python3.10/site-packages/airflow/example_dags/tutorial_dag.py for tasks to queue
[2025-03-22T10:18:49.607+0500] {logging_mixin.py:190} INFO - [2025-03-22T10:18:49.607+0500] {dagbag.py:588} INFO - Filling up the DagBag from /home/ruslan/.local/lib/python3.10/site-packages/airflow/example_dags/tutorial_dag.py
[2025-03-22T10:18:49.612+0500] {processor.py:925} INFO - DAG(s) 'tutorial_dag' retrieved from /home/ruslan/.local/lib/python3.10/site-packages/airflow/example_dags/tutorial_dag.py
[2025-03-22T10:18:49.620+0500] {logging_mixin.py:190} INFO - [2025-03-22T10:18:49.620+0500] {dag.py:3239} INFO - Sync 1 DAGs
[2025-03-22T10:18:49.627+0500] {logging_mixin.py:190} INFO - [2025-03-22T10:18:49.627+0500] {dag.py:4180} INFO - Setting next_dagrun for tutorial_dag to None, run_after=None
[2025-03-22T10:18:49.642+0500] {processor.py:208} INFO - Processing /home/ruslan/.local/lib/python3.10/site-packages/airflow/example_dags/tutorial_dag.py took 0.040 seconds
[2025-03-22T10:19:38.327+0500] {processor.py:186} INFO - Started process (PID=25670) to work on /home/ruslan/.local/lib/python3.10/site-packages/airflow/example_dags/tutorial_dag.py
[2025-03-22T10:19:38.328+0500] {processor.py:914} INFO - Processing file /home/ruslan/.local/lib/python3.10/site-packages/airflow/example_dags/tutorial_dag.py for tasks to queue
[2025-03-22T10:19:38.330+0500] {logging_mixin.py:190} INFO - [2025-03-22T10:19:38.329+0500] {dagbag.py:588} INFO - Filling up the DagBag from /home/ruslan/.local/lib/python3.10/site-packages/airflow/example_dags/tutorial_dag.py
[2025-03-22T10:19:38.338+0500] {processor.py:925} INFO - DAG(s) 'tutorial_dag' retrieved from /home/ruslan/.local/lib/python3.10/site-packages/airflow/example_dags/tutorial_dag.py
[2025-03-22T10:19:38.350+0500] {logging_mixin.py:190} INFO - [2025-03-22T10:19:38.350+0500] {dag.py:3239} INFO - Sync 1 DAGs
[2025-03-22T10:19:38.360+0500] {logging_mixin.py:190} INFO - [2025-03-22T10:19:38.359+0500] {dag.py:4180} INFO - Setting next_dagrun for tutorial_dag to None, run_after=None
[2025-03-22T10:19:38.375+0500] {processor.py:208} INFO - Processing /home/ruslan/.local/lib/python3.10/site-packages/airflow/example_dags/tutorial_dag.py took 0.054 seconds
[2025-03-22T10:20:32.304+0500] {processor.py:186} INFO - Started process (PID=26214) to work on /home/ruslan/.local/lib/python3.10/site-packages/airflow/example_dags/tutorial_dag.py
[2025-03-22T10:20:32.305+0500] {processor.py:914} INFO - Processing file /home/ruslan/.local/lib/python3.10/site-packages/airflow/example_dags/tutorial_dag.py for tasks to queue
[2025-03-22T10:20:32.307+0500] {logging_mixin.py:190} INFO - [2025-03-22T10:20:32.306+0500] {dagbag.py:588} INFO - Filling up the DagBag from /home/ruslan/.local/lib/python3.10/site-packages/airflow/example_dags/tutorial_dag.py
[2025-03-22T10:20:32.312+0500] {processor.py:925} INFO - DAG(s) 'tutorial_dag' retrieved from /home/ruslan/.local/lib/python3.10/site-packages/airflow/example_dags/tutorial_dag.py
[2025-03-22T10:20:32.321+0500] {logging_mixin.py:190} INFO - [2025-03-22T10:20:32.321+0500] {dag.py:3239} INFO - Sync 1 DAGs
[2025-03-22T10:20:32.329+0500] {logging_mixin.py:190} INFO - [2025-03-22T10:20:32.328+0500] {dag.py:4180} INFO - Setting next_dagrun for tutorial_dag to None, run_after=None
[2025-03-22T10:20:32.344+0500] {processor.py:208} INFO - Processing /home/ruslan/.local/lib/python3.10/site-packages/airflow/example_dags/tutorial_dag.py took 0.044 seconds
[2025-03-22T10:21:23.567+0500] {processor.py:186} INFO - Started process (PID=26799) to work on /home/ruslan/.local/lib/python3.10/site-packages/airflow/example_dags/tutorial_dag.py
[2025-03-22T10:21:23.568+0500] {processor.py:914} INFO - Processing file /home/ruslan/.local/lib/python3.10/site-packages/airflow/example_dags/tutorial_dag.py for tasks to queue
[2025-03-22T10:21:23.569+0500] {logging_mixin.py:190} INFO - [2025-03-22T10:21:23.569+0500] {dagbag.py:588} INFO - Filling up the DagBag from /home/ruslan/.local/lib/python3.10/site-packages/airflow/example_dags/tutorial_dag.py
[2025-03-22T10:21:23.574+0500] {processor.py:925} INFO - DAG(s) 'tutorial_dag' retrieved from /home/ruslan/.local/lib/python3.10/site-packages/airflow/example_dags/tutorial_dag.py
[2025-03-22T10:21:23.582+0500] {logging_mixin.py:190} INFO - [2025-03-22T10:21:23.582+0500] {dag.py:3239} INFO - Sync 1 DAGs
[2025-03-22T10:21:23.590+0500] {logging_mixin.py:190} INFO - [2025-03-22T10:21:23.590+0500] {dag.py:4180} INFO - Setting next_dagrun for tutorial_dag to None, run_after=None
[2025-03-22T10:21:23.605+0500] {processor.py:208} INFO - Processing /home/ruslan/.local/lib/python3.10/site-packages/airflow/example_dags/tutorial_dag.py took 0.042 seconds
[2025-03-22T10:22:17.774+0500] {processor.py:186} INFO - Started process (PID=27318) to work on /home/ruslan/.local/lib/python3.10/site-packages/airflow/example_dags/tutorial_dag.py
[2025-03-22T10:22:17.775+0500] {processor.py:914} INFO - Processing file /home/ruslan/.local/lib/python3.10/site-packages/airflow/example_dags/tutorial_dag.py for tasks to queue
[2025-03-22T10:22:17.776+0500] {logging_mixin.py:190} INFO - [2025-03-22T10:22:17.776+0500] {dagbag.py:588} INFO - Filling up the DagBag from /home/ruslan/.local/lib/python3.10/site-packages/airflow/example_dags/tutorial_dag.py
[2025-03-22T10:22:17.781+0500] {processor.py:925} INFO - DAG(s) 'tutorial_dag' retrieved from /home/ruslan/.local/lib/python3.10/site-packages/airflow/example_dags/tutorial_dag.py
[2025-03-22T10:22:17.790+0500] {logging_mixin.py:190} INFO - [2025-03-22T10:22:17.790+0500] {dag.py:3239} INFO - Sync 1 DAGs
[2025-03-22T10:22:17.797+0500] {logging_mixin.py:190} INFO - [2025-03-22T10:22:17.797+0500] {dag.py:4180} INFO - Setting next_dagrun for tutorial_dag to None, run_after=None
[2025-03-22T10:22:17.812+0500] {processor.py:208} INFO - Processing /home/ruslan/.local/lib/python3.10/site-packages/airflow/example_dags/tutorial_dag.py took 0.042 seconds
[2025-03-22T10:23:10.425+0500] {processor.py:186} INFO - Started process (PID=27923) to work on /home/ruslan/.local/lib/python3.10/site-packages/airflow/example_dags/tutorial_dag.py
[2025-03-22T10:23:10.426+0500] {processor.py:914} INFO - Processing file /home/ruslan/.local/lib/python3.10/site-packages/airflow/example_dags/tutorial_dag.py for tasks to queue
[2025-03-22T10:23:10.427+0500] {logging_mixin.py:190} INFO - [2025-03-22T10:23:10.427+0500] {dagbag.py:588} INFO - Filling up the DagBag from /home/ruslan/.local/lib/python3.10/site-packages/airflow/example_dags/tutorial_dag.py
[2025-03-22T10:23:10.432+0500] {processor.py:925} INFO - DAG(s) 'tutorial_dag' retrieved from /home/ruslan/.local/lib/python3.10/site-packages/airflow/example_dags/tutorial_dag.py
[2025-03-22T10:23:10.440+0500] {logging_mixin.py:190} INFO - [2025-03-22T10:23:10.440+0500] {dag.py:3239} INFO - Sync 1 DAGs
[2025-03-22T10:23:10.447+0500] {logging_mixin.py:190} INFO - [2025-03-22T10:23:10.447+0500] {dag.py:4180} INFO - Setting next_dagrun for tutorial_dag to None, run_after=None
[2025-03-22T10:23:10.461+0500] {processor.py:208} INFO - Processing /home/ruslan/.local/lib/python3.10/site-packages/airflow/example_dags/tutorial_dag.py took 0.040 seconds
[2025-03-22T10:24:02.434+0500] {processor.py:186} INFO - Started process (PID=28453) to work on /home/ruslan/.local/lib/python3.10/site-packages/airflow/example_dags/tutorial_dag.py
[2025-03-22T10:24:02.435+0500] {processor.py:914} INFO - Processing file /home/ruslan/.local/lib/python3.10/site-packages/airflow/example_dags/tutorial_dag.py for tasks to queue
[2025-03-22T10:24:02.437+0500] {logging_mixin.py:190} INFO - [2025-03-22T10:24:02.436+0500] {dagbag.py:588} INFO - Filling up the DagBag from /home/ruslan/.local/lib/python3.10/site-packages/airflow/example_dags/tutorial_dag.py
[2025-03-22T10:24:02.441+0500] {processor.py:925} INFO - DAG(s) 'tutorial_dag' retrieved from /home/ruslan/.local/lib/python3.10/site-packages/airflow/example_dags/tutorial_dag.py
[2025-03-22T10:24:02.449+0500] {logging_mixin.py:190} INFO - [2025-03-22T10:24:02.449+0500] {dag.py:3239} INFO - Sync 1 DAGs
[2025-03-22T10:24:02.456+0500] {logging_mixin.py:190} INFO - [2025-03-22T10:24:02.456+0500] {dag.py:4180} INFO - Setting next_dagrun for tutorial_dag to None, run_after=None
[2025-03-22T10:24:02.471+0500] {processor.py:208} INFO - Processing /home/ruslan/.local/lib/python3.10/site-packages/airflow/example_dags/tutorial_dag.py took 0.041 seconds
[2025-03-22T10:24:52.918+0500] {processor.py:186} INFO - Started process (PID=29061) to work on /home/ruslan/.local/lib/python3.10/site-packages/airflow/example_dags/tutorial_dag.py
[2025-03-22T10:24:52.920+0500] {processor.py:914} INFO - Processing file /home/ruslan/.local/lib/python3.10/site-packages/airflow/example_dags/tutorial_dag.py for tasks to queue
[2025-03-22T10:24:52.921+0500] {logging_mixin.py:190} INFO - [2025-03-22T10:24:52.921+0500] {dagbag.py:588} INFO - Filling up the DagBag from /home/ruslan/.local/lib/python3.10/site-packages/airflow/example_dags/tutorial_dag.py
[2025-03-22T10:24:52.926+0500] {processor.py:925} INFO - DAG(s) 'tutorial_dag' retrieved from /home/ruslan/.local/lib/python3.10/site-packages/airflow/example_dags/tutorial_dag.py
[2025-03-22T10:24:52.935+0500] {logging_mixin.py:190} INFO - [2025-03-22T10:24:52.935+0500] {dag.py:3239} INFO - Sync 1 DAGs
[2025-03-22T10:24:52.943+0500] {logging_mixin.py:190} INFO - [2025-03-22T10:24:52.943+0500] {dag.py:4180} INFO - Setting next_dagrun for tutorial_dag to None, run_after=None
[2025-03-22T10:24:52.957+0500] {processor.py:208} INFO - Processing /home/ruslan/.local/lib/python3.10/site-packages/airflow/example_dags/tutorial_dag.py took 0.043 seconds
[2025-03-22T10:25:43.149+0500] {processor.py:186} INFO - Started process (PID=29565) to work on /home/ruslan/.local/lib/python3.10/site-packages/airflow/example_dags/tutorial_dag.py
[2025-03-22T10:25:43.150+0500] {processor.py:914} INFO - Processing file /home/ruslan/.local/lib/python3.10/site-packages/airflow/example_dags/tutorial_dag.py for tasks to queue
[2025-03-22T10:25:43.152+0500] {logging_mixin.py:190} INFO - [2025-03-22T10:25:43.151+0500] {dagbag.py:588} INFO - Filling up the DagBag from /home/ruslan/.local/lib/python3.10/site-packages/airflow/example_dags/tutorial_dag.py
[2025-03-22T10:25:43.156+0500] {processor.py:925} INFO - DAG(s) 'tutorial_dag' retrieved from /home/ruslan/.local/lib/python3.10/site-packages/airflow/example_dags/tutorial_dag.py
[2025-03-22T10:25:43.165+0500] {logging_mixin.py:190} INFO - [2025-03-22T10:25:43.165+0500] {dag.py:3239} INFO - Sync 1 DAGs
[2025-03-22T10:25:43.172+0500] {logging_mixin.py:190} INFO - [2025-03-22T10:25:43.172+0500] {dag.py:4180} INFO - Setting next_dagrun for tutorial_dag to None, run_after=None
[2025-03-22T10:25:43.187+0500] {processor.py:208} INFO - Processing /home/ruslan/.local/lib/python3.10/site-packages/airflow/example_dags/tutorial_dag.py took 0.041 seconds
[2025-03-22T10:26:37.312+0500] {processor.py:186} INFO - Started process (PID=30639) to work on /home/ruslan/.local/lib/python3.10/site-packages/airflow/example_dags/tutorial_dag.py
[2025-03-22T10:26:37.313+0500] {processor.py:914} INFO - Processing file /home/ruslan/.local/lib/python3.10/site-packages/airflow/example_dags/tutorial_dag.py for tasks to queue
[2025-03-22T10:26:37.315+0500] {logging_mixin.py:190} INFO - [2025-03-22T10:26:37.315+0500] {dagbag.py:588} INFO - Filling up the DagBag from /home/ruslan/.local/lib/python3.10/site-packages/airflow/example_dags/tutorial_dag.py
[2025-03-22T10:26:37.320+0500] {processor.py:925} INFO - DAG(s) 'tutorial_dag' retrieved from /home/ruslan/.local/lib/python3.10/site-packages/airflow/example_dags/tutorial_dag.py
[2025-03-22T10:26:37.328+0500] {logging_mixin.py:190} INFO - [2025-03-22T10:26:37.328+0500] {dag.py:3239} INFO - Sync 1 DAGs
[2025-03-22T10:26:37.335+0500] {logging_mixin.py:190} INFO - [2025-03-22T10:26:37.335+0500] {dag.py:4180} INFO - Setting next_dagrun for tutorial_dag to None, run_after=None
[2025-03-22T10:26:37.351+0500] {processor.py:208} INFO - Processing /home/ruslan/.local/lib/python3.10/site-packages/airflow/example_dags/tutorial_dag.py took 0.043 seconds
[2025-03-22T10:27:26.717+0500] {processor.py:186} INFO - Started process (PID=31171) to work on /home/ruslan/.local/lib/python3.10/site-packages/airflow/example_dags/tutorial_dag.py
[2025-03-22T10:27:26.719+0500] {processor.py:914} INFO - Processing file /home/ruslan/.local/lib/python3.10/site-packages/airflow/example_dags/tutorial_dag.py for tasks to queue
[2025-03-22T10:27:26.720+0500] {logging_mixin.py:190} INFO - [2025-03-22T10:27:26.720+0500] {dagbag.py:588} INFO - Filling up the DagBag from /home/ruslan/.local/lib/python3.10/site-packages/airflow/example_dags/tutorial_dag.py
[2025-03-22T10:27:26.725+0500] {processor.py:925} INFO - DAG(s) 'tutorial_dag' retrieved from /home/ruslan/.local/lib/python3.10/site-packages/airflow/example_dags/tutorial_dag.py
[2025-03-22T10:27:26.734+0500] {logging_mixin.py:190} INFO - [2025-03-22T10:27:26.734+0500] {dag.py:3239} INFO - Sync 1 DAGs
[2025-03-22T10:27:26.741+0500] {logging_mixin.py:190} INFO - [2025-03-22T10:27:26.741+0500] {dag.py:4180} INFO - Setting next_dagrun for tutorial_dag to None, run_after=None
[2025-03-22T10:27:26.765+0500] {processor.py:208} INFO - Processing /home/ruslan/.local/lib/python3.10/site-packages/airflow/example_dags/tutorial_dag.py took 0.051 seconds
[2025-03-22T10:28:20.927+0500] {processor.py:186} INFO - Started process (PID=31785) to work on /home/ruslan/.local/lib/python3.10/site-packages/airflow/example_dags/tutorial_dag.py
[2025-03-22T10:28:20.929+0500] {processor.py:914} INFO - Processing file /home/ruslan/.local/lib/python3.10/site-packages/airflow/example_dags/tutorial_dag.py for tasks to queue
[2025-03-22T10:28:20.930+0500] {logging_mixin.py:190} INFO - [2025-03-22T10:28:20.930+0500] {dagbag.py:588} INFO - Filling up the DagBag from /home/ruslan/.local/lib/python3.10/site-packages/airflow/example_dags/tutorial_dag.py
[2025-03-22T10:28:20.934+0500] {processor.py:925} INFO - DAG(s) 'tutorial_dag' retrieved from /home/ruslan/.local/lib/python3.10/site-packages/airflow/example_dags/tutorial_dag.py
[2025-03-22T10:28:20.943+0500] {logging_mixin.py:190} INFO - [2025-03-22T10:28:20.943+0500] {dag.py:3239} INFO - Sync 1 DAGs
[2025-03-22T10:28:20.949+0500] {logging_mixin.py:190} INFO - [2025-03-22T10:28:20.949+0500] {dag.py:4180} INFO - Setting next_dagrun for tutorial_dag to None, run_after=None
[2025-03-22T10:28:20.964+0500] {processor.py:208} INFO - Processing /home/ruslan/.local/lib/python3.10/site-packages/airflow/example_dags/tutorial_dag.py took 0.041 seconds
[2025-03-22T10:29:13.372+0500] {processor.py:186} INFO - Started process (PID=32303) to work on /home/ruslan/.local/lib/python3.10/site-packages/airflow/example_dags/tutorial_dag.py
[2025-03-22T10:29:13.373+0500] {processor.py:914} INFO - Processing file /home/ruslan/.local/lib/python3.10/site-packages/airflow/example_dags/tutorial_dag.py for tasks to queue
[2025-03-22T10:29:13.375+0500] {logging_mixin.py:190} INFO - [2025-03-22T10:29:13.374+0500] {dagbag.py:588} INFO - Filling up the DagBag from /home/ruslan/.local/lib/python3.10/site-packages/airflow/example_dags/tutorial_dag.py
[2025-03-22T10:29:13.379+0500] {processor.py:925} INFO - DAG(s) 'tutorial_dag' retrieved from /home/ruslan/.local/lib/python3.10/site-packages/airflow/example_dags/tutorial_dag.py
[2025-03-22T10:29:13.387+0500] {logging_mixin.py:190} INFO - [2025-03-22T10:29:13.387+0500] {dag.py:3239} INFO - Sync 1 DAGs
[2025-03-22T10:29:13.394+0500] {logging_mixin.py:190} INFO - [2025-03-22T10:29:13.394+0500] {dag.py:4180} INFO - Setting next_dagrun for tutorial_dag to None, run_after=None
[2025-03-22T10:29:13.409+0500] {processor.py:208} INFO - Processing /home/ruslan/.local/lib/python3.10/site-packages/airflow/example_dags/tutorial_dag.py took 0.041 seconds
[2025-03-22T10:30:04.344+0500] {processor.py:186} INFO - Started process (PID=32817) to work on /home/ruslan/.local/lib/python3.10/site-packages/airflow/example_dags/tutorial_dag.py
[2025-03-22T10:30:04.345+0500] {processor.py:914} INFO - Processing file /home/ruslan/.local/lib/python3.10/site-packages/airflow/example_dags/tutorial_dag.py for tasks to queue
[2025-03-22T10:30:04.346+0500] {logging_mixin.py:190} INFO - [2025-03-22T10:30:04.346+0500] {dagbag.py:588} INFO - Filling up the DagBag from /home/ruslan/.local/lib/python3.10/site-packages/airflow/example_dags/tutorial_dag.py
[2025-03-22T10:30:04.351+0500] {processor.py:925} INFO - DAG(s) 'tutorial_dag' retrieved from /home/ruslan/.local/lib/python3.10/site-packages/airflow/example_dags/tutorial_dag.py
[2025-03-22T10:30:04.360+0500] {logging_mixin.py:190} INFO - [2025-03-22T10:30:04.360+0500] {dag.py:3239} INFO - Sync 1 DAGs
[2025-03-22T10:30:04.368+0500] {logging_mixin.py:190} INFO - [2025-03-22T10:30:04.368+0500] {dag.py:4180} INFO - Setting next_dagrun for tutorial_dag to None, run_after=None
[2025-03-22T10:30:04.382+0500] {processor.py:208} INFO - Processing /home/ruslan/.local/lib/python3.10/site-packages/airflow/example_dags/tutorial_dag.py took 0.043 seconds
[2025-03-22T10:30:57.237+0500] {processor.py:186} INFO - Started process (PID=33089) to work on /home/ruslan/.local/lib/python3.10/site-packages/airflow/example_dags/tutorial_dag.py
[2025-03-22T10:30:57.239+0500] {processor.py:914} INFO - Processing file /home/ruslan/.local/lib/python3.10/site-packages/airflow/example_dags/tutorial_dag.py for tasks to queue
[2025-03-22T10:30:57.242+0500] {logging_mixin.py:190} INFO - [2025-03-22T10:30:57.241+0500] {dagbag.py:588} INFO - Filling up the DagBag from /home/ruslan/.local/lib/python3.10/site-packages/airflow/example_dags/tutorial_dag.py
[2025-03-22T10:30:57.250+0500] {processor.py:925} INFO - DAG(s) 'tutorial_dag' retrieved from /home/ruslan/.local/lib/python3.10/site-packages/airflow/example_dags/tutorial_dag.py
[2025-03-22T10:30:57.265+0500] {logging_mixin.py:190} INFO - [2025-03-22T10:30:57.265+0500] {dag.py:3239} INFO - Sync 1 DAGs
[2025-03-22T10:30:57.275+0500] {logging_mixin.py:190} INFO - [2025-03-22T10:30:57.275+0500] {dag.py:4180} INFO - Setting next_dagrun for tutorial_dag to None, run_after=None
[2025-03-22T10:30:57.292+0500] {processor.py:208} INFO - Processing /home/ruslan/.local/lib/python3.10/site-packages/airflow/example_dags/tutorial_dag.py took 0.060 seconds
[2025-03-22T10:31:48.479+0500] {processor.py:186} INFO - Started process (PID=33848) to work on /home/ruslan/.local/lib/python3.10/site-packages/airflow/example_dags/tutorial_dag.py
[2025-03-22T10:31:48.480+0500] {processor.py:914} INFO - Processing file /home/ruslan/.local/lib/python3.10/site-packages/airflow/example_dags/tutorial_dag.py for tasks to queue
[2025-03-22T10:31:48.481+0500] {logging_mixin.py:190} INFO - [2025-03-22T10:31:48.481+0500] {dagbag.py:588} INFO - Filling up the DagBag from /home/ruslan/.local/lib/python3.10/site-packages/airflow/example_dags/tutorial_dag.py
[2025-03-22T10:31:48.486+0500] {processor.py:925} INFO - DAG(s) 'tutorial_dag' retrieved from /home/ruslan/.local/lib/python3.10/site-packages/airflow/example_dags/tutorial_dag.py
[2025-03-22T10:31:48.494+0500] {logging_mixin.py:190} INFO - [2025-03-22T10:31:48.494+0500] {dag.py:3239} INFO - Sync 1 DAGs
[2025-03-22T10:31:48.501+0500] {logging_mixin.py:190} INFO - [2025-03-22T10:31:48.501+0500] {dag.py:4180} INFO - Setting next_dagrun for tutorial_dag to None, run_after=None
[2025-03-22T10:31:48.517+0500] {processor.py:208} INFO - Processing /home/ruslan/.local/lib/python3.10/site-packages/airflow/example_dags/tutorial_dag.py took 0.041 seconds
[2025-03-22T10:33:13.794+0500] {processor.py:186} INFO - Started process (PID=34922) to work on /home/ruslan/.local/lib/python3.10/site-packages/airflow/example_dags/tutorial_dag.py
[2025-03-22T10:33:13.795+0500] {processor.py:914} INFO - Processing file /home/ruslan/.local/lib/python3.10/site-packages/airflow/example_dags/tutorial_dag.py for tasks to queue
[2025-03-22T10:33:13.796+0500] {logging_mixin.py:190} INFO - [2025-03-22T10:33:13.796+0500] {dagbag.py:588} INFO - Filling up the DagBag from /home/ruslan/.local/lib/python3.10/site-packages/airflow/example_dags/tutorial_dag.py
[2025-03-22T10:33:13.801+0500] {processor.py:925} INFO - DAG(s) 'tutorial_dag' retrieved from /home/ruslan/.local/lib/python3.10/site-packages/airflow/example_dags/tutorial_dag.py
[2025-03-22T10:33:13.810+0500] {logging_mixin.py:190} INFO - [2025-03-22T10:33:13.810+0500] {dag.py:3239} INFO - Sync 1 DAGs
[2025-03-22T10:33:13.817+0500] {logging_mixin.py:190} INFO - [2025-03-22T10:33:13.817+0500] {dag.py:4180} INFO - Setting next_dagrun for tutorial_dag to None, run_after=None
[2025-03-22T10:33:13.832+0500] {processor.py:208} INFO - Processing /home/ruslan/.local/lib/python3.10/site-packages/airflow/example_dags/tutorial_dag.py took 0.042 seconds
[2025-03-22T10:34:08.903+0500] {processor.py:186} INFO - Started process (PID=35608) to work on /home/ruslan/.local/lib/python3.10/site-packages/airflow/example_dags/tutorial_dag.py
[2025-03-22T10:34:08.904+0500] {processor.py:914} INFO - Processing file /home/ruslan/.local/lib/python3.10/site-packages/airflow/example_dags/tutorial_dag.py for tasks to queue
[2025-03-22T10:34:08.905+0500] {logging_mixin.py:190} INFO - [2025-03-22T10:34:08.905+0500] {dagbag.py:588} INFO - Filling up the DagBag from /home/ruslan/.local/lib/python3.10/site-packages/airflow/example_dags/tutorial_dag.py
[2025-03-22T10:34:08.910+0500] {processor.py:925} INFO - DAG(s) 'tutorial_dag' retrieved from /home/ruslan/.local/lib/python3.10/site-packages/airflow/example_dags/tutorial_dag.py
[2025-03-22T10:34:08.918+0500] {logging_mixin.py:190} INFO - [2025-03-22T10:34:08.918+0500] {dag.py:3239} INFO - Sync 1 DAGs
[2025-03-22T10:34:08.925+0500] {logging_mixin.py:190} INFO - [2025-03-22T10:34:08.924+0500] {dag.py:4180} INFO - Setting next_dagrun for tutorial_dag to None, run_after=None
[2025-03-22T10:34:08.940+0500] {processor.py:208} INFO - Processing /home/ruslan/.local/lib/python3.10/site-packages/airflow/example_dags/tutorial_dag.py took 0.041 seconds
[2025-03-22T10:35:01.828+0500] {processor.py:186} INFO - Started process (PID=36203) to work on /home/ruslan/.local/lib/python3.10/site-packages/airflow/example_dags/tutorial_dag.py
[2025-03-22T10:35:01.829+0500] {processor.py:914} INFO - Processing file /home/ruslan/.local/lib/python3.10/site-packages/airflow/example_dags/tutorial_dag.py for tasks to queue
[2025-03-22T10:35:01.830+0500] {logging_mixin.py:190} INFO - [2025-03-22T10:35:01.830+0500] {dagbag.py:588} INFO - Filling up the DagBag from /home/ruslan/.local/lib/python3.10/site-packages/airflow/example_dags/tutorial_dag.py
[2025-03-22T10:35:01.834+0500] {processor.py:925} INFO - DAG(s) 'tutorial_dag' retrieved from /home/ruslan/.local/lib/python3.10/site-packages/airflow/example_dags/tutorial_dag.py
[2025-03-22T10:35:01.843+0500] {logging_mixin.py:190} INFO - [2025-03-22T10:35:01.842+0500] {dag.py:3239} INFO - Sync 1 DAGs
[2025-03-22T10:35:01.849+0500] {logging_mixin.py:190} INFO - [2025-03-22T10:35:01.849+0500] {dag.py:4180} INFO - Setting next_dagrun for tutorial_dag to None, run_after=None
[2025-03-22T10:35:01.864+0500] {processor.py:208} INFO - Processing /home/ruslan/.local/lib/python3.10/site-packages/airflow/example_dags/tutorial_dag.py took 0.040 seconds
[2025-03-22T10:35:51.600+0500] {processor.py:186} INFO - Started process (PID=36870) to work on /home/ruslan/.local/lib/python3.10/site-packages/airflow/example_dags/tutorial_dag.py
[2025-03-22T10:35:51.602+0500] {processor.py:914} INFO - Processing file /home/ruslan/.local/lib/python3.10/site-packages/airflow/example_dags/tutorial_dag.py for tasks to queue
[2025-03-22T10:35:51.603+0500] {logging_mixin.py:190} INFO - [2025-03-22T10:35:51.603+0500] {dagbag.py:588} INFO - Filling up the DagBag from /home/ruslan/.local/lib/python3.10/site-packages/airflow/example_dags/tutorial_dag.py
[2025-03-22T10:35:51.607+0500] {processor.py:925} INFO - DAG(s) 'tutorial_dag' retrieved from /home/ruslan/.local/lib/python3.10/site-packages/airflow/example_dags/tutorial_dag.py
[2025-03-22T10:35:51.616+0500] {logging_mixin.py:190} INFO - [2025-03-22T10:35:51.615+0500] {dag.py:3239} INFO - Sync 1 DAGs
[2025-03-22T10:35:51.622+0500] {logging_mixin.py:190} INFO - [2025-03-22T10:35:51.622+0500] {dag.py:4180} INFO - Setting next_dagrun for tutorial_dag to None, run_after=None
[2025-03-22T10:35:51.637+0500] {processor.py:208} INFO - Processing /home/ruslan/.local/lib/python3.10/site-packages/airflow/example_dags/tutorial_dag.py took 0.040 seconds
[2025-03-22T10:36:40.709+0500] {processor.py:186} INFO - Started process (PID=37257) to work on /home/ruslan/.local/lib/python3.10/site-packages/airflow/example_dags/tutorial_dag.py
[2025-03-22T10:36:40.710+0500] {processor.py:914} INFO - Processing file /home/ruslan/.local/lib/python3.10/site-packages/airflow/example_dags/tutorial_dag.py for tasks to queue
[2025-03-22T10:36:40.712+0500] {logging_mixin.py:190} INFO - [2025-03-22T10:36:40.712+0500] {dagbag.py:588} INFO - Filling up the DagBag from /home/ruslan/.local/lib/python3.10/site-packages/airflow/example_dags/tutorial_dag.py
[2025-03-22T10:36:40.717+0500] {processor.py:925} INFO - DAG(s) 'tutorial_dag' retrieved from /home/ruslan/.local/lib/python3.10/site-packages/airflow/example_dags/tutorial_dag.py
[2025-03-22T10:36:40.730+0500] {logging_mixin.py:190} INFO - [2025-03-22T10:36:40.730+0500] {dag.py:3239} INFO - Sync 1 DAGs
[2025-03-22T10:36:40.739+0500] {logging_mixin.py:190} INFO - [2025-03-22T10:36:40.739+0500] {dag.py:4180} INFO - Setting next_dagrun for tutorial_dag to None, run_after=None
[2025-03-22T10:36:40.756+0500] {processor.py:208} INFO - Processing /home/ruslan/.local/lib/python3.10/site-packages/airflow/example_dags/tutorial_dag.py took 0.051 seconds
[2025-03-22T10:37:30.834+0500] {processor.py:186} INFO - Started process (PID=37509) to work on /home/ruslan/.local/lib/python3.10/site-packages/airflow/example_dags/tutorial_dag.py
[2025-03-22T10:37:30.835+0500] {processor.py:914} INFO - Processing file /home/ruslan/.local/lib/python3.10/site-packages/airflow/example_dags/tutorial_dag.py for tasks to queue
[2025-03-22T10:37:30.837+0500] {logging_mixin.py:190} INFO - [2025-03-22T10:37:30.837+0500] {dagbag.py:588} INFO - Filling up the DagBag from /home/ruslan/.local/lib/python3.10/site-packages/airflow/example_dags/tutorial_dag.py
[2025-03-22T10:37:30.842+0500] {processor.py:925} INFO - DAG(s) 'tutorial_dag' retrieved from /home/ruslan/.local/lib/python3.10/site-packages/airflow/example_dags/tutorial_dag.py
[2025-03-22T10:37:30.851+0500] {logging_mixin.py:190} INFO - [2025-03-22T10:37:30.850+0500] {dag.py:3239} INFO - Sync 1 DAGs
[2025-03-22T10:37:30.858+0500] {logging_mixin.py:190} INFO - [2025-03-22T10:37:30.858+0500] {dag.py:4180} INFO - Setting next_dagrun for tutorial_dag to None, run_after=None
[2025-03-22T10:37:30.872+0500] {processor.py:208} INFO - Processing /home/ruslan/.local/lib/python3.10/site-packages/airflow/example_dags/tutorial_dag.py took 0.042 seconds
[2025-03-22T10:38:59.080+0500] {processor.py:186} INFO - Started process (PID=38693) to work on /home/ruslan/.local/lib/python3.10/site-packages/airflow/example_dags/tutorial_dag.py
[2025-03-22T10:38:59.081+0500] {processor.py:914} INFO - Processing file /home/ruslan/.local/lib/python3.10/site-packages/airflow/example_dags/tutorial_dag.py for tasks to queue
[2025-03-22T10:38:59.082+0500] {logging_mixin.py:190} INFO - [2025-03-22T10:38:59.082+0500] {dagbag.py:588} INFO - Filling up the DagBag from /home/ruslan/.local/lib/python3.10/site-packages/airflow/example_dags/tutorial_dag.py
[2025-03-22T10:38:59.087+0500] {processor.py:925} INFO - DAG(s) 'tutorial_dag' retrieved from /home/ruslan/.local/lib/python3.10/site-packages/airflow/example_dags/tutorial_dag.py
[2025-03-22T10:38:59.096+0500] {logging_mixin.py:190} INFO - [2025-03-22T10:38:59.096+0500] {dag.py:3239} INFO - Sync 1 DAGs
[2025-03-22T10:38:59.103+0500] {logging_mixin.py:190} INFO - [2025-03-22T10:38:59.102+0500] {dag.py:4180} INFO - Setting next_dagrun for tutorial_dag to None, run_after=None
[2025-03-22T10:38:59.118+0500] {processor.py:208} INFO - Processing /home/ruslan/.local/lib/python3.10/site-packages/airflow/example_dags/tutorial_dag.py took 0.042 seconds
[2025-03-22T10:39:53.315+0500] {processor.py:186} INFO - Started process (PID=39396) to work on /home/ruslan/.local/lib/python3.10/site-packages/airflow/example_dags/tutorial_dag.py
[2025-03-22T10:39:53.316+0500] {processor.py:914} INFO - Processing file /home/ruslan/.local/lib/python3.10/site-packages/airflow/example_dags/tutorial_dag.py for tasks to queue
[2025-03-22T10:39:53.318+0500] {logging_mixin.py:190} INFO - [2025-03-22T10:39:53.317+0500] {dagbag.py:588} INFO - Filling up the DagBag from /home/ruslan/.local/lib/python3.10/site-packages/airflow/example_dags/tutorial_dag.py
[2025-03-22T10:39:53.322+0500] {processor.py:925} INFO - DAG(s) 'tutorial_dag' retrieved from /home/ruslan/.local/lib/python3.10/site-packages/airflow/example_dags/tutorial_dag.py
[2025-03-22T10:39:53.330+0500] {logging_mixin.py:190} INFO - [2025-03-22T10:39:53.330+0500] {dag.py:3239} INFO - Sync 1 DAGs
[2025-03-22T10:39:53.337+0500] {logging_mixin.py:190} INFO - [2025-03-22T10:39:53.337+0500] {dag.py:4180} INFO - Setting next_dagrun for tutorial_dag to None, run_after=None
[2025-03-22T10:39:53.352+0500] {processor.py:208} INFO - Processing /home/ruslan/.local/lib/python3.10/site-packages/airflow/example_dags/tutorial_dag.py took 0.041 seconds
[2025-03-22T10:40:48.624+0500] {processor.py:186} INFO - Started process (PID=39999) to work on /home/ruslan/.local/lib/python3.10/site-packages/airflow/example_dags/tutorial_dag.py
[2025-03-22T10:40:48.625+0500] {processor.py:914} INFO - Processing file /home/ruslan/.local/lib/python3.10/site-packages/airflow/example_dags/tutorial_dag.py for tasks to queue
[2025-03-22T10:40:48.626+0500] {logging_mixin.py:190} INFO - [2025-03-22T10:40:48.626+0500] {dagbag.py:588} INFO - Filling up the DagBag from /home/ruslan/.local/lib/python3.10/site-packages/airflow/example_dags/tutorial_dag.py
[2025-03-22T10:40:48.631+0500] {processor.py:925} INFO - DAG(s) 'tutorial_dag' retrieved from /home/ruslan/.local/lib/python3.10/site-packages/airflow/example_dags/tutorial_dag.py
[2025-03-22T10:40:48.639+0500] {logging_mixin.py:190} INFO - [2025-03-22T10:40:48.639+0500] {dag.py:3239} INFO - Sync 1 DAGs
[2025-03-22T10:40:48.647+0500] {logging_mixin.py:190} INFO - [2025-03-22T10:40:48.647+0500] {dag.py:4180} INFO - Setting next_dagrun for tutorial_dag to None, run_after=None
[2025-03-22T10:40:48.661+0500] {processor.py:208} INFO - Processing /home/ruslan/.local/lib/python3.10/site-packages/airflow/example_dags/tutorial_dag.py took 0.041 seconds
[2025-03-22T10:41:50.101+0500] {processor.py:186} INFO - Started process (PID=40765) to work on /home/ruslan/.local/lib/python3.10/site-packages/airflow/example_dags/tutorial_dag.py
[2025-03-22T10:41:50.102+0500] {processor.py:914} INFO - Processing file /home/ruslan/.local/lib/python3.10/site-packages/airflow/example_dags/tutorial_dag.py for tasks to queue
[2025-03-22T10:41:50.104+0500] {logging_mixin.py:190} INFO - [2025-03-22T10:41:50.104+0500] {dagbag.py:588} INFO - Filling up the DagBag from /home/ruslan/.local/lib/python3.10/site-packages/airflow/example_dags/tutorial_dag.py
[2025-03-22T10:41:50.108+0500] {processor.py:925} INFO - DAG(s) 'tutorial_dag' retrieved from /home/ruslan/.local/lib/python3.10/site-packages/airflow/example_dags/tutorial_dag.py
[2025-03-22T10:41:50.117+0500] {logging_mixin.py:190} INFO - [2025-03-22T10:41:50.117+0500] {dag.py:3239} INFO - Sync 1 DAGs
[2025-03-22T10:41:50.124+0500] {logging_mixin.py:190} INFO - [2025-03-22T10:41:50.124+0500] {dag.py:4180} INFO - Setting next_dagrun for tutorial_dag to None, run_after=None
[2025-03-22T10:41:50.139+0500] {processor.py:208} INFO - Processing /home/ruslan/.local/lib/python3.10/site-packages/airflow/example_dags/tutorial_dag.py took 0.041 seconds
[2025-03-22T10:42:45.414+0500] {processor.py:186} INFO - Started process (PID=41470) to work on /home/ruslan/.local/lib/python3.10/site-packages/airflow/example_dags/tutorial_dag.py
[2025-03-22T10:42:45.415+0500] {processor.py:914} INFO - Processing file /home/ruslan/.local/lib/python3.10/site-packages/airflow/example_dags/tutorial_dag.py for tasks to queue
[2025-03-22T10:42:45.416+0500] {logging_mixin.py:190} INFO - [2025-03-22T10:42:45.416+0500] {dagbag.py:588} INFO - Filling up the DagBag from /home/ruslan/.local/lib/python3.10/site-packages/airflow/example_dags/tutorial_dag.py
[2025-03-22T10:42:45.421+0500] {processor.py:925} INFO - DAG(s) 'tutorial_dag' retrieved from /home/ruslan/.local/lib/python3.10/site-packages/airflow/example_dags/tutorial_dag.py
[2025-03-22T10:42:45.429+0500] {logging_mixin.py:190} INFO - [2025-03-22T10:42:45.429+0500] {dag.py:3239} INFO - Sync 1 DAGs
[2025-03-22T10:42:45.436+0500] {logging_mixin.py:190} INFO - [2025-03-22T10:42:45.436+0500] {dag.py:4180} INFO - Setting next_dagrun for tutorial_dag to None, run_after=None
[2025-03-22T10:42:45.451+0500] {processor.py:208} INFO - Processing /home/ruslan/.local/lib/python3.10/site-packages/airflow/example_dags/tutorial_dag.py took 0.041 seconds
[2025-03-22T10:43:41.443+0500] {processor.py:186} INFO - Started process (PID=42178) to work on /home/ruslan/.local/lib/python3.10/site-packages/airflow/example_dags/tutorial_dag.py
[2025-03-22T10:43:41.444+0500] {processor.py:914} INFO - Processing file /home/ruslan/.local/lib/python3.10/site-packages/airflow/example_dags/tutorial_dag.py for tasks to queue
[2025-03-22T10:43:41.445+0500] {logging_mixin.py:190} INFO - [2025-03-22T10:43:41.445+0500] {dagbag.py:588} INFO - Filling up the DagBag from /home/ruslan/.local/lib/python3.10/site-packages/airflow/example_dags/tutorial_dag.py
[2025-03-22T10:43:41.450+0500] {processor.py:925} INFO - DAG(s) 'tutorial_dag' retrieved from /home/ruslan/.local/lib/python3.10/site-packages/airflow/example_dags/tutorial_dag.py
[2025-03-22T10:43:41.458+0500] {logging_mixin.py:190} INFO - [2025-03-22T10:43:41.458+0500] {dag.py:3239} INFO - Sync 1 DAGs
[2025-03-22T10:43:41.465+0500] {logging_mixin.py:190} INFO - [2025-03-22T10:43:41.465+0500] {dag.py:4180} INFO - Setting next_dagrun for tutorial_dag to None, run_after=None
[2025-03-22T10:43:41.481+0500] {processor.py:208} INFO - Processing /home/ruslan/.local/lib/python3.10/site-packages/airflow/example_dags/tutorial_dag.py took 0.041 seconds
[2025-03-22T10:44:37.629+0500] {processor.py:186} INFO - Started process (PID=42776) to work on /home/ruslan/.local/lib/python3.10/site-packages/airflow/example_dags/tutorial_dag.py
[2025-03-22T10:44:37.630+0500] {processor.py:914} INFO - Processing file /home/ruslan/.local/lib/python3.10/site-packages/airflow/example_dags/tutorial_dag.py for tasks to queue
[2025-03-22T10:44:37.632+0500] {logging_mixin.py:190} INFO - [2025-03-22T10:44:37.632+0500] {dagbag.py:588} INFO - Filling up the DagBag from /home/ruslan/.local/lib/python3.10/site-packages/airflow/example_dags/tutorial_dag.py
[2025-03-22T10:44:37.637+0500] {processor.py:925} INFO - DAG(s) 'tutorial_dag' retrieved from /home/ruslan/.local/lib/python3.10/site-packages/airflow/example_dags/tutorial_dag.py
[2025-03-22T10:44:37.645+0500] {logging_mixin.py:190} INFO - [2025-03-22T10:44:37.645+0500] {dag.py:3239} INFO - Sync 1 DAGs
[2025-03-22T10:44:37.652+0500] {logging_mixin.py:190} INFO - [2025-03-22T10:44:37.652+0500] {dag.py:4180} INFO - Setting next_dagrun for tutorial_dag to None, run_after=None
[2025-03-22T10:44:37.667+0500] {processor.py:208} INFO - Processing /home/ruslan/.local/lib/python3.10/site-packages/airflow/example_dags/tutorial_dag.py took 0.042 seconds
[2025-03-22T10:45:30.290+0500] {processor.py:186} INFO - Started process (PID=43487) to work on /home/ruslan/.local/lib/python3.10/site-packages/airflow/example_dags/tutorial_dag.py
[2025-03-22T10:45:30.291+0500] {processor.py:914} INFO - Processing file /home/ruslan/.local/lib/python3.10/site-packages/airflow/example_dags/tutorial_dag.py for tasks to queue
[2025-03-22T10:45:30.292+0500] {logging_mixin.py:190} INFO - [2025-03-22T10:45:30.292+0500] {dagbag.py:588} INFO - Filling up the DagBag from /home/ruslan/.local/lib/python3.10/site-packages/airflow/example_dags/tutorial_dag.py
[2025-03-22T10:45:30.297+0500] {processor.py:925} INFO - DAG(s) 'tutorial_dag' retrieved from /home/ruslan/.local/lib/python3.10/site-packages/airflow/example_dags/tutorial_dag.py
[2025-03-22T10:45:30.306+0500] {logging_mixin.py:190} INFO - [2025-03-22T10:45:30.305+0500] {dag.py:3239} INFO - Sync 1 DAGs
[2025-03-22T10:45:30.313+0500] {logging_mixin.py:190} INFO - [2025-03-22T10:45:30.312+0500] {dag.py:4180} INFO - Setting next_dagrun for tutorial_dag to None, run_after=None
[2025-03-22T10:45:30.327+0500] {processor.py:208} INFO - Processing /home/ruslan/.local/lib/python3.10/site-packages/airflow/example_dags/tutorial_dag.py took 0.041 seconds
[2025-03-22T10:46:27.954+0500] {processor.py:186} INFO - Started process (PID=44216) to work on /home/ruslan/.local/lib/python3.10/site-packages/airflow/example_dags/tutorial_dag.py
[2025-03-22T10:46:27.955+0500] {processor.py:914} INFO - Processing file /home/ruslan/.local/lib/python3.10/site-packages/airflow/example_dags/tutorial_dag.py for tasks to queue
[2025-03-22T10:46:27.956+0500] {logging_mixin.py:190} INFO - [2025-03-22T10:46:27.956+0500] {dagbag.py:588} INFO - Filling up the DagBag from /home/ruslan/.local/lib/python3.10/site-packages/airflow/example_dags/tutorial_dag.py
[2025-03-22T10:46:27.961+0500] {processor.py:925} INFO - DAG(s) 'tutorial_dag' retrieved from /home/ruslan/.local/lib/python3.10/site-packages/airflow/example_dags/tutorial_dag.py
[2025-03-22T10:46:27.970+0500] {logging_mixin.py:190} INFO - [2025-03-22T10:46:27.970+0500] {dag.py:3239} INFO - Sync 1 DAGs
[2025-03-22T10:46:27.978+0500] {logging_mixin.py:190} INFO - [2025-03-22T10:46:27.978+0500] {dag.py:4180} INFO - Setting next_dagrun for tutorial_dag to None, run_after=None
[2025-03-22T10:46:27.993+0500] {processor.py:208} INFO - Processing /home/ruslan/.local/lib/python3.10/site-packages/airflow/example_dags/tutorial_dag.py took 0.044 seconds
[2025-03-22T10:47:24.623+0500] {processor.py:186} INFO - Started process (PID=44946) to work on /home/ruslan/.local/lib/python3.10/site-packages/airflow/example_dags/tutorial_dag.py
[2025-03-22T10:47:24.624+0500] {processor.py:914} INFO - Processing file /home/ruslan/.local/lib/python3.10/site-packages/airflow/example_dags/tutorial_dag.py for tasks to queue
[2025-03-22T10:47:24.625+0500] {logging_mixin.py:190} INFO - [2025-03-22T10:47:24.625+0500] {dagbag.py:588} INFO - Filling up the DagBag from /home/ruslan/.local/lib/python3.10/site-packages/airflow/example_dags/tutorial_dag.py
[2025-03-22T10:47:24.630+0500] {processor.py:925} INFO - DAG(s) 'tutorial_dag' retrieved from /home/ruslan/.local/lib/python3.10/site-packages/airflow/example_dags/tutorial_dag.py
[2025-03-22T10:47:24.640+0500] {logging_mixin.py:190} INFO - [2025-03-22T10:47:24.640+0500] {dag.py:3239} INFO - Sync 1 DAGs
[2025-03-22T10:47:24.648+0500] {logging_mixin.py:190} INFO - [2025-03-22T10:47:24.648+0500] {dag.py:4180} INFO - Setting next_dagrun for tutorial_dag to None, run_after=None
[2025-03-22T10:47:24.665+0500] {processor.py:208} INFO - Processing /home/ruslan/.local/lib/python3.10/site-packages/airflow/example_dags/tutorial_dag.py took 0.046 seconds
[2025-03-22T10:48:19.375+0500] {processor.py:186} INFO - Started process (PID=45680) to work on /home/ruslan/.local/lib/python3.10/site-packages/airflow/example_dags/tutorial_dag.py
[2025-03-22T10:48:19.376+0500] {processor.py:914} INFO - Processing file /home/ruslan/.local/lib/python3.10/site-packages/airflow/example_dags/tutorial_dag.py for tasks to queue
[2025-03-22T10:48:19.377+0500] {logging_mixin.py:190} INFO - [2025-03-22T10:48:19.377+0500] {dagbag.py:588} INFO - Filling up the DagBag from /home/ruslan/.local/lib/python3.10/site-packages/airflow/example_dags/tutorial_dag.py
[2025-03-22T10:48:19.382+0500] {processor.py:925} INFO - DAG(s) 'tutorial_dag' retrieved from /home/ruslan/.local/lib/python3.10/site-packages/airflow/example_dags/tutorial_dag.py
[2025-03-22T10:48:19.390+0500] {logging_mixin.py:190} INFO - [2025-03-22T10:48:19.390+0500] {dag.py:3239} INFO - Sync 1 DAGs
[2025-03-22T10:48:19.397+0500] {logging_mixin.py:190} INFO - [2025-03-22T10:48:19.397+0500] {dag.py:4180} INFO - Setting next_dagrun for tutorial_dag to None, run_after=None
[2025-03-22T10:48:19.412+0500] {processor.py:208} INFO - Processing /home/ruslan/.local/lib/python3.10/site-packages/airflow/example_dags/tutorial_dag.py took 0.041 seconds
[2025-03-22T12:47:01.713+0500] {processor.py:186} INFO - Started process (PID=990) to work on /home/ruslan/.local/lib/python3.10/site-packages/airflow/example_dags/tutorial_dag.py
[2025-03-22T12:47:01.714+0500] {processor.py:914} INFO - Processing file /home/ruslan/.local/lib/python3.10/site-packages/airflow/example_dags/tutorial_dag.py for tasks to queue
[2025-03-22T12:47:01.715+0500] {logging_mixin.py:190} INFO - [2025-03-22T12:47:01.715+0500] {dagbag.py:588} INFO - Filling up the DagBag from /home/ruslan/.local/lib/python3.10/site-packages/airflow/example_dags/tutorial_dag.py
[2025-03-22T12:47:01.720+0500] {processor.py:925} INFO - DAG(s) 'tutorial_dag' retrieved from /home/ruslan/.local/lib/python3.10/site-packages/airflow/example_dags/tutorial_dag.py
[2025-03-22T12:47:01.729+0500] {logging_mixin.py:190} INFO - [2025-03-22T12:47:01.728+0500] {dag.py:3239} INFO - Sync 1 DAGs
[2025-03-22T12:47:01.736+0500] {logging_mixin.py:190} INFO - [2025-03-22T12:47:01.736+0500] {dag.py:4180} INFO - Setting next_dagrun for tutorial_dag to None, run_after=None
[2025-03-22T12:47:01.751+0500] {processor.py:208} INFO - Processing /home/ruslan/.local/lib/python3.10/site-packages/airflow/example_dags/tutorial_dag.py took 0.042 seconds
[2025-03-22T12:47:59.157+0500] {processor.py:186} INFO - Started process (PID=6240) to work on /home/ruslan/.local/lib/python3.10/site-packages/airflow/example_dags/tutorial_dag.py
[2025-03-22T12:47:59.158+0500] {processor.py:914} INFO - Processing file /home/ruslan/.local/lib/python3.10/site-packages/airflow/example_dags/tutorial_dag.py for tasks to queue
[2025-03-22T12:47:59.159+0500] {logging_mixin.py:190} INFO - [2025-03-22T12:47:59.159+0500] {dagbag.py:588} INFO - Filling up the DagBag from /home/ruslan/.local/lib/python3.10/site-packages/airflow/example_dags/tutorial_dag.py
[2025-03-22T12:47:59.163+0500] {processor.py:925} INFO - DAG(s) 'tutorial_dag' retrieved from /home/ruslan/.local/lib/python3.10/site-packages/airflow/example_dags/tutorial_dag.py
[2025-03-22T12:47:59.171+0500] {logging_mixin.py:190} INFO - [2025-03-22T12:47:59.171+0500] {dag.py:3239} INFO - Sync 1 DAGs
[2025-03-22T12:47:59.177+0500] {logging_mixin.py:190} INFO - [2025-03-22T12:47:59.177+0500] {dag.py:4180} INFO - Setting next_dagrun for tutorial_dag to None, run_after=None
[2025-03-22T12:47:59.192+0500] {processor.py:208} INFO - Processing /home/ruslan/.local/lib/python3.10/site-packages/airflow/example_dags/tutorial_dag.py took 0.038 seconds
[2025-03-22T12:48:54.202+0500] {processor.py:186} INFO - Started process (PID=6895) to work on /home/ruslan/.local/lib/python3.10/site-packages/airflow/example_dags/tutorial_dag.py
[2025-03-22T12:48:54.203+0500] {processor.py:914} INFO - Processing file /home/ruslan/.local/lib/python3.10/site-packages/airflow/example_dags/tutorial_dag.py for tasks to queue
[2025-03-22T12:48:54.205+0500] {logging_mixin.py:190} INFO - [2025-03-22T12:48:54.204+0500] {dagbag.py:588} INFO - Filling up the DagBag from /home/ruslan/.local/lib/python3.10/site-packages/airflow/example_dags/tutorial_dag.py
[2025-03-22T12:48:54.210+0500] {processor.py:925} INFO - DAG(s) 'tutorial_dag' retrieved from /home/ruslan/.local/lib/python3.10/site-packages/airflow/example_dags/tutorial_dag.py
[2025-03-22T12:48:54.219+0500] {logging_mixin.py:190} INFO - [2025-03-22T12:48:54.219+0500] {dag.py:3239} INFO - Sync 1 DAGs
[2025-03-22T12:48:54.228+0500] {logging_mixin.py:190} INFO - [2025-03-22T12:48:54.227+0500] {dag.py:4180} INFO - Setting next_dagrun for tutorial_dag to None, run_after=None
[2025-03-22T12:48:54.244+0500] {processor.py:208} INFO - Processing /home/ruslan/.local/lib/python3.10/site-packages/airflow/example_dags/tutorial_dag.py took 0.047 seconds
[2025-03-22T12:49:47.846+0500] {processor.py:186} INFO - Started process (PID=7610) to work on /home/ruslan/.local/lib/python3.10/site-packages/airflow/example_dags/tutorial_dag.py
[2025-03-22T12:49:47.847+0500] {processor.py:914} INFO - Processing file /home/ruslan/.local/lib/python3.10/site-packages/airflow/example_dags/tutorial_dag.py for tasks to queue
[2025-03-22T12:49:47.848+0500] {logging_mixin.py:190} INFO - [2025-03-22T12:49:47.848+0500] {dagbag.py:588} INFO - Filling up the DagBag from /home/ruslan/.local/lib/python3.10/site-packages/airflow/example_dags/tutorial_dag.py
[2025-03-22T12:49:47.853+0500] {processor.py:925} INFO - DAG(s) 'tutorial_dag' retrieved from /home/ruslan/.local/lib/python3.10/site-packages/airflow/example_dags/tutorial_dag.py
[2025-03-22T12:49:47.862+0500] {logging_mixin.py:190} INFO - [2025-03-22T12:49:47.861+0500] {dag.py:3239} INFO - Sync 1 DAGs
[2025-03-22T12:49:47.869+0500] {logging_mixin.py:190} INFO - [2025-03-22T12:49:47.869+0500] {dag.py:4180} INFO - Setting next_dagrun for tutorial_dag to None, run_after=None
[2025-03-22T12:49:47.883+0500] {processor.py:208} INFO - Processing /home/ruslan/.local/lib/python3.10/site-packages/airflow/example_dags/tutorial_dag.py took 0.041 seconds
[2025-03-22T12:51:09.256+0500] {processor.py:186} INFO - Started process (PID=8697) to work on /home/ruslan/.local/lib/python3.10/site-packages/airflow/example_dags/tutorial_dag.py
[2025-03-22T12:51:09.257+0500] {processor.py:914} INFO - Processing file /home/ruslan/.local/lib/python3.10/site-packages/airflow/example_dags/tutorial_dag.py for tasks to queue
[2025-03-22T12:51:09.258+0500] {logging_mixin.py:190} INFO - [2025-03-22T12:51:09.258+0500] {dagbag.py:588} INFO - Filling up the DagBag from /home/ruslan/.local/lib/python3.10/site-packages/airflow/example_dags/tutorial_dag.py
[2025-03-22T12:51:09.263+0500] {processor.py:925} INFO - DAG(s) 'tutorial_dag' retrieved from /home/ruslan/.local/lib/python3.10/site-packages/airflow/example_dags/tutorial_dag.py
[2025-03-22T12:51:09.271+0500] {logging_mixin.py:190} INFO - [2025-03-22T12:51:09.271+0500] {dag.py:3239} INFO - Sync 1 DAGs
[2025-03-22T12:51:09.277+0500] {logging_mixin.py:190} INFO - [2025-03-22T12:51:09.277+0500] {dag.py:4180} INFO - Setting next_dagrun for tutorial_dag to None, run_after=None
[2025-03-22T12:51:09.293+0500] {processor.py:208} INFO - Processing /home/ruslan/.local/lib/python3.10/site-packages/airflow/example_dags/tutorial_dag.py took 0.040 seconds
