[2025-03-22T10:07:30.022+0500] {processor.py:186} INFO - Started process (PID=18056) to work on /home/ruslan/.local/lib/python3.10/site-packages/airflow/example_dags/tutorial.py
[2025-03-22T10:07:30.023+0500] {processor.py:914} INFO - Processing file /home/ruslan/.local/lib/python3.10/site-packages/airflow/example_dags/tutorial.py for tasks to queue
[2025-03-22T10:07:30.024+0500] {logging_mixin.py:190} INFO - [2025-03-22T10:07:30.024+0500] {dagbag.py:588} INFO - Filling up the DagBag from /home/ruslan/.local/lib/python3.10/site-packages/airflow/example_dags/tutorial.py
[2025-03-22T10:07:30.029+0500] {processor.py:925} INFO - DAG(s) 'tutorial' retrieved from /home/ruslan/.local/lib/python3.10/site-packages/airflow/example_dags/tutorial.py
[2025-03-22T10:07:30.085+0500] {logging_mixin.py:190} INFO - [2025-03-22T10:07:30.084+0500] {override.py:1930} INFO - Created Permission View: can delete on DAG:tutorial
[2025-03-22T10:07:30.094+0500] {logging_mixin.py:190} INFO - [2025-03-22T10:07:30.094+0500] {override.py:1930} INFO - Created Permission View: can read on DAG:tutorial
[2025-03-22T10:07:30.102+0500] {logging_mixin.py:190} INFO - [2025-03-22T10:07:30.101+0500] {override.py:1930} INFO - Created Permission View: can edit on DAG:tutorial
[2025-03-22T10:07:30.113+0500] {logging_mixin.py:190} INFO - [2025-03-22T10:07:30.113+0500] {override.py:1930} INFO - Created Permission View: can create on DAG Run:tutorial
[2025-03-22T10:07:30.120+0500] {logging_mixin.py:190} INFO - [2025-03-22T10:07:30.120+0500] {override.py:1930} INFO - Created Permission View: menu access on DAG Run:tutorial
[2025-03-22T10:07:30.127+0500] {logging_mixin.py:190} INFO - [2025-03-22T10:07:30.126+0500] {override.py:1930} INFO - Created Permission View: can read on DAG Run:tutorial
[2025-03-22T10:07:30.133+0500] {logging_mixin.py:190} INFO - [2025-03-22T10:07:30.133+0500] {override.py:1930} INFO - Created Permission View: can delete on DAG Run:tutorial
[2025-03-22T10:07:30.134+0500] {logging_mixin.py:190} INFO - [2025-03-22T10:07:30.133+0500] {dag.py:3239} INFO - Sync 1 DAGs
[2025-03-22T10:07:30.140+0500] {logging_mixin.py:190} INFO - [2025-03-22T10:07:30.140+0500] {dag.py:3262} INFO - Creating ORM DAG for tutorial
[2025-03-22T10:07:30.144+0500] {logging_mixin.py:190} INFO - [2025-03-22T10:07:30.144+0500] {dag.py:4180} INFO - Setting next_dagrun for tutorial to 2025-03-21 00:00:00+00:00, run_after=2025-03-22 00:00:00+00:00
[2025-03-22T10:07:30.157+0500] {processor.py:208} INFO - Processing /home/ruslan/.local/lib/python3.10/site-packages/airflow/example_dags/tutorial.py took 0.138 seconds
[2025-03-22T10:08:25.199+0500] {processor.py:186} INFO - Started process (PID=18619) to work on /home/ruslan/.local/lib/python3.10/site-packages/airflow/example_dags/tutorial.py
[2025-03-22T10:08:25.200+0500] {processor.py:914} INFO - Processing file /home/ruslan/.local/lib/python3.10/site-packages/airflow/example_dags/tutorial.py for tasks to queue
[2025-03-22T10:08:25.202+0500] {logging_mixin.py:190} INFO - [2025-03-22T10:08:25.201+0500] {dagbag.py:588} INFO - Filling up the DagBag from /home/ruslan/.local/lib/python3.10/site-packages/airflow/example_dags/tutorial.py
[2025-03-22T10:08:25.207+0500] {processor.py:925} INFO - DAG(s) 'tutorial' retrieved from /home/ruslan/.local/lib/python3.10/site-packages/airflow/example_dags/tutorial.py
[2025-03-22T10:08:25.216+0500] {logging_mixin.py:190} INFO - [2025-03-22T10:08:25.215+0500] {dag.py:3239} INFO - Sync 1 DAGs
[2025-03-22T10:08:25.227+0500] {logging_mixin.py:190} INFO - [2025-03-22T10:08:25.227+0500] {dag.py:4180} INFO - Setting next_dagrun for tutorial to 2025-03-21 00:00:00+00:00, run_after=2025-03-22 00:00:00+00:00
[2025-03-22T10:08:25.241+0500] {processor.py:208} INFO - Processing /home/ruslan/.local/lib/python3.10/site-packages/airflow/example_dags/tutorial.py took 0.046 seconds
[2025-03-22T10:09:21.622+0500] {processor.py:186} INFO - Started process (PID=19222) to work on /home/ruslan/.local/lib/python3.10/site-packages/airflow/example_dags/tutorial.py
[2025-03-22T10:09:21.623+0500] {processor.py:914} INFO - Processing file /home/ruslan/.local/lib/python3.10/site-packages/airflow/example_dags/tutorial.py for tasks to queue
[2025-03-22T10:09:21.624+0500] {logging_mixin.py:190} INFO - [2025-03-22T10:09:21.624+0500] {dagbag.py:588} INFO - Filling up the DagBag from /home/ruslan/.local/lib/python3.10/site-packages/airflow/example_dags/tutorial.py
[2025-03-22T10:09:21.629+0500] {processor.py:925} INFO - DAG(s) 'tutorial' retrieved from /home/ruslan/.local/lib/python3.10/site-packages/airflow/example_dags/tutorial.py
[2025-03-22T10:09:21.638+0500] {logging_mixin.py:190} INFO - [2025-03-22T10:09:21.638+0500] {dag.py:3239} INFO - Sync 1 DAGs
[2025-03-22T10:09:21.648+0500] {logging_mixin.py:190} INFO - [2025-03-22T10:09:21.648+0500] {dag.py:4180} INFO - Setting next_dagrun for tutorial to 2025-03-21 00:00:00+00:00, run_after=2025-03-22 00:00:00+00:00
[2025-03-22T10:09:21.663+0500] {processor.py:208} INFO - Processing /home/ruslan/.local/lib/python3.10/site-packages/airflow/example_dags/tutorial.py took 0.045 seconds
[2025-03-22T10:10:19.279+0500] {processor.py:186} INFO - Started process (PID=19828) to work on /home/ruslan/.local/lib/python3.10/site-packages/airflow/example_dags/tutorial.py
[2025-03-22T10:10:19.280+0500] {processor.py:914} INFO - Processing file /home/ruslan/.local/lib/python3.10/site-packages/airflow/example_dags/tutorial.py for tasks to queue
[2025-03-22T10:10:19.282+0500] {logging_mixin.py:190} INFO - [2025-03-22T10:10:19.282+0500] {dagbag.py:588} INFO - Filling up the DagBag from /home/ruslan/.local/lib/python3.10/site-packages/airflow/example_dags/tutorial.py
[2025-03-22T10:10:19.288+0500] {processor.py:925} INFO - DAG(s) 'tutorial' retrieved from /home/ruslan/.local/lib/python3.10/site-packages/airflow/example_dags/tutorial.py
[2025-03-22T10:10:19.298+0500] {logging_mixin.py:190} INFO - [2025-03-22T10:10:19.298+0500] {dag.py:3239} INFO - Sync 1 DAGs
[2025-03-22T10:10:19.312+0500] {logging_mixin.py:190} INFO - [2025-03-22T10:10:19.312+0500] {dag.py:4180} INFO - Setting next_dagrun for tutorial to 2025-03-21 00:00:00+00:00, run_after=2025-03-22 00:00:00+00:00
[2025-03-22T10:10:19.330+0500] {processor.py:208} INFO - Processing /home/ruslan/.local/lib/python3.10/site-packages/airflow/example_dags/tutorial.py took 0.055 seconds
[2025-03-22T10:11:13.845+0500] {processor.py:186} INFO - Started process (PID=20335) to work on /home/ruslan/.local/lib/python3.10/site-packages/airflow/example_dags/tutorial.py
[2025-03-22T10:11:13.847+0500] {processor.py:914} INFO - Processing file /home/ruslan/.local/lib/python3.10/site-packages/airflow/example_dags/tutorial.py for tasks to queue
[2025-03-22T10:11:13.848+0500] {logging_mixin.py:190} INFO - [2025-03-22T10:11:13.848+0500] {dagbag.py:588} INFO - Filling up the DagBag from /home/ruslan/.local/lib/python3.10/site-packages/airflow/example_dags/tutorial.py
[2025-03-22T10:11:13.853+0500] {processor.py:925} INFO - DAG(s) 'tutorial' retrieved from /home/ruslan/.local/lib/python3.10/site-packages/airflow/example_dags/tutorial.py
[2025-03-22T10:11:13.861+0500] {logging_mixin.py:190} INFO - [2025-03-22T10:11:13.861+0500] {dag.py:3239} INFO - Sync 1 DAGs
[2025-03-22T10:11:13.871+0500] {logging_mixin.py:190} INFO - [2025-03-22T10:11:13.871+0500] {dag.py:4180} INFO - Setting next_dagrun for tutorial to 2025-03-21 00:00:00+00:00, run_after=2025-03-22 00:00:00+00:00
[2025-03-22T10:11:13.887+0500] {processor.py:208} INFO - Processing /home/ruslan/.local/lib/python3.10/site-packages/airflow/example_dags/tutorial.py took 0.045 seconds
[2025-03-22T10:12:05.900+0500] {processor.py:186} INFO - Started process (PID=20919) to work on /home/ruslan/.local/lib/python3.10/site-packages/airflow/example_dags/tutorial.py
[2025-03-22T10:12:05.901+0500] {processor.py:914} INFO - Processing file /home/ruslan/.local/lib/python3.10/site-packages/airflow/example_dags/tutorial.py for tasks to queue
[2025-03-22T10:12:05.903+0500] {logging_mixin.py:190} INFO - [2025-03-22T10:12:05.902+0500] {dagbag.py:588} INFO - Filling up the DagBag from /home/ruslan/.local/lib/python3.10/site-packages/airflow/example_dags/tutorial.py
[2025-03-22T10:12:05.908+0500] {processor.py:925} INFO - DAG(s) 'tutorial' retrieved from /home/ruslan/.local/lib/python3.10/site-packages/airflow/example_dags/tutorial.py
[2025-03-22T10:12:05.917+0500] {logging_mixin.py:190} INFO - [2025-03-22T10:12:05.917+0500] {dag.py:3239} INFO - Sync 1 DAGs
[2025-03-22T10:12:05.929+0500] {logging_mixin.py:190} INFO - [2025-03-22T10:12:05.929+0500] {dag.py:4180} INFO - Setting next_dagrun for tutorial to 2025-03-21 00:00:00+00:00, run_after=2025-03-22 00:00:00+00:00
[2025-03-22T10:12:05.947+0500] {processor.py:208} INFO - Processing /home/ruslan/.local/lib/python3.10/site-packages/airflow/example_dags/tutorial.py took 0.051 seconds
[2025-03-22T10:12:55.102+0500] {processor.py:186} INFO - Started process (PID=21431) to work on /home/ruslan/.local/lib/python3.10/site-packages/airflow/example_dags/tutorial.py
[2025-03-22T10:12:55.103+0500] {processor.py:914} INFO - Processing file /home/ruslan/.local/lib/python3.10/site-packages/airflow/example_dags/tutorial.py for tasks to queue
[2025-03-22T10:12:55.104+0500] {logging_mixin.py:190} INFO - [2025-03-22T10:12:55.104+0500] {dagbag.py:588} INFO - Filling up the DagBag from /home/ruslan/.local/lib/python3.10/site-packages/airflow/example_dags/tutorial.py
[2025-03-22T10:12:55.109+0500] {processor.py:925} INFO - DAG(s) 'tutorial' retrieved from /home/ruslan/.local/lib/python3.10/site-packages/airflow/example_dags/tutorial.py
[2025-03-22T10:12:55.120+0500] {logging_mixin.py:190} INFO - [2025-03-22T10:12:55.119+0500] {dag.py:3239} INFO - Sync 1 DAGs
[2025-03-22T10:12:55.132+0500] {logging_mixin.py:190} INFO - [2025-03-22T10:12:55.132+0500] {dag.py:4180} INFO - Setting next_dagrun for tutorial to 2025-03-21 00:00:00+00:00, run_after=2025-03-22 00:00:00+00:00
[2025-03-22T10:12:55.151+0500] {processor.py:208} INFO - Processing /home/ruslan/.local/lib/python3.10/site-packages/airflow/example_dags/tutorial.py took 0.053 seconds
[2025-03-22T10:13:50.827+0500] {processor.py:186} INFO - Started process (PID=22021) to work on /home/ruslan/.local/lib/python3.10/site-packages/airflow/example_dags/tutorial.py
[2025-03-22T10:13:50.828+0500] {processor.py:914} INFO - Processing file /home/ruslan/.local/lib/python3.10/site-packages/airflow/example_dags/tutorial.py for tasks to queue
[2025-03-22T10:13:50.829+0500] {logging_mixin.py:190} INFO - [2025-03-22T10:13:50.829+0500] {dagbag.py:588} INFO - Filling up the DagBag from /home/ruslan/.local/lib/python3.10/site-packages/airflow/example_dags/tutorial.py
[2025-03-22T10:13:50.834+0500] {processor.py:925} INFO - DAG(s) 'tutorial' retrieved from /home/ruslan/.local/lib/python3.10/site-packages/airflow/example_dags/tutorial.py
[2025-03-22T10:13:50.843+0500] {logging_mixin.py:190} INFO - [2025-03-22T10:13:50.843+0500] {dag.py:3239} INFO - Sync 1 DAGs
[2025-03-22T10:13:50.855+0500] {logging_mixin.py:190} INFO - [2025-03-22T10:13:50.855+0500] {dag.py:4180} INFO - Setting next_dagrun for tutorial to 2025-03-21 00:00:00+00:00, run_after=2025-03-22 00:00:00+00:00
[2025-03-22T10:13:50.870+0500] {processor.py:208} INFO - Processing /home/ruslan/.local/lib/python3.10/site-packages/airflow/example_dags/tutorial.py took 0.047 seconds
[2025-03-22T10:15:07.811+0500] {processor.py:186} INFO - Started process (PID=22801) to work on /home/ruslan/.local/lib/python3.10/site-packages/airflow/example_dags/tutorial.py
[2025-03-22T10:15:07.812+0500] {processor.py:914} INFO - Processing file /home/ruslan/.local/lib/python3.10/site-packages/airflow/example_dags/tutorial.py for tasks to queue
[2025-03-22T10:15:07.814+0500] {logging_mixin.py:190} INFO - [2025-03-22T10:15:07.814+0500] {dagbag.py:588} INFO - Filling up the DagBag from /home/ruslan/.local/lib/python3.10/site-packages/airflow/example_dags/tutorial.py
[2025-03-22T10:15:07.819+0500] {processor.py:925} INFO - DAG(s) 'tutorial' retrieved from /home/ruslan/.local/lib/python3.10/site-packages/airflow/example_dags/tutorial.py
[2025-03-22T10:15:07.829+0500] {logging_mixin.py:190} INFO - [2025-03-22T10:15:07.829+0500] {dag.py:3239} INFO - Sync 1 DAGs
[2025-03-22T10:15:07.842+0500] {logging_mixin.py:190} INFO - [2025-03-22T10:15:07.842+0500] {dag.py:4180} INFO - Setting next_dagrun for tutorial to 2025-03-21 00:00:00+00:00, run_after=2025-03-22 00:00:00+00:00
[2025-03-22T10:15:07.857+0500] {processor.py:208} INFO - Processing /home/ruslan/.local/lib/python3.10/site-packages/airflow/example_dags/tutorial.py took 0.050 seconds
[2025-03-22T10:16:00.231+0500] {processor.py:186} INFO - Started process (PID=23330) to work on /home/ruslan/.local/lib/python3.10/site-packages/airflow/example_dags/tutorial.py
[2025-03-22T10:16:00.232+0500] {processor.py:914} INFO - Processing file /home/ruslan/.local/lib/python3.10/site-packages/airflow/example_dags/tutorial.py for tasks to queue
[2025-03-22T10:16:00.234+0500] {logging_mixin.py:190} INFO - [2025-03-22T10:16:00.234+0500] {dagbag.py:588} INFO - Filling up the DagBag from /home/ruslan/.local/lib/python3.10/site-packages/airflow/example_dags/tutorial.py
[2025-03-22T10:16:00.239+0500] {processor.py:925} INFO - DAG(s) 'tutorial' retrieved from /home/ruslan/.local/lib/python3.10/site-packages/airflow/example_dags/tutorial.py
[2025-03-22T10:16:00.247+0500] {logging_mixin.py:190} INFO - [2025-03-22T10:16:00.247+0500] {dag.py:3239} INFO - Sync 1 DAGs
[2025-03-22T10:16:00.258+0500] {logging_mixin.py:190} INFO - [2025-03-22T10:16:00.258+0500] {dag.py:4180} INFO - Setting next_dagrun for tutorial to 2025-03-21 00:00:00+00:00, run_after=2025-03-22 00:00:00+00:00
[2025-03-22T10:16:00.273+0500] {processor.py:208} INFO - Processing /home/ruslan/.local/lib/python3.10/site-packages/airflow/example_dags/tutorial.py took 0.045 seconds
[2025-03-22T10:17:14.833+0500] {processor.py:186} INFO - Started process (PID=24116) to work on /home/ruslan/.local/lib/python3.10/site-packages/airflow/example_dags/tutorial.py
[2025-03-22T10:17:14.834+0500] {processor.py:914} INFO - Processing file /home/ruslan/.local/lib/python3.10/site-packages/airflow/example_dags/tutorial.py for tasks to queue
[2025-03-22T10:17:14.835+0500] {logging_mixin.py:190} INFO - [2025-03-22T10:17:14.835+0500] {dagbag.py:588} INFO - Filling up the DagBag from /home/ruslan/.local/lib/python3.10/site-packages/airflow/example_dags/tutorial.py
[2025-03-22T10:17:14.840+0500] {processor.py:925} INFO - DAG(s) 'tutorial' retrieved from /home/ruslan/.local/lib/python3.10/site-packages/airflow/example_dags/tutorial.py
[2025-03-22T10:17:14.848+0500] {logging_mixin.py:190} INFO - [2025-03-22T10:17:14.848+0500] {dag.py:3239} INFO - Sync 1 DAGs
[2025-03-22T10:17:14.859+0500] {logging_mixin.py:190} INFO - [2025-03-22T10:17:14.859+0500] {dag.py:4180} INFO - Setting next_dagrun for tutorial to 2025-03-21 00:00:00+00:00, run_after=2025-03-22 00:00:00+00:00
[2025-03-22T10:17:14.874+0500] {processor.py:208} INFO - Processing /home/ruslan/.local/lib/python3.10/site-packages/airflow/example_dags/tutorial.py took 0.045 seconds
[2025-03-22T10:18:07.728+0500] {processor.py:186} INFO - Started process (PID=24704) to work on /home/ruslan/.local/lib/python3.10/site-packages/airflow/example_dags/tutorial.py
[2025-03-22T10:18:07.729+0500] {processor.py:914} INFO - Processing file /home/ruslan/.local/lib/python3.10/site-packages/airflow/example_dags/tutorial.py for tasks to queue
[2025-03-22T10:18:07.730+0500] {logging_mixin.py:190} INFO - [2025-03-22T10:18:07.730+0500] {dagbag.py:588} INFO - Filling up the DagBag from /home/ruslan/.local/lib/python3.10/site-packages/airflow/example_dags/tutorial.py
[2025-03-22T10:18:07.735+0500] {processor.py:925} INFO - DAG(s) 'tutorial' retrieved from /home/ruslan/.local/lib/python3.10/site-packages/airflow/example_dags/tutorial.py
[2025-03-22T10:18:07.743+0500] {logging_mixin.py:190} INFO - [2025-03-22T10:18:07.743+0500] {dag.py:3239} INFO - Sync 1 DAGs
[2025-03-22T10:18:07.754+0500] {logging_mixin.py:190} INFO - [2025-03-22T10:18:07.754+0500] {dag.py:4180} INFO - Setting next_dagrun for tutorial to 2025-03-21 00:00:00+00:00, run_after=2025-03-22 00:00:00+00:00
[2025-03-22T10:18:07.769+0500] {processor.py:208} INFO - Processing /home/ruslan/.local/lib/python3.10/site-packages/airflow/example_dags/tutorial.py took 0.044 seconds
[2025-03-22T10:18:59.052+0500] {processor.py:186} INFO - Started process (PID=25238) to work on /home/ruslan/.local/lib/python3.10/site-packages/airflow/example_dags/tutorial.py
[2025-03-22T10:18:59.054+0500] {processor.py:914} INFO - Processing file /home/ruslan/.local/lib/python3.10/site-packages/airflow/example_dags/tutorial.py for tasks to queue
[2025-03-22T10:18:59.055+0500] {logging_mixin.py:190} INFO - [2025-03-22T10:18:59.055+0500] {dagbag.py:588} INFO - Filling up the DagBag from /home/ruslan/.local/lib/python3.10/site-packages/airflow/example_dags/tutorial.py
[2025-03-22T10:18:59.060+0500] {processor.py:925} INFO - DAG(s) 'tutorial' retrieved from /home/ruslan/.local/lib/python3.10/site-packages/airflow/example_dags/tutorial.py
[2025-03-22T10:18:59.069+0500] {logging_mixin.py:190} INFO - [2025-03-22T10:18:59.068+0500] {dag.py:3239} INFO - Sync 1 DAGs
[2025-03-22T10:18:59.080+0500] {logging_mixin.py:190} INFO - [2025-03-22T10:18:59.080+0500] {dag.py:4180} INFO - Setting next_dagrun for tutorial to 2025-03-21 00:00:00+00:00, run_after=2025-03-22 00:00:00+00:00
[2025-03-22T10:18:59.094+0500] {processor.py:208} INFO - Processing /home/ruslan/.local/lib/python3.10/site-packages/airflow/example_dags/tutorial.py took 0.046 seconds
[2025-03-22T10:20:15.749+0500] {processor.py:186} INFO - Started process (PID=26031) to work on /home/ruslan/.local/lib/python3.10/site-packages/airflow/example_dags/tutorial.py
[2025-03-22T10:20:15.750+0500] {processor.py:914} INFO - Processing file /home/ruslan/.local/lib/python3.10/site-packages/airflow/example_dags/tutorial.py for tasks to queue
[2025-03-22T10:20:15.752+0500] {logging_mixin.py:190} INFO - [2025-03-22T10:20:15.751+0500] {dagbag.py:588} INFO - Filling up the DagBag from /home/ruslan/.local/lib/python3.10/site-packages/airflow/example_dags/tutorial.py
[2025-03-22T10:20:15.756+0500] {processor.py:925} INFO - DAG(s) 'tutorial' retrieved from /home/ruslan/.local/lib/python3.10/site-packages/airflow/example_dags/tutorial.py
[2025-03-22T10:20:15.765+0500] {logging_mixin.py:190} INFO - [2025-03-22T10:20:15.765+0500] {dag.py:3239} INFO - Sync 1 DAGs
[2025-03-22T10:20:15.776+0500] {logging_mixin.py:190} INFO - [2025-03-22T10:20:15.776+0500] {dag.py:4180} INFO - Setting next_dagrun for tutorial to 2025-03-21 00:00:00+00:00, run_after=2025-03-22 00:00:00+00:00
[2025-03-22T10:20:15.791+0500] {processor.py:208} INFO - Processing /home/ruslan/.local/lib/python3.10/site-packages/airflow/example_dags/tutorial.py took 0.046 seconds
[2025-03-22T10:21:33.842+0500] {processor.py:186} INFO - Started process (PID=26863) to work on /home/ruslan/.local/lib/python3.10/site-packages/airflow/example_dags/tutorial.py
[2025-03-22T10:21:33.843+0500] {processor.py:914} INFO - Processing file /home/ruslan/.local/lib/python3.10/site-packages/airflow/example_dags/tutorial.py for tasks to queue
[2025-03-22T10:21:33.845+0500] {logging_mixin.py:190} INFO - [2025-03-22T10:21:33.844+0500] {dagbag.py:588} INFO - Filling up the DagBag from /home/ruslan/.local/lib/python3.10/site-packages/airflow/example_dags/tutorial.py
[2025-03-22T10:21:33.851+0500] {processor.py:925} INFO - DAG(s) 'tutorial' retrieved from /home/ruslan/.local/lib/python3.10/site-packages/airflow/example_dags/tutorial.py
[2025-03-22T10:21:33.861+0500] {logging_mixin.py:190} INFO - [2025-03-22T10:21:33.861+0500] {dag.py:3239} INFO - Sync 1 DAGs
[2025-03-22T10:21:33.875+0500] {logging_mixin.py:190} INFO - [2025-03-22T10:21:33.874+0500] {dag.py:4180} INFO - Setting next_dagrun for tutorial to 2025-03-21 00:00:00+00:00, run_after=2025-03-22 00:00:00+00:00
[2025-03-22T10:21:33.890+0500] {processor.py:208} INFO - Processing /home/ruslan/.local/lib/python3.10/site-packages/airflow/example_dags/tutorial.py took 0.052 seconds
[2025-03-22T10:22:28.779+0500] {processor.py:186} INFO - Started process (PID=27461) to work on /home/ruslan/.local/lib/python3.10/site-packages/airflow/example_dags/tutorial.py
[2025-03-22T10:22:28.780+0500] {processor.py:914} INFO - Processing file /home/ruslan/.local/lib/python3.10/site-packages/airflow/example_dags/tutorial.py for tasks to queue
[2025-03-22T10:22:28.782+0500] {logging_mixin.py:190} INFO - [2025-03-22T10:22:28.782+0500] {dagbag.py:588} INFO - Filling up the DagBag from /home/ruslan/.local/lib/python3.10/site-packages/airflow/example_dags/tutorial.py
[2025-03-22T10:22:28.787+0500] {processor.py:925} INFO - DAG(s) 'tutorial' retrieved from /home/ruslan/.local/lib/python3.10/site-packages/airflow/example_dags/tutorial.py
[2025-03-22T10:22:28.797+0500] {logging_mixin.py:190} INFO - [2025-03-22T10:22:28.796+0500] {dag.py:3239} INFO - Sync 1 DAGs
[2025-03-22T10:22:28.809+0500] {logging_mixin.py:190} INFO - [2025-03-22T10:22:28.809+0500] {dag.py:4180} INFO - Setting next_dagrun for tutorial to 2025-03-21 00:00:00+00:00, run_after=2025-03-22 00:00:00+00:00
[2025-03-22T10:22:28.823+0500] {processor.py:208} INFO - Processing /home/ruslan/.local/lib/python3.10/site-packages/airflow/example_dags/tutorial.py took 0.048 seconds
[2025-03-22T10:23:21.619+0500] {processor.py:186} INFO - Started process (PID=28076) to work on /home/ruslan/.local/lib/python3.10/site-packages/airflow/example_dags/tutorial.py
[2025-03-22T10:23:21.621+0500] {processor.py:914} INFO - Processing file /home/ruslan/.local/lib/python3.10/site-packages/airflow/example_dags/tutorial.py for tasks to queue
[2025-03-22T10:23:21.622+0500] {logging_mixin.py:190} INFO - [2025-03-22T10:23:21.622+0500] {dagbag.py:588} INFO - Filling up the DagBag from /home/ruslan/.local/lib/python3.10/site-packages/airflow/example_dags/tutorial.py
[2025-03-22T10:23:21.629+0500] {processor.py:925} INFO - DAG(s) 'tutorial' retrieved from /home/ruslan/.local/lib/python3.10/site-packages/airflow/example_dags/tutorial.py
[2025-03-22T10:23:21.640+0500] {logging_mixin.py:190} INFO - [2025-03-22T10:23:21.639+0500] {dag.py:3239} INFO - Sync 1 DAGs
[2025-03-22T10:23:21.653+0500] {logging_mixin.py:190} INFO - [2025-03-22T10:23:21.652+0500] {dag.py:4180} INFO - Setting next_dagrun for tutorial to 2025-03-21 00:00:00+00:00, run_after=2025-03-22 00:00:00+00:00
[2025-03-22T10:23:21.668+0500] {processor.py:208} INFO - Processing /home/ruslan/.local/lib/python3.10/site-packages/airflow/example_dags/tutorial.py took 0.053 seconds
[2025-03-22T10:24:37.697+0500] {processor.py:186} INFO - Started process (PID=28883) to work on /home/ruslan/.local/lib/python3.10/site-packages/airflow/example_dags/tutorial.py
[2025-03-22T10:24:37.698+0500] {processor.py:914} INFO - Processing file /home/ruslan/.local/lib/python3.10/site-packages/airflow/example_dags/tutorial.py for tasks to queue
[2025-03-22T10:24:37.700+0500] {logging_mixin.py:190} INFO - [2025-03-22T10:24:37.699+0500] {dagbag.py:588} INFO - Filling up the DagBag from /home/ruslan/.local/lib/python3.10/site-packages/airflow/example_dags/tutorial.py
[2025-03-22T10:24:37.705+0500] {processor.py:925} INFO - DAG(s) 'tutorial' retrieved from /home/ruslan/.local/lib/python3.10/site-packages/airflow/example_dags/tutorial.py
[2025-03-22T10:24:37.714+0500] {logging_mixin.py:190} INFO - [2025-03-22T10:24:37.714+0500] {dag.py:3239} INFO - Sync 1 DAGs
[2025-03-22T10:24:37.725+0500] {logging_mixin.py:190} INFO - [2025-03-22T10:24:37.725+0500] {dag.py:4180} INFO - Setting next_dagrun for tutorial to 2025-03-21 00:00:00+00:00, run_after=2025-03-22 00:00:00+00:00
[2025-03-22T10:24:37.740+0500] {processor.py:208} INFO - Processing /home/ruslan/.local/lib/python3.10/site-packages/airflow/example_dags/tutorial.py took 0.046 seconds
[2025-03-22T10:25:54.515+0500] {processor.py:186} INFO - Started process (PID=29713) to work on /home/ruslan/.local/lib/python3.10/site-packages/airflow/example_dags/tutorial.py
[2025-03-22T10:25:54.516+0500] {processor.py:914} INFO - Processing file /home/ruslan/.local/lib/python3.10/site-packages/airflow/example_dags/tutorial.py for tasks to queue
[2025-03-22T10:25:54.518+0500] {logging_mixin.py:190} INFO - [2025-03-22T10:25:54.518+0500] {dagbag.py:588} INFO - Filling up the DagBag from /home/ruslan/.local/lib/python3.10/site-packages/airflow/example_dags/tutorial.py
[2025-03-22T10:25:54.523+0500] {processor.py:925} INFO - DAG(s) 'tutorial' retrieved from /home/ruslan/.local/lib/python3.10/site-packages/airflow/example_dags/tutorial.py
[2025-03-22T10:25:54.532+0500] {logging_mixin.py:190} INFO - [2025-03-22T10:25:54.532+0500] {dag.py:3239} INFO - Sync 1 DAGs
[2025-03-22T10:25:54.543+0500] {logging_mixin.py:190} INFO - [2025-03-22T10:25:54.543+0500] {dag.py:4180} INFO - Setting next_dagrun for tutorial to 2025-03-21 00:00:00+00:00, run_after=2025-03-22 00:00:00+00:00
[2025-03-22T10:25:54.557+0500] {processor.py:208} INFO - Processing /home/ruslan/.local/lib/python3.10/site-packages/airflow/example_dags/tutorial.py took 0.046 seconds
[2025-03-22T10:26:46.757+0500] {processor.py:186} INFO - Started process (PID=30782) to work on /home/ruslan/.local/lib/python3.10/site-packages/airflow/example_dags/tutorial.py
[2025-03-22T10:26:46.758+0500] {processor.py:914} INFO - Processing file /home/ruslan/.local/lib/python3.10/site-packages/airflow/example_dags/tutorial.py for tasks to queue
[2025-03-22T10:26:46.760+0500] {logging_mixin.py:190} INFO - [2025-03-22T10:26:46.759+0500] {dagbag.py:588} INFO - Filling up the DagBag from /home/ruslan/.local/lib/python3.10/site-packages/airflow/example_dags/tutorial.py
[2025-03-22T10:26:46.768+0500] {processor.py:925} INFO - DAG(s) 'tutorial' retrieved from /home/ruslan/.local/lib/python3.10/site-packages/airflow/example_dags/tutorial.py
[2025-03-22T10:26:46.778+0500] {logging_mixin.py:190} INFO - [2025-03-22T10:26:46.778+0500] {dag.py:3239} INFO - Sync 1 DAGs
[2025-03-22T10:26:46.789+0500] {logging_mixin.py:190} INFO - [2025-03-22T10:26:46.789+0500] {dag.py:4180} INFO - Setting next_dagrun for tutorial to 2025-03-21 00:00:00+00:00, run_after=2025-03-22 00:00:00+00:00
[2025-03-22T10:26:46.804+0500] {processor.py:208} INFO - Processing /home/ruslan/.local/lib/python3.10/site-packages/airflow/example_dags/tutorial.py took 0.050 seconds
[2025-03-22T10:28:02.912+0500] {processor.py:186} INFO - Started process (PID=31590) to work on /home/ruslan/.local/lib/python3.10/site-packages/airflow/example_dags/tutorial.py
[2025-03-22T10:28:02.914+0500] {processor.py:914} INFO - Processing file /home/ruslan/.local/lib/python3.10/site-packages/airflow/example_dags/tutorial.py for tasks to queue
[2025-03-22T10:28:02.915+0500] {logging_mixin.py:190} INFO - [2025-03-22T10:28:02.915+0500] {dagbag.py:588} INFO - Filling up the DagBag from /home/ruslan/.local/lib/python3.10/site-packages/airflow/example_dags/tutorial.py
[2025-03-22T10:28:02.920+0500] {processor.py:925} INFO - DAG(s) 'tutorial' retrieved from /home/ruslan/.local/lib/python3.10/site-packages/airflow/example_dags/tutorial.py
[2025-03-22T10:28:02.928+0500] {logging_mixin.py:190} INFO - [2025-03-22T10:28:02.928+0500] {dag.py:3239} INFO - Sync 1 DAGs
[2025-03-22T10:28:02.939+0500] {logging_mixin.py:190} INFO - [2025-03-22T10:28:02.939+0500] {dag.py:4180} INFO - Setting next_dagrun for tutorial to 2025-03-21 00:00:00+00:00, run_after=2025-03-22 00:00:00+00:00
[2025-03-22T10:28:02.954+0500] {processor.py:208} INFO - Processing /home/ruslan/.local/lib/python3.10/site-packages/airflow/example_dags/tutorial.py took 0.045 seconds
[2025-03-22T10:28:55.694+0500] {processor.py:186} INFO - Started process (PID=32212) to work on /home/ruslan/.local/lib/python3.10/site-packages/airflow/example_dags/tutorial.py
[2025-03-22T10:28:55.695+0500] {processor.py:914} INFO - Processing file /home/ruslan/.local/lib/python3.10/site-packages/airflow/example_dags/tutorial.py for tasks to queue
[2025-03-22T10:28:55.696+0500] {logging_mixin.py:190} INFO - [2025-03-22T10:28:55.696+0500] {dagbag.py:588} INFO - Filling up the DagBag from /home/ruslan/.local/lib/python3.10/site-packages/airflow/example_dags/tutorial.py
[2025-03-22T10:28:55.701+0500] {processor.py:925} INFO - DAG(s) 'tutorial' retrieved from /home/ruslan/.local/lib/python3.10/site-packages/airflow/example_dags/tutorial.py
[2025-03-22T10:28:55.709+0500] {logging_mixin.py:190} INFO - [2025-03-22T10:28:55.709+0500] {dag.py:3239} INFO - Sync 1 DAGs
[2025-03-22T10:28:55.720+0500] {logging_mixin.py:190} INFO - [2025-03-22T10:28:55.720+0500] {dag.py:4180} INFO - Setting next_dagrun for tutorial to 2025-03-21 00:00:00+00:00, run_after=2025-03-22 00:00:00+00:00
[2025-03-22T10:28:55.735+0500] {processor.py:208} INFO - Processing /home/ruslan/.local/lib/python3.10/site-packages/airflow/example_dags/tutorial.py took 0.044 seconds
[2025-03-22T10:29:48.500+0500] {processor.py:186} INFO - Started process (PID=32739) to work on /home/ruslan/.local/lib/python3.10/site-packages/airflow/example_dags/tutorial.py
[2025-03-22T10:29:48.502+0500] {processor.py:914} INFO - Processing file /home/ruslan/.local/lib/python3.10/site-packages/airflow/example_dags/tutorial.py for tasks to queue
[2025-03-22T10:29:48.503+0500] {logging_mixin.py:190} INFO - [2025-03-22T10:29:48.502+0500] {dagbag.py:588} INFO - Filling up the DagBag from /home/ruslan/.local/lib/python3.10/site-packages/airflow/example_dags/tutorial.py
[2025-03-22T10:29:48.508+0500] {processor.py:925} INFO - DAG(s) 'tutorial' retrieved from /home/ruslan/.local/lib/python3.10/site-packages/airflow/example_dags/tutorial.py
[2025-03-22T10:29:48.516+0500] {logging_mixin.py:190} INFO - [2025-03-22T10:29:48.516+0500] {dag.py:3239} INFO - Sync 1 DAGs
[2025-03-22T10:29:48.527+0500] {logging_mixin.py:190} INFO - [2025-03-22T10:29:48.527+0500] {dag.py:4180} INFO - Setting next_dagrun for tutorial to 2025-03-21 00:00:00+00:00, run_after=2025-03-22 00:00:00+00:00
[2025-03-22T10:29:48.542+0500] {processor.py:208} INFO - Processing /home/ruslan/.local/lib/python3.10/site-packages/airflow/example_dags/tutorial.py took 0.045 seconds
[2025-03-22T10:30:40.695+0500] {processor.py:186} INFO - Started process (PID=32999) to work on /home/ruslan/.local/lib/python3.10/site-packages/airflow/example_dags/tutorial.py
[2025-03-22T10:30:40.696+0500] {processor.py:914} INFO - Processing file /home/ruslan/.local/lib/python3.10/site-packages/airflow/example_dags/tutorial.py for tasks to queue
[2025-03-22T10:30:40.697+0500] {logging_mixin.py:190} INFO - [2025-03-22T10:30:40.697+0500] {dagbag.py:588} INFO - Filling up the DagBag from /home/ruslan/.local/lib/python3.10/site-packages/airflow/example_dags/tutorial.py
[2025-03-22T10:30:40.702+0500] {processor.py:925} INFO - DAG(s) 'tutorial' retrieved from /home/ruslan/.local/lib/python3.10/site-packages/airflow/example_dags/tutorial.py
[2025-03-22T10:30:40.712+0500] {logging_mixin.py:190} INFO - [2025-03-22T10:30:40.712+0500] {dag.py:3239} INFO - Sync 1 DAGs
[2025-03-22T10:30:40.723+0500] {logging_mixin.py:190} INFO - [2025-03-22T10:30:40.723+0500] {dag.py:4180} INFO - Setting next_dagrun for tutorial to 2025-03-21 00:00:00+00:00, run_after=2025-03-22 00:00:00+00:00
[2025-03-22T10:30:40.739+0500] {processor.py:208} INFO - Processing /home/ruslan/.local/lib/python3.10/site-packages/airflow/example_dags/tutorial.py took 0.049 seconds
[2025-03-22T10:31:33.071+0500] {processor.py:186} INFO - Started process (PID=33555) to work on /home/ruslan/.local/lib/python3.10/site-packages/airflow/example_dags/tutorial.py
[2025-03-22T10:31:33.073+0500] {processor.py:914} INFO - Processing file /home/ruslan/.local/lib/python3.10/site-packages/airflow/example_dags/tutorial.py for tasks to queue
[2025-03-22T10:31:33.073+0500] {logging_mixin.py:190} INFO - [2025-03-22T10:31:33.073+0500] {dagbag.py:588} INFO - Filling up the DagBag from /home/ruslan/.local/lib/python3.10/site-packages/airflow/example_dags/tutorial.py
[2025-03-22T10:31:33.079+0500] {processor.py:925} INFO - DAG(s) 'tutorial' retrieved from /home/ruslan/.local/lib/python3.10/site-packages/airflow/example_dags/tutorial.py
[2025-03-22T10:31:33.088+0500] {logging_mixin.py:190} INFO - [2025-03-22T10:31:33.087+0500] {dag.py:3239} INFO - Sync 1 DAGs
[2025-03-22T10:31:33.099+0500] {logging_mixin.py:190} INFO - [2025-03-22T10:31:33.099+0500] {dag.py:4180} INFO - Setting next_dagrun for tutorial to 2025-03-21 00:00:00+00:00, run_after=2025-03-22 00:00:00+00:00
[2025-03-22T10:31:33.114+0500] {processor.py:208} INFO - Processing /home/ruslan/.local/lib/python3.10/site-packages/airflow/example_dags/tutorial.py took 0.047 seconds
[2025-03-22T10:33:26.608+0500] {processor.py:186} INFO - Started process (PID=35107) to work on /home/ruslan/.local/lib/python3.10/site-packages/airflow/example_dags/tutorial.py
[2025-03-22T10:33:26.609+0500] {processor.py:914} INFO - Processing file /home/ruslan/.local/lib/python3.10/site-packages/airflow/example_dags/tutorial.py for tasks to queue
[2025-03-22T10:33:26.610+0500] {logging_mixin.py:190} INFO - [2025-03-22T10:33:26.610+0500] {dagbag.py:588} INFO - Filling up the DagBag from /home/ruslan/.local/lib/python3.10/site-packages/airflow/example_dags/tutorial.py
[2025-03-22T10:33:26.615+0500] {processor.py:925} INFO - DAG(s) 'tutorial' retrieved from /home/ruslan/.local/lib/python3.10/site-packages/airflow/example_dags/tutorial.py
[2025-03-22T10:33:26.625+0500] {logging_mixin.py:190} INFO - [2025-03-22T10:33:26.625+0500] {dag.py:3239} INFO - Sync 1 DAGs
[2025-03-22T10:33:26.636+0500] {logging_mixin.py:190} INFO - [2025-03-22T10:33:26.636+0500] {dag.py:4180} INFO - Setting next_dagrun for tutorial to 2025-03-21 00:00:00+00:00, run_after=2025-03-22 00:00:00+00:00
[2025-03-22T10:33:26.651+0500] {processor.py:208} INFO - Processing /home/ruslan/.local/lib/python3.10/site-packages/airflow/example_dags/tutorial.py took 0.046 seconds
[2025-03-22T10:34:20.918+0500] {processor.py:186} INFO - Started process (PID=35787) to work on /home/ruslan/.local/lib/python3.10/site-packages/airflow/example_dags/tutorial.py
[2025-03-22T10:34:20.919+0500] {processor.py:914} INFO - Processing file /home/ruslan/.local/lib/python3.10/site-packages/airflow/example_dags/tutorial.py for tasks to queue
[2025-03-22T10:34:20.921+0500] {logging_mixin.py:190} INFO - [2025-03-22T10:34:20.920+0500] {dagbag.py:588} INFO - Filling up the DagBag from /home/ruslan/.local/lib/python3.10/site-packages/airflow/example_dags/tutorial.py
[2025-03-22T10:34:20.925+0500] {processor.py:925} INFO - DAG(s) 'tutorial' retrieved from /home/ruslan/.local/lib/python3.10/site-packages/airflow/example_dags/tutorial.py
[2025-03-22T10:34:20.934+0500] {logging_mixin.py:190} INFO - [2025-03-22T10:34:20.934+0500] {dag.py:3239} INFO - Sync 1 DAGs
[2025-03-22T10:34:20.944+0500] {logging_mixin.py:190} INFO - [2025-03-22T10:34:20.944+0500] {dag.py:4180} INFO - Setting next_dagrun for tutorial to 2025-03-21 00:00:00+00:00, run_after=2025-03-22 00:00:00+00:00
[2025-03-22T10:34:20.959+0500] {processor.py:208} INFO - Processing /home/ruslan/.local/lib/python3.10/site-packages/airflow/example_dags/tutorial.py took 0.044 seconds
[2025-03-22T10:35:33.940+0500] {processor.py:186} INFO - Started process (PID=36573) to work on /home/ruslan/.local/lib/python3.10/site-packages/airflow/example_dags/tutorial.py
[2025-03-22T10:35:33.941+0500] {processor.py:914} INFO - Processing file /home/ruslan/.local/lib/python3.10/site-packages/airflow/example_dags/tutorial.py for tasks to queue
[2025-03-22T10:35:33.942+0500] {logging_mixin.py:190} INFO - [2025-03-22T10:35:33.942+0500] {dagbag.py:588} INFO - Filling up the DagBag from /home/ruslan/.local/lib/python3.10/site-packages/airflow/example_dags/tutorial.py
[2025-03-22T10:35:33.947+0500] {processor.py:925} INFO - DAG(s) 'tutorial' retrieved from /home/ruslan/.local/lib/python3.10/site-packages/airflow/example_dags/tutorial.py
[2025-03-22T10:35:33.955+0500] {logging_mixin.py:190} INFO - [2025-03-22T10:35:33.955+0500] {dag.py:3239} INFO - Sync 1 DAGs
[2025-03-22T10:35:33.966+0500] {logging_mixin.py:190} INFO - [2025-03-22T10:35:33.966+0500] {dag.py:4180} INFO - Setting next_dagrun for tutorial to 2025-03-21 00:00:00+00:00, run_after=2025-03-22 00:00:00+00:00
[2025-03-22T10:35:33.981+0500] {processor.py:208} INFO - Processing /home/ruslan/.local/lib/python3.10/site-packages/airflow/example_dags/tutorial.py took 0.045 seconds
[2025-03-22T10:36:45.440+0500] {processor.py:186} INFO - Started process (PID=37283) to work on /home/ruslan/.local/lib/python3.10/site-packages/airflow/example_dags/tutorial.py
[2025-03-22T10:36:45.442+0500] {processor.py:914} INFO - Processing file /home/ruslan/.local/lib/python3.10/site-packages/airflow/example_dags/tutorial.py for tasks to queue
[2025-03-22T10:36:45.443+0500] {logging_mixin.py:190} INFO - [2025-03-22T10:36:45.443+0500] {dagbag.py:588} INFO - Filling up the DagBag from /home/ruslan/.local/lib/python3.10/site-packages/airflow/example_dags/tutorial.py
[2025-03-22T10:36:45.448+0500] {processor.py:925} INFO - DAG(s) 'tutorial' retrieved from /home/ruslan/.local/lib/python3.10/site-packages/airflow/example_dags/tutorial.py
[2025-03-22T10:36:45.458+0500] {logging_mixin.py:190} INFO - [2025-03-22T10:36:45.457+0500] {dag.py:3239} INFO - Sync 1 DAGs
[2025-03-22T10:36:45.470+0500] {logging_mixin.py:190} INFO - [2025-03-22T10:36:45.470+0500] {dag.py:4180} INFO - Setting next_dagrun for tutorial to 2025-03-21 00:00:00+00:00, run_after=2025-03-22 00:00:00+00:00
[2025-03-22T10:36:45.485+0500] {processor.py:208} INFO - Processing /home/ruslan/.local/lib/python3.10/site-packages/airflow/example_dags/tutorial.py took 0.048 seconds
[2025-03-22T10:37:42.106+0500] {processor.py:186} INFO - Started process (PID=37572) to work on /home/ruslan/.local/lib/python3.10/site-packages/airflow/example_dags/tutorial.py
[2025-03-22T10:37:42.107+0500] {processor.py:914} INFO - Processing file /home/ruslan/.local/lib/python3.10/site-packages/airflow/example_dags/tutorial.py for tasks to queue
[2025-03-22T10:37:42.108+0500] {logging_mixin.py:190} INFO - [2025-03-22T10:37:42.108+0500] {dagbag.py:588} INFO - Filling up the DagBag from /home/ruslan/.local/lib/python3.10/site-packages/airflow/example_dags/tutorial.py
[2025-03-22T10:37:42.114+0500] {processor.py:925} INFO - DAG(s) 'tutorial' retrieved from /home/ruslan/.local/lib/python3.10/site-packages/airflow/example_dags/tutorial.py
[2025-03-22T10:37:42.123+0500] {logging_mixin.py:190} INFO - [2025-03-22T10:37:42.122+0500] {dag.py:3239} INFO - Sync 1 DAGs
[2025-03-22T10:37:42.135+0500] {logging_mixin.py:190} INFO - [2025-03-22T10:37:42.134+0500] {dag.py:4180} INFO - Setting next_dagrun for tutorial to 2025-03-21 00:00:00+00:00, run_after=2025-03-22 00:00:00+00:00
[2025-03-22T10:37:42.150+0500] {processor.py:208} INFO - Processing /home/ruslan/.local/lib/python3.10/site-packages/airflow/example_dags/tutorial.py took 0.048 seconds
[2025-03-22T10:39:11.088+0500] {processor.py:186} INFO - Started process (PID=38880) to work on /home/ruslan/.local/lib/python3.10/site-packages/airflow/example_dags/tutorial.py
[2025-03-22T10:39:11.089+0500] {processor.py:914} INFO - Processing file /home/ruslan/.local/lib/python3.10/site-packages/airflow/example_dags/tutorial.py for tasks to queue
[2025-03-22T10:39:11.091+0500] {logging_mixin.py:190} INFO - [2025-03-22T10:39:11.091+0500] {dagbag.py:588} INFO - Filling up the DagBag from /home/ruslan/.local/lib/python3.10/site-packages/airflow/example_dags/tutorial.py
[2025-03-22T10:39:11.096+0500] {processor.py:925} INFO - DAG(s) 'tutorial' retrieved from /home/ruslan/.local/lib/python3.10/site-packages/airflow/example_dags/tutorial.py
[2025-03-22T10:39:11.105+0500] {logging_mixin.py:190} INFO - [2025-03-22T10:39:11.105+0500] {dag.py:3239} INFO - Sync 1 DAGs
[2025-03-22T10:39:11.116+0500] {logging_mixin.py:190} INFO - [2025-03-22T10:39:11.116+0500] {dag.py:4180} INFO - Setting next_dagrun for tutorial to 2025-03-21 00:00:00+00:00, run_after=2025-03-22 00:00:00+00:00
[2025-03-22T10:39:11.131+0500] {processor.py:208} INFO - Processing /home/ruslan/.local/lib/python3.10/site-packages/airflow/example_dags/tutorial.py took 0.046 seconds
[2025-03-22T10:40:06.395+0500] {processor.py:186} INFO - Started process (PID=39467) to work on /home/ruslan/.local/lib/python3.10/site-packages/airflow/example_dags/tutorial.py
[2025-03-22T10:40:06.396+0500] {processor.py:914} INFO - Processing file /home/ruslan/.local/lib/python3.10/site-packages/airflow/example_dags/tutorial.py for tasks to queue
[2025-03-22T10:40:06.398+0500] {logging_mixin.py:190} INFO - [2025-03-22T10:40:06.397+0500] {dagbag.py:588} INFO - Filling up the DagBag from /home/ruslan/.local/lib/python3.10/site-packages/airflow/example_dags/tutorial.py
[2025-03-22T10:40:06.403+0500] {processor.py:925} INFO - DAG(s) 'tutorial' retrieved from /home/ruslan/.local/lib/python3.10/site-packages/airflow/example_dags/tutorial.py
[2025-03-22T10:40:06.411+0500] {logging_mixin.py:190} INFO - [2025-03-22T10:40:06.411+0500] {dag.py:3239} INFO - Sync 1 DAGs
[2025-03-22T10:40:06.422+0500] {logging_mixin.py:190} INFO - [2025-03-22T10:40:06.422+0500] {dag.py:4180} INFO - Setting next_dagrun for tutorial to 2025-03-21 00:00:00+00:00, run_after=2025-03-22 00:00:00+00:00
[2025-03-22T10:40:06.437+0500] {processor.py:208} INFO - Processing /home/ruslan/.local/lib/python3.10/site-packages/airflow/example_dags/tutorial.py took 0.046 seconds
[2025-03-22T10:41:04.119+0500] {processor.py:186} INFO - Started process (PID=40276) to work on /home/ruslan/.local/lib/python3.10/site-packages/airflow/example_dags/tutorial.py
[2025-03-22T10:41:04.120+0500] {processor.py:914} INFO - Processing file /home/ruslan/.local/lib/python3.10/site-packages/airflow/example_dags/tutorial.py for tasks to queue
[2025-03-22T10:41:04.122+0500] {logging_mixin.py:190} INFO - [2025-03-22T10:41:04.122+0500] {dagbag.py:588} INFO - Filling up the DagBag from /home/ruslan/.local/lib/python3.10/site-packages/airflow/example_dags/tutorial.py
[2025-03-22T10:41:04.126+0500] {processor.py:925} INFO - DAG(s) 'tutorial' retrieved from /home/ruslan/.local/lib/python3.10/site-packages/airflow/example_dags/tutorial.py
[2025-03-22T10:41:04.135+0500] {logging_mixin.py:190} INFO - [2025-03-22T10:41:04.135+0500] {dag.py:3239} INFO - Sync 1 DAGs
[2025-03-22T10:41:04.146+0500] {logging_mixin.py:190} INFO - [2025-03-22T10:41:04.146+0500] {dag.py:4180} INFO - Setting next_dagrun for tutorial to 2025-03-21 00:00:00+00:00, run_after=2025-03-22 00:00:00+00:00
[2025-03-22T10:41:04.161+0500] {processor.py:208} INFO - Processing /home/ruslan/.local/lib/python3.10/site-packages/airflow/example_dags/tutorial.py took 0.045 seconds
[2025-03-22T10:42:03.762+0500] {processor.py:186} INFO - Started process (PID=40917) to work on /home/ruslan/.local/lib/python3.10/site-packages/airflow/example_dags/tutorial.py
[2025-03-22T10:42:03.763+0500] {processor.py:914} INFO - Processing file /home/ruslan/.local/lib/python3.10/site-packages/airflow/example_dags/tutorial.py for tasks to queue
[2025-03-22T10:42:03.764+0500] {logging_mixin.py:190} INFO - [2025-03-22T10:42:03.764+0500] {dagbag.py:588} INFO - Filling up the DagBag from /home/ruslan/.local/lib/python3.10/site-packages/airflow/example_dags/tutorial.py
[2025-03-22T10:42:03.769+0500] {processor.py:925} INFO - DAG(s) 'tutorial' retrieved from /home/ruslan/.local/lib/python3.10/site-packages/airflow/example_dags/tutorial.py
[2025-03-22T10:42:03.777+0500] {logging_mixin.py:190} INFO - [2025-03-22T10:42:03.777+0500] {dag.py:3239} INFO - Sync 1 DAGs
[2025-03-22T10:42:03.788+0500] {logging_mixin.py:190} INFO - [2025-03-22T10:42:03.788+0500] {dag.py:4180} INFO - Setting next_dagrun for tutorial to 2025-03-21 00:00:00+00:00, run_after=2025-03-22 00:00:00+00:00
[2025-03-22T10:42:03.803+0500] {processor.py:208} INFO - Processing /home/ruslan/.local/lib/python3.10/site-packages/airflow/example_dags/tutorial.py took 0.045 seconds
[2025-03-22T10:42:59.920+0500] {processor.py:186} INFO - Started process (PID=41633) to work on /home/ruslan/.local/lib/python3.10/site-packages/airflow/example_dags/tutorial.py
[2025-03-22T10:42:59.922+0500] {processor.py:914} INFO - Processing file /home/ruslan/.local/lib/python3.10/site-packages/airflow/example_dags/tutorial.py for tasks to queue
[2025-03-22T10:42:59.923+0500] {logging_mixin.py:190} INFO - [2025-03-22T10:42:59.923+0500] {dagbag.py:588} INFO - Filling up the DagBag from /home/ruslan/.local/lib/python3.10/site-packages/airflow/example_dags/tutorial.py
[2025-03-22T10:42:59.928+0500] {processor.py:925} INFO - DAG(s) 'tutorial' retrieved from /home/ruslan/.local/lib/python3.10/site-packages/airflow/example_dags/tutorial.py
[2025-03-22T10:42:59.936+0500] {logging_mixin.py:190} INFO - [2025-03-22T10:42:59.936+0500] {dag.py:3239} INFO - Sync 1 DAGs
[2025-03-22T10:42:59.947+0500] {logging_mixin.py:190} INFO - [2025-03-22T10:42:59.947+0500] {dag.py:4180} INFO - Setting next_dagrun for tutorial to 2025-03-21 00:00:00+00:00, run_after=2025-03-22 00:00:00+00:00
[2025-03-22T10:42:59.961+0500] {processor.py:208} INFO - Processing /home/ruslan/.local/lib/python3.10/site-packages/airflow/example_dags/tutorial.py took 0.044 seconds
[2025-03-22T10:43:55.470+0500] {processor.py:186} INFO - Started process (PID=42348) to work on /home/ruslan/.local/lib/python3.10/site-packages/airflow/example_dags/tutorial.py
[2025-03-22T10:43:55.472+0500] {processor.py:914} INFO - Processing file /home/ruslan/.local/lib/python3.10/site-packages/airflow/example_dags/tutorial.py for tasks to queue
[2025-03-22T10:43:55.473+0500] {logging_mixin.py:190} INFO - [2025-03-22T10:43:55.473+0500] {dagbag.py:588} INFO - Filling up the DagBag from /home/ruslan/.local/lib/python3.10/site-packages/airflow/example_dags/tutorial.py
[2025-03-22T10:43:55.478+0500] {processor.py:925} INFO - DAG(s) 'tutorial' retrieved from /home/ruslan/.local/lib/python3.10/site-packages/airflow/example_dags/tutorial.py
[2025-03-22T10:43:55.487+0500] {logging_mixin.py:190} INFO - [2025-03-22T10:43:55.487+0500] {dag.py:3239} INFO - Sync 1 DAGs
[2025-03-22T10:43:55.498+0500] {logging_mixin.py:190} INFO - [2025-03-22T10:43:55.498+0500] {dag.py:4180} INFO - Setting next_dagrun for tutorial to 2025-03-21 00:00:00+00:00, run_after=2025-03-22 00:00:00+00:00
[2025-03-22T10:43:55.513+0500] {processor.py:208} INFO - Processing /home/ruslan/.local/lib/python3.10/site-packages/airflow/example_dags/tutorial.py took 0.046 seconds
[2025-03-22T10:44:49.647+0500] {processor.py:186} INFO - Started process (PID=42963) to work on /home/ruslan/.local/lib/python3.10/site-packages/airflow/example_dags/tutorial.py
[2025-03-22T10:44:49.649+0500] {processor.py:914} INFO - Processing file /home/ruslan/.local/lib/python3.10/site-packages/airflow/example_dags/tutorial.py for tasks to queue
[2025-03-22T10:44:49.650+0500] {logging_mixin.py:190} INFO - [2025-03-22T10:44:49.650+0500] {dagbag.py:588} INFO - Filling up the DagBag from /home/ruslan/.local/lib/python3.10/site-packages/airflow/example_dags/tutorial.py
[2025-03-22T10:44:49.655+0500] {processor.py:925} INFO - DAG(s) 'tutorial' retrieved from /home/ruslan/.local/lib/python3.10/site-packages/airflow/example_dags/tutorial.py
[2025-03-22T10:44:49.663+0500] {logging_mixin.py:190} INFO - [2025-03-22T10:44:49.663+0500] {dag.py:3239} INFO - Sync 1 DAGs
[2025-03-22T10:44:49.675+0500] {logging_mixin.py:190} INFO - [2025-03-22T10:44:49.675+0500] {dag.py:4180} INFO - Setting next_dagrun for tutorial to 2025-03-21 00:00:00+00:00, run_after=2025-03-22 00:00:00+00:00
[2025-03-22T10:44:49.691+0500] {processor.py:208} INFO - Processing /home/ruslan/.local/lib/python3.10/site-packages/airflow/example_dags/tutorial.py took 0.047 seconds
[2025-03-22T10:46:12.165+0500] {processor.py:186} INFO - Started process (PID=44007) to work on /home/ruslan/.local/lib/python3.10/site-packages/airflow/example_dags/tutorial.py
[2025-03-22T10:46:12.166+0500] {processor.py:914} INFO - Processing file /home/ruslan/.local/lib/python3.10/site-packages/airflow/example_dags/tutorial.py for tasks to queue
[2025-03-22T10:46:12.167+0500] {logging_mixin.py:190} INFO - [2025-03-22T10:46:12.167+0500] {dagbag.py:588} INFO - Filling up the DagBag from /home/ruslan/.local/lib/python3.10/site-packages/airflow/example_dags/tutorial.py
[2025-03-22T10:46:12.172+0500] {processor.py:925} INFO - DAG(s) 'tutorial' retrieved from /home/ruslan/.local/lib/python3.10/site-packages/airflow/example_dags/tutorial.py
[2025-03-22T10:46:12.180+0500] {logging_mixin.py:190} INFO - [2025-03-22T10:46:12.180+0500] {dag.py:3239} INFO - Sync 1 DAGs
[2025-03-22T10:46:12.191+0500] {logging_mixin.py:190} INFO - [2025-03-22T10:46:12.191+0500] {dag.py:4180} INFO - Setting next_dagrun for tutorial to 2025-03-21 00:00:00+00:00, run_after=2025-03-22 00:00:00+00:00
[2025-03-22T10:46:12.206+0500] {processor.py:208} INFO - Processing /home/ruslan/.local/lib/python3.10/site-packages/airflow/example_dags/tutorial.py took 0.045 seconds
[2025-03-22T10:47:07.532+0500] {processor.py:186} INFO - Started process (PID=44740) to work on /home/ruslan/.local/lib/python3.10/site-packages/airflow/example_dags/tutorial.py
[2025-03-22T10:47:07.533+0500] {processor.py:914} INFO - Processing file /home/ruslan/.local/lib/python3.10/site-packages/airflow/example_dags/tutorial.py for tasks to queue
[2025-03-22T10:47:07.534+0500] {logging_mixin.py:190} INFO - [2025-03-22T10:47:07.534+0500] {dagbag.py:588} INFO - Filling up the DagBag from /home/ruslan/.local/lib/python3.10/site-packages/airflow/example_dags/tutorial.py
[2025-03-22T10:47:07.539+0500] {processor.py:925} INFO - DAG(s) 'tutorial' retrieved from /home/ruslan/.local/lib/python3.10/site-packages/airflow/example_dags/tutorial.py
[2025-03-22T10:47:07.548+0500] {logging_mixin.py:190} INFO - [2025-03-22T10:47:07.548+0500] {dag.py:3239} INFO - Sync 1 DAGs
[2025-03-22T10:47:07.559+0500] {logging_mixin.py:190} INFO - [2025-03-22T10:47:07.558+0500] {dag.py:4180} INFO - Setting next_dagrun for tutorial to 2025-03-21 00:00:00+00:00, run_after=2025-03-22 00:00:00+00:00
[2025-03-22T10:47:07.573+0500] {processor.py:208} INFO - Processing /home/ruslan/.local/lib/python3.10/site-packages/airflow/example_dags/tutorial.py took 0.045 seconds
[2025-03-22T10:48:01.703+0500] {processor.py:186} INFO - Started process (PID=45367) to work on /home/ruslan/.local/lib/python3.10/site-packages/airflow/example_dags/tutorial.py
[2025-03-22T10:48:01.704+0500] {processor.py:914} INFO - Processing file /home/ruslan/.local/lib/python3.10/site-packages/airflow/example_dags/tutorial.py for tasks to queue
[2025-03-22T10:48:01.705+0500] {logging_mixin.py:190} INFO - [2025-03-22T10:48:01.705+0500] {dagbag.py:588} INFO - Filling up the DagBag from /home/ruslan/.local/lib/python3.10/site-packages/airflow/example_dags/tutorial.py
[2025-03-22T10:48:01.710+0500] {processor.py:925} INFO - DAG(s) 'tutorial' retrieved from /home/ruslan/.local/lib/python3.10/site-packages/airflow/example_dags/tutorial.py
[2025-03-22T10:48:01.718+0500] {logging_mixin.py:190} INFO - [2025-03-22T10:48:01.718+0500] {dag.py:3239} INFO - Sync 1 DAGs
[2025-03-22T10:48:01.729+0500] {logging_mixin.py:190} INFO - [2025-03-22T10:48:01.729+0500] {dag.py:4180} INFO - Setting next_dagrun for tutorial to 2025-03-21 00:00:00+00:00, run_after=2025-03-22 00:00:00+00:00
[2025-03-22T10:48:01.744+0500] {processor.py:208} INFO - Processing /home/ruslan/.local/lib/python3.10/site-packages/airflow/example_dags/tutorial.py took 0.045 seconds
[2025-03-22T10:48:54.199+0500] {processor.py:186} INFO - Started process (PID=46136) to work on /home/ruslan/.local/lib/python3.10/site-packages/airflow/example_dags/tutorial.py
[2025-03-22T10:48:54.200+0500] {processor.py:914} INFO - Processing file /home/ruslan/.local/lib/python3.10/site-packages/airflow/example_dags/tutorial.py for tasks to queue
[2025-03-22T10:48:54.201+0500] {logging_mixin.py:190} INFO - [2025-03-22T10:48:54.201+0500] {dagbag.py:588} INFO - Filling up the DagBag from /home/ruslan/.local/lib/python3.10/site-packages/airflow/example_dags/tutorial.py
[2025-03-22T10:48:54.206+0500] {processor.py:925} INFO - DAG(s) 'tutorial' retrieved from /home/ruslan/.local/lib/python3.10/site-packages/airflow/example_dags/tutorial.py
[2025-03-22T10:48:54.214+0500] {logging_mixin.py:190} INFO - [2025-03-22T10:48:54.214+0500] {dag.py:3239} INFO - Sync 1 DAGs
[2025-03-22T10:48:54.226+0500] {logging_mixin.py:190} INFO - [2025-03-22T10:48:54.225+0500] {dag.py:4180} INFO - Setting next_dagrun for tutorial to 2025-03-21 00:00:00+00:00, run_after=2025-03-22 00:00:00+00:00
[2025-03-22T10:48:54.240+0500] {processor.py:208} INFO - Processing /home/ruslan/.local/lib/python3.10/site-packages/airflow/example_dags/tutorial.py took 0.045 seconds
[2025-03-22T12:47:15.892+0500] {processor.py:186} INFO - Started process (PID=1074) to work on /home/ruslan/.local/lib/python3.10/site-packages/airflow/example_dags/tutorial.py
[2025-03-22T12:47:15.893+0500] {processor.py:914} INFO - Processing file /home/ruslan/.local/lib/python3.10/site-packages/airflow/example_dags/tutorial.py for tasks to queue
[2025-03-22T12:47:15.894+0500] {logging_mixin.py:190} INFO - [2025-03-22T12:47:15.894+0500] {dagbag.py:588} INFO - Filling up the DagBag from /home/ruslan/.local/lib/python3.10/site-packages/airflow/example_dags/tutorial.py
[2025-03-22T12:47:15.900+0500] {processor.py:925} INFO - DAG(s) 'tutorial' retrieved from /home/ruslan/.local/lib/python3.10/site-packages/airflow/example_dags/tutorial.py
[2025-03-22T12:47:15.909+0500] {logging_mixin.py:190} INFO - [2025-03-22T12:47:15.909+0500] {dag.py:3239} INFO - Sync 1 DAGs
[2025-03-22T12:47:15.920+0500] {logging_mixin.py:190} INFO - [2025-03-22T12:47:15.920+0500] {dag.py:4180} INFO - Setting next_dagrun for tutorial to 2025-03-21 00:00:00+00:00, run_after=2025-03-22 00:00:00+00:00
[2025-03-22T12:47:15.934+0500] {processor.py:208} INFO - Processing /home/ruslan/.local/lib/python3.10/site-packages/airflow/example_dags/tutorial.py took 0.046 seconds
[2025-03-22T12:48:12.538+0500] {processor.py:186} INFO - Started process (PID=6309) to work on /home/ruslan/.local/lib/python3.10/site-packages/airflow/example_dags/tutorial.py
[2025-03-22T12:48:12.539+0500] {processor.py:914} INFO - Processing file /home/ruslan/.local/lib/python3.10/site-packages/airflow/example_dags/tutorial.py for tasks to queue
[2025-03-22T12:48:12.541+0500] {logging_mixin.py:190} INFO - [2025-03-22T12:48:12.540+0500] {dagbag.py:588} INFO - Filling up the DagBag from /home/ruslan/.local/lib/python3.10/site-packages/airflow/example_dags/tutorial.py
[2025-03-22T12:48:12.545+0500] {processor.py:925} INFO - DAG(s) 'tutorial' retrieved from /home/ruslan/.local/lib/python3.10/site-packages/airflow/example_dags/tutorial.py
[2025-03-22T12:48:12.553+0500] {logging_mixin.py:190} INFO - [2025-03-22T12:48:12.553+0500] {dag.py:3239} INFO - Sync 1 DAGs
[2025-03-22T12:48:12.563+0500] {logging_mixin.py:190} INFO - [2025-03-22T12:48:12.563+0500] {dag.py:4180} INFO - Setting next_dagrun for tutorial to 2025-03-21 00:00:00+00:00, run_after=2025-03-22 00:00:00+00:00
[2025-03-22T12:48:12.579+0500] {processor.py:208} INFO - Processing /home/ruslan/.local/lib/python3.10/site-packages/airflow/example_dags/tutorial.py took 0.044 seconds
[2025-03-22T12:49:07.019+0500] {processor.py:186} INFO - Started process (PID=7008) to work on /home/ruslan/.local/lib/python3.10/site-packages/airflow/example_dags/tutorial.py
[2025-03-22T12:49:07.020+0500] {processor.py:914} INFO - Processing file /home/ruslan/.local/lib/python3.10/site-packages/airflow/example_dags/tutorial.py for tasks to queue
[2025-03-22T12:49:07.021+0500] {logging_mixin.py:190} INFO - [2025-03-22T12:49:07.021+0500] {dagbag.py:588} INFO - Filling up the DagBag from /home/ruslan/.local/lib/python3.10/site-packages/airflow/example_dags/tutorial.py
[2025-03-22T12:49:07.026+0500] {processor.py:925} INFO - DAG(s) 'tutorial' retrieved from /home/ruslan/.local/lib/python3.10/site-packages/airflow/example_dags/tutorial.py
[2025-03-22T12:49:07.034+0500] {logging_mixin.py:190} INFO - [2025-03-22T12:49:07.034+0500] {dag.py:3239} INFO - Sync 1 DAGs
[2025-03-22T12:49:07.046+0500] {logging_mixin.py:190} INFO - [2025-03-22T12:49:07.046+0500] {dag.py:4180} INFO - Setting next_dagrun for tutorial to 2025-03-21 00:00:00+00:00, run_after=2025-03-22 00:00:00+00:00
[2025-03-22T12:49:07.062+0500] {processor.py:208} INFO - Processing /home/ruslan/.local/lib/python3.10/site-packages/airflow/example_dags/tutorial.py took 0.046 seconds
[2025-03-22T12:50:02.017+0500] {processor.py:186} INFO - Started process (PID=7683) to work on /home/ruslan/.local/lib/python3.10/site-packages/airflow/example_dags/tutorial.py
[2025-03-22T12:50:02.018+0500] {processor.py:914} INFO - Processing file /home/ruslan/.local/lib/python3.10/site-packages/airflow/example_dags/tutorial.py for tasks to queue
[2025-03-22T12:50:02.019+0500] {logging_mixin.py:190} INFO - [2025-03-22T12:50:02.019+0500] {dagbag.py:588} INFO - Filling up the DagBag from /home/ruslan/.local/lib/python3.10/site-packages/airflow/example_dags/tutorial.py
[2025-03-22T12:50:02.023+0500] {processor.py:925} INFO - DAG(s) 'tutorial' retrieved from /home/ruslan/.local/lib/python3.10/site-packages/airflow/example_dags/tutorial.py
[2025-03-22T12:50:02.031+0500] {logging_mixin.py:190} INFO - [2025-03-22T12:50:02.031+0500] {dag.py:3239} INFO - Sync 1 DAGs
[2025-03-22T12:50:02.041+0500] {logging_mixin.py:190} INFO - [2025-03-22T12:50:02.041+0500] {dag.py:4180} INFO - Setting next_dagrun for tutorial to 2025-03-21 00:00:00+00:00, run_after=2025-03-22 00:00:00+00:00
[2025-03-22T12:50:02.056+0500] {processor.py:208} INFO - Processing /home/ruslan/.local/lib/python3.10/site-packages/airflow/example_dags/tutorial.py took 0.043 seconds
[2025-03-22T12:51:30.297+0500] {processor.py:186} INFO - Started process (PID=9042) to work on /home/ruslan/.local/lib/python3.10/site-packages/airflow/example_dags/tutorial.py
[2025-03-22T12:51:30.298+0500] {processor.py:914} INFO - Processing file /home/ruslan/.local/lib/python3.10/site-packages/airflow/example_dags/tutorial.py for tasks to queue
[2025-03-22T12:51:30.299+0500] {logging_mixin.py:190} INFO - [2025-03-22T12:51:30.299+0500] {dagbag.py:588} INFO - Filling up the DagBag from /home/ruslan/.local/lib/python3.10/site-packages/airflow/example_dags/tutorial.py
[2025-03-22T12:51:30.304+0500] {processor.py:925} INFO - DAG(s) 'tutorial' retrieved from /home/ruslan/.local/lib/python3.10/site-packages/airflow/example_dags/tutorial.py
[2025-03-22T12:51:30.313+0500] {logging_mixin.py:190} INFO - [2025-03-22T12:51:30.313+0500] {dag.py:3239} INFO - Sync 1 DAGs
[2025-03-22T12:51:30.324+0500] {logging_mixin.py:190} INFO - [2025-03-22T12:51:30.324+0500] {dag.py:4180} INFO - Setting next_dagrun for tutorial to 2025-03-21 00:00:00+00:00, run_after=2025-03-22 00:00:00+00:00
[2025-03-22T12:51:30.338+0500] {processor.py:208} INFO - Processing /home/ruslan/.local/lib/python3.10/site-packages/airflow/example_dags/tutorial.py took 0.044 seconds
