[2025-03-22T10:07:07.104+0500] {processor.py:186} INFO - Started process (PID=17780) to work on /home/ruslan/.local/lib/python3.10/site-packages/airflow/example_dags/tutorial_taskflow_api.py
[2025-03-22T10:07:07.105+0500] {processor.py:914} INFO - Processing file /home/ruslan/.local/lib/python3.10/site-packages/airflow/example_dags/tutorial_taskflow_api.py for tasks to queue
[2025-03-22T10:07:07.106+0500] {logging_mixin.py:190} INFO - [2025-03-22T10:07:07.106+0500] {dagbag.py:588} INFO - Filling up the DagBag from /home/ruslan/.local/lib/python3.10/site-packages/airflow/example_dags/tutorial_taskflow_api.py
[2025-03-22T10:07:07.111+0500] {processor.py:925} INFO - DAG(s) 'tutorial_taskflow_api' retrieved from /home/ruslan/.local/lib/python3.10/site-packages/airflow/example_dags/tutorial_taskflow_api.py
[2025-03-22T10:07:07.169+0500] {logging_mixin.py:190} INFO - [2025-03-22T10:07:07.168+0500] {override.py:1930} INFO - Created Permission View: can delete on DAG:tutorial_taskflow_api
[2025-03-22T10:07:07.177+0500] {logging_mixin.py:190} INFO - [2025-03-22T10:07:07.177+0500] {override.py:1930} INFO - Created Permission View: can read on DAG:tutorial_taskflow_api
[2025-03-22T10:07:07.184+0500] {logging_mixin.py:190} INFO - [2025-03-22T10:07:07.184+0500] {override.py:1930} INFO - Created Permission View: can edit on DAG:tutorial_taskflow_api
[2025-03-22T10:07:07.196+0500] {logging_mixin.py:190} INFO - [2025-03-22T10:07:07.196+0500] {override.py:1930} INFO - Created Permission View: can create on DAG Run:tutorial_taskflow_api
[2025-03-22T10:07:07.203+0500] {logging_mixin.py:190} INFO - [2025-03-22T10:07:07.203+0500] {override.py:1930} INFO - Created Permission View: menu access on DAG Run:tutorial_taskflow_api
[2025-03-22T10:07:07.210+0500] {logging_mixin.py:190} INFO - [2025-03-22T10:07:07.210+0500] {override.py:1930} INFO - Created Permission View: can read on DAG Run:tutorial_taskflow_api
[2025-03-22T10:07:07.218+0500] {logging_mixin.py:190} INFO - [2025-03-22T10:07:07.218+0500] {override.py:1930} INFO - Created Permission View: can delete on DAG Run:tutorial_taskflow_api
[2025-03-22T10:07:07.218+0500] {logging_mixin.py:190} INFO - [2025-03-22T10:07:07.218+0500] {dag.py:3239} INFO - Sync 1 DAGs
[2025-03-22T10:07:07.225+0500] {logging_mixin.py:190} INFO - [2025-03-22T10:07:07.225+0500] {dag.py:3262} INFO - Creating ORM DAG for tutorial_taskflow_api
[2025-03-22T10:07:07.226+0500] {logging_mixin.py:190} INFO - [2025-03-22T10:07:07.226+0500] {dag.py:4180} INFO - Setting next_dagrun for tutorial_taskflow_api to None, run_after=None
[2025-03-22T10:07:07.240+0500] {processor.py:208} INFO - Processing /home/ruslan/.local/lib/python3.10/site-packages/airflow/example_dags/tutorial_taskflow_api.py took 0.140 seconds
[2025-03-22T10:08:07.808+0500] {processor.py:186} INFO - Started process (PID=18384) to work on /home/ruslan/.local/lib/python3.10/site-packages/airflow/example_dags/tutorial_taskflow_api.py
[2025-03-22T10:08:07.809+0500] {processor.py:914} INFO - Processing file /home/ruslan/.local/lib/python3.10/site-packages/airflow/example_dags/tutorial_taskflow_api.py for tasks to queue
[2025-03-22T10:08:07.810+0500] {logging_mixin.py:190} INFO - [2025-03-22T10:08:07.810+0500] {dagbag.py:588} INFO - Filling up the DagBag from /home/ruslan/.local/lib/python3.10/site-packages/airflow/example_dags/tutorial_taskflow_api.py
[2025-03-22T10:08:07.815+0500] {processor.py:925} INFO - DAG(s) 'tutorial_taskflow_api' retrieved from /home/ruslan/.local/lib/python3.10/site-packages/airflow/example_dags/tutorial_taskflow_api.py
[2025-03-22T10:08:07.823+0500] {logging_mixin.py:190} INFO - [2025-03-22T10:08:07.823+0500] {dag.py:3239} INFO - Sync 1 DAGs
[2025-03-22T10:08:07.830+0500] {logging_mixin.py:190} INFO - [2025-03-22T10:08:07.830+0500] {dag.py:4180} INFO - Setting next_dagrun for tutorial_taskflow_api to None, run_after=None
[2025-03-22T10:08:07.845+0500] {processor.py:208} INFO - Processing /home/ruslan/.local/lib/python3.10/site-packages/airflow/example_dags/tutorial_taskflow_api.py took 0.041 seconds
[2025-03-22T10:09:04.547+0500] {processor.py:186} INFO - Started process (PID=19051) to work on /home/ruslan/.local/lib/python3.10/site-packages/airflow/example_dags/tutorial_taskflow_api.py
[2025-03-22T10:09:04.548+0500] {processor.py:914} INFO - Processing file /home/ruslan/.local/lib/python3.10/site-packages/airflow/example_dags/tutorial_taskflow_api.py for tasks to queue
[2025-03-22T10:09:04.549+0500] {logging_mixin.py:190} INFO - [2025-03-22T10:09:04.549+0500] {dagbag.py:588} INFO - Filling up the DagBag from /home/ruslan/.local/lib/python3.10/site-packages/airflow/example_dags/tutorial_taskflow_api.py
[2025-03-22T10:09:04.554+0500] {processor.py:925} INFO - DAG(s) 'tutorial_taskflow_api' retrieved from /home/ruslan/.local/lib/python3.10/site-packages/airflow/example_dags/tutorial_taskflow_api.py
[2025-03-22T10:09:04.563+0500] {logging_mixin.py:190} INFO - [2025-03-22T10:09:04.563+0500] {dag.py:3239} INFO - Sync 1 DAGs
[2025-03-22T10:09:04.571+0500] {logging_mixin.py:190} INFO - [2025-03-22T10:09:04.571+0500] {dag.py:4180} INFO - Setting next_dagrun for tutorial_taskflow_api to None, run_after=None
[2025-03-22T10:09:04.586+0500] {processor.py:208} INFO - Processing /home/ruslan/.local/lib/python3.10/site-packages/airflow/example_dags/tutorial_taskflow_api.py took 0.043 seconds
[2025-03-22T10:10:00.834+0500] {processor.py:186} INFO - Started process (PID=19583) to work on /home/ruslan/.local/lib/python3.10/site-packages/airflow/example_dags/tutorial_taskflow_api.py
[2025-03-22T10:10:00.835+0500] {processor.py:914} INFO - Processing file /home/ruslan/.local/lib/python3.10/site-packages/airflow/example_dags/tutorial_taskflow_api.py for tasks to queue
[2025-03-22T10:10:00.836+0500] {logging_mixin.py:190} INFO - [2025-03-22T10:10:00.836+0500] {dagbag.py:588} INFO - Filling up the DagBag from /home/ruslan/.local/lib/python3.10/site-packages/airflow/example_dags/tutorial_taskflow_api.py
[2025-03-22T10:10:00.842+0500] {processor.py:925} INFO - DAG(s) 'tutorial_taskflow_api' retrieved from /home/ruslan/.local/lib/python3.10/site-packages/airflow/example_dags/tutorial_taskflow_api.py
[2025-03-22T10:10:00.851+0500] {logging_mixin.py:190} INFO - [2025-03-22T10:10:00.851+0500] {dag.py:3239} INFO - Sync 1 DAGs
[2025-03-22T10:10:00.859+0500] {logging_mixin.py:190} INFO - [2025-03-22T10:10:00.859+0500] {dag.py:4180} INFO - Setting next_dagrun for tutorial_taskflow_api to None, run_after=None
[2025-03-22T10:10:00.874+0500] {processor.py:208} INFO - Processing /home/ruslan/.local/lib/python3.10/site-packages/airflow/example_dags/tutorial_taskflow_api.py took 0.045 seconds
[2025-03-22T10:10:56.321+0500] {processor.py:186} INFO - Started process (PID=20172) to work on /home/ruslan/.local/lib/python3.10/site-packages/airflow/example_dags/tutorial_taskflow_api.py
[2025-03-22T10:10:56.322+0500] {processor.py:914} INFO - Processing file /home/ruslan/.local/lib/python3.10/site-packages/airflow/example_dags/tutorial_taskflow_api.py for tasks to queue
[2025-03-22T10:10:56.324+0500] {logging_mixin.py:190} INFO - [2025-03-22T10:10:56.324+0500] {dagbag.py:588} INFO - Filling up the DagBag from /home/ruslan/.local/lib/python3.10/site-packages/airflow/example_dags/tutorial_taskflow_api.py
[2025-03-22T10:10:56.329+0500] {processor.py:925} INFO - DAG(s) 'tutorial_taskflow_api' retrieved from /home/ruslan/.local/lib/python3.10/site-packages/airflow/example_dags/tutorial_taskflow_api.py
[2025-03-22T10:10:56.339+0500] {logging_mixin.py:190} INFO - [2025-03-22T10:10:56.339+0500] {dag.py:3239} INFO - Sync 1 DAGs
[2025-03-22T10:10:56.346+0500] {logging_mixin.py:190} INFO - [2025-03-22T10:10:56.346+0500] {dag.py:4180} INFO - Setting next_dagrun for tutorial_taskflow_api to None, run_after=None
[2025-03-22T10:10:56.362+0500] {processor.py:208} INFO - Processing /home/ruslan/.local/lib/python3.10/site-packages/airflow/example_dags/tutorial_taskflow_api.py took 0.045 seconds
[2025-03-22T10:11:49.875+0500] {processor.py:186} INFO - Started process (PID=20763) to work on /home/ruslan/.local/lib/python3.10/site-packages/airflow/example_dags/tutorial_taskflow_api.py
[2025-03-22T10:11:49.876+0500] {processor.py:914} INFO - Processing file /home/ruslan/.local/lib/python3.10/site-packages/airflow/example_dags/tutorial_taskflow_api.py for tasks to queue
[2025-03-22T10:11:49.877+0500] {logging_mixin.py:190} INFO - [2025-03-22T10:11:49.877+0500] {dagbag.py:588} INFO - Filling up the DagBag from /home/ruslan/.local/lib/python3.10/site-packages/airflow/example_dags/tutorial_taskflow_api.py
[2025-03-22T10:11:49.882+0500] {processor.py:925} INFO - DAG(s) 'tutorial_taskflow_api' retrieved from /home/ruslan/.local/lib/python3.10/site-packages/airflow/example_dags/tutorial_taskflow_api.py
[2025-03-22T10:11:49.890+0500] {logging_mixin.py:190} INFO - [2025-03-22T10:11:49.890+0500] {dag.py:3239} INFO - Sync 1 DAGs
[2025-03-22T10:11:49.897+0500] {logging_mixin.py:190} INFO - [2025-03-22T10:11:49.897+0500] {dag.py:4180} INFO - Setting next_dagrun for tutorial_taskflow_api to None, run_after=None
[2025-03-22T10:11:49.912+0500] {processor.py:208} INFO - Processing /home/ruslan/.local/lib/python3.10/site-packages/airflow/example_dags/tutorial_taskflow_api.py took 0.041 seconds
[2025-03-22T10:12:38.569+0500] {processor.py:186} INFO - Started process (PID=21250) to work on /home/ruslan/.local/lib/python3.10/site-packages/airflow/example_dags/tutorial_taskflow_api.py
[2025-03-22T10:12:38.570+0500] {processor.py:914} INFO - Processing file /home/ruslan/.local/lib/python3.10/site-packages/airflow/example_dags/tutorial_taskflow_api.py for tasks to queue
[2025-03-22T10:12:38.572+0500] {logging_mixin.py:190} INFO - [2025-03-22T10:12:38.572+0500] {dagbag.py:588} INFO - Filling up the DagBag from /home/ruslan/.local/lib/python3.10/site-packages/airflow/example_dags/tutorial_taskflow_api.py
[2025-03-22T10:12:38.577+0500] {processor.py:925} INFO - DAG(s) 'tutorial_taskflow_api' retrieved from /home/ruslan/.local/lib/python3.10/site-packages/airflow/example_dags/tutorial_taskflow_api.py
[2025-03-22T10:12:38.587+0500] {logging_mixin.py:190} INFO - [2025-03-22T10:12:38.586+0500] {dag.py:3239} INFO - Sync 1 DAGs
[2025-03-22T10:12:38.594+0500] {logging_mixin.py:190} INFO - [2025-03-22T10:12:38.594+0500] {dag.py:4180} INFO - Setting next_dagrun for tutorial_taskflow_api to None, run_after=None
[2025-03-22T10:12:38.610+0500] {processor.py:208} INFO - Processing /home/ruslan/.local/lib/python3.10/site-packages/airflow/example_dags/tutorial_taskflow_api.py took 0.045 seconds
[2025-03-22T10:13:32.163+0500] {processor.py:186} INFO - Started process (PID=21772) to work on /home/ruslan/.local/lib/python3.10/site-packages/airflow/example_dags/tutorial_taskflow_api.py
[2025-03-22T10:13:32.164+0500] {processor.py:914} INFO - Processing file /home/ruslan/.local/lib/python3.10/site-packages/airflow/example_dags/tutorial_taskflow_api.py for tasks to queue
[2025-03-22T10:13:32.166+0500] {logging_mixin.py:190} INFO - [2025-03-22T10:13:32.165+0500] {dagbag.py:588} INFO - Filling up the DagBag from /home/ruslan/.local/lib/python3.10/site-packages/airflow/example_dags/tutorial_taskflow_api.py
[2025-03-22T10:13:32.171+0500] {processor.py:925} INFO - DAG(s) 'tutorial_taskflow_api' retrieved from /home/ruslan/.local/lib/python3.10/site-packages/airflow/example_dags/tutorial_taskflow_api.py
[2025-03-22T10:13:32.181+0500] {logging_mixin.py:190} INFO - [2025-03-22T10:13:32.180+0500] {dag.py:3239} INFO - Sync 1 DAGs
[2025-03-22T10:13:32.189+0500] {logging_mixin.py:190} INFO - [2025-03-22T10:13:32.189+0500] {dag.py:4180} INFO - Setting next_dagrun for tutorial_taskflow_api to None, run_after=None
[2025-03-22T10:13:32.204+0500] {processor.py:208} INFO - Processing /home/ruslan/.local/lib/python3.10/site-packages/airflow/example_dags/tutorial_taskflow_api.py took 0.045 seconds
[2025-03-22T10:14:26.908+0500] {processor.py:186} INFO - Started process (PID=22369) to work on /home/ruslan/.local/lib/python3.10/site-packages/airflow/example_dags/tutorial_taskflow_api.py
[2025-03-22T10:14:26.909+0500] {processor.py:914} INFO - Processing file /home/ruslan/.local/lib/python3.10/site-packages/airflow/example_dags/tutorial_taskflow_api.py for tasks to queue
[2025-03-22T10:14:26.910+0500] {logging_mixin.py:190} INFO - [2025-03-22T10:14:26.910+0500] {dagbag.py:588} INFO - Filling up the DagBag from /home/ruslan/.local/lib/python3.10/site-packages/airflow/example_dags/tutorial_taskflow_api.py
[2025-03-22T10:14:26.915+0500] {processor.py:925} INFO - DAG(s) 'tutorial_taskflow_api' retrieved from /home/ruslan/.local/lib/python3.10/site-packages/airflow/example_dags/tutorial_taskflow_api.py
[2025-03-22T10:14:26.923+0500] {logging_mixin.py:190} INFO - [2025-03-22T10:14:26.923+0500] {dag.py:3239} INFO - Sync 1 DAGs
[2025-03-22T10:14:26.930+0500] {logging_mixin.py:190} INFO - [2025-03-22T10:14:26.930+0500] {dag.py:4180} INFO - Setting next_dagrun for tutorial_taskflow_api to None, run_after=None
[2025-03-22T10:14:26.945+0500] {processor.py:208} INFO - Processing /home/ruslan/.local/lib/python3.10/site-packages/airflow/example_dags/tutorial_taskflow_api.py took 0.041 seconds
[2025-03-22T10:15:20.952+0500] {processor.py:186} INFO - Started process (PID=22959) to work on /home/ruslan/.local/lib/python3.10/site-packages/airflow/example_dags/tutorial_taskflow_api.py
[2025-03-22T10:15:20.953+0500] {processor.py:914} INFO - Processing file /home/ruslan/.local/lib/python3.10/site-packages/airflow/example_dags/tutorial_taskflow_api.py for tasks to queue
[2025-03-22T10:15:20.954+0500] {logging_mixin.py:190} INFO - [2025-03-22T10:15:20.954+0500] {dagbag.py:588} INFO - Filling up the DagBag from /home/ruslan/.local/lib/python3.10/site-packages/airflow/example_dags/tutorial_taskflow_api.py
[2025-03-22T10:15:20.959+0500] {processor.py:925} INFO - DAG(s) 'tutorial_taskflow_api' retrieved from /home/ruslan/.local/lib/python3.10/site-packages/airflow/example_dags/tutorial_taskflow_api.py
[2025-03-22T10:15:20.967+0500] {logging_mixin.py:190} INFO - [2025-03-22T10:15:20.967+0500] {dag.py:3239} INFO - Sync 1 DAGs
[2025-03-22T10:15:20.974+0500] {logging_mixin.py:190} INFO - [2025-03-22T10:15:20.974+0500] {dag.py:4180} INFO - Setting next_dagrun for tutorial_taskflow_api to None, run_after=None
[2025-03-22T10:15:20.989+0500] {processor.py:208} INFO - Processing /home/ruslan/.local/lib/python3.10/site-packages/airflow/example_dags/tutorial_taskflow_api.py took 0.041 seconds
[2025-03-22T10:16:10.501+0500] {processor.py:186} INFO - Started process (PID=23452) to work on /home/ruslan/.local/lib/python3.10/site-packages/airflow/example_dags/tutorial_taskflow_api.py
[2025-03-22T10:16:10.502+0500] {processor.py:914} INFO - Processing file /home/ruslan/.local/lib/python3.10/site-packages/airflow/example_dags/tutorial_taskflow_api.py for tasks to queue
[2025-03-22T10:16:10.504+0500] {logging_mixin.py:190} INFO - [2025-03-22T10:16:10.503+0500] {dagbag.py:588} INFO - Filling up the DagBag from /home/ruslan/.local/lib/python3.10/site-packages/airflow/example_dags/tutorial_taskflow_api.py
[2025-03-22T10:16:10.509+0500] {processor.py:925} INFO - DAG(s) 'tutorial_taskflow_api' retrieved from /home/ruslan/.local/lib/python3.10/site-packages/airflow/example_dags/tutorial_taskflow_api.py
[2025-03-22T10:16:10.517+0500] {logging_mixin.py:190} INFO - [2025-03-22T10:16:10.517+0500] {dag.py:3239} INFO - Sync 1 DAGs
[2025-03-22T10:16:10.524+0500] {logging_mixin.py:190} INFO - [2025-03-22T10:16:10.524+0500] {dag.py:4180} INFO - Setting next_dagrun for tutorial_taskflow_api to None, run_after=None
[2025-03-22T10:16:10.538+0500] {processor.py:208} INFO - Processing /home/ruslan/.local/lib/python3.10/site-packages/airflow/example_dags/tutorial_taskflow_api.py took 0.041 seconds
[2025-03-22T10:17:00.696+0500] {processor.py:186} INFO - Started process (PID=23965) to work on /home/ruslan/.local/lib/python3.10/site-packages/airflow/example_dags/tutorial_taskflow_api.py
[2025-03-22T10:17:00.697+0500] {processor.py:914} INFO - Processing file /home/ruslan/.local/lib/python3.10/site-packages/airflow/example_dags/tutorial_taskflow_api.py for tasks to queue
[2025-03-22T10:17:00.698+0500] {logging_mixin.py:190} INFO - [2025-03-22T10:17:00.698+0500] {dagbag.py:588} INFO - Filling up the DagBag from /home/ruslan/.local/lib/python3.10/site-packages/airflow/example_dags/tutorial_taskflow_api.py
[2025-03-22T10:17:00.703+0500] {processor.py:925} INFO - DAG(s) 'tutorial_taskflow_api' retrieved from /home/ruslan/.local/lib/python3.10/site-packages/airflow/example_dags/tutorial_taskflow_api.py
[2025-03-22T10:17:00.712+0500] {logging_mixin.py:190} INFO - [2025-03-22T10:17:00.712+0500] {dag.py:3239} INFO - Sync 1 DAGs
[2025-03-22T10:17:00.719+0500] {logging_mixin.py:190} INFO - [2025-03-22T10:17:00.718+0500] {dag.py:4180} INFO - Setting next_dagrun for tutorial_taskflow_api to None, run_after=None
[2025-03-22T10:17:00.734+0500] {processor.py:208} INFO - Processing /home/ruslan/.local/lib/python3.10/site-packages/airflow/example_dags/tutorial_taskflow_api.py took 0.041 seconds
[2025-03-22T10:17:54.244+0500] {processor.py:186} INFO - Started process (PID=24564) to work on /home/ruslan/.local/lib/python3.10/site-packages/airflow/example_dags/tutorial_taskflow_api.py
[2025-03-22T10:17:54.245+0500] {processor.py:914} INFO - Processing file /home/ruslan/.local/lib/python3.10/site-packages/airflow/example_dags/tutorial_taskflow_api.py for tasks to queue
[2025-03-22T10:17:54.247+0500] {logging_mixin.py:190} INFO - [2025-03-22T10:17:54.246+0500] {dagbag.py:588} INFO - Filling up the DagBag from /home/ruslan/.local/lib/python3.10/site-packages/airflow/example_dags/tutorial_taskflow_api.py
[2025-03-22T10:17:54.252+0500] {processor.py:925} INFO - DAG(s) 'tutorial_taskflow_api' retrieved from /home/ruslan/.local/lib/python3.10/site-packages/airflow/example_dags/tutorial_taskflow_api.py
[2025-03-22T10:17:54.260+0500] {logging_mixin.py:190} INFO - [2025-03-22T10:17:54.260+0500] {dag.py:3239} INFO - Sync 1 DAGs
[2025-03-22T10:17:54.267+0500] {logging_mixin.py:190} INFO - [2025-03-22T10:17:54.266+0500] {dag.py:4180} INFO - Setting next_dagrun for tutorial_taskflow_api to None, run_after=None
[2025-03-22T10:17:54.281+0500] {processor.py:208} INFO - Processing /home/ruslan/.local/lib/python3.10/site-packages/airflow/example_dags/tutorial_taskflow_api.py took 0.041 seconds
[2025-03-22T10:18:45.939+0500] {processor.py:186} INFO - Started process (PID=25066) to work on /home/ruslan/.local/lib/python3.10/site-packages/airflow/example_dags/tutorial_taskflow_api.py
[2025-03-22T10:18:45.940+0500] {processor.py:914} INFO - Processing file /home/ruslan/.local/lib/python3.10/site-packages/airflow/example_dags/tutorial_taskflow_api.py for tasks to queue
[2025-03-22T10:18:45.941+0500] {logging_mixin.py:190} INFO - [2025-03-22T10:18:45.941+0500] {dagbag.py:588} INFO - Filling up the DagBag from /home/ruslan/.local/lib/python3.10/site-packages/airflow/example_dags/tutorial_taskflow_api.py
[2025-03-22T10:18:45.946+0500] {processor.py:925} INFO - DAG(s) 'tutorial_taskflow_api' retrieved from /home/ruslan/.local/lib/python3.10/site-packages/airflow/example_dags/tutorial_taskflow_api.py
[2025-03-22T10:18:45.955+0500] {logging_mixin.py:190} INFO - [2025-03-22T10:18:45.955+0500] {dag.py:3239} INFO - Sync 1 DAGs
[2025-03-22T10:18:45.961+0500] {logging_mixin.py:190} INFO - [2025-03-22T10:18:45.961+0500] {dag.py:4180} INFO - Setting next_dagrun for tutorial_taskflow_api to None, run_after=None
[2025-03-22T10:18:45.976+0500] {processor.py:208} INFO - Processing /home/ruslan/.local/lib/python3.10/site-packages/airflow/example_dags/tutorial_taskflow_api.py took 0.041 seconds
[2025-03-22T10:19:34.717+0500] {processor.py:186} INFO - Started process (PID=25652) to work on /home/ruslan/.local/lib/python3.10/site-packages/airflow/example_dags/tutorial_taskflow_api.py
[2025-03-22T10:19:34.718+0500] {processor.py:914} INFO - Processing file /home/ruslan/.local/lib/python3.10/site-packages/airflow/example_dags/tutorial_taskflow_api.py for tasks to queue
[2025-03-22T10:19:34.719+0500] {logging_mixin.py:190} INFO - [2025-03-22T10:19:34.719+0500] {dagbag.py:588} INFO - Filling up the DagBag from /home/ruslan/.local/lib/python3.10/site-packages/airflow/example_dags/tutorial_taskflow_api.py
[2025-03-22T10:19:34.726+0500] {processor.py:925} INFO - DAG(s) 'tutorial_taskflow_api' retrieved from /home/ruslan/.local/lib/python3.10/site-packages/airflow/example_dags/tutorial_taskflow_api.py
[2025-03-22T10:19:34.736+0500] {logging_mixin.py:190} INFO - [2025-03-22T10:19:34.735+0500] {dag.py:3239} INFO - Sync 1 DAGs
[2025-03-22T10:19:34.743+0500] {logging_mixin.py:190} INFO - [2025-03-22T10:19:34.743+0500] {dag.py:4180} INFO - Setting next_dagrun for tutorial_taskflow_api to None, run_after=None
[2025-03-22T10:19:34.757+0500] {processor.py:208} INFO - Processing /home/ruslan/.local/lib/python3.10/site-packages/airflow/example_dags/tutorial_taskflow_api.py took 0.045 seconds
[2025-03-22T10:20:28.621+0500] {processor.py:186} INFO - Started process (PID=26193) to work on /home/ruslan/.local/lib/python3.10/site-packages/airflow/example_dags/tutorial_taskflow_api.py
[2025-03-22T10:20:28.622+0500] {processor.py:914} INFO - Processing file /home/ruslan/.local/lib/python3.10/site-packages/airflow/example_dags/tutorial_taskflow_api.py for tasks to queue
[2025-03-22T10:20:28.623+0500] {logging_mixin.py:190} INFO - [2025-03-22T10:20:28.623+0500] {dagbag.py:588} INFO - Filling up the DagBag from /home/ruslan/.local/lib/python3.10/site-packages/airflow/example_dags/tutorial_taskflow_api.py
[2025-03-22T10:20:28.629+0500] {processor.py:925} INFO - DAG(s) 'tutorial_taskflow_api' retrieved from /home/ruslan/.local/lib/python3.10/site-packages/airflow/example_dags/tutorial_taskflow_api.py
[2025-03-22T10:20:28.637+0500] {logging_mixin.py:190} INFO - [2025-03-22T10:20:28.637+0500] {dag.py:3239} INFO - Sync 1 DAGs
[2025-03-22T10:20:28.644+0500] {logging_mixin.py:190} INFO - [2025-03-22T10:20:28.644+0500] {dag.py:4180} INFO - Setting next_dagrun for tutorial_taskflow_api to None, run_after=None
[2025-03-22T10:20:28.660+0500] {processor.py:208} INFO - Processing /home/ruslan/.local/lib/python3.10/site-packages/airflow/example_dags/tutorial_taskflow_api.py took 0.042 seconds
[2025-03-22T10:21:19.045+0500] {processor.py:186} INFO - Started process (PID=26777) to work on /home/ruslan/.local/lib/python3.10/site-packages/airflow/example_dags/tutorial_taskflow_api.py
[2025-03-22T10:21:19.047+0500] {processor.py:914} INFO - Processing file /home/ruslan/.local/lib/python3.10/site-packages/airflow/example_dags/tutorial_taskflow_api.py for tasks to queue
[2025-03-22T10:21:19.048+0500] {logging_mixin.py:190} INFO - [2025-03-22T10:21:19.048+0500] {dagbag.py:588} INFO - Filling up the DagBag from /home/ruslan/.local/lib/python3.10/site-packages/airflow/example_dags/tutorial_taskflow_api.py
[2025-03-22T10:21:19.053+0500] {processor.py:925} INFO - DAG(s) 'tutorial_taskflow_api' retrieved from /home/ruslan/.local/lib/python3.10/site-packages/airflow/example_dags/tutorial_taskflow_api.py
[2025-03-22T10:21:19.062+0500] {logging_mixin.py:190} INFO - [2025-03-22T10:21:19.062+0500] {dag.py:3239} INFO - Sync 1 DAGs
[2025-03-22T10:21:19.069+0500] {logging_mixin.py:190} INFO - [2025-03-22T10:21:19.069+0500] {dag.py:4180} INFO - Setting next_dagrun for tutorial_taskflow_api to None, run_after=None
[2025-03-22T10:21:19.084+0500] {processor.py:208} INFO - Processing /home/ruslan/.local/lib/python3.10/site-packages/airflow/example_dags/tutorial_taskflow_api.py took 0.043 seconds
[2025-03-22T10:22:13.800+0500] {processor.py:186} INFO - Started process (PID=27295) to work on /home/ruslan/.local/lib/python3.10/site-packages/airflow/example_dags/tutorial_taskflow_api.py
[2025-03-22T10:22:13.801+0500] {processor.py:914} INFO - Processing file /home/ruslan/.local/lib/python3.10/site-packages/airflow/example_dags/tutorial_taskflow_api.py for tasks to queue
[2025-03-22T10:22:13.802+0500] {logging_mixin.py:190} INFO - [2025-03-22T10:22:13.802+0500] {dagbag.py:588} INFO - Filling up the DagBag from /home/ruslan/.local/lib/python3.10/site-packages/airflow/example_dags/tutorial_taskflow_api.py
[2025-03-22T10:22:13.807+0500] {processor.py:925} INFO - DAG(s) 'tutorial_taskflow_api' retrieved from /home/ruslan/.local/lib/python3.10/site-packages/airflow/example_dags/tutorial_taskflow_api.py
[2025-03-22T10:22:13.816+0500] {logging_mixin.py:190} INFO - [2025-03-22T10:22:13.816+0500] {dag.py:3239} INFO - Sync 1 DAGs
[2025-03-22T10:22:13.823+0500] {logging_mixin.py:190} INFO - [2025-03-22T10:22:13.823+0500] {dag.py:4180} INFO - Setting next_dagrun for tutorial_taskflow_api to None, run_after=None
[2025-03-22T10:22:13.838+0500] {processor.py:208} INFO - Processing /home/ruslan/.local/lib/python3.10/site-packages/airflow/example_dags/tutorial_taskflow_api.py took 0.042 seconds
[2025-03-22T10:23:07.363+0500] {processor.py:186} INFO - Started process (PID=27907) to work on /home/ruslan/.local/lib/python3.10/site-packages/airflow/example_dags/tutorial_taskflow_api.py
[2025-03-22T10:23:07.364+0500] {processor.py:914} INFO - Processing file /home/ruslan/.local/lib/python3.10/site-packages/airflow/example_dags/tutorial_taskflow_api.py for tasks to queue
[2025-03-22T10:23:07.366+0500] {logging_mixin.py:190} INFO - [2025-03-22T10:23:07.365+0500] {dagbag.py:588} INFO - Filling up the DagBag from /home/ruslan/.local/lib/python3.10/site-packages/airflow/example_dags/tutorial_taskflow_api.py
[2025-03-22T10:23:07.371+0500] {processor.py:925} INFO - DAG(s) 'tutorial_taskflow_api' retrieved from /home/ruslan/.local/lib/python3.10/site-packages/airflow/example_dags/tutorial_taskflow_api.py
[2025-03-22T10:23:07.379+0500] {logging_mixin.py:190} INFO - [2025-03-22T10:23:07.379+0500] {dag.py:3239} INFO - Sync 1 DAGs
[2025-03-22T10:23:07.386+0500] {logging_mixin.py:190} INFO - [2025-03-22T10:23:07.386+0500] {dag.py:4180} INFO - Setting next_dagrun for tutorial_taskflow_api to None, run_after=None
[2025-03-22T10:23:07.401+0500] {processor.py:208} INFO - Processing /home/ruslan/.local/lib/python3.10/site-packages/airflow/example_dags/tutorial_taskflow_api.py took 0.042 seconds
[2025-03-22T10:23:59.320+0500] {processor.py:186} INFO - Started process (PID=28435) to work on /home/ruslan/.local/lib/python3.10/site-packages/airflow/example_dags/tutorial_taskflow_api.py
[2025-03-22T10:23:59.322+0500] {processor.py:914} INFO - Processing file /home/ruslan/.local/lib/python3.10/site-packages/airflow/example_dags/tutorial_taskflow_api.py for tasks to queue
[2025-03-22T10:23:59.323+0500] {logging_mixin.py:190} INFO - [2025-03-22T10:23:59.323+0500] {dagbag.py:588} INFO - Filling up the DagBag from /home/ruslan/.local/lib/python3.10/site-packages/airflow/example_dags/tutorial_taskflow_api.py
[2025-03-22T10:23:59.329+0500] {processor.py:925} INFO - DAG(s) 'tutorial_taskflow_api' retrieved from /home/ruslan/.local/lib/python3.10/site-packages/airflow/example_dags/tutorial_taskflow_api.py
[2025-03-22T10:23:59.338+0500] {logging_mixin.py:190} INFO - [2025-03-22T10:23:59.338+0500] {dag.py:3239} INFO - Sync 1 DAGs
[2025-03-22T10:23:59.345+0500] {logging_mixin.py:190} INFO - [2025-03-22T10:23:59.345+0500] {dag.py:4180} INFO - Setting next_dagrun for tutorial_taskflow_api to None, run_after=None
[2025-03-22T10:23:59.359+0500] {processor.py:208} INFO - Processing /home/ruslan/.local/lib/python3.10/site-packages/airflow/example_dags/tutorial_taskflow_api.py took 0.042 seconds
[2025-03-22T10:24:50.041+0500] {processor.py:186} INFO - Started process (PID=29045) to work on /home/ruslan/.local/lib/python3.10/site-packages/airflow/example_dags/tutorial_taskflow_api.py
[2025-03-22T10:24:50.042+0500] {processor.py:914} INFO - Processing file /home/ruslan/.local/lib/python3.10/site-packages/airflow/example_dags/tutorial_taskflow_api.py for tasks to queue
[2025-03-22T10:24:50.043+0500] {logging_mixin.py:190} INFO - [2025-03-22T10:24:50.043+0500] {dagbag.py:588} INFO - Filling up the DagBag from /home/ruslan/.local/lib/python3.10/site-packages/airflow/example_dags/tutorial_taskflow_api.py
[2025-03-22T10:24:50.048+0500] {processor.py:925} INFO - DAG(s) 'tutorial_taskflow_api' retrieved from /home/ruslan/.local/lib/python3.10/site-packages/airflow/example_dags/tutorial_taskflow_api.py
[2025-03-22T10:24:50.057+0500] {logging_mixin.py:190} INFO - [2025-03-22T10:24:50.057+0500] {dag.py:3239} INFO - Sync 1 DAGs
[2025-03-22T10:24:50.064+0500] {logging_mixin.py:190} INFO - [2025-03-22T10:24:50.064+0500] {dag.py:4180} INFO - Setting next_dagrun for tutorial_taskflow_api to None, run_after=None
[2025-03-22T10:24:50.079+0500] {processor.py:208} INFO - Processing /home/ruslan/.local/lib/python3.10/site-packages/airflow/example_dags/tutorial_taskflow_api.py took 0.042 seconds
[2025-03-22T10:25:38.955+0500] {processor.py:186} INFO - Started process (PID=29545) to work on /home/ruslan/.local/lib/python3.10/site-packages/airflow/example_dags/tutorial_taskflow_api.py
[2025-03-22T10:25:38.956+0500] {processor.py:914} INFO - Processing file /home/ruslan/.local/lib/python3.10/site-packages/airflow/example_dags/tutorial_taskflow_api.py for tasks to queue
[2025-03-22T10:25:38.957+0500] {logging_mixin.py:190} INFO - [2025-03-22T10:25:38.957+0500] {dagbag.py:588} INFO - Filling up the DagBag from /home/ruslan/.local/lib/python3.10/site-packages/airflow/example_dags/tutorial_taskflow_api.py
[2025-03-22T10:25:38.962+0500] {processor.py:925} INFO - DAG(s) 'tutorial_taskflow_api' retrieved from /home/ruslan/.local/lib/python3.10/site-packages/airflow/example_dags/tutorial_taskflow_api.py
[2025-03-22T10:25:38.971+0500] {logging_mixin.py:190} INFO - [2025-03-22T10:25:38.971+0500] {dag.py:3239} INFO - Sync 1 DAGs
[2025-03-22T10:25:38.978+0500] {logging_mixin.py:190} INFO - [2025-03-22T10:25:38.978+0500] {dag.py:4180} INFO - Setting next_dagrun for tutorial_taskflow_api to None, run_after=None
[2025-03-22T10:25:38.992+0500] {processor.py:208} INFO - Processing /home/ruslan/.local/lib/python3.10/site-packages/airflow/example_dags/tutorial_taskflow_api.py took 0.041 seconds
[2025-03-22T10:26:33.091+0500] {processor.py:186} INFO - Started process (PID=30542) to work on /home/ruslan/.local/lib/python3.10/site-packages/airflow/example_dags/tutorial_taskflow_api.py
[2025-03-22T10:26:33.092+0500] {processor.py:914} INFO - Processing file /home/ruslan/.local/lib/python3.10/site-packages/airflow/example_dags/tutorial_taskflow_api.py for tasks to queue
[2025-03-22T10:26:33.093+0500] {logging_mixin.py:190} INFO - [2025-03-22T10:26:33.093+0500] {dagbag.py:588} INFO - Filling up the DagBag from /home/ruslan/.local/lib/python3.10/site-packages/airflow/example_dags/tutorial_taskflow_api.py
[2025-03-22T10:26:33.098+0500] {processor.py:925} INFO - DAG(s) 'tutorial_taskflow_api' retrieved from /home/ruslan/.local/lib/python3.10/site-packages/airflow/example_dags/tutorial_taskflow_api.py
[2025-03-22T10:26:33.107+0500] {logging_mixin.py:190} INFO - [2025-03-22T10:26:33.107+0500] {dag.py:3239} INFO - Sync 1 DAGs
[2025-03-22T10:26:33.114+0500] {logging_mixin.py:190} INFO - [2025-03-22T10:26:33.114+0500] {dag.py:4180} INFO - Setting next_dagrun for tutorial_taskflow_api to None, run_after=None
[2025-03-22T10:26:33.129+0500] {processor.py:208} INFO - Processing /home/ruslan/.local/lib/python3.10/site-packages/airflow/example_dags/tutorial_taskflow_api.py took 0.042 seconds
[2025-03-22T10:27:22.420+0500] {processor.py:186} INFO - Started process (PID=31149) to work on /home/ruslan/.local/lib/python3.10/site-packages/airflow/example_dags/tutorial_taskflow_api.py
[2025-03-22T10:27:22.421+0500] {processor.py:914} INFO - Processing file /home/ruslan/.local/lib/python3.10/site-packages/airflow/example_dags/tutorial_taskflow_api.py for tasks to queue
[2025-03-22T10:27:22.422+0500] {logging_mixin.py:190} INFO - [2025-03-22T10:27:22.422+0500] {dagbag.py:588} INFO - Filling up the DagBag from /home/ruslan/.local/lib/python3.10/site-packages/airflow/example_dags/tutorial_taskflow_api.py
[2025-03-22T10:27:22.427+0500] {processor.py:925} INFO - DAG(s) 'tutorial_taskflow_api' retrieved from /home/ruslan/.local/lib/python3.10/site-packages/airflow/example_dags/tutorial_taskflow_api.py
[2025-03-22T10:27:22.436+0500] {logging_mixin.py:190} INFO - [2025-03-22T10:27:22.436+0500] {dag.py:3239} INFO - Sync 1 DAGs
[2025-03-22T10:27:22.442+0500] {logging_mixin.py:190} INFO - [2025-03-22T10:27:22.442+0500] {dag.py:4180} INFO - Setting next_dagrun for tutorial_taskflow_api to None, run_after=None
[2025-03-22T10:27:22.457+0500] {processor.py:208} INFO - Processing /home/ruslan/.local/lib/python3.10/site-packages/airflow/example_dags/tutorial_taskflow_api.py took 0.040 seconds
[2025-03-22T10:28:16.927+0500] {processor.py:186} INFO - Started process (PID=31763) to work on /home/ruslan/.local/lib/python3.10/site-packages/airflow/example_dags/tutorial_taskflow_api.py
[2025-03-22T10:28:16.928+0500] {processor.py:914} INFO - Processing file /home/ruslan/.local/lib/python3.10/site-packages/airflow/example_dags/tutorial_taskflow_api.py for tasks to queue
[2025-03-22T10:28:16.929+0500] {logging_mixin.py:190} INFO - [2025-03-22T10:28:16.929+0500] {dagbag.py:588} INFO - Filling up the DagBag from /home/ruslan/.local/lib/python3.10/site-packages/airflow/example_dags/tutorial_taskflow_api.py
[2025-03-22T10:28:16.934+0500] {processor.py:925} INFO - DAG(s) 'tutorial_taskflow_api' retrieved from /home/ruslan/.local/lib/python3.10/site-packages/airflow/example_dags/tutorial_taskflow_api.py
[2025-03-22T10:28:16.943+0500] {logging_mixin.py:190} INFO - [2025-03-22T10:28:16.943+0500] {dag.py:3239} INFO - Sync 1 DAGs
[2025-03-22T10:28:16.950+0500] {logging_mixin.py:190} INFO - [2025-03-22T10:28:16.950+0500] {dag.py:4180} INFO - Setting next_dagrun for tutorial_taskflow_api to None, run_after=None
[2025-03-22T10:28:16.965+0500] {processor.py:208} INFO - Processing /home/ruslan/.local/lib/python3.10/site-packages/airflow/example_dags/tutorial_taskflow_api.py took 0.042 seconds
[2025-03-22T10:29:09.363+0500] {processor.py:186} INFO - Started process (PID=32283) to work on /home/ruslan/.local/lib/python3.10/site-packages/airflow/example_dags/tutorial_taskflow_api.py
[2025-03-22T10:29:09.365+0500] {processor.py:914} INFO - Processing file /home/ruslan/.local/lib/python3.10/site-packages/airflow/example_dags/tutorial_taskflow_api.py for tasks to queue
[2025-03-22T10:29:09.366+0500] {logging_mixin.py:190} INFO - [2025-03-22T10:29:09.366+0500] {dagbag.py:588} INFO - Filling up the DagBag from /home/ruslan/.local/lib/python3.10/site-packages/airflow/example_dags/tutorial_taskflow_api.py
[2025-03-22T10:29:09.371+0500] {processor.py:925} INFO - DAG(s) 'tutorial_taskflow_api' retrieved from /home/ruslan/.local/lib/python3.10/site-packages/airflow/example_dags/tutorial_taskflow_api.py
[2025-03-22T10:29:09.379+0500] {logging_mixin.py:190} INFO - [2025-03-22T10:29:09.379+0500] {dag.py:3239} INFO - Sync 1 DAGs
[2025-03-22T10:29:09.386+0500] {logging_mixin.py:190} INFO - [2025-03-22T10:29:09.386+0500] {dag.py:4180} INFO - Setting next_dagrun for tutorial_taskflow_api to None, run_after=None
[2025-03-22T10:29:09.401+0500] {processor.py:208} INFO - Processing /home/ruslan/.local/lib/python3.10/site-packages/airflow/example_dags/tutorial_taskflow_api.py took 0.041 seconds
[2025-03-22T10:30:00.728+0500] {processor.py:186} INFO - Started process (PID=32799) to work on /home/ruslan/.local/lib/python3.10/site-packages/airflow/example_dags/tutorial_taskflow_api.py
[2025-03-22T10:30:00.729+0500] {processor.py:914} INFO - Processing file /home/ruslan/.local/lib/python3.10/site-packages/airflow/example_dags/tutorial_taskflow_api.py for tasks to queue
[2025-03-22T10:30:00.730+0500] {logging_mixin.py:190} INFO - [2025-03-22T10:30:00.730+0500] {dagbag.py:588} INFO - Filling up the DagBag from /home/ruslan/.local/lib/python3.10/site-packages/airflow/example_dags/tutorial_taskflow_api.py
[2025-03-22T10:30:00.735+0500] {processor.py:925} INFO - DAG(s) 'tutorial_taskflow_api' retrieved from /home/ruslan/.local/lib/python3.10/site-packages/airflow/example_dags/tutorial_taskflow_api.py
[2025-03-22T10:30:00.744+0500] {logging_mixin.py:190} INFO - [2025-03-22T10:30:00.744+0500] {dag.py:3239} INFO - Sync 1 DAGs
[2025-03-22T10:30:00.752+0500] {logging_mixin.py:190} INFO - [2025-03-22T10:30:00.751+0500] {dag.py:4180} INFO - Setting next_dagrun for tutorial_taskflow_api to None, run_after=None
[2025-03-22T10:30:00.783+0500] {processor.py:208} INFO - Processing /home/ruslan/.local/lib/python3.10/site-packages/airflow/example_dags/tutorial_taskflow_api.py took 0.058 seconds
[2025-03-22T10:30:53.218+0500] {processor.py:186} INFO - Started process (PID=33069) to work on /home/ruslan/.local/lib/python3.10/site-packages/airflow/example_dags/tutorial_taskflow_api.py
[2025-03-22T10:30:53.219+0500] {processor.py:914} INFO - Processing file /home/ruslan/.local/lib/python3.10/site-packages/airflow/example_dags/tutorial_taskflow_api.py for tasks to queue
[2025-03-22T10:30:53.219+0500] {logging_mixin.py:190} INFO - [2025-03-22T10:30:53.219+0500] {dagbag.py:588} INFO - Filling up the DagBag from /home/ruslan/.local/lib/python3.10/site-packages/airflow/example_dags/tutorial_taskflow_api.py
[2025-03-22T10:30:53.224+0500] {processor.py:925} INFO - DAG(s) 'tutorial_taskflow_api' retrieved from /home/ruslan/.local/lib/python3.10/site-packages/airflow/example_dags/tutorial_taskflow_api.py
[2025-03-22T10:30:53.233+0500] {logging_mixin.py:190} INFO - [2025-03-22T10:30:53.233+0500] {dag.py:3239} INFO - Sync 1 DAGs
[2025-03-22T10:30:53.240+0500] {logging_mixin.py:190} INFO - [2025-03-22T10:30:53.240+0500] {dag.py:4180} INFO - Setting next_dagrun for tutorial_taskflow_api to None, run_after=None
[2025-03-22T10:30:53.255+0500] {processor.py:208} INFO - Processing /home/ruslan/.local/lib/python3.10/site-packages/airflow/example_dags/tutorial_taskflow_api.py took 0.041 seconds
[2025-03-22T10:31:44.472+0500] {processor.py:186} INFO - Started process (PID=33827) to work on /home/ruslan/.local/lib/python3.10/site-packages/airflow/example_dags/tutorial_taskflow_api.py
[2025-03-22T10:31:44.474+0500] {processor.py:914} INFO - Processing file /home/ruslan/.local/lib/python3.10/site-packages/airflow/example_dags/tutorial_taskflow_api.py for tasks to queue
[2025-03-22T10:31:44.474+0500] {logging_mixin.py:190} INFO - [2025-03-22T10:31:44.474+0500] {dagbag.py:588} INFO - Filling up the DagBag from /home/ruslan/.local/lib/python3.10/site-packages/airflow/example_dags/tutorial_taskflow_api.py
[2025-03-22T10:31:44.480+0500] {processor.py:925} INFO - DAG(s) 'tutorial_taskflow_api' retrieved from /home/ruslan/.local/lib/python3.10/site-packages/airflow/example_dags/tutorial_taskflow_api.py
[2025-03-22T10:31:44.489+0500] {logging_mixin.py:190} INFO - [2025-03-22T10:31:44.489+0500] {dag.py:3239} INFO - Sync 1 DAGs
[2025-03-22T10:31:44.497+0500] {logging_mixin.py:190} INFO - [2025-03-22T10:31:44.497+0500] {dag.py:4180} INFO - Setting next_dagrun for tutorial_taskflow_api to None, run_after=None
[2025-03-22T10:31:44.529+0500] {processor.py:208} INFO - Processing /home/ruslan/.local/lib/python3.10/site-packages/airflow/example_dags/tutorial_taskflow_api.py took 0.062 seconds
[2025-03-22T10:32:37.408+0500] {processor.py:186} INFO - Started process (PID=34522) to work on /home/ruslan/.local/lib/python3.10/site-packages/airflow/example_dags/tutorial_taskflow_api.py
[2025-03-22T10:32:37.409+0500] {processor.py:914} INFO - Processing file /home/ruslan/.local/lib/python3.10/site-packages/airflow/example_dags/tutorial_taskflow_api.py for tasks to queue
[2025-03-22T10:32:37.410+0500] {logging_mixin.py:190} INFO - [2025-03-22T10:32:37.410+0500] {dagbag.py:588} INFO - Filling up the DagBag from /home/ruslan/.local/lib/python3.10/site-packages/airflow/example_dags/tutorial_taskflow_api.py
[2025-03-22T10:32:37.416+0500] {processor.py:925} INFO - DAG(s) 'tutorial_taskflow_api' retrieved from /home/ruslan/.local/lib/python3.10/site-packages/airflow/example_dags/tutorial_taskflow_api.py
[2025-03-22T10:32:37.424+0500] {logging_mixin.py:190} INFO - [2025-03-22T10:32:37.424+0500] {dag.py:3239} INFO - Sync 1 DAGs
[2025-03-22T10:32:37.432+0500] {logging_mixin.py:190} INFO - [2025-03-22T10:32:37.432+0500] {dag.py:4180} INFO - Setting next_dagrun for tutorial_taskflow_api to None, run_after=None
[2025-03-22T10:32:37.447+0500] {processor.py:208} INFO - Processing /home/ruslan/.local/lib/python3.10/site-packages/airflow/example_dags/tutorial_taskflow_api.py took 0.043 seconds
[2025-03-22T10:33:11.202+0500] {processor.py:186} INFO - Started process (PID=34907) to work on /home/ruslan/.local/lib/python3.10/site-packages/airflow/example_dags/tutorial_taskflow_api.py
[2025-03-22T10:33:11.203+0500] {processor.py:914} INFO - Processing file /home/ruslan/.local/lib/python3.10/site-packages/airflow/example_dags/tutorial_taskflow_api.py for tasks to queue
[2025-03-22T10:33:11.204+0500] {logging_mixin.py:190} INFO - [2025-03-22T10:33:11.204+0500] {dagbag.py:588} INFO - Filling up the DagBag from /home/ruslan/.local/lib/python3.10/site-packages/airflow/example_dags/tutorial_taskflow_api.py
[2025-03-22T10:33:11.209+0500] {processor.py:925} INFO - DAG(s) 'tutorial_taskflow_api' retrieved from /home/ruslan/.local/lib/python3.10/site-packages/airflow/example_dags/tutorial_taskflow_api.py
[2025-03-22T10:33:11.220+0500] {logging_mixin.py:190} INFO - [2025-03-22T10:33:11.220+0500] {dag.py:3239} INFO - Sync 1 DAGs
[2025-03-22T10:33:11.227+0500] {logging_mixin.py:190} INFO - [2025-03-22T10:33:11.227+0500] {dag.py:4180} INFO - Setting next_dagrun for tutorial_taskflow_api to None, run_after=None
[2025-03-22T10:33:11.242+0500] {processor.py:208} INFO - Processing /home/ruslan/.local/lib/python3.10/site-packages/airflow/example_dags/tutorial_taskflow_api.py took 0.044 seconds
[2025-03-22T10:34:04.384+0500] {processor.py:186} INFO - Started process (PID=35498) to work on /home/ruslan/.local/lib/python3.10/site-packages/airflow/example_dags/tutorial_taskflow_api.py
[2025-03-22T10:34:04.385+0500] {processor.py:914} INFO - Processing file /home/ruslan/.local/lib/python3.10/site-packages/airflow/example_dags/tutorial_taskflow_api.py for tasks to queue
[2025-03-22T10:34:04.386+0500] {logging_mixin.py:190} INFO - [2025-03-22T10:34:04.386+0500] {dagbag.py:588} INFO - Filling up the DagBag from /home/ruslan/.local/lib/python3.10/site-packages/airflow/example_dags/tutorial_taskflow_api.py
[2025-03-22T10:34:04.391+0500] {processor.py:925} INFO - DAG(s) 'tutorial_taskflow_api' retrieved from /home/ruslan/.local/lib/python3.10/site-packages/airflow/example_dags/tutorial_taskflow_api.py
[2025-03-22T10:34:04.400+0500] {logging_mixin.py:190} INFO - [2025-03-22T10:34:04.399+0500] {dag.py:3239} INFO - Sync 1 DAGs
[2025-03-22T10:34:04.406+0500] {logging_mixin.py:190} INFO - [2025-03-22T10:34:04.406+0500] {dag.py:4180} INFO - Setting next_dagrun for tutorial_taskflow_api to None, run_after=None
[2025-03-22T10:34:04.420+0500] {processor.py:208} INFO - Processing /home/ruslan/.local/lib/python3.10/site-packages/airflow/example_dags/tutorial_taskflow_api.py took 0.040 seconds
[2025-03-22T10:34:58.003+0500] {processor.py:186} INFO - Started process (PID=36181) to work on /home/ruslan/.local/lib/python3.10/site-packages/airflow/example_dags/tutorial_taskflow_api.py
[2025-03-22T10:34:58.004+0500] {processor.py:914} INFO - Processing file /home/ruslan/.local/lib/python3.10/site-packages/airflow/example_dags/tutorial_taskflow_api.py for tasks to queue
[2025-03-22T10:34:58.005+0500] {logging_mixin.py:190} INFO - [2025-03-22T10:34:58.005+0500] {dagbag.py:588} INFO - Filling up the DagBag from /home/ruslan/.local/lib/python3.10/site-packages/airflow/example_dags/tutorial_taskflow_api.py
[2025-03-22T10:34:58.010+0500] {processor.py:925} INFO - DAG(s) 'tutorial_taskflow_api' retrieved from /home/ruslan/.local/lib/python3.10/site-packages/airflow/example_dags/tutorial_taskflow_api.py
[2025-03-22T10:34:58.018+0500] {logging_mixin.py:190} INFO - [2025-03-22T10:34:58.018+0500] {dag.py:3239} INFO - Sync 1 DAGs
[2025-03-22T10:34:58.025+0500] {logging_mixin.py:190} INFO - [2025-03-22T10:34:58.025+0500] {dag.py:4180} INFO - Setting next_dagrun for tutorial_taskflow_api to None, run_after=None
[2025-03-22T10:34:58.040+0500] {processor.py:208} INFO - Processing /home/ruslan/.local/lib/python3.10/site-packages/airflow/example_dags/tutorial_taskflow_api.py took 0.041 seconds
[2025-03-22T10:35:47.943+0500] {processor.py:186} INFO - Started process (PID=36729) to work on /home/ruslan/.local/lib/python3.10/site-packages/airflow/example_dags/tutorial_taskflow_api.py
[2025-03-22T10:35:47.944+0500] {processor.py:914} INFO - Processing file /home/ruslan/.local/lib/python3.10/site-packages/airflow/example_dags/tutorial_taskflow_api.py for tasks to queue
[2025-03-22T10:35:47.945+0500] {logging_mixin.py:190} INFO - [2025-03-22T10:35:47.945+0500] {dagbag.py:588} INFO - Filling up the DagBag from /home/ruslan/.local/lib/python3.10/site-packages/airflow/example_dags/tutorial_taskflow_api.py
[2025-03-22T10:35:47.950+0500] {processor.py:925} INFO - DAG(s) 'tutorial_taskflow_api' retrieved from /home/ruslan/.local/lib/python3.10/site-packages/airflow/example_dags/tutorial_taskflow_api.py
[2025-03-22T10:35:47.958+0500] {logging_mixin.py:190} INFO - [2025-03-22T10:35:47.958+0500] {dag.py:3239} INFO - Sync 1 DAGs
[2025-03-22T10:35:47.966+0500] {logging_mixin.py:190} INFO - [2025-03-22T10:35:47.965+0500] {dag.py:4180} INFO - Setting next_dagrun for tutorial_taskflow_api to None, run_after=None
[2025-03-22T10:35:47.981+0500] {processor.py:208} INFO - Processing /home/ruslan/.local/lib/python3.10/site-packages/airflow/example_dags/tutorial_taskflow_api.py took 0.041 seconds
[2025-03-22T10:36:36.372+0500] {processor.py:186} INFO - Started process (PID=37236) to work on /home/ruslan/.local/lib/python3.10/site-packages/airflow/example_dags/tutorial_taskflow_api.py
[2025-03-22T10:36:36.373+0500] {processor.py:914} INFO - Processing file /home/ruslan/.local/lib/python3.10/site-packages/airflow/example_dags/tutorial_taskflow_api.py for tasks to queue
[2025-03-22T10:36:36.374+0500] {logging_mixin.py:190} INFO - [2025-03-22T10:36:36.374+0500] {dagbag.py:588} INFO - Filling up the DagBag from /home/ruslan/.local/lib/python3.10/site-packages/airflow/example_dags/tutorial_taskflow_api.py
[2025-03-22T10:36:36.379+0500] {processor.py:925} INFO - DAG(s) 'tutorial_taskflow_api' retrieved from /home/ruslan/.local/lib/python3.10/site-packages/airflow/example_dags/tutorial_taskflow_api.py
[2025-03-22T10:36:36.387+0500] {logging_mixin.py:190} INFO - [2025-03-22T10:36:36.387+0500] {dag.py:3239} INFO - Sync 1 DAGs
[2025-03-22T10:36:36.394+0500] {logging_mixin.py:190} INFO - [2025-03-22T10:36:36.394+0500] {dag.py:4180} INFO - Setting next_dagrun for tutorial_taskflow_api to None, run_after=None
[2025-03-22T10:36:36.410+0500] {processor.py:208} INFO - Processing /home/ruslan/.local/lib/python3.10/site-packages/airflow/example_dags/tutorial_taskflow_api.py took 0.042 seconds
[2025-03-22T10:37:28.095+0500] {processor.py:186} INFO - Started process (PID=37495) to work on /home/ruslan/.local/lib/python3.10/site-packages/airflow/example_dags/tutorial_taskflow_api.py
[2025-03-22T10:37:28.096+0500] {processor.py:914} INFO - Processing file /home/ruslan/.local/lib/python3.10/site-packages/airflow/example_dags/tutorial_taskflow_api.py for tasks to queue
[2025-03-22T10:37:28.097+0500] {logging_mixin.py:190} INFO - [2025-03-22T10:37:28.097+0500] {dagbag.py:588} INFO - Filling up the DagBag from /home/ruslan/.local/lib/python3.10/site-packages/airflow/example_dags/tutorial_taskflow_api.py
[2025-03-22T10:37:28.102+0500] {processor.py:925} INFO - DAG(s) 'tutorial_taskflow_api' retrieved from /home/ruslan/.local/lib/python3.10/site-packages/airflow/example_dags/tutorial_taskflow_api.py
[2025-03-22T10:37:28.111+0500] {logging_mixin.py:190} INFO - [2025-03-22T10:37:28.111+0500] {dag.py:3239} INFO - Sync 1 DAGs
[2025-03-22T10:37:28.118+0500] {logging_mixin.py:190} INFO - [2025-03-22T10:37:28.118+0500] {dag.py:4180} INFO - Setting next_dagrun for tutorial_taskflow_api to None, run_after=None
[2025-03-22T10:37:28.133+0500] {processor.py:208} INFO - Processing /home/ruslan/.local/lib/python3.10/site-packages/airflow/example_dags/tutorial_taskflow_api.py took 0.042 seconds
[2025-03-22T10:38:55.496+0500] {processor.py:186} INFO - Started process (PID=38675) to work on /home/ruslan/.local/lib/python3.10/site-packages/airflow/example_dags/tutorial_taskflow_api.py
[2025-03-22T10:38:55.497+0500] {processor.py:914} INFO - Processing file /home/ruslan/.local/lib/python3.10/site-packages/airflow/example_dags/tutorial_taskflow_api.py for tasks to queue
[2025-03-22T10:38:55.498+0500] {logging_mixin.py:190} INFO - [2025-03-22T10:38:55.498+0500] {dagbag.py:588} INFO - Filling up the DagBag from /home/ruslan/.local/lib/python3.10/site-packages/airflow/example_dags/tutorial_taskflow_api.py
[2025-03-22T10:38:55.503+0500] {processor.py:925} INFO - DAG(s) 'tutorial_taskflow_api' retrieved from /home/ruslan/.local/lib/python3.10/site-packages/airflow/example_dags/tutorial_taskflow_api.py
[2025-03-22T10:38:55.515+0500] {logging_mixin.py:190} INFO - [2025-03-22T10:38:55.515+0500] {dag.py:3239} INFO - Sync 1 DAGs
[2025-03-22T10:38:55.521+0500] {logging_mixin.py:190} INFO - [2025-03-22T10:38:55.521+0500] {dag.py:4180} INFO - Setting next_dagrun for tutorial_taskflow_api to None, run_after=None
[2025-03-22T10:38:55.538+0500] {processor.py:208} INFO - Processing /home/ruslan/.local/lib/python3.10/site-packages/airflow/example_dags/tutorial_taskflow_api.py took 0.046 seconds
[2025-03-22T10:39:49.307+0500] {processor.py:186} INFO - Started process (PID=39296) to work on /home/ruslan/.local/lib/python3.10/site-packages/airflow/example_dags/tutorial_taskflow_api.py
[2025-03-22T10:39:49.308+0500] {processor.py:914} INFO - Processing file /home/ruslan/.local/lib/python3.10/site-packages/airflow/example_dags/tutorial_taskflow_api.py for tasks to queue
[2025-03-22T10:39:49.309+0500] {logging_mixin.py:190} INFO - [2025-03-22T10:39:49.309+0500] {dagbag.py:588} INFO - Filling up the DagBag from /home/ruslan/.local/lib/python3.10/site-packages/airflow/example_dags/tutorial_taskflow_api.py
[2025-03-22T10:39:49.314+0500] {processor.py:925} INFO - DAG(s) 'tutorial_taskflow_api' retrieved from /home/ruslan/.local/lib/python3.10/site-packages/airflow/example_dags/tutorial_taskflow_api.py
[2025-03-22T10:39:49.323+0500] {logging_mixin.py:190} INFO - [2025-03-22T10:39:49.322+0500] {dag.py:3239} INFO - Sync 1 DAGs
[2025-03-22T10:39:49.329+0500] {logging_mixin.py:190} INFO - [2025-03-22T10:39:49.329+0500] {dag.py:4180} INFO - Setting next_dagrun for tutorial_taskflow_api to None, run_after=None
[2025-03-22T10:39:49.344+0500] {processor.py:208} INFO - Processing /home/ruslan/.local/lib/python3.10/site-packages/airflow/example_dags/tutorial_taskflow_api.py took 0.041 seconds
[2025-03-22T10:40:44.625+0500] {processor.py:186} INFO - Started process (PID=39972) to work on /home/ruslan/.local/lib/python3.10/site-packages/airflow/example_dags/tutorial_taskflow_api.py
[2025-03-22T10:40:44.627+0500] {processor.py:914} INFO - Processing file /home/ruslan/.local/lib/python3.10/site-packages/airflow/example_dags/tutorial_taskflow_api.py for tasks to queue
[2025-03-22T10:40:44.628+0500] {logging_mixin.py:190} INFO - [2025-03-22T10:40:44.628+0500] {dagbag.py:588} INFO - Filling up the DagBag from /home/ruslan/.local/lib/python3.10/site-packages/airflow/example_dags/tutorial_taskflow_api.py
[2025-03-22T10:40:44.633+0500] {processor.py:925} INFO - DAG(s) 'tutorial_taskflow_api' retrieved from /home/ruslan/.local/lib/python3.10/site-packages/airflow/example_dags/tutorial_taskflow_api.py
[2025-03-22T10:40:44.642+0500] {logging_mixin.py:190} INFO - [2025-03-22T10:40:44.642+0500] {dag.py:3239} INFO - Sync 1 DAGs
[2025-03-22T10:40:44.649+0500] {logging_mixin.py:190} INFO - [2025-03-22T10:40:44.649+0500] {dag.py:4180} INFO - Setting next_dagrun for tutorial_taskflow_api to None, run_after=None
[2025-03-22T10:40:44.664+0500] {processor.py:208} INFO - Processing /home/ruslan/.local/lib/python3.10/site-packages/airflow/example_dags/tutorial_taskflow_api.py took 0.043 seconds
[2025-03-22T10:41:47.222+0500] {processor.py:186} INFO - Started process (PID=40746) to work on /home/ruslan/.local/lib/python3.10/site-packages/airflow/example_dags/tutorial_taskflow_api.py
[2025-03-22T10:41:47.223+0500] {processor.py:914} INFO - Processing file /home/ruslan/.local/lib/python3.10/site-packages/airflow/example_dags/tutorial_taskflow_api.py for tasks to queue
[2025-03-22T10:41:47.225+0500] {logging_mixin.py:190} INFO - [2025-03-22T10:41:47.224+0500] {dagbag.py:588} INFO - Filling up the DagBag from /home/ruslan/.local/lib/python3.10/site-packages/airflow/example_dags/tutorial_taskflow_api.py
[2025-03-22T10:41:47.230+0500] {processor.py:925} INFO - DAG(s) 'tutorial_taskflow_api' retrieved from /home/ruslan/.local/lib/python3.10/site-packages/airflow/example_dags/tutorial_taskflow_api.py
[2025-03-22T10:41:47.238+0500] {logging_mixin.py:190} INFO - [2025-03-22T10:41:47.238+0500] {dag.py:3239} INFO - Sync 1 DAGs
[2025-03-22T10:41:47.245+0500] {logging_mixin.py:190} INFO - [2025-03-22T10:41:47.244+0500] {dag.py:4180} INFO - Setting next_dagrun for tutorial_taskflow_api to None, run_after=None
[2025-03-22T10:41:47.259+0500] {processor.py:208} INFO - Processing /home/ruslan/.local/lib/python3.10/site-packages/airflow/example_dags/tutorial_taskflow_api.py took 0.041 seconds
[2025-03-22T10:42:41.414+0500] {processor.py:186} INFO - Started process (PID=41451) to work on /home/ruslan/.local/lib/python3.10/site-packages/airflow/example_dags/tutorial_taskflow_api.py
[2025-03-22T10:42:41.415+0500] {processor.py:914} INFO - Processing file /home/ruslan/.local/lib/python3.10/site-packages/airflow/example_dags/tutorial_taskflow_api.py for tasks to queue
[2025-03-22T10:42:41.417+0500] {logging_mixin.py:190} INFO - [2025-03-22T10:42:41.416+0500] {dagbag.py:588} INFO - Filling up the DagBag from /home/ruslan/.local/lib/python3.10/site-packages/airflow/example_dags/tutorial_taskflow_api.py
[2025-03-22T10:42:41.422+0500] {processor.py:925} INFO - DAG(s) 'tutorial_taskflow_api' retrieved from /home/ruslan/.local/lib/python3.10/site-packages/airflow/example_dags/tutorial_taskflow_api.py
[2025-03-22T10:42:41.430+0500] {logging_mixin.py:190} INFO - [2025-03-22T10:42:41.430+0500] {dag.py:3239} INFO - Sync 1 DAGs
[2025-03-22T10:42:41.437+0500] {logging_mixin.py:190} INFO - [2025-03-22T10:42:41.437+0500] {dag.py:4180} INFO - Setting next_dagrun for tutorial_taskflow_api to None, run_after=None
[2025-03-22T10:42:41.452+0500] {processor.py:208} INFO - Processing /home/ruslan/.local/lib/python3.10/site-packages/airflow/example_dags/tutorial_taskflow_api.py took 0.041 seconds
[2025-03-22T10:43:37.808+0500] {processor.py:186} INFO - Started process (PID=42045) to work on /home/ruslan/.local/lib/python3.10/site-packages/airflow/example_dags/tutorial_taskflow_api.py
[2025-03-22T10:43:37.809+0500] {processor.py:914} INFO - Processing file /home/ruslan/.local/lib/python3.10/site-packages/airflow/example_dags/tutorial_taskflow_api.py for tasks to queue
[2025-03-22T10:43:37.810+0500] {logging_mixin.py:190} INFO - [2025-03-22T10:43:37.810+0500] {dagbag.py:588} INFO - Filling up the DagBag from /home/ruslan/.local/lib/python3.10/site-packages/airflow/example_dags/tutorial_taskflow_api.py
[2025-03-22T10:43:37.815+0500] {processor.py:925} INFO - DAG(s) 'tutorial_taskflow_api' retrieved from /home/ruslan/.local/lib/python3.10/site-packages/airflow/example_dags/tutorial_taskflow_api.py
[2025-03-22T10:43:37.823+0500] {logging_mixin.py:190} INFO - [2025-03-22T10:43:37.823+0500] {dag.py:3239} INFO - Sync 1 DAGs
[2025-03-22T10:43:37.830+0500] {logging_mixin.py:190} INFO - [2025-03-22T10:43:37.830+0500] {dag.py:4180} INFO - Setting next_dagrun for tutorial_taskflow_api to None, run_after=None
[2025-03-22T10:43:37.846+0500] {processor.py:208} INFO - Processing /home/ruslan/.local/lib/python3.10/site-packages/airflow/example_dags/tutorial_taskflow_api.py took 0.042 seconds
[2025-03-22T10:44:33.105+0500] {processor.py:186} INFO - Started process (PID=42751) to work on /home/ruslan/.local/lib/python3.10/site-packages/airflow/example_dags/tutorial_taskflow_api.py
[2025-03-22T10:44:33.106+0500] {processor.py:914} INFO - Processing file /home/ruslan/.local/lib/python3.10/site-packages/airflow/example_dags/tutorial_taskflow_api.py for tasks to queue
[2025-03-22T10:44:33.108+0500] {logging_mixin.py:190} INFO - [2025-03-22T10:44:33.108+0500] {dagbag.py:588} INFO - Filling up the DagBag from /home/ruslan/.local/lib/python3.10/site-packages/airflow/example_dags/tutorial_taskflow_api.py
[2025-03-22T10:44:33.113+0500] {processor.py:925} INFO - DAG(s) 'tutorial_taskflow_api' retrieved from /home/ruslan/.local/lib/python3.10/site-packages/airflow/example_dags/tutorial_taskflow_api.py
[2025-03-22T10:44:33.121+0500] {logging_mixin.py:190} INFO - [2025-03-22T10:44:33.121+0500] {dag.py:3239} INFO - Sync 1 DAGs
[2025-03-22T10:44:33.128+0500] {logging_mixin.py:190} INFO - [2025-03-22T10:44:33.128+0500] {dag.py:4180} INFO - Setting next_dagrun for tutorial_taskflow_api to None, run_after=None
[2025-03-22T10:44:33.143+0500] {processor.py:208} INFO - Processing /home/ruslan/.local/lib/python3.10/site-packages/airflow/example_dags/tutorial_taskflow_api.py took 0.042 seconds
[2025-03-22T10:45:26.862+0500] {processor.py:186} INFO - Started process (PID=43470) to work on /home/ruslan/.local/lib/python3.10/site-packages/airflow/example_dags/tutorial_taskflow_api.py
[2025-03-22T10:45:26.863+0500] {processor.py:914} INFO - Processing file /home/ruslan/.local/lib/python3.10/site-packages/airflow/example_dags/tutorial_taskflow_api.py for tasks to queue
[2025-03-22T10:45:26.864+0500] {logging_mixin.py:190} INFO - [2025-03-22T10:45:26.864+0500] {dagbag.py:588} INFO - Filling up the DagBag from /home/ruslan/.local/lib/python3.10/site-packages/airflow/example_dags/tutorial_taskflow_api.py
[2025-03-22T10:45:26.870+0500] {processor.py:925} INFO - DAG(s) 'tutorial_taskflow_api' retrieved from /home/ruslan/.local/lib/python3.10/site-packages/airflow/example_dags/tutorial_taskflow_api.py
[2025-03-22T10:45:26.880+0500] {logging_mixin.py:190} INFO - [2025-03-22T10:45:26.880+0500] {dag.py:3239} INFO - Sync 1 DAGs
[2025-03-22T10:45:26.887+0500] {logging_mixin.py:190} INFO - [2025-03-22T10:45:26.887+0500] {dag.py:4180} INFO - Setting next_dagrun for tutorial_taskflow_api to None, run_after=None
[2025-03-22T10:45:26.903+0500] {processor.py:208} INFO - Processing /home/ruslan/.local/lib/python3.10/site-packages/airflow/example_dags/tutorial_taskflow_api.py took 0.045 seconds
[2025-03-22T10:46:24.179+0500] {processor.py:186} INFO - Started process (PID=44197) to work on /home/ruslan/.local/lib/python3.10/site-packages/airflow/example_dags/tutorial_taskflow_api.py
[2025-03-22T10:46:24.180+0500] {processor.py:914} INFO - Processing file /home/ruslan/.local/lib/python3.10/site-packages/airflow/example_dags/tutorial_taskflow_api.py for tasks to queue
[2025-03-22T10:46:24.182+0500] {logging_mixin.py:190} INFO - [2025-03-22T10:46:24.181+0500] {dagbag.py:588} INFO - Filling up the DagBag from /home/ruslan/.local/lib/python3.10/site-packages/airflow/example_dags/tutorial_taskflow_api.py
[2025-03-22T10:46:24.187+0500] {processor.py:925} INFO - DAG(s) 'tutorial_taskflow_api' retrieved from /home/ruslan/.local/lib/python3.10/site-packages/airflow/example_dags/tutorial_taskflow_api.py
[2025-03-22T10:46:24.195+0500] {logging_mixin.py:190} INFO - [2025-03-22T10:46:24.195+0500] {dag.py:3239} INFO - Sync 1 DAGs
[2025-03-22T10:46:24.202+0500] {logging_mixin.py:190} INFO - [2025-03-22T10:46:24.201+0500] {dag.py:4180} INFO - Setting next_dagrun for tutorial_taskflow_api to None, run_after=None
[2025-03-22T10:46:24.217+0500] {processor.py:208} INFO - Processing /home/ruslan/.local/lib/python3.10/site-packages/airflow/example_dags/tutorial_taskflow_api.py took 0.042 seconds
[2025-03-22T10:47:20.676+0500] {processor.py:186} INFO - Started process (PID=44927) to work on /home/ruslan/.local/lib/python3.10/site-packages/airflow/example_dags/tutorial_taskflow_api.py
[2025-03-22T10:47:20.677+0500] {processor.py:914} INFO - Processing file /home/ruslan/.local/lib/python3.10/site-packages/airflow/example_dags/tutorial_taskflow_api.py for tasks to queue
[2025-03-22T10:47:20.679+0500] {logging_mixin.py:190} INFO - [2025-03-22T10:47:20.678+0500] {dagbag.py:588} INFO - Filling up the DagBag from /home/ruslan/.local/lib/python3.10/site-packages/airflow/example_dags/tutorial_taskflow_api.py
[2025-03-22T10:47:20.684+0500] {processor.py:925} INFO - DAG(s) 'tutorial_taskflow_api' retrieved from /home/ruslan/.local/lib/python3.10/site-packages/airflow/example_dags/tutorial_taskflow_api.py
[2025-03-22T10:47:20.692+0500] {logging_mixin.py:190} INFO - [2025-03-22T10:47:20.692+0500] {dag.py:3239} INFO - Sync 1 DAGs
[2025-03-22T10:47:20.699+0500] {logging_mixin.py:190} INFO - [2025-03-22T10:47:20.699+0500] {dag.py:4180} INFO - Setting next_dagrun for tutorial_taskflow_api to None, run_after=None
[2025-03-22T10:47:20.714+0500] {processor.py:208} INFO - Processing /home/ruslan/.local/lib/python3.10/site-packages/airflow/example_dags/tutorial_taskflow_api.py took 0.041 seconds
[2025-03-22T10:48:16.353+0500] {processor.py:186} INFO - Started process (PID=45543) to work on /home/ruslan/.local/lib/python3.10/site-packages/airflow/example_dags/tutorial_taskflow_api.py
[2025-03-22T10:48:16.354+0500] {processor.py:914} INFO - Processing file /home/ruslan/.local/lib/python3.10/site-packages/airflow/example_dags/tutorial_taskflow_api.py for tasks to queue
[2025-03-22T10:48:16.356+0500] {logging_mixin.py:190} INFO - [2025-03-22T10:48:16.355+0500] {dagbag.py:588} INFO - Filling up the DagBag from /home/ruslan/.local/lib/python3.10/site-packages/airflow/example_dags/tutorial_taskflow_api.py
[2025-03-22T10:48:16.361+0500] {processor.py:925} INFO - DAG(s) 'tutorial_taskflow_api' retrieved from /home/ruslan/.local/lib/python3.10/site-packages/airflow/example_dags/tutorial_taskflow_api.py
[2025-03-22T10:48:16.369+0500] {logging_mixin.py:190} INFO - [2025-03-22T10:48:16.368+0500] {dag.py:3239} INFO - Sync 1 DAGs
[2025-03-22T10:48:16.375+0500] {logging_mixin.py:190} INFO - [2025-03-22T10:48:16.375+0500] {dag.py:4180} INFO - Setting next_dagrun for tutorial_taskflow_api to None, run_after=None
[2025-03-22T10:48:16.391+0500] {processor.py:208} INFO - Processing /home/ruslan/.local/lib/python3.10/site-packages/airflow/example_dags/tutorial_taskflow_api.py took 0.041 seconds
[2025-03-22T12:46:58.141+0500] {processor.py:186} INFO - Started process (PID=970) to work on /home/ruslan/.local/lib/python3.10/site-packages/airflow/example_dags/tutorial_taskflow_api.py
[2025-03-22T12:46:58.143+0500] {processor.py:914} INFO - Processing file /home/ruslan/.local/lib/python3.10/site-packages/airflow/example_dags/tutorial_taskflow_api.py for tasks to queue
[2025-03-22T12:46:58.144+0500] {logging_mixin.py:190} INFO - [2025-03-22T12:46:58.144+0500] {dagbag.py:588} INFO - Filling up the DagBag from /home/ruslan/.local/lib/python3.10/site-packages/airflow/example_dags/tutorial_taskflow_api.py
[2025-03-22T12:46:58.153+0500] {processor.py:925} INFO - DAG(s) 'tutorial_taskflow_api' retrieved from /home/ruslan/.local/lib/python3.10/site-packages/airflow/example_dags/tutorial_taskflow_api.py
[2025-03-22T12:46:58.174+0500] {logging_mixin.py:190} INFO - [2025-03-22T12:46:58.174+0500] {dag.py:3239} INFO - Sync 1 DAGs
[2025-03-22T12:46:58.186+0500] {logging_mixin.py:190} INFO - [2025-03-22T12:46:58.186+0500] {dag.py:4180} INFO - Setting next_dagrun for tutorial_taskflow_api to None, run_after=None
[2025-03-22T12:46:58.201+0500] {processor.py:208} INFO - Processing /home/ruslan/.local/lib/python3.10/site-packages/airflow/example_dags/tutorial_taskflow_api.py took 0.065 seconds
[2025-03-22T12:47:55.157+0500] {processor.py:186} INFO - Started process (PID=6220) to work on /home/ruslan/.local/lib/python3.10/site-packages/airflow/example_dags/tutorial_taskflow_api.py
[2025-03-22T12:47:55.158+0500] {processor.py:914} INFO - Processing file /home/ruslan/.local/lib/python3.10/site-packages/airflow/example_dags/tutorial_taskflow_api.py for tasks to queue
[2025-03-22T12:47:55.160+0500] {logging_mixin.py:190} INFO - [2025-03-22T12:47:55.159+0500] {dagbag.py:588} INFO - Filling up the DagBag from /home/ruslan/.local/lib/python3.10/site-packages/airflow/example_dags/tutorial_taskflow_api.py
[2025-03-22T12:47:55.164+0500] {processor.py:925} INFO - DAG(s) 'tutorial_taskflow_api' retrieved from /home/ruslan/.local/lib/python3.10/site-packages/airflow/example_dags/tutorial_taskflow_api.py
[2025-03-22T12:47:55.172+0500] {logging_mixin.py:190} INFO - [2025-03-22T12:47:55.172+0500] {dag.py:3239} INFO - Sync 1 DAGs
[2025-03-22T12:47:55.178+0500] {logging_mixin.py:190} INFO - [2025-03-22T12:47:55.178+0500] {dag.py:4180} INFO - Setting next_dagrun for tutorial_taskflow_api to None, run_after=None
[2025-03-22T12:47:55.193+0500] {processor.py:208} INFO - Processing /home/ruslan/.local/lib/python3.10/site-packages/airflow/example_dags/tutorial_taskflow_api.py took 0.039 seconds
[2025-03-22T12:48:50.478+0500] {processor.py:186} INFO - Started process (PID=6527) to work on /home/ruslan/.local/lib/python3.10/site-packages/airflow/example_dags/tutorial_taskflow_api.py
[2025-03-22T12:48:50.479+0500] {processor.py:914} INFO - Processing file /home/ruslan/.local/lib/python3.10/site-packages/airflow/example_dags/tutorial_taskflow_api.py for tasks to queue
[2025-03-22T12:48:50.480+0500] {logging_mixin.py:190} INFO - [2025-03-22T12:48:50.480+0500] {dagbag.py:588} INFO - Filling up the DagBag from /home/ruslan/.local/lib/python3.10/site-packages/airflow/example_dags/tutorial_taskflow_api.py
[2025-03-22T12:48:50.486+0500] {processor.py:925} INFO - DAG(s) 'tutorial_taskflow_api' retrieved from /home/ruslan/.local/lib/python3.10/site-packages/airflow/example_dags/tutorial_taskflow_api.py
[2025-03-22T12:48:50.496+0500] {logging_mixin.py:190} INFO - [2025-03-22T12:48:50.496+0500] {dag.py:3239} INFO - Sync 1 DAGs
[2025-03-22T12:48:50.503+0500] {logging_mixin.py:190} INFO - [2025-03-22T12:48:50.503+0500] {dag.py:4180} INFO - Setting next_dagrun for tutorial_taskflow_api to None, run_after=None
[2025-03-22T12:48:50.517+0500] {processor.py:208} INFO - Processing /home/ruslan/.local/lib/python3.10/site-packages/airflow/example_dags/tutorial_taskflow_api.py took 0.043 seconds
[2025-03-22T12:49:44.846+0500] {processor.py:186} INFO - Started process (PID=7426) to work on /home/ruslan/.local/lib/python3.10/site-packages/airflow/example_dags/tutorial_taskflow_api.py
[2025-03-22T12:49:44.847+0500] {processor.py:914} INFO - Processing file /home/ruslan/.local/lib/python3.10/site-packages/airflow/example_dags/tutorial_taskflow_api.py for tasks to queue
[2025-03-22T12:49:44.848+0500] {logging_mixin.py:190} INFO - [2025-03-22T12:49:44.848+0500] {dagbag.py:588} INFO - Filling up the DagBag from /home/ruslan/.local/lib/python3.10/site-packages/airflow/example_dags/tutorial_taskflow_api.py
[2025-03-22T12:49:44.853+0500] {processor.py:925} INFO - DAG(s) 'tutorial_taskflow_api' retrieved from /home/ruslan/.local/lib/python3.10/site-packages/airflow/example_dags/tutorial_taskflow_api.py
[2025-03-22T12:49:44.860+0500] {logging_mixin.py:190} INFO - [2025-03-22T12:49:44.860+0500] {dag.py:3239} INFO - Sync 1 DAGs
[2025-03-22T12:49:44.867+0500] {logging_mixin.py:190} INFO - [2025-03-22T12:49:44.867+0500] {dag.py:4180} INFO - Setting next_dagrun for tutorial_taskflow_api to None, run_after=None
[2025-03-22T12:49:44.881+0500] {processor.py:208} INFO - Processing /home/ruslan/.local/lib/python3.10/site-packages/airflow/example_dags/tutorial_taskflow_api.py took 0.039 seconds
[2025-03-22T12:51:05.257+0500] {processor.py:186} INFO - Started process (PID=8677) to work on /home/ruslan/.local/lib/python3.10/site-packages/airflow/example_dags/tutorial_taskflow_api.py
[2025-03-22T12:51:05.258+0500] {processor.py:914} INFO - Processing file /home/ruslan/.local/lib/python3.10/site-packages/airflow/example_dags/tutorial_taskflow_api.py for tasks to queue
[2025-03-22T12:51:05.259+0500] {logging_mixin.py:190} INFO - [2025-03-22T12:51:05.259+0500] {dagbag.py:588} INFO - Filling up the DagBag from /home/ruslan/.local/lib/python3.10/site-packages/airflow/example_dags/tutorial_taskflow_api.py
[2025-03-22T12:51:05.264+0500] {processor.py:925} INFO - DAG(s) 'tutorial_taskflow_api' retrieved from /home/ruslan/.local/lib/python3.10/site-packages/airflow/example_dags/tutorial_taskflow_api.py
[2025-03-22T12:51:05.276+0500] {logging_mixin.py:190} INFO - [2025-03-22T12:51:05.276+0500] {dag.py:3239} INFO - Sync 1 DAGs
[2025-03-22T12:51:05.283+0500] {logging_mixin.py:190} INFO - [2025-03-22T12:51:05.283+0500] {dag.py:4180} INFO - Setting next_dagrun for tutorial_taskflow_api to None, run_after=None
[2025-03-22T12:51:05.297+0500] {processor.py:208} INFO - Processing /home/ruslan/.local/lib/python3.10/site-packages/airflow/example_dags/tutorial_taskflow_api.py took 0.044 seconds
