[2025-03-22T10:26:16.373+0500] {local_task_job_runner.py:123} INFO - ::group::Pre task execution logs
[2025-03-22T10:26:16.378+0500] {taskinstance.py:2614} INFO - Dependencies all met for dep_context=non-requeueable deps ti=<TaskInstance: train_dag.train_model manual__2025-03-22T05:26:13.718896+00:00 [queued]>
[2025-03-22T10:26:16.382+0500] {taskinstance.py:2614} INFO - Dependencies all met for dep_context=requeueable deps ti=<TaskInstance: train_dag.train_model manual__2025-03-22T05:26:13.718896+00:00 [queued]>
[2025-03-22T10:26:16.382+0500] {taskinstance.py:2867} INFO - Starting attempt 1 of 1
[2025-03-22T10:26:16.392+0500] {taskinstance.py:2890} INFO - Executing <Task(PythonOperator): train_model> on 2025-03-22 05:26:13.718896+00:00
[2025-03-22T10:26:16.394+0500] {standard_task_runner.py:72} INFO - Started process 30354 to run task
[2025-03-22T10:26:16.396+0500] {standard_task_runner.py:104} INFO - Running: ['airflow', 'tasks', 'run', 'train_dag', 'train_model', 'manual__2025-03-22T05:26:13.718896+00:00', '--job-id', '3', '--raw', '--subdir', 'DAGS_FOLDER/main.py', '--cfg-path', '/tmp/tmpwary3cco']
[2025-03-22T10:26:16.396+0500] {standard_task_runner.py:105} INFO - Job 3: Subtask train_model
[2025-03-22T10:26:16.419+0500] {task_command.py:467} INFO - Running <TaskInstance: train_dag.train_model manual__2025-03-22T05:26:13.718896+00:00 [running]> on host DESKTOP-LSRPTF5.
[2025-03-22T10:26:16.456+0500] {taskinstance.py:3134} INFO - Exporting env vars: AIRFLOW_CTX_DAG_OWNER='airflow' AIRFLOW_CTX_DAG_ID='train_dag' AIRFLOW_CTX_TASK_ID='train_model' AIRFLOW_CTX_EXECUTION_DATE='2025-03-22T05:26:13.718896+00:00' AIRFLOW_CTX_TRY_NUMBER='1' AIRFLOW_CTX_DAG_RUN_ID='manual__2025-03-22T05:26:13.718896+00:00'
[2025-03-22T10:26:16.456+0500] {logging_mixin.py:190} INFO - Task instance is in running state
[2025-03-22T10:26:16.456+0500] {logging_mixin.py:190} INFO -  Previous state of the Task instance: queued
[2025-03-22T10:26:16.457+0500] {logging_mixin.py:190} INFO - Current task name:train_model state:running start_date:2025-03-22 05:26:16.378995+00:00
[2025-03-22T10:26:16.457+0500] {logging_mixin.py:190} INFO - Dag name:train_dag and current dag run status:running
[2025-03-22T10:26:16.457+0500] {taskinstance.py:732} INFO - ::endgroup::
[2025-03-22T10:26:16.608+0500] {logging_mixin.py:190} INFO - 1
[2025-03-22T10:26:16.610+0500] {python.py:240} INFO - Done. Returned value was: None
[2025-03-22T10:26:16.612+0500] {taskinstance.py:341} INFO - ::group::Post task execution logs
[2025-03-22T10:26:16.613+0500] {taskinstance.py:353} INFO - Marking task as SUCCESS. dag_id=train_dag, task_id=train_model, run_id=manual__2025-03-22T05:26:13.718896+00:00, execution_date=20250322T052613, start_date=20250322T052616, end_date=20250322T052616
[2025-03-22T10:26:16.628+0500] {logging_mixin.py:190} INFO - Task instance in success state
[2025-03-22T10:26:16.628+0500] {logging_mixin.py:190} INFO -  Previous state of the Task instance: running
[2025-03-22T10:26:16.628+0500] {logging_mixin.py:190} INFO - Dag name:train_dag queued_at:2025-03-22 05:26:13.726735+00:00
[2025-03-22T10:26:16.628+0500] {logging_mixin.py:190} INFO - Task hostname:DESKTOP-LSRPTF5. operator:PythonOperator
[2025-03-22T10:26:16.649+0500] {local_task_job_runner.py:266} INFO - Task exited with return code 0
[2025-03-22T10:26:16.655+0500] {taskinstance.py:3901} INFO - 0 downstream tasks scheduled from follow-on schedule check
[2025-03-22T10:26:16.656+0500] {local_task_job_runner.py:245} INFO - ::endgroup::
