[2025-03-22T12:50:41.805+0500] {local_task_job_runner.py:123} INFO - ::group::Pre task execution logs
[2025-03-22T12:50:41.810+0500] {taskinstance.py:2614} INFO - Dependencies all met for dep_context=non-requeueable deps ti=<TaskInstance: train_dag.train_model scheduled__2025-03-21T00:06:00+00:00 [queued]>
[2025-03-22T12:50:41.814+0500] {taskinstance.py:2614} INFO - Dependencies all met for dep_context=requeueable deps ti=<TaskInstance: train_dag.train_model scheduled__2025-03-21T00:06:00+00:00 [queued]>
[2025-03-22T12:50:41.814+0500] {taskinstance.py:2867} INFO - Starting attempt 1 of 1
[2025-03-22T12:50:41.823+0500] {taskinstance.py:2890} INFO - Executing <Task(PythonOperator): train_model> on 2025-03-21 00:06:00+00:00
[2025-03-22T12:50:41.826+0500] {standard_task_runner.py:72} INFO - Started process 8320 to run task
[2025-03-22T12:50:41.828+0500] {standard_task_runner.py:104} INFO - Running: ['airflow', 'tasks', 'run', 'train_dag', 'train_model', 'scheduled__2025-03-21T00:06:00+00:00', '--job-id', '17', '--raw', '--subdir', 'DAGS_FOLDER/main.py', '--cfg-path', '/tmp/tmpp3uvk0p3']
[2025-03-22T12:50:41.829+0500] {standard_task_runner.py:105} INFO - Job 17: Subtask train_model
[2025-03-22T12:50:41.853+0500] {task_command.py:467} INFO - Running <TaskInstance: train_dag.train_model scheduled__2025-03-21T00:06:00+00:00 [running]> on host DESKTOP-LSRPTF5.
[2025-03-22T12:50:41.892+0500] {taskinstance.py:3134} INFO - Exporting env vars: AIRFLOW_CTX_DAG_OWNER='airflow' AIRFLOW_CTX_DAG_ID='train_dag' AIRFLOW_CTX_TASK_ID='train_model' AIRFLOW_CTX_EXECUTION_DATE='2025-03-21T00:06:00+00:00' AIRFLOW_CTX_TRY_NUMBER='1' AIRFLOW_CTX_DAG_RUN_ID='scheduled__2025-03-21T00:06:00+00:00'
[2025-03-22T12:50:41.893+0500] {logging_mixin.py:190} INFO - Task instance is in running state
[2025-03-22T12:50:41.893+0500] {logging_mixin.py:190} INFO -  Previous state of the Task instance: queued
[2025-03-22T12:50:41.893+0500] {logging_mixin.py:190} INFO - Current task name:train_model state:running start_date:2025-03-22 07:50:41.811204+00:00
[2025-03-22T12:50:41.893+0500] {logging_mixin.py:190} INFO - Dag name:train_dag and current dag run status:running
[2025-03-22T12:50:41.893+0500] {taskinstance.py:732} INFO - ::endgroup::
[2025-03-22T12:50:43.199+0500] {python.py:240} INFO - Done. Returned value was: None
[2025-03-22T12:50:43.203+0500] {taskinstance.py:341} INFO - ::group::Post task execution logs
[2025-03-22T12:50:43.203+0500] {taskinstance.py:353} INFO - Marking task as SUCCESS. dag_id=train_dag, task_id=train_model, run_id=scheduled__2025-03-21T00:06:00+00:00, execution_date=20250321T000600, start_date=20250322T075041, end_date=20250322T075043
[2025-03-22T12:50:43.229+0500] {logging_mixin.py:190} INFO - Task instance in success state
[2025-03-22T12:50:43.230+0500] {logging_mixin.py:190} INFO -  Previous state of the Task instance: running
[2025-03-22T12:50:43.230+0500] {logging_mixin.py:190} INFO - Dag name:train_dag queued_at:2025-03-22 07:50:40.016673+00:00
[2025-03-22T12:50:43.230+0500] {logging_mixin.py:190} INFO - Task hostname:DESKTOP-LSRPTF5. operator:PythonOperator
[2025-03-22T12:50:43.244+0500] {local_task_job_runner.py:266} INFO - Task exited with return code 0
[2025-03-22T12:50:43.251+0500] {taskinstance.py:3901} INFO - 0 downstream tasks scheduled from follow-on schedule check
[2025-03-22T12:50:43.251+0500] {local_task_job_runner.py:245} INFO - ::endgroup::
[2025-03-22T12:51:20.685+0500] {local_task_job_runner.py:123} INFO - ::group::Pre task execution logs
[2025-03-22T12:51:20.691+0500] {taskinstance.py:2614} INFO - Dependencies all met for dep_context=non-requeueable deps ti=<TaskInstance: train_dag.train_model scheduled__2025-03-21T00:06:00+00:00 [queued]>
[2025-03-22T12:51:20.694+0500] {taskinstance.py:2614} INFO - Dependencies all met for dep_context=requeueable deps ti=<TaskInstance: train_dag.train_model scheduled__2025-03-21T00:06:00+00:00 [queued]>
[2025-03-22T12:51:20.694+0500] {taskinstance.py:2867} INFO - Starting attempt 1 of 1
[2025-03-22T12:51:20.704+0500] {taskinstance.py:2890} INFO - Executing <Task(PythonOperator): train_model> on 2025-03-21 00:06:00+00:00
[2025-03-22T12:51:20.706+0500] {standard_task_runner.py:72} INFO - Started process 8916 to run task
[2025-03-22T12:51:20.709+0500] {standard_task_runner.py:104} INFO - Running: ['airflow', 'tasks', 'run', 'train_dag', 'train_model', 'scheduled__2025-03-21T00:06:00+00:00', '--job-id', '18', '--raw', '--subdir', 'DAGS_FOLDER/main.py', '--cfg-path', '/tmp/tmpi6rs3tpc']
[2025-03-22T12:51:20.709+0500] {standard_task_runner.py:105} INFO - Job 18: Subtask train_model
[2025-03-22T12:51:20.734+0500] {task_command.py:467} INFO - Running <TaskInstance: train_dag.train_model scheduled__2025-03-21T00:06:00+00:00 [running]> on host DESKTOP-LSRPTF5.
[2025-03-22T12:51:20.770+0500] {taskinstance.py:3134} INFO - Exporting env vars: AIRFLOW_CTX_DAG_OWNER='airflow' AIRFLOW_CTX_DAG_ID='train_dag' AIRFLOW_CTX_TASK_ID='train_model' AIRFLOW_CTX_EXECUTION_DATE='2025-03-21T00:06:00+00:00' AIRFLOW_CTX_TRY_NUMBER='1' AIRFLOW_CTX_DAG_RUN_ID='scheduled__2025-03-21T00:06:00+00:00'
[2025-03-22T12:51:20.771+0500] {logging_mixin.py:190} INFO - Task instance is in running state
[2025-03-22T12:51:20.771+0500] {logging_mixin.py:190} INFO -  Previous state of the Task instance: queued
[2025-03-22T12:51:20.771+0500] {logging_mixin.py:190} INFO - Current task name:train_model state:running start_date:2025-03-22 07:51:20.691591+00:00
[2025-03-22T12:51:20.771+0500] {logging_mixin.py:190} INFO - Dag name:train_dag and current dag run status:running
[2025-03-22T12:51:20.771+0500] {taskinstance.py:732} INFO - ::endgroup::
[2025-03-22T12:51:21.877+0500] {python.py:240} INFO - Done. Returned value was: None
[2025-03-22T12:51:21.881+0500] {taskinstance.py:341} INFO - ::group::Post task execution logs
[2025-03-22T12:51:21.881+0500] {taskinstance.py:353} INFO - Marking task as SUCCESS. dag_id=train_dag, task_id=train_model, run_id=scheduled__2025-03-21T00:06:00+00:00, execution_date=20250321T000600, start_date=20250322T075120, end_date=20250322T075121
[2025-03-22T12:51:21.924+0500] {logging_mixin.py:190} INFO - Task instance in success state
[2025-03-22T12:51:21.924+0500] {logging_mixin.py:190} INFO -  Previous state of the Task instance: running
[2025-03-22T12:51:21.925+0500] {logging_mixin.py:190} INFO - Dag name:train_dag queued_at:2025-03-22 07:51:19.007778+00:00
[2025-03-22T12:51:21.925+0500] {logging_mixin.py:190} INFO - Task hostname:DESKTOP-LSRPTF5. operator:PythonOperator
[2025-03-22T12:51:21.964+0500] {local_task_job_runner.py:266} INFO - Task exited with return code 0
[2025-03-22T12:51:21.971+0500] {taskinstance.py:3901} INFO - 0 downstream tasks scheduled from follow-on schedule check
[2025-03-22T12:51:21.971+0500] {local_task_job_runner.py:245} INFO - ::endgroup::
