[2025-03-21T19:37:08.995+0500] {processor.py:186} INFO - Started process (PID=155361) to work on /home/ruslan/metro/airflow/dags/main.py
[2025-03-21T19:37:08.995+0500] {processor.py:914} INFO - Processing file /home/ruslan/metro/airflow/dags/main.py for tasks to queue
[2025-03-21T19:37:08.996+0500] {logging_mixin.py:190} INFO - [2025-03-21T19:37:08.996+0500] {dagbag.py:588} INFO - Filling up the DagBag from /home/ruslan/metro/airflow/dags/main.py
[2025-03-21T19:37:08.999+0500] {logging_mixin.py:190} INFO - [2025-03-21T19:37:08.997+0500] {dagbag.py:387} ERROR - Failed to import: /home/ruslan/metro/airflow/dags/main.py
Traceback (most recent call last):
  File "/home/ruslan/.local/lib/python3.10/site-packages/airflow/models/dagbag.py", line 383, in parse
    loader.exec_module(new_module)
  File "<frozen importlib._bootstrap_external>", line 879, in exec_module
  File "<frozen importlib._bootstrap_external>", line 1017, in get_code
  File "<frozen importlib._bootstrap_external>", line 947, in source_to_code
  File "<frozen importlib._bootstrap>", line 241, in _call_with_frames_removed
  File "/home/ruslan/metro/airflow/dags/main.py", line 2
    from airflow
                ^
SyntaxError: invalid syntax
[2025-03-21T19:37:08.999+0500] {processor.py:927} WARNING - No viable dags retrieved from /home/ruslan/metro/airflow/dags/main.py
[2025-03-21T19:37:09.013+0500] {processor.py:208} INFO - Processing /home/ruslan/metro/airflow/dags/main.py took 0.023 seconds
[2025-03-21T19:38:03.539+0500] {processor.py:186} INFO - Started process (PID=155885) to work on /home/ruslan/metro/airflow/dags/main.py
[2025-03-21T19:38:03.540+0500] {processor.py:914} INFO - Processing file /home/ruslan/metro/airflow/dags/main.py for tasks to queue
[2025-03-21T19:38:03.541+0500] {logging_mixin.py:190} INFO - [2025-03-21T19:38:03.541+0500] {dagbag.py:588} INFO - Filling up the DagBag from /home/ruslan/metro/airflow/dags/main.py
[2025-03-21T19:38:03.543+0500] {logging_mixin.py:190} INFO - [2025-03-21T19:38:03.542+0500] {dagbag.py:387} ERROR - Failed to import: /home/ruslan/metro/airflow/dags/main.py
Traceback (most recent call last):
  File "/home/ruslan/.local/lib/python3.10/site-packages/airflow/models/dagbag.py", line 383, in parse
    loader.exec_module(new_module)
  File "<frozen importlib._bootstrap_external>", line 879, in exec_module
  File "<frozen importlib._bootstrap_external>", line 1017, in get_code
  File "<frozen importlib._bootstrap_external>", line 947, in source_to_code
  File "<frozen importlib._bootstrap>", line 241, in _call_with_frames_removed
  File "/home/ruslan/metro/airflow/dags/main.py", line 10
    data =
          ^
SyntaxError: invalid syntax
[2025-03-21T19:38:03.543+0500] {processor.py:927} WARNING - No viable dags retrieved from /home/ruslan/metro/airflow/dags/main.py
[2025-03-21T19:38:03.556+0500] {processor.py:208} INFO - Processing /home/ruslan/metro/airflow/dags/main.py took 0.021 seconds
[2025-03-21T19:38:30.075+0500] {processor.py:186} INFO - Started process (PID=156190) to work on /home/ruslan/metro/airflow/dags/main.py
[2025-03-21T19:38:30.076+0500] {processor.py:914} INFO - Processing file /home/ruslan/metro/airflow/dags/main.py for tasks to queue
[2025-03-21T19:38:30.077+0500] {logging_mixin.py:190} INFO - [2025-03-21T19:38:30.076+0500] {dagbag.py:588} INFO - Filling up the DagBag from /home/ruslan/metro/airflow/dags/main.py
[2025-03-21T19:38:30.080+0500] {logging_mixin.py:190} INFO - [2025-03-21T19:38:30.080+0500] {dagbag.py:387} ERROR - Failed to import: /home/ruslan/metro/airflow/dags/main.py
Traceback (most recent call last):
  File "/home/ruslan/.local/lib/python3.10/site-packages/airflow/models/dagbag.py", line 383, in parse
    loader.exec_module(new_module)
  File "<frozen importlib._bootstrap_external>", line 883, in exec_module
  File "<frozen importlib._bootstrap>", line 241, in _call_with_frames_removed
  File "/home/ruslan/metro/airflow/dags/main.py", line 13, in <module>
    oper
NameError: name 'oper' is not defined
[2025-03-21T19:38:30.080+0500] {processor.py:927} WARNING - No viable dags retrieved from /home/ruslan/metro/airflow/dags/main.py
[2025-03-21T19:38:30.094+0500] {processor.py:208} INFO - Processing /home/ruslan/metro/airflow/dags/main.py took 0.024 seconds
[2025-03-21T19:39:22.799+0500] {processor.py:186} INFO - Started process (PID=156628) to work on /home/ruslan/metro/airflow/dags/main.py
[2025-03-21T19:39:22.800+0500] {processor.py:914} INFO - Processing file /home/ruslan/metro/airflow/dags/main.py for tasks to queue
[2025-03-21T19:39:22.801+0500] {logging_mixin.py:190} INFO - [2025-03-21T19:39:22.801+0500] {dagbag.py:588} INFO - Filling up the DagBag from /home/ruslan/metro/airflow/dags/main.py
[2025-03-21T19:39:22.806+0500] {logging_mixin.py:190} INFO - [2025-03-21T19:39:22.806+0500] {dagbag.py:387} ERROR - Failed to import: /home/ruslan/metro/airflow/dags/main.py
Traceback (most recent call last):
  File "/home/ruslan/.local/lib/python3.10/site-packages/airflow/models/dagbag.py", line 383, in parse
    loader.exec_module(new_module)
  File "<frozen importlib._bootstrap_external>", line 883, in exec_module
  File "<frozen importlib._bootstrap>", line 241, in _call_with_frames_removed
  File "/home/ruslan/metro/airflow/dags/main.py", line 15, in <module>
    oper
NameError: name 'oper' is not defined
[2025-03-21T19:39:22.807+0500] {processor.py:927} WARNING - No viable dags retrieved from /home/ruslan/metro/airflow/dags/main.py
[2025-03-21T19:39:22.822+0500] {processor.py:208} INFO - Processing /home/ruslan/metro/airflow/dags/main.py took 0.027 seconds
[2025-03-21T19:40:14.721+0500] {processor.py:186} INFO - Started process (PID=156887) to work on /home/ruslan/metro/airflow/dags/main.py
[2025-03-21T19:40:14.722+0500] {processor.py:914} INFO - Processing file /home/ruslan/metro/airflow/dags/main.py for tasks to queue
[2025-03-21T19:40:14.723+0500] {logging_mixin.py:190} INFO - [2025-03-21T19:40:14.723+0500] {dagbag.py:588} INFO - Filling up the DagBag from /home/ruslan/metro/airflow/dags/main.py
[2025-03-21T19:40:14.729+0500] {logging_mixin.py:190} INFO - [2025-03-21T19:40:14.728+0500] {dagbag.py:387} ERROR - Failed to import: /home/ruslan/metro/airflow/dags/main.py
Traceback (most recent call last):
  File "/home/ruslan/.local/lib/python3.10/site-packages/airflow/models/dagbag.py", line 383, in parse
    loader.exec_module(new_module)
  File "<frozen importlib._bootstrap_external>", line 883, in exec_module
  File "<frozen importlib._bootstrap>", line 241, in _call_with_frames_removed
  File "/home/ruslan/metro/airflow/dags/main.py", line 15, in <module>
    oper
NameError: name 'oper' is not defined
[2025-03-21T19:40:14.729+0500] {processor.py:927} WARNING - No viable dags retrieved from /home/ruslan/metro/airflow/dags/main.py
[2025-03-21T19:40:14.745+0500] {processor.py:208} INFO - Processing /home/ruslan/metro/airflow/dags/main.py took 0.029 seconds
[2025-03-21T19:40:39.974+0500] {processor.py:186} INFO - Started process (PID=157245) to work on /home/ruslan/metro/airflow/dags/main.py
[2025-03-21T19:40:39.975+0500] {processor.py:914} INFO - Processing file /home/ruslan/metro/airflow/dags/main.py for tasks to queue
[2025-03-21T19:40:39.975+0500] {logging_mixin.py:190} INFO - [2025-03-21T19:40:39.975+0500] {dagbag.py:588} INFO - Filling up the DagBag from /home/ruslan/metro/airflow/dags/main.py
[2025-03-21T19:40:39.978+0500] {logging_mixin.py:190} INFO - [2025-03-21T19:40:39.977+0500] {dagbag.py:387} ERROR - Failed to import: /home/ruslan/metro/airflow/dags/main.py
Traceback (most recent call last):
  File "/home/ruslan/.local/lib/python3.10/site-packages/airflow/models/dagbag.py", line 383, in parse
    loader.exec_module(new_module)
  File "<frozen importlib._bootstrap_external>", line 879, in exec_module
  File "<frozen importlib._bootstrap_external>", line 1017, in get_code
  File "<frozen importlib._bootstrap_external>", line 947, in source_to_code
  File "<frozen importlib._bootstrap>", line 241, in _call_with_frames_removed
  File "/home/ruslan/metro/airflow/dags/main.py", line 3
    from airflow.operators import 
                                  ^
SyntaxError: invalid syntax
[2025-03-21T19:40:39.978+0500] {processor.py:927} WARNING - No viable dags retrieved from /home/ruslan/metro/airflow/dags/main.py
[2025-03-21T19:40:39.992+0500] {processor.py:208} INFO - Processing /home/ruslan/metro/airflow/dags/main.py took 0.023 seconds
[2025-03-21T19:41:35.135+0500] {processor.py:186} INFO - Started process (PID=157796) to work on /home/ruslan/metro/airflow/dags/main.py
[2025-03-21T19:41:35.136+0500] {processor.py:914} INFO - Processing file /home/ruslan/metro/airflow/dags/main.py for tasks to queue
[2025-03-21T19:41:35.137+0500] {logging_mixin.py:190} INFO - [2025-03-21T19:41:35.137+0500] {dagbag.py:588} INFO - Filling up the DagBag from /home/ruslan/metro/airflow/dags/main.py
[2025-03-21T19:41:35.139+0500] {logging_mixin.py:190} INFO - [2025-03-21T19:41:35.139+0500] {dagbag.py:387} ERROR - Failed to import: /home/ruslan/metro/airflow/dags/main.py
Traceback (most recent call last):
  File "/home/ruslan/.local/lib/python3.10/site-packages/airflow/models/dagbag.py", line 383, in parse
    loader.exec_module(new_module)
  File "<frozen importlib._bootstrap_external>", line 883, in exec_module
  File "<frozen importlib._bootstrap>", line 241, in _call_with_frames_removed
  File "/home/ruslan/metro/airflow/dags/main.py", line 3, in <module>
    from airflow.operator import PythonOperator
ModuleNotFoundError: No module named 'airflow.operator'
[2025-03-21T19:41:35.140+0500] {processor.py:927} WARNING - No viable dags retrieved from /home/ruslan/metro/airflow/dags/main.py
[2025-03-21T19:41:35.154+0500] {processor.py:208} INFO - Processing /home/ruslan/metro/airflow/dags/main.py took 0.022 seconds
[2025-03-21T19:42:27.519+0500] {processor.py:186} INFO - Started process (PID=158334) to work on /home/ruslan/metro/airflow/dags/main.py
[2025-03-21T19:42:27.520+0500] {processor.py:914} INFO - Processing file /home/ruslan/metro/airflow/dags/main.py for tasks to queue
[2025-03-21T19:42:27.521+0500] {logging_mixin.py:190} INFO - [2025-03-21T19:42:27.520+0500] {dagbag.py:588} INFO - Filling up the DagBag from /home/ruslan/metro/airflow/dags/main.py
[2025-03-21T19:42:27.523+0500] {logging_mixin.py:190} INFO - [2025-03-21T19:42:27.522+0500] {dagbag.py:387} ERROR - Failed to import: /home/ruslan/metro/airflow/dags/main.py
Traceback (most recent call last):
  File "/home/ruslan/.local/lib/python3.10/site-packages/airflow/models/dagbag.py", line 383, in parse
    loader.exec_module(new_module)
  File "<frozen importlib._bootstrap_external>", line 883, in exec_module
  File "<frozen importlib._bootstrap>", line 241, in _call_with_frames_removed
  File "/home/ruslan/metro/airflow/dags/main.py", line 3, in <module>
    from airflow.operator import PythonOperator
ModuleNotFoundError: No module named 'airflow.operator'
[2025-03-21T19:42:27.523+0500] {processor.py:927} WARNING - No viable dags retrieved from /home/ruslan/metro/airflow/dags/main.py
[2025-03-21T19:42:27.538+0500] {processor.py:208} INFO - Processing /home/ruslan/metro/airflow/dags/main.py took 0.023 seconds
[2025-03-21T19:42:53.836+0500] {processor.py:186} INFO - Started process (PID=158603) to work on /home/ruslan/metro/airflow/dags/main.py
[2025-03-21T19:42:53.837+0500] {processor.py:914} INFO - Processing file /home/ruslan/metro/airflow/dags/main.py for tasks to queue
[2025-03-21T19:42:53.838+0500] {logging_mixin.py:190} INFO - [2025-03-21T19:42:53.838+0500] {dagbag.py:588} INFO - Filling up the DagBag from /home/ruslan/metro/airflow/dags/main.py
[2025-03-21T19:42:53.847+0500] {processor.py:925} INFO - DAG(s) 'train_dag' retrieved from /home/ruslan/metro/airflow/dags/main.py
[2025-03-21T19:42:53.938+0500] {logging_mixin.py:190} INFO - [2025-03-21T19:42:53.937+0500] {override.py:1930} INFO - Created Permission View: can edit on DAG:train_dag
[2025-03-21T19:42:53.955+0500] {logging_mixin.py:190} INFO - [2025-03-21T19:42:53.954+0500] {override.py:1930} INFO - Created Permission View: can read on DAG:train_dag
[2025-03-21T19:42:53.966+0500] {logging_mixin.py:190} INFO - [2025-03-21T19:42:53.966+0500] {override.py:1930} INFO - Created Permission View: can delete on DAG:train_dag
[2025-03-21T19:42:53.985+0500] {logging_mixin.py:190} INFO - [2025-03-21T19:42:53.984+0500] {override.py:1930} INFO - Created Permission View: can create on DAG Run:train_dag
[2025-03-21T19:42:53.994+0500] {logging_mixin.py:190} INFO - [2025-03-21T19:42:53.994+0500] {override.py:1930} INFO - Created Permission View: can read on DAG Run:train_dag
[2025-03-21T19:42:54.003+0500] {logging_mixin.py:190} INFO - [2025-03-21T19:42:54.002+0500] {override.py:1930} INFO - Created Permission View: can delete on DAG Run:train_dag
[2025-03-21T19:42:54.012+0500] {logging_mixin.py:190} INFO - [2025-03-21T19:42:54.011+0500] {override.py:1930} INFO - Created Permission View: menu access on DAG Run:train_dag
[2025-03-21T19:42:54.012+0500] {logging_mixin.py:190} INFO - [2025-03-21T19:42:54.012+0500] {dag.py:3239} INFO - Sync 1 DAGs
[2025-03-21T19:42:54.024+0500] {logging_mixin.py:190} INFO - [2025-03-21T19:42:54.023+0500] {dag.py:3262} INFO - Creating ORM DAG for train_dag
[2025-03-21T19:42:54.029+0500] {logging_mixin.py:190} INFO - [2025-03-21T19:42:54.029+0500] {dag.py:4180} INFO - Setting next_dagrun for train_dag to None, run_after=None
[2025-03-21T19:42:54.048+0500] {processor.py:208} INFO - Processing /home/ruslan/metro/airflow/dags/main.py took 0.220 seconds
[2025-03-21T19:43:51.303+0500] {processor.py:186} INFO - Started process (PID=159321) to work on /home/ruslan/metro/airflow/dags/main.py
[2025-03-21T19:43:51.304+0500] {processor.py:914} INFO - Processing file /home/ruslan/metro/airflow/dags/main.py for tasks to queue
[2025-03-21T19:43:51.305+0500] {logging_mixin.py:190} INFO - [2025-03-21T19:43:51.304+0500] {dagbag.py:588} INFO - Filling up the DagBag from /home/ruslan/metro/airflow/dags/main.py
[2025-03-21T19:43:51.310+0500] {processor.py:925} INFO - DAG(s) 'train_dag' retrieved from /home/ruslan/metro/airflow/dags/main.py
[2025-03-21T19:43:51.318+0500] {logging_mixin.py:190} INFO - [2025-03-21T19:43:51.318+0500] {dag.py:3239} INFO - Sync 1 DAGs
[2025-03-21T19:43:51.331+0500] {logging_mixin.py:190} INFO - [2025-03-21T19:43:51.331+0500] {dag.py:4180} INFO - Setting next_dagrun for train_dag to None, run_after=None
[2025-03-21T19:43:51.347+0500] {processor.py:208} INFO - Processing /home/ruslan/metro/airflow/dags/main.py took 0.048 seconds
[2025-03-21T19:44:40.911+0500] {processor.py:186} INFO - Started process (PID=159818) to work on /home/ruslan/metro/airflow/dags/main.py
[2025-03-21T19:44:40.911+0500] {processor.py:914} INFO - Processing file /home/ruslan/metro/airflow/dags/main.py for tasks to queue
[2025-03-21T19:44:40.912+0500] {logging_mixin.py:190} INFO - [2025-03-21T19:44:40.912+0500] {dagbag.py:588} INFO - Filling up the DagBag from /home/ruslan/metro/airflow/dags/main.py
[2025-03-21T19:44:40.917+0500] {processor.py:925} INFO - DAG(s) 'train_dag' retrieved from /home/ruslan/metro/airflow/dags/main.py
[2025-03-21T19:44:40.925+0500] {logging_mixin.py:190} INFO - [2025-03-21T19:44:40.925+0500] {dag.py:3239} INFO - Sync 1 DAGs
[2025-03-21T19:44:40.936+0500] {logging_mixin.py:190} INFO - [2025-03-21T19:44:40.936+0500] {dag.py:4180} INFO - Setting next_dagrun for train_dag to None, run_after=None
[2025-03-21T19:44:40.950+0500] {processor.py:208} INFO - Processing /home/ruslan/metro/airflow/dags/main.py took 0.044 seconds
[2025-03-21T19:45:33.947+0500] {processor.py:186} INFO - Started process (PID=160346) to work on /home/ruslan/metro/airflow/dags/main.py
[2025-03-21T19:45:33.948+0500] {processor.py:914} INFO - Processing file /home/ruslan/metro/airflow/dags/main.py for tasks to queue
[2025-03-21T19:45:33.949+0500] {logging_mixin.py:190} INFO - [2025-03-21T19:45:33.949+0500] {dagbag.py:588} INFO - Filling up the DagBag from /home/ruslan/metro/airflow/dags/main.py
[2025-03-21T19:45:33.955+0500] {processor.py:925} INFO - DAG(s) 'train_dag' retrieved from /home/ruslan/metro/airflow/dags/main.py
[2025-03-21T19:45:33.968+0500] {logging_mixin.py:190} INFO - [2025-03-21T19:45:33.968+0500] {dag.py:3239} INFO - Sync 1 DAGs
[2025-03-21T19:45:33.996+0500] {logging_mixin.py:190} INFO - [2025-03-21T19:45:33.995+0500] {dag.py:4180} INFO - Setting next_dagrun for train_dag to None, run_after=None
[2025-03-21T19:45:34.018+0500] {processor.py:208} INFO - Processing /home/ruslan/metro/airflow/dags/main.py took 0.075 seconds
[2025-03-21T19:46:28.121+0500] {processor.py:186} INFO - Started process (PID=160981) to work on /home/ruslan/metro/airflow/dags/main.py
[2025-03-21T19:46:28.122+0500] {processor.py:914} INFO - Processing file /home/ruslan/metro/airflow/dags/main.py for tasks to queue
[2025-03-21T19:46:28.122+0500] {logging_mixin.py:190} INFO - [2025-03-21T19:46:28.122+0500] {dagbag.py:588} INFO - Filling up the DagBag from /home/ruslan/metro/airflow/dags/main.py
[2025-03-21T19:46:28.127+0500] {processor.py:925} INFO - DAG(s) 'train_dag' retrieved from /home/ruslan/metro/airflow/dags/main.py
[2025-03-21T19:46:28.135+0500] {logging_mixin.py:190} INFO - [2025-03-21T19:46:28.135+0500] {dag.py:3239} INFO - Sync 1 DAGs
[2025-03-21T19:46:28.146+0500] {logging_mixin.py:190} INFO - [2025-03-21T19:46:28.146+0500] {dag.py:4180} INFO - Setting next_dagrun for train_dag to None, run_after=None
[2025-03-21T19:46:28.161+0500] {processor.py:208} INFO - Processing /home/ruslan/metro/airflow/dags/main.py took 0.045 seconds
