[2025-03-22T12:51:56.239+0500] {local_task_job_runner.py:123} INFO - ::group::Pre task execution logs
[2025-03-22T12:51:56.244+0500] {taskinstance.py:2614} INFO - Dependencies all met for dep_context=non-requeueable deps ti=<TaskInstance: train_dag.train_model scheduled__2025-03-21T00:24:00+00:00 [queued]>
[2025-03-22T12:51:56.247+0500] {taskinstance.py:2614} INFO - Dependencies all met for dep_context=requeueable deps ti=<TaskInstance: train_dag.train_model scheduled__2025-03-21T00:24:00+00:00 [queued]>
[2025-03-22T12:51:56.247+0500] {taskinstance.py:2867} INFO - Starting attempt 1 of 1
[2025-03-22T12:51:56.257+0500] {taskinstance.py:2890} INFO - Executing <Task(PythonOperator): train_model> on 2025-03-21 00:24:00+00:00
[2025-03-22T12:51:56.260+0500] {standard_task_runner.py:72} INFO - Started process 9524 to run task
[2025-03-22T12:51:56.262+0500] {standard_task_runner.py:104} INFO - Running: ['airflow', 'tasks', 'run', 'train_dag', 'train_model', 'scheduled__2025-03-21T00:24:00+00:00', '--job-id', '27', '--raw', '--subdir', 'DAGS_FOLDER/main.py', '--cfg-path', '/tmp/tmp06_tn6y5']
[2025-03-22T12:51:56.263+0500] {standard_task_runner.py:105} INFO - Job 27: Subtask train_model
[2025-03-22T12:51:56.287+0500] {task_command.py:467} INFO - Running <TaskInstance: train_dag.train_model scheduled__2025-03-21T00:24:00+00:00 [running]> on host DESKTOP-LSRPTF5.
[2025-03-22T12:51:56.325+0500] {taskinstance.py:3134} INFO - Exporting env vars: AIRFLOW_CTX_DAG_OWNER='airflow' AIRFLOW_CTX_DAG_ID='train_dag' AIRFLOW_CTX_TASK_ID='train_model' AIRFLOW_CTX_EXECUTION_DATE='2025-03-21T00:24:00+00:00' AIRFLOW_CTX_TRY_NUMBER='1' AIRFLOW_CTX_DAG_RUN_ID='scheduled__2025-03-21T00:24:00+00:00'
[2025-03-22T12:51:56.326+0500] {logging_mixin.py:190} INFO - Task instance is in running state
[2025-03-22T12:51:56.326+0500] {logging_mixin.py:190} INFO -  Previous state of the Task instance: queued
[2025-03-22T12:51:56.326+0500] {logging_mixin.py:190} INFO - Current task name:train_model state:running start_date:2025-03-22 07:51:56.244559+00:00
[2025-03-22T12:51:56.326+0500] {logging_mixin.py:190} INFO - Dag name:train_dag and current dag run status:running
[2025-03-22T12:51:56.326+0500] {taskinstance.py:732} INFO - ::endgroup::
[2025-03-22T12:51:57.269+0500] {python.py:240} INFO - Done. Returned value was: None
[2025-03-22T12:51:57.282+0500] {taskinstance.py:341} INFO - ::group::Post task execution logs
[2025-03-22T12:51:57.282+0500] {taskinstance.py:353} INFO - Marking task as SUCCESS. dag_id=train_dag, task_id=train_model, run_id=scheduled__2025-03-21T00:24:00+00:00, execution_date=20250321T002400, start_date=20250322T075156, end_date=20250322T075157
[2025-03-22T12:51:57.310+0500] {logging_mixin.py:190} INFO - Task instance in success state
[2025-03-22T12:51:57.310+0500] {logging_mixin.py:190} INFO -  Previous state of the Task instance: running
[2025-03-22T12:51:57.310+0500] {logging_mixin.py:190} INFO - Dag name:train_dag queued_at:2025-03-22 07:51:54.508000+00:00
[2025-03-22T12:51:57.311+0500] {logging_mixin.py:190} INFO - Task hostname:DESKTOP-LSRPTF5. operator:PythonOperator
[2025-03-22T12:51:57.358+0500] {local_task_job_runner.py:266} INFO - Task exited with return code 0
[2025-03-22T12:51:57.369+0500] {taskinstance.py:3901} INFO - 0 downstream tasks scheduled from follow-on schedule check
[2025-03-22T12:51:57.370+0500] {local_task_job_runner.py:245} INFO - ::endgroup::
