[2025-03-21T19:27:49.252+0500] {processor.py:186} INFO - Started process (PID=141105) to work on /home/ruslan/.local/lib/python3.10/site-packages/airflow/example_dags/example_dataset_alias_with_no_taskflow.py
[2025-03-21T19:27:49.253+0500] {processor.py:914} INFO - Processing file /home/ruslan/.local/lib/python3.10/site-packages/airflow/example_dags/example_dataset_alias_with_no_taskflow.py for tasks to queue
[2025-03-21T19:27:49.254+0500] {logging_mixin.py:190} INFO - [2025-03-21T19:27:49.254+0500] {dagbag.py:588} INFO - Filling up the DagBag from /home/ruslan/.local/lib/python3.10/site-packages/airflow/example_dags/example_dataset_alias_with_no_taskflow.py
[2025-03-21T19:27:49.264+0500] {processor.py:925} INFO - DAG(s) 'dataset_alias_example_alias_producer_with_no_taskflow', 'dataset_s3_bucket_producer_with_no_taskflow', 'dataset_s3_bucket_consumer_with_no_taskflow', 'dataset_alias_example_alias_consumer_with_no_taskflow' retrieved from /home/ruslan/.local/lib/python3.10/site-packages/airflow/example_dags/example_dataset_alias_with_no_taskflow.py
[2025-03-21T19:27:49.321+0500] {logging_mixin.py:190} INFO - [2025-03-21T19:27:49.321+0500] {override.py:1930} INFO - Created Permission View: can edit on DAG:dataset_alias_example_alias_producer_with_no_taskflow
[2025-03-21T19:27:49.330+0500] {logging_mixin.py:190} INFO - [2025-03-21T19:27:49.330+0500] {override.py:1930} INFO - Created Permission View: can read on DAG:dataset_alias_example_alias_producer_with_no_taskflow
[2025-03-21T19:27:49.337+0500] {logging_mixin.py:190} INFO - [2025-03-21T19:27:49.337+0500] {override.py:1930} INFO - Created Permission View: can delete on DAG:dataset_alias_example_alias_producer_with_no_taskflow
[2025-03-21T19:27:49.348+0500] {logging_mixin.py:190} INFO - [2025-03-21T19:27:49.348+0500] {override.py:1930} INFO - Created Permission View: can create on DAG Run:dataset_alias_example_alias_producer_with_no_taskflow
[2025-03-21T19:27:49.355+0500] {logging_mixin.py:190} INFO - [2025-03-21T19:27:49.355+0500] {override.py:1930} INFO - Created Permission View: can read on DAG Run:dataset_alias_example_alias_producer_with_no_taskflow
[2025-03-21T19:27:49.362+0500] {logging_mixin.py:190} INFO - [2025-03-21T19:27:49.361+0500] {override.py:1930} INFO - Created Permission View: can delete on DAG Run:dataset_alias_example_alias_producer_with_no_taskflow
[2025-03-21T19:27:49.368+0500] {logging_mixin.py:190} INFO - [2025-03-21T19:27:49.368+0500] {override.py:1930} INFO - Created Permission View: menu access on DAG Run:dataset_alias_example_alias_producer_with_no_taskflow
[2025-03-21T19:27:49.383+0500] {logging_mixin.py:190} INFO - [2025-03-21T19:27:49.383+0500] {override.py:1930} INFO - Created Permission View: can edit on DAG:dataset_s3_bucket_producer_with_no_taskflow
[2025-03-21T19:27:49.390+0500] {logging_mixin.py:190} INFO - [2025-03-21T19:27:49.390+0500] {override.py:1930} INFO - Created Permission View: can read on DAG:dataset_s3_bucket_producer_with_no_taskflow
[2025-03-21T19:27:49.398+0500] {logging_mixin.py:190} INFO - [2025-03-21T19:27:49.398+0500] {override.py:1930} INFO - Created Permission View: can delete on DAG:dataset_s3_bucket_producer_with_no_taskflow
[2025-03-21T19:27:49.409+0500] {logging_mixin.py:190} INFO - [2025-03-21T19:27:49.409+0500] {override.py:1930} INFO - Created Permission View: can create on DAG Run:dataset_s3_bucket_producer_with_no_taskflow
[2025-03-21T19:27:49.416+0500] {logging_mixin.py:190} INFO - [2025-03-21T19:27:49.416+0500] {override.py:1930} INFO - Created Permission View: can read on DAG Run:dataset_s3_bucket_producer_with_no_taskflow
[2025-03-21T19:27:49.423+0500] {logging_mixin.py:190} INFO - [2025-03-21T19:27:49.422+0500] {override.py:1930} INFO - Created Permission View: can delete on DAG Run:dataset_s3_bucket_producer_with_no_taskflow
[2025-03-21T19:27:49.429+0500] {logging_mixin.py:190} INFO - [2025-03-21T19:27:49.429+0500] {override.py:1930} INFO - Created Permission View: menu access on DAG Run:dataset_s3_bucket_producer_with_no_taskflow
[2025-03-21T19:27:49.444+0500] {logging_mixin.py:190} INFO - [2025-03-21T19:27:49.444+0500] {override.py:1930} INFO - Created Permission View: can edit on DAG:dataset_s3_bucket_consumer_with_no_taskflow
[2025-03-21T19:27:49.451+0500] {logging_mixin.py:190} INFO - [2025-03-21T19:27:49.451+0500] {override.py:1930} INFO - Created Permission View: can read on DAG:dataset_s3_bucket_consumer_with_no_taskflow
[2025-03-21T19:27:49.457+0500] {logging_mixin.py:190} INFO - [2025-03-21T19:27:49.457+0500] {override.py:1930} INFO - Created Permission View: can delete on DAG:dataset_s3_bucket_consumer_with_no_taskflow
[2025-03-21T19:27:49.469+0500] {logging_mixin.py:190} INFO - [2025-03-21T19:27:49.469+0500] {override.py:1930} INFO - Created Permission View: can create on DAG Run:dataset_s3_bucket_consumer_with_no_taskflow
[2025-03-21T19:27:49.476+0500] {logging_mixin.py:190} INFO - [2025-03-21T19:27:49.476+0500] {override.py:1930} INFO - Created Permission View: can read on DAG Run:dataset_s3_bucket_consumer_with_no_taskflow
[2025-03-21T19:27:49.483+0500] {logging_mixin.py:190} INFO - [2025-03-21T19:27:49.482+0500] {override.py:1930} INFO - Created Permission View: can delete on DAG Run:dataset_s3_bucket_consumer_with_no_taskflow
[2025-03-21T19:27:49.489+0500] {logging_mixin.py:190} INFO - [2025-03-21T19:27:49.489+0500] {override.py:1930} INFO - Created Permission View: menu access on DAG Run:dataset_s3_bucket_consumer_with_no_taskflow
[2025-03-21T19:27:49.504+0500] {logging_mixin.py:190} INFO - [2025-03-21T19:27:49.504+0500] {override.py:1930} INFO - Created Permission View: can edit on DAG:dataset_alias_example_alias_consumer_with_no_taskflow
[2025-03-21T19:27:49.511+0500] {logging_mixin.py:190} INFO - [2025-03-21T19:27:49.511+0500] {override.py:1930} INFO - Created Permission View: can read on DAG:dataset_alias_example_alias_consumer_with_no_taskflow
[2025-03-21T19:27:49.518+0500] {logging_mixin.py:190} INFO - [2025-03-21T19:27:49.518+0500] {override.py:1930} INFO - Created Permission View: can delete on DAG:dataset_alias_example_alias_consumer_with_no_taskflow
[2025-03-21T19:27:49.529+0500] {logging_mixin.py:190} INFO - [2025-03-21T19:27:49.529+0500] {override.py:1930} INFO - Created Permission View: can create on DAG Run:dataset_alias_example_alias_consumer_with_no_taskflow
[2025-03-21T19:27:49.536+0500] {logging_mixin.py:190} INFO - [2025-03-21T19:27:49.536+0500] {override.py:1930} INFO - Created Permission View: can read on DAG Run:dataset_alias_example_alias_consumer_with_no_taskflow
[2025-03-21T19:27:49.543+0500] {logging_mixin.py:190} INFO - [2025-03-21T19:27:49.543+0500] {override.py:1930} INFO - Created Permission View: can delete on DAG Run:dataset_alias_example_alias_consumer_with_no_taskflow
[2025-03-21T19:27:49.550+0500] {logging_mixin.py:190} INFO - [2025-03-21T19:27:49.549+0500] {override.py:1930} INFO - Created Permission View: menu access on DAG Run:dataset_alias_example_alias_consumer_with_no_taskflow
[2025-03-21T19:27:49.550+0500] {logging_mixin.py:190} INFO - [2025-03-21T19:27:49.550+0500] {dag.py:3239} INFO - Sync 4 DAGs
[2025-03-21T19:27:49.556+0500] {logging_mixin.py:190} INFO - [2025-03-21T19:27:49.556+0500] {dag.py:3262} INFO - Creating ORM DAG for dataset_alias_example_alias_producer_with_no_taskflow
[2025-03-21T19:27:49.557+0500] {logging_mixin.py:190} INFO - [2025-03-21T19:27:49.557+0500] {dag.py:3262} INFO - Creating ORM DAG for dataset_s3_bucket_consumer_with_no_taskflow
[2025-03-21T19:27:49.557+0500] {logging_mixin.py:190} INFO - [2025-03-21T19:27:49.557+0500] {dag.py:3262} INFO - Creating ORM DAG for dataset_alias_example_alias_consumer_with_no_taskflow
[2025-03-21T19:27:49.557+0500] {logging_mixin.py:190} INFO - [2025-03-21T19:27:49.557+0500] {dag.py:3262} INFO - Creating ORM DAG for dataset_s3_bucket_producer_with_no_taskflow
[2025-03-21T19:27:49.562+0500] {logging_mixin.py:190} INFO - [2025-03-21T19:27:49.561+0500] {dag.py:4180} INFO - Setting next_dagrun for dataset_alias_example_alias_consumer_with_no_taskflow to None, run_after=None
[2025-03-21T19:27:49.562+0500] {logging_mixin.py:190} INFO - [2025-03-21T19:27:49.562+0500] {dag.py:4180} INFO - Setting next_dagrun for dataset_alias_example_alias_producer_with_no_taskflow to None, run_after=None
[2025-03-21T19:27:49.562+0500] {logging_mixin.py:190} INFO - [2025-03-21T19:27:49.562+0500] {dag.py:4180} INFO - Setting next_dagrun for dataset_s3_bucket_consumer_with_no_taskflow to None, run_after=None
[2025-03-21T19:27:49.562+0500] {logging_mixin.py:190} INFO - [2025-03-21T19:27:49.562+0500] {dag.py:4180} INFO - Setting next_dagrun for dataset_s3_bucket_producer_with_no_taskflow to None, run_after=None
[2025-03-21T19:27:49.581+0500] {processor.py:208} INFO - Processing /home/ruslan/.local/lib/python3.10/site-packages/airflow/example_dags/example_dataset_alias_with_no_taskflow.py took 0.333 seconds
[2025-03-21T19:28:45.289+0500] {processor.py:186} INFO - Started process (PID=141409) to work on /home/ruslan/.local/lib/python3.10/site-packages/airflow/example_dags/example_dataset_alias_with_no_taskflow.py
[2025-03-21T19:28:45.291+0500] {processor.py:914} INFO - Processing file /home/ruslan/.local/lib/python3.10/site-packages/airflow/example_dags/example_dataset_alias_with_no_taskflow.py for tasks to queue
[2025-03-21T19:28:45.292+0500] {logging_mixin.py:190} INFO - [2025-03-21T19:28:45.292+0500] {dagbag.py:588} INFO - Filling up the DagBag from /home/ruslan/.local/lib/python3.10/site-packages/airflow/example_dags/example_dataset_alias_with_no_taskflow.py
[2025-03-21T19:28:45.304+0500] {processor.py:925} INFO - DAG(s) 'dataset_alias_example_alias_producer_with_no_taskflow', 'dataset_alias_example_alias_consumer_with_no_taskflow', 'dataset_s3_bucket_consumer_with_no_taskflow', 'dataset_s3_bucket_producer_with_no_taskflow' retrieved from /home/ruslan/.local/lib/python3.10/site-packages/airflow/example_dags/example_dataset_alias_with_no_taskflow.py
[2025-03-21T19:28:45.315+0500] {logging_mixin.py:190} INFO - [2025-03-21T19:28:45.315+0500] {dag.py:3239} INFO - Sync 4 DAGs
[2025-03-21T19:28:45.327+0500] {logging_mixin.py:190} INFO - [2025-03-21T19:28:45.327+0500] {dag.py:4180} INFO - Setting next_dagrun for dataset_alias_example_alias_consumer_with_no_taskflow to None, run_after=None
[2025-03-21T19:28:45.328+0500] {logging_mixin.py:190} INFO - [2025-03-21T19:28:45.328+0500] {dag.py:4180} INFO - Setting next_dagrun for dataset_alias_example_alias_producer_with_no_taskflow to None, run_after=None
[2025-03-21T19:28:45.329+0500] {logging_mixin.py:190} INFO - [2025-03-21T19:28:45.329+0500] {dag.py:4180} INFO - Setting next_dagrun for dataset_s3_bucket_consumer_with_no_taskflow to None, run_after=None
[2025-03-21T19:28:45.329+0500] {logging_mixin.py:190} INFO - [2025-03-21T19:28:45.329+0500] {dag.py:4180} INFO - Setting next_dagrun for dataset_s3_bucket_producer_with_no_taskflow to None, run_after=None
[2025-03-21T19:28:45.345+0500] {processor.py:208} INFO - Processing /home/ruslan/.local/lib/python3.10/site-packages/airflow/example_dags/example_dataset_alias_with_no_taskflow.py took 0.059 seconds
[2025-03-21T19:29:39.826+0500] {processor.py:186} INFO - Started process (PID=141682) to work on /home/ruslan/.local/lib/python3.10/site-packages/airflow/example_dags/example_dataset_alias_with_no_taskflow.py
[2025-03-21T19:29:39.827+0500] {processor.py:914} INFO - Processing file /home/ruslan/.local/lib/python3.10/site-packages/airflow/example_dags/example_dataset_alias_with_no_taskflow.py for tasks to queue
[2025-03-21T19:29:39.828+0500] {logging_mixin.py:190} INFO - [2025-03-21T19:29:39.828+0500] {dagbag.py:588} INFO - Filling up the DagBag from /home/ruslan/.local/lib/python3.10/site-packages/airflow/example_dags/example_dataset_alias_with_no_taskflow.py
[2025-03-21T19:29:39.840+0500] {processor.py:925} INFO - DAG(s) 'dataset_s3_bucket_producer_with_no_taskflow', 'dataset_s3_bucket_consumer_with_no_taskflow', 'dataset_alias_example_alias_producer_with_no_taskflow', 'dataset_alias_example_alias_consumer_with_no_taskflow' retrieved from /home/ruslan/.local/lib/python3.10/site-packages/airflow/example_dags/example_dataset_alias_with_no_taskflow.py
[2025-03-21T19:29:39.852+0500] {logging_mixin.py:190} INFO - [2025-03-21T19:29:39.852+0500] {dag.py:3239} INFO - Sync 4 DAGs
[2025-03-21T19:29:39.863+0500] {logging_mixin.py:190} INFO - [2025-03-21T19:29:39.863+0500] {dag.py:4180} INFO - Setting next_dagrun for dataset_alias_example_alias_consumer_with_no_taskflow to None, run_after=None
[2025-03-21T19:29:39.864+0500] {logging_mixin.py:190} INFO - [2025-03-21T19:29:39.864+0500] {dag.py:4180} INFO - Setting next_dagrun for dataset_alias_example_alias_producer_with_no_taskflow to None, run_after=None
[2025-03-21T19:29:39.865+0500] {logging_mixin.py:190} INFO - [2025-03-21T19:29:39.865+0500] {dag.py:4180} INFO - Setting next_dagrun for dataset_s3_bucket_consumer_with_no_taskflow to None, run_after=None
[2025-03-21T19:29:39.865+0500] {logging_mixin.py:190} INFO - [2025-03-21T19:29:39.865+0500] {dag.py:4180} INFO - Setting next_dagrun for dataset_s3_bucket_producer_with_no_taskflow to None, run_after=None
[2025-03-21T19:29:39.882+0500] {processor.py:208} INFO - Processing /home/ruslan/.local/lib/python3.10/site-packages/airflow/example_dags/example_dataset_alias_with_no_taskflow.py took 0.060 seconds
[2025-03-21T19:30:34.761+0500] {processor.py:186} INFO - Started process (PID=141953) to work on /home/ruslan/.local/lib/python3.10/site-packages/airflow/example_dags/example_dataset_alias_with_no_taskflow.py
[2025-03-21T19:30:34.762+0500] {processor.py:914} INFO - Processing file /home/ruslan/.local/lib/python3.10/site-packages/airflow/example_dags/example_dataset_alias_with_no_taskflow.py for tasks to queue
[2025-03-21T19:30:34.763+0500] {logging_mixin.py:190} INFO - [2025-03-21T19:30:34.763+0500] {dagbag.py:588} INFO - Filling up the DagBag from /home/ruslan/.local/lib/python3.10/site-packages/airflow/example_dags/example_dataset_alias_with_no_taskflow.py
[2025-03-21T19:30:34.775+0500] {processor.py:925} INFO - DAG(s) 'dataset_s3_bucket_consumer_with_no_taskflow', 'dataset_s3_bucket_producer_with_no_taskflow', 'dataset_alias_example_alias_consumer_with_no_taskflow', 'dataset_alias_example_alias_producer_with_no_taskflow' retrieved from /home/ruslan/.local/lib/python3.10/site-packages/airflow/example_dags/example_dataset_alias_with_no_taskflow.py
[2025-03-21T19:30:34.786+0500] {logging_mixin.py:190} INFO - [2025-03-21T19:30:34.786+0500] {dag.py:3239} INFO - Sync 4 DAGs
[2025-03-21T19:30:34.797+0500] {logging_mixin.py:190} INFO - [2025-03-21T19:30:34.796+0500] {dag.py:4180} INFO - Setting next_dagrun for dataset_alias_example_alias_consumer_with_no_taskflow to None, run_after=None
[2025-03-21T19:30:34.798+0500] {logging_mixin.py:190} INFO - [2025-03-21T19:30:34.798+0500] {dag.py:4180} INFO - Setting next_dagrun for dataset_alias_example_alias_producer_with_no_taskflow to None, run_after=None
[2025-03-21T19:30:34.798+0500] {logging_mixin.py:190} INFO - [2025-03-21T19:30:34.798+0500] {dag.py:4180} INFO - Setting next_dagrun for dataset_s3_bucket_consumer_with_no_taskflow to None, run_after=None
[2025-03-21T19:30:34.799+0500] {logging_mixin.py:190} INFO - [2025-03-21T19:30:34.799+0500] {dag.py:4180} INFO - Setting next_dagrun for dataset_s3_bucket_producer_with_no_taskflow to None, run_after=None
[2025-03-21T19:30:34.814+0500] {processor.py:208} INFO - Processing /home/ruslan/.local/lib/python3.10/site-packages/airflow/example_dags/example_dataset_alias_with_no_taskflow.py took 0.057 seconds
[2025-03-21T19:31:26.128+0500] {processor.py:186} INFO - Started process (PID=142212) to work on /home/ruslan/.local/lib/python3.10/site-packages/airflow/example_dags/example_dataset_alias_with_no_taskflow.py
[2025-03-21T19:31:26.129+0500] {processor.py:914} INFO - Processing file /home/ruslan/.local/lib/python3.10/site-packages/airflow/example_dags/example_dataset_alias_with_no_taskflow.py for tasks to queue
[2025-03-21T19:31:26.133+0500] {logging_mixin.py:190} INFO - [2025-03-21T19:31:26.133+0500] {dagbag.py:588} INFO - Filling up the DagBag from /home/ruslan/.local/lib/python3.10/site-packages/airflow/example_dags/example_dataset_alias_with_no_taskflow.py
[2025-03-21T19:31:26.160+0500] {processor.py:925} INFO - DAG(s) 'dataset_s3_bucket_consumer_with_no_taskflow', 'dataset_s3_bucket_producer_with_no_taskflow', 'dataset_alias_example_alias_producer_with_no_taskflow', 'dataset_alias_example_alias_consumer_with_no_taskflow' retrieved from /home/ruslan/.local/lib/python3.10/site-packages/airflow/example_dags/example_dataset_alias_with_no_taskflow.py
[2025-03-21T19:31:26.181+0500] {logging_mixin.py:190} INFO - [2025-03-21T19:31:26.181+0500] {dag.py:3239} INFO - Sync 4 DAGs
[2025-03-21T19:31:26.202+0500] {logging_mixin.py:190} INFO - [2025-03-21T19:31:26.201+0500] {dag.py:4180} INFO - Setting next_dagrun for dataset_alias_example_alias_consumer_with_no_taskflow to None, run_after=None
[2025-03-21T19:31:26.204+0500] {logging_mixin.py:190} INFO - [2025-03-21T19:31:26.204+0500] {dag.py:4180} INFO - Setting next_dagrun for dataset_alias_example_alias_producer_with_no_taskflow to None, run_after=None
[2025-03-21T19:31:26.205+0500] {logging_mixin.py:190} INFO - [2025-03-21T19:31:26.205+0500] {dag.py:4180} INFO - Setting next_dagrun for dataset_s3_bucket_consumer_with_no_taskflow to None, run_after=None
[2025-03-21T19:31:26.206+0500] {logging_mixin.py:190} INFO - [2025-03-21T19:31:26.206+0500] {dag.py:4180} INFO - Setting next_dagrun for dataset_s3_bucket_producer_with_no_taskflow to None, run_after=None
[2025-03-21T19:31:26.226+0500] {processor.py:208} INFO - Processing /home/ruslan/.local/lib/python3.10/site-packages/airflow/example_dags/example_dataset_alias_with_no_taskflow.py took 0.105 seconds
[2025-03-21T19:32:17.108+0500] {processor.py:186} INFO - Started process (PID=142484) to work on /home/ruslan/.local/lib/python3.10/site-packages/airflow/example_dags/example_dataset_alias_with_no_taskflow.py
[2025-03-21T19:32:17.109+0500] {processor.py:914} INFO - Processing file /home/ruslan/.local/lib/python3.10/site-packages/airflow/example_dags/example_dataset_alias_with_no_taskflow.py for tasks to queue
[2025-03-21T19:32:17.110+0500] {logging_mixin.py:190} INFO - [2025-03-21T19:32:17.110+0500] {dagbag.py:588} INFO - Filling up the DagBag from /home/ruslan/.local/lib/python3.10/site-packages/airflow/example_dags/example_dataset_alias_with_no_taskflow.py
[2025-03-21T19:32:17.123+0500] {processor.py:925} INFO - DAG(s) 'dataset_alias_example_alias_producer_with_no_taskflow', 'dataset_s3_bucket_producer_with_no_taskflow', 'dataset_s3_bucket_consumer_with_no_taskflow', 'dataset_alias_example_alias_consumer_with_no_taskflow' retrieved from /home/ruslan/.local/lib/python3.10/site-packages/airflow/example_dags/example_dataset_alias_with_no_taskflow.py
[2025-03-21T19:32:17.134+0500] {logging_mixin.py:190} INFO - [2025-03-21T19:32:17.134+0500] {dag.py:3239} INFO - Sync 4 DAGs
[2025-03-21T19:32:17.147+0500] {logging_mixin.py:190} INFO - [2025-03-21T19:32:17.147+0500] {dag.py:4180} INFO - Setting next_dagrun for dataset_alias_example_alias_consumer_with_no_taskflow to None, run_after=None
[2025-03-21T19:32:17.148+0500] {logging_mixin.py:190} INFO - [2025-03-21T19:32:17.148+0500] {dag.py:4180} INFO - Setting next_dagrun for dataset_alias_example_alias_producer_with_no_taskflow to None, run_after=None
[2025-03-21T19:32:17.149+0500] {logging_mixin.py:190} INFO - [2025-03-21T19:32:17.149+0500] {dag.py:4180} INFO - Setting next_dagrun for dataset_s3_bucket_consumer_with_no_taskflow to None, run_after=None
[2025-03-21T19:32:17.150+0500] {logging_mixin.py:190} INFO - [2025-03-21T19:32:17.149+0500] {dag.py:4180} INFO - Setting next_dagrun for dataset_s3_bucket_producer_with_no_taskflow to None, run_after=None
[2025-03-21T19:32:17.166+0500] {processor.py:208} INFO - Processing /home/ruslan/.local/lib/python3.10/site-packages/airflow/example_dags/example_dataset_alias_with_no_taskflow.py took 0.062 seconds
[2025-03-21T19:33:08.214+0500] {processor.py:186} INFO - Started process (PID=153634) to work on /home/ruslan/.local/lib/python3.10/site-packages/airflow/example_dags/example_dataset_alias_with_no_taskflow.py
[2025-03-21T19:33:08.215+0500] {processor.py:914} INFO - Processing file /home/ruslan/.local/lib/python3.10/site-packages/airflow/example_dags/example_dataset_alias_with_no_taskflow.py for tasks to queue
[2025-03-21T19:33:08.216+0500] {logging_mixin.py:190} INFO - [2025-03-21T19:33:08.216+0500] {dagbag.py:588} INFO - Filling up the DagBag from /home/ruslan/.local/lib/python3.10/site-packages/airflow/example_dags/example_dataset_alias_with_no_taskflow.py
[2025-03-21T19:33:08.230+0500] {processor.py:925} INFO - DAG(s) 'dataset_alias_example_alias_consumer_with_no_taskflow', 'dataset_alias_example_alias_producer_with_no_taskflow', 'dataset_s3_bucket_producer_with_no_taskflow', 'dataset_s3_bucket_consumer_with_no_taskflow' retrieved from /home/ruslan/.local/lib/python3.10/site-packages/airflow/example_dags/example_dataset_alias_with_no_taskflow.py
[2025-03-21T19:33:08.244+0500] {logging_mixin.py:190} INFO - [2025-03-21T19:33:08.244+0500] {dag.py:3239} INFO - Sync 4 DAGs
[2025-03-21T19:33:08.256+0500] {logging_mixin.py:190} INFO - [2025-03-21T19:33:08.256+0500] {dag.py:4180} INFO - Setting next_dagrun for dataset_alias_example_alias_consumer_with_no_taskflow to None, run_after=None
[2025-03-21T19:33:08.257+0500] {logging_mixin.py:190} INFO - [2025-03-21T19:33:08.257+0500] {dag.py:4180} INFO - Setting next_dagrun for dataset_alias_example_alias_producer_with_no_taskflow to None, run_after=None
[2025-03-21T19:33:08.258+0500] {logging_mixin.py:190} INFO - [2025-03-21T19:33:08.258+0500] {dag.py:4180} INFO - Setting next_dagrun for dataset_s3_bucket_consumer_with_no_taskflow to None, run_after=None
[2025-03-21T19:33:08.258+0500] {logging_mixin.py:190} INFO - [2025-03-21T19:33:08.258+0500] {dag.py:4180} INFO - Setting next_dagrun for dataset_s3_bucket_producer_with_no_taskflow to None, run_after=None
[2025-03-21T19:33:08.276+0500] {processor.py:208} INFO - Processing /home/ruslan/.local/lib/python3.10/site-packages/airflow/example_dags/example_dataset_alias_with_no_taskflow.py took 0.067 seconds
[2025-03-21T19:34:02.308+0500] {processor.py:186} INFO - Started process (PID=154160) to work on /home/ruslan/.local/lib/python3.10/site-packages/airflow/example_dags/example_dataset_alias_with_no_taskflow.py
[2025-03-21T19:34:02.309+0500] {processor.py:914} INFO - Processing file /home/ruslan/.local/lib/python3.10/site-packages/airflow/example_dags/example_dataset_alias_with_no_taskflow.py for tasks to queue
[2025-03-21T19:34:02.311+0500] {logging_mixin.py:190} INFO - [2025-03-21T19:34:02.310+0500] {dagbag.py:588} INFO - Filling up the DagBag from /home/ruslan/.local/lib/python3.10/site-packages/airflow/example_dags/example_dataset_alias_with_no_taskflow.py
[2025-03-21T19:34:02.324+0500] {processor.py:925} INFO - DAG(s) 'dataset_s3_bucket_consumer_with_no_taskflow', 'dataset_s3_bucket_producer_with_no_taskflow', 'dataset_alias_example_alias_consumer_with_no_taskflow', 'dataset_alias_example_alias_producer_with_no_taskflow' retrieved from /home/ruslan/.local/lib/python3.10/site-packages/airflow/example_dags/example_dataset_alias_with_no_taskflow.py
[2025-03-21T19:34:02.336+0500] {logging_mixin.py:190} INFO - [2025-03-21T19:34:02.336+0500] {dag.py:3239} INFO - Sync 4 DAGs
[2025-03-21T19:34:02.348+0500] {logging_mixin.py:190} INFO - [2025-03-21T19:34:02.348+0500] {dag.py:4180} INFO - Setting next_dagrun for dataset_alias_example_alias_consumer_with_no_taskflow to None, run_after=None
[2025-03-21T19:34:02.350+0500] {logging_mixin.py:190} INFO - [2025-03-21T19:34:02.350+0500] {dag.py:4180} INFO - Setting next_dagrun for dataset_alias_example_alias_producer_with_no_taskflow to None, run_after=None
[2025-03-21T19:34:02.350+0500] {logging_mixin.py:190} INFO - [2025-03-21T19:34:02.350+0500] {dag.py:4180} INFO - Setting next_dagrun for dataset_s3_bucket_consumer_with_no_taskflow to None, run_after=None
[2025-03-21T19:34:02.351+0500] {logging_mixin.py:190} INFO - [2025-03-21T19:34:02.351+0500] {dag.py:4180} INFO - Setting next_dagrun for dataset_s3_bucket_producer_with_no_taskflow to None, run_after=None
[2025-03-21T19:34:02.367+0500] {processor.py:208} INFO - Processing /home/ruslan/.local/lib/python3.10/site-packages/airflow/example_dags/example_dataset_alias_with_no_taskflow.py took 0.063 seconds
[2025-03-21T19:34:55.794+0500] {processor.py:186} INFO - Started process (PID=154467) to work on /home/ruslan/.local/lib/python3.10/site-packages/airflow/example_dags/example_dataset_alias_with_no_taskflow.py
[2025-03-21T19:34:55.795+0500] {processor.py:914} INFO - Processing file /home/ruslan/.local/lib/python3.10/site-packages/airflow/example_dags/example_dataset_alias_with_no_taskflow.py for tasks to queue
[2025-03-21T19:34:55.797+0500] {logging_mixin.py:190} INFO - [2025-03-21T19:34:55.796+0500] {dagbag.py:588} INFO - Filling up the DagBag from /home/ruslan/.local/lib/python3.10/site-packages/airflow/example_dags/example_dataset_alias_with_no_taskflow.py
[2025-03-21T19:34:55.809+0500] {processor.py:925} INFO - DAG(s) 'dataset_alias_example_alias_producer_with_no_taskflow', 'dataset_s3_bucket_consumer_with_no_taskflow', 'dataset_alias_example_alias_consumer_with_no_taskflow', 'dataset_s3_bucket_producer_with_no_taskflow' retrieved from /home/ruslan/.local/lib/python3.10/site-packages/airflow/example_dags/example_dataset_alias_with_no_taskflow.py
[2025-03-21T19:34:55.821+0500] {logging_mixin.py:190} INFO - [2025-03-21T19:34:55.821+0500] {dag.py:3239} INFO - Sync 4 DAGs
[2025-03-21T19:34:55.833+0500] {logging_mixin.py:190} INFO - [2025-03-21T19:34:55.833+0500] {dag.py:4180} INFO - Setting next_dagrun for dataset_alias_example_alias_consumer_with_no_taskflow to None, run_after=None
[2025-03-21T19:34:55.834+0500] {logging_mixin.py:190} INFO - [2025-03-21T19:34:55.834+0500] {dag.py:4180} INFO - Setting next_dagrun for dataset_alias_example_alias_producer_with_no_taskflow to None, run_after=None
[2025-03-21T19:34:55.835+0500] {logging_mixin.py:190} INFO - [2025-03-21T19:34:55.835+0500] {dag.py:4180} INFO - Setting next_dagrun for dataset_s3_bucket_consumer_with_no_taskflow to None, run_after=None
[2025-03-21T19:34:55.835+0500] {logging_mixin.py:190} INFO - [2025-03-21T19:34:55.835+0500] {dag.py:4180} INFO - Setting next_dagrun for dataset_s3_bucket_producer_with_no_taskflow to None, run_after=None
[2025-03-21T19:34:55.853+0500] {processor.py:208} INFO - Processing /home/ruslan/.local/lib/python3.10/site-packages/airflow/example_dags/example_dataset_alias_with_no_taskflow.py took 0.063 seconds
[2025-03-21T19:35:46.542+0500] {processor.py:186} INFO - Started process (PID=154721) to work on /home/ruslan/.local/lib/python3.10/site-packages/airflow/example_dags/example_dataset_alias_with_no_taskflow.py
[2025-03-21T19:35:46.543+0500] {processor.py:914} INFO - Processing file /home/ruslan/.local/lib/python3.10/site-packages/airflow/example_dags/example_dataset_alias_with_no_taskflow.py for tasks to queue
[2025-03-21T19:35:46.545+0500] {logging_mixin.py:190} INFO - [2025-03-21T19:35:46.544+0500] {dagbag.py:588} INFO - Filling up the DagBag from /home/ruslan/.local/lib/python3.10/site-packages/airflow/example_dags/example_dataset_alias_with_no_taskflow.py
[2025-03-21T19:35:46.557+0500] {processor.py:925} INFO - DAG(s) 'dataset_s3_bucket_producer_with_no_taskflow', 'dataset_alias_example_alias_consumer_with_no_taskflow', 'dataset_alias_example_alias_producer_with_no_taskflow', 'dataset_s3_bucket_consumer_with_no_taskflow' retrieved from /home/ruslan/.local/lib/python3.10/site-packages/airflow/example_dags/example_dataset_alias_with_no_taskflow.py
[2025-03-21T19:35:46.569+0500] {logging_mixin.py:190} INFO - [2025-03-21T19:35:46.569+0500] {dag.py:3239} INFO - Sync 4 DAGs
[2025-03-21T19:35:46.581+0500] {logging_mixin.py:190} INFO - [2025-03-21T19:35:46.581+0500] {dag.py:4180} INFO - Setting next_dagrun for dataset_alias_example_alias_consumer_with_no_taskflow to None, run_after=None
[2025-03-21T19:35:46.582+0500] {logging_mixin.py:190} INFO - [2025-03-21T19:35:46.582+0500] {dag.py:4180} INFO - Setting next_dagrun for dataset_alias_example_alias_producer_with_no_taskflow to None, run_after=None
[2025-03-21T19:35:46.583+0500] {logging_mixin.py:190} INFO - [2025-03-21T19:35:46.583+0500] {dag.py:4180} INFO - Setting next_dagrun for dataset_s3_bucket_consumer_with_no_taskflow to None, run_after=None
[2025-03-21T19:35:46.583+0500] {logging_mixin.py:190} INFO - [2025-03-21T19:35:46.583+0500] {dag.py:4180} INFO - Setting next_dagrun for dataset_s3_bucket_producer_with_no_taskflow to None, run_after=None
[2025-03-21T19:35:46.603+0500] {processor.py:208} INFO - Processing /home/ruslan/.local/lib/python3.10/site-packages/airflow/example_dags/example_dataset_alias_with_no_taskflow.py took 0.065 seconds
[2025-03-21T19:36:38.282+0500] {processor.py:186} INFO - Started process (PID=155200) to work on /home/ruslan/.local/lib/python3.10/site-packages/airflow/example_dags/example_dataset_alias_with_no_taskflow.py
[2025-03-21T19:36:38.283+0500] {processor.py:914} INFO - Processing file /home/ruslan/.local/lib/python3.10/site-packages/airflow/example_dags/example_dataset_alias_with_no_taskflow.py for tasks to queue
[2025-03-21T19:36:38.284+0500] {logging_mixin.py:190} INFO - [2025-03-21T19:36:38.284+0500] {dagbag.py:588} INFO - Filling up the DagBag from /home/ruslan/.local/lib/python3.10/site-packages/airflow/example_dags/example_dataset_alias_with_no_taskflow.py
[2025-03-21T19:36:38.297+0500] {processor.py:925} INFO - DAG(s) 'dataset_alias_example_alias_producer_with_no_taskflow', 'dataset_s3_bucket_producer_with_no_taskflow', 'dataset_s3_bucket_consumer_with_no_taskflow', 'dataset_alias_example_alias_consumer_with_no_taskflow' retrieved from /home/ruslan/.local/lib/python3.10/site-packages/airflow/example_dags/example_dataset_alias_with_no_taskflow.py
[2025-03-21T19:36:38.309+0500] {logging_mixin.py:190} INFO - [2025-03-21T19:36:38.309+0500] {dag.py:3239} INFO - Sync 4 DAGs
[2025-03-21T19:36:38.320+0500] {logging_mixin.py:190} INFO - [2025-03-21T19:36:38.320+0500] {dag.py:4180} INFO - Setting next_dagrun for dataset_alias_example_alias_consumer_with_no_taskflow to None, run_after=None
[2025-03-21T19:36:38.322+0500] {logging_mixin.py:190} INFO - [2025-03-21T19:36:38.322+0500] {dag.py:4180} INFO - Setting next_dagrun for dataset_alias_example_alias_producer_with_no_taskflow to None, run_after=None
[2025-03-21T19:36:38.322+0500] {logging_mixin.py:190} INFO - [2025-03-21T19:36:38.322+0500] {dag.py:4180} INFO - Setting next_dagrun for dataset_s3_bucket_consumer_with_no_taskflow to None, run_after=None
[2025-03-21T19:36:38.323+0500] {logging_mixin.py:190} INFO - [2025-03-21T19:36:38.323+0500] {dag.py:4180} INFO - Setting next_dagrun for dataset_s3_bucket_producer_with_no_taskflow to None, run_after=None
[2025-03-21T19:36:38.340+0500] {processor.py:208} INFO - Processing /home/ruslan/.local/lib/python3.10/site-packages/airflow/example_dags/example_dataset_alias_with_no_taskflow.py took 0.062 seconds
[2025-03-21T19:37:28.472+0500] {processor.py:186} INFO - Started process (PID=155485) to work on /home/ruslan/.local/lib/python3.10/site-packages/airflow/example_dags/example_dataset_alias_with_no_taskflow.py
[2025-03-21T19:37:28.473+0500] {processor.py:914} INFO - Processing file /home/ruslan/.local/lib/python3.10/site-packages/airflow/example_dags/example_dataset_alias_with_no_taskflow.py for tasks to queue
[2025-03-21T19:37:28.474+0500] {logging_mixin.py:190} INFO - [2025-03-21T19:37:28.474+0500] {dagbag.py:588} INFO - Filling up the DagBag from /home/ruslan/.local/lib/python3.10/site-packages/airflow/example_dags/example_dataset_alias_with_no_taskflow.py
[2025-03-21T19:37:28.487+0500] {processor.py:925} INFO - DAG(s) 'dataset_s3_bucket_consumer_with_no_taskflow', 'dataset_alias_example_alias_consumer_with_no_taskflow', 'dataset_alias_example_alias_producer_with_no_taskflow', 'dataset_s3_bucket_producer_with_no_taskflow' retrieved from /home/ruslan/.local/lib/python3.10/site-packages/airflow/example_dags/example_dataset_alias_with_no_taskflow.py
[2025-03-21T19:37:28.498+0500] {logging_mixin.py:190} INFO - [2025-03-21T19:37:28.498+0500] {dag.py:3239} INFO - Sync 4 DAGs
[2025-03-21T19:37:28.511+0500] {logging_mixin.py:190} INFO - [2025-03-21T19:37:28.510+0500] {dag.py:4180} INFO - Setting next_dagrun for dataset_alias_example_alias_consumer_with_no_taskflow to None, run_after=None
[2025-03-21T19:37:28.512+0500] {logging_mixin.py:190} INFO - [2025-03-21T19:37:28.512+0500] {dag.py:4180} INFO - Setting next_dagrun for dataset_alias_example_alias_producer_with_no_taskflow to None, run_after=None
[2025-03-21T19:37:28.514+0500] {logging_mixin.py:190} INFO - [2025-03-21T19:37:28.513+0500] {dag.py:4180} INFO - Setting next_dagrun for dataset_s3_bucket_consumer_with_no_taskflow to None, run_after=None
[2025-03-21T19:37:28.515+0500] {logging_mixin.py:190} INFO - [2025-03-21T19:37:28.514+0500] {dag.py:4180} INFO - Setting next_dagrun for dataset_s3_bucket_producer_with_no_taskflow to None, run_after=None
[2025-03-21T19:37:28.533+0500] {processor.py:208} INFO - Processing /home/ruslan/.local/lib/python3.10/site-packages/airflow/example_dags/example_dataset_alias_with_no_taskflow.py took 0.065 seconds
[2025-03-21T19:38:20.575+0500] {processor.py:186} INFO - Started process (PID=155973) to work on /home/ruslan/.local/lib/python3.10/site-packages/airflow/example_dags/example_dataset_alias_with_no_taskflow.py
[2025-03-21T19:38:20.575+0500] {processor.py:914} INFO - Processing file /home/ruslan/.local/lib/python3.10/site-packages/airflow/example_dags/example_dataset_alias_with_no_taskflow.py for tasks to queue
[2025-03-21T19:38:20.576+0500] {logging_mixin.py:190} INFO - [2025-03-21T19:38:20.576+0500] {dagbag.py:588} INFO - Filling up the DagBag from /home/ruslan/.local/lib/python3.10/site-packages/airflow/example_dags/example_dataset_alias_with_no_taskflow.py
[2025-03-21T19:38:20.591+0500] {processor.py:925} INFO - DAG(s) 'dataset_s3_bucket_producer_with_no_taskflow', 'dataset_alias_example_alias_consumer_with_no_taskflow', 'dataset_s3_bucket_consumer_with_no_taskflow', 'dataset_alias_example_alias_producer_with_no_taskflow' retrieved from /home/ruslan/.local/lib/python3.10/site-packages/airflow/example_dags/example_dataset_alias_with_no_taskflow.py
[2025-03-21T19:38:20.604+0500] {logging_mixin.py:190} INFO - [2025-03-21T19:38:20.604+0500] {dag.py:3239} INFO - Sync 4 DAGs
[2025-03-21T19:38:20.617+0500] {logging_mixin.py:190} INFO - [2025-03-21T19:38:20.617+0500] {dag.py:4180} INFO - Setting next_dagrun for dataset_alias_example_alias_consumer_with_no_taskflow to None, run_after=None
[2025-03-21T19:38:20.618+0500] {logging_mixin.py:190} INFO - [2025-03-21T19:38:20.618+0500] {dag.py:4180} INFO - Setting next_dagrun for dataset_alias_example_alias_producer_with_no_taskflow to None, run_after=None
[2025-03-21T19:38:20.619+0500] {logging_mixin.py:190} INFO - [2025-03-21T19:38:20.619+0500] {dag.py:4180} INFO - Setting next_dagrun for dataset_s3_bucket_consumer_with_no_taskflow to None, run_after=None
[2025-03-21T19:38:20.619+0500] {logging_mixin.py:190} INFO - [2025-03-21T19:38:20.619+0500] {dag.py:4180} INFO - Setting next_dagrun for dataset_s3_bucket_producer_with_no_taskflow to None, run_after=None
[2025-03-21T19:38:20.637+0500] {processor.py:208} INFO - Processing /home/ruslan/.local/lib/python3.10/site-packages/airflow/example_dags/example_dataset_alias_with_no_taskflow.py took 0.067 seconds
[2025-03-21T19:39:12.134+0500] {processor.py:186} INFO - Started process (PID=156571) to work on /home/ruslan/.local/lib/python3.10/site-packages/airflow/example_dags/example_dataset_alias_with_no_taskflow.py
[2025-03-21T19:39:12.135+0500] {processor.py:914} INFO - Processing file /home/ruslan/.local/lib/python3.10/site-packages/airflow/example_dags/example_dataset_alias_with_no_taskflow.py for tasks to queue
[2025-03-21T19:39:12.136+0500] {logging_mixin.py:190} INFO - [2025-03-21T19:39:12.136+0500] {dagbag.py:588} INFO - Filling up the DagBag from /home/ruslan/.local/lib/python3.10/site-packages/airflow/example_dags/example_dataset_alias_with_no_taskflow.py
[2025-03-21T19:39:12.149+0500] {processor.py:925} INFO - DAG(s) 'dataset_s3_bucket_producer_with_no_taskflow', 'dataset_s3_bucket_consumer_with_no_taskflow', 'dataset_alias_example_alias_producer_with_no_taskflow', 'dataset_alias_example_alias_consumer_with_no_taskflow' retrieved from /home/ruslan/.local/lib/python3.10/site-packages/airflow/example_dags/example_dataset_alias_with_no_taskflow.py
[2025-03-21T19:39:12.162+0500] {logging_mixin.py:190} INFO - [2025-03-21T19:39:12.162+0500] {dag.py:3239} INFO - Sync 4 DAGs
[2025-03-21T19:39:12.174+0500] {logging_mixin.py:190} INFO - [2025-03-21T19:39:12.174+0500] {dag.py:4180} INFO - Setting next_dagrun for dataset_alias_example_alias_consumer_with_no_taskflow to None, run_after=None
[2025-03-21T19:39:12.175+0500] {logging_mixin.py:190} INFO - [2025-03-21T19:39:12.175+0500] {dag.py:4180} INFO - Setting next_dagrun for dataset_alias_example_alias_producer_with_no_taskflow to None, run_after=None
[2025-03-21T19:39:12.176+0500] {logging_mixin.py:190} INFO - [2025-03-21T19:39:12.176+0500] {dag.py:4180} INFO - Setting next_dagrun for dataset_s3_bucket_consumer_with_no_taskflow to None, run_after=None
[2025-03-21T19:39:12.176+0500] {logging_mixin.py:190} INFO - [2025-03-21T19:39:12.176+0500] {dag.py:4180} INFO - Setting next_dagrun for dataset_s3_bucket_producer_with_no_taskflow to None, run_after=None
[2025-03-21T19:39:12.194+0500] {processor.py:208} INFO - Processing /home/ruslan/.local/lib/python3.10/site-packages/airflow/example_dags/example_dataset_alias_with_no_taskflow.py took 0.064 seconds
[2025-03-21T19:40:04.508+0500] {processor.py:186} INFO - Started process (PID=156836) to work on /home/ruslan/.local/lib/python3.10/site-packages/airflow/example_dags/example_dataset_alias_with_no_taskflow.py
[2025-03-21T19:40:04.509+0500] {processor.py:914} INFO - Processing file /home/ruslan/.local/lib/python3.10/site-packages/airflow/example_dags/example_dataset_alias_with_no_taskflow.py for tasks to queue
[2025-03-21T19:40:04.510+0500] {logging_mixin.py:190} INFO - [2025-03-21T19:40:04.510+0500] {dagbag.py:588} INFO - Filling up the DagBag from /home/ruslan/.local/lib/python3.10/site-packages/airflow/example_dags/example_dataset_alias_with_no_taskflow.py
[2025-03-21T19:40:04.524+0500] {processor.py:925} INFO - DAG(s) 'dataset_s3_bucket_producer_with_no_taskflow', 'dataset_alias_example_alias_producer_with_no_taskflow', 'dataset_alias_example_alias_consumer_with_no_taskflow', 'dataset_s3_bucket_consumer_with_no_taskflow' retrieved from /home/ruslan/.local/lib/python3.10/site-packages/airflow/example_dags/example_dataset_alias_with_no_taskflow.py
[2025-03-21T19:40:04.536+0500] {logging_mixin.py:190} INFO - [2025-03-21T19:40:04.536+0500] {dag.py:3239} INFO - Sync 4 DAGs
[2025-03-21T19:40:04.549+0500] {logging_mixin.py:190} INFO - [2025-03-21T19:40:04.549+0500] {dag.py:4180} INFO - Setting next_dagrun for dataset_alias_example_alias_consumer_with_no_taskflow to None, run_after=None
[2025-03-21T19:40:04.551+0500] {logging_mixin.py:190} INFO - [2025-03-21T19:40:04.550+0500] {dag.py:4180} INFO - Setting next_dagrun for dataset_alias_example_alias_producer_with_no_taskflow to None, run_after=None
[2025-03-21T19:40:04.551+0500] {logging_mixin.py:190} INFO - [2025-03-21T19:40:04.551+0500] {dag.py:4180} INFO - Setting next_dagrun for dataset_s3_bucket_consumer_with_no_taskflow to None, run_after=None
[2025-03-21T19:40:04.552+0500] {logging_mixin.py:190} INFO - [2025-03-21T19:40:04.552+0500] {dag.py:4180} INFO - Setting next_dagrun for dataset_s3_bucket_producer_with_no_taskflow to None, run_after=None
[2025-03-21T19:40:04.569+0500] {processor.py:208} INFO - Processing /home/ruslan/.local/lib/python3.10/site-packages/airflow/example_dags/example_dataset_alias_with_no_taskflow.py took 0.064 seconds
[2025-03-21T19:40:58.082+0500] {processor.py:186} INFO - Started process (PID=157334) to work on /home/ruslan/.local/lib/python3.10/site-packages/airflow/example_dags/example_dataset_alias_with_no_taskflow.py
[2025-03-21T19:40:58.083+0500] {processor.py:914} INFO - Processing file /home/ruslan/.local/lib/python3.10/site-packages/airflow/example_dags/example_dataset_alias_with_no_taskflow.py for tasks to queue
[2025-03-21T19:40:58.084+0500] {logging_mixin.py:190} INFO - [2025-03-21T19:40:58.084+0500] {dagbag.py:588} INFO - Filling up the DagBag from /home/ruslan/.local/lib/python3.10/site-packages/airflow/example_dags/example_dataset_alias_with_no_taskflow.py
[2025-03-21T19:40:58.097+0500] {processor.py:925} INFO - DAG(s) 'dataset_s3_bucket_producer_with_no_taskflow', 'dataset_alias_example_alias_consumer_with_no_taskflow', 'dataset_alias_example_alias_producer_with_no_taskflow', 'dataset_s3_bucket_consumer_with_no_taskflow' retrieved from /home/ruslan/.local/lib/python3.10/site-packages/airflow/example_dags/example_dataset_alias_with_no_taskflow.py
[2025-03-21T19:40:58.108+0500] {logging_mixin.py:190} INFO - [2025-03-21T19:40:58.108+0500] {dag.py:3239} INFO - Sync 4 DAGs
[2025-03-21T19:40:58.120+0500] {logging_mixin.py:190} INFO - [2025-03-21T19:40:58.120+0500] {dag.py:4180} INFO - Setting next_dagrun for dataset_alias_example_alias_consumer_with_no_taskflow to None, run_after=None
[2025-03-21T19:40:58.122+0500] {logging_mixin.py:190} INFO - [2025-03-21T19:40:58.121+0500] {dag.py:4180} INFO - Setting next_dagrun for dataset_alias_example_alias_producer_with_no_taskflow to None, run_after=None
[2025-03-21T19:40:58.123+0500] {logging_mixin.py:190} INFO - [2025-03-21T19:40:58.123+0500] {dag.py:4180} INFO - Setting next_dagrun for dataset_s3_bucket_consumer_with_no_taskflow to None, run_after=None
[2025-03-21T19:40:58.124+0500] {logging_mixin.py:190} INFO - [2025-03-21T19:40:58.124+0500] {dag.py:4180} INFO - Setting next_dagrun for dataset_s3_bucket_producer_with_no_taskflow to None, run_after=None
[2025-03-21T19:40:58.141+0500] {processor.py:208} INFO - Processing /home/ruslan/.local/lib/python3.10/site-packages/airflow/example_dags/example_dataset_alias_with_no_taskflow.py took 0.062 seconds
[2025-03-21T19:41:52.213+0500] {processor.py:186} INFO - Started process (PID=157987) to work on /home/ruslan/.local/lib/python3.10/site-packages/airflow/example_dags/example_dataset_alias_with_no_taskflow.py
[2025-03-21T19:41:52.214+0500] {processor.py:914} INFO - Processing file /home/ruslan/.local/lib/python3.10/site-packages/airflow/example_dags/example_dataset_alias_with_no_taskflow.py for tasks to queue
[2025-03-21T19:41:52.215+0500] {logging_mixin.py:190} INFO - [2025-03-21T19:41:52.215+0500] {dagbag.py:588} INFO - Filling up the DagBag from /home/ruslan/.local/lib/python3.10/site-packages/airflow/example_dags/example_dataset_alias_with_no_taskflow.py
[2025-03-21T19:41:52.228+0500] {processor.py:925} INFO - DAG(s) 'dataset_alias_example_alias_producer_with_no_taskflow', 'dataset_s3_bucket_producer_with_no_taskflow', 'dataset_s3_bucket_consumer_with_no_taskflow', 'dataset_alias_example_alias_consumer_with_no_taskflow' retrieved from /home/ruslan/.local/lib/python3.10/site-packages/airflow/example_dags/example_dataset_alias_with_no_taskflow.py
[2025-03-21T19:41:52.239+0500] {logging_mixin.py:190} INFO - [2025-03-21T19:41:52.239+0500] {dag.py:3239} INFO - Sync 4 DAGs
[2025-03-21T19:41:52.250+0500] {logging_mixin.py:190} INFO - [2025-03-21T19:41:52.250+0500] {dag.py:4180} INFO - Setting next_dagrun for dataset_alias_example_alias_consumer_with_no_taskflow to None, run_after=None
[2025-03-21T19:41:52.251+0500] {logging_mixin.py:190} INFO - [2025-03-21T19:41:52.251+0500] {dag.py:4180} INFO - Setting next_dagrun for dataset_alias_example_alias_producer_with_no_taskflow to None, run_after=None
[2025-03-21T19:41:52.252+0500] {logging_mixin.py:190} INFO - [2025-03-21T19:41:52.252+0500] {dag.py:4180} INFO - Setting next_dagrun for dataset_s3_bucket_consumer_with_no_taskflow to None, run_after=None
[2025-03-21T19:41:52.253+0500] {logging_mixin.py:190} INFO - [2025-03-21T19:41:52.252+0500] {dag.py:4180} INFO - Setting next_dagrun for dataset_s3_bucket_producer_with_no_taskflow to None, run_after=None
[2025-03-21T19:41:52.268+0500] {processor.py:208} INFO - Processing /home/ruslan/.local/lib/python3.10/site-packages/airflow/example_dags/example_dataset_alias_with_no_taskflow.py took 0.059 seconds
[2025-03-21T19:42:44.688+0500] {processor.py:186} INFO - Started process (PID=158493) to work on /home/ruslan/.local/lib/python3.10/site-packages/airflow/example_dags/example_dataset_alias_with_no_taskflow.py
[2025-03-21T19:42:44.689+0500] {processor.py:914} INFO - Processing file /home/ruslan/.local/lib/python3.10/site-packages/airflow/example_dags/example_dataset_alias_with_no_taskflow.py for tasks to queue
[2025-03-21T19:42:44.690+0500] {logging_mixin.py:190} INFO - [2025-03-21T19:42:44.690+0500] {dagbag.py:588} INFO - Filling up the DagBag from /home/ruslan/.local/lib/python3.10/site-packages/airflow/example_dags/example_dataset_alias_with_no_taskflow.py
[2025-03-21T19:42:44.703+0500] {processor.py:925} INFO - DAG(s) 'dataset_s3_bucket_consumer_with_no_taskflow', 'dataset_s3_bucket_producer_with_no_taskflow', 'dataset_alias_example_alias_consumer_with_no_taskflow', 'dataset_alias_example_alias_producer_with_no_taskflow' retrieved from /home/ruslan/.local/lib/python3.10/site-packages/airflow/example_dags/example_dataset_alias_with_no_taskflow.py
[2025-03-21T19:42:44.715+0500] {logging_mixin.py:190} INFO - [2025-03-21T19:42:44.715+0500] {dag.py:3239} INFO - Sync 4 DAGs
[2025-03-21T19:42:44.729+0500] {logging_mixin.py:190} INFO - [2025-03-21T19:42:44.729+0500] {dag.py:4180} INFO - Setting next_dagrun for dataset_alias_example_alias_consumer_with_no_taskflow to None, run_after=None
[2025-03-21T19:42:44.730+0500] {logging_mixin.py:190} INFO - [2025-03-21T19:42:44.730+0500] {dag.py:4180} INFO - Setting next_dagrun for dataset_alias_example_alias_producer_with_no_taskflow to None, run_after=None
[2025-03-21T19:42:44.731+0500] {logging_mixin.py:190} INFO - [2025-03-21T19:42:44.731+0500] {dag.py:4180} INFO - Setting next_dagrun for dataset_s3_bucket_consumer_with_no_taskflow to None, run_after=None
[2025-03-21T19:42:44.732+0500] {logging_mixin.py:190} INFO - [2025-03-21T19:42:44.732+0500] {dag.py:4180} INFO - Setting next_dagrun for dataset_s3_bucket_producer_with_no_taskflow to None, run_after=None
[2025-03-21T19:42:44.751+0500] {processor.py:208} INFO - Processing /home/ruslan/.local/lib/python3.10/site-packages/airflow/example_dags/example_dataset_alias_with_no_taskflow.py took 0.066 seconds
[2025-03-21T19:43:41.030+0500] {processor.py:186} INFO - Started process (PID=159138) to work on /home/ruslan/.local/lib/python3.10/site-packages/airflow/example_dags/example_dataset_alias_with_no_taskflow.py
[2025-03-21T19:43:41.031+0500] {processor.py:914} INFO - Processing file /home/ruslan/.local/lib/python3.10/site-packages/airflow/example_dags/example_dataset_alias_with_no_taskflow.py for tasks to queue
[2025-03-21T19:43:41.032+0500] {logging_mixin.py:190} INFO - [2025-03-21T19:43:41.031+0500] {dagbag.py:588} INFO - Filling up the DagBag from /home/ruslan/.local/lib/python3.10/site-packages/airflow/example_dags/example_dataset_alias_with_no_taskflow.py
[2025-03-21T19:43:41.044+0500] {processor.py:925} INFO - DAG(s) 'dataset_s3_bucket_consumer_with_no_taskflow', 'dataset_alias_example_alias_producer_with_no_taskflow', 'dataset_s3_bucket_producer_with_no_taskflow', 'dataset_alias_example_alias_consumer_with_no_taskflow' retrieved from /home/ruslan/.local/lib/python3.10/site-packages/airflow/example_dags/example_dataset_alias_with_no_taskflow.py
[2025-03-21T19:43:41.054+0500] {logging_mixin.py:190} INFO - [2025-03-21T19:43:41.054+0500] {dag.py:3239} INFO - Sync 4 DAGs
[2025-03-21T19:43:41.066+0500] {logging_mixin.py:190} INFO - [2025-03-21T19:43:41.065+0500] {dag.py:4180} INFO - Setting next_dagrun for dataset_alias_example_alias_consumer_with_no_taskflow to None, run_after=None
[2025-03-21T19:43:41.067+0500] {logging_mixin.py:190} INFO - [2025-03-21T19:43:41.067+0500] {dag.py:4180} INFO - Setting next_dagrun for dataset_alias_example_alias_producer_with_no_taskflow to None, run_after=None
[2025-03-21T19:43:41.067+0500] {logging_mixin.py:190} INFO - [2025-03-21T19:43:41.067+0500] {dag.py:4180} INFO - Setting next_dagrun for dataset_s3_bucket_consumer_with_no_taskflow to None, run_after=None
[2025-03-21T19:43:41.068+0500] {logging_mixin.py:190} INFO - [2025-03-21T19:43:41.068+0500] {dag.py:4180} INFO - Setting next_dagrun for dataset_s3_bucket_producer_with_no_taskflow to None, run_after=None
[2025-03-21T19:43:41.085+0500] {processor.py:208} INFO - Processing /home/ruslan/.local/lib/python3.10/site-packages/airflow/example_dags/example_dataset_alias_with_no_taskflow.py took 0.059 seconds
[2025-03-21T19:44:32.861+0500] {processor.py:186} INFO - Started process (PID=159704) to work on /home/ruslan/.local/lib/python3.10/site-packages/airflow/example_dags/example_dataset_alias_with_no_taskflow.py
[2025-03-21T19:44:32.862+0500] {processor.py:914} INFO - Processing file /home/ruslan/.local/lib/python3.10/site-packages/airflow/example_dags/example_dataset_alias_with_no_taskflow.py for tasks to queue
[2025-03-21T19:44:32.862+0500] {logging_mixin.py:190} INFO - [2025-03-21T19:44:32.862+0500] {dagbag.py:588} INFO - Filling up the DagBag from /home/ruslan/.local/lib/python3.10/site-packages/airflow/example_dags/example_dataset_alias_with_no_taskflow.py
[2025-03-21T19:44:32.875+0500] {processor.py:925} INFO - DAG(s) 'dataset_alias_example_alias_consumer_with_no_taskflow', 'dataset_s3_bucket_producer_with_no_taskflow', 'dataset_alias_example_alias_producer_with_no_taskflow', 'dataset_s3_bucket_consumer_with_no_taskflow' retrieved from /home/ruslan/.local/lib/python3.10/site-packages/airflow/example_dags/example_dataset_alias_with_no_taskflow.py
[2025-03-21T19:44:32.887+0500] {logging_mixin.py:190} INFO - [2025-03-21T19:44:32.887+0500] {dag.py:3239} INFO - Sync 4 DAGs
[2025-03-21T19:44:32.901+0500] {logging_mixin.py:190} INFO - [2025-03-21T19:44:32.900+0500] {dag.py:4180} INFO - Setting next_dagrun for dataset_alias_example_alias_consumer_with_no_taskflow to None, run_after=None
[2025-03-21T19:44:32.902+0500] {logging_mixin.py:190} INFO - [2025-03-21T19:44:32.902+0500] {dag.py:4180} INFO - Setting next_dagrun for dataset_alias_example_alias_producer_with_no_taskflow to None, run_after=None
[2025-03-21T19:44:32.903+0500] {logging_mixin.py:190} INFO - [2025-03-21T19:44:32.903+0500] {dag.py:4180} INFO - Setting next_dagrun for dataset_s3_bucket_consumer_with_no_taskflow to None, run_after=None
[2025-03-21T19:44:32.903+0500] {logging_mixin.py:190} INFO - [2025-03-21T19:44:32.903+0500] {dag.py:4180} INFO - Setting next_dagrun for dataset_s3_bucket_producer_with_no_taskflow to None, run_after=None
[2025-03-21T19:44:32.920+0500] {processor.py:208} INFO - Processing /home/ruslan/.local/lib/python3.10/site-packages/airflow/example_dags/example_dataset_alias_with_no_taskflow.py took 0.063 seconds
[2025-03-21T19:45:23.668+0500] {processor.py:186} INFO - Started process (PID=160290) to work on /home/ruslan/.local/lib/python3.10/site-packages/airflow/example_dags/example_dataset_alias_with_no_taskflow.py
[2025-03-21T19:45:23.669+0500] {processor.py:914} INFO - Processing file /home/ruslan/.local/lib/python3.10/site-packages/airflow/example_dags/example_dataset_alias_with_no_taskflow.py for tasks to queue
[2025-03-21T19:45:23.670+0500] {logging_mixin.py:190} INFO - [2025-03-21T19:45:23.669+0500] {dagbag.py:588} INFO - Filling up the DagBag from /home/ruslan/.local/lib/python3.10/site-packages/airflow/example_dags/example_dataset_alias_with_no_taskflow.py
[2025-03-21T19:45:23.682+0500] {processor.py:925} INFO - DAG(s) 'dataset_alias_example_alias_consumer_with_no_taskflow', 'dataset_s3_bucket_consumer_with_no_taskflow', 'dataset_alias_example_alias_producer_with_no_taskflow', 'dataset_s3_bucket_producer_with_no_taskflow' retrieved from /home/ruslan/.local/lib/python3.10/site-packages/airflow/example_dags/example_dataset_alias_with_no_taskflow.py
[2025-03-21T19:45:23.693+0500] {logging_mixin.py:190} INFO - [2025-03-21T19:45:23.693+0500] {dag.py:3239} INFO - Sync 4 DAGs
[2025-03-21T19:45:23.705+0500] {logging_mixin.py:190} INFO - [2025-03-21T19:45:23.705+0500] {dag.py:4180} INFO - Setting next_dagrun for dataset_alias_example_alias_consumer_with_no_taskflow to None, run_after=None
[2025-03-21T19:45:23.706+0500] {logging_mixin.py:190} INFO - [2025-03-21T19:45:23.706+0500] {dag.py:4180} INFO - Setting next_dagrun for dataset_alias_example_alias_producer_with_no_taskflow to None, run_after=None
[2025-03-21T19:45:23.707+0500] {logging_mixin.py:190} INFO - [2025-03-21T19:45:23.707+0500] {dag.py:4180} INFO - Setting next_dagrun for dataset_s3_bucket_consumer_with_no_taskflow to None, run_after=None
[2025-03-21T19:45:23.707+0500] {logging_mixin.py:190} INFO - [2025-03-21T19:45:23.707+0500] {dag.py:4180} INFO - Setting next_dagrun for dataset_s3_bucket_producer_with_no_taskflow to None, run_after=None
[2025-03-21T19:45:23.724+0500] {processor.py:208} INFO - Processing /home/ruslan/.local/lib/python3.10/site-packages/airflow/example_dags/example_dataset_alias_with_no_taskflow.py took 0.060 seconds
[2025-03-21T19:46:17.590+0500] {processor.py:186} INFO - Started process (PID=160833) to work on /home/ruslan/.local/lib/python3.10/site-packages/airflow/example_dags/example_dataset_alias_with_no_taskflow.py
[2025-03-21T19:46:17.591+0500] {processor.py:914} INFO - Processing file /home/ruslan/.local/lib/python3.10/site-packages/airflow/example_dags/example_dataset_alias_with_no_taskflow.py for tasks to queue
[2025-03-21T19:46:17.592+0500] {logging_mixin.py:190} INFO - [2025-03-21T19:46:17.592+0500] {dagbag.py:588} INFO - Filling up the DagBag from /home/ruslan/.local/lib/python3.10/site-packages/airflow/example_dags/example_dataset_alias_with_no_taskflow.py
[2025-03-21T19:46:17.605+0500] {processor.py:925} INFO - DAG(s) 'dataset_alias_example_alias_consumer_with_no_taskflow', 'dataset_s3_bucket_producer_with_no_taskflow', 'dataset_s3_bucket_consumer_with_no_taskflow', 'dataset_alias_example_alias_producer_with_no_taskflow' retrieved from /home/ruslan/.local/lib/python3.10/site-packages/airflow/example_dags/example_dataset_alias_with_no_taskflow.py
[2025-03-21T19:46:17.620+0500] {logging_mixin.py:190} INFO - [2025-03-21T19:46:17.620+0500] {dag.py:3239} INFO - Sync 4 DAGs
[2025-03-21T19:46:17.635+0500] {logging_mixin.py:190} INFO - [2025-03-21T19:46:17.635+0500] {dag.py:4180} INFO - Setting next_dagrun for dataset_alias_example_alias_consumer_with_no_taskflow to None, run_after=None
[2025-03-21T19:46:17.636+0500] {logging_mixin.py:190} INFO - [2025-03-21T19:46:17.636+0500] {dag.py:4180} INFO - Setting next_dagrun for dataset_alias_example_alias_producer_with_no_taskflow to None, run_after=None
[2025-03-21T19:46:17.637+0500] {logging_mixin.py:190} INFO - [2025-03-21T19:46:17.637+0500] {dag.py:4180} INFO - Setting next_dagrun for dataset_s3_bucket_consumer_with_no_taskflow to None, run_after=None
[2025-03-21T19:46:17.638+0500] {logging_mixin.py:190} INFO - [2025-03-21T19:46:17.638+0500] {dag.py:4180} INFO - Setting next_dagrun for dataset_s3_bucket_producer_with_no_taskflow to None, run_after=None
[2025-03-21T19:46:17.656+0500] {processor.py:208} INFO - Processing /home/ruslan/.local/lib/python3.10/site-packages/airflow/example_dags/example_dataset_alias_with_no_taskflow.py took 0.070 seconds
