[2025-03-21T19:27:29.232+0500] {processor.py:186} INFO - Started process (PID=141000) to work on /home/ruslan/.local/lib/python3.10/site-packages/airflow/example_dags/example_dynamic_task_mapping_with_no_taskflow_operators.py
[2025-03-21T19:27:29.232+0500] {processor.py:914} INFO - Processing file /home/ruslan/.local/lib/python3.10/site-packages/airflow/example_dags/example_dynamic_task_mapping_with_no_taskflow_operators.py for tasks to queue
[2025-03-21T19:27:29.234+0500] {logging_mixin.py:190} INFO - [2025-03-21T19:27:29.233+0500] {dagbag.py:588} INFO - Filling up the DagBag from /home/ruslan/.local/lib/python3.10/site-packages/airflow/example_dags/example_dynamic_task_mapping_with_no_taskflow_operators.py
[2025-03-21T19:27:29.239+0500] {processor.py:925} INFO - DAG(s) 'example_dynamic_task_mapping_with_no_taskflow_operators' retrieved from /home/ruslan/.local/lib/python3.10/site-packages/airflow/example_dags/example_dynamic_task_mapping_with_no_taskflow_operators.py
[2025-03-21T19:27:29.298+0500] {logging_mixin.py:190} INFO - [2025-03-21T19:27:29.297+0500] {override.py:1930} INFO - Created Permission View: can edit on DAG:example_dynamic_task_mapping_with_no_taskflow_operators
[2025-03-21T19:27:29.307+0500] {logging_mixin.py:190} INFO - [2025-03-21T19:27:29.306+0500] {override.py:1930} INFO - Created Permission View: can read on DAG:example_dynamic_task_mapping_with_no_taskflow_operators
[2025-03-21T19:27:29.314+0500] {logging_mixin.py:190} INFO - [2025-03-21T19:27:29.314+0500] {override.py:1930} INFO - Created Permission View: can delete on DAG:example_dynamic_task_mapping_with_no_taskflow_operators
[2025-03-21T19:27:29.326+0500] {logging_mixin.py:190} INFO - [2025-03-21T19:27:29.326+0500] {override.py:1930} INFO - Created Permission View: can create on DAG Run:example_dynamic_task_mapping_with_no_taskflow_operators
[2025-03-21T19:27:29.334+0500] {logging_mixin.py:190} INFO - [2025-03-21T19:27:29.333+0500] {override.py:1930} INFO - Created Permission View: can read on DAG Run:example_dynamic_task_mapping_with_no_taskflow_operators
[2025-03-21T19:27:29.341+0500] {logging_mixin.py:190} INFO - [2025-03-21T19:27:29.340+0500] {override.py:1930} INFO - Created Permission View: can delete on DAG Run:example_dynamic_task_mapping_with_no_taskflow_operators
[2025-03-21T19:27:29.347+0500] {logging_mixin.py:190} INFO - [2025-03-21T19:27:29.347+0500] {override.py:1930} INFO - Created Permission View: menu access on DAG Run:example_dynamic_task_mapping_with_no_taskflow_operators
[2025-03-21T19:27:29.348+0500] {logging_mixin.py:190} INFO - [2025-03-21T19:27:29.347+0500] {dag.py:3239} INFO - Sync 1 DAGs
[2025-03-21T19:27:29.354+0500] {logging_mixin.py:190} INFO - [2025-03-21T19:27:29.354+0500] {dag.py:3262} INFO - Creating ORM DAG for example_dynamic_task_mapping_with_no_taskflow_operators
[2025-03-21T19:27:29.354+0500] {logging_mixin.py:190} INFO - [2025-03-21T19:27:29.354+0500] {dag.py:4180} INFO - Setting next_dagrun for example_dynamic_task_mapping_with_no_taskflow_operators to None, run_after=None
[2025-03-21T19:27:29.366+0500] {processor.py:208} INFO - Processing /home/ruslan/.local/lib/python3.10/site-packages/airflow/example_dags/example_dynamic_task_mapping_with_no_taskflow_operators.py took 0.138 seconds
[2025-03-21T19:28:26.495+0500] {processor.py:186} INFO - Started process (PID=141299) to work on /home/ruslan/.local/lib/python3.10/site-packages/airflow/example_dags/example_dynamic_task_mapping_with_no_taskflow_operators.py
[2025-03-21T19:28:26.496+0500] {processor.py:914} INFO - Processing file /home/ruslan/.local/lib/python3.10/site-packages/airflow/example_dags/example_dynamic_task_mapping_with_no_taskflow_operators.py for tasks to queue
[2025-03-21T19:28:26.497+0500] {logging_mixin.py:190} INFO - [2025-03-21T19:28:26.497+0500] {dagbag.py:588} INFO - Filling up the DagBag from /home/ruslan/.local/lib/python3.10/site-packages/airflow/example_dags/example_dynamic_task_mapping_with_no_taskflow_operators.py
[2025-03-21T19:28:26.502+0500] {processor.py:925} INFO - DAG(s) 'example_dynamic_task_mapping_with_no_taskflow_operators' retrieved from /home/ruslan/.local/lib/python3.10/site-packages/airflow/example_dags/example_dynamic_task_mapping_with_no_taskflow_operators.py
[2025-03-21T19:28:26.511+0500] {logging_mixin.py:190} INFO - [2025-03-21T19:28:26.511+0500] {dag.py:3239} INFO - Sync 1 DAGs
[2025-03-21T19:28:26.518+0500] {logging_mixin.py:190} INFO - [2025-03-21T19:28:26.518+0500] {dag.py:4180} INFO - Setting next_dagrun for example_dynamic_task_mapping_with_no_taskflow_operators to None, run_after=None
[2025-03-21T19:28:26.533+0500] {processor.py:208} INFO - Processing /home/ruslan/.local/lib/python3.10/site-packages/airflow/example_dags/example_dynamic_task_mapping_with_no_taskflow_operators.py took 0.042 seconds
[2025-03-21T19:29:20.052+0500] {processor.py:186} INFO - Started process (PID=141582) to work on /home/ruslan/.local/lib/python3.10/site-packages/airflow/example_dags/example_dynamic_task_mapping_with_no_taskflow_operators.py
[2025-03-21T19:29:20.053+0500] {processor.py:914} INFO - Processing file /home/ruslan/.local/lib/python3.10/site-packages/airflow/example_dags/example_dynamic_task_mapping_with_no_taskflow_operators.py for tasks to queue
[2025-03-21T19:29:20.054+0500] {logging_mixin.py:190} INFO - [2025-03-21T19:29:20.054+0500] {dagbag.py:588} INFO - Filling up the DagBag from /home/ruslan/.local/lib/python3.10/site-packages/airflow/example_dags/example_dynamic_task_mapping_with_no_taskflow_operators.py
[2025-03-21T19:29:20.059+0500] {processor.py:925} INFO - DAG(s) 'example_dynamic_task_mapping_with_no_taskflow_operators' retrieved from /home/ruslan/.local/lib/python3.10/site-packages/airflow/example_dags/example_dynamic_task_mapping_with_no_taskflow_operators.py
[2025-03-21T19:29:20.067+0500] {logging_mixin.py:190} INFO - [2025-03-21T19:29:20.067+0500] {dag.py:3239} INFO - Sync 1 DAGs
[2025-03-21T19:29:20.074+0500] {logging_mixin.py:190} INFO - [2025-03-21T19:29:20.074+0500] {dag.py:4180} INFO - Setting next_dagrun for example_dynamic_task_mapping_with_no_taskflow_operators to None, run_after=None
[2025-03-21T19:29:20.088+0500] {processor.py:208} INFO - Processing /home/ruslan/.local/lib/python3.10/site-packages/airflow/example_dags/example_dynamic_task_mapping_with_no_taskflow_operators.py took 0.040 seconds
[2025-03-21T19:30:11.120+0500] {processor.py:186} INFO - Started process (PID=141837) to work on /home/ruslan/.local/lib/python3.10/site-packages/airflow/example_dags/example_dynamic_task_mapping_with_no_taskflow_operators.py
[2025-03-21T19:30:11.121+0500] {processor.py:914} INFO - Processing file /home/ruslan/.local/lib/python3.10/site-packages/airflow/example_dags/example_dynamic_task_mapping_with_no_taskflow_operators.py for tasks to queue
[2025-03-21T19:30:11.122+0500] {logging_mixin.py:190} INFO - [2025-03-21T19:30:11.122+0500] {dagbag.py:588} INFO - Filling up the DagBag from /home/ruslan/.local/lib/python3.10/site-packages/airflow/example_dags/example_dynamic_task_mapping_with_no_taskflow_operators.py
[2025-03-21T19:30:11.127+0500] {processor.py:925} INFO - DAG(s) 'example_dynamic_task_mapping_with_no_taskflow_operators' retrieved from /home/ruslan/.local/lib/python3.10/site-packages/airflow/example_dags/example_dynamic_task_mapping_with_no_taskflow_operators.py
[2025-03-21T19:30:11.135+0500] {logging_mixin.py:190} INFO - [2025-03-21T19:30:11.135+0500] {dag.py:3239} INFO - Sync 1 DAGs
[2025-03-21T19:30:11.143+0500] {logging_mixin.py:190} INFO - [2025-03-21T19:30:11.142+0500] {dag.py:4180} INFO - Setting next_dagrun for example_dynamic_task_mapping_with_no_taskflow_operators to None, run_after=None
[2025-03-21T19:30:11.157+0500] {processor.py:208} INFO - Processing /home/ruslan/.local/lib/python3.10/site-packages/airflow/example_dags/example_dynamic_task_mapping_with_no_taskflow_operators.py took 0.041 seconds
[2025-03-21T19:31:05.574+0500] {processor.py:186} INFO - Started process (PID=142107) to work on /home/ruslan/.local/lib/python3.10/site-packages/airflow/example_dags/example_dynamic_task_mapping_with_no_taskflow_operators.py
[2025-03-21T19:31:05.575+0500] {processor.py:914} INFO - Processing file /home/ruslan/.local/lib/python3.10/site-packages/airflow/example_dags/example_dynamic_task_mapping_with_no_taskflow_operators.py for tasks to queue
[2025-03-21T19:31:05.576+0500] {logging_mixin.py:190} INFO - [2025-03-21T19:31:05.576+0500] {dagbag.py:588} INFO - Filling up the DagBag from /home/ruslan/.local/lib/python3.10/site-packages/airflow/example_dags/example_dynamic_task_mapping_with_no_taskflow_operators.py
[2025-03-21T19:31:05.581+0500] {processor.py:925} INFO - DAG(s) 'example_dynamic_task_mapping_with_no_taskflow_operators' retrieved from /home/ruslan/.local/lib/python3.10/site-packages/airflow/example_dags/example_dynamic_task_mapping_with_no_taskflow_operators.py
[2025-03-21T19:31:05.589+0500] {logging_mixin.py:190} INFO - [2025-03-21T19:31:05.589+0500] {dag.py:3239} INFO - Sync 1 DAGs
[2025-03-21T19:31:05.595+0500] {logging_mixin.py:190} INFO - [2025-03-21T19:31:05.595+0500] {dag.py:4180} INFO - Setting next_dagrun for example_dynamic_task_mapping_with_no_taskflow_operators to None, run_after=None
[2025-03-21T19:31:05.610+0500] {processor.py:208} INFO - Processing /home/ruslan/.local/lib/python3.10/site-packages/airflow/example_dags/example_dynamic_task_mapping_with_no_taskflow_operators.py took 0.040 seconds
[2025-03-21T19:31:55.714+0500] {processor.py:186} INFO - Started process (PID=142358) to work on /home/ruslan/.local/lib/python3.10/site-packages/airflow/example_dags/example_dynamic_task_mapping_with_no_taskflow_operators.py
[2025-03-21T19:31:55.715+0500] {processor.py:914} INFO - Processing file /home/ruslan/.local/lib/python3.10/site-packages/airflow/example_dags/example_dynamic_task_mapping_with_no_taskflow_operators.py for tasks to queue
[2025-03-21T19:31:55.716+0500] {logging_mixin.py:190} INFO - [2025-03-21T19:31:55.716+0500] {dagbag.py:588} INFO - Filling up the DagBag from /home/ruslan/.local/lib/python3.10/site-packages/airflow/example_dags/example_dynamic_task_mapping_with_no_taskflow_operators.py
[2025-03-21T19:31:55.722+0500] {processor.py:925} INFO - DAG(s) 'example_dynamic_task_mapping_with_no_taskflow_operators' retrieved from /home/ruslan/.local/lib/python3.10/site-packages/airflow/example_dags/example_dynamic_task_mapping_with_no_taskflow_operators.py
[2025-03-21T19:31:55.731+0500] {logging_mixin.py:190} INFO - [2025-03-21T19:31:55.731+0500] {dag.py:3239} INFO - Sync 1 DAGs
[2025-03-21T19:31:55.739+0500] {logging_mixin.py:190} INFO - [2025-03-21T19:31:55.739+0500] {dag.py:4180} INFO - Setting next_dagrun for example_dynamic_task_mapping_with_no_taskflow_operators to None, run_after=None
[2025-03-21T19:31:55.754+0500] {processor.py:208} INFO - Processing /home/ruslan/.local/lib/python3.10/site-packages/airflow/example_dags/example_dynamic_task_mapping_with_no_taskflow_operators.py took 0.044 seconds
[2025-03-21T19:32:44.255+0500] {processor.py:186} INFO - Started process (PID=149974) to work on /home/ruslan/.local/lib/python3.10/site-packages/airflow/example_dags/example_dynamic_task_mapping_with_no_taskflow_operators.py
[2025-03-21T19:32:44.255+0500] {processor.py:914} INFO - Processing file /home/ruslan/.local/lib/python3.10/site-packages/airflow/example_dags/example_dynamic_task_mapping_with_no_taskflow_operators.py for tasks to queue
[2025-03-21T19:32:44.257+0500] {logging_mixin.py:190} INFO - [2025-03-21T19:32:44.257+0500] {dagbag.py:588} INFO - Filling up the DagBag from /home/ruslan/.local/lib/python3.10/site-packages/airflow/example_dags/example_dynamic_task_mapping_with_no_taskflow_operators.py
[2025-03-21T19:32:44.263+0500] {processor.py:925} INFO - DAG(s) 'example_dynamic_task_mapping_with_no_taskflow_operators' retrieved from /home/ruslan/.local/lib/python3.10/site-packages/airflow/example_dags/example_dynamic_task_mapping_with_no_taskflow_operators.py
[2025-03-21T19:32:44.277+0500] {logging_mixin.py:190} INFO - [2025-03-21T19:32:44.277+0500] {dag.py:3239} INFO - Sync 1 DAGs
[2025-03-21T19:32:44.288+0500] {logging_mixin.py:190} INFO - [2025-03-21T19:32:44.287+0500] {dag.py:4180} INFO - Setting next_dagrun for example_dynamic_task_mapping_with_no_taskflow_operators to None, run_after=None
[2025-03-21T19:32:44.312+0500] {processor.py:208} INFO - Processing /home/ruslan/.local/lib/python3.10/site-packages/airflow/example_dags/example_dynamic_task_mapping_with_no_taskflow_operators.py took 0.062 seconds
[2025-03-21T19:33:36.667+0500] {processor.py:186} INFO - Started process (PID=153935) to work on /home/ruslan/.local/lib/python3.10/site-packages/airflow/example_dags/example_dynamic_task_mapping_with_no_taskflow_operators.py
[2025-03-21T19:33:36.668+0500] {processor.py:914} INFO - Processing file /home/ruslan/.local/lib/python3.10/site-packages/airflow/example_dags/example_dynamic_task_mapping_with_no_taskflow_operators.py for tasks to queue
[2025-03-21T19:33:36.669+0500] {logging_mixin.py:190} INFO - [2025-03-21T19:33:36.669+0500] {dagbag.py:588} INFO - Filling up the DagBag from /home/ruslan/.local/lib/python3.10/site-packages/airflow/example_dags/example_dynamic_task_mapping_with_no_taskflow_operators.py
[2025-03-21T19:33:36.674+0500] {processor.py:925} INFO - DAG(s) 'example_dynamic_task_mapping_with_no_taskflow_operators' retrieved from /home/ruslan/.local/lib/python3.10/site-packages/airflow/example_dags/example_dynamic_task_mapping_with_no_taskflow_operators.py
[2025-03-21T19:33:36.683+0500] {logging_mixin.py:190} INFO - [2025-03-21T19:33:36.683+0500] {dag.py:3239} INFO - Sync 1 DAGs
[2025-03-21T19:33:36.690+0500] {logging_mixin.py:190} INFO - [2025-03-21T19:33:36.690+0500] {dag.py:4180} INFO - Setting next_dagrun for example_dynamic_task_mapping_with_no_taskflow_operators to None, run_after=None
[2025-03-21T19:33:36.705+0500] {processor.py:208} INFO - Processing /home/ruslan/.local/lib/python3.10/site-packages/airflow/example_dags/example_dynamic_task_mapping_with_no_taskflow_operators.py took 0.042 seconds
[2025-03-21T19:34:30.233+0500] {processor.py:186} INFO - Started process (PID=154299) to work on /home/ruslan/.local/lib/python3.10/site-packages/airflow/example_dags/example_dynamic_task_mapping_with_no_taskflow_operators.py
[2025-03-21T19:34:30.233+0500] {processor.py:914} INFO - Processing file /home/ruslan/.local/lib/python3.10/site-packages/airflow/example_dags/example_dynamic_task_mapping_with_no_taskflow_operators.py for tasks to queue
[2025-03-21T19:34:30.235+0500] {logging_mixin.py:190} INFO - [2025-03-21T19:34:30.235+0500] {dagbag.py:588} INFO - Filling up the DagBag from /home/ruslan/.local/lib/python3.10/site-packages/airflow/example_dags/example_dynamic_task_mapping_with_no_taskflow_operators.py
[2025-03-21T19:34:30.240+0500] {processor.py:925} INFO - DAG(s) 'example_dynamic_task_mapping_with_no_taskflow_operators' retrieved from /home/ruslan/.local/lib/python3.10/site-packages/airflow/example_dags/example_dynamic_task_mapping_with_no_taskflow_operators.py
[2025-03-21T19:34:30.248+0500] {logging_mixin.py:190} INFO - [2025-03-21T19:34:30.248+0500] {dag.py:3239} INFO - Sync 1 DAGs
[2025-03-21T19:34:30.256+0500] {logging_mixin.py:190} INFO - [2025-03-21T19:34:30.256+0500] {dag.py:4180} INFO - Setting next_dagrun for example_dynamic_task_mapping_with_no_taskflow_operators to None, run_after=None
[2025-03-21T19:34:30.271+0500] {processor.py:208} INFO - Processing /home/ruslan/.local/lib/python3.10/site-packages/airflow/example_dags/example_dynamic_task_mapping_with_no_taskflow_operators.py took 0.042 seconds
[2025-03-21T19:35:21.553+0500] {processor.py:186} INFO - Started process (PID=154596) to work on /home/ruslan/.local/lib/python3.10/site-packages/airflow/example_dags/example_dynamic_task_mapping_with_no_taskflow_operators.py
[2025-03-21T19:35:21.554+0500] {processor.py:914} INFO - Processing file /home/ruslan/.local/lib/python3.10/site-packages/airflow/example_dags/example_dynamic_task_mapping_with_no_taskflow_operators.py for tasks to queue
[2025-03-21T19:35:21.556+0500] {logging_mixin.py:190} INFO - [2025-03-21T19:35:21.555+0500] {dagbag.py:588} INFO - Filling up the DagBag from /home/ruslan/.local/lib/python3.10/site-packages/airflow/example_dags/example_dynamic_task_mapping_with_no_taskflow_operators.py
[2025-03-21T19:35:21.561+0500] {processor.py:925} INFO - DAG(s) 'example_dynamic_task_mapping_with_no_taskflow_operators' retrieved from /home/ruslan/.local/lib/python3.10/site-packages/airflow/example_dags/example_dynamic_task_mapping_with_no_taskflow_operators.py
[2025-03-21T19:35:21.570+0500] {logging_mixin.py:190} INFO - [2025-03-21T19:35:21.569+0500] {dag.py:3239} INFO - Sync 1 DAGs
[2025-03-21T19:35:21.577+0500] {logging_mixin.py:190} INFO - [2025-03-21T19:35:21.577+0500] {dag.py:4180} INFO - Setting next_dagrun for example_dynamic_task_mapping_with_no_taskflow_operators to None, run_after=None
[2025-03-21T19:35:21.592+0500] {processor.py:208} INFO - Processing /home/ruslan/.local/lib/python3.10/site-packages/airflow/example_dags/example_dynamic_task_mapping_with_no_taskflow_operators.py took 0.042 seconds
[2025-03-21T19:36:12.713+0500] {processor.py:186} INFO - Started process (PID=154853) to work on /home/ruslan/.local/lib/python3.10/site-packages/airflow/example_dags/example_dynamic_task_mapping_with_no_taskflow_operators.py
[2025-03-21T19:36:12.714+0500] {processor.py:914} INFO - Processing file /home/ruslan/.local/lib/python3.10/site-packages/airflow/example_dags/example_dynamic_task_mapping_with_no_taskflow_operators.py for tasks to queue
[2025-03-21T19:36:12.716+0500] {logging_mixin.py:190} INFO - [2025-03-21T19:36:12.715+0500] {dagbag.py:588} INFO - Filling up the DagBag from /home/ruslan/.local/lib/python3.10/site-packages/airflow/example_dags/example_dynamic_task_mapping_with_no_taskflow_operators.py
[2025-03-21T19:36:12.721+0500] {processor.py:925} INFO - DAG(s) 'example_dynamic_task_mapping_with_no_taskflow_operators' retrieved from /home/ruslan/.local/lib/python3.10/site-packages/airflow/example_dags/example_dynamic_task_mapping_with_no_taskflow_operators.py
[2025-03-21T19:36:12.730+0500] {logging_mixin.py:190} INFO - [2025-03-21T19:36:12.729+0500] {dag.py:3239} INFO - Sync 1 DAGs
[2025-03-21T19:36:12.739+0500] {logging_mixin.py:190} INFO - [2025-03-21T19:36:12.739+0500] {dag.py:4180} INFO - Setting next_dagrun for example_dynamic_task_mapping_with_no_taskflow_operators to None, run_after=None
[2025-03-21T19:36:12.754+0500] {processor.py:208} INFO - Processing /home/ruslan/.local/lib/python3.10/site-packages/airflow/example_dags/example_dynamic_task_mapping_with_no_taskflow_operators.py took 0.044 seconds
[2025-03-21T19:37:04.249+0500] {processor.py:186} INFO - Started process (PID=155337) to work on /home/ruslan/.local/lib/python3.10/site-packages/airflow/example_dags/example_dynamic_task_mapping_with_no_taskflow_operators.py
[2025-03-21T19:37:04.250+0500] {processor.py:914} INFO - Processing file /home/ruslan/.local/lib/python3.10/site-packages/airflow/example_dags/example_dynamic_task_mapping_with_no_taskflow_operators.py for tasks to queue
[2025-03-21T19:37:04.251+0500] {logging_mixin.py:190} INFO - [2025-03-21T19:37:04.251+0500] {dagbag.py:588} INFO - Filling up the DagBag from /home/ruslan/.local/lib/python3.10/site-packages/airflow/example_dags/example_dynamic_task_mapping_with_no_taskflow_operators.py
[2025-03-21T19:37:04.256+0500] {processor.py:925} INFO - DAG(s) 'example_dynamic_task_mapping_with_no_taskflow_operators' retrieved from /home/ruslan/.local/lib/python3.10/site-packages/airflow/example_dags/example_dynamic_task_mapping_with_no_taskflow_operators.py
[2025-03-21T19:37:04.265+0500] {logging_mixin.py:190} INFO - [2025-03-21T19:37:04.265+0500] {dag.py:3239} INFO - Sync 1 DAGs
[2025-03-21T19:37:04.273+0500] {logging_mixin.py:190} INFO - [2025-03-21T19:37:04.273+0500] {dag.py:4180} INFO - Setting next_dagrun for example_dynamic_task_mapping_with_no_taskflow_operators to None, run_after=None
[2025-03-21T19:37:04.288+0500] {processor.py:208} INFO - Processing /home/ruslan/.local/lib/python3.10/site-packages/airflow/example_dags/example_dynamic_task_mapping_with_no_taskflow_operators.py took 0.042 seconds
[2025-03-21T19:37:55.523+0500] {processor.py:186} INFO - Started process (PID=155844) to work on /home/ruslan/.local/lib/python3.10/site-packages/airflow/example_dags/example_dynamic_task_mapping_with_no_taskflow_operators.py
[2025-03-21T19:37:55.524+0500] {processor.py:914} INFO - Processing file /home/ruslan/.local/lib/python3.10/site-packages/airflow/example_dags/example_dynamic_task_mapping_with_no_taskflow_operators.py for tasks to queue
[2025-03-21T19:37:55.525+0500] {logging_mixin.py:190} INFO - [2025-03-21T19:37:55.525+0500] {dagbag.py:588} INFO - Filling up the DagBag from /home/ruslan/.local/lib/python3.10/site-packages/airflow/example_dags/example_dynamic_task_mapping_with_no_taskflow_operators.py
[2025-03-21T19:37:55.530+0500] {processor.py:925} INFO - DAG(s) 'example_dynamic_task_mapping_with_no_taskflow_operators' retrieved from /home/ruslan/.local/lib/python3.10/site-packages/airflow/example_dags/example_dynamic_task_mapping_with_no_taskflow_operators.py
[2025-03-21T19:37:55.538+0500] {logging_mixin.py:190} INFO - [2025-03-21T19:37:55.538+0500] {dag.py:3239} INFO - Sync 1 DAGs
[2025-03-21T19:37:55.545+0500] {logging_mixin.py:190} INFO - [2025-03-21T19:37:55.545+0500] {dag.py:4180} INFO - Setting next_dagrun for example_dynamic_task_mapping_with_no_taskflow_operators to None, run_after=None
[2025-03-21T19:37:55.560+0500] {processor.py:208} INFO - Processing /home/ruslan/.local/lib/python3.10/site-packages/airflow/example_dags/example_dynamic_task_mapping_with_no_taskflow_operators.py took 0.040 seconds
[2025-03-21T19:38:48.601+0500] {processor.py:186} INFO - Started process (PID=156285) to work on /home/ruslan/.local/lib/python3.10/site-packages/airflow/example_dags/example_dynamic_task_mapping_with_no_taskflow_operators.py
[2025-03-21T19:38:48.602+0500] {processor.py:914} INFO - Processing file /home/ruslan/.local/lib/python3.10/site-packages/airflow/example_dags/example_dynamic_task_mapping_with_no_taskflow_operators.py for tasks to queue
[2025-03-21T19:38:48.603+0500] {logging_mixin.py:190} INFO - [2025-03-21T19:38:48.602+0500] {dagbag.py:588} INFO - Filling up the DagBag from /home/ruslan/.local/lib/python3.10/site-packages/airflow/example_dags/example_dynamic_task_mapping_with_no_taskflow_operators.py
[2025-03-21T19:38:48.609+0500] {processor.py:925} INFO - DAG(s) 'example_dynamic_task_mapping_with_no_taskflow_operators' retrieved from /home/ruslan/.local/lib/python3.10/site-packages/airflow/example_dags/example_dynamic_task_mapping_with_no_taskflow_operators.py
[2025-03-21T19:38:48.617+0500] {logging_mixin.py:190} INFO - [2025-03-21T19:38:48.617+0500] {dag.py:3239} INFO - Sync 1 DAGs
[2025-03-21T19:38:48.625+0500] {logging_mixin.py:190} INFO - [2025-03-21T19:38:48.624+0500] {dag.py:4180} INFO - Setting next_dagrun for example_dynamic_task_mapping_with_no_taskflow_operators to None, run_after=None
[2025-03-21T19:38:48.640+0500] {processor.py:208} INFO - Processing /home/ruslan/.local/lib/python3.10/site-packages/airflow/example_dags/example_dynamic_task_mapping_with_no_taskflow_operators.py took 0.043 seconds
[2025-03-21T19:39:42.220+0500] {processor.py:186} INFO - Started process (PID=156723) to work on /home/ruslan/.local/lib/python3.10/site-packages/airflow/example_dags/example_dynamic_task_mapping_with_no_taskflow_operators.py
[2025-03-21T19:39:42.221+0500] {processor.py:914} INFO - Processing file /home/ruslan/.local/lib/python3.10/site-packages/airflow/example_dags/example_dynamic_task_mapping_with_no_taskflow_operators.py for tasks to queue
[2025-03-21T19:39:42.222+0500] {logging_mixin.py:190} INFO - [2025-03-21T19:39:42.221+0500] {dagbag.py:588} INFO - Filling up the DagBag from /home/ruslan/.local/lib/python3.10/site-packages/airflow/example_dags/example_dynamic_task_mapping_with_no_taskflow_operators.py
[2025-03-21T19:39:42.227+0500] {processor.py:925} INFO - DAG(s) 'example_dynamic_task_mapping_with_no_taskflow_operators' retrieved from /home/ruslan/.local/lib/python3.10/site-packages/airflow/example_dags/example_dynamic_task_mapping_with_no_taskflow_operators.py
[2025-03-21T19:39:42.236+0500] {logging_mixin.py:190} INFO - [2025-03-21T19:39:42.236+0500] {dag.py:3239} INFO - Sync 1 DAGs
[2025-03-21T19:39:42.243+0500] {logging_mixin.py:190} INFO - [2025-03-21T19:39:42.243+0500] {dag.py:4180} INFO - Setting next_dagrun for example_dynamic_task_mapping_with_no_taskflow_operators to None, run_after=None
[2025-03-21T19:39:42.258+0500] {processor.py:208} INFO - Processing /home/ruslan/.local/lib/python3.10/site-packages/airflow/example_dags/example_dynamic_task_mapping_with_no_taskflow_operators.py took 0.043 seconds
[2025-03-21T19:40:32.400+0500] {processor.py:186} INFO - Started process (PID=157204) to work on /home/ruslan/.local/lib/python3.10/site-packages/airflow/example_dags/example_dynamic_task_mapping_with_no_taskflow_operators.py
[2025-03-21T19:40:32.401+0500] {processor.py:914} INFO - Processing file /home/ruslan/.local/lib/python3.10/site-packages/airflow/example_dags/example_dynamic_task_mapping_with_no_taskflow_operators.py for tasks to queue
[2025-03-21T19:40:32.402+0500] {logging_mixin.py:190} INFO - [2025-03-21T19:40:32.402+0500] {dagbag.py:588} INFO - Filling up the DagBag from /home/ruslan/.local/lib/python3.10/site-packages/airflow/example_dags/example_dynamic_task_mapping_with_no_taskflow_operators.py
[2025-03-21T19:40:32.408+0500] {processor.py:925} INFO - DAG(s) 'example_dynamic_task_mapping_with_no_taskflow_operators' retrieved from /home/ruslan/.local/lib/python3.10/site-packages/airflow/example_dags/example_dynamic_task_mapping_with_no_taskflow_operators.py
[2025-03-21T19:40:32.417+0500] {logging_mixin.py:190} INFO - [2025-03-21T19:40:32.416+0500] {dag.py:3239} INFO - Sync 1 DAGs
[2025-03-21T19:40:32.424+0500] {logging_mixin.py:190} INFO - [2025-03-21T19:40:32.424+0500] {dag.py:4180} INFO - Setting next_dagrun for example_dynamic_task_mapping_with_no_taskflow_operators to None, run_after=None
[2025-03-21T19:40:32.439+0500] {processor.py:208} INFO - Processing /home/ruslan/.local/lib/python3.10/site-packages/airflow/example_dags/example_dynamic_task_mapping_with_no_taskflow_operators.py took 0.042 seconds
[2025-03-21T19:41:25.988+0500] {processor.py:186} INFO - Started process (PID=157693) to work on /home/ruslan/.local/lib/python3.10/site-packages/airflow/example_dags/example_dynamic_task_mapping_with_no_taskflow_operators.py
[2025-03-21T19:41:25.989+0500] {processor.py:914} INFO - Processing file /home/ruslan/.local/lib/python3.10/site-packages/airflow/example_dags/example_dynamic_task_mapping_with_no_taskflow_operators.py for tasks to queue
[2025-03-21T19:41:25.990+0500] {logging_mixin.py:190} INFO - [2025-03-21T19:41:25.989+0500] {dagbag.py:588} INFO - Filling up the DagBag from /home/ruslan/.local/lib/python3.10/site-packages/airflow/example_dags/example_dynamic_task_mapping_with_no_taskflow_operators.py
[2025-03-21T19:41:25.995+0500] {processor.py:925} INFO - DAG(s) 'example_dynamic_task_mapping_with_no_taskflow_operators' retrieved from /home/ruslan/.local/lib/python3.10/site-packages/airflow/example_dags/example_dynamic_task_mapping_with_no_taskflow_operators.py
[2025-03-21T19:41:26.003+0500] {logging_mixin.py:190} INFO - [2025-03-21T19:41:26.003+0500] {dag.py:3239} INFO - Sync 1 DAGs
[2025-03-21T19:41:26.010+0500] {logging_mixin.py:190} INFO - [2025-03-21T19:41:26.010+0500] {dag.py:4180} INFO - Setting next_dagrun for example_dynamic_task_mapping_with_no_taskflow_operators to None, run_after=None
[2025-03-21T19:41:26.025+0500] {processor.py:208} INFO - Processing /home/ruslan/.local/lib/python3.10/site-packages/airflow/example_dags/example_dynamic_task_mapping_with_no_taskflow_operators.py took 0.041 seconds
[2025-03-21T19:42:17.860+0500] {processor.py:186} INFO - Started process (PID=158196) to work on /home/ruslan/.local/lib/python3.10/site-packages/airflow/example_dags/example_dynamic_task_mapping_with_no_taskflow_operators.py
[2025-03-21T19:42:17.861+0500] {processor.py:914} INFO - Processing file /home/ruslan/.local/lib/python3.10/site-packages/airflow/example_dags/example_dynamic_task_mapping_with_no_taskflow_operators.py for tasks to queue
[2025-03-21T19:42:17.862+0500] {logging_mixin.py:190} INFO - [2025-03-21T19:42:17.861+0500] {dagbag.py:588} INFO - Filling up the DagBag from /home/ruslan/.local/lib/python3.10/site-packages/airflow/example_dags/example_dynamic_task_mapping_with_no_taskflow_operators.py
[2025-03-21T19:42:17.867+0500] {processor.py:925} INFO - DAG(s) 'example_dynamic_task_mapping_with_no_taskflow_operators' retrieved from /home/ruslan/.local/lib/python3.10/site-packages/airflow/example_dags/example_dynamic_task_mapping_with_no_taskflow_operators.py
[2025-03-21T19:42:17.876+0500] {logging_mixin.py:190} INFO - [2025-03-21T19:42:17.876+0500] {dag.py:3239} INFO - Sync 1 DAGs
[2025-03-21T19:42:17.883+0500] {logging_mixin.py:190} INFO - [2025-03-21T19:42:17.883+0500] {dag.py:4180} INFO - Setting next_dagrun for example_dynamic_task_mapping_with_no_taskflow_operators to None, run_after=None
[2025-03-21T19:42:17.898+0500] {processor.py:208} INFO - Processing /home/ruslan/.local/lib/python3.10/site-packages/airflow/example_dags/example_dynamic_task_mapping_with_no_taskflow_operators.py took 0.042 seconds
[2025-03-21T19:43:13.508+0500] {processor.py:186} INFO - Started process (PID=158861) to work on /home/ruslan/.local/lib/python3.10/site-packages/airflow/example_dags/example_dynamic_task_mapping_with_no_taskflow_operators.py
[2025-03-21T19:43:13.509+0500] {processor.py:914} INFO - Processing file /home/ruslan/.local/lib/python3.10/site-packages/airflow/example_dags/example_dynamic_task_mapping_with_no_taskflow_operators.py for tasks to queue
[2025-03-21T19:43:13.510+0500] {logging_mixin.py:190} INFO - [2025-03-21T19:43:13.510+0500] {dagbag.py:588} INFO - Filling up the DagBag from /home/ruslan/.local/lib/python3.10/site-packages/airflow/example_dags/example_dynamic_task_mapping_with_no_taskflow_operators.py
[2025-03-21T19:43:13.515+0500] {processor.py:925} INFO - DAG(s) 'example_dynamic_task_mapping_with_no_taskflow_operators' retrieved from /home/ruslan/.local/lib/python3.10/site-packages/airflow/example_dags/example_dynamic_task_mapping_with_no_taskflow_operators.py
[2025-03-21T19:43:13.523+0500] {logging_mixin.py:190} INFO - [2025-03-21T19:43:13.523+0500] {dag.py:3239} INFO - Sync 1 DAGs
[2025-03-21T19:43:13.530+0500] {logging_mixin.py:190} INFO - [2025-03-21T19:43:13.530+0500] {dag.py:4180} INFO - Setting next_dagrun for example_dynamic_task_mapping_with_no_taskflow_operators to None, run_after=None
[2025-03-21T19:43:13.544+0500] {processor.py:208} INFO - Processing /home/ruslan/.local/lib/python3.10/site-packages/airflow/example_dags/example_dynamic_task_mapping_with_no_taskflow_operators.py took 0.040 seconds
[2025-03-21T19:44:08.967+0500] {processor.py:186} INFO - Started process (PID=159490) to work on /home/ruslan/.local/lib/python3.10/site-packages/airflow/example_dags/example_dynamic_task_mapping_with_no_taskflow_operators.py
[2025-03-21T19:44:08.968+0500] {processor.py:914} INFO - Processing file /home/ruslan/.local/lib/python3.10/site-packages/airflow/example_dags/example_dynamic_task_mapping_with_no_taskflow_operators.py for tasks to queue
[2025-03-21T19:44:08.968+0500] {logging_mixin.py:190} INFO - [2025-03-21T19:44:08.968+0500] {dagbag.py:588} INFO - Filling up the DagBag from /home/ruslan/.local/lib/python3.10/site-packages/airflow/example_dags/example_dynamic_task_mapping_with_no_taskflow_operators.py
[2025-03-21T19:44:08.974+0500] {processor.py:925} INFO - DAG(s) 'example_dynamic_task_mapping_with_no_taskflow_operators' retrieved from /home/ruslan/.local/lib/python3.10/site-packages/airflow/example_dags/example_dynamic_task_mapping_with_no_taskflow_operators.py
[2025-03-21T19:44:08.983+0500] {logging_mixin.py:190} INFO - [2025-03-21T19:44:08.983+0500] {dag.py:3239} INFO - Sync 1 DAGs
[2025-03-21T19:44:08.990+0500] {logging_mixin.py:190} INFO - [2025-03-21T19:44:08.990+0500] {dag.py:4180} INFO - Setting next_dagrun for example_dynamic_task_mapping_with_no_taskflow_operators to None, run_after=None
[2025-03-21T19:44:09.008+0500] {processor.py:208} INFO - Processing /home/ruslan/.local/lib/python3.10/site-packages/airflow/example_dags/example_dynamic_task_mapping_with_no_taskflow_operators.py took 0.045 seconds
[2025-03-21T19:44:59.198+0500] {processor.py:186} INFO - Started process (PID=159999) to work on /home/ruslan/.local/lib/python3.10/site-packages/airflow/example_dags/example_dynamic_task_mapping_with_no_taskflow_operators.py
[2025-03-21T19:44:59.199+0500] {processor.py:914} INFO - Processing file /home/ruslan/.local/lib/python3.10/site-packages/airflow/example_dags/example_dynamic_task_mapping_with_no_taskflow_operators.py for tasks to queue
[2025-03-21T19:44:59.200+0500] {logging_mixin.py:190} INFO - [2025-03-21T19:44:59.199+0500] {dagbag.py:588} INFO - Filling up the DagBag from /home/ruslan/.local/lib/python3.10/site-packages/airflow/example_dags/example_dynamic_task_mapping_with_no_taskflow_operators.py
[2025-03-21T19:44:59.205+0500] {processor.py:925} INFO - DAG(s) 'example_dynamic_task_mapping_with_no_taskflow_operators' retrieved from /home/ruslan/.local/lib/python3.10/site-packages/airflow/example_dags/example_dynamic_task_mapping_with_no_taskflow_operators.py
[2025-03-21T19:44:59.213+0500] {logging_mixin.py:190} INFO - [2025-03-21T19:44:59.213+0500] {dag.py:3239} INFO - Sync 1 DAGs
[2025-03-21T19:44:59.220+0500] {logging_mixin.py:190} INFO - [2025-03-21T19:44:59.220+0500] {dag.py:4180} INFO - Setting next_dagrun for example_dynamic_task_mapping_with_no_taskflow_operators to None, run_after=None
[2025-03-21T19:44:59.234+0500] {processor.py:208} INFO - Processing /home/ruslan/.local/lib/python3.10/site-packages/airflow/example_dags/example_dynamic_task_mapping_with_no_taskflow_operators.py took 0.040 seconds
[2025-03-21T19:45:52.739+0500] {processor.py:186} INFO - Started process (PID=160608) to work on /home/ruslan/.local/lib/python3.10/site-packages/airflow/example_dags/example_dynamic_task_mapping_with_no_taskflow_operators.py
[2025-03-21T19:45:52.740+0500] {processor.py:914} INFO - Processing file /home/ruslan/.local/lib/python3.10/site-packages/airflow/example_dags/example_dynamic_task_mapping_with_no_taskflow_operators.py for tasks to queue
[2025-03-21T19:45:52.741+0500] {logging_mixin.py:190} INFO - [2025-03-21T19:45:52.741+0500] {dagbag.py:588} INFO - Filling up the DagBag from /home/ruslan/.local/lib/python3.10/site-packages/airflow/example_dags/example_dynamic_task_mapping_with_no_taskflow_operators.py
[2025-03-21T19:45:52.747+0500] {processor.py:925} INFO - DAG(s) 'example_dynamic_task_mapping_with_no_taskflow_operators' retrieved from /home/ruslan/.local/lib/python3.10/site-packages/airflow/example_dags/example_dynamic_task_mapping_with_no_taskflow_operators.py
[2025-03-21T19:45:52.755+0500] {logging_mixin.py:190} INFO - [2025-03-21T19:45:52.755+0500] {dag.py:3239} INFO - Sync 1 DAGs
[2025-03-21T19:45:52.763+0500] {logging_mixin.py:190} INFO - [2025-03-21T19:45:52.763+0500] {dag.py:4180} INFO - Setting next_dagrun for example_dynamic_task_mapping_with_no_taskflow_operators to None, run_after=None
[2025-03-21T19:45:52.779+0500] {processor.py:208} INFO - Processing /home/ruslan/.local/lib/python3.10/site-packages/airflow/example_dags/example_dynamic_task_mapping_with_no_taskflow_operators.py took 0.044 seconds
[2025-03-21T19:46:46.125+0500] {processor.py:186} INFO - Started process (PID=161152) to work on /home/ruslan/.local/lib/python3.10/site-packages/airflow/example_dags/example_dynamic_task_mapping_with_no_taskflow_operators.py
[2025-03-21T19:46:46.126+0500] {processor.py:914} INFO - Processing file /home/ruslan/.local/lib/python3.10/site-packages/airflow/example_dags/example_dynamic_task_mapping_with_no_taskflow_operators.py for tasks to queue
[2025-03-21T19:46:46.127+0500] {logging_mixin.py:190} INFO - [2025-03-21T19:46:46.127+0500] {dagbag.py:588} INFO - Filling up the DagBag from /home/ruslan/.local/lib/python3.10/site-packages/airflow/example_dags/example_dynamic_task_mapping_with_no_taskflow_operators.py
[2025-03-21T19:46:46.132+0500] {processor.py:925} INFO - DAG(s) 'example_dynamic_task_mapping_with_no_taskflow_operators' retrieved from /home/ruslan/.local/lib/python3.10/site-packages/airflow/example_dags/example_dynamic_task_mapping_with_no_taskflow_operators.py
[2025-03-21T19:46:46.140+0500] {logging_mixin.py:190} INFO - [2025-03-21T19:46:46.140+0500] {dag.py:3239} INFO - Sync 1 DAGs
[2025-03-21T19:46:46.148+0500] {logging_mixin.py:190} INFO - [2025-03-21T19:46:46.147+0500] {dag.py:4180} INFO - Setting next_dagrun for example_dynamic_task_mapping_with_no_taskflow_operators to None, run_after=None
[2025-03-21T19:46:46.163+0500] {processor.py:208} INFO - Processing /home/ruslan/.local/lib/python3.10/site-packages/airflow/example_dags/example_dynamic_task_mapping_with_no_taskflow_operators.py took 0.042 seconds
