[2025-03-21T19:27:21.024+0500] {processor.py:186} INFO - Started process (PID=140957) to work on /home/ruslan/.local/lib/python3.10/site-packages/airflow/example_dags/example_display_name.py
[2025-03-21T19:27:21.024+0500] {processor.py:914} INFO - Processing file /home/ruslan/.local/lib/python3.10/site-packages/airflow/example_dags/example_display_name.py for tasks to queue
[2025-03-21T19:27:21.026+0500] {logging_mixin.py:190} INFO - [2025-03-21T19:27:21.025+0500] {dagbag.py:588} INFO - Filling up the DagBag from /home/ruslan/.local/lib/python3.10/site-packages/airflow/example_dags/example_display_name.py
[2025-03-21T19:27:21.032+0500] {processor.py:925} INFO - DAG(s) 'example_display_name' retrieved from /home/ruslan/.local/lib/python3.10/site-packages/airflow/example_dags/example_display_name.py
[2025-03-21T19:27:21.092+0500] {logging_mixin.py:190} INFO - [2025-03-21T19:27:21.092+0500] {override.py:1930} INFO - Created Permission View: can edit on DAG:example_display_name
[2025-03-21T19:27:21.101+0500] {logging_mixin.py:190} INFO - [2025-03-21T19:27:21.101+0500] {override.py:1930} INFO - Created Permission View: can read on DAG:example_display_name
[2025-03-21T19:27:21.108+0500] {logging_mixin.py:190} INFO - [2025-03-21T19:27:21.108+0500] {override.py:1930} INFO - Created Permission View: can delete on DAG:example_display_name
[2025-03-21T19:27:21.119+0500] {logging_mixin.py:190} INFO - [2025-03-21T19:27:21.119+0500] {override.py:1930} INFO - Created Permission View: can create on DAG Run:example_display_name
[2025-03-21T19:27:21.126+0500] {logging_mixin.py:190} INFO - [2025-03-21T19:27:21.126+0500] {override.py:1930} INFO - Created Permission View: can read on DAG Run:example_display_name
[2025-03-21T19:27:21.133+0500] {logging_mixin.py:190} INFO - [2025-03-21T19:27:21.132+0500] {override.py:1930} INFO - Created Permission View: can delete on DAG Run:example_display_name
[2025-03-21T19:27:21.140+0500] {logging_mixin.py:190} INFO - [2025-03-21T19:27:21.139+0500] {override.py:1930} INFO - Created Permission View: menu access on DAG Run:example_display_name
[2025-03-21T19:27:21.140+0500] {logging_mixin.py:190} INFO - [2025-03-21T19:27:21.140+0500] {dag.py:3239} INFO - Sync 1 DAGs
[2025-03-21T19:27:21.146+0500] {logging_mixin.py:190} INFO - [2025-03-21T19:27:21.146+0500] {dag.py:3262} INFO - Creating ORM DAG for example_display_name
[2025-03-21T19:27:21.147+0500] {logging_mixin.py:190} INFO - [2025-03-21T19:27:21.146+0500] {dag.py:4180} INFO - Setting next_dagrun for example_display_name to None, run_after=None
[2025-03-21T19:27:21.160+0500] {processor.py:208} INFO - Processing /home/ruslan/.local/lib/python3.10/site-packages/airflow/example_dags/example_display_name.py took 0.140 seconds
[2025-03-21T19:28:19.613+0500] {processor.py:186} INFO - Started process (PID=141263) to work on /home/ruslan/.local/lib/python3.10/site-packages/airflow/example_dags/example_display_name.py
[2025-03-21T19:28:19.614+0500] {processor.py:914} INFO - Processing file /home/ruslan/.local/lib/python3.10/site-packages/airflow/example_dags/example_display_name.py for tasks to queue
[2025-03-21T19:28:19.616+0500] {logging_mixin.py:190} INFO - [2025-03-21T19:28:19.615+0500] {dagbag.py:588} INFO - Filling up the DagBag from /home/ruslan/.local/lib/python3.10/site-packages/airflow/example_dags/example_display_name.py
[2025-03-21T19:28:19.621+0500] {processor.py:925} INFO - DAG(s) 'example_display_name' retrieved from /home/ruslan/.local/lib/python3.10/site-packages/airflow/example_dags/example_display_name.py
[2025-03-21T19:28:19.629+0500] {logging_mixin.py:190} INFO - [2025-03-21T19:28:19.629+0500] {dag.py:3239} INFO - Sync 1 DAGs
[2025-03-21T19:28:19.635+0500] {logging_mixin.py:190} INFO - [2025-03-21T19:28:19.635+0500] {dag.py:4180} INFO - Setting next_dagrun for example_display_name to None, run_after=None
[2025-03-21T19:28:19.651+0500] {processor.py:208} INFO - Processing /home/ruslan/.local/lib/python3.10/site-packages/airflow/example_dags/example_display_name.py took 0.041 seconds
[2025-03-21T19:29:11.527+0500] {processor.py:186} INFO - Started process (PID=141540) to work on /home/ruslan/.local/lib/python3.10/site-packages/airflow/example_dags/example_display_name.py
[2025-03-21T19:29:11.528+0500] {processor.py:914} INFO - Processing file /home/ruslan/.local/lib/python3.10/site-packages/airflow/example_dags/example_display_name.py for tasks to queue
[2025-03-21T19:29:11.529+0500] {logging_mixin.py:190} INFO - [2025-03-21T19:29:11.529+0500] {dagbag.py:588} INFO - Filling up the DagBag from /home/ruslan/.local/lib/python3.10/site-packages/airflow/example_dags/example_display_name.py
[2025-03-21T19:29:11.534+0500] {processor.py:925} INFO - DAG(s) 'example_display_name' retrieved from /home/ruslan/.local/lib/python3.10/site-packages/airflow/example_dags/example_display_name.py
[2025-03-21T19:29:11.542+0500] {logging_mixin.py:190} INFO - [2025-03-21T19:29:11.541+0500] {dag.py:3239} INFO - Sync 1 DAGs
[2025-03-21T19:29:11.549+0500] {logging_mixin.py:190} INFO - [2025-03-21T19:29:11.548+0500] {dag.py:4180} INFO - Setting next_dagrun for example_display_name to None, run_after=None
[2025-03-21T19:29:11.563+0500] {processor.py:208} INFO - Processing /home/ruslan/.local/lib/python3.10/site-packages/airflow/example_dags/example_display_name.py took 0.041 seconds
[2025-03-21T19:30:03.248+0500] {processor.py:186} INFO - Started process (PID=141798) to work on /home/ruslan/.local/lib/python3.10/site-packages/airflow/example_dags/example_display_name.py
[2025-03-21T19:30:03.249+0500] {processor.py:914} INFO - Processing file /home/ruslan/.local/lib/python3.10/site-packages/airflow/example_dags/example_display_name.py for tasks to queue
[2025-03-21T19:30:03.250+0500] {logging_mixin.py:190} INFO - [2025-03-21T19:30:03.250+0500] {dagbag.py:588} INFO - Filling up the DagBag from /home/ruslan/.local/lib/python3.10/site-packages/airflow/example_dags/example_display_name.py
[2025-03-21T19:30:03.255+0500] {processor.py:925} INFO - DAG(s) 'example_display_name' retrieved from /home/ruslan/.local/lib/python3.10/site-packages/airflow/example_dags/example_display_name.py
[2025-03-21T19:30:03.263+0500] {logging_mixin.py:190} INFO - [2025-03-21T19:30:03.263+0500] {dag.py:3239} INFO - Sync 1 DAGs
[2025-03-21T19:30:03.270+0500] {logging_mixin.py:190} INFO - [2025-03-21T19:30:03.270+0500] {dag.py:4180} INFO - Setting next_dagrun for example_display_name to None, run_after=None
[2025-03-21T19:30:03.285+0500] {processor.py:208} INFO - Processing /home/ruslan/.local/lib/python3.10/site-packages/airflow/example_dags/example_display_name.py took 0.041 seconds
[2025-03-21T19:30:57.567+0500] {processor.py:186} INFO - Started process (PID=142068) to work on /home/ruslan/.local/lib/python3.10/site-packages/airflow/example_dags/example_display_name.py
[2025-03-21T19:30:57.568+0500] {processor.py:914} INFO - Processing file /home/ruslan/.local/lib/python3.10/site-packages/airflow/example_dags/example_display_name.py for tasks to queue
[2025-03-21T19:30:57.570+0500] {logging_mixin.py:190} INFO - [2025-03-21T19:30:57.570+0500] {dagbag.py:588} INFO - Filling up the DagBag from /home/ruslan/.local/lib/python3.10/site-packages/airflow/example_dags/example_display_name.py
[2025-03-21T19:30:57.575+0500] {processor.py:925} INFO - DAG(s) 'example_display_name' retrieved from /home/ruslan/.local/lib/python3.10/site-packages/airflow/example_dags/example_display_name.py
[2025-03-21T19:30:57.583+0500] {logging_mixin.py:190} INFO - [2025-03-21T19:30:57.583+0500] {dag.py:3239} INFO - Sync 1 DAGs
[2025-03-21T19:30:57.590+0500] {logging_mixin.py:190} INFO - [2025-03-21T19:30:57.590+0500] {dag.py:4180} INFO - Setting next_dagrun for example_display_name to None, run_after=None
[2025-03-21T19:30:57.605+0500] {processor.py:208} INFO - Processing /home/ruslan/.local/lib/python3.10/site-packages/airflow/example_dags/example_display_name.py took 0.041 seconds
[2025-03-21T19:31:47.853+0500] {processor.py:186} INFO - Started process (PID=142318) to work on /home/ruslan/.local/lib/python3.10/site-packages/airflow/example_dags/example_display_name.py
[2025-03-21T19:31:47.855+0500] {processor.py:914} INFO - Processing file /home/ruslan/.local/lib/python3.10/site-packages/airflow/example_dags/example_display_name.py for tasks to queue
[2025-03-21T19:31:47.856+0500] {logging_mixin.py:190} INFO - [2025-03-21T19:31:47.856+0500] {dagbag.py:588} INFO - Filling up the DagBag from /home/ruslan/.local/lib/python3.10/site-packages/airflow/example_dags/example_display_name.py
[2025-03-21T19:31:47.862+0500] {processor.py:925} INFO - DAG(s) 'example_display_name' retrieved from /home/ruslan/.local/lib/python3.10/site-packages/airflow/example_dags/example_display_name.py
[2025-03-21T19:31:47.871+0500] {logging_mixin.py:190} INFO - [2025-03-21T19:31:47.871+0500] {dag.py:3239} INFO - Sync 1 DAGs
[2025-03-21T19:31:47.879+0500] {logging_mixin.py:190} INFO - [2025-03-21T19:31:47.879+0500] {dag.py:4180} INFO - Setting next_dagrun for example_display_name to None, run_after=None
[2025-03-21T19:31:47.894+0500] {processor.py:208} INFO - Processing /home/ruslan/.local/lib/python3.10/site-packages/airflow/example_dags/example_display_name.py took 0.046 seconds
[2025-03-21T19:32:37.375+0500] {processor.py:186} INFO - Started process (PID=149744) to work on /home/ruslan/.local/lib/python3.10/site-packages/airflow/example_dags/example_display_name.py
[2025-03-21T19:32:37.376+0500] {processor.py:914} INFO - Processing file /home/ruslan/.local/lib/python3.10/site-packages/airflow/example_dags/example_display_name.py for tasks to queue
[2025-03-21T19:32:37.378+0500] {logging_mixin.py:190} INFO - [2025-03-21T19:32:37.378+0500] {dagbag.py:588} INFO - Filling up the DagBag from /home/ruslan/.local/lib/python3.10/site-packages/airflow/example_dags/example_display_name.py
[2025-03-21T19:32:37.383+0500] {processor.py:925} INFO - DAG(s) 'example_display_name' retrieved from /home/ruslan/.local/lib/python3.10/site-packages/airflow/example_dags/example_display_name.py
[2025-03-21T19:32:37.393+0500] {logging_mixin.py:190} INFO - [2025-03-21T19:32:37.393+0500] {dag.py:3239} INFO - Sync 1 DAGs
[2025-03-21T19:32:37.403+0500] {logging_mixin.py:190} INFO - [2025-03-21T19:32:37.403+0500] {dag.py:4180} INFO - Setting next_dagrun for example_display_name to None, run_after=None
[2025-03-21T19:32:37.420+0500] {processor.py:208} INFO - Processing /home/ruslan/.local/lib/python3.10/site-packages/airflow/example_dags/example_display_name.py took 0.051 seconds
[2025-03-21T19:33:28.661+0500] {processor.py:186} INFO - Started process (PID=153896) to work on /home/ruslan/.local/lib/python3.10/site-packages/airflow/example_dags/example_display_name.py
[2025-03-21T19:33:28.662+0500] {processor.py:914} INFO - Processing file /home/ruslan/.local/lib/python3.10/site-packages/airflow/example_dags/example_display_name.py for tasks to queue
[2025-03-21T19:33:28.663+0500] {logging_mixin.py:190} INFO - [2025-03-21T19:33:28.663+0500] {dagbag.py:588} INFO - Filling up the DagBag from /home/ruslan/.local/lib/python3.10/site-packages/airflow/example_dags/example_display_name.py
[2025-03-21T19:33:28.669+0500] {processor.py:925} INFO - DAG(s) 'example_display_name' retrieved from /home/ruslan/.local/lib/python3.10/site-packages/airflow/example_dags/example_display_name.py
[2025-03-21T19:33:28.680+0500] {logging_mixin.py:190} INFO - [2025-03-21T19:33:28.679+0500] {dag.py:3239} INFO - Sync 1 DAGs
[2025-03-21T19:33:28.693+0500] {logging_mixin.py:190} INFO - [2025-03-21T19:33:28.693+0500] {dag.py:4180} INFO - Setting next_dagrun for example_display_name to None, run_after=None
[2025-03-21T19:33:28.713+0500] {processor.py:208} INFO - Processing /home/ruslan/.local/lib/python3.10/site-packages/airflow/example_dags/example_display_name.py took 0.055 seconds
[2025-03-21T19:34:22.840+0500] {processor.py:186} INFO - Started process (PID=154262) to work on /home/ruslan/.local/lib/python3.10/site-packages/airflow/example_dags/example_display_name.py
[2025-03-21T19:34:22.841+0500] {processor.py:914} INFO - Processing file /home/ruslan/.local/lib/python3.10/site-packages/airflow/example_dags/example_display_name.py for tasks to queue
[2025-03-21T19:34:22.842+0500] {logging_mixin.py:190} INFO - [2025-03-21T19:34:22.842+0500] {dagbag.py:588} INFO - Filling up the DagBag from /home/ruslan/.local/lib/python3.10/site-packages/airflow/example_dags/example_display_name.py
[2025-03-21T19:34:22.847+0500] {processor.py:925} INFO - DAG(s) 'example_display_name' retrieved from /home/ruslan/.local/lib/python3.10/site-packages/airflow/example_dags/example_display_name.py
[2025-03-21T19:34:22.856+0500] {logging_mixin.py:190} INFO - [2025-03-21T19:34:22.856+0500] {dag.py:3239} INFO - Sync 1 DAGs
[2025-03-21T19:34:22.864+0500] {logging_mixin.py:190} INFO - [2025-03-21T19:34:22.863+0500] {dag.py:4180} INFO - Setting next_dagrun for example_display_name to None, run_after=None
[2025-03-21T19:34:22.879+0500] {processor.py:208} INFO - Processing /home/ruslan/.local/lib/python3.10/site-packages/airflow/example_dags/example_display_name.py took 0.044 seconds
[2025-03-21T19:35:13.373+0500] {processor.py:186} INFO - Started process (PID=154556) to work on /home/ruslan/.local/lib/python3.10/site-packages/airflow/example_dags/example_display_name.py
[2025-03-21T19:35:13.374+0500] {processor.py:914} INFO - Processing file /home/ruslan/.local/lib/python3.10/site-packages/airflow/example_dags/example_display_name.py for tasks to queue
[2025-03-21T19:35:13.376+0500] {logging_mixin.py:190} INFO - [2025-03-21T19:35:13.376+0500] {dagbag.py:588} INFO - Filling up the DagBag from /home/ruslan/.local/lib/python3.10/site-packages/airflow/example_dags/example_display_name.py
[2025-03-21T19:35:13.380+0500] {processor.py:925} INFO - DAG(s) 'example_display_name' retrieved from /home/ruslan/.local/lib/python3.10/site-packages/airflow/example_dags/example_display_name.py
[2025-03-21T19:35:13.390+0500] {logging_mixin.py:190} INFO - [2025-03-21T19:35:13.389+0500] {dag.py:3239} INFO - Sync 1 DAGs
[2025-03-21T19:35:13.397+0500] {logging_mixin.py:190} INFO - [2025-03-21T19:35:13.397+0500] {dag.py:4180} INFO - Setting next_dagrun for example_display_name to None, run_after=None
[2025-03-21T19:35:13.412+0500] {processor.py:208} INFO - Processing /home/ruslan/.local/lib/python3.10/site-packages/airflow/example_dags/example_display_name.py took 0.043 seconds
[2025-03-21T19:36:05.489+0500] {processor.py:186} INFO - Started process (PID=154816) to work on /home/ruslan/.local/lib/python3.10/site-packages/airflow/example_dags/example_display_name.py
[2025-03-21T19:36:05.491+0500] {processor.py:914} INFO - Processing file /home/ruslan/.local/lib/python3.10/site-packages/airflow/example_dags/example_display_name.py for tasks to queue
[2025-03-21T19:36:05.492+0500] {logging_mixin.py:190} INFO - [2025-03-21T19:36:05.492+0500] {dagbag.py:588} INFO - Filling up the DagBag from /home/ruslan/.local/lib/python3.10/site-packages/airflow/example_dags/example_display_name.py
[2025-03-21T19:36:05.498+0500] {processor.py:925} INFO - DAG(s) 'example_display_name' retrieved from /home/ruslan/.local/lib/python3.10/site-packages/airflow/example_dags/example_display_name.py
[2025-03-21T19:36:05.508+0500] {logging_mixin.py:190} INFO - [2025-03-21T19:36:05.508+0500] {dag.py:3239} INFO - Sync 1 DAGs
[2025-03-21T19:36:05.515+0500] {logging_mixin.py:190} INFO - [2025-03-21T19:36:05.515+0500] {dag.py:4180} INFO - Setting next_dagrun for example_display_name to None, run_after=None
[2025-03-21T19:36:05.531+0500] {processor.py:208} INFO - Processing /home/ruslan/.local/lib/python3.10/site-packages/airflow/example_dags/example_display_name.py took 0.046 seconds
[2025-03-21T19:36:56.283+0500] {processor.py:186} INFO - Started process (PID=155297) to work on /home/ruslan/.local/lib/python3.10/site-packages/airflow/example_dags/example_display_name.py
[2025-03-21T19:36:56.284+0500] {processor.py:914} INFO - Processing file /home/ruslan/.local/lib/python3.10/site-packages/airflow/example_dags/example_display_name.py for tasks to queue
[2025-03-21T19:36:56.286+0500] {logging_mixin.py:190} INFO - [2025-03-21T19:36:56.285+0500] {dagbag.py:588} INFO - Filling up the DagBag from /home/ruslan/.local/lib/python3.10/site-packages/airflow/example_dags/example_display_name.py
[2025-03-21T19:36:56.290+0500] {processor.py:925} INFO - DAG(s) 'example_display_name' retrieved from /home/ruslan/.local/lib/python3.10/site-packages/airflow/example_dags/example_display_name.py
[2025-03-21T19:36:56.298+0500] {logging_mixin.py:190} INFO - [2025-03-21T19:36:56.298+0500] {dag.py:3239} INFO - Sync 1 DAGs
[2025-03-21T19:36:56.305+0500] {logging_mixin.py:190} INFO - [2025-03-21T19:36:56.305+0500] {dag.py:4180} INFO - Setting next_dagrun for example_display_name to None, run_after=None
[2025-03-21T19:36:56.320+0500] {processor.py:208} INFO - Processing /home/ruslan/.local/lib/python3.10/site-packages/airflow/example_dags/example_display_name.py took 0.040 seconds
[2025-03-21T19:37:46.802+0500] {processor.py:186} INFO - Started process (PID=155586) to work on /home/ruslan/.local/lib/python3.10/site-packages/airflow/example_dags/example_display_name.py
[2025-03-21T19:37:46.804+0500] {processor.py:914} INFO - Processing file /home/ruslan/.local/lib/python3.10/site-packages/airflow/example_dags/example_display_name.py for tasks to queue
[2025-03-21T19:37:46.804+0500] {logging_mixin.py:190} INFO - [2025-03-21T19:37:46.804+0500] {dagbag.py:588} INFO - Filling up the DagBag from /home/ruslan/.local/lib/python3.10/site-packages/airflow/example_dags/example_display_name.py
[2025-03-21T19:37:46.810+0500] {processor.py:925} INFO - DAG(s) 'example_display_name' retrieved from /home/ruslan/.local/lib/python3.10/site-packages/airflow/example_dags/example_display_name.py
[2025-03-21T19:37:46.819+0500] {logging_mixin.py:190} INFO - [2025-03-21T19:37:46.819+0500] {dag.py:3239} INFO - Sync 1 DAGs
[2025-03-21T19:37:46.827+0500] {logging_mixin.py:190} INFO - [2025-03-21T19:37:46.827+0500] {dag.py:4180} INFO - Setting next_dagrun for example_display_name to None, run_after=None
[2025-03-21T19:37:46.842+0500] {processor.py:208} INFO - Processing /home/ruslan/.local/lib/python3.10/site-packages/airflow/example_dags/example_display_name.py took 0.044 seconds
[2025-03-21T19:38:40.832+0500] {processor.py:186} INFO - Started process (PID=156244) to work on /home/ruslan/.local/lib/python3.10/site-packages/airflow/example_dags/example_display_name.py
[2025-03-21T19:38:40.834+0500] {processor.py:914} INFO - Processing file /home/ruslan/.local/lib/python3.10/site-packages/airflow/example_dags/example_display_name.py for tasks to queue
[2025-03-21T19:38:40.835+0500] {logging_mixin.py:190} INFO - [2025-03-21T19:38:40.835+0500] {dagbag.py:588} INFO - Filling up the DagBag from /home/ruslan/.local/lib/python3.10/site-packages/airflow/example_dags/example_display_name.py
[2025-03-21T19:38:40.840+0500] {processor.py:925} INFO - DAG(s) 'example_display_name' retrieved from /home/ruslan/.local/lib/python3.10/site-packages/airflow/example_dags/example_display_name.py
[2025-03-21T19:38:40.849+0500] {logging_mixin.py:190} INFO - [2025-03-21T19:38:40.849+0500] {dag.py:3239} INFO - Sync 1 DAGs
[2025-03-21T19:38:40.856+0500] {logging_mixin.py:190} INFO - [2025-03-21T19:38:40.856+0500] {dag.py:4180} INFO - Setting next_dagrun for example_display_name to None, run_after=None
[2025-03-21T19:38:40.871+0500] {processor.py:208} INFO - Processing /home/ruslan/.local/lib/python3.10/site-packages/airflow/example_dags/example_display_name.py took 0.043 seconds
[2025-03-21T19:39:33.689+0500] {processor.py:186} INFO - Started process (PID=156682) to work on /home/ruslan/.local/lib/python3.10/site-packages/airflow/example_dags/example_display_name.py
[2025-03-21T19:39:33.690+0500] {processor.py:914} INFO - Processing file /home/ruslan/.local/lib/python3.10/site-packages/airflow/example_dags/example_display_name.py for tasks to queue
[2025-03-21T19:39:33.691+0500] {logging_mixin.py:190} INFO - [2025-03-21T19:39:33.691+0500] {dagbag.py:588} INFO - Filling up the DagBag from /home/ruslan/.local/lib/python3.10/site-packages/airflow/example_dags/example_display_name.py
[2025-03-21T19:39:33.695+0500] {processor.py:925} INFO - DAG(s) 'example_display_name' retrieved from /home/ruslan/.local/lib/python3.10/site-packages/airflow/example_dags/example_display_name.py
[2025-03-21T19:39:33.704+0500] {logging_mixin.py:190} INFO - [2025-03-21T19:39:33.704+0500] {dag.py:3239} INFO - Sync 1 DAGs
[2025-03-21T19:39:33.712+0500] {logging_mixin.py:190} INFO - [2025-03-21T19:39:33.712+0500] {dag.py:4180} INFO - Setting next_dagrun for example_display_name to None, run_after=None
[2025-03-21T19:39:33.728+0500] {processor.py:208} INFO - Processing /home/ruslan/.local/lib/python3.10/site-packages/airflow/example_dags/example_display_name.py took 0.043 seconds
[2025-03-21T19:40:24.997+0500] {processor.py:186} INFO - Started process (PID=157167) to work on /home/ruslan/.local/lib/python3.10/site-packages/airflow/example_dags/example_display_name.py
[2025-03-21T19:40:24.998+0500] {processor.py:914} INFO - Processing file /home/ruslan/.local/lib/python3.10/site-packages/airflow/example_dags/example_display_name.py for tasks to queue
[2025-03-21T19:40:24.999+0500] {logging_mixin.py:190} INFO - [2025-03-21T19:40:24.999+0500] {dagbag.py:588} INFO - Filling up the DagBag from /home/ruslan/.local/lib/python3.10/site-packages/airflow/example_dags/example_display_name.py
[2025-03-21T19:40:25.004+0500] {processor.py:925} INFO - DAG(s) 'example_display_name' retrieved from /home/ruslan/.local/lib/python3.10/site-packages/airflow/example_dags/example_display_name.py
[2025-03-21T19:40:25.013+0500] {logging_mixin.py:190} INFO - [2025-03-21T19:40:25.013+0500] {dag.py:3239} INFO - Sync 1 DAGs
[2025-03-21T19:40:25.021+0500] {logging_mixin.py:190} INFO - [2025-03-21T19:40:25.021+0500] {dag.py:4180} INFO - Setting next_dagrun for example_display_name to None, run_after=None
[2025-03-21T19:40:25.036+0500] {processor.py:208} INFO - Processing /home/ruslan/.local/lib/python3.10/site-packages/airflow/example_dags/example_display_name.py took 0.043 seconds
[2025-03-21T19:41:17.466+0500] {processor.py:186} INFO - Started process (PID=157438) to work on /home/ruslan/.local/lib/python3.10/site-packages/airflow/example_dags/example_display_name.py
[2025-03-21T19:41:17.467+0500] {processor.py:914} INFO - Processing file /home/ruslan/.local/lib/python3.10/site-packages/airflow/example_dags/example_display_name.py for tasks to queue
[2025-03-21T19:41:17.468+0500] {logging_mixin.py:190} INFO - [2025-03-21T19:41:17.468+0500] {dagbag.py:588} INFO - Filling up the DagBag from /home/ruslan/.local/lib/python3.10/site-packages/airflow/example_dags/example_display_name.py
[2025-03-21T19:41:17.474+0500] {processor.py:925} INFO - DAG(s) 'example_display_name' retrieved from /home/ruslan/.local/lib/python3.10/site-packages/airflow/example_dags/example_display_name.py
[2025-03-21T19:41:17.485+0500] {logging_mixin.py:190} INFO - [2025-03-21T19:41:17.485+0500] {dag.py:3239} INFO - Sync 1 DAGs
[2025-03-21T19:41:17.498+0500] {logging_mixin.py:190} INFO - [2025-03-21T19:41:17.498+0500] {dag.py:4180} INFO - Setting next_dagrun for example_display_name to None, run_after=None
[2025-03-21T19:41:17.516+0500] {processor.py:208} INFO - Processing /home/ruslan/.local/lib/python3.10/site-packages/airflow/example_dags/example_display_name.py took 0.055 seconds
[2025-03-21T19:42:10.261+0500] {processor.py:186} INFO - Started process (PID=158155) to work on /home/ruslan/.local/lib/python3.10/site-packages/airflow/example_dags/example_display_name.py
[2025-03-21T19:42:10.263+0500] {processor.py:914} INFO - Processing file /home/ruslan/.local/lib/python3.10/site-packages/airflow/example_dags/example_display_name.py for tasks to queue
[2025-03-21T19:42:10.263+0500] {logging_mixin.py:190} INFO - [2025-03-21T19:42:10.263+0500] {dagbag.py:588} INFO - Filling up the DagBag from /home/ruslan/.local/lib/python3.10/site-packages/airflow/example_dags/example_display_name.py
[2025-03-21T19:42:10.268+0500] {processor.py:925} INFO - DAG(s) 'example_display_name' retrieved from /home/ruslan/.local/lib/python3.10/site-packages/airflow/example_dags/example_display_name.py
[2025-03-21T19:42:10.276+0500] {logging_mixin.py:190} INFO - [2025-03-21T19:42:10.276+0500] {dag.py:3239} INFO - Sync 1 DAGs
[2025-03-21T19:42:10.284+0500] {logging_mixin.py:190} INFO - [2025-03-21T19:42:10.283+0500] {dag.py:4180} INFO - Setting next_dagrun for example_display_name to None, run_after=None
[2025-03-21T19:42:10.299+0500] {processor.py:208} INFO - Processing /home/ruslan/.local/lib/python3.10/site-packages/airflow/example_dags/example_display_name.py took 0.041 seconds
[2025-03-21T19:43:04.307+0500] {processor.py:186} INFO - Started process (PID=158676) to work on /home/ruslan/.local/lib/python3.10/site-packages/airflow/example_dags/example_display_name.py
[2025-03-21T19:43:04.308+0500] {processor.py:914} INFO - Processing file /home/ruslan/.local/lib/python3.10/site-packages/airflow/example_dags/example_display_name.py for tasks to queue
[2025-03-21T19:43:04.309+0500] {logging_mixin.py:190} INFO - [2025-03-21T19:43:04.309+0500] {dagbag.py:588} INFO - Filling up the DagBag from /home/ruslan/.local/lib/python3.10/site-packages/airflow/example_dags/example_display_name.py
[2025-03-21T19:43:04.314+0500] {processor.py:925} INFO - DAG(s) 'example_display_name' retrieved from /home/ruslan/.local/lib/python3.10/site-packages/airflow/example_dags/example_display_name.py
[2025-03-21T19:43:04.323+0500] {logging_mixin.py:190} INFO - [2025-03-21T19:43:04.323+0500] {dag.py:3239} INFO - Sync 1 DAGs
[2025-03-21T19:43:04.331+0500] {logging_mixin.py:190} INFO - [2025-03-21T19:43:04.330+0500] {dag.py:4180} INFO - Setting next_dagrun for example_display_name to None, run_after=None
[2025-03-21T19:43:04.345+0500] {processor.py:208} INFO - Processing /home/ruslan/.local/lib/python3.10/site-packages/airflow/example_dags/example_display_name.py took 0.042 seconds
[2025-03-21T19:44:01.469+0500] {processor.py:186} INFO - Started process (PID=159375) to work on /home/ruslan/.local/lib/python3.10/site-packages/airflow/example_dags/example_display_name.py
[2025-03-21T19:44:01.470+0500] {processor.py:914} INFO - Processing file /home/ruslan/.local/lib/python3.10/site-packages/airflow/example_dags/example_display_name.py for tasks to queue
[2025-03-21T19:44:01.471+0500] {logging_mixin.py:190} INFO - [2025-03-21T19:44:01.470+0500] {dagbag.py:588} INFO - Filling up the DagBag from /home/ruslan/.local/lib/python3.10/site-packages/airflow/example_dags/example_display_name.py
[2025-03-21T19:44:01.475+0500] {processor.py:925} INFO - DAG(s) 'example_display_name' retrieved from /home/ruslan/.local/lib/python3.10/site-packages/airflow/example_dags/example_display_name.py
[2025-03-21T19:44:01.484+0500] {logging_mixin.py:190} INFO - [2025-03-21T19:44:01.484+0500] {dag.py:3239} INFO - Sync 1 DAGs
[2025-03-21T19:44:01.491+0500] {logging_mixin.py:190} INFO - [2025-03-21T19:44:01.491+0500] {dag.py:4180} INFO - Setting next_dagrun for example_display_name to None, run_after=None
[2025-03-21T19:44:01.506+0500] {processor.py:208} INFO - Processing /home/ruslan/.local/lib/python3.10/site-packages/airflow/example_dags/example_display_name.py took 0.041 seconds
[2025-03-21T19:44:51.370+0500] {processor.py:186} INFO - Started process (PID=159960) to work on /home/ruslan/.local/lib/python3.10/site-packages/airflow/example_dags/example_display_name.py
[2025-03-21T19:44:51.371+0500] {processor.py:914} INFO - Processing file /home/ruslan/.local/lib/python3.10/site-packages/airflow/example_dags/example_display_name.py for tasks to queue
[2025-03-21T19:44:51.372+0500] {logging_mixin.py:190} INFO - [2025-03-21T19:44:51.371+0500] {dagbag.py:588} INFO - Filling up the DagBag from /home/ruslan/.local/lib/python3.10/site-packages/airflow/example_dags/example_display_name.py
[2025-03-21T19:44:51.376+0500] {processor.py:925} INFO - DAG(s) 'example_display_name' retrieved from /home/ruslan/.local/lib/python3.10/site-packages/airflow/example_dags/example_display_name.py
[2025-03-21T19:44:51.385+0500] {logging_mixin.py:190} INFO - [2025-03-21T19:44:51.385+0500] {dag.py:3239} INFO - Sync 1 DAGs
[2025-03-21T19:44:51.392+0500] {logging_mixin.py:190} INFO - [2025-03-21T19:44:51.392+0500] {dag.py:4180} INFO - Setting next_dagrun for example_display_name to None, run_after=None
[2025-03-21T19:44:51.407+0500] {processor.py:208} INFO - Processing /home/ruslan/.local/lib/python3.10/site-packages/airflow/example_dags/example_display_name.py took 0.041 seconds
[2025-03-21T19:45:44.219+0500] {processor.py:186} INFO - Started process (PID=160472) to work on /home/ruslan/.local/lib/python3.10/site-packages/airflow/example_dags/example_display_name.py
[2025-03-21T19:45:44.220+0500] {processor.py:914} INFO - Processing file /home/ruslan/.local/lib/python3.10/site-packages/airflow/example_dags/example_display_name.py for tasks to queue
[2025-03-21T19:45:44.221+0500] {logging_mixin.py:190} INFO - [2025-03-21T19:45:44.220+0500] {dagbag.py:588} INFO - Filling up the DagBag from /home/ruslan/.local/lib/python3.10/site-packages/airflow/example_dags/example_display_name.py
[2025-03-21T19:45:44.226+0500] {processor.py:925} INFO - DAG(s) 'example_display_name' retrieved from /home/ruslan/.local/lib/python3.10/site-packages/airflow/example_dags/example_display_name.py
[2025-03-21T19:45:44.235+0500] {logging_mixin.py:190} INFO - [2025-03-21T19:45:44.235+0500] {dag.py:3239} INFO - Sync 1 DAGs
[2025-03-21T19:45:44.244+0500] {logging_mixin.py:190} INFO - [2025-03-21T19:45:44.243+0500] {dag.py:4180} INFO - Setting next_dagrun for example_display_name to None, run_after=None
[2025-03-21T19:45:44.259+0500] {processor.py:208} INFO - Processing /home/ruslan/.local/lib/python3.10/site-packages/airflow/example_dags/example_display_name.py took 0.044 seconds
[2025-03-21T19:46:38.251+0500] {processor.py:186} INFO - Started process (PID=161112) to work on /home/ruslan/.local/lib/python3.10/site-packages/airflow/example_dags/example_display_name.py
[2025-03-21T19:46:38.253+0500] {processor.py:914} INFO - Processing file /home/ruslan/.local/lib/python3.10/site-packages/airflow/example_dags/example_display_name.py for tasks to queue
[2025-03-21T19:46:38.254+0500] {logging_mixin.py:190} INFO - [2025-03-21T19:46:38.254+0500] {dagbag.py:588} INFO - Filling up the DagBag from /home/ruslan/.local/lib/python3.10/site-packages/airflow/example_dags/example_display_name.py
[2025-03-21T19:46:38.260+0500] {processor.py:925} INFO - DAG(s) 'example_display_name' retrieved from /home/ruslan/.local/lib/python3.10/site-packages/airflow/example_dags/example_display_name.py
[2025-03-21T19:46:38.271+0500] {logging_mixin.py:190} INFO - [2025-03-21T19:46:38.270+0500] {dag.py:3239} INFO - Sync 1 DAGs
[2025-03-21T19:46:38.278+0500] {logging_mixin.py:190} INFO - [2025-03-21T19:46:38.278+0500] {dag.py:4180} INFO - Setting next_dagrun for example_display_name to None, run_after=None
[2025-03-21T19:46:38.296+0500] {processor.py:208} INFO - Processing /home/ruslan/.local/lib/python3.10/site-packages/airflow/example_dags/example_display_name.py took 0.048 seconds
