[2025-03-21T19:27:26.459+0500] {processor.py:186} INFO - Started process (PID=140986) to work on /home/ruslan/.local/lib/python3.10/site-packages/airflow/example_dags/example_trigger_target_dag.py
[2025-03-21T19:27:26.460+0500] {processor.py:914} INFO - Processing file /home/ruslan/.local/lib/python3.10/site-packages/airflow/example_dags/example_trigger_target_dag.py for tasks to queue
[2025-03-21T19:27:26.461+0500] {logging_mixin.py:190} INFO - [2025-03-21T19:27:26.461+0500] {dagbag.py:588} INFO - Filling up the DagBag from /home/ruslan/.local/lib/python3.10/site-packages/airflow/example_dags/example_trigger_target_dag.py
[2025-03-21T19:27:26.466+0500] {processor.py:925} INFO - DAG(s) 'example_trigger_target_dag' retrieved from /home/ruslan/.local/lib/python3.10/site-packages/airflow/example_dags/example_trigger_target_dag.py
[2025-03-21T19:27:26.526+0500] {logging_mixin.py:190} INFO - [2025-03-21T19:27:26.525+0500] {override.py:1930} INFO - Created Permission View: can edit on DAG:example_trigger_target_dag
[2025-03-21T19:27:26.534+0500] {logging_mixin.py:190} INFO - [2025-03-21T19:27:26.534+0500] {override.py:1930} INFO - Created Permission View: can read on DAG:example_trigger_target_dag
[2025-03-21T19:27:26.541+0500] {logging_mixin.py:190} INFO - [2025-03-21T19:27:26.541+0500] {override.py:1930} INFO - Created Permission View: can delete on DAG:example_trigger_target_dag
[2025-03-21T19:27:26.553+0500] {logging_mixin.py:190} INFO - [2025-03-21T19:27:26.553+0500] {override.py:1930} INFO - Created Permission View: can create on DAG Run:example_trigger_target_dag
[2025-03-21T19:27:26.560+0500] {logging_mixin.py:190} INFO - [2025-03-21T19:27:26.559+0500] {override.py:1930} INFO - Created Permission View: can read on DAG Run:example_trigger_target_dag
[2025-03-21T19:27:26.566+0500] {logging_mixin.py:190} INFO - [2025-03-21T19:27:26.566+0500] {override.py:1930} INFO - Created Permission View: can delete on DAG Run:example_trigger_target_dag
[2025-03-21T19:27:26.573+0500] {logging_mixin.py:190} INFO - [2025-03-21T19:27:26.573+0500] {override.py:1930} INFO - Created Permission View: menu access on DAG Run:example_trigger_target_dag
[2025-03-21T19:27:26.573+0500] {logging_mixin.py:190} INFO - [2025-03-21T19:27:26.573+0500] {dag.py:3239} INFO - Sync 1 DAGs
[2025-03-21T19:27:26.580+0500] {logging_mixin.py:190} INFO - [2025-03-21T19:27:26.580+0500] {dag.py:3262} INFO - Creating ORM DAG for example_trigger_target_dag
[2025-03-21T19:27:26.580+0500] {logging_mixin.py:190} INFO - [2025-03-21T19:27:26.580+0500] {dag.py:4180} INFO - Setting next_dagrun for example_trigger_target_dag to None, run_after=None
[2025-03-21T19:27:26.592+0500] {processor.py:208} INFO - Processing /home/ruslan/.local/lib/python3.10/site-packages/airflow/example_dags/example_trigger_target_dag.py took 0.136 seconds
[2025-03-21T19:28:23.622+0500] {processor.py:186} INFO - Started process (PID=141283) to work on /home/ruslan/.local/lib/python3.10/site-packages/airflow/example_dags/example_trigger_target_dag.py
[2025-03-21T19:28:23.623+0500] {processor.py:914} INFO - Processing file /home/ruslan/.local/lib/python3.10/site-packages/airflow/example_dags/example_trigger_target_dag.py for tasks to queue
[2025-03-21T19:28:23.625+0500] {logging_mixin.py:190} INFO - [2025-03-21T19:28:23.624+0500] {dagbag.py:588} INFO - Filling up the DagBag from /home/ruslan/.local/lib/python3.10/site-packages/airflow/example_dags/example_trigger_target_dag.py
[2025-03-21T19:28:23.630+0500] {processor.py:925} INFO - DAG(s) 'example_trigger_target_dag' retrieved from /home/ruslan/.local/lib/python3.10/site-packages/airflow/example_dags/example_trigger_target_dag.py
[2025-03-21T19:28:23.638+0500] {logging_mixin.py:190} INFO - [2025-03-21T19:28:23.638+0500] {dag.py:3239} INFO - Sync 1 DAGs
[2025-03-21T19:28:23.645+0500] {logging_mixin.py:190} INFO - [2025-03-21T19:28:23.645+0500] {dag.py:4180} INFO - Setting next_dagrun for example_trigger_target_dag to None, run_after=None
[2025-03-21T19:28:23.660+0500] {processor.py:208} INFO - Processing /home/ruslan/.local/lib/python3.10/site-packages/airflow/example_dags/example_trigger_target_dag.py took 0.041 seconds
[2025-03-21T19:29:17.172+0500] {processor.py:186} INFO - Started process (PID=141567) to work on /home/ruslan/.local/lib/python3.10/site-packages/airflow/example_dags/example_trigger_target_dag.py
[2025-03-21T19:29:17.173+0500] {processor.py:914} INFO - Processing file /home/ruslan/.local/lib/python3.10/site-packages/airflow/example_dags/example_trigger_target_dag.py for tasks to queue
[2025-03-21T19:29:17.175+0500] {logging_mixin.py:190} INFO - [2025-03-21T19:29:17.175+0500] {dagbag.py:588} INFO - Filling up the DagBag from /home/ruslan/.local/lib/python3.10/site-packages/airflow/example_dags/example_trigger_target_dag.py
[2025-03-21T19:29:17.180+0500] {processor.py:925} INFO - DAG(s) 'example_trigger_target_dag' retrieved from /home/ruslan/.local/lib/python3.10/site-packages/airflow/example_dags/example_trigger_target_dag.py
[2025-03-21T19:29:17.188+0500] {logging_mixin.py:190} INFO - [2025-03-21T19:29:17.188+0500] {dag.py:3239} INFO - Sync 1 DAGs
[2025-03-21T19:29:17.195+0500] {logging_mixin.py:190} INFO - [2025-03-21T19:29:17.195+0500] {dag.py:4180} INFO - Setting next_dagrun for example_trigger_target_dag to None, run_after=None
[2025-03-21T19:29:17.210+0500] {processor.py:208} INFO - Processing /home/ruslan/.local/lib/python3.10/site-packages/airflow/example_dags/example_trigger_target_dag.py took 0.041 seconds
[2025-03-21T19:30:08.587+0500] {processor.py:186} INFO - Started process (PID=141824) to work on /home/ruslan/.local/lib/python3.10/site-packages/airflow/example_dags/example_trigger_target_dag.py
[2025-03-21T19:30:08.589+0500] {processor.py:914} INFO - Processing file /home/ruslan/.local/lib/python3.10/site-packages/airflow/example_dags/example_trigger_target_dag.py for tasks to queue
[2025-03-21T19:30:08.590+0500] {logging_mixin.py:190} INFO - [2025-03-21T19:30:08.590+0500] {dagbag.py:588} INFO - Filling up the DagBag from /home/ruslan/.local/lib/python3.10/site-packages/airflow/example_dags/example_trigger_target_dag.py
[2025-03-21T19:30:08.595+0500] {processor.py:925} INFO - DAG(s) 'example_trigger_target_dag' retrieved from /home/ruslan/.local/lib/python3.10/site-packages/airflow/example_dags/example_trigger_target_dag.py
[2025-03-21T19:30:08.603+0500] {logging_mixin.py:190} INFO - [2025-03-21T19:30:08.603+0500] {dag.py:3239} INFO - Sync 1 DAGs
[2025-03-21T19:30:08.610+0500] {logging_mixin.py:190} INFO - [2025-03-21T19:30:08.610+0500] {dag.py:4180} INFO - Setting next_dagrun for example_trigger_target_dag to None, run_after=None
[2025-03-21T19:30:08.625+0500] {processor.py:208} INFO - Processing /home/ruslan/.local/lib/python3.10/site-packages/airflow/example_dags/example_trigger_target_dag.py took 0.041 seconds
[2025-03-21T19:31:02.703+0500] {processor.py:186} INFO - Started process (PID=142093) to work on /home/ruslan/.local/lib/python3.10/site-packages/airflow/example_dags/example_trigger_target_dag.py
[2025-03-21T19:31:02.704+0500] {processor.py:914} INFO - Processing file /home/ruslan/.local/lib/python3.10/site-packages/airflow/example_dags/example_trigger_target_dag.py for tasks to queue
[2025-03-21T19:31:02.705+0500] {logging_mixin.py:190} INFO - [2025-03-21T19:31:02.705+0500] {dagbag.py:588} INFO - Filling up the DagBag from /home/ruslan/.local/lib/python3.10/site-packages/airflow/example_dags/example_trigger_target_dag.py
[2025-03-21T19:31:02.710+0500] {processor.py:925} INFO - DAG(s) 'example_trigger_target_dag' retrieved from /home/ruslan/.local/lib/python3.10/site-packages/airflow/example_dags/example_trigger_target_dag.py
[2025-03-21T19:31:02.718+0500] {logging_mixin.py:190} INFO - [2025-03-21T19:31:02.718+0500] {dag.py:3239} INFO - Sync 1 DAGs
[2025-03-21T19:31:02.726+0500] {logging_mixin.py:190} INFO - [2025-03-21T19:31:02.725+0500] {dag.py:4180} INFO - Setting next_dagrun for example_trigger_target_dag to None, run_after=None
[2025-03-21T19:31:02.740+0500] {processor.py:208} INFO - Processing /home/ruslan/.local/lib/python3.10/site-packages/airflow/example_dags/example_trigger_target_dag.py took 0.041 seconds
[2025-03-21T19:31:52.327+0500] {processor.py:186} INFO - Started process (PID=142341) to work on /home/ruslan/.local/lib/python3.10/site-packages/airflow/example_dags/example_trigger_target_dag.py
[2025-03-21T19:31:52.328+0500] {processor.py:914} INFO - Processing file /home/ruslan/.local/lib/python3.10/site-packages/airflow/example_dags/example_trigger_target_dag.py for tasks to queue
[2025-03-21T19:31:52.329+0500] {logging_mixin.py:190} INFO - [2025-03-21T19:31:52.329+0500] {dagbag.py:588} INFO - Filling up the DagBag from /home/ruslan/.local/lib/python3.10/site-packages/airflow/example_dags/example_trigger_target_dag.py
[2025-03-21T19:31:52.334+0500] {processor.py:925} INFO - DAG(s) 'example_trigger_target_dag' retrieved from /home/ruslan/.local/lib/python3.10/site-packages/airflow/example_dags/example_trigger_target_dag.py
[2025-03-21T19:31:52.343+0500] {logging_mixin.py:190} INFO - [2025-03-21T19:31:52.343+0500] {dag.py:3239} INFO - Sync 1 DAGs
[2025-03-21T19:31:52.351+0500] {logging_mixin.py:190} INFO - [2025-03-21T19:31:52.351+0500] {dag.py:4180} INFO - Setting next_dagrun for example_trigger_target_dag to None, run_after=None
[2025-03-21T19:31:52.367+0500] {processor.py:208} INFO - Processing /home/ruslan/.local/lib/python3.10/site-packages/airflow/example_dags/example_trigger_target_dag.py took 0.045 seconds
[2025-03-21T19:32:42.354+0500] {processor.py:186} INFO - Started process (PID=149782) to work on /home/ruslan/.local/lib/python3.10/site-packages/airflow/example_dags/example_trigger_target_dag.py
[2025-03-21T19:32:42.355+0500] {processor.py:914} INFO - Processing file /home/ruslan/.local/lib/python3.10/site-packages/airflow/example_dags/example_trigger_target_dag.py for tasks to queue
[2025-03-21T19:32:42.357+0500] {logging_mixin.py:190} INFO - [2025-03-21T19:32:42.357+0500] {dagbag.py:588} INFO - Filling up the DagBag from /home/ruslan/.local/lib/python3.10/site-packages/airflow/example_dags/example_trigger_target_dag.py
[2025-03-21T19:32:42.364+0500] {processor.py:925} INFO - DAG(s) 'example_trigger_target_dag' retrieved from /home/ruslan/.local/lib/python3.10/site-packages/airflow/example_dags/example_trigger_target_dag.py
[2025-03-21T19:32:42.378+0500] {logging_mixin.py:190} INFO - [2025-03-21T19:32:42.378+0500] {dag.py:3239} INFO - Sync 1 DAGs
[2025-03-21T19:32:42.389+0500] {logging_mixin.py:190} INFO - [2025-03-21T19:32:42.389+0500] {dag.py:4180} INFO - Setting next_dagrun for example_trigger_target_dag to None, run_after=None
[2025-03-21T19:32:42.412+0500] {processor.py:208} INFO - Processing /home/ruslan/.local/lib/python3.10/site-packages/airflow/example_dags/example_trigger_target_dag.py took 0.064 seconds
[2025-03-21T19:33:33.649+0500] {processor.py:186} INFO - Started process (PID=153920) to work on /home/ruslan/.local/lib/python3.10/site-packages/airflow/example_dags/example_trigger_target_dag.py
[2025-03-21T19:33:33.650+0500] {processor.py:914} INFO - Processing file /home/ruslan/.local/lib/python3.10/site-packages/airflow/example_dags/example_trigger_target_dag.py for tasks to queue
[2025-03-21T19:33:33.651+0500] {logging_mixin.py:190} INFO - [2025-03-21T19:33:33.651+0500] {dagbag.py:588} INFO - Filling up the DagBag from /home/ruslan/.local/lib/python3.10/site-packages/airflow/example_dags/example_trigger_target_dag.py
[2025-03-21T19:33:33.656+0500] {processor.py:925} INFO - DAG(s) 'example_trigger_target_dag' retrieved from /home/ruslan/.local/lib/python3.10/site-packages/airflow/example_dags/example_trigger_target_dag.py
[2025-03-21T19:33:33.664+0500] {logging_mixin.py:190} INFO - [2025-03-21T19:33:33.664+0500] {dag.py:3239} INFO - Sync 1 DAGs
[2025-03-21T19:33:33.671+0500] {logging_mixin.py:190} INFO - [2025-03-21T19:33:33.670+0500] {dag.py:4180} INFO - Setting next_dagrun for example_trigger_target_dag to None, run_after=None
[2025-03-21T19:33:33.686+0500] {processor.py:208} INFO - Processing /home/ruslan/.local/lib/python3.10/site-packages/airflow/example_dags/example_trigger_target_dag.py took 0.040 seconds
[2025-03-21T19:34:26.847+0500] {processor.py:186} INFO - Started process (PID=154283) to work on /home/ruslan/.local/lib/python3.10/site-packages/airflow/example_dags/example_trigger_target_dag.py
[2025-03-21T19:34:26.848+0500] {processor.py:914} INFO - Processing file /home/ruslan/.local/lib/python3.10/site-packages/airflow/example_dags/example_trigger_target_dag.py for tasks to queue
[2025-03-21T19:34:26.850+0500] {logging_mixin.py:190} INFO - [2025-03-21T19:34:26.849+0500] {dagbag.py:588} INFO - Filling up the DagBag from /home/ruslan/.local/lib/python3.10/site-packages/airflow/example_dags/example_trigger_target_dag.py
[2025-03-21T19:34:26.855+0500] {processor.py:925} INFO - DAG(s) 'example_trigger_target_dag' retrieved from /home/ruslan/.local/lib/python3.10/site-packages/airflow/example_dags/example_trigger_target_dag.py
[2025-03-21T19:34:26.864+0500] {logging_mixin.py:190} INFO - [2025-03-21T19:34:26.863+0500] {dag.py:3239} INFO - Sync 1 DAGs
[2025-03-21T19:34:26.871+0500] {logging_mixin.py:190} INFO - [2025-03-21T19:34:26.871+0500] {dag.py:4180} INFO - Setting next_dagrun for example_trigger_target_dag to None, run_after=None
[2025-03-21T19:34:26.886+0500] {processor.py:208} INFO - Processing /home/ruslan/.local/lib/python3.10/site-packages/airflow/example_dags/example_trigger_target_dag.py took 0.043 seconds
[2025-03-21T19:35:18.170+0500] {processor.py:186} INFO - Started process (PID=154580) to work on /home/ruslan/.local/lib/python3.10/site-packages/airflow/example_dags/example_trigger_target_dag.py
[2025-03-21T19:35:18.171+0500] {processor.py:914} INFO - Processing file /home/ruslan/.local/lib/python3.10/site-packages/airflow/example_dags/example_trigger_target_dag.py for tasks to queue
[2025-03-21T19:35:18.173+0500] {logging_mixin.py:190} INFO - [2025-03-21T19:35:18.173+0500] {dagbag.py:588} INFO - Filling up the DagBag from /home/ruslan/.local/lib/python3.10/site-packages/airflow/example_dags/example_trigger_target_dag.py
[2025-03-21T19:35:18.178+0500] {processor.py:925} INFO - DAG(s) 'example_trigger_target_dag' retrieved from /home/ruslan/.local/lib/python3.10/site-packages/airflow/example_dags/example_trigger_target_dag.py
[2025-03-21T19:35:18.187+0500] {logging_mixin.py:190} INFO - [2025-03-21T19:35:18.186+0500] {dag.py:3239} INFO - Sync 1 DAGs
[2025-03-21T19:35:18.194+0500] {logging_mixin.py:190} INFO - [2025-03-21T19:35:18.193+0500] {dag.py:4180} INFO - Setting next_dagrun for example_trigger_target_dag to None, run_after=None
[2025-03-21T19:35:18.209+0500] {processor.py:208} INFO - Processing /home/ruslan/.local/lib/python3.10/site-packages/airflow/example_dags/example_trigger_target_dag.py took 0.043 seconds
[2025-03-21T19:36:09.490+0500] {processor.py:186} INFO - Started process (PID=154837) to work on /home/ruslan/.local/lib/python3.10/site-packages/airflow/example_dags/example_trigger_target_dag.py
[2025-03-21T19:36:09.491+0500] {processor.py:914} INFO - Processing file /home/ruslan/.local/lib/python3.10/site-packages/airflow/example_dags/example_trigger_target_dag.py for tasks to queue
[2025-03-21T19:36:09.492+0500] {logging_mixin.py:190} INFO - [2025-03-21T19:36:09.492+0500] {dagbag.py:588} INFO - Filling up the DagBag from /home/ruslan/.local/lib/python3.10/site-packages/airflow/example_dags/example_trigger_target_dag.py
[2025-03-21T19:36:09.497+0500] {processor.py:925} INFO - DAG(s) 'example_trigger_target_dag' retrieved from /home/ruslan/.local/lib/python3.10/site-packages/airflow/example_dags/example_trigger_target_dag.py
[2025-03-21T19:36:09.506+0500] {logging_mixin.py:190} INFO - [2025-03-21T19:36:09.506+0500] {dag.py:3239} INFO - Sync 1 DAGs
[2025-03-21T19:36:09.513+0500] {logging_mixin.py:190} INFO - [2025-03-21T19:36:09.513+0500] {dag.py:4180} INFO - Setting next_dagrun for example_trigger_target_dag to None, run_after=None
[2025-03-21T19:36:09.529+0500] {processor.py:208} INFO - Processing /home/ruslan/.local/lib/python3.10/site-packages/airflow/example_dags/example_trigger_target_dag.py took 0.043 seconds
[2025-03-21T19:37:00.866+0500] {processor.py:186} INFO - Started process (PID=155320) to work on /home/ruslan/.local/lib/python3.10/site-packages/airflow/example_dags/example_trigger_target_dag.py
[2025-03-21T19:37:00.867+0500] {processor.py:914} INFO - Processing file /home/ruslan/.local/lib/python3.10/site-packages/airflow/example_dags/example_trigger_target_dag.py for tasks to queue
[2025-03-21T19:37:00.868+0500] {logging_mixin.py:190} INFO - [2025-03-21T19:37:00.868+0500] {dagbag.py:588} INFO - Filling up the DagBag from /home/ruslan/.local/lib/python3.10/site-packages/airflow/example_dags/example_trigger_target_dag.py
[2025-03-21T19:37:00.873+0500] {processor.py:925} INFO - DAG(s) 'example_trigger_target_dag' retrieved from /home/ruslan/.local/lib/python3.10/site-packages/airflow/example_dags/example_trigger_target_dag.py
[2025-03-21T19:37:00.881+0500] {logging_mixin.py:190} INFO - [2025-03-21T19:37:00.881+0500] {dag.py:3239} INFO - Sync 1 DAGs
[2025-03-21T19:37:00.887+0500] {logging_mixin.py:190} INFO - [2025-03-21T19:37:00.887+0500] {dag.py:4180} INFO - Setting next_dagrun for example_trigger_target_dag to None, run_after=None
[2025-03-21T19:37:00.903+0500] {processor.py:208} INFO - Processing /home/ruslan/.local/lib/python3.10/site-packages/airflow/example_dags/example_trigger_target_dag.py took 0.041 seconds
[2025-03-21T19:37:52.141+0500] {processor.py:186} INFO - Started process (PID=155828) to work on /home/ruslan/.local/lib/python3.10/site-packages/airflow/example_dags/example_trigger_target_dag.py
[2025-03-21T19:37:52.142+0500] {processor.py:914} INFO - Processing file /home/ruslan/.local/lib/python3.10/site-packages/airflow/example_dags/example_trigger_target_dag.py for tasks to queue
[2025-03-21T19:37:52.143+0500] {logging_mixin.py:190} INFO - [2025-03-21T19:37:52.143+0500] {dagbag.py:588} INFO - Filling up the DagBag from /home/ruslan/.local/lib/python3.10/site-packages/airflow/example_dags/example_trigger_target_dag.py
[2025-03-21T19:37:52.148+0500] {processor.py:925} INFO - DAG(s) 'example_trigger_target_dag' retrieved from /home/ruslan/.local/lib/python3.10/site-packages/airflow/example_dags/example_trigger_target_dag.py
[2025-03-21T19:37:52.158+0500] {logging_mixin.py:190} INFO - [2025-03-21T19:37:52.157+0500] {dag.py:3239} INFO - Sync 1 DAGs
[2025-03-21T19:37:52.165+0500] {logging_mixin.py:190} INFO - [2025-03-21T19:37:52.165+0500] {dag.py:4180} INFO - Setting next_dagrun for example_trigger_target_dag to None, run_after=None
[2025-03-21T19:37:52.181+0500] {processor.py:208} INFO - Processing /home/ruslan/.local/lib/python3.10/site-packages/airflow/example_dags/example_trigger_target_dag.py took 0.044 seconds
[2025-03-21T19:38:45.208+0500] {processor.py:186} INFO - Started process (PID=156269) to work on /home/ruslan/.local/lib/python3.10/site-packages/airflow/example_dags/example_trigger_target_dag.py
[2025-03-21T19:38:45.209+0500] {processor.py:914} INFO - Processing file /home/ruslan/.local/lib/python3.10/site-packages/airflow/example_dags/example_trigger_target_dag.py for tasks to queue
[2025-03-21T19:38:45.210+0500] {logging_mixin.py:190} INFO - [2025-03-21T19:38:45.209+0500] {dagbag.py:588} INFO - Filling up the DagBag from /home/ruslan/.local/lib/python3.10/site-packages/airflow/example_dags/example_trigger_target_dag.py
[2025-03-21T19:38:45.215+0500] {processor.py:925} INFO - DAG(s) 'example_trigger_target_dag' retrieved from /home/ruslan/.local/lib/python3.10/site-packages/airflow/example_dags/example_trigger_target_dag.py
[2025-03-21T19:38:45.224+0500] {logging_mixin.py:190} INFO - [2025-03-21T19:38:45.223+0500] {dag.py:3239} INFO - Sync 1 DAGs
[2025-03-21T19:38:45.231+0500] {logging_mixin.py:190} INFO - [2025-03-21T19:38:45.231+0500] {dag.py:4180} INFO - Setting next_dagrun for example_trigger_target_dag to None, run_after=None
[2025-03-21T19:38:45.246+0500] {processor.py:208} INFO - Processing /home/ruslan/.local/lib/python3.10/site-packages/airflow/example_dags/example_trigger_target_dag.py took 0.042 seconds
[2025-03-21T19:39:38.828+0500] {processor.py:186} INFO - Started process (PID=156707) to work on /home/ruslan/.local/lib/python3.10/site-packages/airflow/example_dags/example_trigger_target_dag.py
[2025-03-21T19:39:38.829+0500] {processor.py:914} INFO - Processing file /home/ruslan/.local/lib/python3.10/site-packages/airflow/example_dags/example_trigger_target_dag.py for tasks to queue
[2025-03-21T19:39:38.829+0500] {logging_mixin.py:190} INFO - [2025-03-21T19:39:38.829+0500] {dagbag.py:588} INFO - Filling up the DagBag from /home/ruslan/.local/lib/python3.10/site-packages/airflow/example_dags/example_trigger_target_dag.py
[2025-03-21T19:39:38.836+0500] {processor.py:925} INFO - DAG(s) 'example_trigger_target_dag' retrieved from /home/ruslan/.local/lib/python3.10/site-packages/airflow/example_dags/example_trigger_target_dag.py
[2025-03-21T19:39:38.845+0500] {logging_mixin.py:190} INFO - [2025-03-21T19:39:38.845+0500] {dag.py:3239} INFO - Sync 1 DAGs
[2025-03-21T19:39:38.853+0500] {logging_mixin.py:190} INFO - [2025-03-21T19:39:38.853+0500] {dag.py:4180} INFO - Setting next_dagrun for example_trigger_target_dag to None, run_after=None
[2025-03-21T19:39:38.868+0500] {processor.py:208} INFO - Processing /home/ruslan/.local/lib/python3.10/site-packages/airflow/example_dags/example_trigger_target_dag.py took 0.045 seconds
[2025-03-21T19:40:29.842+0500] {processor.py:186} INFO - Started process (PID=157191) to work on /home/ruslan/.local/lib/python3.10/site-packages/airflow/example_dags/example_trigger_target_dag.py
[2025-03-21T19:40:29.843+0500] {processor.py:914} INFO - Processing file /home/ruslan/.local/lib/python3.10/site-packages/airflow/example_dags/example_trigger_target_dag.py for tasks to queue
[2025-03-21T19:40:29.844+0500] {logging_mixin.py:190} INFO - [2025-03-21T19:40:29.843+0500] {dagbag.py:588} INFO - Filling up the DagBag from /home/ruslan/.local/lib/python3.10/site-packages/airflow/example_dags/example_trigger_target_dag.py
[2025-03-21T19:40:29.849+0500] {processor.py:925} INFO - DAG(s) 'example_trigger_target_dag' retrieved from /home/ruslan/.local/lib/python3.10/site-packages/airflow/example_dags/example_trigger_target_dag.py
[2025-03-21T19:40:29.858+0500] {logging_mixin.py:190} INFO - [2025-03-21T19:40:29.857+0500] {dag.py:3239} INFO - Sync 1 DAGs
[2025-03-21T19:40:29.866+0500] {logging_mixin.py:190} INFO - [2025-03-21T19:40:29.866+0500] {dag.py:4180} INFO - Setting next_dagrun for example_trigger_target_dag to None, run_after=None
[2025-03-21T19:40:29.882+0500] {processor.py:208} INFO - Processing /home/ruslan/.local/lib/python3.10/site-packages/airflow/example_dags/example_trigger_target_dag.py took 0.043 seconds
[2025-03-21T19:41:22.605+0500] {processor.py:186} INFO - Started process (PID=157677) to work on /home/ruslan/.local/lib/python3.10/site-packages/airflow/example_dags/example_trigger_target_dag.py
[2025-03-21T19:41:22.606+0500] {processor.py:914} INFO - Processing file /home/ruslan/.local/lib/python3.10/site-packages/airflow/example_dags/example_trigger_target_dag.py for tasks to queue
[2025-03-21T19:41:22.607+0500] {logging_mixin.py:190} INFO - [2025-03-21T19:41:22.607+0500] {dagbag.py:588} INFO - Filling up the DagBag from /home/ruslan/.local/lib/python3.10/site-packages/airflow/example_dags/example_trigger_target_dag.py
[2025-03-21T19:41:22.612+0500] {processor.py:925} INFO - DAG(s) 'example_trigger_target_dag' retrieved from /home/ruslan/.local/lib/python3.10/site-packages/airflow/example_dags/example_trigger_target_dag.py
[2025-03-21T19:41:22.622+0500] {logging_mixin.py:190} INFO - [2025-03-21T19:41:22.622+0500] {dag.py:3239} INFO - Sync 1 DAGs
[2025-03-21T19:41:22.630+0500] {logging_mixin.py:190} INFO - [2025-03-21T19:41:22.630+0500] {dag.py:4180} INFO - Setting next_dagrun for example_trigger_target_dag to None, run_after=None
[2025-03-21T19:41:22.649+0500] {processor.py:208} INFO - Processing /home/ruslan/.local/lib/python3.10/site-packages/airflow/example_dags/example_trigger_target_dag.py took 0.048 seconds
[2025-03-21T19:42:15.030+0500] {processor.py:186} INFO - Started process (PID=158179) to work on /home/ruslan/.local/lib/python3.10/site-packages/airflow/example_dags/example_trigger_target_dag.py
[2025-03-21T19:42:15.031+0500] {processor.py:914} INFO - Processing file /home/ruslan/.local/lib/python3.10/site-packages/airflow/example_dags/example_trigger_target_dag.py for tasks to queue
[2025-03-21T19:42:15.032+0500] {logging_mixin.py:190} INFO - [2025-03-21T19:42:15.032+0500] {dagbag.py:588} INFO - Filling up the DagBag from /home/ruslan/.local/lib/python3.10/site-packages/airflow/example_dags/example_trigger_target_dag.py
[2025-03-21T19:42:15.037+0500] {processor.py:925} INFO - DAG(s) 'example_trigger_target_dag' retrieved from /home/ruslan/.local/lib/python3.10/site-packages/airflow/example_dags/example_trigger_target_dag.py
[2025-03-21T19:42:15.045+0500] {logging_mixin.py:190} INFO - [2025-03-21T19:42:15.045+0500] {dag.py:3239} INFO - Sync 1 DAGs
[2025-03-21T19:42:15.052+0500] {logging_mixin.py:190} INFO - [2025-03-21T19:42:15.052+0500] {dag.py:4180} INFO - Setting next_dagrun for example_trigger_target_dag to None, run_after=None
[2025-03-21T19:42:15.066+0500] {processor.py:208} INFO - Processing /home/ruslan/.local/lib/python3.10/site-packages/airflow/example_dags/example_trigger_target_dag.py took 0.040 seconds
[2025-03-21T19:43:09.328+0500] {processor.py:186} INFO - Started process (PID=158830) to work on /home/ruslan/.local/lib/python3.10/site-packages/airflow/example_dags/example_trigger_target_dag.py
[2025-03-21T19:43:09.329+0500] {processor.py:914} INFO - Processing file /home/ruslan/.local/lib/python3.10/site-packages/airflow/example_dags/example_trigger_target_dag.py for tasks to queue
[2025-03-21T19:43:09.330+0500] {logging_mixin.py:190} INFO - [2025-03-21T19:43:09.329+0500] {dagbag.py:588} INFO - Filling up the DagBag from /home/ruslan/.local/lib/python3.10/site-packages/airflow/example_dags/example_trigger_target_dag.py
[2025-03-21T19:43:09.336+0500] {processor.py:925} INFO - DAG(s) 'example_trigger_target_dag' retrieved from /home/ruslan/.local/lib/python3.10/site-packages/airflow/example_dags/example_trigger_target_dag.py
[2025-03-21T19:43:09.345+0500] {logging_mixin.py:190} INFO - [2025-03-21T19:43:09.344+0500] {dag.py:3239} INFO - Sync 1 DAGs
[2025-03-21T19:43:09.352+0500] {logging_mixin.py:190} INFO - [2025-03-21T19:43:09.352+0500] {dag.py:4180} INFO - Setting next_dagrun for example_trigger_target_dag to None, run_after=None
[2025-03-21T19:43:09.366+0500] {processor.py:208} INFO - Processing /home/ruslan/.local/lib/python3.10/site-packages/airflow/example_dags/example_trigger_target_dag.py took 0.043 seconds
[2025-03-21T19:44:05.574+0500] {processor.py:186} INFO - Started process (PID=159473) to work on /home/ruslan/.local/lib/python3.10/site-packages/airflow/example_dags/example_trigger_target_dag.py
[2025-03-21T19:44:05.575+0500] {processor.py:914} INFO - Processing file /home/ruslan/.local/lib/python3.10/site-packages/airflow/example_dags/example_trigger_target_dag.py for tasks to queue
[2025-03-21T19:44:05.576+0500] {logging_mixin.py:190} INFO - [2025-03-21T19:44:05.575+0500] {dagbag.py:588} INFO - Filling up the DagBag from /home/ruslan/.local/lib/python3.10/site-packages/airflow/example_dags/example_trigger_target_dag.py
[2025-03-21T19:44:05.581+0500] {processor.py:925} INFO - DAG(s) 'example_trigger_target_dag' retrieved from /home/ruslan/.local/lib/python3.10/site-packages/airflow/example_dags/example_trigger_target_dag.py
[2025-03-21T19:44:05.591+0500] {logging_mixin.py:190} INFO - [2025-03-21T19:44:05.591+0500] {dag.py:3239} INFO - Sync 1 DAGs
[2025-03-21T19:44:05.599+0500] {logging_mixin.py:190} INFO - [2025-03-21T19:44:05.599+0500] {dag.py:4180} INFO - Setting next_dagrun for example_trigger_target_dag to None, run_after=None
[2025-03-21T19:44:05.617+0500] {processor.py:208} INFO - Processing /home/ruslan/.local/lib/python3.10/site-packages/airflow/example_dags/example_trigger_target_dag.py took 0.047 seconds
[2025-03-21T19:44:55.893+0500] {processor.py:186} INFO - Started process (PID=159982) to work on /home/ruslan/.local/lib/python3.10/site-packages/airflow/example_dags/example_trigger_target_dag.py
[2025-03-21T19:44:55.894+0500] {processor.py:914} INFO - Processing file /home/ruslan/.local/lib/python3.10/site-packages/airflow/example_dags/example_trigger_target_dag.py for tasks to queue
[2025-03-21T19:44:55.896+0500] {logging_mixin.py:190} INFO - [2025-03-21T19:44:55.896+0500] {dagbag.py:588} INFO - Filling up the DagBag from /home/ruslan/.local/lib/python3.10/site-packages/airflow/example_dags/example_trigger_target_dag.py
[2025-03-21T19:44:55.903+0500] {processor.py:925} INFO - DAG(s) 'example_trigger_target_dag' retrieved from /home/ruslan/.local/lib/python3.10/site-packages/airflow/example_dags/example_trigger_target_dag.py
[2025-03-21T19:44:55.914+0500] {logging_mixin.py:190} INFO - [2025-03-21T19:44:55.914+0500] {dag.py:3239} INFO - Sync 1 DAGs
[2025-03-21T19:44:55.923+0500] {logging_mixin.py:190} INFO - [2025-03-21T19:44:55.923+0500] {dag.py:4180} INFO - Setting next_dagrun for example_trigger_target_dag to None, run_after=None
[2025-03-21T19:44:55.941+0500] {processor.py:208} INFO - Processing /home/ruslan/.local/lib/python3.10/site-packages/airflow/example_dags/example_trigger_target_dag.py took 0.055 seconds
[2025-03-21T19:45:49.356+0500] {processor.py:186} INFO - Started process (PID=160591) to work on /home/ruslan/.local/lib/python3.10/site-packages/airflow/example_dags/example_trigger_target_dag.py
[2025-03-21T19:45:49.356+0500] {processor.py:914} INFO - Processing file /home/ruslan/.local/lib/python3.10/site-packages/airflow/example_dags/example_trigger_target_dag.py for tasks to queue
[2025-03-21T19:45:49.357+0500] {logging_mixin.py:190} INFO - [2025-03-21T19:45:49.357+0500] {dagbag.py:588} INFO - Filling up the DagBag from /home/ruslan/.local/lib/python3.10/site-packages/airflow/example_dags/example_trigger_target_dag.py
[2025-03-21T19:45:49.370+0500] {processor.py:925} INFO - DAG(s) 'example_trigger_target_dag' retrieved from /home/ruslan/.local/lib/python3.10/site-packages/airflow/example_dags/example_trigger_target_dag.py
[2025-03-21T19:45:49.383+0500] {logging_mixin.py:190} INFO - [2025-03-21T19:45:49.382+0500] {dag.py:3239} INFO - Sync 1 DAGs
[2025-03-21T19:45:49.392+0500] {logging_mixin.py:190} INFO - [2025-03-21T19:45:49.392+0500] {dag.py:4180} INFO - Setting next_dagrun for example_trigger_target_dag to None, run_after=None
[2025-03-21T19:45:49.408+0500] {processor.py:208} INFO - Processing /home/ruslan/.local/lib/python3.10/site-packages/airflow/example_dags/example_trigger_target_dag.py took 0.056 seconds
[2025-03-21T19:46:44.000+0500] {processor.py:186} INFO - Started process (PID=161140) to work on /home/ruslan/.local/lib/python3.10/site-packages/airflow/example_dags/example_trigger_target_dag.py
[2025-03-21T19:46:44.001+0500] {processor.py:914} INFO - Processing file /home/ruslan/.local/lib/python3.10/site-packages/airflow/example_dags/example_trigger_target_dag.py for tasks to queue
[2025-03-21T19:46:44.002+0500] {logging_mixin.py:190} INFO - [2025-03-21T19:46:44.001+0500] {dagbag.py:588} INFO - Filling up the DagBag from /home/ruslan/.local/lib/python3.10/site-packages/airflow/example_dags/example_trigger_target_dag.py
[2025-03-21T19:46:44.007+0500] {processor.py:925} INFO - DAG(s) 'example_trigger_target_dag' retrieved from /home/ruslan/.local/lib/python3.10/site-packages/airflow/example_dags/example_trigger_target_dag.py
[2025-03-21T19:46:44.015+0500] {logging_mixin.py:190} INFO - [2025-03-21T19:46:44.015+0500] {dag.py:3239} INFO - Sync 1 DAGs
[2025-03-21T19:46:44.023+0500] {logging_mixin.py:190} INFO - [2025-03-21T19:46:44.023+0500] {dag.py:4180} INFO - Setting next_dagrun for example_trigger_target_dag to None, run_after=None
[2025-03-21T19:46:44.038+0500] {processor.py:208} INFO - Processing /home/ruslan/.local/lib/python3.10/site-packages/airflow/example_dags/example_trigger_target_dag.py took 0.042 seconds
