[2025-03-21T19:27:43.397+0500] {processor.py:186} INFO - Started process (PID=141076) to work on /home/ruslan/.local/lib/python3.10/site-packages/airflow/example_dags/example_dynamic_task_mapping.py
[2025-03-21T19:27:43.397+0500] {processor.py:914} INFO - Processing file /home/ruslan/.local/lib/python3.10/site-packages/airflow/example_dags/example_dynamic_task_mapping.py for tasks to queue
[2025-03-21T19:27:43.399+0500] {logging_mixin.py:190} INFO - [2025-03-21T19:27:43.399+0500] {dagbag.py:588} INFO - Filling up the DagBag from /home/ruslan/.local/lib/python3.10/site-packages/airflow/example_dags/example_dynamic_task_mapping.py
[2025-03-21T19:27:43.404+0500] {processor.py:925} INFO - DAG(s) 'example_dynamic_task_mapping' retrieved from /home/ruslan/.local/lib/python3.10/site-packages/airflow/example_dags/example_dynamic_task_mapping.py
[2025-03-21T19:27:43.462+0500] {logging_mixin.py:190} INFO - [2025-03-21T19:27:43.461+0500] {override.py:1930} INFO - Created Permission View: can edit on DAG:example_dynamic_task_mapping
[2025-03-21T19:27:43.470+0500] {logging_mixin.py:190} INFO - [2025-03-21T19:27:43.470+0500] {override.py:1930} INFO - Created Permission View: can read on DAG:example_dynamic_task_mapping
[2025-03-21T19:27:43.477+0500] {logging_mixin.py:190} INFO - [2025-03-21T19:27:43.477+0500] {override.py:1930} INFO - Created Permission View: can delete on DAG:example_dynamic_task_mapping
[2025-03-21T19:27:43.488+0500] {logging_mixin.py:190} INFO - [2025-03-21T19:27:43.488+0500] {override.py:1930} INFO - Created Permission View: can create on DAG Run:example_dynamic_task_mapping
[2025-03-21T19:27:43.495+0500] {logging_mixin.py:190} INFO - [2025-03-21T19:27:43.495+0500] {override.py:1930} INFO - Created Permission View: can read on DAG Run:example_dynamic_task_mapping
[2025-03-21T19:27:43.502+0500] {logging_mixin.py:190} INFO - [2025-03-21T19:27:43.502+0500] {override.py:1930} INFO - Created Permission View: can delete on DAG Run:example_dynamic_task_mapping
[2025-03-21T19:27:43.508+0500] {logging_mixin.py:190} INFO - [2025-03-21T19:27:43.508+0500] {override.py:1930} INFO - Created Permission View: menu access on DAG Run:example_dynamic_task_mapping
[2025-03-21T19:27:43.509+0500] {logging_mixin.py:190} INFO - [2025-03-21T19:27:43.509+0500] {dag.py:3239} INFO - Sync 1 DAGs
[2025-03-21T19:27:43.516+0500] {logging_mixin.py:190} INFO - [2025-03-21T19:27:43.516+0500] {dag.py:3262} INFO - Creating ORM DAG for example_dynamic_task_mapping
[2025-03-21T19:27:43.516+0500] {logging_mixin.py:190} INFO - [2025-03-21T19:27:43.516+0500] {dag.py:4180} INFO - Setting next_dagrun for example_dynamic_task_mapping to None, run_after=None
[2025-03-21T19:27:43.529+0500] {processor.py:208} INFO - Processing /home/ruslan/.local/lib/python3.10/site-packages/airflow/example_dags/example_dynamic_task_mapping.py took 0.135 seconds
[2025-03-21T19:28:40.013+0500] {processor.py:186} INFO - Started process (PID=141383) to work on /home/ruslan/.local/lib/python3.10/site-packages/airflow/example_dags/example_dynamic_task_mapping.py
[2025-03-21T19:28:40.014+0500] {processor.py:914} INFO - Processing file /home/ruslan/.local/lib/python3.10/site-packages/airflow/example_dags/example_dynamic_task_mapping.py for tasks to queue
[2025-03-21T19:28:40.015+0500] {logging_mixin.py:190} INFO - [2025-03-21T19:28:40.015+0500] {dagbag.py:588} INFO - Filling up the DagBag from /home/ruslan/.local/lib/python3.10/site-packages/airflow/example_dags/example_dynamic_task_mapping.py
[2025-03-21T19:28:40.021+0500] {processor.py:925} INFO - DAG(s) 'example_dynamic_task_mapping' retrieved from /home/ruslan/.local/lib/python3.10/site-packages/airflow/example_dags/example_dynamic_task_mapping.py
[2025-03-21T19:28:40.030+0500] {logging_mixin.py:190} INFO - [2025-03-21T19:28:40.029+0500] {dag.py:3239} INFO - Sync 1 DAGs
[2025-03-21T19:28:40.037+0500] {logging_mixin.py:190} INFO - [2025-03-21T19:28:40.037+0500] {dag.py:4180} INFO - Setting next_dagrun for example_dynamic_task_mapping to None, run_after=None
[2025-03-21T19:28:40.052+0500] {processor.py:208} INFO - Processing /home/ruslan/.local/lib/python3.10/site-packages/airflow/example_dags/example_dynamic_task_mapping.py took 0.042 seconds
[2025-03-21T19:29:35.458+0500] {processor.py:186} INFO - Started process (PID=141660) to work on /home/ruslan/.local/lib/python3.10/site-packages/airflow/example_dags/example_dynamic_task_mapping.py
[2025-03-21T19:29:35.459+0500] {processor.py:914} INFO - Processing file /home/ruslan/.local/lib/python3.10/site-packages/airflow/example_dags/example_dynamic_task_mapping.py for tasks to queue
[2025-03-21T19:29:35.460+0500] {logging_mixin.py:190} INFO - [2025-03-21T19:29:35.460+0500] {dagbag.py:588} INFO - Filling up the DagBag from /home/ruslan/.local/lib/python3.10/site-packages/airflow/example_dags/example_dynamic_task_mapping.py
[2025-03-21T19:29:35.465+0500] {processor.py:925} INFO - DAG(s) 'example_dynamic_task_mapping' retrieved from /home/ruslan/.local/lib/python3.10/site-packages/airflow/example_dags/example_dynamic_task_mapping.py
[2025-03-21T19:29:35.474+0500] {logging_mixin.py:190} INFO - [2025-03-21T19:29:35.474+0500] {dag.py:3239} INFO - Sync 1 DAGs
[2025-03-21T19:29:35.481+0500] {logging_mixin.py:190} INFO - [2025-03-21T19:29:35.481+0500] {dag.py:4180} INFO - Setting next_dagrun for example_dynamic_task_mapping to None, run_after=None
[2025-03-21T19:29:35.495+0500] {processor.py:208} INFO - Processing /home/ruslan/.local/lib/python3.10/site-packages/airflow/example_dags/example_dynamic_task_mapping.py took 0.041 seconds
[2025-03-21T19:30:29.645+0500] {processor.py:186} INFO - Started process (PID=141928) to work on /home/ruslan/.local/lib/python3.10/site-packages/airflow/example_dags/example_dynamic_task_mapping.py
[2025-03-21T19:30:29.646+0500] {processor.py:914} INFO - Processing file /home/ruslan/.local/lib/python3.10/site-packages/airflow/example_dags/example_dynamic_task_mapping.py for tasks to queue
[2025-03-21T19:30:29.647+0500] {logging_mixin.py:190} INFO - [2025-03-21T19:30:29.647+0500] {dagbag.py:588} INFO - Filling up the DagBag from /home/ruslan/.local/lib/python3.10/site-packages/airflow/example_dags/example_dynamic_task_mapping.py
[2025-03-21T19:30:29.652+0500] {processor.py:925} INFO - DAG(s) 'example_dynamic_task_mapping' retrieved from /home/ruslan/.local/lib/python3.10/site-packages/airflow/example_dags/example_dynamic_task_mapping.py
[2025-03-21T19:30:29.660+0500] {logging_mixin.py:190} INFO - [2025-03-21T19:30:29.660+0500] {dag.py:3239} INFO - Sync 1 DAGs
[2025-03-21T19:30:29.667+0500] {logging_mixin.py:190} INFO - [2025-03-21T19:30:29.667+0500] {dag.py:4180} INFO - Setting next_dagrun for example_dynamic_task_mapping to None, run_after=None
[2025-03-21T19:30:29.682+0500] {processor.py:208} INFO - Processing /home/ruslan/.local/lib/python3.10/site-packages/airflow/example_dags/example_dynamic_task_mapping.py took 0.041 seconds
[2025-03-21T19:31:21.832+0500] {processor.py:186} INFO - Started process (PID=142190) to work on /home/ruslan/.local/lib/python3.10/site-packages/airflow/example_dags/example_dynamic_task_mapping.py
[2025-03-21T19:31:21.833+0500] {processor.py:914} INFO - Processing file /home/ruslan/.local/lib/python3.10/site-packages/airflow/example_dags/example_dynamic_task_mapping.py for tasks to queue
[2025-03-21T19:31:21.834+0500] {logging_mixin.py:190} INFO - [2025-03-21T19:31:21.834+0500] {dagbag.py:588} INFO - Filling up the DagBag from /home/ruslan/.local/lib/python3.10/site-packages/airflow/example_dags/example_dynamic_task_mapping.py
[2025-03-21T19:31:21.840+0500] {processor.py:925} INFO - DAG(s) 'example_dynamic_task_mapping' retrieved from /home/ruslan/.local/lib/python3.10/site-packages/airflow/example_dags/example_dynamic_task_mapping.py
[2025-03-21T19:31:21.849+0500] {logging_mixin.py:190} INFO - [2025-03-21T19:31:21.849+0500] {dag.py:3239} INFO - Sync 1 DAGs
[2025-03-21T19:31:21.857+0500] {logging_mixin.py:190} INFO - [2025-03-21T19:31:21.857+0500] {dag.py:4180} INFO - Setting next_dagrun for example_dynamic_task_mapping to None, run_after=None
[2025-03-21T19:31:21.872+0500] {processor.py:208} INFO - Processing /home/ruslan/.local/lib/python3.10/site-packages/airflow/example_dags/example_dynamic_task_mapping.py took 0.044 seconds
[2025-03-21T19:32:12.386+0500] {processor.py:186} INFO - Started process (PID=142460) to work on /home/ruslan/.local/lib/python3.10/site-packages/airflow/example_dags/example_dynamic_task_mapping.py
[2025-03-21T19:32:12.387+0500] {processor.py:914} INFO - Processing file /home/ruslan/.local/lib/python3.10/site-packages/airflow/example_dags/example_dynamic_task_mapping.py for tasks to queue
[2025-03-21T19:32:12.389+0500] {logging_mixin.py:190} INFO - [2025-03-21T19:32:12.389+0500] {dagbag.py:588} INFO - Filling up the DagBag from /home/ruslan/.local/lib/python3.10/site-packages/airflow/example_dags/example_dynamic_task_mapping.py
[2025-03-21T19:32:12.394+0500] {processor.py:925} INFO - DAG(s) 'example_dynamic_task_mapping' retrieved from /home/ruslan/.local/lib/python3.10/site-packages/airflow/example_dags/example_dynamic_task_mapping.py
[2025-03-21T19:32:12.404+0500] {logging_mixin.py:190} INFO - [2025-03-21T19:32:12.404+0500] {dag.py:3239} INFO - Sync 1 DAGs
[2025-03-21T19:32:12.413+0500] {logging_mixin.py:190} INFO - [2025-03-21T19:32:12.413+0500] {dag.py:4180} INFO - Setting next_dagrun for example_dynamic_task_mapping to None, run_after=None
[2025-03-21T19:32:12.429+0500] {processor.py:208} INFO - Processing /home/ruslan/.local/lib/python3.10/site-packages/airflow/example_dags/example_dynamic_task_mapping.py took 0.048 seconds
[2025-03-21T19:33:03.243+0500] {processor.py:186} INFO - Started process (PID=153609) to work on /home/ruslan/.local/lib/python3.10/site-packages/airflow/example_dags/example_dynamic_task_mapping.py
[2025-03-21T19:33:03.244+0500] {processor.py:914} INFO - Processing file /home/ruslan/.local/lib/python3.10/site-packages/airflow/example_dags/example_dynamic_task_mapping.py for tasks to queue
[2025-03-21T19:33:03.245+0500] {logging_mixin.py:190} INFO - [2025-03-21T19:33:03.245+0500] {dagbag.py:588} INFO - Filling up the DagBag from /home/ruslan/.local/lib/python3.10/site-packages/airflow/example_dags/example_dynamic_task_mapping.py
[2025-03-21T19:33:03.251+0500] {processor.py:925} INFO - DAG(s) 'example_dynamic_task_mapping' retrieved from /home/ruslan/.local/lib/python3.10/site-packages/airflow/example_dags/example_dynamic_task_mapping.py
[2025-03-21T19:33:03.261+0500] {logging_mixin.py:190} INFO - [2025-03-21T19:33:03.261+0500] {dag.py:3239} INFO - Sync 1 DAGs
[2025-03-21T19:33:03.269+0500] {logging_mixin.py:190} INFO - [2025-03-21T19:33:03.269+0500] {dag.py:4180} INFO - Setting next_dagrun for example_dynamic_task_mapping to None, run_after=None
[2025-03-21T19:33:03.284+0500] {processor.py:208} INFO - Processing /home/ruslan/.local/lib/python3.10/site-packages/airflow/example_dags/example_dynamic_task_mapping.py took 0.046 seconds
[2025-03-21T19:33:56.658+0500] {processor.py:186} INFO - Started process (PID=154132) to work on /home/ruslan/.local/lib/python3.10/site-packages/airflow/example_dags/example_dynamic_task_mapping.py
[2025-03-21T19:33:56.659+0500] {processor.py:914} INFO - Processing file /home/ruslan/.local/lib/python3.10/site-packages/airflow/example_dags/example_dynamic_task_mapping.py for tasks to queue
[2025-03-21T19:33:56.660+0500] {logging_mixin.py:190} INFO - [2025-03-21T19:33:56.660+0500] {dagbag.py:588} INFO - Filling up the DagBag from /home/ruslan/.local/lib/python3.10/site-packages/airflow/example_dags/example_dynamic_task_mapping.py
[2025-03-21T19:33:56.665+0500] {processor.py:925} INFO - DAG(s) 'example_dynamic_task_mapping' retrieved from /home/ruslan/.local/lib/python3.10/site-packages/airflow/example_dags/example_dynamic_task_mapping.py
[2025-03-21T19:33:56.674+0500] {logging_mixin.py:190} INFO - [2025-03-21T19:33:56.674+0500] {dag.py:3239} INFO - Sync 1 DAGs
[2025-03-21T19:33:56.681+0500] {logging_mixin.py:190} INFO - [2025-03-21T19:33:56.681+0500] {dag.py:4180} INFO - Setting next_dagrun for example_dynamic_task_mapping to None, run_after=None
[2025-03-21T19:33:56.696+0500] {processor.py:208} INFO - Processing /home/ruslan/.local/lib/python3.10/site-packages/airflow/example_dags/example_dynamic_task_mapping.py took 0.042 seconds
[2025-03-21T19:34:50.782+0500] {processor.py:186} INFO - Started process (PID=154442) to work on /home/ruslan/.local/lib/python3.10/site-packages/airflow/example_dags/example_dynamic_task_mapping.py
[2025-03-21T19:34:50.783+0500] {processor.py:914} INFO - Processing file /home/ruslan/.local/lib/python3.10/site-packages/airflow/example_dags/example_dynamic_task_mapping.py for tasks to queue
[2025-03-21T19:34:50.785+0500] {logging_mixin.py:190} INFO - [2025-03-21T19:34:50.785+0500] {dagbag.py:588} INFO - Filling up the DagBag from /home/ruslan/.local/lib/python3.10/site-packages/airflow/example_dags/example_dynamic_task_mapping.py
[2025-03-21T19:34:50.790+0500] {processor.py:925} INFO - DAG(s) 'example_dynamic_task_mapping' retrieved from /home/ruslan/.local/lib/python3.10/site-packages/airflow/example_dags/example_dynamic_task_mapping.py
[2025-03-21T19:34:50.800+0500] {logging_mixin.py:190} INFO - [2025-03-21T19:34:50.799+0500] {dag.py:3239} INFO - Sync 1 DAGs
[2025-03-21T19:34:50.807+0500] {logging_mixin.py:190} INFO - [2025-03-21T19:34:50.807+0500] {dag.py:4180} INFO - Setting next_dagrun for example_dynamic_task_mapping to None, run_after=None
[2025-03-21T19:34:50.823+0500] {processor.py:208} INFO - Processing /home/ruslan/.local/lib/python3.10/site-packages/airflow/example_dags/example_dynamic_task_mapping.py took 0.044 seconds
[2025-03-21T19:35:42.451+0500] {processor.py:186} INFO - Started process (PID=154700) to work on /home/ruslan/.local/lib/python3.10/site-packages/airflow/example_dags/example_dynamic_task_mapping.py
[2025-03-21T19:35:42.452+0500] {processor.py:914} INFO - Processing file /home/ruslan/.local/lib/python3.10/site-packages/airflow/example_dags/example_dynamic_task_mapping.py for tasks to queue
[2025-03-21T19:35:42.453+0500] {logging_mixin.py:190} INFO - [2025-03-21T19:35:42.453+0500] {dagbag.py:588} INFO - Filling up the DagBag from /home/ruslan/.local/lib/python3.10/site-packages/airflow/example_dags/example_dynamic_task_mapping.py
[2025-03-21T19:35:42.458+0500] {processor.py:925} INFO - DAG(s) 'example_dynamic_task_mapping' retrieved from /home/ruslan/.local/lib/python3.10/site-packages/airflow/example_dags/example_dynamic_task_mapping.py
[2025-03-21T19:35:42.468+0500] {logging_mixin.py:190} INFO - [2025-03-21T19:35:42.468+0500] {dag.py:3239} INFO - Sync 1 DAGs
[2025-03-21T19:35:42.475+0500] {logging_mixin.py:190} INFO - [2025-03-21T19:35:42.475+0500] {dag.py:4180} INFO - Setting next_dagrun for example_dynamic_task_mapping to None, run_after=None
[2025-03-21T19:35:42.491+0500] {processor.py:208} INFO - Processing /home/ruslan/.local/lib/python3.10/site-packages/airflow/example_dags/example_dynamic_task_mapping.py took 0.044 seconds
[2025-03-21T19:36:33.436+0500] {processor.py:186} INFO - Started process (PID=155176) to work on /home/ruslan/.local/lib/python3.10/site-packages/airflow/example_dags/example_dynamic_task_mapping.py
[2025-03-21T19:36:33.437+0500] {processor.py:914} INFO - Processing file /home/ruslan/.local/lib/python3.10/site-packages/airflow/example_dags/example_dynamic_task_mapping.py for tasks to queue
[2025-03-21T19:36:33.438+0500] {logging_mixin.py:190} INFO - [2025-03-21T19:36:33.438+0500] {dagbag.py:588} INFO - Filling up the DagBag from /home/ruslan/.local/lib/python3.10/site-packages/airflow/example_dags/example_dynamic_task_mapping.py
[2025-03-21T19:36:33.443+0500] {processor.py:925} INFO - DAG(s) 'example_dynamic_task_mapping' retrieved from /home/ruslan/.local/lib/python3.10/site-packages/airflow/example_dags/example_dynamic_task_mapping.py
[2025-03-21T19:36:33.452+0500] {logging_mixin.py:190} INFO - [2025-03-21T19:36:33.452+0500] {dag.py:3239} INFO - Sync 1 DAGs
[2025-03-21T19:36:33.460+0500] {logging_mixin.py:190} INFO - [2025-03-21T19:36:33.460+0500] {dag.py:4180} INFO - Setting next_dagrun for example_dynamic_task_mapping to None, run_after=None
[2025-03-21T19:36:33.476+0500] {processor.py:208} INFO - Processing /home/ruslan/.local/lib/python3.10/site-packages/airflow/example_dags/example_dynamic_task_mapping.py took 0.043 seconds
[2025-03-21T19:37:23.663+0500] {processor.py:186} INFO - Started process (PID=155461) to work on /home/ruslan/.local/lib/python3.10/site-packages/airflow/example_dags/example_dynamic_task_mapping.py
[2025-03-21T19:37:23.665+0500] {processor.py:914} INFO - Processing file /home/ruslan/.local/lib/python3.10/site-packages/airflow/example_dags/example_dynamic_task_mapping.py for tasks to queue
[2025-03-21T19:37:23.665+0500] {logging_mixin.py:190} INFO - [2025-03-21T19:37:23.665+0500] {dagbag.py:588} INFO - Filling up the DagBag from /home/ruslan/.local/lib/python3.10/site-packages/airflow/example_dags/example_dynamic_task_mapping.py
[2025-03-21T19:37:23.671+0500] {processor.py:925} INFO - DAG(s) 'example_dynamic_task_mapping' retrieved from /home/ruslan/.local/lib/python3.10/site-packages/airflow/example_dags/example_dynamic_task_mapping.py
[2025-03-21T19:37:23.679+0500] {logging_mixin.py:190} INFO - [2025-03-21T19:37:23.679+0500] {dag.py:3239} INFO - Sync 1 DAGs
[2025-03-21T19:37:23.686+0500] {logging_mixin.py:190} INFO - [2025-03-21T19:37:23.686+0500] {dag.py:4180} INFO - Setting next_dagrun for example_dynamic_task_mapping to None, run_after=None
[2025-03-21T19:37:23.701+0500] {processor.py:208} INFO - Processing /home/ruslan/.local/lib/python3.10/site-packages/airflow/example_dags/example_dynamic_task_mapping.py took 0.042 seconds
[2025-03-21T19:38:16.071+0500] {processor.py:186} INFO - Started process (PID=155951) to work on /home/ruslan/.local/lib/python3.10/site-packages/airflow/example_dags/example_dynamic_task_mapping.py
[2025-03-21T19:38:16.072+0500] {processor.py:914} INFO - Processing file /home/ruslan/.local/lib/python3.10/site-packages/airflow/example_dags/example_dynamic_task_mapping.py for tasks to queue
[2025-03-21T19:38:16.073+0500] {logging_mixin.py:190} INFO - [2025-03-21T19:38:16.072+0500] {dagbag.py:588} INFO - Filling up the DagBag from /home/ruslan/.local/lib/python3.10/site-packages/airflow/example_dags/example_dynamic_task_mapping.py
[2025-03-21T19:38:16.078+0500] {processor.py:925} INFO - DAG(s) 'example_dynamic_task_mapping' retrieved from /home/ruslan/.local/lib/python3.10/site-packages/airflow/example_dags/example_dynamic_task_mapping.py
[2025-03-21T19:38:16.086+0500] {logging_mixin.py:190} INFO - [2025-03-21T19:38:16.086+0500] {dag.py:3239} INFO - Sync 1 DAGs
[2025-03-21T19:38:16.093+0500] {logging_mixin.py:190} INFO - [2025-03-21T19:38:16.093+0500] {dag.py:4180} INFO - Setting next_dagrun for example_dynamic_task_mapping to None, run_after=None
[2025-03-21T19:38:16.108+0500] {processor.py:208} INFO - Processing /home/ruslan/.local/lib/python3.10/site-packages/airflow/example_dags/example_dynamic_task_mapping.py took 0.041 seconds
[2025-03-21T19:39:07.731+0500] {processor.py:186} INFO - Started process (PID=156549) to work on /home/ruslan/.local/lib/python3.10/site-packages/airflow/example_dags/example_dynamic_task_mapping.py
[2025-03-21T19:39:07.731+0500] {processor.py:914} INFO - Processing file /home/ruslan/.local/lib/python3.10/site-packages/airflow/example_dags/example_dynamic_task_mapping.py for tasks to queue
[2025-03-21T19:39:07.732+0500] {logging_mixin.py:190} INFO - [2025-03-21T19:39:07.732+0500] {dagbag.py:588} INFO - Filling up the DagBag from /home/ruslan/.local/lib/python3.10/site-packages/airflow/example_dags/example_dynamic_task_mapping.py
[2025-03-21T19:39:07.738+0500] {processor.py:925} INFO - DAG(s) 'example_dynamic_task_mapping' retrieved from /home/ruslan/.local/lib/python3.10/site-packages/airflow/example_dags/example_dynamic_task_mapping.py
[2025-03-21T19:39:07.747+0500] {logging_mixin.py:190} INFO - [2025-03-21T19:39:07.746+0500] {dag.py:3239} INFO - Sync 1 DAGs
[2025-03-21T19:39:07.754+0500] {logging_mixin.py:190} INFO - [2025-03-21T19:39:07.754+0500] {dag.py:4180} INFO - Setting next_dagrun for example_dynamic_task_mapping to None, run_after=None
[2025-03-21T19:39:07.771+0500] {processor.py:208} INFO - Processing /home/ruslan/.local/lib/python3.10/site-packages/airflow/example_dags/example_dynamic_task_mapping.py took 0.044 seconds
[2025-03-21T19:39:59.678+0500] {processor.py:186} INFO - Started process (PID=156812) to work on /home/ruslan/.local/lib/python3.10/site-packages/airflow/example_dags/example_dynamic_task_mapping.py
[2025-03-21T19:39:59.679+0500] {processor.py:914} INFO - Processing file /home/ruslan/.local/lib/python3.10/site-packages/airflow/example_dags/example_dynamic_task_mapping.py for tasks to queue
[2025-03-21T19:39:59.680+0500] {logging_mixin.py:190} INFO - [2025-03-21T19:39:59.679+0500] {dagbag.py:588} INFO - Filling up the DagBag from /home/ruslan/.local/lib/python3.10/site-packages/airflow/example_dags/example_dynamic_task_mapping.py
[2025-03-21T19:39:59.686+0500] {processor.py:925} INFO - DAG(s) 'example_dynamic_task_mapping' retrieved from /home/ruslan/.local/lib/python3.10/site-packages/airflow/example_dags/example_dynamic_task_mapping.py
[2025-03-21T19:39:59.694+0500] {logging_mixin.py:190} INFO - [2025-03-21T19:39:59.694+0500] {dag.py:3239} INFO - Sync 1 DAGs
[2025-03-21T19:39:59.702+0500] {logging_mixin.py:190} INFO - [2025-03-21T19:39:59.701+0500] {dag.py:4180} INFO - Setting next_dagrun for example_dynamic_task_mapping to None, run_after=None
[2025-03-21T19:39:59.718+0500] {processor.py:208} INFO - Processing /home/ruslan/.local/lib/python3.10/site-packages/airflow/example_dags/example_dynamic_task_mapping.py took 0.044 seconds
[2025-03-21T19:40:52.946+0500] {processor.py:186} INFO - Started process (PID=157309) to work on /home/ruslan/.local/lib/python3.10/site-packages/airflow/example_dags/example_dynamic_task_mapping.py
[2025-03-21T19:40:52.947+0500] {processor.py:914} INFO - Processing file /home/ruslan/.local/lib/python3.10/site-packages/airflow/example_dags/example_dynamic_task_mapping.py for tasks to queue
[2025-03-21T19:40:52.948+0500] {logging_mixin.py:190} INFO - [2025-03-21T19:40:52.948+0500] {dagbag.py:588} INFO - Filling up the DagBag from /home/ruslan/.local/lib/python3.10/site-packages/airflow/example_dags/example_dynamic_task_mapping.py
[2025-03-21T19:40:52.954+0500] {processor.py:925} INFO - DAG(s) 'example_dynamic_task_mapping' retrieved from /home/ruslan/.local/lib/python3.10/site-packages/airflow/example_dags/example_dynamic_task_mapping.py
[2025-03-21T19:40:52.963+0500] {logging_mixin.py:190} INFO - [2025-03-21T19:40:52.963+0500] {dag.py:3239} INFO - Sync 1 DAGs
[2025-03-21T19:40:52.973+0500] {logging_mixin.py:190} INFO - [2025-03-21T19:40:52.972+0500] {dag.py:4180} INFO - Setting next_dagrun for example_dynamic_task_mapping to None, run_after=None
[2025-03-21T19:40:52.990+0500] {processor.py:208} INFO - Processing /home/ruslan/.local/lib/python3.10/site-packages/airflow/example_dags/example_dynamic_task_mapping.py took 0.048 seconds
[2025-03-21T19:41:48.214+0500] {processor.py:186} INFO - Started process (PID=157886) to work on /home/ruslan/.local/lib/python3.10/site-packages/airflow/example_dags/example_dynamic_task_mapping.py
[2025-03-21T19:41:48.215+0500] {processor.py:914} INFO - Processing file /home/ruslan/.local/lib/python3.10/site-packages/airflow/example_dags/example_dynamic_task_mapping.py for tasks to queue
[2025-03-21T19:41:48.216+0500] {logging_mixin.py:190} INFO - [2025-03-21T19:41:48.216+0500] {dagbag.py:588} INFO - Filling up the DagBag from /home/ruslan/.local/lib/python3.10/site-packages/airflow/example_dags/example_dynamic_task_mapping.py
[2025-03-21T19:41:48.221+0500] {processor.py:925} INFO - DAG(s) 'example_dynamic_task_mapping' retrieved from /home/ruslan/.local/lib/python3.10/site-packages/airflow/example_dags/example_dynamic_task_mapping.py
[2025-03-21T19:41:48.230+0500] {logging_mixin.py:190} INFO - [2025-03-21T19:41:48.229+0500] {dag.py:3239} INFO - Sync 1 DAGs
[2025-03-21T19:41:48.236+0500] {logging_mixin.py:190} INFO - [2025-03-21T19:41:48.236+0500] {dag.py:4180} INFO - Setting next_dagrun for example_dynamic_task_mapping to None, run_after=None
[2025-03-21T19:41:48.251+0500] {processor.py:208} INFO - Processing /home/ruslan/.local/lib/python3.10/site-packages/airflow/example_dags/example_dynamic_task_mapping.py took 0.040 seconds
[2025-03-21T19:42:39.551+0500] {processor.py:186} INFO - Started process (PID=158468) to work on /home/ruslan/.local/lib/python3.10/site-packages/airflow/example_dags/example_dynamic_task_mapping.py
[2025-03-21T19:42:39.552+0500] {processor.py:914} INFO - Processing file /home/ruslan/.local/lib/python3.10/site-packages/airflow/example_dags/example_dynamic_task_mapping.py for tasks to queue
[2025-03-21T19:42:39.553+0500] {logging_mixin.py:190} INFO - [2025-03-21T19:42:39.553+0500] {dagbag.py:588} INFO - Filling up the DagBag from /home/ruslan/.local/lib/python3.10/site-packages/airflow/example_dags/example_dynamic_task_mapping.py
[2025-03-21T19:42:39.559+0500] {processor.py:925} INFO - DAG(s) 'example_dynamic_task_mapping' retrieved from /home/ruslan/.local/lib/python3.10/site-packages/airflow/example_dags/example_dynamic_task_mapping.py
[2025-03-21T19:42:39.567+0500] {logging_mixin.py:190} INFO - [2025-03-21T19:42:39.567+0500] {dag.py:3239} INFO - Sync 1 DAGs
[2025-03-21T19:42:39.575+0500] {logging_mixin.py:190} INFO - [2025-03-21T19:42:39.575+0500] {dag.py:4180} INFO - Setting next_dagrun for example_dynamic_task_mapping to None, run_after=None
[2025-03-21T19:42:39.590+0500] {processor.py:208} INFO - Processing /home/ruslan/.local/lib/python3.10/site-packages/airflow/example_dags/example_dynamic_task_mapping.py took 0.043 seconds
[2025-03-21T19:43:34.758+0500] {processor.py:186} INFO - Started process (PID=159093) to work on /home/ruslan/.local/lib/python3.10/site-packages/airflow/example_dags/example_dynamic_task_mapping.py
[2025-03-21T19:43:34.759+0500] {processor.py:914} INFO - Processing file /home/ruslan/.local/lib/python3.10/site-packages/airflow/example_dags/example_dynamic_task_mapping.py for tasks to queue
[2025-03-21T19:43:34.760+0500] {logging_mixin.py:190} INFO - [2025-03-21T19:43:34.760+0500] {dagbag.py:588} INFO - Filling up the DagBag from /home/ruslan/.local/lib/python3.10/site-packages/airflow/example_dags/example_dynamic_task_mapping.py
[2025-03-21T19:43:34.766+0500] {processor.py:925} INFO - DAG(s) 'example_dynamic_task_mapping' retrieved from /home/ruslan/.local/lib/python3.10/site-packages/airflow/example_dags/example_dynamic_task_mapping.py
[2025-03-21T19:43:34.774+0500] {logging_mixin.py:190} INFO - [2025-03-21T19:43:34.774+0500] {dag.py:3239} INFO - Sync 1 DAGs
[2025-03-21T19:43:34.781+0500] {logging_mixin.py:190} INFO - [2025-03-21T19:43:34.781+0500] {dag.py:4180} INFO - Setting next_dagrun for example_dynamic_task_mapping to None, run_after=None
[2025-03-21T19:43:34.796+0500] {processor.py:208} INFO - Processing /home/ruslan/.local/lib/python3.10/site-packages/airflow/example_dags/example_dynamic_task_mapping.py took 0.042 seconds
[2025-03-21T19:44:28.379+0500] {processor.py:186} INFO - Started process (PID=159679) to work on /home/ruslan/.local/lib/python3.10/site-packages/airflow/example_dags/example_dynamic_task_mapping.py
[2025-03-21T19:44:28.380+0500] {processor.py:914} INFO - Processing file /home/ruslan/.local/lib/python3.10/site-packages/airflow/example_dags/example_dynamic_task_mapping.py for tasks to queue
[2025-03-21T19:44:28.381+0500] {logging_mixin.py:190} INFO - [2025-03-21T19:44:28.381+0500] {dagbag.py:588} INFO - Filling up the DagBag from /home/ruslan/.local/lib/python3.10/site-packages/airflow/example_dags/example_dynamic_task_mapping.py
[2025-03-21T19:44:28.387+0500] {processor.py:925} INFO - DAG(s) 'example_dynamic_task_mapping' retrieved from /home/ruslan/.local/lib/python3.10/site-packages/airflow/example_dags/example_dynamic_task_mapping.py
[2025-03-21T19:44:28.395+0500] {logging_mixin.py:190} INFO - [2025-03-21T19:44:28.395+0500] {dag.py:3239} INFO - Sync 1 DAGs
[2025-03-21T19:44:28.403+0500] {logging_mixin.py:190} INFO - [2025-03-21T19:44:28.403+0500] {dag.py:4180} INFO - Setting next_dagrun for example_dynamic_task_mapping to None, run_after=None
[2025-03-21T19:44:28.418+0500] {processor.py:208} INFO - Processing /home/ruslan/.local/lib/python3.10/site-packages/airflow/example_dags/example_dynamic_task_mapping.py took 0.042 seconds
[2025-03-21T19:45:18.531+0500] {processor.py:186} INFO - Started process (PID=160175) to work on /home/ruslan/.local/lib/python3.10/site-packages/airflow/example_dags/example_dynamic_task_mapping.py
[2025-03-21T19:45:18.532+0500] {processor.py:914} INFO - Processing file /home/ruslan/.local/lib/python3.10/site-packages/airflow/example_dags/example_dynamic_task_mapping.py for tasks to queue
[2025-03-21T19:45:18.533+0500] {logging_mixin.py:190} INFO - [2025-03-21T19:45:18.533+0500] {dagbag.py:588} INFO - Filling up the DagBag from /home/ruslan/.local/lib/python3.10/site-packages/airflow/example_dags/example_dynamic_task_mapping.py
[2025-03-21T19:45:18.539+0500] {processor.py:925} INFO - DAG(s) 'example_dynamic_task_mapping' retrieved from /home/ruslan/.local/lib/python3.10/site-packages/airflow/example_dags/example_dynamic_task_mapping.py
[2025-03-21T19:45:18.547+0500] {logging_mixin.py:190} INFO - [2025-03-21T19:45:18.547+0500] {dag.py:3239} INFO - Sync 1 DAGs
[2025-03-21T19:45:18.554+0500] {logging_mixin.py:190} INFO - [2025-03-21T19:45:18.554+0500] {dag.py:4180} INFO - Setting next_dagrun for example_dynamic_task_mapping to None, run_after=None
[2025-03-21T19:45:18.568+0500] {processor.py:208} INFO - Processing /home/ruslan/.local/lib/python3.10/site-packages/airflow/example_dags/example_dynamic_task_mapping.py took 0.041 seconds
[2025-03-21T19:46:12.626+0500] {processor.py:186} INFO - Started process (PID=160808) to work on /home/ruslan/.local/lib/python3.10/site-packages/airflow/example_dags/example_dynamic_task_mapping.py
[2025-03-21T19:46:12.628+0500] {processor.py:914} INFO - Processing file /home/ruslan/.local/lib/python3.10/site-packages/airflow/example_dags/example_dynamic_task_mapping.py for tasks to queue
[2025-03-21T19:46:12.628+0500] {logging_mixin.py:190} INFO - [2025-03-21T19:46:12.628+0500] {dagbag.py:588} INFO - Filling up the DagBag from /home/ruslan/.local/lib/python3.10/site-packages/airflow/example_dags/example_dynamic_task_mapping.py
[2025-03-21T19:46:12.634+0500] {processor.py:925} INFO - DAG(s) 'example_dynamic_task_mapping' retrieved from /home/ruslan/.local/lib/python3.10/site-packages/airflow/example_dags/example_dynamic_task_mapping.py
[2025-03-21T19:46:12.643+0500] {logging_mixin.py:190} INFO - [2025-03-21T19:46:12.643+0500] {dag.py:3239} INFO - Sync 1 DAGs
[2025-03-21T19:46:12.651+0500] {logging_mixin.py:190} INFO - [2025-03-21T19:46:12.650+0500] {dag.py:4180} INFO - Setting next_dagrun for example_dynamic_task_mapping to None, run_after=None
[2025-03-21T19:46:12.665+0500] {processor.py:208} INFO - Processing /home/ruslan/.local/lib/python3.10/site-packages/airflow/example_dags/example_dynamic_task_mapping.py took 0.042 seconds
