[2025-03-21T19:27:18.457+0500] {processor.py:186} INFO - Started process (PID=140945) to work on /home/ruslan/.local/lib/python3.10/site-packages/airflow/example_dags/example_branch_python_dop_operator_3.py
[2025-03-21T19:27:18.458+0500] {processor.py:914} INFO - Processing file /home/ruslan/.local/lib/python3.10/site-packages/airflow/example_dags/example_branch_python_dop_operator_3.py for tasks to queue
[2025-03-21T19:27:18.460+0500] {logging_mixin.py:190} INFO - [2025-03-21T19:27:18.459+0500] {dagbag.py:588} INFO - Filling up the DagBag from /home/ruslan/.local/lib/python3.10/site-packages/airflow/example_dags/example_branch_python_dop_operator_3.py
[2025-03-21T19:27:18.467+0500] {processor.py:925} INFO - DAG(s) 'example_branch_dop_operator_v3' retrieved from /home/ruslan/.local/lib/python3.10/site-packages/airflow/example_dags/example_branch_python_dop_operator_3.py
[2025-03-21T19:27:18.530+0500] {logging_mixin.py:190} INFO - [2025-03-21T19:27:18.529+0500] {override.py:1930} INFO - Created Permission View: can edit on DAG:example_branch_dop_operator_v3
[2025-03-21T19:27:18.539+0500] {logging_mixin.py:190} INFO - [2025-03-21T19:27:18.539+0500] {override.py:1930} INFO - Created Permission View: can read on DAG:example_branch_dop_operator_v3
[2025-03-21T19:27:18.546+0500] {logging_mixin.py:190} INFO - [2025-03-21T19:27:18.546+0500] {override.py:1930} INFO - Created Permission View: can delete on DAG:example_branch_dop_operator_v3
[2025-03-21T19:27:18.558+0500] {logging_mixin.py:190} INFO - [2025-03-21T19:27:18.558+0500] {override.py:1930} INFO - Created Permission View: can create on DAG Run:example_branch_dop_operator_v3
[2025-03-21T19:27:18.566+0500] {logging_mixin.py:190} INFO - [2025-03-21T19:27:18.565+0500] {override.py:1930} INFO - Created Permission View: can read on DAG Run:example_branch_dop_operator_v3
[2025-03-21T19:27:18.582+0500] {logging_mixin.py:190} INFO - [2025-03-21T19:27:18.582+0500] {override.py:1930} INFO - Created Permission View: can delete on DAG Run:example_branch_dop_operator_v3
[2025-03-21T19:27:18.595+0500] {logging_mixin.py:190} INFO - [2025-03-21T19:27:18.595+0500] {override.py:1930} INFO - Created Permission View: menu access on DAG Run:example_branch_dop_operator_v3
[2025-03-21T19:27:18.595+0500] {logging_mixin.py:190} INFO - [2025-03-21T19:27:18.595+0500] {dag.py:3239} INFO - Sync 1 DAGs
[2025-03-21T19:27:18.603+0500] {logging_mixin.py:190} INFO - [2025-03-21T19:27:18.602+0500] {dag.py:3262} INFO - Creating ORM DAG for example_branch_dop_operator_v3
[2025-03-21T19:27:18.628+0500] {logging_mixin.py:190} INFO - [2025-03-21T19:27:18.628+0500] {dag.py:4180} INFO - Setting next_dagrun for example_branch_dop_operator_v3 to 2025-03-21 14:26:00+00:00, run_after=2025-03-21 14:27:00+00:00
[2025-03-21T19:27:18.659+0500] {processor.py:208} INFO - Processing /home/ruslan/.local/lib/python3.10/site-packages/airflow/example_dags/example_branch_python_dop_operator_3.py took 0.206 seconds
[2025-03-21T19:28:17.360+0500] {processor.py:186} INFO - Started process (PID=141252) to work on /home/ruslan/.local/lib/python3.10/site-packages/airflow/example_dags/example_branch_python_dop_operator_3.py
[2025-03-21T19:28:17.361+0500] {processor.py:914} INFO - Processing file /home/ruslan/.local/lib/python3.10/site-packages/airflow/example_dags/example_branch_python_dop_operator_3.py for tasks to queue
[2025-03-21T19:28:17.362+0500] {logging_mixin.py:190} INFO - [2025-03-21T19:28:17.362+0500] {dagbag.py:588} INFO - Filling up the DagBag from /home/ruslan/.local/lib/python3.10/site-packages/airflow/example_dags/example_branch_python_dop_operator_3.py
[2025-03-21T19:28:17.369+0500] {processor.py:925} INFO - DAG(s) 'example_branch_dop_operator_v3' retrieved from /home/ruslan/.local/lib/python3.10/site-packages/airflow/example_dags/example_branch_python_dop_operator_3.py
[2025-03-21T19:28:17.377+0500] {logging_mixin.py:190} INFO - [2025-03-21T19:28:17.377+0500] {dag.py:3239} INFO - Sync 1 DAGs
[2025-03-21T19:28:17.390+0500] {logging_mixin.py:190} INFO - [2025-03-21T19:28:17.390+0500] {dag.py:4180} INFO - Setting next_dagrun for example_branch_dop_operator_v3 to 2025-03-21 14:27:00+00:00, run_after=2025-03-21 14:28:00+00:00
[2025-03-21T19:28:17.405+0500] {processor.py:208} INFO - Processing /home/ruslan/.local/lib/python3.10/site-packages/airflow/example_dags/example_branch_python_dop_operator_3.py took 0.049 seconds
[2025-03-21T19:29:09.566+0500] {processor.py:186} INFO - Started process (PID=141530) to work on /home/ruslan/.local/lib/python3.10/site-packages/airflow/example_dags/example_branch_python_dop_operator_3.py
[2025-03-21T19:29:09.567+0500] {processor.py:914} INFO - Processing file /home/ruslan/.local/lib/python3.10/site-packages/airflow/example_dags/example_branch_python_dop_operator_3.py for tasks to queue
[2025-03-21T19:29:09.569+0500] {logging_mixin.py:190} INFO - [2025-03-21T19:29:09.568+0500] {dagbag.py:588} INFO - Filling up the DagBag from /home/ruslan/.local/lib/python3.10/site-packages/airflow/example_dags/example_branch_python_dop_operator_3.py
[2025-03-21T19:29:09.575+0500] {processor.py:925} INFO - DAG(s) 'example_branch_dop_operator_v3' retrieved from /home/ruslan/.local/lib/python3.10/site-packages/airflow/example_dags/example_branch_python_dop_operator_3.py
[2025-03-21T19:29:09.583+0500] {logging_mixin.py:190} INFO - [2025-03-21T19:29:09.583+0500] {dag.py:3239} INFO - Sync 1 DAGs
[2025-03-21T19:29:09.597+0500] {logging_mixin.py:190} INFO - [2025-03-21T19:29:09.597+0500] {dag.py:4180} INFO - Setting next_dagrun for example_branch_dop_operator_v3 to 2025-03-21 14:28:00+00:00, run_after=2025-03-21 14:29:00+00:00
[2025-03-21T19:29:09.612+0500] {processor.py:208} INFO - Processing /home/ruslan/.local/lib/python3.10/site-packages/airflow/example_dags/example_branch_python_dop_operator_3.py took 0.050 seconds
[2025-03-21T19:30:00.993+0500] {processor.py:186} INFO - Started process (PID=141787) to work on /home/ruslan/.local/lib/python3.10/site-packages/airflow/example_dags/example_branch_python_dop_operator_3.py
[2025-03-21T19:30:00.994+0500] {processor.py:914} INFO - Processing file /home/ruslan/.local/lib/python3.10/site-packages/airflow/example_dags/example_branch_python_dop_operator_3.py for tasks to queue
[2025-03-21T19:30:00.995+0500] {logging_mixin.py:190} INFO - [2025-03-21T19:30:00.995+0500] {dagbag.py:588} INFO - Filling up the DagBag from /home/ruslan/.local/lib/python3.10/site-packages/airflow/example_dags/example_branch_python_dop_operator_3.py
[2025-03-21T19:30:01.001+0500] {processor.py:925} INFO - DAG(s) 'example_branch_dop_operator_v3' retrieved from /home/ruslan/.local/lib/python3.10/site-packages/airflow/example_dags/example_branch_python_dop_operator_3.py
[2025-03-21T19:30:01.009+0500] {logging_mixin.py:190} INFO - [2025-03-21T19:30:01.009+0500] {dag.py:3239} INFO - Sync 1 DAGs
[2025-03-21T19:30:01.022+0500] {logging_mixin.py:190} INFO - [2025-03-21T19:30:01.021+0500] {dag.py:4180} INFO - Setting next_dagrun for example_branch_dop_operator_v3 to 2025-03-21 14:29:00+00:00, run_after=2025-03-21 14:30:00+00:00
[2025-03-21T19:30:01.036+0500] {processor.py:208} INFO - Processing /home/ruslan/.local/lib/python3.10/site-packages/airflow/example_dags/example_branch_python_dop_operator_3.py took 0.047 seconds
[2025-03-21T19:30:55.303+0500] {processor.py:186} INFO - Started process (PID=142057) to work on /home/ruslan/.local/lib/python3.10/site-packages/airflow/example_dags/example_branch_python_dop_operator_3.py
[2025-03-21T19:30:55.304+0500] {processor.py:914} INFO - Processing file /home/ruslan/.local/lib/python3.10/site-packages/airflow/example_dags/example_branch_python_dop_operator_3.py for tasks to queue
[2025-03-21T19:30:55.306+0500] {logging_mixin.py:190} INFO - [2025-03-21T19:30:55.306+0500] {dagbag.py:588} INFO - Filling up the DagBag from /home/ruslan/.local/lib/python3.10/site-packages/airflow/example_dags/example_branch_python_dop_operator_3.py
[2025-03-21T19:30:55.312+0500] {processor.py:925} INFO - DAG(s) 'example_branch_dop_operator_v3' retrieved from /home/ruslan/.local/lib/python3.10/site-packages/airflow/example_dags/example_branch_python_dop_operator_3.py
[2025-03-21T19:30:55.320+0500] {logging_mixin.py:190} INFO - [2025-03-21T19:30:55.320+0500] {dag.py:3239} INFO - Sync 1 DAGs
[2025-03-21T19:30:55.333+0500] {logging_mixin.py:190} INFO - [2025-03-21T19:30:55.333+0500] {dag.py:4180} INFO - Setting next_dagrun for example_branch_dop_operator_v3 to 2025-03-21 14:29:00+00:00, run_after=2025-03-21 14:30:00+00:00
[2025-03-21T19:30:55.347+0500] {processor.py:208} INFO - Processing /home/ruslan/.local/lib/python3.10/site-packages/airflow/example_dags/example_branch_python_dop_operator_3.py took 0.047 seconds
[2025-03-21T19:31:45.585+0500] {processor.py:186} INFO - Started process (PID=142307) to work on /home/ruslan/.local/lib/python3.10/site-packages/airflow/example_dags/example_branch_python_dop_operator_3.py
[2025-03-21T19:31:45.586+0500] {processor.py:914} INFO - Processing file /home/ruslan/.local/lib/python3.10/site-packages/airflow/example_dags/example_branch_python_dop_operator_3.py for tasks to queue
[2025-03-21T19:31:45.588+0500] {logging_mixin.py:190} INFO - [2025-03-21T19:31:45.588+0500] {dagbag.py:588} INFO - Filling up the DagBag from /home/ruslan/.local/lib/python3.10/site-packages/airflow/example_dags/example_branch_python_dop_operator_3.py
[2025-03-21T19:31:45.594+0500] {processor.py:925} INFO - DAG(s) 'example_branch_dop_operator_v3' retrieved from /home/ruslan/.local/lib/python3.10/site-packages/airflow/example_dags/example_branch_python_dop_operator_3.py
[2025-03-21T19:31:45.604+0500] {logging_mixin.py:190} INFO - [2025-03-21T19:31:45.604+0500] {dag.py:3239} INFO - Sync 1 DAGs
[2025-03-21T19:31:45.621+0500] {logging_mixin.py:190} INFO - [2025-03-21T19:31:45.621+0500] {dag.py:4180} INFO - Setting next_dagrun for example_branch_dop_operator_v3 to 2025-03-21 14:30:00+00:00, run_after=2025-03-21 14:31:00+00:00
[2025-03-21T19:31:45.637+0500] {processor.py:208} INFO - Processing /home/ruslan/.local/lib/python3.10/site-packages/airflow/example_dags/example_branch_python_dop_operator_3.py took 0.056 seconds
[2025-03-21T19:32:35.107+0500] {processor.py:186} INFO - Started process (PID=149634) to work on /home/ruslan/.local/lib/python3.10/site-packages/airflow/example_dags/example_branch_python_dop_operator_3.py
[2025-03-21T19:32:35.108+0500] {processor.py:914} INFO - Processing file /home/ruslan/.local/lib/python3.10/site-packages/airflow/example_dags/example_branch_python_dop_operator_3.py for tasks to queue
[2025-03-21T19:32:35.110+0500] {logging_mixin.py:190} INFO - [2025-03-21T19:32:35.110+0500] {dagbag.py:588} INFO - Filling up the DagBag from /home/ruslan/.local/lib/python3.10/site-packages/airflow/example_dags/example_branch_python_dop_operator_3.py
[2025-03-21T19:32:35.116+0500] {processor.py:925} INFO - DAG(s) 'example_branch_dop_operator_v3' retrieved from /home/ruslan/.local/lib/python3.10/site-packages/airflow/example_dags/example_branch_python_dop_operator_3.py
[2025-03-21T19:32:35.127+0500] {logging_mixin.py:190} INFO - [2025-03-21T19:32:35.127+0500] {dag.py:3239} INFO - Sync 1 DAGs
[2025-03-21T19:32:35.145+0500] {logging_mixin.py:190} INFO - [2025-03-21T19:32:35.145+0500] {dag.py:4180} INFO - Setting next_dagrun for example_branch_dop_operator_v3 to 2025-03-21 14:31:00+00:00, run_after=2025-03-21 14:32:00+00:00
[2025-03-21T19:32:35.164+0500] {processor.py:208} INFO - Processing /home/ruslan/.local/lib/python3.10/site-packages/airflow/example_dags/example_branch_python_dop_operator_3.py took 0.063 seconds
[2025-03-21T19:33:26.394+0500] {processor.py:186} INFO - Started process (PID=153879) to work on /home/ruslan/.local/lib/python3.10/site-packages/airflow/example_dags/example_branch_python_dop_operator_3.py
[2025-03-21T19:33:26.395+0500] {processor.py:914} INFO - Processing file /home/ruslan/.local/lib/python3.10/site-packages/airflow/example_dags/example_branch_python_dop_operator_3.py for tasks to queue
[2025-03-21T19:33:26.397+0500] {logging_mixin.py:190} INFO - [2025-03-21T19:33:26.397+0500] {dagbag.py:588} INFO - Filling up the DagBag from /home/ruslan/.local/lib/python3.10/site-packages/airflow/example_dags/example_branch_python_dop_operator_3.py
[2025-03-21T19:33:26.404+0500] {processor.py:925} INFO - DAG(s) 'example_branch_dop_operator_v3' retrieved from /home/ruslan/.local/lib/python3.10/site-packages/airflow/example_dags/example_branch_python_dop_operator_3.py
[2025-03-21T19:33:26.413+0500] {logging_mixin.py:190} INFO - [2025-03-21T19:33:26.413+0500] {dag.py:3239} INFO - Sync 1 DAGs
[2025-03-21T19:33:26.427+0500] {logging_mixin.py:190} INFO - [2025-03-21T19:33:26.427+0500] {dag.py:4180} INFO - Setting next_dagrun for example_branch_dop_operator_v3 to 2025-03-21 14:32:00+00:00, run_after=2025-03-21 14:33:00+00:00
[2025-03-21T19:33:26.443+0500] {processor.py:208} INFO - Processing /home/ruslan/.local/lib/python3.10/site-packages/airflow/example_dags/example_branch_python_dop_operator_3.py took 0.052 seconds
[2025-03-21T19:34:20.575+0500] {processor.py:186} INFO - Started process (PID=154251) to work on /home/ruslan/.local/lib/python3.10/site-packages/airflow/example_dags/example_branch_python_dop_operator_3.py
[2025-03-21T19:34:20.576+0500] {processor.py:914} INFO - Processing file /home/ruslan/.local/lib/python3.10/site-packages/airflow/example_dags/example_branch_python_dop_operator_3.py for tasks to queue
[2025-03-21T19:34:20.577+0500] {logging_mixin.py:190} INFO - [2025-03-21T19:34:20.577+0500] {dagbag.py:588} INFO - Filling up the DagBag from /home/ruslan/.local/lib/python3.10/site-packages/airflow/example_dags/example_branch_python_dop_operator_3.py
[2025-03-21T19:34:20.584+0500] {processor.py:925} INFO - DAG(s) 'example_branch_dop_operator_v3' retrieved from /home/ruslan/.local/lib/python3.10/site-packages/airflow/example_dags/example_branch_python_dop_operator_3.py
[2025-03-21T19:34:20.593+0500] {logging_mixin.py:190} INFO - [2025-03-21T19:34:20.593+0500] {dag.py:3239} INFO - Sync 1 DAGs
[2025-03-21T19:34:20.606+0500] {logging_mixin.py:190} INFO - [2025-03-21T19:34:20.606+0500] {dag.py:4180} INFO - Setting next_dagrun for example_branch_dop_operator_v3 to 2025-03-21 14:33:00+00:00, run_after=2025-03-21 14:34:00+00:00
[2025-03-21T19:34:20.621+0500] {processor.py:208} INFO - Processing /home/ruslan/.local/lib/python3.10/site-packages/airflow/example_dags/example_branch_python_dop_operator_3.py took 0.050 seconds
[2025-03-21T19:35:11.896+0500] {processor.py:186} INFO - Started process (PID=154548) to work on /home/ruslan/.local/lib/python3.10/site-packages/airflow/example_dags/example_branch_python_dop_operator_3.py
[2025-03-21T19:35:11.898+0500] {processor.py:914} INFO - Processing file /home/ruslan/.local/lib/python3.10/site-packages/airflow/example_dags/example_branch_python_dop_operator_3.py for tasks to queue
[2025-03-21T19:35:11.899+0500] {logging_mixin.py:190} INFO - [2025-03-21T19:35:11.899+0500] {dagbag.py:588} INFO - Filling up the DagBag from /home/ruslan/.local/lib/python3.10/site-packages/airflow/example_dags/example_branch_python_dop_operator_3.py
[2025-03-21T19:35:11.906+0500] {processor.py:925} INFO - DAG(s) 'example_branch_dop_operator_v3' retrieved from /home/ruslan/.local/lib/python3.10/site-packages/airflow/example_dags/example_branch_python_dop_operator_3.py
[2025-03-21T19:35:11.915+0500] {logging_mixin.py:190} INFO - [2025-03-21T19:35:11.914+0500] {dag.py:3239} INFO - Sync 1 DAGs
[2025-03-21T19:35:11.928+0500] {logging_mixin.py:190} INFO - [2025-03-21T19:35:11.928+0500] {dag.py:4180} INFO - Setting next_dagrun for example_branch_dop_operator_v3 to 2025-03-21 14:34:00+00:00, run_after=2025-03-21 14:35:00+00:00
[2025-03-21T19:35:11.945+0500] {processor.py:208} INFO - Processing /home/ruslan/.local/lib/python3.10/site-packages/airflow/example_dags/example_branch_python_dop_operator_3.py took 0.052 seconds
[2025-03-21T19:36:03.224+0500] {processor.py:186} INFO - Started process (PID=154805) to work on /home/ruslan/.local/lib/python3.10/site-packages/airflow/example_dags/example_branch_python_dop_operator_3.py
[2025-03-21T19:36:03.225+0500] {processor.py:914} INFO - Processing file /home/ruslan/.local/lib/python3.10/site-packages/airflow/example_dags/example_branch_python_dop_operator_3.py for tasks to queue
[2025-03-21T19:36:03.227+0500] {logging_mixin.py:190} INFO - [2025-03-21T19:36:03.227+0500] {dagbag.py:588} INFO - Filling up the DagBag from /home/ruslan/.local/lib/python3.10/site-packages/airflow/example_dags/example_branch_python_dop_operator_3.py
[2025-03-21T19:36:03.233+0500] {processor.py:925} INFO - DAG(s) 'example_branch_dop_operator_v3' retrieved from /home/ruslan/.local/lib/python3.10/site-packages/airflow/example_dags/example_branch_python_dop_operator_3.py
[2025-03-21T19:36:03.242+0500] {logging_mixin.py:190} INFO - [2025-03-21T19:36:03.242+0500] {dag.py:3239} INFO - Sync 1 DAGs
[2025-03-21T19:36:03.256+0500] {logging_mixin.py:190} INFO - [2025-03-21T19:36:03.256+0500] {dag.py:4180} INFO - Setting next_dagrun for example_branch_dop_operator_v3 to 2025-03-21 14:35:00+00:00, run_after=2025-03-21 14:36:00+00:00
[2025-03-21T19:36:03.273+0500] {processor.py:208} INFO - Processing /home/ruslan/.local/lib/python3.10/site-packages/airflow/example_dags/example_branch_python_dop_operator_3.py took 0.053 seconds
[2025-03-21T19:36:54.597+0500] {processor.py:186} INFO - Started process (PID=155285) to work on /home/ruslan/.local/lib/python3.10/site-packages/airflow/example_dags/example_branch_python_dop_operator_3.py
[2025-03-21T19:36:54.598+0500] {processor.py:914} INFO - Processing file /home/ruslan/.local/lib/python3.10/site-packages/airflow/example_dags/example_branch_python_dop_operator_3.py for tasks to queue
[2025-03-21T19:36:54.599+0500] {logging_mixin.py:190} INFO - [2025-03-21T19:36:54.599+0500] {dagbag.py:588} INFO - Filling up the DagBag from /home/ruslan/.local/lib/python3.10/site-packages/airflow/example_dags/example_branch_python_dop_operator_3.py
[2025-03-21T19:36:54.606+0500] {processor.py:925} INFO - DAG(s) 'example_branch_dop_operator_v3' retrieved from /home/ruslan/.local/lib/python3.10/site-packages/airflow/example_dags/example_branch_python_dop_operator_3.py
[2025-03-21T19:36:54.614+0500] {logging_mixin.py:190} INFO - [2025-03-21T19:36:54.613+0500] {dag.py:3239} INFO - Sync 1 DAGs
[2025-03-21T19:36:54.626+0500] {logging_mixin.py:190} INFO - [2025-03-21T19:36:54.626+0500] {dag.py:4180} INFO - Setting next_dagrun for example_branch_dop_operator_v3 to 2025-03-21 14:35:00+00:00, run_after=2025-03-21 14:36:00+00:00
[2025-03-21T19:36:54.643+0500] {processor.py:208} INFO - Processing /home/ruslan/.local/lib/python3.10/site-packages/airflow/example_dags/example_branch_python_dop_operator_3.py took 0.049 seconds
[2025-03-21T19:37:44.734+0500] {processor.py:186} INFO - Started process (PID=155576) to work on /home/ruslan/.local/lib/python3.10/site-packages/airflow/example_dags/example_branch_python_dop_operator_3.py
[2025-03-21T19:37:44.735+0500] {processor.py:914} INFO - Processing file /home/ruslan/.local/lib/python3.10/site-packages/airflow/example_dags/example_branch_python_dop_operator_3.py for tasks to queue
[2025-03-21T19:37:44.735+0500] {logging_mixin.py:190} INFO - [2025-03-21T19:37:44.735+0500] {dagbag.py:588} INFO - Filling up the DagBag from /home/ruslan/.local/lib/python3.10/site-packages/airflow/example_dags/example_branch_python_dop_operator_3.py
[2025-03-21T19:37:44.742+0500] {processor.py:925} INFO - DAG(s) 'example_branch_dop_operator_v3' retrieved from /home/ruslan/.local/lib/python3.10/site-packages/airflow/example_dags/example_branch_python_dop_operator_3.py
[2025-03-21T19:37:44.751+0500] {logging_mixin.py:190} INFO - [2025-03-21T19:37:44.751+0500] {dag.py:3239} INFO - Sync 1 DAGs
[2025-03-21T19:37:44.764+0500] {logging_mixin.py:190} INFO - [2025-03-21T19:37:44.764+0500] {dag.py:4180} INFO - Setting next_dagrun for example_branch_dop_operator_v3 to 2025-03-21 14:36:00+00:00, run_after=2025-03-21 14:37:00+00:00
[2025-03-21T19:37:44.779+0500] {processor.py:208} INFO - Processing /home/ruslan/.local/lib/python3.10/site-packages/airflow/example_dags/example_branch_python_dop_operator_3.py took 0.049 seconds
[2025-03-21T19:38:38.577+0500] {processor.py:186} INFO - Started process (PID=156233) to work on /home/ruslan/.local/lib/python3.10/site-packages/airflow/example_dags/example_branch_python_dop_operator_3.py
[2025-03-21T19:38:38.578+0500] {processor.py:914} INFO - Processing file /home/ruslan/.local/lib/python3.10/site-packages/airflow/example_dags/example_branch_python_dop_operator_3.py for tasks to queue
[2025-03-21T19:38:38.579+0500] {logging_mixin.py:190} INFO - [2025-03-21T19:38:38.578+0500] {dagbag.py:588} INFO - Filling up the DagBag from /home/ruslan/.local/lib/python3.10/site-packages/airflow/example_dags/example_branch_python_dop_operator_3.py
[2025-03-21T19:38:38.585+0500] {processor.py:925} INFO - DAG(s) 'example_branch_dop_operator_v3' retrieved from /home/ruslan/.local/lib/python3.10/site-packages/airflow/example_dags/example_branch_python_dop_operator_3.py
[2025-03-21T19:38:38.594+0500] {logging_mixin.py:190} INFO - [2025-03-21T19:38:38.594+0500] {dag.py:3239} INFO - Sync 1 DAGs
[2025-03-21T19:38:38.609+0500] {logging_mixin.py:190} INFO - [2025-03-21T19:38:38.609+0500] {dag.py:4180} INFO - Setting next_dagrun for example_branch_dop_operator_v3 to 2025-03-21 14:37:00+00:00, run_after=2025-03-21 14:38:00+00:00
[2025-03-21T19:38:38.624+0500] {processor.py:208} INFO - Processing /home/ruslan/.local/lib/python3.10/site-packages/airflow/example_dags/example_branch_python_dop_operator_3.py took 0.051 seconds
[2025-03-21T19:39:31.675+0500] {processor.py:186} INFO - Started process (PID=156672) to work on /home/ruslan/.local/lib/python3.10/site-packages/airflow/example_dags/example_branch_python_dop_operator_3.py
[2025-03-21T19:39:31.676+0500] {processor.py:914} INFO - Processing file /home/ruslan/.local/lib/python3.10/site-packages/airflow/example_dags/example_branch_python_dop_operator_3.py for tasks to queue
[2025-03-21T19:39:31.677+0500] {logging_mixin.py:190} INFO - [2025-03-21T19:39:31.677+0500] {dagbag.py:588} INFO - Filling up the DagBag from /home/ruslan/.local/lib/python3.10/site-packages/airflow/example_dags/example_branch_python_dop_operator_3.py
[2025-03-21T19:39:31.684+0500] {processor.py:925} INFO - DAG(s) 'example_branch_dop_operator_v3' retrieved from /home/ruslan/.local/lib/python3.10/site-packages/airflow/example_dags/example_branch_python_dop_operator_3.py
[2025-03-21T19:39:31.693+0500] {logging_mixin.py:190} INFO - [2025-03-21T19:39:31.693+0500] {dag.py:3239} INFO - Sync 1 DAGs
[2025-03-21T19:39:31.708+0500] {logging_mixin.py:190} INFO - [2025-03-21T19:39:31.707+0500] {dag.py:4180} INFO - Setting next_dagrun for example_branch_dop_operator_v3 to 2025-03-21 14:38:00+00:00, run_after=2025-03-21 14:39:00+00:00
[2025-03-21T19:39:31.722+0500] {processor.py:208} INFO - Processing /home/ruslan/.local/lib/python3.10/site-packages/airflow/example_dags/example_branch_python_dop_operator_3.py took 0.052 seconds
[2025-03-21T19:40:23.253+0500] {processor.py:186} INFO - Started process (PID=157158) to work on /home/ruslan/.local/lib/python3.10/site-packages/airflow/example_dags/example_branch_python_dop_operator_3.py
[2025-03-21T19:40:23.254+0500] {processor.py:914} INFO - Processing file /home/ruslan/.local/lib/python3.10/site-packages/airflow/example_dags/example_branch_python_dop_operator_3.py for tasks to queue
[2025-03-21T19:40:23.255+0500] {logging_mixin.py:190} INFO - [2025-03-21T19:40:23.254+0500] {dagbag.py:588} INFO - Filling up the DagBag from /home/ruslan/.local/lib/python3.10/site-packages/airflow/example_dags/example_branch_python_dop_operator_3.py
[2025-03-21T19:40:23.262+0500] {processor.py:925} INFO - DAG(s) 'example_branch_dop_operator_v3' retrieved from /home/ruslan/.local/lib/python3.10/site-packages/airflow/example_dags/example_branch_python_dop_operator_3.py
[2025-03-21T19:40:23.271+0500] {logging_mixin.py:190} INFO - [2025-03-21T19:40:23.271+0500] {dag.py:3239} INFO - Sync 1 DAGs
[2025-03-21T19:40:23.286+0500] {logging_mixin.py:190} INFO - [2025-03-21T19:40:23.286+0500] {dag.py:4180} INFO - Setting next_dagrun for example_branch_dop_operator_v3 to 2025-03-21 14:39:00+00:00, run_after=2025-03-21 14:40:00+00:00
[2025-03-21T19:40:23.301+0500] {processor.py:208} INFO - Processing /home/ruslan/.local/lib/python3.10/site-packages/airflow/example_dags/example_branch_python_dop_operator_3.py took 0.052 seconds
[2025-03-21T19:41:15.195+0500] {processor.py:186} INFO - Started process (PID=157427) to work on /home/ruslan/.local/lib/python3.10/site-packages/airflow/example_dags/example_branch_python_dop_operator_3.py
[2025-03-21T19:41:15.196+0500] {processor.py:914} INFO - Processing file /home/ruslan/.local/lib/python3.10/site-packages/airflow/example_dags/example_branch_python_dop_operator_3.py for tasks to queue
[2025-03-21T19:41:15.196+0500] {logging_mixin.py:190} INFO - [2025-03-21T19:41:15.196+0500] {dagbag.py:588} INFO - Filling up the DagBag from /home/ruslan/.local/lib/python3.10/site-packages/airflow/example_dags/example_branch_python_dop_operator_3.py
[2025-03-21T19:41:15.203+0500] {processor.py:925} INFO - DAG(s) 'example_branch_dop_operator_v3' retrieved from /home/ruslan/.local/lib/python3.10/site-packages/airflow/example_dags/example_branch_python_dop_operator_3.py
[2025-03-21T19:41:15.212+0500] {logging_mixin.py:190} INFO - [2025-03-21T19:41:15.212+0500] {dag.py:3239} INFO - Sync 1 DAGs
[2025-03-21T19:41:15.226+0500] {logging_mixin.py:190} INFO - [2025-03-21T19:41:15.226+0500] {dag.py:4180} INFO - Setting next_dagrun for example_branch_dop_operator_v3 to 2025-03-21 14:40:00+00:00, run_after=2025-03-21 14:41:00+00:00
[2025-03-21T19:41:15.242+0500] {processor.py:208} INFO - Processing /home/ruslan/.local/lib/python3.10/site-packages/airflow/example_dags/example_branch_python_dop_operator_3.py took 0.051 seconds
[2025-03-21T19:42:09.799+0500] {processor.py:186} INFO - Started process (PID=158151) to work on /home/ruslan/.local/lib/python3.10/site-packages/airflow/example_dags/example_branch_python_dop_operator_3.py
[2025-03-21T19:42:09.800+0500] {processor.py:914} INFO - Processing file /home/ruslan/.local/lib/python3.10/site-packages/airflow/example_dags/example_branch_python_dop_operator_3.py for tasks to queue
[2025-03-21T19:42:09.801+0500] {logging_mixin.py:190} INFO - [2025-03-21T19:42:09.801+0500] {dagbag.py:588} INFO - Filling up the DagBag from /home/ruslan/.local/lib/python3.10/site-packages/airflow/example_dags/example_branch_python_dop_operator_3.py
[2025-03-21T19:42:09.808+0500] {processor.py:925} INFO - DAG(s) 'example_branch_dop_operator_v3' retrieved from /home/ruslan/.local/lib/python3.10/site-packages/airflow/example_dags/example_branch_python_dop_operator_3.py
[2025-03-21T19:42:09.816+0500] {logging_mixin.py:190} INFO - [2025-03-21T19:42:09.816+0500] {dag.py:3239} INFO - Sync 1 DAGs
[2025-03-21T19:42:09.829+0500] {logging_mixin.py:190} INFO - [2025-03-21T19:42:09.829+0500] {dag.py:4180} INFO - Setting next_dagrun for example_branch_dop_operator_v3 to 2025-03-21 14:41:00+00:00, run_after=2025-03-21 14:42:00+00:00
[2025-03-21T19:42:09.846+0500] {processor.py:208} INFO - Processing /home/ruslan/.local/lib/python3.10/site-packages/airflow/example_dags/example_branch_python_dop_operator_3.py took 0.050 seconds
[2025-03-21T19:43:02.082+0500] {processor.py:186} INFO - Started process (PID=158665) to work on /home/ruslan/.local/lib/python3.10/site-packages/airflow/example_dags/example_branch_python_dop_operator_3.py
[2025-03-21T19:43:02.083+0500] {processor.py:914} INFO - Processing file /home/ruslan/.local/lib/python3.10/site-packages/airflow/example_dags/example_branch_python_dop_operator_3.py for tasks to queue
[2025-03-21T19:43:02.084+0500] {logging_mixin.py:190} INFO - [2025-03-21T19:43:02.084+0500] {dagbag.py:588} INFO - Filling up the DagBag from /home/ruslan/.local/lib/python3.10/site-packages/airflow/example_dags/example_branch_python_dop_operator_3.py
[2025-03-21T19:43:02.091+0500] {processor.py:925} INFO - DAG(s) 'example_branch_dop_operator_v3' retrieved from /home/ruslan/.local/lib/python3.10/site-packages/airflow/example_dags/example_branch_python_dop_operator_3.py
[2025-03-21T19:43:02.102+0500] {logging_mixin.py:190} INFO - [2025-03-21T19:43:02.102+0500] {dag.py:3239} INFO - Sync 1 DAGs
[2025-03-21T19:43:02.122+0500] {logging_mixin.py:190} INFO - [2025-03-21T19:43:02.122+0500] {dag.py:4180} INFO - Setting next_dagrun for example_branch_dop_operator_v3 to 2025-03-21 14:42:00+00:00, run_after=2025-03-21 14:43:00+00:00
[2025-03-21T19:43:02.141+0500] {processor.py:208} INFO - Processing /home/ruslan/.local/lib/python3.10/site-packages/airflow/example_dags/example_branch_python_dop_operator_3.py took 0.063 seconds
[2025-03-21T19:43:59.820+0500] {processor.py:186} INFO - Started process (PID=159367) to work on /home/ruslan/.local/lib/python3.10/site-packages/airflow/example_dags/example_branch_python_dop_operator_3.py
[2025-03-21T19:43:59.822+0500] {processor.py:914} INFO - Processing file /home/ruslan/.local/lib/python3.10/site-packages/airflow/example_dags/example_branch_python_dop_operator_3.py for tasks to queue
[2025-03-21T19:43:59.822+0500] {logging_mixin.py:190} INFO - [2025-03-21T19:43:59.822+0500] {dagbag.py:588} INFO - Filling up the DagBag from /home/ruslan/.local/lib/python3.10/site-packages/airflow/example_dags/example_branch_python_dop_operator_3.py
[2025-03-21T19:43:59.829+0500] {processor.py:925} INFO - DAG(s) 'example_branch_dop_operator_v3' retrieved from /home/ruslan/.local/lib/python3.10/site-packages/airflow/example_dags/example_branch_python_dop_operator_3.py
[2025-03-21T19:43:59.837+0500] {logging_mixin.py:190} INFO - [2025-03-21T19:43:59.837+0500] {dag.py:3239} INFO - Sync 1 DAGs
[2025-03-21T19:43:59.851+0500] {logging_mixin.py:190} INFO - [2025-03-21T19:43:59.851+0500] {dag.py:4180} INFO - Setting next_dagrun for example_branch_dop_operator_v3 to 2025-03-21 14:42:00+00:00, run_after=2025-03-21 14:43:00+00:00
[2025-03-21T19:43:59.866+0500] {processor.py:208} INFO - Processing /home/ruslan/.local/lib/python3.10/site-packages/airflow/example_dags/example_branch_python_dop_operator_3.py took 0.049 seconds
[2025-03-21T19:44:49.115+0500] {processor.py:186} INFO - Started process (PID=159949) to work on /home/ruslan/.local/lib/python3.10/site-packages/airflow/example_dags/example_branch_python_dop_operator_3.py
[2025-03-21T19:44:49.116+0500] {processor.py:914} INFO - Processing file /home/ruslan/.local/lib/python3.10/site-packages/airflow/example_dags/example_branch_python_dop_operator_3.py for tasks to queue
[2025-03-21T19:44:49.117+0500] {logging_mixin.py:190} INFO - [2025-03-21T19:44:49.117+0500] {dagbag.py:588} INFO - Filling up the DagBag from /home/ruslan/.local/lib/python3.10/site-packages/airflow/example_dags/example_branch_python_dop_operator_3.py
[2025-03-21T19:44:49.123+0500] {processor.py:925} INFO - DAG(s) 'example_branch_dop_operator_v3' retrieved from /home/ruslan/.local/lib/python3.10/site-packages/airflow/example_dags/example_branch_python_dop_operator_3.py
[2025-03-21T19:44:49.132+0500] {logging_mixin.py:190} INFO - [2025-03-21T19:44:49.131+0500] {dag.py:3239} INFO - Sync 1 DAGs
[2025-03-21T19:44:49.146+0500] {logging_mixin.py:190} INFO - [2025-03-21T19:44:49.146+0500] {dag.py:4180} INFO - Setting next_dagrun for example_branch_dop_operator_v3 to 2025-03-21 14:43:00+00:00, run_after=2025-03-21 14:44:00+00:00
[2025-03-21T19:44:49.160+0500] {processor.py:208} INFO - Processing /home/ruslan/.local/lib/python3.10/site-packages/airflow/example_dags/example_branch_python_dop_operator_3.py took 0.048 seconds
[2025-03-21T19:45:42.467+0500] {processor.py:186} INFO - Started process (PID=160463) to work on /home/ruslan/.local/lib/python3.10/site-packages/airflow/example_dags/example_branch_python_dop_operator_3.py
[2025-03-21T19:45:42.468+0500] {processor.py:914} INFO - Processing file /home/ruslan/.local/lib/python3.10/site-packages/airflow/example_dags/example_branch_python_dop_operator_3.py for tasks to queue
[2025-03-21T19:45:42.469+0500] {logging_mixin.py:190} INFO - [2025-03-21T19:45:42.469+0500] {dagbag.py:588} INFO - Filling up the DagBag from /home/ruslan/.local/lib/python3.10/site-packages/airflow/example_dags/example_branch_python_dop_operator_3.py
[2025-03-21T19:45:42.476+0500] {processor.py:925} INFO - DAG(s) 'example_branch_dop_operator_v3' retrieved from /home/ruslan/.local/lib/python3.10/site-packages/airflow/example_dags/example_branch_python_dop_operator_3.py
[2025-03-21T19:45:42.485+0500] {logging_mixin.py:190} INFO - [2025-03-21T19:45:42.484+0500] {dag.py:3239} INFO - Sync 1 DAGs
[2025-03-21T19:45:42.499+0500] {logging_mixin.py:190} INFO - [2025-03-21T19:45:42.499+0500] {dag.py:4180} INFO - Setting next_dagrun for example_branch_dop_operator_v3 to 2025-03-21 14:44:00+00:00, run_after=2025-03-21 14:45:00+00:00
[2025-03-21T19:45:42.514+0500] {processor.py:208} INFO - Processing /home/ruslan/.local/lib/python3.10/site-packages/airflow/example_dags/example_branch_python_dop_operator_3.py took 0.051 seconds
[2025-03-21T19:46:35.997+0500] {processor.py:186} INFO - Started process (PID=161023) to work on /home/ruslan/.local/lib/python3.10/site-packages/airflow/example_dags/example_branch_python_dop_operator_3.py
[2025-03-21T19:46:35.998+0500] {processor.py:914} INFO - Processing file /home/ruslan/.local/lib/python3.10/site-packages/airflow/example_dags/example_branch_python_dop_operator_3.py for tasks to queue
[2025-03-21T19:46:35.999+0500] {logging_mixin.py:190} INFO - [2025-03-21T19:46:35.998+0500] {dagbag.py:588} INFO - Filling up the DagBag from /home/ruslan/.local/lib/python3.10/site-packages/airflow/example_dags/example_branch_python_dop_operator_3.py
[2025-03-21T19:46:36.005+0500] {processor.py:925} INFO - DAG(s) 'example_branch_dop_operator_v3' retrieved from /home/ruslan/.local/lib/python3.10/site-packages/airflow/example_dags/example_branch_python_dop_operator_3.py
[2025-03-21T19:46:36.014+0500] {logging_mixin.py:190} INFO - [2025-03-21T19:46:36.014+0500] {dag.py:3239} INFO - Sync 1 DAGs
[2025-03-21T19:46:36.028+0500] {logging_mixin.py:190} INFO - [2025-03-21T19:46:36.027+0500] {dag.py:4180} INFO - Setting next_dagrun for example_branch_dop_operator_v3 to 2025-03-21 14:45:00+00:00, run_after=2025-03-21 14:46:00+00:00
[2025-03-21T19:46:36.043+0500] {processor.py:208} INFO - Processing /home/ruslan/.local/lib/python3.10/site-packages/airflow/example_dags/example_branch_python_dop_operator_3.py took 0.050 seconds
