[2025-03-21T19:27:49.860+0500] {processor.py:186} INFO - Started process (PID=141109) to work on /home/ruslan/.local/lib/python3.10/site-packages/airflow/example_dags/example_branch_day_of_week_operator.py
[2025-03-21T19:27:49.861+0500] {processor.py:914} INFO - Processing file /home/ruslan/.local/lib/python3.10/site-packages/airflow/example_dags/example_branch_day_of_week_operator.py for tasks to queue
[2025-03-21T19:27:49.863+0500] {logging_mixin.py:190} INFO - [2025-03-21T19:27:49.862+0500] {dagbag.py:588} INFO - Filling up the DagBag from /home/ruslan/.local/lib/python3.10/site-packages/airflow/example_dags/example_branch_day_of_week_operator.py
[2025-03-21T19:27:49.868+0500] {processor.py:925} INFO - DAG(s) 'example_weekday_branch_operator' retrieved from /home/ruslan/.local/lib/python3.10/site-packages/airflow/example_dags/example_branch_day_of_week_operator.py
[2025-03-21T19:27:49.926+0500] {logging_mixin.py:190} INFO - [2025-03-21T19:27:49.925+0500] {override.py:1930} INFO - Created Permission View: can edit on DAG:example_weekday_branch_operator
[2025-03-21T19:27:49.935+0500] {logging_mixin.py:190} INFO - [2025-03-21T19:27:49.935+0500] {override.py:1930} INFO - Created Permission View: can read on DAG:example_weekday_branch_operator
[2025-03-21T19:27:49.943+0500] {logging_mixin.py:190} INFO - [2025-03-21T19:27:49.943+0500] {override.py:1930} INFO - Created Permission View: can delete on DAG:example_weekday_branch_operator
[2025-03-21T19:27:49.954+0500] {logging_mixin.py:190} INFO - [2025-03-21T19:27:49.954+0500] {override.py:1930} INFO - Created Permission View: can create on DAG Run:example_weekday_branch_operator
[2025-03-21T19:27:49.961+0500] {logging_mixin.py:190} INFO - [2025-03-21T19:27:49.961+0500] {override.py:1930} INFO - Created Permission View: can read on DAG Run:example_weekday_branch_operator
[2025-03-21T19:27:49.968+0500] {logging_mixin.py:190} INFO - [2025-03-21T19:27:49.968+0500] {override.py:1930} INFO - Created Permission View: can delete on DAG Run:example_weekday_branch_operator
[2025-03-21T19:27:49.975+0500] {logging_mixin.py:190} INFO - [2025-03-21T19:27:49.975+0500] {override.py:1930} INFO - Created Permission View: menu access on DAG Run:example_weekday_branch_operator
[2025-03-21T19:27:49.975+0500] {logging_mixin.py:190} INFO - [2025-03-21T19:27:49.975+0500] {dag.py:3239} INFO - Sync 1 DAGs
[2025-03-21T19:27:49.982+0500] {logging_mixin.py:190} INFO - [2025-03-21T19:27:49.982+0500] {dag.py:3262} INFO - Creating ORM DAG for example_weekday_branch_operator
[2025-03-21T19:27:49.988+0500] {logging_mixin.py:190} INFO - [2025-03-21T19:27:49.987+0500] {dag.py:4180} INFO - Setting next_dagrun for example_weekday_branch_operator to 2025-03-20 00:00:00+00:00, run_after=2025-03-21 00:00:00+00:00
[2025-03-21T19:27:50.001+0500] {processor.py:208} INFO - Processing /home/ruslan/.local/lib/python3.10/site-packages/airflow/example_dags/example_branch_day_of_week_operator.py took 0.144 seconds
[2025-03-21T19:28:46.417+0500] {processor.py:186} INFO - Started process (PID=141415) to work on /home/ruslan/.local/lib/python3.10/site-packages/airflow/example_dags/example_branch_day_of_week_operator.py
[2025-03-21T19:28:46.418+0500] {processor.py:914} INFO - Processing file /home/ruslan/.local/lib/python3.10/site-packages/airflow/example_dags/example_branch_day_of_week_operator.py for tasks to queue
[2025-03-21T19:28:46.419+0500] {logging_mixin.py:190} INFO - [2025-03-21T19:28:46.419+0500] {dagbag.py:588} INFO - Filling up the DagBag from /home/ruslan/.local/lib/python3.10/site-packages/airflow/example_dags/example_branch_day_of_week_operator.py
[2025-03-21T19:28:46.424+0500] {processor.py:925} INFO - DAG(s) 'example_weekday_branch_operator' retrieved from /home/ruslan/.local/lib/python3.10/site-packages/airflow/example_dags/example_branch_day_of_week_operator.py
[2025-03-21T19:28:46.433+0500] {logging_mixin.py:190} INFO - [2025-03-21T19:28:46.433+0500] {dag.py:3239} INFO - Sync 1 DAGs
[2025-03-21T19:28:46.445+0500] {logging_mixin.py:190} INFO - [2025-03-21T19:28:46.445+0500] {dag.py:4180} INFO - Setting next_dagrun for example_weekday_branch_operator to 2025-03-20 00:00:00+00:00, run_after=2025-03-21 00:00:00+00:00
[2025-03-21T19:28:46.459+0500] {processor.py:208} INFO - Processing /home/ruslan/.local/lib/python3.10/site-packages/airflow/example_dags/example_branch_day_of_week_operator.py took 0.046 seconds
[2025-03-21T19:29:40.782+0500] {processor.py:186} INFO - Started process (PID=141687) to work on /home/ruslan/.local/lib/python3.10/site-packages/airflow/example_dags/example_branch_day_of_week_operator.py
[2025-03-21T19:29:40.783+0500] {processor.py:914} INFO - Processing file /home/ruslan/.local/lib/python3.10/site-packages/airflow/example_dags/example_branch_day_of_week_operator.py for tasks to queue
[2025-03-21T19:29:40.784+0500] {logging_mixin.py:190} INFO - [2025-03-21T19:29:40.784+0500] {dagbag.py:588} INFO - Filling up the DagBag from /home/ruslan/.local/lib/python3.10/site-packages/airflow/example_dags/example_branch_day_of_week_operator.py
[2025-03-21T19:29:40.790+0500] {processor.py:925} INFO - DAG(s) 'example_weekday_branch_operator' retrieved from /home/ruslan/.local/lib/python3.10/site-packages/airflow/example_dags/example_branch_day_of_week_operator.py
[2025-03-21T19:29:40.798+0500] {logging_mixin.py:190} INFO - [2025-03-21T19:29:40.798+0500] {dag.py:3239} INFO - Sync 1 DAGs
[2025-03-21T19:29:40.809+0500] {logging_mixin.py:190} INFO - [2025-03-21T19:29:40.809+0500] {dag.py:4180} INFO - Setting next_dagrun for example_weekday_branch_operator to 2025-03-20 00:00:00+00:00, run_after=2025-03-21 00:00:00+00:00
[2025-03-21T19:29:40.824+0500] {processor.py:208} INFO - Processing /home/ruslan/.local/lib/python3.10/site-packages/airflow/example_dags/example_branch_day_of_week_operator.py took 0.045 seconds
[2025-03-21T19:30:35.896+0500] {processor.py:186} INFO - Started process (PID=141959) to work on /home/ruslan/.local/lib/python3.10/site-packages/airflow/example_dags/example_branch_day_of_week_operator.py
[2025-03-21T19:30:35.898+0500] {processor.py:914} INFO - Processing file /home/ruslan/.local/lib/python3.10/site-packages/airflow/example_dags/example_branch_day_of_week_operator.py for tasks to queue
[2025-03-21T19:30:35.899+0500] {logging_mixin.py:190} INFO - [2025-03-21T19:30:35.899+0500] {dagbag.py:588} INFO - Filling up the DagBag from /home/ruslan/.local/lib/python3.10/site-packages/airflow/example_dags/example_branch_day_of_week_operator.py
[2025-03-21T19:30:35.905+0500] {processor.py:925} INFO - DAG(s) 'example_weekday_branch_operator' retrieved from /home/ruslan/.local/lib/python3.10/site-packages/airflow/example_dags/example_branch_day_of_week_operator.py
[2025-03-21T19:30:35.914+0500] {logging_mixin.py:190} INFO - [2025-03-21T19:30:35.913+0500] {dag.py:3239} INFO - Sync 1 DAGs
[2025-03-21T19:30:35.925+0500] {logging_mixin.py:190} INFO - [2025-03-21T19:30:35.925+0500] {dag.py:4180} INFO - Setting next_dagrun for example_weekday_branch_operator to 2025-03-20 00:00:00+00:00, run_after=2025-03-21 00:00:00+00:00
[2025-03-21T19:30:35.939+0500] {processor.py:208} INFO - Processing /home/ruslan/.local/lib/python3.10/site-packages/airflow/example_dags/example_branch_day_of_week_operator.py took 0.046 seconds
[2025-03-21T19:31:27.366+0500] {processor.py:186} INFO - Started process (PID=142217) to work on /home/ruslan/.local/lib/python3.10/site-packages/airflow/example_dags/example_branch_day_of_week_operator.py
[2025-03-21T19:31:27.367+0500] {processor.py:914} INFO - Processing file /home/ruslan/.local/lib/python3.10/site-packages/airflow/example_dags/example_branch_day_of_week_operator.py for tasks to queue
[2025-03-21T19:31:27.368+0500] {logging_mixin.py:190} INFO - [2025-03-21T19:31:27.368+0500] {dagbag.py:588} INFO - Filling up the DagBag from /home/ruslan/.local/lib/python3.10/site-packages/airflow/example_dags/example_branch_day_of_week_operator.py
[2025-03-21T19:31:27.375+0500] {processor.py:925} INFO - DAG(s) 'example_weekday_branch_operator' retrieved from /home/ruslan/.local/lib/python3.10/site-packages/airflow/example_dags/example_branch_day_of_week_operator.py
[2025-03-21T19:31:27.384+0500] {logging_mixin.py:190} INFO - [2025-03-21T19:31:27.384+0500] {dag.py:3239} INFO - Sync 1 DAGs
[2025-03-21T19:31:27.397+0500] {logging_mixin.py:190} INFO - [2025-03-21T19:31:27.397+0500] {dag.py:4180} INFO - Setting next_dagrun for example_weekday_branch_operator to 2025-03-20 00:00:00+00:00, run_after=2025-03-21 00:00:00+00:00
[2025-03-21T19:31:27.414+0500] {processor.py:208} INFO - Processing /home/ruslan/.local/lib/python3.10/site-packages/airflow/example_dags/example_branch_day_of_week_operator.py took 0.052 seconds
[2025-03-21T19:32:17.523+0500] {processor.py:186} INFO - Started process (PID=142487) to work on /home/ruslan/.local/lib/python3.10/site-packages/airflow/example_dags/example_branch_day_of_week_operator.py
[2025-03-21T19:32:17.524+0500] {processor.py:914} INFO - Processing file /home/ruslan/.local/lib/python3.10/site-packages/airflow/example_dags/example_branch_day_of_week_operator.py for tasks to queue
[2025-03-21T19:32:17.525+0500] {logging_mixin.py:190} INFO - [2025-03-21T19:32:17.525+0500] {dagbag.py:588} INFO - Filling up the DagBag from /home/ruslan/.local/lib/python3.10/site-packages/airflow/example_dags/example_branch_day_of_week_operator.py
[2025-03-21T19:32:17.532+0500] {processor.py:925} INFO - DAG(s) 'example_weekday_branch_operator' retrieved from /home/ruslan/.local/lib/python3.10/site-packages/airflow/example_dags/example_branch_day_of_week_operator.py
[2025-03-21T19:32:17.541+0500] {logging_mixin.py:190} INFO - [2025-03-21T19:32:17.541+0500] {dag.py:3239} INFO - Sync 1 DAGs
[2025-03-21T19:32:17.553+0500] {logging_mixin.py:190} INFO - [2025-03-21T19:32:17.553+0500] {dag.py:4180} INFO - Setting next_dagrun for example_weekday_branch_operator to 2025-03-20 00:00:00+00:00, run_after=2025-03-21 00:00:00+00:00
[2025-03-21T19:32:17.570+0500] {processor.py:208} INFO - Processing /home/ruslan/.local/lib/python3.10/site-packages/airflow/example_dags/example_branch_day_of_week_operator.py took 0.051 seconds
[2025-03-21T19:33:08.715+0500] {processor.py:186} INFO - Started process (PID=153637) to work on /home/ruslan/.local/lib/python3.10/site-packages/airflow/example_dags/example_branch_day_of_week_operator.py
[2025-03-21T19:33:08.716+0500] {processor.py:914} INFO - Processing file /home/ruslan/.local/lib/python3.10/site-packages/airflow/example_dags/example_branch_day_of_week_operator.py for tasks to queue
[2025-03-21T19:33:08.717+0500] {logging_mixin.py:190} INFO - [2025-03-21T19:33:08.717+0500] {dagbag.py:588} INFO - Filling up the DagBag from /home/ruslan/.local/lib/python3.10/site-packages/airflow/example_dags/example_branch_day_of_week_operator.py
[2025-03-21T19:33:08.724+0500] {processor.py:925} INFO - DAG(s) 'example_weekday_branch_operator' retrieved from /home/ruslan/.local/lib/python3.10/site-packages/airflow/example_dags/example_branch_day_of_week_operator.py
[2025-03-21T19:33:08.734+0500] {logging_mixin.py:190} INFO - [2025-03-21T19:33:08.734+0500] {dag.py:3239} INFO - Sync 1 DAGs
[2025-03-21T19:33:08.746+0500] {logging_mixin.py:190} INFO - [2025-03-21T19:33:08.746+0500] {dag.py:4180} INFO - Setting next_dagrun for example_weekday_branch_operator to 2025-03-20 00:00:00+00:00, run_after=2025-03-21 00:00:00+00:00
[2025-03-21T19:33:08.762+0500] {processor.py:208} INFO - Processing /home/ruslan/.local/lib/python3.10/site-packages/airflow/example_dags/example_branch_day_of_week_operator.py took 0.051 seconds
[2025-03-21T19:34:03.435+0500] {processor.py:186} INFO - Started process (PID=154165) to work on /home/ruslan/.local/lib/python3.10/site-packages/airflow/example_dags/example_branch_day_of_week_operator.py
[2025-03-21T19:34:03.436+0500] {processor.py:914} INFO - Processing file /home/ruslan/.local/lib/python3.10/site-packages/airflow/example_dags/example_branch_day_of_week_operator.py for tasks to queue
[2025-03-21T19:34:03.438+0500] {logging_mixin.py:190} INFO - [2025-03-21T19:34:03.438+0500] {dagbag.py:588} INFO - Filling up the DagBag from /home/ruslan/.local/lib/python3.10/site-packages/airflow/example_dags/example_branch_day_of_week_operator.py
[2025-03-21T19:34:03.444+0500] {processor.py:925} INFO - DAG(s) 'example_weekday_branch_operator' retrieved from /home/ruslan/.local/lib/python3.10/site-packages/airflow/example_dags/example_branch_day_of_week_operator.py
[2025-03-21T19:34:03.454+0500] {logging_mixin.py:190} INFO - [2025-03-21T19:34:03.454+0500] {dag.py:3239} INFO - Sync 1 DAGs
[2025-03-21T19:34:03.466+0500] {logging_mixin.py:190} INFO - [2025-03-21T19:34:03.465+0500] {dag.py:4180} INFO - Setting next_dagrun for example_weekday_branch_operator to 2025-03-20 00:00:00+00:00, run_after=2025-03-21 00:00:00+00:00
[2025-03-21T19:34:03.480+0500] {processor.py:208} INFO - Processing /home/ruslan/.local/lib/python3.10/site-packages/airflow/example_dags/example_branch_day_of_week_operator.py took 0.049 seconds
[2025-03-21T19:34:56.533+0500] {processor.py:186} INFO - Started process (PID=154471) to work on /home/ruslan/.local/lib/python3.10/site-packages/airflow/example_dags/example_branch_day_of_week_operator.py
[2025-03-21T19:34:56.534+0500] {processor.py:914} INFO - Processing file /home/ruslan/.local/lib/python3.10/site-packages/airflow/example_dags/example_branch_day_of_week_operator.py for tasks to queue
[2025-03-21T19:34:56.536+0500] {logging_mixin.py:190} INFO - [2025-03-21T19:34:56.536+0500] {dagbag.py:588} INFO - Filling up the DagBag from /home/ruslan/.local/lib/python3.10/site-packages/airflow/example_dags/example_branch_day_of_week_operator.py
[2025-03-21T19:34:56.542+0500] {processor.py:925} INFO - DAG(s) 'example_weekday_branch_operator' retrieved from /home/ruslan/.local/lib/python3.10/site-packages/airflow/example_dags/example_branch_day_of_week_operator.py
[2025-03-21T19:34:56.551+0500] {logging_mixin.py:190} INFO - [2025-03-21T19:34:56.551+0500] {dag.py:3239} INFO - Sync 1 DAGs
[2025-03-21T19:34:56.564+0500] {logging_mixin.py:190} INFO - [2025-03-21T19:34:56.564+0500] {dag.py:4180} INFO - Setting next_dagrun for example_weekday_branch_operator to 2025-03-20 00:00:00+00:00, run_after=2025-03-21 00:00:00+00:00
[2025-03-21T19:34:56.579+0500] {processor.py:208} INFO - Processing /home/ruslan/.local/lib/python3.10/site-packages/airflow/example_dags/example_branch_day_of_week_operator.py took 0.050 seconds
[2025-03-21T19:35:47.670+0500] {processor.py:186} INFO - Started process (PID=154727) to work on /home/ruslan/.local/lib/python3.10/site-packages/airflow/example_dags/example_branch_day_of_week_operator.py
[2025-03-21T19:35:47.671+0500] {processor.py:914} INFO - Processing file /home/ruslan/.local/lib/python3.10/site-packages/airflow/example_dags/example_branch_day_of_week_operator.py for tasks to queue
[2025-03-21T19:35:47.672+0500] {logging_mixin.py:190} INFO - [2025-03-21T19:35:47.672+0500] {dagbag.py:588} INFO - Filling up the DagBag from /home/ruslan/.local/lib/python3.10/site-packages/airflow/example_dags/example_branch_day_of_week_operator.py
[2025-03-21T19:35:47.679+0500] {processor.py:925} INFO - DAG(s) 'example_weekday_branch_operator' retrieved from /home/ruslan/.local/lib/python3.10/site-packages/airflow/example_dags/example_branch_day_of_week_operator.py
[2025-03-21T19:35:47.688+0500] {logging_mixin.py:190} INFO - [2025-03-21T19:35:47.688+0500] {dag.py:3239} INFO - Sync 1 DAGs
[2025-03-21T19:35:47.701+0500] {logging_mixin.py:190} INFO - [2025-03-21T19:35:47.700+0500] {dag.py:4180} INFO - Setting next_dagrun for example_weekday_branch_operator to 2025-03-20 00:00:00+00:00, run_after=2025-03-21 00:00:00+00:00
[2025-03-21T19:35:47.716+0500] {processor.py:208} INFO - Processing /home/ruslan/.local/lib/python3.10/site-packages/airflow/example_dags/example_branch_day_of_week_operator.py took 0.049 seconds
[2025-03-21T19:36:39.191+0500] {processor.py:186} INFO - Started process (PID=155204) to work on /home/ruslan/.local/lib/python3.10/site-packages/airflow/example_dags/example_branch_day_of_week_operator.py
[2025-03-21T19:36:39.192+0500] {processor.py:914} INFO - Processing file /home/ruslan/.local/lib/python3.10/site-packages/airflow/example_dags/example_branch_day_of_week_operator.py for tasks to queue
[2025-03-21T19:36:39.193+0500] {logging_mixin.py:190} INFO - [2025-03-21T19:36:39.193+0500] {dagbag.py:588} INFO - Filling up the DagBag from /home/ruslan/.local/lib/python3.10/site-packages/airflow/example_dags/example_branch_day_of_week_operator.py
[2025-03-21T19:36:39.200+0500] {processor.py:925} INFO - DAG(s) 'example_weekday_branch_operator' retrieved from /home/ruslan/.local/lib/python3.10/site-packages/airflow/example_dags/example_branch_day_of_week_operator.py
[2025-03-21T19:36:39.209+0500] {logging_mixin.py:190} INFO - [2025-03-21T19:36:39.208+0500] {dag.py:3239} INFO - Sync 1 DAGs
[2025-03-21T19:36:39.220+0500] {logging_mixin.py:190} INFO - [2025-03-21T19:36:39.220+0500] {dag.py:4180} INFO - Setting next_dagrun for example_weekday_branch_operator to 2025-03-20 00:00:00+00:00, run_after=2025-03-21 00:00:00+00:00
[2025-03-21T19:36:39.235+0500] {processor.py:208} INFO - Processing /home/ruslan/.local/lib/python3.10/site-packages/airflow/example_dags/example_branch_day_of_week_operator.py took 0.048 seconds
[2025-03-21T19:37:29.600+0500] {processor.py:186} INFO - Started process (PID=155491) to work on /home/ruslan/.local/lib/python3.10/site-packages/airflow/example_dags/example_branch_day_of_week_operator.py
[2025-03-21T19:37:29.601+0500] {processor.py:914} INFO - Processing file /home/ruslan/.local/lib/python3.10/site-packages/airflow/example_dags/example_branch_day_of_week_operator.py for tasks to queue
[2025-03-21T19:37:29.602+0500] {logging_mixin.py:190} INFO - [2025-03-21T19:37:29.602+0500] {dagbag.py:588} INFO - Filling up the DagBag from /home/ruslan/.local/lib/python3.10/site-packages/airflow/example_dags/example_branch_day_of_week_operator.py
[2025-03-21T19:37:29.608+0500] {processor.py:925} INFO - DAG(s) 'example_weekday_branch_operator' retrieved from /home/ruslan/.local/lib/python3.10/site-packages/airflow/example_dags/example_branch_day_of_week_operator.py
[2025-03-21T19:37:29.617+0500] {logging_mixin.py:190} INFO - [2025-03-21T19:37:29.617+0500] {dag.py:3239} INFO - Sync 1 DAGs
[2025-03-21T19:37:29.629+0500] {logging_mixin.py:190} INFO - [2025-03-21T19:37:29.629+0500] {dag.py:4180} INFO - Setting next_dagrun for example_weekday_branch_operator to 2025-03-20 00:00:00+00:00, run_after=2025-03-21 00:00:00+00:00
[2025-03-21T19:37:29.644+0500] {processor.py:208} INFO - Processing /home/ruslan/.local/lib/python3.10/site-packages/airflow/example_dags/example_branch_day_of_week_operator.py took 0.047 seconds
[2025-03-21T19:38:21.702+0500] {processor.py:186} INFO - Started process (PID=155991) to work on /home/ruslan/.local/lib/python3.10/site-packages/airflow/example_dags/example_branch_day_of_week_operator.py
[2025-03-21T19:38:21.703+0500] {processor.py:914} INFO - Processing file /home/ruslan/.local/lib/python3.10/site-packages/airflow/example_dags/example_branch_day_of_week_operator.py for tasks to queue
[2025-03-21T19:38:21.704+0500] {logging_mixin.py:190} INFO - [2025-03-21T19:38:21.704+0500] {dagbag.py:588} INFO - Filling up the DagBag from /home/ruslan/.local/lib/python3.10/site-packages/airflow/example_dags/example_branch_day_of_week_operator.py
[2025-03-21T19:38:21.710+0500] {processor.py:925} INFO - DAG(s) 'example_weekday_branch_operator' retrieved from /home/ruslan/.local/lib/python3.10/site-packages/airflow/example_dags/example_branch_day_of_week_operator.py
[2025-03-21T19:38:21.719+0500] {logging_mixin.py:190} INFO - [2025-03-21T19:38:21.719+0500] {dag.py:3239} INFO - Sync 1 DAGs
[2025-03-21T19:38:21.731+0500] {logging_mixin.py:190} INFO - [2025-03-21T19:38:21.731+0500] {dag.py:4180} INFO - Setting next_dagrun for example_weekday_branch_operator to 2025-03-20 00:00:00+00:00, run_after=2025-03-21 00:00:00+00:00
[2025-03-21T19:38:21.746+0500] {processor.py:208} INFO - Processing /home/ruslan/.local/lib/python3.10/site-packages/airflow/example_dags/example_branch_day_of_week_operator.py took 0.048 seconds
[2025-03-21T19:39:13.145+0500] {processor.py:186} INFO - Started process (PID=156576) to work on /home/ruslan/.local/lib/python3.10/site-packages/airflow/example_dags/example_branch_day_of_week_operator.py
[2025-03-21T19:39:13.146+0500] {processor.py:914} INFO - Processing file /home/ruslan/.local/lib/python3.10/site-packages/airflow/example_dags/example_branch_day_of_week_operator.py for tasks to queue
[2025-03-21T19:39:13.147+0500] {logging_mixin.py:190} INFO - [2025-03-21T19:39:13.147+0500] {dagbag.py:588} INFO - Filling up the DagBag from /home/ruslan/.local/lib/python3.10/site-packages/airflow/example_dags/example_branch_day_of_week_operator.py
[2025-03-21T19:39:13.154+0500] {processor.py:925} INFO - DAG(s) 'example_weekday_branch_operator' retrieved from /home/ruslan/.local/lib/python3.10/site-packages/airflow/example_dags/example_branch_day_of_week_operator.py
[2025-03-21T19:39:13.163+0500] {logging_mixin.py:190} INFO - [2025-03-21T19:39:13.163+0500] {dag.py:3239} INFO - Sync 1 DAGs
[2025-03-21T19:39:13.175+0500] {logging_mixin.py:190} INFO - [2025-03-21T19:39:13.175+0500] {dag.py:4180} INFO - Setting next_dagrun for example_weekday_branch_operator to 2025-03-20 00:00:00+00:00, run_after=2025-03-21 00:00:00+00:00
[2025-03-21T19:39:13.191+0500] {processor.py:208} INFO - Processing /home/ruslan/.local/lib/python3.10/site-packages/airflow/example_dags/example_branch_day_of_week_operator.py took 0.050 seconds
[2025-03-21T19:40:05.645+0500] {processor.py:186} INFO - Started process (PID=156841) to work on /home/ruslan/.local/lib/python3.10/site-packages/airflow/example_dags/example_branch_day_of_week_operator.py
[2025-03-21T19:40:05.646+0500] {processor.py:914} INFO - Processing file /home/ruslan/.local/lib/python3.10/site-packages/airflow/example_dags/example_branch_day_of_week_operator.py for tasks to queue
[2025-03-21T19:40:05.647+0500] {logging_mixin.py:190} INFO - [2025-03-21T19:40:05.646+0500] {dagbag.py:588} INFO - Filling up the DagBag from /home/ruslan/.local/lib/python3.10/site-packages/airflow/example_dags/example_branch_day_of_week_operator.py
[2025-03-21T19:40:05.653+0500] {processor.py:925} INFO - DAG(s) 'example_weekday_branch_operator' retrieved from /home/ruslan/.local/lib/python3.10/site-packages/airflow/example_dags/example_branch_day_of_week_operator.py
[2025-03-21T19:40:05.663+0500] {logging_mixin.py:190} INFO - [2025-03-21T19:40:05.663+0500] {dag.py:3239} INFO - Sync 1 DAGs
[2025-03-21T19:40:05.676+0500] {logging_mixin.py:190} INFO - [2025-03-21T19:40:05.676+0500] {dag.py:4180} INFO - Setting next_dagrun for example_weekday_branch_operator to 2025-03-20 00:00:00+00:00, run_after=2025-03-21 00:00:00+00:00
[2025-03-21T19:40:05.690+0500] {processor.py:208} INFO - Processing /home/ruslan/.local/lib/python3.10/site-packages/airflow/example_dags/example_branch_day_of_week_operator.py took 0.050 seconds
[2025-03-21T19:40:59.068+0500] {processor.py:186} INFO - Started process (PID=157339) to work on /home/ruslan/.local/lib/python3.10/site-packages/airflow/example_dags/example_branch_day_of_week_operator.py
[2025-03-21T19:40:59.069+0500] {processor.py:914} INFO - Processing file /home/ruslan/.local/lib/python3.10/site-packages/airflow/example_dags/example_branch_day_of_week_operator.py for tasks to queue
[2025-03-21T19:40:59.070+0500] {logging_mixin.py:190} INFO - [2025-03-21T19:40:59.069+0500] {dagbag.py:588} INFO - Filling up the DagBag from /home/ruslan/.local/lib/python3.10/site-packages/airflow/example_dags/example_branch_day_of_week_operator.py
[2025-03-21T19:40:59.076+0500] {processor.py:925} INFO - DAG(s) 'example_weekday_branch_operator' retrieved from /home/ruslan/.local/lib/python3.10/site-packages/airflow/example_dags/example_branch_day_of_week_operator.py
[2025-03-21T19:40:59.086+0500] {logging_mixin.py:190} INFO - [2025-03-21T19:40:59.085+0500] {dag.py:3239} INFO - Sync 1 DAGs
[2025-03-21T19:40:59.098+0500] {logging_mixin.py:190} INFO - [2025-03-21T19:40:59.098+0500] {dag.py:4180} INFO - Setting next_dagrun for example_weekday_branch_operator to 2025-03-20 00:00:00+00:00, run_after=2025-03-21 00:00:00+00:00
[2025-03-21T19:40:59.114+0500] {processor.py:208} INFO - Processing /home/ruslan/.local/lib/python3.10/site-packages/airflow/example_dags/example_branch_day_of_week_operator.py took 0.050 seconds
[2025-03-21T19:41:53.350+0500] {processor.py:186} INFO - Started process (PID=157992) to work on /home/ruslan/.local/lib/python3.10/site-packages/airflow/example_dags/example_branch_day_of_week_operator.py
[2025-03-21T19:41:53.351+0500] {processor.py:914} INFO - Processing file /home/ruslan/.local/lib/python3.10/site-packages/airflow/example_dags/example_branch_day_of_week_operator.py for tasks to queue
[2025-03-21T19:41:53.352+0500] {logging_mixin.py:190} INFO - [2025-03-21T19:41:53.352+0500] {dagbag.py:588} INFO - Filling up the DagBag from /home/ruslan/.local/lib/python3.10/site-packages/airflow/example_dags/example_branch_day_of_week_operator.py
[2025-03-21T19:41:53.358+0500] {processor.py:925} INFO - DAG(s) 'example_weekday_branch_operator' retrieved from /home/ruslan/.local/lib/python3.10/site-packages/airflow/example_dags/example_branch_day_of_week_operator.py
[2025-03-21T19:41:53.367+0500] {logging_mixin.py:190} INFO - [2025-03-21T19:41:53.367+0500] {dag.py:3239} INFO - Sync 1 DAGs
[2025-03-21T19:41:53.380+0500] {logging_mixin.py:190} INFO - [2025-03-21T19:41:53.380+0500] {dag.py:4180} INFO - Setting next_dagrun for example_weekday_branch_operator to 2025-03-20 00:00:00+00:00, run_after=2025-03-21 00:00:00+00:00
[2025-03-21T19:41:53.395+0500] {processor.py:208} INFO - Processing /home/ruslan/.local/lib/python3.10/site-packages/airflow/example_dags/example_branch_day_of_week_operator.py took 0.049 seconds
[2025-03-21T19:42:45.816+0500] {processor.py:186} INFO - Started process (PID=158552) to work on /home/ruslan/.local/lib/python3.10/site-packages/airflow/example_dags/example_branch_day_of_week_operator.py
[2025-03-21T19:42:45.817+0500] {processor.py:914} INFO - Processing file /home/ruslan/.local/lib/python3.10/site-packages/airflow/example_dags/example_branch_day_of_week_operator.py for tasks to queue
[2025-03-21T19:42:45.818+0500] {logging_mixin.py:190} INFO - [2025-03-21T19:42:45.818+0500] {dagbag.py:588} INFO - Filling up the DagBag from /home/ruslan/.local/lib/python3.10/site-packages/airflow/example_dags/example_branch_day_of_week_operator.py
[2025-03-21T19:42:45.824+0500] {processor.py:925} INFO - DAG(s) 'example_weekday_branch_operator' retrieved from /home/ruslan/.local/lib/python3.10/site-packages/airflow/example_dags/example_branch_day_of_week_operator.py
[2025-03-21T19:42:45.833+0500] {logging_mixin.py:190} INFO - [2025-03-21T19:42:45.833+0500] {dag.py:3239} INFO - Sync 1 DAGs
[2025-03-21T19:42:45.844+0500] {logging_mixin.py:190} INFO - [2025-03-21T19:42:45.844+0500] {dag.py:4180} INFO - Setting next_dagrun for example_weekday_branch_operator to 2025-03-20 00:00:00+00:00, run_after=2025-03-21 00:00:00+00:00
[2025-03-21T19:42:45.859+0500] {processor.py:208} INFO - Processing /home/ruslan/.local/lib/python3.10/site-packages/airflow/example_dags/example_branch_day_of_week_operator.py took 0.047 seconds
[2025-03-21T19:43:42.156+0500] {processor.py:186} INFO - Started process (PID=159144) to work on /home/ruslan/.local/lib/python3.10/site-packages/airflow/example_dags/example_branch_day_of_week_operator.py
[2025-03-21T19:43:42.158+0500] {processor.py:914} INFO - Processing file /home/ruslan/.local/lib/python3.10/site-packages/airflow/example_dags/example_branch_day_of_week_operator.py for tasks to queue
[2025-03-21T19:43:42.158+0500] {logging_mixin.py:190} INFO - [2025-03-21T19:43:42.158+0500] {dagbag.py:588} INFO - Filling up the DagBag from /home/ruslan/.local/lib/python3.10/site-packages/airflow/example_dags/example_branch_day_of_week_operator.py
[2025-03-21T19:43:42.164+0500] {processor.py:925} INFO - DAG(s) 'example_weekday_branch_operator' retrieved from /home/ruslan/.local/lib/python3.10/site-packages/airflow/example_dags/example_branch_day_of_week_operator.py
[2025-03-21T19:43:42.173+0500] {logging_mixin.py:190} INFO - [2025-03-21T19:43:42.172+0500] {dag.py:3239} INFO - Sync 1 DAGs
[2025-03-21T19:43:42.185+0500] {logging_mixin.py:190} INFO - [2025-03-21T19:43:42.185+0500] {dag.py:4180} INFO - Setting next_dagrun for example_weekday_branch_operator to 2025-03-20 00:00:00+00:00, run_after=2025-03-21 00:00:00+00:00
[2025-03-21T19:43:42.199+0500] {processor.py:208} INFO - Processing /home/ruslan/.local/lib/python3.10/site-packages/airflow/example_dags/example_branch_day_of_week_operator.py took 0.047 seconds
[2025-03-21T19:44:33.375+0500] {processor.py:186} INFO - Started process (PID=159707) to work on /home/ruslan/.local/lib/python3.10/site-packages/airflow/example_dags/example_branch_day_of_week_operator.py
[2025-03-21T19:44:33.375+0500] {processor.py:914} INFO - Processing file /home/ruslan/.local/lib/python3.10/site-packages/airflow/example_dags/example_branch_day_of_week_operator.py for tasks to queue
[2025-03-21T19:44:33.376+0500] {logging_mixin.py:190} INFO - [2025-03-21T19:44:33.376+0500] {dagbag.py:588} INFO - Filling up the DagBag from /home/ruslan/.local/lib/python3.10/site-packages/airflow/example_dags/example_branch_day_of_week_operator.py
[2025-03-21T19:44:33.382+0500] {processor.py:925} INFO - DAG(s) 'example_weekday_branch_operator' retrieved from /home/ruslan/.local/lib/python3.10/site-packages/airflow/example_dags/example_branch_day_of_week_operator.py
[2025-03-21T19:44:33.391+0500] {logging_mixin.py:190} INFO - [2025-03-21T19:44:33.391+0500] {dag.py:3239} INFO - Sync 1 DAGs
[2025-03-21T19:44:33.404+0500] {logging_mixin.py:190} INFO - [2025-03-21T19:44:33.404+0500] {dag.py:4180} INFO - Setting next_dagrun for example_weekday_branch_operator to 2025-03-20 00:00:00+00:00, run_after=2025-03-21 00:00:00+00:00
[2025-03-21T19:44:33.422+0500] {processor.py:208} INFO - Processing /home/ruslan/.local/lib/python3.10/site-packages/airflow/example_dags/example_branch_day_of_week_operator.py took 0.051 seconds
[2025-03-21T19:45:24.016+0500] {processor.py:186} INFO - Started process (PID=160293) to work on /home/ruslan/.local/lib/python3.10/site-packages/airflow/example_dags/example_branch_day_of_week_operator.py
[2025-03-21T19:45:24.017+0500] {processor.py:914} INFO - Processing file /home/ruslan/.local/lib/python3.10/site-packages/airflow/example_dags/example_branch_day_of_week_operator.py for tasks to queue
[2025-03-21T19:45:24.018+0500] {logging_mixin.py:190} INFO - [2025-03-21T19:45:24.018+0500] {dagbag.py:588} INFO - Filling up the DagBag from /home/ruslan/.local/lib/python3.10/site-packages/airflow/example_dags/example_branch_day_of_week_operator.py
[2025-03-21T19:45:24.024+0500] {processor.py:925} INFO - DAG(s) 'example_weekday_branch_operator' retrieved from /home/ruslan/.local/lib/python3.10/site-packages/airflow/example_dags/example_branch_day_of_week_operator.py
[2025-03-21T19:45:24.033+0500] {logging_mixin.py:190} INFO - [2025-03-21T19:45:24.032+0500] {dag.py:3239} INFO - Sync 1 DAGs
[2025-03-21T19:45:24.044+0500] {logging_mixin.py:190} INFO - [2025-03-21T19:45:24.044+0500] {dag.py:4180} INFO - Setting next_dagrun for example_weekday_branch_operator to 2025-03-20 00:00:00+00:00, run_after=2025-03-21 00:00:00+00:00
[2025-03-21T19:45:24.059+0500] {processor.py:208} INFO - Processing /home/ruslan/.local/lib/python3.10/site-packages/airflow/example_dags/example_branch_day_of_week_operator.py took 0.046 seconds
[2025-03-21T19:46:18.725+0500] {processor.py:186} INFO - Started process (PID=160838) to work on /home/ruslan/.local/lib/python3.10/site-packages/airflow/example_dags/example_branch_day_of_week_operator.py
[2025-03-21T19:46:18.725+0500] {processor.py:914} INFO - Processing file /home/ruslan/.local/lib/python3.10/site-packages/airflow/example_dags/example_branch_day_of_week_operator.py for tasks to queue
[2025-03-21T19:46:18.726+0500] {logging_mixin.py:190} INFO - [2025-03-21T19:46:18.726+0500] {dagbag.py:588} INFO - Filling up the DagBag from /home/ruslan/.local/lib/python3.10/site-packages/airflow/example_dags/example_branch_day_of_week_operator.py
[2025-03-21T19:46:18.733+0500] {processor.py:925} INFO - DAG(s) 'example_weekday_branch_operator' retrieved from /home/ruslan/.local/lib/python3.10/site-packages/airflow/example_dags/example_branch_day_of_week_operator.py
[2025-03-21T19:46:18.743+0500] {logging_mixin.py:190} INFO - [2025-03-21T19:46:18.742+0500] {dag.py:3239} INFO - Sync 1 DAGs
[2025-03-21T19:46:18.755+0500] {logging_mixin.py:190} INFO - [2025-03-21T19:46:18.755+0500] {dag.py:4180} INFO - Setting next_dagrun for example_weekday_branch_operator to 2025-03-20 00:00:00+00:00, run_after=2025-03-21 00:00:00+00:00
[2025-03-21T19:46:18.771+0500] {processor.py:208} INFO - Processing /home/ruslan/.local/lib/python3.10/site-packages/airflow/example_dags/example_branch_day_of_week_operator.py took 0.050 seconds
