[2025-03-21T19:27:22.251+0500] {processor.py:186} INFO - Started process (PID=140963) to work on /home/ruslan/.local/lib/python3.10/site-packages/airflow/example_dags/example_subdag_operator.py
[2025-03-21T19:27:22.251+0500] {processor.py:914} INFO - Processing file /home/ruslan/.local/lib/python3.10/site-packages/airflow/example_dags/example_subdag_operator.py for tasks to queue
[2025-03-21T19:27:22.253+0500] {logging_mixin.py:190} INFO - [2025-03-21T19:27:22.253+0500] {dagbag.py:588} INFO - Filling up the DagBag from /home/ruslan/.local/lib/python3.10/site-packages/airflow/example_dags/example_subdag_operator.py
[2025-03-21T19:27:22.267+0500] {processor.py:925} INFO - DAG(s) 'example_subdag_operator.section-1', 'example_subdag_operator.section-2', 'example_subdag_operator' retrieved from /home/ruslan/.local/lib/python3.10/site-packages/airflow/example_dags/example_subdag_operator.py
[2025-03-21T19:27:22.328+0500] {logging_mixin.py:190} INFO - [2025-03-21T19:27:22.327+0500] {override.py:1930} INFO - Created Permission View: can edit on DAG:example_subdag_operator
[2025-03-21T19:27:22.336+0500] {logging_mixin.py:190} INFO - [2025-03-21T19:27:22.336+0500] {override.py:1930} INFO - Created Permission View: can read on DAG:example_subdag_operator
[2025-03-21T19:27:22.343+0500] {logging_mixin.py:190} INFO - [2025-03-21T19:27:22.343+0500] {override.py:1930} INFO - Created Permission View: can delete on DAG:example_subdag_operator
[2025-03-21T19:27:22.354+0500] {logging_mixin.py:190} INFO - [2025-03-21T19:27:22.354+0500] {override.py:1930} INFO - Created Permission View: can create on DAG Run:example_subdag_operator
[2025-03-21T19:27:22.361+0500] {logging_mixin.py:190} INFO - [2025-03-21T19:27:22.361+0500] {override.py:1930} INFO - Created Permission View: can read on DAG Run:example_subdag_operator
[2025-03-21T19:27:22.368+0500] {logging_mixin.py:190} INFO - [2025-03-21T19:27:22.368+0500] {override.py:1930} INFO - Created Permission View: can delete on DAG Run:example_subdag_operator
[2025-03-21T19:27:22.375+0500] {logging_mixin.py:190} INFO - [2025-03-21T19:27:22.375+0500] {override.py:1930} INFO - Created Permission View: menu access on DAG Run:example_subdag_operator
[2025-03-21T19:27:22.375+0500] {logging_mixin.py:190} INFO - [2025-03-21T19:27:22.375+0500] {dag.py:3239} INFO - Sync 3 DAGs
[2025-03-21T19:27:22.382+0500] {logging_mixin.py:190} INFO - [2025-03-21T19:27:22.382+0500] {dag.py:3262} INFO - Creating ORM DAG for example_subdag_operator.section-1
[2025-03-21T19:27:22.382+0500] {logging_mixin.py:190} INFO - [2025-03-21T19:27:22.382+0500] {dag.py:3262} INFO - Creating ORM DAG for example_subdag_operator.section-2
[2025-03-21T19:27:22.382+0500] {logging_mixin.py:190} INFO - [2025-03-21T19:27:22.382+0500] {dag.py:3262} INFO - Creating ORM DAG for example_subdag_operator
[2025-03-21T19:27:22.387+0500] {logging_mixin.py:190} INFO - [2025-03-21T19:27:22.386+0500] {dag.py:4180} INFO - Setting next_dagrun for example_subdag_operator to 2022-01-01 00:00:00+00:00, run_after=2022-01-01 00:00:00+00:00
[2025-03-21T19:27:22.387+0500] {logging_mixin.py:190} INFO - [2025-03-21T19:27:22.387+0500] {dag.py:4180} INFO - Setting next_dagrun for example_subdag_operator.section-1 to None, run_after=None
[2025-03-21T19:27:22.387+0500] {logging_mixin.py:190} INFO - [2025-03-21T19:27:22.387+0500] {dag.py:4180} INFO - Setting next_dagrun for example_subdag_operator.section-2 to None, run_after=None
[2025-03-21T19:27:22.390+0500] {logging_mixin.py:190} INFO - [2025-03-21T19:27:22.390+0500] {dag.py:3239} INFO - Sync 2 DAGs
[2025-03-21T19:27:22.393+0500] {logging_mixin.py:190} INFO - [2025-03-21T19:27:22.392+0500] {dag.py:4180} INFO - Setting next_dagrun for example_subdag_operator.section-1 to None, run_after=None
[2025-03-21T19:27:22.394+0500] {logging_mixin.py:190} INFO - [2025-03-21T19:27:22.394+0500] {dag.py:4180} INFO - Setting next_dagrun for example_subdag_operator.section-2 to None, run_after=None
[2025-03-21T19:27:22.405+0500] {processor.py:208} INFO - Processing /home/ruslan/.local/lib/python3.10/site-packages/airflow/example_dags/example_subdag_operator.py took 0.158 seconds
[2025-03-21T19:28:19.848+0500] {processor.py:186} INFO - Started process (PID=141265) to work on /home/ruslan/.local/lib/python3.10/site-packages/airflow/example_dags/example_subdag_operator.py
[2025-03-21T19:28:19.849+0500] {processor.py:914} INFO - Processing file /home/ruslan/.local/lib/python3.10/site-packages/airflow/example_dags/example_subdag_operator.py for tasks to queue
[2025-03-21T19:28:19.850+0500] {logging_mixin.py:190} INFO - [2025-03-21T19:28:19.850+0500] {dagbag.py:588} INFO - Filling up the DagBag from /home/ruslan/.local/lib/python3.10/site-packages/airflow/example_dags/example_subdag_operator.py
[2025-03-21T19:28:19.862+0500] {processor.py:925} INFO - DAG(s) 'example_subdag_operator.section-1', 'example_subdag_operator.section-2', 'example_subdag_operator' retrieved from /home/ruslan/.local/lib/python3.10/site-packages/airflow/example_dags/example_subdag_operator.py
[2025-03-21T19:28:19.871+0500] {logging_mixin.py:190} INFO - [2025-03-21T19:28:19.870+0500] {dag.py:3239} INFO - Sync 3 DAGs
[2025-03-21T19:28:19.883+0500] {logging_mixin.py:190} INFO - [2025-03-21T19:28:19.883+0500] {dag.py:4180} INFO - Setting next_dagrun for example_subdag_operator to 2022-01-01 00:00:00+00:00, run_after=2022-01-01 00:00:00+00:00
[2025-03-21T19:28:19.885+0500] {logging_mixin.py:190} INFO - [2025-03-21T19:28:19.885+0500] {dag.py:4180} INFO - Setting next_dagrun for example_subdag_operator.section-1 to None, run_after=None
[2025-03-21T19:28:19.885+0500] {logging_mixin.py:190} INFO - [2025-03-21T19:28:19.885+0500] {dag.py:4180} INFO - Setting next_dagrun for example_subdag_operator.section-2 to None, run_after=None
[2025-03-21T19:28:19.889+0500] {logging_mixin.py:190} INFO - [2025-03-21T19:28:19.889+0500] {dag.py:3239} INFO - Sync 2 DAGs
[2025-03-21T19:28:19.891+0500] {logging_mixin.py:190} INFO - [2025-03-21T19:28:19.891+0500] {dag.py:4180} INFO - Setting next_dagrun for example_subdag_operator.section-1 to None, run_after=None
[2025-03-21T19:28:19.891+0500] {logging_mixin.py:190} INFO - [2025-03-21T19:28:19.891+0500] {dag.py:4180} INFO - Setting next_dagrun for example_subdag_operator.section-2 to None, run_after=None
[2025-03-21T19:28:19.903+0500] {processor.py:208} INFO - Processing /home/ruslan/.local/lib/python3.10/site-packages/airflow/example_dags/example_subdag_operator.py took 0.059 seconds
[2025-03-21T19:29:12.655+0500] {processor.py:186} INFO - Started process (PID=141545) to work on /home/ruslan/.local/lib/python3.10/site-packages/airflow/example_dags/example_subdag_operator.py
[2025-03-21T19:29:12.656+0500] {processor.py:914} INFO - Processing file /home/ruslan/.local/lib/python3.10/site-packages/airflow/example_dags/example_subdag_operator.py for tasks to queue
[2025-03-21T19:29:12.657+0500] {logging_mixin.py:190} INFO - [2025-03-21T19:29:12.657+0500] {dagbag.py:588} INFO - Filling up the DagBag from /home/ruslan/.local/lib/python3.10/site-packages/airflow/example_dags/example_subdag_operator.py
[2025-03-21T19:29:12.669+0500] {processor.py:925} INFO - DAG(s) 'example_subdag_operator.section-1', 'example_subdag_operator.section-2', 'example_subdag_operator' retrieved from /home/ruslan/.local/lib/python3.10/site-packages/airflow/example_dags/example_subdag_operator.py
[2025-03-21T19:29:12.676+0500] {logging_mixin.py:190} INFO - [2025-03-21T19:29:12.676+0500] {dag.py:3239} INFO - Sync 3 DAGs
[2025-03-21T19:29:12.688+0500] {logging_mixin.py:190} INFO - [2025-03-21T19:29:12.687+0500] {dag.py:4180} INFO - Setting next_dagrun for example_subdag_operator to 2022-01-01 00:00:00+00:00, run_after=2022-01-01 00:00:00+00:00
[2025-03-21T19:29:12.689+0500] {logging_mixin.py:190} INFO - [2025-03-21T19:29:12.689+0500] {dag.py:4180} INFO - Setting next_dagrun for example_subdag_operator.section-1 to None, run_after=None
[2025-03-21T19:29:12.690+0500] {logging_mixin.py:190} INFO - [2025-03-21T19:29:12.690+0500] {dag.py:4180} INFO - Setting next_dagrun for example_subdag_operator.section-2 to None, run_after=None
[2025-03-21T19:29:12.693+0500] {logging_mixin.py:190} INFO - [2025-03-21T19:29:12.693+0500] {dag.py:3239} INFO - Sync 2 DAGs
[2025-03-21T19:29:12.695+0500] {logging_mixin.py:190} INFO - [2025-03-21T19:29:12.695+0500] {dag.py:4180} INFO - Setting next_dagrun for example_subdag_operator.section-1 to None, run_after=None
[2025-03-21T19:29:12.695+0500] {logging_mixin.py:190} INFO - [2025-03-21T19:29:12.695+0500] {dag.py:4180} INFO - Setting next_dagrun for example_subdag_operator.section-2 to None, run_after=None
[2025-03-21T19:29:12.706+0500] {processor.py:208} INFO - Processing /home/ruslan/.local/lib/python3.10/site-packages/airflow/example_dags/example_subdag_operator.py took 0.055 seconds
[2025-03-21T19:30:04.007+0500] {processor.py:186} INFO - Started process (PID=141802) to work on /home/ruslan/.local/lib/python3.10/site-packages/airflow/example_dags/example_subdag_operator.py
[2025-03-21T19:30:04.008+0500] {processor.py:914} INFO - Processing file /home/ruslan/.local/lib/python3.10/site-packages/airflow/example_dags/example_subdag_operator.py for tasks to queue
[2025-03-21T19:30:04.010+0500] {logging_mixin.py:190} INFO - [2025-03-21T19:30:04.009+0500] {dagbag.py:588} INFO - Filling up the DagBag from /home/ruslan/.local/lib/python3.10/site-packages/airflow/example_dags/example_subdag_operator.py
[2025-03-21T19:30:04.022+0500] {processor.py:925} INFO - DAG(s) 'example_subdag_operator.section-1', 'example_subdag_operator.section-2', 'example_subdag_operator' retrieved from /home/ruslan/.local/lib/python3.10/site-packages/airflow/example_dags/example_subdag_operator.py
[2025-03-21T19:30:04.031+0500] {logging_mixin.py:190} INFO - [2025-03-21T19:30:04.030+0500] {dag.py:3239} INFO - Sync 3 DAGs
[2025-03-21T19:30:04.042+0500] {logging_mixin.py:190} INFO - [2025-03-21T19:30:04.042+0500] {dag.py:4180} INFO - Setting next_dagrun for example_subdag_operator to 2022-01-01 00:00:00+00:00, run_after=2022-01-01 00:00:00+00:00
[2025-03-21T19:30:04.044+0500] {logging_mixin.py:190} INFO - [2025-03-21T19:30:04.044+0500] {dag.py:4180} INFO - Setting next_dagrun for example_subdag_operator.section-1 to None, run_after=None
[2025-03-21T19:30:04.045+0500] {logging_mixin.py:190} INFO - [2025-03-21T19:30:04.045+0500] {dag.py:4180} INFO - Setting next_dagrun for example_subdag_operator.section-2 to None, run_after=None
[2025-03-21T19:30:04.048+0500] {logging_mixin.py:190} INFO - [2025-03-21T19:30:04.048+0500] {dag.py:3239} INFO - Sync 2 DAGs
[2025-03-21T19:30:04.050+0500] {logging_mixin.py:190} INFO - [2025-03-21T19:30:04.050+0500] {dag.py:4180} INFO - Setting next_dagrun for example_subdag_operator.section-1 to None, run_after=None
[2025-03-21T19:30:04.051+0500] {logging_mixin.py:190} INFO - [2025-03-21T19:30:04.050+0500] {dag.py:4180} INFO - Setting next_dagrun for example_subdag_operator.section-2 to None, run_after=None
[2025-03-21T19:30:04.061+0500] {processor.py:208} INFO - Processing /home/ruslan/.local/lib/python3.10/site-packages/airflow/example_dags/example_subdag_operator.py took 0.058 seconds
[2025-03-21T19:30:58.694+0500] {processor.py:186} INFO - Started process (PID=142073) to work on /home/ruslan/.local/lib/python3.10/site-packages/airflow/example_dags/example_subdag_operator.py
[2025-03-21T19:30:58.696+0500] {processor.py:914} INFO - Processing file /home/ruslan/.local/lib/python3.10/site-packages/airflow/example_dags/example_subdag_operator.py for tasks to queue
[2025-03-21T19:30:58.697+0500] {logging_mixin.py:190} INFO - [2025-03-21T19:30:58.697+0500] {dagbag.py:588} INFO - Filling up the DagBag from /home/ruslan/.local/lib/python3.10/site-packages/airflow/example_dags/example_subdag_operator.py
[2025-03-21T19:30:58.709+0500] {processor.py:925} INFO - DAG(s) 'example_subdag_operator.section-1', 'example_subdag_operator.section-2', 'example_subdag_operator' retrieved from /home/ruslan/.local/lib/python3.10/site-packages/airflow/example_dags/example_subdag_operator.py
[2025-03-21T19:30:58.716+0500] {logging_mixin.py:190} INFO - [2025-03-21T19:30:58.716+0500] {dag.py:3239} INFO - Sync 3 DAGs
[2025-03-21T19:30:58.727+0500] {logging_mixin.py:190} INFO - [2025-03-21T19:30:58.727+0500] {dag.py:4180} INFO - Setting next_dagrun for example_subdag_operator to 2022-01-01 00:00:00+00:00, run_after=2022-01-01 00:00:00+00:00
[2025-03-21T19:30:58.729+0500] {logging_mixin.py:190} INFO - [2025-03-21T19:30:58.729+0500] {dag.py:4180} INFO - Setting next_dagrun for example_subdag_operator.section-1 to None, run_after=None
[2025-03-21T19:30:58.729+0500] {logging_mixin.py:190} INFO - [2025-03-21T19:30:58.729+0500] {dag.py:4180} INFO - Setting next_dagrun for example_subdag_operator.section-2 to None, run_after=None
[2025-03-21T19:30:58.732+0500] {logging_mixin.py:190} INFO - [2025-03-21T19:30:58.732+0500] {dag.py:3239} INFO - Sync 2 DAGs
[2025-03-21T19:30:58.734+0500] {logging_mixin.py:190} INFO - [2025-03-21T19:30:58.734+0500] {dag.py:4180} INFO - Setting next_dagrun for example_subdag_operator.section-1 to None, run_after=None
[2025-03-21T19:30:58.734+0500] {logging_mixin.py:190} INFO - [2025-03-21T19:30:58.734+0500] {dag.py:4180} INFO - Setting next_dagrun for example_subdag_operator.section-2 to None, run_after=None
[2025-03-21T19:30:58.745+0500] {processor.py:208} INFO - Processing /home/ruslan/.local/lib/python3.10/site-packages/airflow/example_dags/example_subdag_operator.py took 0.054 seconds
[2025-03-21T19:31:48.980+0500] {processor.py:186} INFO - Started process (PID=142324) to work on /home/ruslan/.local/lib/python3.10/site-packages/airflow/example_dags/example_subdag_operator.py
[2025-03-21T19:31:48.981+0500] {processor.py:914} INFO - Processing file /home/ruslan/.local/lib/python3.10/site-packages/airflow/example_dags/example_subdag_operator.py for tasks to queue
[2025-03-21T19:31:48.982+0500] {logging_mixin.py:190} INFO - [2025-03-21T19:31:48.982+0500] {dagbag.py:588} INFO - Filling up the DagBag from /home/ruslan/.local/lib/python3.10/site-packages/airflow/example_dags/example_subdag_operator.py
[2025-03-21T19:31:48.995+0500] {processor.py:925} INFO - DAG(s) 'example_subdag_operator.section-1', 'example_subdag_operator.section-2', 'example_subdag_operator' retrieved from /home/ruslan/.local/lib/python3.10/site-packages/airflow/example_dags/example_subdag_operator.py
[2025-03-21T19:31:49.004+0500] {logging_mixin.py:190} INFO - [2025-03-21T19:31:49.003+0500] {dag.py:3239} INFO - Sync 3 DAGs
[2025-03-21T19:31:49.016+0500] {logging_mixin.py:190} INFO - [2025-03-21T19:31:49.015+0500] {dag.py:4180} INFO - Setting next_dagrun for example_subdag_operator to 2022-01-01 00:00:00+00:00, run_after=2022-01-01 00:00:00+00:00
[2025-03-21T19:31:49.018+0500] {logging_mixin.py:190} INFO - [2025-03-21T19:31:49.018+0500] {dag.py:4180} INFO - Setting next_dagrun for example_subdag_operator.section-1 to None, run_after=None
[2025-03-21T19:31:49.018+0500] {logging_mixin.py:190} INFO - [2025-03-21T19:31:49.018+0500] {dag.py:4180} INFO - Setting next_dagrun for example_subdag_operator.section-2 to None, run_after=None
[2025-03-21T19:31:49.022+0500] {logging_mixin.py:190} INFO - [2025-03-21T19:31:49.021+0500] {dag.py:3239} INFO - Sync 2 DAGs
[2025-03-21T19:31:49.024+0500] {logging_mixin.py:190} INFO - [2025-03-21T19:31:49.024+0500] {dag.py:4180} INFO - Setting next_dagrun for example_subdag_operator.section-1 to None, run_after=None
[2025-03-21T19:31:49.024+0500] {logging_mixin.py:190} INFO - [2025-03-21T19:31:49.024+0500] {dag.py:4180} INFO - Setting next_dagrun for example_subdag_operator.section-2 to None, run_after=None
[2025-03-21T19:31:49.035+0500] {processor.py:208} INFO - Processing /home/ruslan/.local/lib/python3.10/site-packages/airflow/example_dags/example_subdag_operator.py took 0.059 seconds
[2025-03-21T19:32:37.968+0500] {processor.py:186} INFO - Started process (PID=149747) to work on /home/ruslan/.local/lib/python3.10/site-packages/airflow/example_dags/example_subdag_operator.py
[2025-03-21T19:32:37.970+0500] {processor.py:914} INFO - Processing file /home/ruslan/.local/lib/python3.10/site-packages/airflow/example_dags/example_subdag_operator.py for tasks to queue
[2025-03-21T19:32:37.972+0500] {logging_mixin.py:190} INFO - [2025-03-21T19:32:37.971+0500] {dagbag.py:588} INFO - Filling up the DagBag from /home/ruslan/.local/lib/python3.10/site-packages/airflow/example_dags/example_subdag_operator.py
[2025-03-21T19:32:37.987+0500] {processor.py:925} INFO - DAG(s) 'example_subdag_operator.section-1', 'example_subdag_operator.section-2', 'example_subdag_operator' retrieved from /home/ruslan/.local/lib/python3.10/site-packages/airflow/example_dags/example_subdag_operator.py
[2025-03-21T19:32:37.996+0500] {logging_mixin.py:190} INFO - [2025-03-21T19:32:37.996+0500] {dag.py:3239} INFO - Sync 3 DAGs
[2025-03-21T19:32:38.011+0500] {logging_mixin.py:190} INFO - [2025-03-21T19:32:38.011+0500] {dag.py:4180} INFO - Setting next_dagrun for example_subdag_operator to 2022-01-01 00:00:00+00:00, run_after=2022-01-01 00:00:00+00:00
[2025-03-21T19:32:38.014+0500] {logging_mixin.py:190} INFO - [2025-03-21T19:32:38.014+0500] {dag.py:4180} INFO - Setting next_dagrun for example_subdag_operator.section-1 to None, run_after=None
[2025-03-21T19:32:38.015+0500] {logging_mixin.py:190} INFO - [2025-03-21T19:32:38.015+0500] {dag.py:4180} INFO - Setting next_dagrun for example_subdag_operator.section-2 to None, run_after=None
[2025-03-21T19:32:38.019+0500] {logging_mixin.py:190} INFO - [2025-03-21T19:32:38.019+0500] {dag.py:3239} INFO - Sync 2 DAGs
[2025-03-21T19:32:38.022+0500] {logging_mixin.py:190} INFO - [2025-03-21T19:32:38.021+0500] {dag.py:4180} INFO - Setting next_dagrun for example_subdag_operator.section-1 to None, run_after=None
[2025-03-21T19:32:38.022+0500] {logging_mixin.py:190} INFO - [2025-03-21T19:32:38.022+0500] {dag.py:4180} INFO - Setting next_dagrun for example_subdag_operator.section-2 to None, run_after=None
[2025-03-21T19:32:38.035+0500] {processor.py:208} INFO - Processing /home/ruslan/.local/lib/python3.10/site-packages/airflow/example_dags/example_subdag_operator.py took 0.072 seconds
[2025-03-21T19:33:29.268+0500] {processor.py:186} INFO - Started process (PID=153899) to work on /home/ruslan/.local/lib/python3.10/site-packages/airflow/example_dags/example_subdag_operator.py
[2025-03-21T19:33:29.269+0500] {processor.py:914} INFO - Processing file /home/ruslan/.local/lib/python3.10/site-packages/airflow/example_dags/example_subdag_operator.py for tasks to queue
[2025-03-21T19:33:29.271+0500] {logging_mixin.py:190} INFO - [2025-03-21T19:33:29.271+0500] {dagbag.py:588} INFO - Filling up the DagBag from /home/ruslan/.local/lib/python3.10/site-packages/airflow/example_dags/example_subdag_operator.py
[2025-03-21T19:33:29.287+0500] {processor.py:925} INFO - DAG(s) 'example_subdag_operator.section-1', 'example_subdag_operator.section-2', 'example_subdag_operator' retrieved from /home/ruslan/.local/lib/python3.10/site-packages/airflow/example_dags/example_subdag_operator.py
[2025-03-21T19:33:29.299+0500] {logging_mixin.py:190} INFO - [2025-03-21T19:33:29.299+0500] {dag.py:3239} INFO - Sync 3 DAGs
[2025-03-21T19:33:29.313+0500] {logging_mixin.py:190} INFO - [2025-03-21T19:33:29.313+0500] {dag.py:4180} INFO - Setting next_dagrun for example_subdag_operator to 2022-01-01 00:00:00+00:00, run_after=2022-01-01 00:00:00+00:00
[2025-03-21T19:33:29.315+0500] {logging_mixin.py:190} INFO - [2025-03-21T19:33:29.315+0500] {dag.py:4180} INFO - Setting next_dagrun for example_subdag_operator.section-1 to None, run_after=None
[2025-03-21T19:33:29.316+0500] {logging_mixin.py:190} INFO - [2025-03-21T19:33:29.316+0500] {dag.py:4180} INFO - Setting next_dagrun for example_subdag_operator.section-2 to None, run_after=None
[2025-03-21T19:33:29.321+0500] {logging_mixin.py:190} INFO - [2025-03-21T19:33:29.321+0500] {dag.py:3239} INFO - Sync 2 DAGs
[2025-03-21T19:33:29.323+0500] {logging_mixin.py:190} INFO - [2025-03-21T19:33:29.323+0500] {dag.py:4180} INFO - Setting next_dagrun for example_subdag_operator.section-1 to None, run_after=None
[2025-03-21T19:33:29.324+0500] {logging_mixin.py:190} INFO - [2025-03-21T19:33:29.324+0500] {dag.py:4180} INFO - Setting next_dagrun for example_subdag_operator.section-2 to None, run_after=None
[2025-03-21T19:33:29.338+0500] {processor.py:208} INFO - Processing /home/ruslan/.local/lib/python3.10/site-packages/airflow/example_dags/example_subdag_operator.py took 0.075 seconds
[2025-03-21T19:34:23.967+0500] {processor.py:186} INFO - Started process (PID=154267) to work on /home/ruslan/.local/lib/python3.10/site-packages/airflow/example_dags/example_subdag_operator.py
[2025-03-21T19:34:23.968+0500] {processor.py:914} INFO - Processing file /home/ruslan/.local/lib/python3.10/site-packages/airflow/example_dags/example_subdag_operator.py for tasks to queue
[2025-03-21T19:34:23.969+0500] {logging_mixin.py:190} INFO - [2025-03-21T19:34:23.969+0500] {dagbag.py:588} INFO - Filling up the DagBag from /home/ruslan/.local/lib/python3.10/site-packages/airflow/example_dags/example_subdag_operator.py
[2025-03-21T19:34:23.982+0500] {processor.py:925} INFO - DAG(s) 'example_subdag_operator.section-1', 'example_subdag_operator.section-2', 'example_subdag_operator' retrieved from /home/ruslan/.local/lib/python3.10/site-packages/airflow/example_dags/example_subdag_operator.py
[2025-03-21T19:34:23.991+0500] {logging_mixin.py:190} INFO - [2025-03-21T19:34:23.991+0500] {dag.py:3239} INFO - Sync 3 DAGs
[2025-03-21T19:34:24.003+0500] {logging_mixin.py:190} INFO - [2025-03-21T19:34:24.003+0500] {dag.py:4180} INFO - Setting next_dagrun for example_subdag_operator to 2022-01-01 00:00:00+00:00, run_after=2022-01-01 00:00:00+00:00
[2025-03-21T19:34:24.005+0500] {logging_mixin.py:190} INFO - [2025-03-21T19:34:24.005+0500] {dag.py:4180} INFO - Setting next_dagrun for example_subdag_operator.section-1 to None, run_after=None
[2025-03-21T19:34:24.006+0500] {logging_mixin.py:190} INFO - [2025-03-21T19:34:24.005+0500] {dag.py:4180} INFO - Setting next_dagrun for example_subdag_operator.section-2 to None, run_after=None
[2025-03-21T19:34:24.009+0500] {logging_mixin.py:190} INFO - [2025-03-21T19:34:24.009+0500] {dag.py:3239} INFO - Sync 2 DAGs
[2025-03-21T19:34:24.011+0500] {logging_mixin.py:190} INFO - [2025-03-21T19:34:24.011+0500] {dag.py:4180} INFO - Setting next_dagrun for example_subdag_operator.section-1 to None, run_after=None
[2025-03-21T19:34:24.012+0500] {logging_mixin.py:190} INFO - [2025-03-21T19:34:24.011+0500] {dag.py:4180} INFO - Setting next_dagrun for example_subdag_operator.section-2 to None, run_after=None
[2025-03-21T19:34:24.022+0500] {processor.py:208} INFO - Processing /home/ruslan/.local/lib/python3.10/site-packages/airflow/example_dags/example_subdag_operator.py took 0.059 seconds
[2025-03-21T19:35:14.500+0500] {processor.py:186} INFO - Started process (PID=154561) to work on /home/ruslan/.local/lib/python3.10/site-packages/airflow/example_dags/example_subdag_operator.py
[2025-03-21T19:35:14.501+0500] {processor.py:914} INFO - Processing file /home/ruslan/.local/lib/python3.10/site-packages/airflow/example_dags/example_subdag_operator.py for tasks to queue
[2025-03-21T19:35:14.503+0500] {logging_mixin.py:190} INFO - [2025-03-21T19:35:14.503+0500] {dagbag.py:588} INFO - Filling up the DagBag from /home/ruslan/.local/lib/python3.10/site-packages/airflow/example_dags/example_subdag_operator.py
[2025-03-21T19:35:14.516+0500] {processor.py:925} INFO - DAG(s) 'example_subdag_operator.section-1', 'example_subdag_operator.section-2', 'example_subdag_operator' retrieved from /home/ruslan/.local/lib/python3.10/site-packages/airflow/example_dags/example_subdag_operator.py
[2025-03-21T19:35:14.525+0500] {logging_mixin.py:190} INFO - [2025-03-21T19:35:14.525+0500] {dag.py:3239} INFO - Sync 3 DAGs
[2025-03-21T19:35:14.536+0500] {logging_mixin.py:190} INFO - [2025-03-21T19:35:14.536+0500] {dag.py:4180} INFO - Setting next_dagrun for example_subdag_operator to 2022-01-01 00:00:00+00:00, run_after=2022-01-01 00:00:00+00:00
[2025-03-21T19:35:14.538+0500] {logging_mixin.py:190} INFO - [2025-03-21T19:35:14.538+0500] {dag.py:4180} INFO - Setting next_dagrun for example_subdag_operator.section-1 to None, run_after=None
[2025-03-21T19:35:14.539+0500] {logging_mixin.py:190} INFO - [2025-03-21T19:35:14.539+0500] {dag.py:4180} INFO - Setting next_dagrun for example_subdag_operator.section-2 to None, run_after=None
[2025-03-21T19:35:14.542+0500] {logging_mixin.py:190} INFO - [2025-03-21T19:35:14.542+0500] {dag.py:3239} INFO - Sync 2 DAGs
[2025-03-21T19:35:14.545+0500] {logging_mixin.py:190} INFO - [2025-03-21T19:35:14.544+0500] {dag.py:4180} INFO - Setting next_dagrun for example_subdag_operator.section-1 to None, run_after=None
[2025-03-21T19:35:14.545+0500] {logging_mixin.py:190} INFO - [2025-03-21T19:35:14.545+0500] {dag.py:4180} INFO - Setting next_dagrun for example_subdag_operator.section-2 to None, run_after=None
[2025-03-21T19:35:14.556+0500] {processor.py:208} INFO - Processing /home/ruslan/.local/lib/python3.10/site-packages/airflow/example_dags/example_subdag_operator.py took 0.059 seconds
[2025-03-21T19:36:05.670+0500] {processor.py:186} INFO - Started process (PID=154818) to work on /home/ruslan/.local/lib/python3.10/site-packages/airflow/example_dags/example_subdag_operator.py
[2025-03-21T19:36:05.671+0500] {processor.py:914} INFO - Processing file /home/ruslan/.local/lib/python3.10/site-packages/airflow/example_dags/example_subdag_operator.py for tasks to queue
[2025-03-21T19:36:05.673+0500] {logging_mixin.py:190} INFO - [2025-03-21T19:36:05.673+0500] {dagbag.py:588} INFO - Filling up the DagBag from /home/ruslan/.local/lib/python3.10/site-packages/airflow/example_dags/example_subdag_operator.py
[2025-03-21T19:36:05.686+0500] {processor.py:925} INFO - DAG(s) 'example_subdag_operator.section-1', 'example_subdag_operator.section-2', 'example_subdag_operator' retrieved from /home/ruslan/.local/lib/python3.10/site-packages/airflow/example_dags/example_subdag_operator.py
[2025-03-21T19:36:05.694+0500] {logging_mixin.py:190} INFO - [2025-03-21T19:36:05.694+0500] {dag.py:3239} INFO - Sync 3 DAGs
[2025-03-21T19:36:05.706+0500] {logging_mixin.py:190} INFO - [2025-03-21T19:36:05.706+0500] {dag.py:4180} INFO - Setting next_dagrun for example_subdag_operator to 2022-01-01 00:00:00+00:00, run_after=2022-01-01 00:00:00+00:00
[2025-03-21T19:36:05.708+0500] {logging_mixin.py:190} INFO - [2025-03-21T19:36:05.708+0500] {dag.py:4180} INFO - Setting next_dagrun for example_subdag_operator.section-1 to None, run_after=None
[2025-03-21T19:36:05.708+0500] {logging_mixin.py:190} INFO - [2025-03-21T19:36:05.708+0500] {dag.py:4180} INFO - Setting next_dagrun for example_subdag_operator.section-2 to None, run_after=None
[2025-03-21T19:36:05.711+0500] {logging_mixin.py:190} INFO - [2025-03-21T19:36:05.711+0500] {dag.py:3239} INFO - Sync 2 DAGs
[2025-03-21T19:36:05.713+0500] {logging_mixin.py:190} INFO - [2025-03-21T19:36:05.713+0500] {dag.py:4180} INFO - Setting next_dagrun for example_subdag_operator.section-1 to None, run_after=None
[2025-03-21T19:36:05.714+0500] {logging_mixin.py:190} INFO - [2025-03-21T19:36:05.713+0500] {dag.py:4180} INFO - Setting next_dagrun for example_subdag_operator.section-2 to None, run_after=None
[2025-03-21T19:36:05.725+0500] {processor.py:208} INFO - Processing /home/ruslan/.local/lib/python3.10/site-packages/airflow/example_dags/example_subdag_operator.py took 0.058 seconds
[2025-03-21T19:36:57.412+0500] {processor.py:186} INFO - Started process (PID=155302) to work on /home/ruslan/.local/lib/python3.10/site-packages/airflow/example_dags/example_subdag_operator.py
[2025-03-21T19:36:57.413+0500] {processor.py:914} INFO - Processing file /home/ruslan/.local/lib/python3.10/site-packages/airflow/example_dags/example_subdag_operator.py for tasks to queue
[2025-03-21T19:36:57.414+0500] {logging_mixin.py:190} INFO - [2025-03-21T19:36:57.414+0500] {dagbag.py:588} INFO - Filling up the DagBag from /home/ruslan/.local/lib/python3.10/site-packages/airflow/example_dags/example_subdag_operator.py
[2025-03-21T19:36:57.427+0500] {processor.py:925} INFO - DAG(s) 'example_subdag_operator.section-1', 'example_subdag_operator.section-2', 'example_subdag_operator' retrieved from /home/ruslan/.local/lib/python3.10/site-packages/airflow/example_dags/example_subdag_operator.py
[2025-03-21T19:36:57.435+0500] {logging_mixin.py:190} INFO - [2025-03-21T19:36:57.435+0500] {dag.py:3239} INFO - Sync 3 DAGs
[2025-03-21T19:36:57.446+0500] {logging_mixin.py:190} INFO - [2025-03-21T19:36:57.446+0500] {dag.py:4180} INFO - Setting next_dagrun for example_subdag_operator to 2022-01-01 00:00:00+00:00, run_after=2022-01-01 00:00:00+00:00
[2025-03-21T19:36:57.449+0500] {logging_mixin.py:190} INFO - [2025-03-21T19:36:57.449+0500] {dag.py:4180} INFO - Setting next_dagrun for example_subdag_operator.section-1 to None, run_after=None
[2025-03-21T19:36:57.450+0500] {logging_mixin.py:190} INFO - [2025-03-21T19:36:57.450+0500] {dag.py:4180} INFO - Setting next_dagrun for example_subdag_operator.section-2 to None, run_after=None
[2025-03-21T19:36:57.453+0500] {logging_mixin.py:190} INFO - [2025-03-21T19:36:57.453+0500] {dag.py:3239} INFO - Sync 2 DAGs
[2025-03-21T19:36:57.455+0500] {logging_mixin.py:190} INFO - [2025-03-21T19:36:57.455+0500] {dag.py:4180} INFO - Setting next_dagrun for example_subdag_operator.section-1 to None, run_after=None
[2025-03-21T19:36:57.455+0500] {logging_mixin.py:190} INFO - [2025-03-21T19:36:57.455+0500] {dag.py:4180} INFO - Setting next_dagrun for example_subdag_operator.section-2 to None, run_after=None
[2025-03-21T19:36:57.466+0500] {processor.py:208} INFO - Processing /home/ruslan/.local/lib/python3.10/site-packages/airflow/example_dags/example_subdag_operator.py took 0.058 seconds
[2025-03-21T19:37:47.932+0500] {processor.py:186} INFO - Started process (PID=155591) to work on /home/ruslan/.local/lib/python3.10/site-packages/airflow/example_dags/example_subdag_operator.py
[2025-03-21T19:37:47.933+0500] {processor.py:914} INFO - Processing file /home/ruslan/.local/lib/python3.10/site-packages/airflow/example_dags/example_subdag_operator.py for tasks to queue
[2025-03-21T19:37:47.934+0500] {logging_mixin.py:190} INFO - [2025-03-21T19:37:47.933+0500] {dagbag.py:588} INFO - Filling up the DagBag from /home/ruslan/.local/lib/python3.10/site-packages/airflow/example_dags/example_subdag_operator.py
[2025-03-21T19:37:47.946+0500] {processor.py:925} INFO - DAG(s) 'example_subdag_operator.section-1', 'example_subdag_operator.section-2', 'example_subdag_operator' retrieved from /home/ruslan/.local/lib/python3.10/site-packages/airflow/example_dags/example_subdag_operator.py
[2025-03-21T19:37:47.954+0500] {logging_mixin.py:190} INFO - [2025-03-21T19:37:47.954+0500] {dag.py:3239} INFO - Sync 3 DAGs
[2025-03-21T19:37:47.966+0500] {logging_mixin.py:190} INFO - [2025-03-21T19:37:47.966+0500] {dag.py:4180} INFO - Setting next_dagrun for example_subdag_operator to 2022-01-01 00:00:00+00:00, run_after=2022-01-01 00:00:00+00:00
[2025-03-21T19:37:47.969+0500] {logging_mixin.py:190} INFO - [2025-03-21T19:37:47.969+0500] {dag.py:4180} INFO - Setting next_dagrun for example_subdag_operator.section-1 to None, run_after=None
[2025-03-21T19:37:47.970+0500] {logging_mixin.py:190} INFO - [2025-03-21T19:37:47.970+0500] {dag.py:4180} INFO - Setting next_dagrun for example_subdag_operator.section-2 to None, run_after=None
[2025-03-21T19:37:47.974+0500] {logging_mixin.py:190} INFO - [2025-03-21T19:37:47.974+0500] {dag.py:3239} INFO - Sync 2 DAGs
[2025-03-21T19:37:47.977+0500] {logging_mixin.py:190} INFO - [2025-03-21T19:37:47.977+0500] {dag.py:4180} INFO - Setting next_dagrun for example_subdag_operator.section-1 to None, run_after=None
[2025-03-21T19:37:47.978+0500] {logging_mixin.py:190} INFO - [2025-03-21T19:37:47.977+0500] {dag.py:4180} INFO - Setting next_dagrun for example_subdag_operator.section-2 to None, run_after=None
[2025-03-21T19:37:47.990+0500] {processor.py:208} INFO - Processing /home/ruslan/.local/lib/python3.10/site-packages/airflow/example_dags/example_subdag_operator.py took 0.062 seconds
[2025-03-21T19:38:41.963+0500] {processor.py:186} INFO - Started process (PID=156249) to work on /home/ruslan/.local/lib/python3.10/site-packages/airflow/example_dags/example_subdag_operator.py
[2025-03-21T19:38:41.964+0500] {processor.py:914} INFO - Processing file /home/ruslan/.local/lib/python3.10/site-packages/airflow/example_dags/example_subdag_operator.py for tasks to queue
[2025-03-21T19:38:41.966+0500] {logging_mixin.py:190} INFO - [2025-03-21T19:38:41.965+0500] {dagbag.py:588} INFO - Filling up the DagBag from /home/ruslan/.local/lib/python3.10/site-packages/airflow/example_dags/example_subdag_operator.py
[2025-03-21T19:38:41.979+0500] {processor.py:925} INFO - DAG(s) 'example_subdag_operator.section-1', 'example_subdag_operator.section-2', 'example_subdag_operator' retrieved from /home/ruslan/.local/lib/python3.10/site-packages/airflow/example_dags/example_subdag_operator.py
[2025-03-21T19:38:41.988+0500] {logging_mixin.py:190} INFO - [2025-03-21T19:38:41.988+0500] {dag.py:3239} INFO - Sync 3 DAGs
[2025-03-21T19:38:42.001+0500] {logging_mixin.py:190} INFO - [2025-03-21T19:38:42.001+0500] {dag.py:4180} INFO - Setting next_dagrun for example_subdag_operator to 2022-01-01 00:00:00+00:00, run_after=2022-01-01 00:00:00+00:00
[2025-03-21T19:38:42.004+0500] {logging_mixin.py:190} INFO - [2025-03-21T19:38:42.003+0500] {dag.py:4180} INFO - Setting next_dagrun for example_subdag_operator.section-1 to None, run_after=None
[2025-03-21T19:38:42.004+0500] {logging_mixin.py:190} INFO - [2025-03-21T19:38:42.004+0500] {dag.py:4180} INFO - Setting next_dagrun for example_subdag_operator.section-2 to None, run_after=None
[2025-03-21T19:38:42.009+0500] {logging_mixin.py:190} INFO - [2025-03-21T19:38:42.009+0500] {dag.py:3239} INFO - Sync 2 DAGs
[2025-03-21T19:38:42.011+0500] {logging_mixin.py:190} INFO - [2025-03-21T19:38:42.011+0500] {dag.py:4180} INFO - Setting next_dagrun for example_subdag_operator.section-1 to None, run_after=None
[2025-03-21T19:38:42.012+0500] {logging_mixin.py:190} INFO - [2025-03-21T19:38:42.012+0500] {dag.py:4180} INFO - Setting next_dagrun for example_subdag_operator.section-2 to None, run_after=None
[2025-03-21T19:38:42.023+0500] {processor.py:208} INFO - Processing /home/ruslan/.local/lib/python3.10/site-packages/airflow/example_dags/example_subdag_operator.py took 0.064 seconds
[2025-03-21T19:39:34.826+0500] {processor.py:186} INFO - Started process (PID=156687) to work on /home/ruslan/.local/lib/python3.10/site-packages/airflow/example_dags/example_subdag_operator.py
[2025-03-21T19:39:34.827+0500] {processor.py:914} INFO - Processing file /home/ruslan/.local/lib/python3.10/site-packages/airflow/example_dags/example_subdag_operator.py for tasks to queue
[2025-03-21T19:39:34.828+0500] {logging_mixin.py:190} INFO - [2025-03-21T19:39:34.828+0500] {dagbag.py:588} INFO - Filling up the DagBag from /home/ruslan/.local/lib/python3.10/site-packages/airflow/example_dags/example_subdag_operator.py
[2025-03-21T19:39:34.841+0500] {processor.py:925} INFO - DAG(s) 'example_subdag_operator.section-1', 'example_subdag_operator.section-2', 'example_subdag_operator' retrieved from /home/ruslan/.local/lib/python3.10/site-packages/airflow/example_dags/example_subdag_operator.py
[2025-03-21T19:39:34.850+0500] {logging_mixin.py:190} INFO - [2025-03-21T19:39:34.850+0500] {dag.py:3239} INFO - Sync 3 DAGs
[2025-03-21T19:39:34.862+0500] {logging_mixin.py:190} INFO - [2025-03-21T19:39:34.862+0500] {dag.py:4180} INFO - Setting next_dagrun for example_subdag_operator to 2022-01-01 00:00:00+00:00, run_after=2022-01-01 00:00:00+00:00
[2025-03-21T19:39:34.864+0500] {logging_mixin.py:190} INFO - [2025-03-21T19:39:34.864+0500] {dag.py:4180} INFO - Setting next_dagrun for example_subdag_operator.section-1 to None, run_after=None
[2025-03-21T19:39:34.865+0500] {logging_mixin.py:190} INFO - [2025-03-21T19:39:34.865+0500] {dag.py:4180} INFO - Setting next_dagrun for example_subdag_operator.section-2 to None, run_after=None
[2025-03-21T19:39:34.868+0500] {logging_mixin.py:190} INFO - [2025-03-21T19:39:34.868+0500] {dag.py:3239} INFO - Sync 2 DAGs
[2025-03-21T19:39:34.870+0500] {logging_mixin.py:190} INFO - [2025-03-21T19:39:34.870+0500] {dag.py:4180} INFO - Setting next_dagrun for example_subdag_operator.section-1 to None, run_after=None
[2025-03-21T19:39:34.870+0500] {logging_mixin.py:190} INFO - [2025-03-21T19:39:34.870+0500] {dag.py:4180} INFO - Setting next_dagrun for example_subdag_operator.section-2 to None, run_after=None
[2025-03-21T19:39:34.881+0500] {processor.py:208} INFO - Processing /home/ruslan/.local/lib/python3.10/site-packages/airflow/example_dags/example_subdag_operator.py took 0.059 seconds
[2025-03-21T19:40:26.134+0500] {processor.py:186} INFO - Started process (PID=157172) to work on /home/ruslan/.local/lib/python3.10/site-packages/airflow/example_dags/example_subdag_operator.py
[2025-03-21T19:40:26.135+0500] {processor.py:914} INFO - Processing file /home/ruslan/.local/lib/python3.10/site-packages/airflow/example_dags/example_subdag_operator.py for tasks to queue
[2025-03-21T19:40:26.136+0500] {logging_mixin.py:190} INFO - [2025-03-21T19:40:26.136+0500] {dagbag.py:588} INFO - Filling up the DagBag from /home/ruslan/.local/lib/python3.10/site-packages/airflow/example_dags/example_subdag_operator.py
[2025-03-21T19:40:26.150+0500] {processor.py:925} INFO - DAG(s) 'example_subdag_operator.section-1', 'example_subdag_operator.section-2', 'example_subdag_operator' retrieved from /home/ruslan/.local/lib/python3.10/site-packages/airflow/example_dags/example_subdag_operator.py
[2025-03-21T19:40:26.159+0500] {logging_mixin.py:190} INFO - [2025-03-21T19:40:26.159+0500] {dag.py:3239} INFO - Sync 3 DAGs
[2025-03-21T19:40:26.172+0500] {logging_mixin.py:190} INFO - [2025-03-21T19:40:26.172+0500] {dag.py:4180} INFO - Setting next_dagrun for example_subdag_operator to 2022-01-01 00:00:00+00:00, run_after=2022-01-01 00:00:00+00:00
[2025-03-21T19:40:26.174+0500] {logging_mixin.py:190} INFO - [2025-03-21T19:40:26.174+0500] {dag.py:4180} INFO - Setting next_dagrun for example_subdag_operator.section-1 to None, run_after=None
[2025-03-21T19:40:26.175+0500] {logging_mixin.py:190} INFO - [2025-03-21T19:40:26.175+0500] {dag.py:4180} INFO - Setting next_dagrun for example_subdag_operator.section-2 to None, run_after=None
[2025-03-21T19:40:26.179+0500] {logging_mixin.py:190} INFO - [2025-03-21T19:40:26.179+0500] {dag.py:3239} INFO - Sync 2 DAGs
[2025-03-21T19:40:26.181+0500] {logging_mixin.py:190} INFO - [2025-03-21T19:40:26.181+0500] {dag.py:4180} INFO - Setting next_dagrun for example_subdag_operator.section-1 to None, run_after=None
[2025-03-21T19:40:26.181+0500] {logging_mixin.py:190} INFO - [2025-03-21T19:40:26.181+0500] {dag.py:4180} INFO - Setting next_dagrun for example_subdag_operator.section-2 to None, run_after=None
[2025-03-21T19:40:26.192+0500] {processor.py:208} INFO - Processing /home/ruslan/.local/lib/python3.10/site-packages/airflow/example_dags/example_subdag_operator.py took 0.062 seconds
[2025-03-21T19:41:18.594+0500] {processor.py:186} INFO - Started process (PID=157649) to work on /home/ruslan/.local/lib/python3.10/site-packages/airflow/example_dags/example_subdag_operator.py
[2025-03-21T19:41:18.595+0500] {processor.py:914} INFO - Processing file /home/ruslan/.local/lib/python3.10/site-packages/airflow/example_dags/example_subdag_operator.py for tasks to queue
[2025-03-21T19:41:18.596+0500] {logging_mixin.py:190} INFO - [2025-03-21T19:41:18.596+0500] {dagbag.py:588} INFO - Filling up the DagBag from /home/ruslan/.local/lib/python3.10/site-packages/airflow/example_dags/example_subdag_operator.py
[2025-03-21T19:41:18.609+0500] {processor.py:925} INFO - DAG(s) 'example_subdag_operator.section-1', 'example_subdag_operator.section-2', 'example_subdag_operator' retrieved from /home/ruslan/.local/lib/python3.10/site-packages/airflow/example_dags/example_subdag_operator.py
[2025-03-21T19:41:18.617+0500] {logging_mixin.py:190} INFO - [2025-03-21T19:41:18.617+0500] {dag.py:3239} INFO - Sync 3 DAGs
[2025-03-21T19:41:18.629+0500] {logging_mixin.py:190} INFO - [2025-03-21T19:41:18.629+0500] {dag.py:4180} INFO - Setting next_dagrun for example_subdag_operator to 2022-01-01 00:00:00+00:00, run_after=2022-01-01 00:00:00+00:00
[2025-03-21T19:41:18.631+0500] {logging_mixin.py:190} INFO - [2025-03-21T19:41:18.631+0500] {dag.py:4180} INFO - Setting next_dagrun for example_subdag_operator.section-1 to None, run_after=None
[2025-03-21T19:41:18.632+0500] {logging_mixin.py:190} INFO - [2025-03-21T19:41:18.632+0500] {dag.py:4180} INFO - Setting next_dagrun for example_subdag_operator.section-2 to None, run_after=None
[2025-03-21T19:41:18.635+0500] {logging_mixin.py:190} INFO - [2025-03-21T19:41:18.635+0500] {dag.py:3239} INFO - Sync 2 DAGs
[2025-03-21T19:41:18.637+0500] {logging_mixin.py:190} INFO - [2025-03-21T19:41:18.637+0500] {dag.py:4180} INFO - Setting next_dagrun for example_subdag_operator.section-1 to None, run_after=None
[2025-03-21T19:41:18.637+0500] {logging_mixin.py:190} INFO - [2025-03-21T19:41:18.637+0500] {dag.py:4180} INFO - Setting next_dagrun for example_subdag_operator.section-2 to None, run_after=None
[2025-03-21T19:41:18.648+0500] {processor.py:208} INFO - Processing /home/ruslan/.local/lib/python3.10/site-packages/airflow/example_dags/example_subdag_operator.py took 0.057 seconds
[2025-03-21T19:42:11.392+0500] {processor.py:186} INFO - Started process (PID=158161) to work on /home/ruslan/.local/lib/python3.10/site-packages/airflow/example_dags/example_subdag_operator.py
[2025-03-21T19:42:11.393+0500] {processor.py:914} INFO - Processing file /home/ruslan/.local/lib/python3.10/site-packages/airflow/example_dags/example_subdag_operator.py for tasks to queue
[2025-03-21T19:42:11.394+0500] {logging_mixin.py:190} INFO - [2025-03-21T19:42:11.394+0500] {dagbag.py:588} INFO - Filling up the DagBag from /home/ruslan/.local/lib/python3.10/site-packages/airflow/example_dags/example_subdag_operator.py
[2025-03-21T19:42:11.407+0500] {processor.py:925} INFO - DAG(s) 'example_subdag_operator.section-1', 'example_subdag_operator.section-2', 'example_subdag_operator' retrieved from /home/ruslan/.local/lib/python3.10/site-packages/airflow/example_dags/example_subdag_operator.py
[2025-03-21T19:42:11.415+0500] {logging_mixin.py:190} INFO - [2025-03-21T19:42:11.415+0500] {dag.py:3239} INFO - Sync 3 DAGs
[2025-03-21T19:42:11.427+0500] {logging_mixin.py:190} INFO - [2025-03-21T19:42:11.426+0500] {dag.py:4180} INFO - Setting next_dagrun for example_subdag_operator to 2022-01-01 00:00:00+00:00, run_after=2022-01-01 00:00:00+00:00
[2025-03-21T19:42:11.428+0500] {logging_mixin.py:190} INFO - [2025-03-21T19:42:11.428+0500] {dag.py:4180} INFO - Setting next_dagrun for example_subdag_operator.section-1 to None, run_after=None
[2025-03-21T19:42:11.429+0500] {logging_mixin.py:190} INFO - [2025-03-21T19:42:11.429+0500] {dag.py:4180} INFO - Setting next_dagrun for example_subdag_operator.section-2 to None, run_after=None
[2025-03-21T19:42:11.432+0500] {logging_mixin.py:190} INFO - [2025-03-21T19:42:11.432+0500] {dag.py:3239} INFO - Sync 2 DAGs
[2025-03-21T19:42:11.435+0500] {logging_mixin.py:190} INFO - [2025-03-21T19:42:11.435+0500] {dag.py:4180} INFO - Setting next_dagrun for example_subdag_operator.section-1 to None, run_after=None
[2025-03-21T19:42:11.435+0500] {logging_mixin.py:190} INFO - [2025-03-21T19:42:11.435+0500] {dag.py:4180} INFO - Setting next_dagrun for example_subdag_operator.section-2 to None, run_after=None
[2025-03-21T19:42:11.445+0500] {processor.py:208} INFO - Processing /home/ruslan/.local/lib/python3.10/site-packages/airflow/example_dags/example_subdag_operator.py took 0.058 seconds
[2025-03-21T19:43:05.444+0500] {processor.py:186} INFO - Started process (PID=158681) to work on /home/ruslan/.local/lib/python3.10/site-packages/airflow/example_dags/example_subdag_operator.py
[2025-03-21T19:43:05.445+0500] {processor.py:914} INFO - Processing file /home/ruslan/.local/lib/python3.10/site-packages/airflow/example_dags/example_subdag_operator.py for tasks to queue
[2025-03-21T19:43:05.446+0500] {logging_mixin.py:190} INFO - [2025-03-21T19:43:05.446+0500] {dagbag.py:588} INFO - Filling up the DagBag from /home/ruslan/.local/lib/python3.10/site-packages/airflow/example_dags/example_subdag_operator.py
[2025-03-21T19:43:05.461+0500] {processor.py:925} INFO - DAG(s) 'example_subdag_operator.section-1', 'example_subdag_operator.section-2', 'example_subdag_operator' retrieved from /home/ruslan/.local/lib/python3.10/site-packages/airflow/example_dags/example_subdag_operator.py
[2025-03-21T19:43:05.471+0500] {logging_mixin.py:190} INFO - [2025-03-21T19:43:05.471+0500] {dag.py:3239} INFO - Sync 3 DAGs
[2025-03-21T19:43:05.484+0500] {logging_mixin.py:190} INFO - [2025-03-21T19:43:05.483+0500] {dag.py:4180} INFO - Setting next_dagrun for example_subdag_operator to 2022-01-01 00:00:00+00:00, run_after=2022-01-01 00:00:00+00:00
[2025-03-21T19:43:05.486+0500] {logging_mixin.py:190} INFO - [2025-03-21T19:43:05.485+0500] {dag.py:4180} INFO - Setting next_dagrun for example_subdag_operator.section-1 to None, run_after=None
[2025-03-21T19:43:05.486+0500] {logging_mixin.py:190} INFO - [2025-03-21T19:43:05.486+0500] {dag.py:4180} INFO - Setting next_dagrun for example_subdag_operator.section-2 to None, run_after=None
[2025-03-21T19:43:05.490+0500] {logging_mixin.py:190} INFO - [2025-03-21T19:43:05.489+0500] {dag.py:3239} INFO - Sync 2 DAGs
[2025-03-21T19:43:05.492+0500] {logging_mixin.py:190} INFO - [2025-03-21T19:43:05.492+0500] {dag.py:4180} INFO - Setting next_dagrun for example_subdag_operator.section-1 to None, run_after=None
[2025-03-21T19:43:05.492+0500] {logging_mixin.py:190} INFO - [2025-03-21T19:43:05.492+0500] {dag.py:4180} INFO - Setting next_dagrun for example_subdag_operator.section-2 to None, run_after=None
[2025-03-21T19:43:05.503+0500] {processor.py:208} INFO - Processing /home/ruslan/.local/lib/python3.10/site-packages/airflow/example_dags/example_subdag_operator.py took 0.064 seconds
[2025-03-21T19:44:02.598+0500] {processor.py:186} INFO - Started process (PID=159381) to work on /home/ruslan/.local/lib/python3.10/site-packages/airflow/example_dags/example_subdag_operator.py
[2025-03-21T19:44:02.599+0500] {processor.py:914} INFO - Processing file /home/ruslan/.local/lib/python3.10/site-packages/airflow/example_dags/example_subdag_operator.py for tasks to queue
[2025-03-21T19:44:02.601+0500] {logging_mixin.py:190} INFO - [2025-03-21T19:44:02.600+0500] {dagbag.py:588} INFO - Filling up the DagBag from /home/ruslan/.local/lib/python3.10/site-packages/airflow/example_dags/example_subdag_operator.py
[2025-03-21T19:44:02.615+0500] {processor.py:925} INFO - DAG(s) 'example_subdag_operator.section-1', 'example_subdag_operator.section-2', 'example_subdag_operator' retrieved from /home/ruslan/.local/lib/python3.10/site-packages/airflow/example_dags/example_subdag_operator.py
[2025-03-21T19:44:02.624+0500] {logging_mixin.py:190} INFO - [2025-03-21T19:44:02.624+0500] {dag.py:3239} INFO - Sync 3 DAGs
[2025-03-21T19:44:02.637+0500] {logging_mixin.py:190} INFO - [2025-03-21T19:44:02.637+0500] {dag.py:4180} INFO - Setting next_dagrun for example_subdag_operator to 2022-01-01 00:00:00+00:00, run_after=2022-01-01 00:00:00+00:00
[2025-03-21T19:44:02.639+0500] {logging_mixin.py:190} INFO - [2025-03-21T19:44:02.639+0500] {dag.py:4180} INFO - Setting next_dagrun for example_subdag_operator.section-1 to None, run_after=None
[2025-03-21T19:44:02.640+0500] {logging_mixin.py:190} INFO - [2025-03-21T19:44:02.640+0500] {dag.py:4180} INFO - Setting next_dagrun for example_subdag_operator.section-2 to None, run_after=None
[2025-03-21T19:44:02.644+0500] {logging_mixin.py:190} INFO - [2025-03-21T19:44:02.644+0500] {dag.py:3239} INFO - Sync 2 DAGs
[2025-03-21T19:44:02.646+0500] {logging_mixin.py:190} INFO - [2025-03-21T19:44:02.646+0500] {dag.py:4180} INFO - Setting next_dagrun for example_subdag_operator.section-1 to None, run_after=None
[2025-03-21T19:44:02.646+0500] {logging_mixin.py:190} INFO - [2025-03-21T19:44:02.646+0500] {dag.py:4180} INFO - Setting next_dagrun for example_subdag_operator.section-2 to None, run_after=None
[2025-03-21T19:44:02.658+0500] {processor.py:208} INFO - Processing /home/ruslan/.local/lib/python3.10/site-packages/airflow/example_dags/example_subdag_operator.py took 0.064 seconds
[2025-03-21T19:44:51.800+0500] {processor.py:186} INFO - Started process (PID=159962) to work on /home/ruslan/.local/lib/python3.10/site-packages/airflow/example_dags/example_subdag_operator.py
[2025-03-21T19:44:51.801+0500] {processor.py:914} INFO - Processing file /home/ruslan/.local/lib/python3.10/site-packages/airflow/example_dags/example_subdag_operator.py for tasks to queue
[2025-03-21T19:44:51.801+0500] {logging_mixin.py:190} INFO - [2025-03-21T19:44:51.801+0500] {dagbag.py:588} INFO - Filling up the DagBag from /home/ruslan/.local/lib/python3.10/site-packages/airflow/example_dags/example_subdag_operator.py
[2025-03-21T19:44:51.815+0500] {processor.py:925} INFO - DAG(s) 'example_subdag_operator.section-1', 'example_subdag_operator.section-2', 'example_subdag_operator' retrieved from /home/ruslan/.local/lib/python3.10/site-packages/airflow/example_dags/example_subdag_operator.py
[2025-03-21T19:44:51.823+0500] {logging_mixin.py:190} INFO - [2025-03-21T19:44:51.823+0500] {dag.py:3239} INFO - Sync 3 DAGs
[2025-03-21T19:44:51.835+0500] {logging_mixin.py:190} INFO - [2025-03-21T19:44:51.835+0500] {dag.py:4180} INFO - Setting next_dagrun for example_subdag_operator to 2022-01-01 00:00:00+00:00, run_after=2022-01-01 00:00:00+00:00
[2025-03-21T19:44:51.837+0500] {logging_mixin.py:190} INFO - [2025-03-21T19:44:51.837+0500] {dag.py:4180} INFO - Setting next_dagrun for example_subdag_operator.section-1 to None, run_after=None
[2025-03-21T19:44:51.838+0500] {logging_mixin.py:190} INFO - [2025-03-21T19:44:51.838+0500] {dag.py:4180} INFO - Setting next_dagrun for example_subdag_operator.section-2 to None, run_after=None
[2025-03-21T19:44:51.841+0500] {logging_mixin.py:190} INFO - [2025-03-21T19:44:51.841+0500] {dag.py:3239} INFO - Sync 2 DAGs
[2025-03-21T19:44:51.844+0500] {logging_mixin.py:190} INFO - [2025-03-21T19:44:51.843+0500] {dag.py:4180} INFO - Setting next_dagrun for example_subdag_operator.section-1 to None, run_after=None
[2025-03-21T19:44:51.844+0500] {logging_mixin.py:190} INFO - [2025-03-21T19:44:51.844+0500] {dag.py:4180} INFO - Setting next_dagrun for example_subdag_operator.section-2 to None, run_after=None
[2025-03-21T19:44:51.856+0500] {processor.py:208} INFO - Processing /home/ruslan/.local/lib/python3.10/site-packages/airflow/example_dags/example_subdag_operator.py took 0.060 seconds
[2025-03-21T19:45:45.349+0500] {processor.py:186} INFO - Started process (PID=160480) to work on /home/ruslan/.local/lib/python3.10/site-packages/airflow/example_dags/example_subdag_operator.py
[2025-03-21T19:45:45.350+0500] {processor.py:914} INFO - Processing file /home/ruslan/.local/lib/python3.10/site-packages/airflow/example_dags/example_subdag_operator.py for tasks to queue
[2025-03-21T19:45:45.351+0500] {logging_mixin.py:190} INFO - [2025-03-21T19:45:45.351+0500] {dagbag.py:588} INFO - Filling up the DagBag from /home/ruslan/.local/lib/python3.10/site-packages/airflow/example_dags/example_subdag_operator.py
[2025-03-21T19:45:45.364+0500] {processor.py:925} INFO - DAG(s) 'example_subdag_operator.section-1', 'example_subdag_operator.section-2', 'example_subdag_operator' retrieved from /home/ruslan/.local/lib/python3.10/site-packages/airflow/example_dags/example_subdag_operator.py
[2025-03-21T19:45:45.373+0500] {logging_mixin.py:190} INFO - [2025-03-21T19:45:45.373+0500] {dag.py:3239} INFO - Sync 3 DAGs
[2025-03-21T19:45:45.385+0500] {logging_mixin.py:190} INFO - [2025-03-21T19:45:45.385+0500] {dag.py:4180} INFO - Setting next_dagrun for example_subdag_operator to 2022-01-01 00:00:00+00:00, run_after=2022-01-01 00:00:00+00:00
[2025-03-21T19:45:45.387+0500] {logging_mixin.py:190} INFO - [2025-03-21T19:45:45.387+0500] {dag.py:4180} INFO - Setting next_dagrun for example_subdag_operator.section-1 to None, run_after=None
[2025-03-21T19:45:45.388+0500] {logging_mixin.py:190} INFO - [2025-03-21T19:45:45.388+0500] {dag.py:4180} INFO - Setting next_dagrun for example_subdag_operator.section-2 to None, run_after=None
[2025-03-21T19:45:45.391+0500] {logging_mixin.py:190} INFO - [2025-03-21T19:45:45.391+0500] {dag.py:3239} INFO - Sync 2 DAGs
[2025-03-21T19:45:45.394+0500] {logging_mixin.py:190} INFO - [2025-03-21T19:45:45.394+0500] {dag.py:4180} INFO - Setting next_dagrun for example_subdag_operator.section-1 to None, run_after=None
[2025-03-21T19:45:45.394+0500] {logging_mixin.py:190} INFO - [2025-03-21T19:45:45.394+0500] {dag.py:4180} INFO - Setting next_dagrun for example_subdag_operator.section-2 to None, run_after=None
[2025-03-21T19:45:45.406+0500] {processor.py:208} INFO - Processing /home/ruslan/.local/lib/python3.10/site-packages/airflow/example_dags/example_subdag_operator.py took 0.061 seconds
[2025-03-21T19:46:39.382+0500] {processor.py:186} INFO - Started process (PID=161118) to work on /home/ruslan/.local/lib/python3.10/site-packages/airflow/example_dags/example_subdag_operator.py
[2025-03-21T19:46:39.383+0500] {processor.py:914} INFO - Processing file /home/ruslan/.local/lib/python3.10/site-packages/airflow/example_dags/example_subdag_operator.py for tasks to queue
[2025-03-21T19:46:39.384+0500] {logging_mixin.py:190} INFO - [2025-03-21T19:46:39.384+0500] {dagbag.py:588} INFO - Filling up the DagBag from /home/ruslan/.local/lib/python3.10/site-packages/airflow/example_dags/example_subdag_operator.py
[2025-03-21T19:46:39.397+0500] {processor.py:925} INFO - DAG(s) 'example_subdag_operator.section-1', 'example_subdag_operator.section-2', 'example_subdag_operator' retrieved from /home/ruslan/.local/lib/python3.10/site-packages/airflow/example_dags/example_subdag_operator.py
[2025-03-21T19:46:39.405+0500] {logging_mixin.py:190} INFO - [2025-03-21T19:46:39.405+0500] {dag.py:3239} INFO - Sync 3 DAGs
[2025-03-21T19:46:39.417+0500] {logging_mixin.py:190} INFO - [2025-03-21T19:46:39.417+0500] {dag.py:4180} INFO - Setting next_dagrun for example_subdag_operator to 2022-01-01 00:00:00+00:00, run_after=2022-01-01 00:00:00+00:00
[2025-03-21T19:46:39.419+0500] {logging_mixin.py:190} INFO - [2025-03-21T19:46:39.419+0500] {dag.py:4180} INFO - Setting next_dagrun for example_subdag_operator.section-1 to None, run_after=None
[2025-03-21T19:46:39.420+0500] {logging_mixin.py:190} INFO - [2025-03-21T19:46:39.420+0500] {dag.py:4180} INFO - Setting next_dagrun for example_subdag_operator.section-2 to None, run_after=None
[2025-03-21T19:46:39.423+0500] {logging_mixin.py:190} INFO - [2025-03-21T19:46:39.423+0500] {dag.py:3239} INFO - Sync 2 DAGs
[2025-03-21T19:46:39.425+0500] {logging_mixin.py:190} INFO - [2025-03-21T19:46:39.425+0500] {dag.py:4180} INFO - Setting next_dagrun for example_subdag_operator.section-1 to None, run_after=None
[2025-03-21T19:46:39.425+0500] {logging_mixin.py:190} INFO - [2025-03-21T19:46:39.425+0500] {dag.py:4180} INFO - Setting next_dagrun for example_subdag_operator.section-2 to None, run_after=None
[2025-03-21T19:46:39.437+0500] {processor.py:208} INFO - Processing /home/ruslan/.local/lib/python3.10/site-packages/airflow/example_dags/example_subdag_operator.py took 0.060 seconds
