[2025-03-21T19:27:35.604+0500] {processor.py:186} INFO - Started process (PID=141035) to work on /home/ruslan/.local/lib/python3.10/site-packages/airflow/example_dags/example_python_operator.py
[2025-03-21T19:27:35.605+0500] {processor.py:914} INFO - Processing file /home/ruslan/.local/lib/python3.10/site-packages/airflow/example_dags/example_python_operator.py for tasks to queue
[2025-03-21T19:27:35.606+0500] {logging_mixin.py:190} INFO - [2025-03-21T19:27:35.606+0500] {dagbag.py:588} INFO - Filling up the DagBag from /home/ruslan/.local/lib/python3.10/site-packages/airflow/example_dags/example_python_operator.py
[2025-03-21T19:27:35.647+0500] {logging_mixin.py:190} INFO - [2025-03-21T19:27:35.647+0500] {example_python_operator.py:93} WARNING - The virtalenv_python example task requires virtualenv, please install it.
[2025-03-21T19:27:35.649+0500] {processor.py:925} INFO - DAG(s) 'example_python_operator' retrieved from /home/ruslan/.local/lib/python3.10/site-packages/airflow/example_dags/example_python_operator.py
[2025-03-21T19:27:35.722+0500] {logging_mixin.py:190} INFO - [2025-03-21T19:27:35.721+0500] {override.py:1930} INFO - Created Permission View: can edit on DAG:example_python_operator
[2025-03-21T19:27:35.731+0500] {logging_mixin.py:190} INFO - [2025-03-21T19:27:35.731+0500] {override.py:1930} INFO - Created Permission View: can read on DAG:example_python_operator
[2025-03-21T19:27:35.739+0500] {logging_mixin.py:190} INFO - [2025-03-21T19:27:35.739+0500] {override.py:1930} INFO - Created Permission View: can delete on DAG:example_python_operator
[2025-03-21T19:27:35.752+0500] {logging_mixin.py:190} INFO - [2025-03-21T19:27:35.751+0500] {override.py:1930} INFO - Created Permission View: can create on DAG Run:example_python_operator
[2025-03-21T19:27:35.760+0500] {logging_mixin.py:190} INFO - [2025-03-21T19:27:35.760+0500] {override.py:1930} INFO - Created Permission View: can read on DAG Run:example_python_operator
[2025-03-21T19:27:35.767+0500] {logging_mixin.py:190} INFO - [2025-03-21T19:27:35.767+0500] {override.py:1930} INFO - Created Permission View: can delete on DAG Run:example_python_operator
[2025-03-21T19:27:35.775+0500] {logging_mixin.py:190} INFO - [2025-03-21T19:27:35.774+0500] {override.py:1930} INFO - Created Permission View: menu access on DAG Run:example_python_operator
[2025-03-21T19:27:35.775+0500] {logging_mixin.py:190} INFO - [2025-03-21T19:27:35.775+0500] {dag.py:3239} INFO - Sync 1 DAGs
[2025-03-21T19:27:35.783+0500] {logging_mixin.py:190} INFO - [2025-03-21T19:27:35.782+0500] {dag.py:3262} INFO - Creating ORM DAG for example_python_operator
[2025-03-21T19:27:35.783+0500] {logging_mixin.py:190} INFO - [2025-03-21T19:27:35.783+0500] {dag.py:4180} INFO - Setting next_dagrun for example_python_operator to None, run_after=None
[2025-03-21T19:27:35.799+0500] {processor.py:208} INFO - Processing /home/ruslan/.local/lib/python3.10/site-packages/airflow/example_dags/example_python_operator.py took 0.199 seconds
[2025-03-21T19:28:32.765+0500] {processor.py:186} INFO - Started process (PID=141347) to work on /home/ruslan/.local/lib/python3.10/site-packages/airflow/example_dags/example_python_operator.py
[2025-03-21T19:28:32.766+0500] {processor.py:914} INFO - Processing file /home/ruslan/.local/lib/python3.10/site-packages/airflow/example_dags/example_python_operator.py for tasks to queue
[2025-03-21T19:28:32.767+0500] {logging_mixin.py:190} INFO - [2025-03-21T19:28:32.767+0500] {dagbag.py:588} INFO - Filling up the DagBag from /home/ruslan/.local/lib/python3.10/site-packages/airflow/example_dags/example_python_operator.py
[2025-03-21T19:28:32.805+0500] {logging_mixin.py:190} INFO - [2025-03-21T19:28:32.805+0500] {example_python_operator.py:93} WARNING - The virtalenv_python example task requires virtualenv, please install it.
[2025-03-21T19:28:32.807+0500] {processor.py:925} INFO - DAG(s) 'example_python_operator' retrieved from /home/ruslan/.local/lib/python3.10/site-packages/airflow/example_dags/example_python_operator.py
[2025-03-21T19:28:32.816+0500] {logging_mixin.py:190} INFO - [2025-03-21T19:28:32.816+0500] {dag.py:3239} INFO - Sync 1 DAGs
[2025-03-21T19:28:32.824+0500] {logging_mixin.py:190} INFO - [2025-03-21T19:28:32.823+0500] {dag.py:4180} INFO - Setting next_dagrun for example_python_operator to None, run_after=None
[2025-03-21T19:28:32.839+0500] {processor.py:208} INFO - Processing /home/ruslan/.local/lib/python3.10/site-packages/airflow/example_dags/example_python_operator.py took 0.077 seconds
[2025-03-21T19:29:28.059+0500] {processor.py:186} INFO - Started process (PID=141622) to work on /home/ruslan/.local/lib/python3.10/site-packages/airflow/example_dags/example_python_operator.py
[2025-03-21T19:29:28.060+0500] {processor.py:914} INFO - Processing file /home/ruslan/.local/lib/python3.10/site-packages/airflow/example_dags/example_python_operator.py for tasks to queue
[2025-03-21T19:29:28.061+0500] {logging_mixin.py:190} INFO - [2025-03-21T19:29:28.061+0500] {dagbag.py:588} INFO - Filling up the DagBag from /home/ruslan/.local/lib/python3.10/site-packages/airflow/example_dags/example_python_operator.py
[2025-03-21T19:29:28.094+0500] {logging_mixin.py:190} INFO - [2025-03-21T19:29:28.094+0500] {example_python_operator.py:93} WARNING - The virtalenv_python example task requires virtualenv, please install it.
[2025-03-21T19:29:28.095+0500] {processor.py:925} INFO - DAG(s) 'example_python_operator' retrieved from /home/ruslan/.local/lib/python3.10/site-packages/airflow/example_dags/example_python_operator.py
[2025-03-21T19:29:28.105+0500] {logging_mixin.py:190} INFO - [2025-03-21T19:29:28.104+0500] {dag.py:3239} INFO - Sync 1 DAGs
[2025-03-21T19:29:28.112+0500] {logging_mixin.py:190} INFO - [2025-03-21T19:29:28.112+0500] {dag.py:4180} INFO - Setting next_dagrun for example_python_operator to None, run_after=None
[2025-03-21T19:29:28.126+0500] {processor.py:208} INFO - Processing /home/ruslan/.local/lib/python3.10/site-packages/airflow/example_dags/example_python_operator.py took 0.071 seconds
[2025-03-21T19:30:21.248+0500] {processor.py:186} INFO - Started process (PID=141887) to work on /home/ruslan/.local/lib/python3.10/site-packages/airflow/example_dags/example_python_operator.py
[2025-03-21T19:30:21.249+0500] {processor.py:914} INFO - Processing file /home/ruslan/.local/lib/python3.10/site-packages/airflow/example_dags/example_python_operator.py for tasks to queue
[2025-03-21T19:30:21.251+0500] {logging_mixin.py:190} INFO - [2025-03-21T19:30:21.250+0500] {dagbag.py:588} INFO - Filling up the DagBag from /home/ruslan/.local/lib/python3.10/site-packages/airflow/example_dags/example_python_operator.py
[2025-03-21T19:30:21.282+0500] {logging_mixin.py:190} INFO - [2025-03-21T19:30:21.282+0500] {example_python_operator.py:93} WARNING - The virtalenv_python example task requires virtualenv, please install it.
[2025-03-21T19:30:21.284+0500] {processor.py:925} INFO - DAG(s) 'example_python_operator' retrieved from /home/ruslan/.local/lib/python3.10/site-packages/airflow/example_dags/example_python_operator.py
[2025-03-21T19:30:21.293+0500] {logging_mixin.py:190} INFO - [2025-03-21T19:30:21.293+0500] {dag.py:3239} INFO - Sync 1 DAGs
[2025-03-21T19:30:21.301+0500] {logging_mixin.py:190} INFO - [2025-03-21T19:30:21.300+0500] {dag.py:4180} INFO - Setting next_dagrun for example_python_operator to None, run_after=None
[2025-03-21T19:30:21.315+0500] {processor.py:208} INFO - Processing /home/ruslan/.local/lib/python3.10/site-packages/airflow/example_dags/example_python_operator.py took 0.071 seconds
[2025-03-21T19:31:13.958+0500] {processor.py:186} INFO - Started process (PID=142150) to work on /home/ruslan/.local/lib/python3.10/site-packages/airflow/example_dags/example_python_operator.py
[2025-03-21T19:31:13.959+0500] {processor.py:914} INFO - Processing file /home/ruslan/.local/lib/python3.10/site-packages/airflow/example_dags/example_python_operator.py for tasks to queue
[2025-03-21T19:31:13.961+0500] {logging_mixin.py:190} INFO - [2025-03-21T19:31:13.960+0500] {dagbag.py:588} INFO - Filling up the DagBag from /home/ruslan/.local/lib/python3.10/site-packages/airflow/example_dags/example_python_operator.py
[2025-03-21T19:31:13.992+0500] {logging_mixin.py:190} INFO - [2025-03-21T19:31:13.991+0500] {example_python_operator.py:93} WARNING - The virtalenv_python example task requires virtualenv, please install it.
[2025-03-21T19:31:13.993+0500] {processor.py:925} INFO - DAG(s) 'example_python_operator' retrieved from /home/ruslan/.local/lib/python3.10/site-packages/airflow/example_dags/example_python_operator.py
[2025-03-21T19:31:14.002+0500] {logging_mixin.py:190} INFO - [2025-03-21T19:31:14.002+0500] {dag.py:3239} INFO - Sync 1 DAGs
[2025-03-21T19:31:14.009+0500] {logging_mixin.py:190} INFO - [2025-03-21T19:31:14.009+0500] {dag.py:4180} INFO - Setting next_dagrun for example_python_operator to None, run_after=None
[2025-03-21T19:31:14.024+0500] {processor.py:208} INFO - Processing /home/ruslan/.local/lib/python3.10/site-packages/airflow/example_dags/example_python_operator.py took 0.070 seconds
[2025-03-21T19:32:05.848+0500] {processor.py:186} INFO - Started process (PID=142418) to work on /home/ruslan/.local/lib/python3.10/site-packages/airflow/example_dags/example_python_operator.py
[2025-03-21T19:32:05.849+0500] {processor.py:914} INFO - Processing file /home/ruslan/.local/lib/python3.10/site-packages/airflow/example_dags/example_python_operator.py for tasks to queue
[2025-03-21T19:32:05.851+0500] {logging_mixin.py:190} INFO - [2025-03-21T19:32:05.851+0500] {dagbag.py:588} INFO - Filling up the DagBag from /home/ruslan/.local/lib/python3.10/site-packages/airflow/example_dags/example_python_operator.py
[2025-03-21T19:32:05.892+0500] {logging_mixin.py:190} INFO - [2025-03-21T19:32:05.892+0500] {example_python_operator.py:93} WARNING - The virtalenv_python example task requires virtualenv, please install it.
[2025-03-21T19:32:05.894+0500] {processor.py:925} INFO - DAG(s) 'example_python_operator' retrieved from /home/ruslan/.local/lib/python3.10/site-packages/airflow/example_dags/example_python_operator.py
[2025-03-21T19:32:05.906+0500] {logging_mixin.py:190} INFO - [2025-03-21T19:32:05.906+0500] {dag.py:3239} INFO - Sync 1 DAGs
[2025-03-21T19:32:05.915+0500] {logging_mixin.py:190} INFO - [2025-03-21T19:32:05.915+0500] {dag.py:4180} INFO - Setting next_dagrun for example_python_operator to None, run_after=None
[2025-03-21T19:32:05.932+0500] {processor.py:208} INFO - Processing /home/ruslan/.local/lib/python3.10/site-packages/airflow/example_dags/example_python_operator.py took 0.088 seconds
[2025-03-21T19:32:55.671+0500] {processor.py:186} INFO - Started process (PID=150842) to work on /home/ruslan/.local/lib/python3.10/site-packages/airflow/example_dags/example_python_operator.py
[2025-03-21T19:32:55.672+0500] {processor.py:914} INFO - Processing file /home/ruslan/.local/lib/python3.10/site-packages/airflow/example_dags/example_python_operator.py for tasks to queue
[2025-03-21T19:32:55.674+0500] {logging_mixin.py:190} INFO - [2025-03-21T19:32:55.673+0500] {dagbag.py:588} INFO - Filling up the DagBag from /home/ruslan/.local/lib/python3.10/site-packages/airflow/example_dags/example_python_operator.py
[2025-03-21T19:32:55.721+0500] {logging_mixin.py:190} INFO - [2025-03-21T19:32:55.721+0500] {example_python_operator.py:93} WARNING - The virtalenv_python example task requires virtualenv, please install it.
[2025-03-21T19:32:55.723+0500] {processor.py:925} INFO - DAG(s) 'example_python_operator' retrieved from /home/ruslan/.local/lib/python3.10/site-packages/airflow/example_dags/example_python_operator.py
[2025-03-21T19:32:55.733+0500] {logging_mixin.py:190} INFO - [2025-03-21T19:32:55.733+0500] {dag.py:3239} INFO - Sync 1 DAGs
[2025-03-21T19:32:55.742+0500] {logging_mixin.py:190} INFO - [2025-03-21T19:32:55.742+0500] {dag.py:4180} INFO - Setting next_dagrun for example_python_operator to None, run_after=None
[2025-03-21T19:32:55.759+0500] {processor.py:208} INFO - Processing /home/ruslan/.local/lib/python3.10/site-packages/airflow/example_dags/example_python_operator.py took 0.094 seconds
[2025-03-21T19:33:49.196+0500] {processor.py:186} INFO - Started process (PID=154092) to work on /home/ruslan/.local/lib/python3.10/site-packages/airflow/example_dags/example_python_operator.py
[2025-03-21T19:33:49.197+0500] {processor.py:914} INFO - Processing file /home/ruslan/.local/lib/python3.10/site-packages/airflow/example_dags/example_python_operator.py for tasks to queue
[2025-03-21T19:33:49.199+0500] {logging_mixin.py:190} INFO - [2025-03-21T19:33:49.199+0500] {dagbag.py:588} INFO - Filling up the DagBag from /home/ruslan/.local/lib/python3.10/site-packages/airflow/example_dags/example_python_operator.py
[2025-03-21T19:33:49.239+0500] {logging_mixin.py:190} INFO - [2025-03-21T19:33:49.238+0500] {example_python_operator.py:93} WARNING - The virtalenv_python example task requires virtualenv, please install it.
[2025-03-21T19:33:49.240+0500] {processor.py:925} INFO - DAG(s) 'example_python_operator' retrieved from /home/ruslan/.local/lib/python3.10/site-packages/airflow/example_dags/example_python_operator.py
[2025-03-21T19:33:49.249+0500] {logging_mixin.py:190} INFO - [2025-03-21T19:33:49.249+0500] {dag.py:3239} INFO - Sync 1 DAGs
[2025-03-21T19:33:49.258+0500] {logging_mixin.py:190} INFO - [2025-03-21T19:33:49.258+0500] {dag.py:4180} INFO - Setting next_dagrun for example_python_operator to None, run_after=None
[2025-03-21T19:33:49.273+0500] {processor.py:208} INFO - Processing /home/ruslan/.local/lib/python3.10/site-packages/airflow/example_dags/example_python_operator.py took 0.080 seconds
[2025-03-21T19:34:43.112+0500] {processor.py:186} INFO - Started process (PID=154399) to work on /home/ruslan/.local/lib/python3.10/site-packages/airflow/example_dags/example_python_operator.py
[2025-03-21T19:34:43.113+0500] {processor.py:914} INFO - Processing file /home/ruslan/.local/lib/python3.10/site-packages/airflow/example_dags/example_python_operator.py for tasks to queue
[2025-03-21T19:34:43.114+0500] {logging_mixin.py:190} INFO - [2025-03-21T19:34:43.114+0500] {dagbag.py:588} INFO - Filling up the DagBag from /home/ruslan/.local/lib/python3.10/site-packages/airflow/example_dags/example_python_operator.py
[2025-03-21T19:34:43.154+0500] {logging_mixin.py:190} INFO - [2025-03-21T19:34:43.154+0500] {example_python_operator.py:93} WARNING - The virtalenv_python example task requires virtualenv, please install it.
[2025-03-21T19:34:43.156+0500] {processor.py:925} INFO - DAG(s) 'example_python_operator' retrieved from /home/ruslan/.local/lib/python3.10/site-packages/airflow/example_dags/example_python_operator.py
[2025-03-21T19:34:43.165+0500] {logging_mixin.py:190} INFO - [2025-03-21T19:34:43.165+0500] {dag.py:3239} INFO - Sync 1 DAGs
[2025-03-21T19:34:43.173+0500] {logging_mixin.py:190} INFO - [2025-03-21T19:34:43.173+0500] {dag.py:4180} INFO - Setting next_dagrun for example_python_operator to None, run_after=None
[2025-03-21T19:34:43.189+0500] {processor.py:208} INFO - Processing /home/ruslan/.local/lib/python3.10/site-packages/airflow/example_dags/example_python_operator.py took 0.081 seconds
[2025-03-21T19:35:34.714+0500] {processor.py:186} INFO - Started process (PID=154661) to work on /home/ruslan/.local/lib/python3.10/site-packages/airflow/example_dags/example_python_operator.py
[2025-03-21T19:35:34.714+0500] {processor.py:914} INFO - Processing file /home/ruslan/.local/lib/python3.10/site-packages/airflow/example_dags/example_python_operator.py for tasks to queue
[2025-03-21T19:35:34.716+0500] {logging_mixin.py:190} INFO - [2025-03-21T19:35:34.716+0500] {dagbag.py:588} INFO - Filling up the DagBag from /home/ruslan/.local/lib/python3.10/site-packages/airflow/example_dags/example_python_operator.py
[2025-03-21T19:35:34.755+0500] {logging_mixin.py:190} INFO - [2025-03-21T19:35:34.755+0500] {example_python_operator.py:93} WARNING - The virtalenv_python example task requires virtualenv, please install it.
[2025-03-21T19:35:34.757+0500] {processor.py:925} INFO - DAG(s) 'example_python_operator' retrieved from /home/ruslan/.local/lib/python3.10/site-packages/airflow/example_dags/example_python_operator.py
[2025-03-21T19:35:34.766+0500] {logging_mixin.py:190} INFO - [2025-03-21T19:35:34.766+0500] {dag.py:3239} INFO - Sync 1 DAGs
[2025-03-21T19:35:34.774+0500] {logging_mixin.py:190} INFO - [2025-03-21T19:35:34.774+0500] {dag.py:4180} INFO - Setting next_dagrun for example_python_operator to None, run_after=None
[2025-03-21T19:35:34.789+0500] {processor.py:208} INFO - Processing /home/ruslan/.local/lib/python3.10/site-packages/airflow/example_dags/example_python_operator.py took 0.079 seconds
[2025-03-21T19:36:24.918+0500] {processor.py:186} INFO - Started process (PID=154920) to work on /home/ruslan/.local/lib/python3.10/site-packages/airflow/example_dags/example_python_operator.py
[2025-03-21T19:36:24.920+0500] {processor.py:914} INFO - Processing file /home/ruslan/.local/lib/python3.10/site-packages/airflow/example_dags/example_python_operator.py for tasks to queue
[2025-03-21T19:36:24.921+0500] {logging_mixin.py:190} INFO - [2025-03-21T19:36:24.921+0500] {dagbag.py:588} INFO - Filling up the DagBag from /home/ruslan/.local/lib/python3.10/site-packages/airflow/example_dags/example_python_operator.py
[2025-03-21T19:36:24.965+0500] {logging_mixin.py:190} INFO - [2025-03-21T19:36:24.965+0500] {example_python_operator.py:93} WARNING - The virtalenv_python example task requires virtualenv, please install it.
[2025-03-21T19:36:24.967+0500] {processor.py:925} INFO - DAG(s) 'example_python_operator' retrieved from /home/ruslan/.local/lib/python3.10/site-packages/airflow/example_dags/example_python_operator.py
[2025-03-21T19:36:24.980+0500] {logging_mixin.py:190} INFO - [2025-03-21T19:36:24.979+0500] {dag.py:3239} INFO - Sync 1 DAGs
[2025-03-21T19:36:24.989+0500] {logging_mixin.py:190} INFO - [2025-03-21T19:36:24.989+0500] {dag.py:4180} INFO - Setting next_dagrun for example_python_operator to None, run_after=None
[2025-03-21T19:36:25.006+0500] {processor.py:208} INFO - Processing /home/ruslan/.local/lib/python3.10/site-packages/airflow/example_dags/example_python_operator.py took 0.091 seconds
[2025-03-21T19:37:16.274+0500] {processor.py:186} INFO - Started process (PID=155398) to work on /home/ruslan/.local/lib/python3.10/site-packages/airflow/example_dags/example_python_operator.py
[2025-03-21T19:37:16.275+0500] {processor.py:914} INFO - Processing file /home/ruslan/.local/lib/python3.10/site-packages/airflow/example_dags/example_python_operator.py for tasks to queue
[2025-03-21T19:37:16.276+0500] {logging_mixin.py:190} INFO - [2025-03-21T19:37:16.276+0500] {dagbag.py:588} INFO - Filling up the DagBag from /home/ruslan/.local/lib/python3.10/site-packages/airflow/example_dags/example_python_operator.py
[2025-03-21T19:37:16.315+0500] {logging_mixin.py:190} INFO - [2025-03-21T19:37:16.315+0500] {example_python_operator.py:93} WARNING - The virtalenv_python example task requires virtualenv, please install it.
[2025-03-21T19:37:16.317+0500] {processor.py:925} INFO - DAG(s) 'example_python_operator' retrieved from /home/ruslan/.local/lib/python3.10/site-packages/airflow/example_dags/example_python_operator.py
[2025-03-21T19:37:16.326+0500] {logging_mixin.py:190} INFO - [2025-03-21T19:37:16.326+0500] {dag.py:3239} INFO - Sync 1 DAGs
[2025-03-21T19:37:16.334+0500] {logging_mixin.py:190} INFO - [2025-03-21T19:37:16.334+0500] {dag.py:4180} INFO - Setting next_dagrun for example_python_operator to None, run_after=None
[2025-03-21T19:37:16.349+0500] {processor.py:208} INFO - Processing /home/ruslan/.local/lib/python3.10/site-packages/airflow/example_dags/example_python_operator.py took 0.079 seconds
[2025-03-21T19:38:08.189+0500] {processor.py:186} INFO - Started process (PID=155911) to work on /home/ruslan/.local/lib/python3.10/site-packages/airflow/example_dags/example_python_operator.py
[2025-03-21T19:38:08.190+0500] {processor.py:914} INFO - Processing file /home/ruslan/.local/lib/python3.10/site-packages/airflow/example_dags/example_python_operator.py for tasks to queue
[2025-03-21T19:38:08.191+0500] {logging_mixin.py:190} INFO - [2025-03-21T19:38:08.190+0500] {dagbag.py:588} INFO - Filling up the DagBag from /home/ruslan/.local/lib/python3.10/site-packages/airflow/example_dags/example_python_operator.py
[2025-03-21T19:38:08.229+0500] {logging_mixin.py:190} INFO - [2025-03-21T19:38:08.229+0500] {example_python_operator.py:93} WARNING - The virtalenv_python example task requires virtualenv, please install it.
[2025-03-21T19:38:08.231+0500] {processor.py:925} INFO - DAG(s) 'example_python_operator' retrieved from /home/ruslan/.local/lib/python3.10/site-packages/airflow/example_dags/example_python_operator.py
[2025-03-21T19:38:08.241+0500] {logging_mixin.py:190} INFO - [2025-03-21T19:38:08.240+0500] {dag.py:3239} INFO - Sync 1 DAGs
[2025-03-21T19:38:08.248+0500] {logging_mixin.py:190} INFO - [2025-03-21T19:38:08.248+0500] {dag.py:4180} INFO - Setting next_dagrun for example_python_operator to None, run_after=None
[2025-03-21T19:38:08.263+0500] {processor.py:208} INFO - Processing /home/ruslan/.local/lib/python3.10/site-packages/airflow/example_dags/example_python_operator.py took 0.078 seconds
[2025-03-21T19:39:00.337+0500] {processor.py:186} INFO - Started process (PID=156345) to work on /home/ruslan/.local/lib/python3.10/site-packages/airflow/example_dags/example_python_operator.py
[2025-03-21T19:39:00.338+0500] {processor.py:914} INFO - Processing file /home/ruslan/.local/lib/python3.10/site-packages/airflow/example_dags/example_python_operator.py for tasks to queue
[2025-03-21T19:39:00.339+0500] {logging_mixin.py:190} INFO - [2025-03-21T19:39:00.339+0500] {dagbag.py:588} INFO - Filling up the DagBag from /home/ruslan/.local/lib/python3.10/site-packages/airflow/example_dags/example_python_operator.py
[2025-03-21T19:39:00.379+0500] {logging_mixin.py:190} INFO - [2025-03-21T19:39:00.379+0500] {example_python_operator.py:93} WARNING - The virtalenv_python example task requires virtualenv, please install it.
[2025-03-21T19:39:00.380+0500] {processor.py:925} INFO - DAG(s) 'example_python_operator' retrieved from /home/ruslan/.local/lib/python3.10/site-packages/airflow/example_dags/example_python_operator.py
[2025-03-21T19:39:00.390+0500] {logging_mixin.py:190} INFO - [2025-03-21T19:39:00.389+0500] {dag.py:3239} INFO - Sync 1 DAGs
[2025-03-21T19:39:00.398+0500] {logging_mixin.py:190} INFO - [2025-03-21T19:39:00.398+0500] {dag.py:4180} INFO - Setting next_dagrun for example_python_operator to None, run_after=None
[2025-03-21T19:39:00.414+0500] {processor.py:208} INFO - Processing /home/ruslan/.local/lib/python3.10/site-packages/airflow/example_dags/example_python_operator.py took 0.081 seconds
[2025-03-21T19:39:52.491+0500] {processor.py:186} INFO - Started process (PID=156775) to work on /home/ruslan/.local/lib/python3.10/site-packages/airflow/example_dags/example_python_operator.py
[2025-03-21T19:39:52.492+0500] {processor.py:914} INFO - Processing file /home/ruslan/.local/lib/python3.10/site-packages/airflow/example_dags/example_python_operator.py for tasks to queue
[2025-03-21T19:39:52.492+0500] {logging_mixin.py:190} INFO - [2025-03-21T19:39:52.492+0500] {dagbag.py:588} INFO - Filling up the DagBag from /home/ruslan/.local/lib/python3.10/site-packages/airflow/example_dags/example_python_operator.py
[2025-03-21T19:39:52.532+0500] {logging_mixin.py:190} INFO - [2025-03-21T19:39:52.532+0500] {example_python_operator.py:93} WARNING - The virtalenv_python example task requires virtualenv, please install it.
[2025-03-21T19:39:52.533+0500] {processor.py:925} INFO - DAG(s) 'example_python_operator' retrieved from /home/ruslan/.local/lib/python3.10/site-packages/airflow/example_dags/example_python_operator.py
[2025-03-21T19:39:52.543+0500] {logging_mixin.py:190} INFO - [2025-03-21T19:39:52.543+0500] {dag.py:3239} INFO - Sync 1 DAGs
[2025-03-21T19:39:52.551+0500] {logging_mixin.py:190} INFO - [2025-03-21T19:39:52.551+0500] {dag.py:4180} INFO - Setting next_dagrun for example_python_operator to None, run_after=None
[2025-03-21T19:39:52.567+0500] {processor.py:208} INFO - Processing /home/ruslan/.local/lib/python3.10/site-packages/airflow/example_dags/example_python_operator.py took 0.080 seconds
[2025-03-21T19:40:44.931+0500] {processor.py:186} INFO - Started process (PID=157270) to work on /home/ruslan/.local/lib/python3.10/site-packages/airflow/example_dags/example_python_operator.py
[2025-03-21T19:40:44.932+0500] {processor.py:914} INFO - Processing file /home/ruslan/.local/lib/python3.10/site-packages/airflow/example_dags/example_python_operator.py for tasks to queue
[2025-03-21T19:40:44.933+0500] {logging_mixin.py:190} INFO - [2025-03-21T19:40:44.933+0500] {dagbag.py:588} INFO - Filling up the DagBag from /home/ruslan/.local/lib/python3.10/site-packages/airflow/example_dags/example_python_operator.py
[2025-03-21T19:40:44.972+0500] {logging_mixin.py:190} INFO - [2025-03-21T19:40:44.972+0500] {example_python_operator.py:93} WARNING - The virtalenv_python example task requires virtualenv, please install it.
[2025-03-21T19:40:44.973+0500] {processor.py:925} INFO - DAG(s) 'example_python_operator' retrieved from /home/ruslan/.local/lib/python3.10/site-packages/airflow/example_dags/example_python_operator.py
[2025-03-21T19:40:44.984+0500] {logging_mixin.py:190} INFO - [2025-03-21T19:40:44.983+0500] {dag.py:3239} INFO - Sync 1 DAGs
[2025-03-21T19:40:44.992+0500] {logging_mixin.py:190} INFO - [2025-03-21T19:40:44.991+0500] {dag.py:4180} INFO - Setting next_dagrun for example_python_operator to None, run_after=None
[2025-03-21T19:40:45.007+0500] {processor.py:208} INFO - Processing /home/ruslan/.local/lib/python3.10/site-packages/airflow/example_dags/example_python_operator.py took 0.080 seconds
[2025-03-21T19:41:39.686+0500] {processor.py:186} INFO - Started process (PID=157841) to work on /home/ruslan/.local/lib/python3.10/site-packages/airflow/example_dags/example_python_operator.py
[2025-03-21T19:41:39.687+0500] {processor.py:914} INFO - Processing file /home/ruslan/.local/lib/python3.10/site-packages/airflow/example_dags/example_python_operator.py for tasks to queue
[2025-03-21T19:41:39.688+0500] {logging_mixin.py:190} INFO - [2025-03-21T19:41:39.687+0500] {dagbag.py:588} INFO - Filling up the DagBag from /home/ruslan/.local/lib/python3.10/site-packages/airflow/example_dags/example_python_operator.py
[2025-03-21T19:41:39.727+0500] {logging_mixin.py:190} INFO - [2025-03-21T19:41:39.727+0500] {example_python_operator.py:93} WARNING - The virtalenv_python example task requires virtualenv, please install it.
[2025-03-21T19:41:39.729+0500] {processor.py:925} INFO - DAG(s) 'example_python_operator' retrieved from /home/ruslan/.local/lib/python3.10/site-packages/airflow/example_dags/example_python_operator.py
[2025-03-21T19:41:39.739+0500] {logging_mixin.py:190} INFO - [2025-03-21T19:41:39.739+0500] {dag.py:3239} INFO - Sync 1 DAGs
[2025-03-21T19:41:39.747+0500] {logging_mixin.py:190} INFO - [2025-03-21T19:41:39.747+0500] {dag.py:4180} INFO - Setting next_dagrun for example_python_operator to None, run_after=None
[2025-03-21T19:41:39.763+0500] {processor.py:208} INFO - Processing /home/ruslan/.local/lib/python3.10/site-packages/airflow/example_dags/example_python_operator.py took 0.081 seconds
[2025-03-21T19:42:31.864+0500] {processor.py:186} INFO - Started process (PID=158360) to work on /home/ruslan/.local/lib/python3.10/site-packages/airflow/example_dags/example_python_operator.py
[2025-03-21T19:42:31.865+0500] {processor.py:914} INFO - Processing file /home/ruslan/.local/lib/python3.10/site-packages/airflow/example_dags/example_python_operator.py for tasks to queue
[2025-03-21T19:42:31.866+0500] {logging_mixin.py:190} INFO - [2025-03-21T19:42:31.866+0500] {dagbag.py:588} INFO - Filling up the DagBag from /home/ruslan/.local/lib/python3.10/site-packages/airflow/example_dags/example_python_operator.py
[2025-03-21T19:42:31.913+0500] {logging_mixin.py:190} INFO - [2025-03-21T19:42:31.913+0500] {example_python_operator.py:93} WARNING - The virtalenv_python example task requires virtualenv, please install it.
[2025-03-21T19:42:31.915+0500] {processor.py:925} INFO - DAG(s) 'example_python_operator' retrieved from /home/ruslan/.local/lib/python3.10/site-packages/airflow/example_dags/example_python_operator.py
[2025-03-21T19:42:31.924+0500] {logging_mixin.py:190} INFO - [2025-03-21T19:42:31.924+0500] {dag.py:3239} INFO - Sync 1 DAGs
[2025-03-21T19:42:31.932+0500] {logging_mixin.py:190} INFO - [2025-03-21T19:42:31.932+0500] {dag.py:4180} INFO - Setting next_dagrun for example_python_operator to None, run_after=None
[2025-03-21T19:42:31.947+0500] {processor.py:208} INFO - Processing /home/ruslan/.local/lib/python3.10/site-packages/airflow/example_dags/example_python_operator.py took 0.088 seconds
[2025-03-21T19:43:27.998+0500] {processor.py:186} INFO - Started process (PID=159054) to work on /home/ruslan/.local/lib/python3.10/site-packages/airflow/example_dags/example_python_operator.py
[2025-03-21T19:43:27.999+0500] {processor.py:914} INFO - Processing file /home/ruslan/.local/lib/python3.10/site-packages/airflow/example_dags/example_python_operator.py for tasks to queue
[2025-03-21T19:43:27.999+0500] {logging_mixin.py:190} INFO - [2025-03-21T19:43:27.999+0500] {dagbag.py:588} INFO - Filling up the DagBag from /home/ruslan/.local/lib/python3.10/site-packages/airflow/example_dags/example_python_operator.py
[2025-03-21T19:43:28.036+0500] {logging_mixin.py:190} INFO - [2025-03-21T19:43:28.036+0500] {example_python_operator.py:93} WARNING - The virtalenv_python example task requires virtualenv, please install it.
[2025-03-21T19:43:28.038+0500] {processor.py:925} INFO - DAG(s) 'example_python_operator' retrieved from /home/ruslan/.local/lib/python3.10/site-packages/airflow/example_dags/example_python_operator.py
[2025-03-21T19:43:28.047+0500] {logging_mixin.py:190} INFO - [2025-03-21T19:43:28.047+0500] {dag.py:3239} INFO - Sync 1 DAGs
[2025-03-21T19:43:28.055+0500] {logging_mixin.py:190} INFO - [2025-03-21T19:43:28.055+0500] {dag.py:4180} INFO - Setting next_dagrun for example_python_operator to None, run_after=None
[2025-03-21T19:43:28.070+0500] {processor.py:208} INFO - Processing /home/ruslan/.local/lib/python3.10/site-packages/airflow/example_dags/example_python_operator.py took 0.076 seconds
[2025-03-21T19:44:19.991+0500] {processor.py:186} INFO - Started process (PID=159637) to work on /home/ruslan/.local/lib/python3.10/site-packages/airflow/example_dags/example_python_operator.py
[2025-03-21T19:44:19.992+0500] {processor.py:914} INFO - Processing file /home/ruslan/.local/lib/python3.10/site-packages/airflow/example_dags/example_python_operator.py for tasks to queue
[2025-03-21T19:44:19.993+0500] {logging_mixin.py:190} INFO - [2025-03-21T19:44:19.993+0500] {dagbag.py:588} INFO - Filling up the DagBag from /home/ruslan/.local/lib/python3.10/site-packages/airflow/example_dags/example_python_operator.py
[2025-03-21T19:44:20.032+0500] {logging_mixin.py:190} INFO - [2025-03-21T19:44:20.032+0500] {example_python_operator.py:93} WARNING - The virtalenv_python example task requires virtualenv, please install it.
[2025-03-21T19:44:20.034+0500] {processor.py:925} INFO - DAG(s) 'example_python_operator' retrieved from /home/ruslan/.local/lib/python3.10/site-packages/airflow/example_dags/example_python_operator.py
[2025-03-21T19:44:20.044+0500] {logging_mixin.py:190} INFO - [2025-03-21T19:44:20.044+0500] {dag.py:3239} INFO - Sync 1 DAGs
[2025-03-21T19:44:20.052+0500] {logging_mixin.py:190} INFO - [2025-03-21T19:44:20.052+0500] {dag.py:4180} INFO - Setting next_dagrun for example_python_operator to None, run_after=None
[2025-03-21T19:44:20.067+0500] {processor.py:208} INFO - Processing /home/ruslan/.local/lib/python3.10/site-packages/airflow/example_dags/example_python_operator.py took 0.080 seconds
[2025-03-21T19:45:12.262+0500] {processor.py:186} INFO - Started process (PID=160139) to work on /home/ruslan/.local/lib/python3.10/site-packages/airflow/example_dags/example_python_operator.py
[2025-03-21T19:45:12.268+0500] {processor.py:914} INFO - Processing file /home/ruslan/.local/lib/python3.10/site-packages/airflow/example_dags/example_python_operator.py for tasks to queue
[2025-03-21T19:45:12.269+0500] {logging_mixin.py:190} INFO - [2025-03-21T19:45:12.269+0500] {dagbag.py:588} INFO - Filling up the DagBag from /home/ruslan/.local/lib/python3.10/site-packages/airflow/example_dags/example_python_operator.py
[2025-03-21T19:45:12.307+0500] {logging_mixin.py:190} INFO - [2025-03-21T19:45:12.307+0500] {example_python_operator.py:93} WARNING - The virtalenv_python example task requires virtualenv, please install it.
[2025-03-21T19:45:12.309+0500] {processor.py:925} INFO - DAG(s) 'example_python_operator' retrieved from /home/ruslan/.local/lib/python3.10/site-packages/airflow/example_dags/example_python_operator.py
[2025-03-21T19:45:12.318+0500] {logging_mixin.py:190} INFO - [2025-03-21T19:45:12.318+0500] {dag.py:3239} INFO - Sync 1 DAGs
[2025-03-21T19:45:12.326+0500] {logging_mixin.py:190} INFO - [2025-03-21T19:45:12.326+0500] {dag.py:4180} INFO - Setting next_dagrun for example_python_operator to None, run_after=None
[2025-03-21T19:45:12.340+0500] {processor.py:208} INFO - Processing /home/ruslan/.local/lib/python3.10/site-packages/airflow/example_dags/example_python_operator.py took 0.082 seconds
[2025-03-21T19:46:04.478+0500] {processor.py:186} INFO - Started process (PID=160739) to work on /home/ruslan/.local/lib/python3.10/site-packages/airflow/example_dags/example_python_operator.py
[2025-03-21T19:46:04.479+0500] {processor.py:914} INFO - Processing file /home/ruslan/.local/lib/python3.10/site-packages/airflow/example_dags/example_python_operator.py for tasks to queue
[2025-03-21T19:46:04.480+0500] {logging_mixin.py:190} INFO - [2025-03-21T19:46:04.480+0500] {dagbag.py:588} INFO - Filling up the DagBag from /home/ruslan/.local/lib/python3.10/site-packages/airflow/example_dags/example_python_operator.py
[2025-03-21T19:46:04.518+0500] {logging_mixin.py:190} INFO - [2025-03-21T19:46:04.517+0500] {example_python_operator.py:93} WARNING - The virtalenv_python example task requires virtualenv, please install it.
[2025-03-21T19:46:04.519+0500] {processor.py:925} INFO - DAG(s) 'example_python_operator' retrieved from /home/ruslan/.local/lib/python3.10/site-packages/airflow/example_dags/example_python_operator.py
[2025-03-21T19:46:04.529+0500] {logging_mixin.py:190} INFO - [2025-03-21T19:46:04.528+0500] {dag.py:3239} INFO - Sync 1 DAGs
[2025-03-21T19:46:04.536+0500] {logging_mixin.py:190} INFO - [2025-03-21T19:46:04.536+0500] {dag.py:4180} INFO - Setting next_dagrun for example_python_operator to None, run_after=None
[2025-03-21T19:46:04.551+0500] {processor.py:208} INFO - Processing /home/ruslan/.local/lib/python3.10/site-packages/airflow/example_dags/example_python_operator.py took 0.077 seconds
[2025-03-21T19:46:58.520+0500] {processor.py:186} INFO - Started process (PID=161301) to work on /home/ruslan/.local/lib/python3.10/site-packages/airflow/example_dags/example_python_operator.py
[2025-03-21T19:46:58.521+0500] {processor.py:914} INFO - Processing file /home/ruslan/.local/lib/python3.10/site-packages/airflow/example_dags/example_python_operator.py for tasks to queue
[2025-03-21T19:46:58.522+0500] {logging_mixin.py:190} INFO - [2025-03-21T19:46:58.522+0500] {dagbag.py:588} INFO - Filling up the DagBag from /home/ruslan/.local/lib/python3.10/site-packages/airflow/example_dags/example_python_operator.py
[2025-03-21T19:46:58.554+0500] {logging_mixin.py:190} INFO - [2025-03-21T19:46:58.554+0500] {example_python_operator.py:93} WARNING - The virtalenv_python example task requires virtualenv, please install it.
[2025-03-21T19:46:58.555+0500] {processor.py:925} INFO - DAG(s) 'example_python_operator' retrieved from /home/ruslan/.local/lib/python3.10/site-packages/airflow/example_dags/example_python_operator.py
[2025-03-21T19:46:58.565+0500] {logging_mixin.py:190} INFO - [2025-03-21T19:46:58.565+0500] {dag.py:3239} INFO - Sync 1 DAGs
[2025-03-21T19:46:58.573+0500] {logging_mixin.py:190} INFO - [2025-03-21T19:46:58.573+0500] {dag.py:4180} INFO - Setting next_dagrun for example_python_operator to None, run_after=None
[2025-03-21T19:46:58.588+0500] {processor.py:208} INFO - Processing /home/ruslan/.local/lib/python3.10/site-packages/airflow/example_dags/example_python_operator.py took 0.072 seconds
