[2025-03-21T19:27:48.417+0500] {processor.py:186} INFO - Started process (PID=141101) to work on /home/ruslan/.local/lib/python3.10/site-packages/airflow/example_dags/example_kubernetes_executor.py
[2025-03-21T19:27:48.417+0500] {processor.py:914} INFO - Processing file /home/ruslan/.local/lib/python3.10/site-packages/airflow/example_dags/example_kubernetes_executor.py for tasks to queue
[2025-03-21T19:27:48.419+0500] {logging_mixin.py:190} INFO - [2025-03-21T19:27:48.419+0500] {dagbag.py:588} INFO - Filling up the DagBag from /home/ruslan/.local/lib/python3.10/site-packages/airflow/example_dags/example_kubernetes_executor.py
[2025-03-21T19:27:48.421+0500] {logging_mixin.py:190} INFO - [2025-03-21T19:27:48.421+0500] {example_kubernetes_executor.py:39} WARNING - The example_kubernetes_executor example DAG requires the kubernetes provider. Please install it with: pip install apache-airflow[cncf.kubernetes]
[2025-03-21T19:27:48.421+0500] {processor.py:927} WARNING - No viable dags retrieved from /home/ruslan/.local/lib/python3.10/site-packages/airflow/example_dags/example_kubernetes_executor.py
[2025-03-21T19:27:48.426+0500] {processor.py:208} INFO - Processing /home/ruslan/.local/lib/python3.10/site-packages/airflow/example_dags/example_kubernetes_executor.py took 0.013 seconds
[2025-03-21T19:28:44.162+0500] {processor.py:186} INFO - Started process (PID=141404) to work on /home/ruslan/.local/lib/python3.10/site-packages/airflow/example_dags/example_kubernetes_executor.py
[2025-03-21T19:28:44.163+0500] {processor.py:914} INFO - Processing file /home/ruslan/.local/lib/python3.10/site-packages/airflow/example_dags/example_kubernetes_executor.py for tasks to queue
[2025-03-21T19:28:44.165+0500] {logging_mixin.py:190} INFO - [2025-03-21T19:28:44.164+0500] {dagbag.py:588} INFO - Filling up the DagBag from /home/ruslan/.local/lib/python3.10/site-packages/airflow/example_dags/example_kubernetes_executor.py
[2025-03-21T19:28:44.166+0500] {logging_mixin.py:190} INFO - [2025-03-21T19:28:44.166+0500] {example_kubernetes_executor.py:39} WARNING - The example_kubernetes_executor example DAG requires the kubernetes provider. Please install it with: pip install apache-airflow[cncf.kubernetes]
[2025-03-21T19:28:44.167+0500] {processor.py:927} WARNING - No viable dags retrieved from /home/ruslan/.local/lib/python3.10/site-packages/airflow/example_dags/example_kubernetes_executor.py
[2025-03-21T19:28:44.172+0500] {processor.py:208} INFO - Processing /home/ruslan/.local/lib/python3.10/site-packages/airflow/example_dags/example_kubernetes_executor.py took 0.013 seconds
[2025-03-21T19:29:39.467+0500] {processor.py:186} INFO - Started process (PID=141680) to work on /home/ruslan/.local/lib/python3.10/site-packages/airflow/example_dags/example_kubernetes_executor.py
[2025-03-21T19:29:39.468+0500] {processor.py:914} INFO - Processing file /home/ruslan/.local/lib/python3.10/site-packages/airflow/example_dags/example_kubernetes_executor.py for tasks to queue
[2025-03-21T19:29:39.469+0500] {logging_mixin.py:190} INFO - [2025-03-21T19:29:39.469+0500] {dagbag.py:588} INFO - Filling up the DagBag from /home/ruslan/.local/lib/python3.10/site-packages/airflow/example_dags/example_kubernetes_executor.py
[2025-03-21T19:29:39.471+0500] {logging_mixin.py:190} INFO - [2025-03-21T19:29:39.471+0500] {example_kubernetes_executor.py:39} WARNING - The example_kubernetes_executor example DAG requires the kubernetes provider. Please install it with: pip install apache-airflow[cncf.kubernetes]
[2025-03-21T19:29:39.471+0500] {processor.py:927} WARNING - No viable dags retrieved from /home/ruslan/.local/lib/python3.10/site-packages/airflow/example_dags/example_kubernetes_executor.py
[2025-03-21T19:29:39.476+0500] {processor.py:208} INFO - Processing /home/ruslan/.local/lib/python3.10/site-packages/airflow/example_dags/example_kubernetes_executor.py took 0.013 seconds
[2025-03-21T19:30:33.633+0500] {processor.py:186} INFO - Started process (PID=141948) to work on /home/ruslan/.local/lib/python3.10/site-packages/airflow/example_dags/example_kubernetes_executor.py
[2025-03-21T19:30:33.635+0500] {processor.py:914} INFO - Processing file /home/ruslan/.local/lib/python3.10/site-packages/airflow/example_dags/example_kubernetes_executor.py for tasks to queue
[2025-03-21T19:30:33.636+0500] {logging_mixin.py:190} INFO - [2025-03-21T19:30:33.636+0500] {dagbag.py:588} INFO - Filling up the DagBag from /home/ruslan/.local/lib/python3.10/site-packages/airflow/example_dags/example_kubernetes_executor.py
[2025-03-21T19:30:33.638+0500] {logging_mixin.py:190} INFO - [2025-03-21T19:30:33.638+0500] {example_kubernetes_executor.py:39} WARNING - The example_kubernetes_executor example DAG requires the kubernetes provider. Please install it with: pip install apache-airflow[cncf.kubernetes]
[2025-03-21T19:30:33.638+0500] {processor.py:927} WARNING - No viable dags retrieved from /home/ruslan/.local/lib/python3.10/site-packages/airflow/example_dags/example_kubernetes_executor.py
[2025-03-21T19:30:33.644+0500] {processor.py:208} INFO - Processing /home/ruslan/.local/lib/python3.10/site-packages/airflow/example_dags/example_kubernetes_executor.py took 0.015 seconds
[2025-03-21T19:31:25.578+0500] {processor.py:186} INFO - Started process (PID=142208) to work on /home/ruslan/.local/lib/python3.10/site-packages/airflow/example_dags/example_kubernetes_executor.py
[2025-03-21T19:31:25.580+0500] {processor.py:914} INFO - Processing file /home/ruslan/.local/lib/python3.10/site-packages/airflow/example_dags/example_kubernetes_executor.py for tasks to queue
[2025-03-21T19:31:25.582+0500] {logging_mixin.py:190} INFO - [2025-03-21T19:31:25.582+0500] {dagbag.py:588} INFO - Filling up the DagBag from /home/ruslan/.local/lib/python3.10/site-packages/airflow/example_dags/example_kubernetes_executor.py
[2025-03-21T19:31:25.585+0500] {logging_mixin.py:190} INFO - [2025-03-21T19:31:25.585+0500] {example_kubernetes_executor.py:39} WARNING - The example_kubernetes_executor example DAG requires the kubernetes provider. Please install it with: pip install apache-airflow[cncf.kubernetes]
[2025-03-21T19:31:25.585+0500] {processor.py:927} WARNING - No viable dags retrieved from /home/ruslan/.local/lib/python3.10/site-packages/airflow/example_dags/example_kubernetes_executor.py
[2025-03-21T19:31:25.595+0500] {processor.py:208} INFO - Processing /home/ruslan/.local/lib/python3.10/site-packages/airflow/example_dags/example_kubernetes_executor.py took 0.020 seconds
[2025-03-21T19:32:15.979+0500] {processor.py:186} INFO - Started process (PID=142479) to work on /home/ruslan/.local/lib/python3.10/site-packages/airflow/example_dags/example_kubernetes_executor.py
[2025-03-21T19:32:15.980+0500] {processor.py:914} INFO - Processing file /home/ruslan/.local/lib/python3.10/site-packages/airflow/example_dags/example_kubernetes_executor.py for tasks to queue
[2025-03-21T19:32:15.982+0500] {logging_mixin.py:190} INFO - [2025-03-21T19:32:15.981+0500] {dagbag.py:588} INFO - Filling up the DagBag from /home/ruslan/.local/lib/python3.10/site-packages/airflow/example_dags/example_kubernetes_executor.py
[2025-03-21T19:32:15.983+0500] {logging_mixin.py:190} INFO - [2025-03-21T19:32:15.983+0500] {example_kubernetes_executor.py:39} WARNING - The example_kubernetes_executor example DAG requires the kubernetes provider. Please install it with: pip install apache-airflow[cncf.kubernetes]
[2025-03-21T19:32:15.983+0500] {processor.py:927} WARNING - No viable dags retrieved from /home/ruslan/.local/lib/python3.10/site-packages/airflow/example_dags/example_kubernetes_executor.py
[2025-03-21T19:32:15.989+0500] {processor.py:208} INFO - Processing /home/ruslan/.local/lib/python3.10/site-packages/airflow/example_dags/example_kubernetes_executor.py took 0.014 seconds
[2025-03-21T19:33:07.084+0500] {processor.py:186} INFO - Started process (PID=153628) to work on /home/ruslan/.local/lib/python3.10/site-packages/airflow/example_dags/example_kubernetes_executor.py
[2025-03-21T19:33:07.085+0500] {processor.py:914} INFO - Processing file /home/ruslan/.local/lib/python3.10/site-packages/airflow/example_dags/example_kubernetes_executor.py for tasks to queue
[2025-03-21T19:33:07.086+0500] {logging_mixin.py:190} INFO - [2025-03-21T19:33:07.086+0500] {dagbag.py:588} INFO - Filling up the DagBag from /home/ruslan/.local/lib/python3.10/site-packages/airflow/example_dags/example_kubernetes_executor.py
[2025-03-21T19:33:07.089+0500] {logging_mixin.py:190} INFO - [2025-03-21T19:33:07.088+0500] {example_kubernetes_executor.py:39} WARNING - The example_kubernetes_executor example DAG requires the kubernetes provider. Please install it with: pip install apache-airflow[cncf.kubernetes]
[2025-03-21T19:33:07.089+0500] {processor.py:927} WARNING - No viable dags retrieved from /home/ruslan/.local/lib/python3.10/site-packages/airflow/example_dags/example_kubernetes_executor.py
[2025-03-21T19:33:07.097+0500] {processor.py:208} INFO - Processing /home/ruslan/.local/lib/python3.10/site-packages/airflow/example_dags/example_kubernetes_executor.py took 0.017 seconds
[2025-03-21T19:34:01.180+0500] {processor.py:186} INFO - Started process (PID=154154) to work on /home/ruslan/.local/lib/python3.10/site-packages/airflow/example_dags/example_kubernetes_executor.py
[2025-03-21T19:34:01.181+0500] {processor.py:914} INFO - Processing file /home/ruslan/.local/lib/python3.10/site-packages/airflow/example_dags/example_kubernetes_executor.py for tasks to queue
[2025-03-21T19:34:01.182+0500] {logging_mixin.py:190} INFO - [2025-03-21T19:34:01.182+0500] {dagbag.py:588} INFO - Filling up the DagBag from /home/ruslan/.local/lib/python3.10/site-packages/airflow/example_dags/example_kubernetes_executor.py
[2025-03-21T19:34:01.184+0500] {logging_mixin.py:190} INFO - [2025-03-21T19:34:01.184+0500] {example_kubernetes_executor.py:39} WARNING - The example_kubernetes_executor example DAG requires the kubernetes provider. Please install it with: pip install apache-airflow[cncf.kubernetes]
[2025-03-21T19:34:01.184+0500] {processor.py:927} WARNING - No viable dags retrieved from /home/ruslan/.local/lib/python3.10/site-packages/airflow/example_dags/example_kubernetes_executor.py
[2025-03-21T19:34:01.190+0500] {processor.py:208} INFO - Processing /home/ruslan/.local/lib/python3.10/site-packages/airflow/example_dags/example_kubernetes_executor.py took 0.014 seconds
[2025-03-21T19:34:54.666+0500] {processor.py:186} INFO - Started process (PID=154462) to work on /home/ruslan/.local/lib/python3.10/site-packages/airflow/example_dags/example_kubernetes_executor.py
[2025-03-21T19:34:54.667+0500] {processor.py:914} INFO - Processing file /home/ruslan/.local/lib/python3.10/site-packages/airflow/example_dags/example_kubernetes_executor.py for tasks to queue
[2025-03-21T19:34:54.668+0500] {logging_mixin.py:190} INFO - [2025-03-21T19:34:54.668+0500] {dagbag.py:588} INFO - Filling up the DagBag from /home/ruslan/.local/lib/python3.10/site-packages/airflow/example_dags/example_kubernetes_executor.py
[2025-03-21T19:34:54.670+0500] {logging_mixin.py:190} INFO - [2025-03-21T19:34:54.670+0500] {example_kubernetes_executor.py:39} WARNING - The example_kubernetes_executor example DAG requires the kubernetes provider. Please install it with: pip install apache-airflow[cncf.kubernetes]
[2025-03-21T19:34:54.670+0500] {processor.py:927} WARNING - No viable dags retrieved from /home/ruslan/.local/lib/python3.10/site-packages/airflow/example_dags/example_kubernetes_executor.py
[2025-03-21T19:34:54.676+0500] {processor.py:208} INFO - Processing /home/ruslan/.local/lib/python3.10/site-packages/airflow/example_dags/example_kubernetes_executor.py took 0.014 seconds
[2025-03-21T19:35:45.413+0500] {processor.py:186} INFO - Started process (PID=154716) to work on /home/ruslan/.local/lib/python3.10/site-packages/airflow/example_dags/example_kubernetes_executor.py
[2025-03-21T19:35:45.414+0500] {processor.py:914} INFO - Processing file /home/ruslan/.local/lib/python3.10/site-packages/airflow/example_dags/example_kubernetes_executor.py for tasks to queue
[2025-03-21T19:35:45.416+0500] {logging_mixin.py:190} INFO - [2025-03-21T19:35:45.416+0500] {dagbag.py:588} INFO - Filling up the DagBag from /home/ruslan/.local/lib/python3.10/site-packages/airflow/example_dags/example_kubernetes_executor.py
[2025-03-21T19:35:45.418+0500] {logging_mixin.py:190} INFO - [2025-03-21T19:35:45.417+0500] {example_kubernetes_executor.py:39} WARNING - The example_kubernetes_executor example DAG requires the kubernetes provider. Please install it with: pip install apache-airflow[cncf.kubernetes]
[2025-03-21T19:35:45.418+0500] {processor.py:927} WARNING - No viable dags retrieved from /home/ruslan/.local/lib/python3.10/site-packages/airflow/example_dags/example_kubernetes_executor.py
[2025-03-21T19:35:45.423+0500] {processor.py:208} INFO - Processing /home/ruslan/.local/lib/python3.10/site-packages/airflow/example_dags/example_kubernetes_executor.py took 0.014 seconds
[2025-03-21T19:36:37.155+0500] {processor.py:186} INFO - Started process (PID=155194) to work on /home/ruslan/.local/lib/python3.10/site-packages/airflow/example_dags/example_kubernetes_executor.py
[2025-03-21T19:36:37.157+0500] {processor.py:914} INFO - Processing file /home/ruslan/.local/lib/python3.10/site-packages/airflow/example_dags/example_kubernetes_executor.py for tasks to queue
[2025-03-21T19:36:37.158+0500] {logging_mixin.py:190} INFO - [2025-03-21T19:36:37.158+0500] {dagbag.py:588} INFO - Filling up the DagBag from /home/ruslan/.local/lib/python3.10/site-packages/airflow/example_dags/example_kubernetes_executor.py
[2025-03-21T19:36:37.160+0500] {logging_mixin.py:190} INFO - [2025-03-21T19:36:37.160+0500] {example_kubernetes_executor.py:39} WARNING - The example_kubernetes_executor example DAG requires the kubernetes provider. Please install it with: pip install apache-airflow[cncf.kubernetes]
[2025-03-21T19:36:37.160+0500] {processor.py:927} WARNING - No viable dags retrieved from /home/ruslan/.local/lib/python3.10/site-packages/airflow/example_dags/example_kubernetes_executor.py
[2025-03-21T19:36:37.165+0500] {processor.py:208} INFO - Processing /home/ruslan/.local/lib/python3.10/site-packages/airflow/example_dags/example_kubernetes_executor.py took 0.015 seconds
[2025-03-21T19:37:27.674+0500] {processor.py:186} INFO - Started process (PID=155481) to work on /home/ruslan/.local/lib/python3.10/site-packages/airflow/example_dags/example_kubernetes_executor.py
[2025-03-21T19:37:27.675+0500] {processor.py:914} INFO - Processing file /home/ruslan/.local/lib/python3.10/site-packages/airflow/example_dags/example_kubernetes_executor.py for tasks to queue
[2025-03-21T19:37:27.676+0500] {logging_mixin.py:190} INFO - [2025-03-21T19:37:27.676+0500] {dagbag.py:588} INFO - Filling up the DagBag from /home/ruslan/.local/lib/python3.10/site-packages/airflow/example_dags/example_kubernetes_executor.py
[2025-03-21T19:37:27.678+0500] {logging_mixin.py:190} INFO - [2025-03-21T19:37:27.678+0500] {example_kubernetes_executor.py:39} WARNING - The example_kubernetes_executor example DAG requires the kubernetes provider. Please install it with: pip install apache-airflow[cncf.kubernetes]
[2025-03-21T19:37:27.678+0500] {processor.py:927} WARNING - No viable dags retrieved from /home/ruslan/.local/lib/python3.10/site-packages/airflow/example_dags/example_kubernetes_executor.py
[2025-03-21T19:37:27.684+0500] {processor.py:208} INFO - Processing /home/ruslan/.local/lib/python3.10/site-packages/airflow/example_dags/example_kubernetes_executor.py took 0.014 seconds
[2025-03-21T19:38:19.447+0500] {processor.py:186} INFO - Started process (PID=155968) to work on /home/ruslan/.local/lib/python3.10/site-packages/airflow/example_dags/example_kubernetes_executor.py
[2025-03-21T19:38:19.448+0500] {processor.py:914} INFO - Processing file /home/ruslan/.local/lib/python3.10/site-packages/airflow/example_dags/example_kubernetes_executor.py for tasks to queue
[2025-03-21T19:38:19.448+0500] {logging_mixin.py:190} INFO - [2025-03-21T19:38:19.448+0500] {dagbag.py:588} INFO - Filling up the DagBag from /home/ruslan/.local/lib/python3.10/site-packages/airflow/example_dags/example_kubernetes_executor.py
[2025-03-21T19:38:19.450+0500] {logging_mixin.py:190} INFO - [2025-03-21T19:38:19.450+0500] {example_kubernetes_executor.py:39} WARNING - The example_kubernetes_executor example DAG requires the kubernetes provider. Please install it with: pip install apache-airflow[cncf.kubernetes]
[2025-03-21T19:38:19.450+0500] {processor.py:927} WARNING - No viable dags retrieved from /home/ruslan/.local/lib/python3.10/site-packages/airflow/example_dags/example_kubernetes_executor.py
[2025-03-21T19:38:19.455+0500] {processor.py:208} INFO - Processing /home/ruslan/.local/lib/python3.10/site-packages/airflow/example_dags/example_kubernetes_executor.py took 0.012 seconds
[2025-03-21T19:39:11.007+0500] {processor.py:186} INFO - Started process (PID=156566) to work on /home/ruslan/.local/lib/python3.10/site-packages/airflow/example_dags/example_kubernetes_executor.py
[2025-03-21T19:39:11.008+0500] {processor.py:914} INFO - Processing file /home/ruslan/.local/lib/python3.10/site-packages/airflow/example_dags/example_kubernetes_executor.py for tasks to queue
[2025-03-21T19:39:11.009+0500] {logging_mixin.py:190} INFO - [2025-03-21T19:39:11.009+0500] {dagbag.py:588} INFO - Filling up the DagBag from /home/ruslan/.local/lib/python3.10/site-packages/airflow/example_dags/example_kubernetes_executor.py
[2025-03-21T19:39:11.011+0500] {logging_mixin.py:190} INFO - [2025-03-21T19:39:11.011+0500] {example_kubernetes_executor.py:39} WARNING - The example_kubernetes_executor example DAG requires the kubernetes provider. Please install it with: pip install apache-airflow[cncf.kubernetes]
[2025-03-21T19:39:11.011+0500] {processor.py:927} WARNING - No viable dags retrieved from /home/ruslan/.local/lib/python3.10/site-packages/airflow/example_dags/example_kubernetes_executor.py
[2025-03-21T19:39:11.017+0500] {processor.py:208} INFO - Processing /home/ruslan/.local/lib/python3.10/site-packages/airflow/example_dags/example_kubernetes_executor.py took 0.014 seconds
[2025-03-21T19:40:04.192+0500] {processor.py:186} INFO - Started process (PID=156833) to work on /home/ruslan/.local/lib/python3.10/site-packages/airflow/example_dags/example_kubernetes_executor.py
[2025-03-21T19:40:04.193+0500] {processor.py:914} INFO - Processing file /home/ruslan/.local/lib/python3.10/site-packages/airflow/example_dags/example_kubernetes_executor.py for tasks to queue
[2025-03-21T19:40:04.194+0500] {logging_mixin.py:190} INFO - [2025-03-21T19:40:04.194+0500] {dagbag.py:588} INFO - Filling up the DagBag from /home/ruslan/.local/lib/python3.10/site-packages/airflow/example_dags/example_kubernetes_executor.py
[2025-03-21T19:40:04.196+0500] {logging_mixin.py:190} INFO - [2025-03-21T19:40:04.196+0500] {example_kubernetes_executor.py:39} WARNING - The example_kubernetes_executor example DAG requires the kubernetes provider. Please install it with: pip install apache-airflow[cncf.kubernetes]
[2025-03-21T19:40:04.196+0500] {processor.py:927} WARNING - No viable dags retrieved from /home/ruslan/.local/lib/python3.10/site-packages/airflow/example_dags/example_kubernetes_executor.py
[2025-03-21T19:40:04.202+0500] {processor.py:208} INFO - Processing /home/ruslan/.local/lib/python3.10/site-packages/airflow/example_dags/example_kubernetes_executor.py took 0.014 seconds
[2025-03-21T19:40:56.955+0500] {processor.py:186} INFO - Started process (PID=157329) to work on /home/ruslan/.local/lib/python3.10/site-packages/airflow/example_dags/example_kubernetes_executor.py
[2025-03-21T19:40:56.956+0500] {processor.py:914} INFO - Processing file /home/ruslan/.local/lib/python3.10/site-packages/airflow/example_dags/example_kubernetes_executor.py for tasks to queue
[2025-03-21T19:40:56.956+0500] {logging_mixin.py:190} INFO - [2025-03-21T19:40:56.956+0500] {dagbag.py:588} INFO - Filling up the DagBag from /home/ruslan/.local/lib/python3.10/site-packages/airflow/example_dags/example_kubernetes_executor.py
[2025-03-21T19:40:56.958+0500] {logging_mixin.py:190} INFO - [2025-03-21T19:40:56.958+0500] {example_kubernetes_executor.py:39} WARNING - The example_kubernetes_executor example DAG requires the kubernetes provider. Please install it with: pip install apache-airflow[cncf.kubernetes]
[2025-03-21T19:40:56.958+0500] {processor.py:927} WARNING - No viable dags retrieved from /home/ruslan/.local/lib/python3.10/site-packages/airflow/example_dags/example_kubernetes_executor.py
[2025-03-21T19:40:56.965+0500] {processor.py:208} INFO - Processing /home/ruslan/.local/lib/python3.10/site-packages/airflow/example_dags/example_kubernetes_executor.py took 0.014 seconds
[2025-03-21T19:41:52.072+0500] {processor.py:186} INFO - Started process (PID=157985) to work on /home/ruslan/.local/lib/python3.10/site-packages/airflow/example_dags/example_kubernetes_executor.py
[2025-03-21T19:41:52.073+0500] {processor.py:914} INFO - Processing file /home/ruslan/.local/lib/python3.10/site-packages/airflow/example_dags/example_kubernetes_executor.py for tasks to queue
[2025-03-21T19:41:52.074+0500] {logging_mixin.py:190} INFO - [2025-03-21T19:41:52.074+0500] {dagbag.py:588} INFO - Filling up the DagBag from /home/ruslan/.local/lib/python3.10/site-packages/airflow/example_dags/example_kubernetes_executor.py
[2025-03-21T19:41:52.076+0500] {logging_mixin.py:190} INFO - [2025-03-21T19:41:52.076+0500] {example_kubernetes_executor.py:39} WARNING - The example_kubernetes_executor example DAG requires the kubernetes provider. Please install it with: pip install apache-airflow[cncf.kubernetes]
[2025-03-21T19:41:52.076+0500] {processor.py:927} WARNING - No viable dags retrieved from /home/ruslan/.local/lib/python3.10/site-packages/airflow/example_dags/example_kubernetes_executor.py
[2025-03-21T19:41:52.081+0500] {processor.py:208} INFO - Processing /home/ruslan/.local/lib/python3.10/site-packages/airflow/example_dags/example_kubernetes_executor.py took 0.013 seconds
[2025-03-21T19:42:43.552+0500] {processor.py:186} INFO - Started process (PID=158488) to work on /home/ruslan/.local/lib/python3.10/site-packages/airflow/example_dags/example_kubernetes_executor.py
[2025-03-21T19:42:43.553+0500] {processor.py:914} INFO - Processing file /home/ruslan/.local/lib/python3.10/site-packages/airflow/example_dags/example_kubernetes_executor.py for tasks to queue
[2025-03-21T19:42:43.554+0500] {logging_mixin.py:190} INFO - [2025-03-21T19:42:43.554+0500] {dagbag.py:588} INFO - Filling up the DagBag from /home/ruslan/.local/lib/python3.10/site-packages/airflow/example_dags/example_kubernetes_executor.py
[2025-03-21T19:42:43.555+0500] {logging_mixin.py:190} INFO - [2025-03-21T19:42:43.555+0500] {example_kubernetes_executor.py:39} WARNING - The example_kubernetes_executor example DAG requires the kubernetes provider. Please install it with: pip install apache-airflow[cncf.kubernetes]
[2025-03-21T19:42:43.556+0500] {processor.py:927} WARNING - No viable dags retrieved from /home/ruslan/.local/lib/python3.10/site-packages/airflow/example_dags/example_kubernetes_executor.py
[2025-03-21T19:42:43.561+0500] {processor.py:208} INFO - Processing /home/ruslan/.local/lib/python3.10/site-packages/airflow/example_dags/example_kubernetes_executor.py took 0.013 seconds
[2025-03-21T19:43:39.894+0500] {processor.py:186} INFO - Started process (PID=159133) to work on /home/ruslan/.local/lib/python3.10/site-packages/airflow/example_dags/example_kubernetes_executor.py
[2025-03-21T19:43:39.895+0500] {processor.py:914} INFO - Processing file /home/ruslan/.local/lib/python3.10/site-packages/airflow/example_dags/example_kubernetes_executor.py for tasks to queue
[2025-03-21T19:43:39.896+0500] {logging_mixin.py:190} INFO - [2025-03-21T19:43:39.896+0500] {dagbag.py:588} INFO - Filling up the DagBag from /home/ruslan/.local/lib/python3.10/site-packages/airflow/example_dags/example_kubernetes_executor.py
[2025-03-21T19:43:39.898+0500] {logging_mixin.py:190} INFO - [2025-03-21T19:43:39.898+0500] {example_kubernetes_executor.py:39} WARNING - The example_kubernetes_executor example DAG requires the kubernetes provider. Please install it with: pip install apache-airflow[cncf.kubernetes]
[2025-03-21T19:43:39.898+0500] {processor.py:927} WARNING - No viable dags retrieved from /home/ruslan/.local/lib/python3.10/site-packages/airflow/example_dags/example_kubernetes_executor.py
[2025-03-21T19:43:39.904+0500] {processor.py:208} INFO - Processing /home/ruslan/.local/lib/python3.10/site-packages/airflow/example_dags/example_kubernetes_executor.py took 0.013 seconds
[2025-03-21T19:44:31.732+0500] {processor.py:186} INFO - Started process (PID=159699) to work on /home/ruslan/.local/lib/python3.10/site-packages/airflow/example_dags/example_kubernetes_executor.py
[2025-03-21T19:44:31.733+0500] {processor.py:914} INFO - Processing file /home/ruslan/.local/lib/python3.10/site-packages/airflow/example_dags/example_kubernetes_executor.py for tasks to queue
[2025-03-21T19:44:31.733+0500] {logging_mixin.py:190} INFO - [2025-03-21T19:44:31.733+0500] {dagbag.py:588} INFO - Filling up the DagBag from /home/ruslan/.local/lib/python3.10/site-packages/airflow/example_dags/example_kubernetes_executor.py
[2025-03-21T19:44:31.735+0500] {logging_mixin.py:190} INFO - [2025-03-21T19:44:31.735+0500] {example_kubernetes_executor.py:39} WARNING - The example_kubernetes_executor example DAG requires the kubernetes provider. Please install it with: pip install apache-airflow[cncf.kubernetes]
[2025-03-21T19:44:31.735+0500] {processor.py:927} WARNING - No viable dags retrieved from /home/ruslan/.local/lib/python3.10/site-packages/airflow/example_dags/example_kubernetes_executor.py
[2025-03-21T19:44:31.741+0500] {processor.py:208} INFO - Processing /home/ruslan/.local/lib/python3.10/site-packages/airflow/example_dags/example_kubernetes_executor.py took 0.013 seconds
[2025-03-21T19:45:22.532+0500] {processor.py:186} INFO - Started process (PID=160285) to work on /home/ruslan/.local/lib/python3.10/site-packages/airflow/example_dags/example_kubernetes_executor.py
[2025-03-21T19:45:22.533+0500] {processor.py:914} INFO - Processing file /home/ruslan/.local/lib/python3.10/site-packages/airflow/example_dags/example_kubernetes_executor.py for tasks to queue
[2025-03-21T19:45:22.533+0500] {logging_mixin.py:190} INFO - [2025-03-21T19:45:22.533+0500] {dagbag.py:588} INFO - Filling up the DagBag from /home/ruslan/.local/lib/python3.10/site-packages/airflow/example_dags/example_kubernetes_executor.py
[2025-03-21T19:45:22.535+0500] {logging_mixin.py:190} INFO - [2025-03-21T19:45:22.535+0500] {example_kubernetes_executor.py:39} WARNING - The example_kubernetes_executor example DAG requires the kubernetes provider. Please install it with: pip install apache-airflow[cncf.kubernetes]
[2025-03-21T19:45:22.535+0500] {processor.py:927} WARNING - No viable dags retrieved from /home/ruslan/.local/lib/python3.10/site-packages/airflow/example_dags/example_kubernetes_executor.py
[2025-03-21T19:45:22.541+0500] {processor.py:208} INFO - Processing /home/ruslan/.local/lib/python3.10/site-packages/airflow/example_dags/example_kubernetes_executor.py took 0.013 seconds
[2025-03-21T19:46:16.872+0500] {processor.py:186} INFO - Started process (PID=160829) to work on /home/ruslan/.local/lib/python3.10/site-packages/airflow/example_dags/example_kubernetes_executor.py
[2025-03-21T19:46:16.874+0500] {processor.py:914} INFO - Processing file /home/ruslan/.local/lib/python3.10/site-packages/airflow/example_dags/example_kubernetes_executor.py for tasks to queue
[2025-03-21T19:46:16.875+0500] {logging_mixin.py:190} INFO - [2025-03-21T19:46:16.875+0500] {dagbag.py:588} INFO - Filling up the DagBag from /home/ruslan/.local/lib/python3.10/site-packages/airflow/example_dags/example_kubernetes_executor.py
[2025-03-21T19:46:16.878+0500] {logging_mixin.py:190} INFO - [2025-03-21T19:46:16.878+0500] {example_kubernetes_executor.py:39} WARNING - The example_kubernetes_executor example DAG requires the kubernetes provider. Please install it with: pip install apache-airflow[cncf.kubernetes]
[2025-03-21T19:46:16.879+0500] {processor.py:927} WARNING - No viable dags retrieved from /home/ruslan/.local/lib/python3.10/site-packages/airflow/example_dags/example_kubernetes_executor.py
[2025-03-21T19:46:16.890+0500] {processor.py:208} INFO - Processing /home/ruslan/.local/lib/python3.10/site-packages/airflow/example_dags/example_kubernetes_executor.py took 0.023 seconds
