[2025-03-21T19:28:04.312+0500] {processor.py:186} INFO - Started process (PID=141185) to work on /home/ruslan/.local/lib/python3.10/site-packages/airflow/example_dags/example_xcom.py
[2025-03-21T19:28:04.312+0500] {processor.py:914} INFO - Processing file /home/ruslan/.local/lib/python3.10/site-packages/airflow/example_dags/example_xcom.py for tasks to queue
[2025-03-21T19:28:04.314+0500] {logging_mixin.py:190} INFO - [2025-03-21T19:28:04.313+0500] {dagbag.py:588} INFO - Filling up the DagBag from /home/ruslan/.local/lib/python3.10/site-packages/airflow/example_dags/example_xcom.py
[2025-03-21T19:28:04.319+0500] {processor.py:925} INFO - DAG(s) 'example_xcom' retrieved from /home/ruslan/.local/lib/python3.10/site-packages/airflow/example_dags/example_xcom.py
[2025-03-21T19:28:04.377+0500] {logging_mixin.py:190} INFO - [2025-03-21T19:28:04.377+0500] {override.py:1930} INFO - Created Permission View: can edit on DAG:example_xcom
[2025-03-21T19:28:04.386+0500] {logging_mixin.py:190} INFO - [2025-03-21T19:28:04.385+0500] {override.py:1930} INFO - Created Permission View: can read on DAG:example_xcom
[2025-03-21T19:28:04.393+0500] {logging_mixin.py:190} INFO - [2025-03-21T19:28:04.392+0500] {override.py:1930} INFO - Created Permission View: can delete on DAG:example_xcom
[2025-03-21T19:28:04.404+0500] {logging_mixin.py:190} INFO - [2025-03-21T19:28:04.404+0500] {override.py:1930} INFO - Created Permission View: can create on DAG Run:example_xcom
[2025-03-21T19:28:04.411+0500] {logging_mixin.py:190} INFO - [2025-03-21T19:28:04.411+0500] {override.py:1930} INFO - Created Permission View: can read on DAG Run:example_xcom
[2025-03-21T19:28:04.418+0500] {logging_mixin.py:190} INFO - [2025-03-21T19:28:04.418+0500] {override.py:1930} INFO - Created Permission View: can delete on DAG Run:example_xcom
[2025-03-21T19:28:04.425+0500] {logging_mixin.py:190} INFO - [2025-03-21T19:28:04.425+0500] {override.py:1930} INFO - Created Permission View: menu access on DAG Run:example_xcom
[2025-03-21T19:28:04.425+0500] {logging_mixin.py:190} INFO - [2025-03-21T19:28:04.425+0500] {dag.py:3239} INFO - Sync 1 DAGs
[2025-03-21T19:28:04.432+0500] {logging_mixin.py:190} INFO - [2025-03-21T19:28:04.432+0500] {dag.py:3262} INFO - Creating ORM DAG for example_xcom
[2025-03-21T19:28:04.436+0500] {logging_mixin.py:190} INFO - [2025-03-21T19:28:04.436+0500] {dag.py:4180} INFO - Setting next_dagrun for example_xcom to 2021-01-01 00:00:00+00:00, run_after=2021-01-01 00:00:00+00:00
[2025-03-21T19:28:04.450+0500] {processor.py:208} INFO - Processing /home/ruslan/.local/lib/python3.10/site-packages/airflow/example_dags/example_xcom.py took 0.141 seconds
[2025-03-21T19:28:58.445+0500] {processor.py:186} INFO - Started process (PID=141474) to work on /home/ruslan/.local/lib/python3.10/site-packages/airflow/example_dags/example_xcom.py
[2025-03-21T19:28:58.446+0500] {processor.py:914} INFO - Processing file /home/ruslan/.local/lib/python3.10/site-packages/airflow/example_dags/example_xcom.py for tasks to queue
[2025-03-21T19:28:58.448+0500] {logging_mixin.py:190} INFO - [2025-03-21T19:28:58.448+0500] {dagbag.py:588} INFO - Filling up the DagBag from /home/ruslan/.local/lib/python3.10/site-packages/airflow/example_dags/example_xcom.py
[2025-03-21T19:28:58.453+0500] {processor.py:925} INFO - DAG(s) 'example_xcom' retrieved from /home/ruslan/.local/lib/python3.10/site-packages/airflow/example_dags/example_xcom.py
[2025-03-21T19:28:58.462+0500] {logging_mixin.py:190} INFO - [2025-03-21T19:28:58.462+0500] {dag.py:3239} INFO - Sync 1 DAGs
[2025-03-21T19:28:58.472+0500] {logging_mixin.py:190} INFO - [2025-03-21T19:28:58.472+0500] {dag.py:4180} INFO - Setting next_dagrun for example_xcom to 2021-01-01 00:00:00+00:00, run_after=2021-01-01 00:00:00+00:00
[2025-03-21T19:28:58.487+0500] {processor.py:208} INFO - Processing /home/ruslan/.local/lib/python3.10/site-packages/airflow/example_dags/example_xcom.py took 0.045 seconds
[2025-03-21T19:30:16.542+0500] {processor.py:186} INFO - Started process (PID=141863) to work on /home/ruslan/.local/lib/python3.10/site-packages/airflow/example_dags/example_xcom.py
[2025-03-21T19:30:16.544+0500] {processor.py:914} INFO - Processing file /home/ruslan/.local/lib/python3.10/site-packages/airflow/example_dags/example_xcom.py for tasks to queue
[2025-03-21T19:30:16.545+0500] {logging_mixin.py:190} INFO - [2025-03-21T19:30:16.545+0500] {dagbag.py:588} INFO - Filling up the DagBag from /home/ruslan/.local/lib/python3.10/site-packages/airflow/example_dags/example_xcom.py
[2025-03-21T19:30:16.550+0500] {processor.py:925} INFO - DAG(s) 'example_xcom' retrieved from /home/ruslan/.local/lib/python3.10/site-packages/airflow/example_dags/example_xcom.py
[2025-03-21T19:30:16.559+0500] {logging_mixin.py:190} INFO - [2025-03-21T19:30:16.559+0500] {dag.py:3239} INFO - Sync 1 DAGs
[2025-03-21T19:30:16.570+0500] {logging_mixin.py:190} INFO - [2025-03-21T19:30:16.570+0500] {dag.py:4180} INFO - Setting next_dagrun for example_xcom to 2021-01-01 00:00:00+00:00, run_after=2021-01-01 00:00:00+00:00
[2025-03-21T19:30:16.584+0500] {processor.py:208} INFO - Processing /home/ruslan/.local/lib/python3.10/site-packages/airflow/example_dags/example_xcom.py took 0.046 seconds
[2025-03-21T19:31:10.709+0500] {processor.py:186} INFO - Started process (PID=142135) to work on /home/ruslan/.local/lib/python3.10/site-packages/airflow/example_dags/example_xcom.py
[2025-03-21T19:31:10.710+0500] {processor.py:914} INFO - Processing file /home/ruslan/.local/lib/python3.10/site-packages/airflow/example_dags/example_xcom.py for tasks to queue
[2025-03-21T19:31:10.711+0500] {logging_mixin.py:190} INFO - [2025-03-21T19:31:10.711+0500] {dagbag.py:588} INFO - Filling up the DagBag from /home/ruslan/.local/lib/python3.10/site-packages/airflow/example_dags/example_xcom.py
[2025-03-21T19:31:10.717+0500] {processor.py:925} INFO - DAG(s) 'example_xcom' retrieved from /home/ruslan/.local/lib/python3.10/site-packages/airflow/example_dags/example_xcom.py
[2025-03-21T19:31:10.726+0500] {logging_mixin.py:190} INFO - [2025-03-21T19:31:10.726+0500] {dag.py:3239} INFO - Sync 1 DAGs
[2025-03-21T19:31:10.737+0500] {logging_mixin.py:190} INFO - [2025-03-21T19:31:10.737+0500] {dag.py:4180} INFO - Setting next_dagrun for example_xcom to 2021-01-01 00:00:00+00:00, run_after=2021-01-01 00:00:00+00:00
[2025-03-21T19:31:10.752+0500] {processor.py:208} INFO - Processing /home/ruslan/.local/lib/python3.10/site-packages/airflow/example_dags/example_xcom.py took 0.047 seconds
[2025-03-21T19:32:24.945+0500] {processor.py:186} INFO - Started process (PID=145068) to work on /home/ruslan/.local/lib/python3.10/site-packages/airflow/example_dags/example_xcom.py
[2025-03-21T19:32:24.946+0500] {processor.py:914} INFO - Processing file /home/ruslan/.local/lib/python3.10/site-packages/airflow/example_dags/example_xcom.py for tasks to queue
[2025-03-21T19:32:24.950+0500] {logging_mixin.py:190} INFO - [2025-03-21T19:32:24.949+0500] {dagbag.py:588} INFO - Filling up the DagBag from /home/ruslan/.local/lib/python3.10/site-packages/airflow/example_dags/example_xcom.py
[2025-03-21T19:32:24.960+0500] {processor.py:925} INFO - DAG(s) 'example_xcom' retrieved from /home/ruslan/.local/lib/python3.10/site-packages/airflow/example_dags/example_xcom.py
[2025-03-21T19:32:24.982+0500] {logging_mixin.py:190} INFO - [2025-03-21T19:32:24.982+0500] {dag.py:3239} INFO - Sync 1 DAGs
[2025-03-21T19:32:24.998+0500] {logging_mixin.py:190} INFO - [2025-03-21T19:32:24.998+0500] {dag.py:4180} INFO - Setting next_dagrun for example_xcom to 2021-01-01 00:00:00+00:00, run_after=2021-01-01 00:00:00+00:00
[2025-03-21T19:32:25.016+0500] {processor.py:208} INFO - Processing /home/ruslan/.local/lib/python3.10/site-packages/airflow/example_dags/example_xcom.py took 0.077 seconds
[2025-03-21T19:33:42.659+0500] {processor.py:186} INFO - Started process (PID=154060) to work on /home/ruslan/.local/lib/python3.10/site-packages/airflow/example_dags/example_xcom.py
[2025-03-21T19:33:42.660+0500] {processor.py:914} INFO - Processing file /home/ruslan/.local/lib/python3.10/site-packages/airflow/example_dags/example_xcom.py for tasks to queue
[2025-03-21T19:33:42.661+0500] {logging_mixin.py:190} INFO - [2025-03-21T19:33:42.661+0500] {dagbag.py:588} INFO - Filling up the DagBag from /home/ruslan/.local/lib/python3.10/site-packages/airflow/example_dags/example_xcom.py
[2025-03-21T19:33:42.667+0500] {processor.py:925} INFO - DAG(s) 'example_xcom' retrieved from /home/ruslan/.local/lib/python3.10/site-packages/airflow/example_dags/example_xcom.py
[2025-03-21T19:33:42.676+0500] {logging_mixin.py:190} INFO - [2025-03-21T19:33:42.676+0500] {dag.py:3239} INFO - Sync 1 DAGs
[2025-03-21T19:33:42.688+0500] {logging_mixin.py:190} INFO - [2025-03-21T19:33:42.688+0500] {dag.py:4180} INFO - Setting next_dagrun for example_xcom to 2021-01-01 00:00:00+00:00, run_after=2021-01-01 00:00:00+00:00
[2025-03-21T19:33:42.703+0500] {processor.py:208} INFO - Processing /home/ruslan/.local/lib/python3.10/site-packages/airflow/example_dags/example_xcom.py took 0.048 seconds
[2025-03-21T19:34:35.537+0500] {processor.py:186} INFO - Started process (PID=154326) to work on /home/ruslan/.local/lib/python3.10/site-packages/airflow/example_dags/example_xcom.py
[2025-03-21T19:34:35.538+0500] {processor.py:914} INFO - Processing file /home/ruslan/.local/lib/python3.10/site-packages/airflow/example_dags/example_xcom.py for tasks to queue
[2025-03-21T19:34:35.539+0500] {logging_mixin.py:190} INFO - [2025-03-21T19:34:35.539+0500] {dagbag.py:588} INFO - Filling up the DagBag from /home/ruslan/.local/lib/python3.10/site-packages/airflow/example_dags/example_xcom.py
[2025-03-21T19:34:35.545+0500] {processor.py:925} INFO - DAG(s) 'example_xcom' retrieved from /home/ruslan/.local/lib/python3.10/site-packages/airflow/example_dags/example_xcom.py
[2025-03-21T19:34:35.554+0500] {logging_mixin.py:190} INFO - [2025-03-21T19:34:35.554+0500] {dag.py:3239} INFO - Sync 1 DAGs
[2025-03-21T19:34:35.566+0500] {logging_mixin.py:190} INFO - [2025-03-21T19:34:35.566+0500] {dag.py:4180} INFO - Setting next_dagrun for example_xcom to 2021-01-01 00:00:00+00:00, run_after=2021-01-01 00:00:00+00:00
[2025-03-21T19:34:35.582+0500] {processor.py:208} INFO - Processing /home/ruslan/.local/lib/python3.10/site-packages/airflow/example_dags/example_xcom.py took 0.048 seconds
[2025-03-21T19:35:52.334+0500] {processor.py:186} INFO - Started process (PID=154750) to work on /home/ruslan/.local/lib/python3.10/site-packages/airflow/example_dags/example_xcom.py
[2025-03-21T19:35:52.335+0500] {processor.py:914} INFO - Processing file /home/ruslan/.local/lib/python3.10/site-packages/airflow/example_dags/example_xcom.py for tasks to queue
[2025-03-21T19:35:52.337+0500] {logging_mixin.py:190} INFO - [2025-03-21T19:35:52.337+0500] {dagbag.py:588} INFO - Filling up the DagBag from /home/ruslan/.local/lib/python3.10/site-packages/airflow/example_dags/example_xcom.py
[2025-03-21T19:35:52.343+0500] {processor.py:925} INFO - DAG(s) 'example_xcom' retrieved from /home/ruslan/.local/lib/python3.10/site-packages/airflow/example_dags/example_xcom.py
[2025-03-21T19:35:52.353+0500] {logging_mixin.py:190} INFO - [2025-03-21T19:35:52.352+0500] {dag.py:3239} INFO - Sync 1 DAGs
[2025-03-21T19:35:52.365+0500] {logging_mixin.py:190} INFO - [2025-03-21T19:35:52.364+0500] {dag.py:4180} INFO - Setting next_dagrun for example_xcom to 2021-01-01 00:00:00+00:00, run_after=2021-01-01 00:00:00+00:00
[2025-03-21T19:35:52.379+0500] {processor.py:208} INFO - Processing /home/ruslan/.local/lib/python3.10/site-packages/airflow/example_dags/example_xcom.py took 0.049 seconds
[2025-03-21T19:37:08.528+0500] {processor.py:186} INFO - Started process (PID=155358) to work on /home/ruslan/.local/lib/python3.10/site-packages/airflow/example_dags/example_xcom.py
[2025-03-21T19:37:08.529+0500] {processor.py:914} INFO - Processing file /home/ruslan/.local/lib/python3.10/site-packages/airflow/example_dags/example_xcom.py for tasks to queue
[2025-03-21T19:37:08.530+0500] {logging_mixin.py:190} INFO - [2025-03-21T19:37:08.530+0500] {dagbag.py:588} INFO - Filling up the DagBag from /home/ruslan/.local/lib/python3.10/site-packages/airflow/example_dags/example_xcom.py
[2025-03-21T19:37:08.536+0500] {processor.py:925} INFO - DAG(s) 'example_xcom' retrieved from /home/ruslan/.local/lib/python3.10/site-packages/airflow/example_dags/example_xcom.py
[2025-03-21T19:37:08.545+0500] {logging_mixin.py:190} INFO - [2025-03-21T19:37:08.545+0500] {dag.py:3239} INFO - Sync 1 DAGs
[2025-03-21T19:37:08.558+0500] {logging_mixin.py:190} INFO - [2025-03-21T19:37:08.557+0500] {dag.py:4180} INFO - Setting next_dagrun for example_xcom to 2021-01-01 00:00:00+00:00, run_after=2021-01-01 00:00:00+00:00
[2025-03-21T19:37:08.572+0500] {processor.py:208} INFO - Processing /home/ruslan/.local/lib/python3.10/site-packages/airflow/example_dags/example_xcom.py took 0.048 seconds
[2025-03-21T19:38:26.838+0500] {processor.py:186} INFO - Started process (PID=156016) to work on /home/ruslan/.local/lib/python3.10/site-packages/airflow/example_dags/example_xcom.py
[2025-03-21T19:38:26.839+0500] {processor.py:914} INFO - Processing file /home/ruslan/.local/lib/python3.10/site-packages/airflow/example_dags/example_xcom.py for tasks to queue
[2025-03-21T19:38:26.840+0500] {logging_mixin.py:190} INFO - [2025-03-21T19:38:26.840+0500] {dagbag.py:588} INFO - Filling up the DagBag from /home/ruslan/.local/lib/python3.10/site-packages/airflow/example_dags/example_xcom.py
[2025-03-21T19:38:26.848+0500] {processor.py:925} INFO - DAG(s) 'example_xcom' retrieved from /home/ruslan/.local/lib/python3.10/site-packages/airflow/example_dags/example_xcom.py
[2025-03-21T19:38:26.860+0500] {logging_mixin.py:190} INFO - [2025-03-21T19:38:26.860+0500] {dag.py:3239} INFO - Sync 1 DAGs
[2025-03-21T19:38:26.873+0500] {logging_mixin.py:190} INFO - [2025-03-21T19:38:26.873+0500] {dag.py:4180} INFO - Setting next_dagrun for example_xcom to 2021-01-01 00:00:00+00:00, run_after=2021-01-01 00:00:00+00:00
[2025-03-21T19:38:26.889+0500] {processor.py:208} INFO - Processing /home/ruslan/.local/lib/python3.10/site-packages/airflow/example_dags/example_xcom.py took 0.055 seconds
[2025-03-21T19:39:18.280+0500] {processor.py:186} INFO - Started process (PID=156606) to work on /home/ruslan/.local/lib/python3.10/site-packages/airflow/example_dags/example_xcom.py
[2025-03-21T19:39:18.281+0500] {processor.py:914} INFO - Processing file /home/ruslan/.local/lib/python3.10/site-packages/airflow/example_dags/example_xcom.py for tasks to queue
[2025-03-21T19:39:18.282+0500] {logging_mixin.py:190} INFO - [2025-03-21T19:39:18.282+0500] {dagbag.py:588} INFO - Filling up the DagBag from /home/ruslan/.local/lib/python3.10/site-packages/airflow/example_dags/example_xcom.py
[2025-03-21T19:39:18.288+0500] {processor.py:925} INFO - DAG(s) 'example_xcom' retrieved from /home/ruslan/.local/lib/python3.10/site-packages/airflow/example_dags/example_xcom.py
[2025-03-21T19:39:18.297+0500] {logging_mixin.py:190} INFO - [2025-03-21T19:39:18.297+0500] {dag.py:3239} INFO - Sync 1 DAGs
[2025-03-21T19:39:18.309+0500] {logging_mixin.py:190} INFO - [2025-03-21T19:39:18.309+0500] {dag.py:4180} INFO - Setting next_dagrun for example_xcom to 2021-01-01 00:00:00+00:00, run_after=2021-01-01 00:00:00+00:00
[2025-03-21T19:39:18.324+0500] {processor.py:208} INFO - Processing /home/ruslan/.local/lib/python3.10/site-packages/airflow/example_dags/example_xcom.py took 0.047 seconds
[2025-03-21T19:40:36.409+0500] {processor.py:186} INFO - Started process (PID=157227) to work on /home/ruslan/.local/lib/python3.10/site-packages/airflow/example_dags/example_xcom.py
[2025-03-21T19:40:36.410+0500] {processor.py:914} INFO - Processing file /home/ruslan/.local/lib/python3.10/site-packages/airflow/example_dags/example_xcom.py for tasks to queue
[2025-03-21T19:40:36.411+0500] {logging_mixin.py:190} INFO - [2025-03-21T19:40:36.411+0500] {dagbag.py:588} INFO - Filling up the DagBag from /home/ruslan/.local/lib/python3.10/site-packages/airflow/example_dags/example_xcom.py
[2025-03-21T19:40:36.417+0500] {processor.py:925} INFO - DAG(s) 'example_xcom' retrieved from /home/ruslan/.local/lib/python3.10/site-packages/airflow/example_dags/example_xcom.py
[2025-03-21T19:40:36.427+0500] {logging_mixin.py:190} INFO - [2025-03-21T19:40:36.427+0500] {dag.py:3239} INFO - Sync 1 DAGs
[2025-03-21T19:40:36.439+0500] {logging_mixin.py:190} INFO - [2025-03-21T19:40:36.438+0500] {dag.py:4180} INFO - Setting next_dagrun for example_xcom to 2021-01-01 00:00:00+00:00, run_after=2021-01-01 00:00:00+00:00
[2025-03-21T19:40:36.454+0500] {processor.py:208} INFO - Processing /home/ruslan/.local/lib/python3.10/site-packages/airflow/example_dags/example_xcom.py took 0.048 seconds
[2025-03-21T19:41:32.874+0500] {processor.py:186} INFO - Started process (PID=157728) to work on /home/ruslan/.local/lib/python3.10/site-packages/airflow/example_dags/example_xcom.py
[2025-03-21T19:41:32.875+0500] {processor.py:914} INFO - Processing file /home/ruslan/.local/lib/python3.10/site-packages/airflow/example_dags/example_xcom.py for tasks to queue
[2025-03-21T19:41:32.875+0500] {logging_mixin.py:190} INFO - [2025-03-21T19:41:32.875+0500] {dagbag.py:588} INFO - Filling up the DagBag from /home/ruslan/.local/lib/python3.10/site-packages/airflow/example_dags/example_xcom.py
[2025-03-21T19:41:32.881+0500] {processor.py:925} INFO - DAG(s) 'example_xcom' retrieved from /home/ruslan/.local/lib/python3.10/site-packages/airflow/example_dags/example_xcom.py
[2025-03-21T19:41:32.890+0500] {logging_mixin.py:190} INFO - [2025-03-21T19:41:32.890+0500] {dag.py:3239} INFO - Sync 1 DAGs
[2025-03-21T19:41:32.903+0500] {logging_mixin.py:190} INFO - [2025-03-21T19:41:32.903+0500] {dag.py:4180} INFO - Setting next_dagrun for example_xcom to 2021-01-01 00:00:00+00:00, run_after=2021-01-01 00:00:00+00:00
[2025-03-21T19:41:32.921+0500] {processor.py:208} INFO - Processing /home/ruslan/.local/lib/python3.10/site-packages/airflow/example_dags/example_xcom.py took 0.051 seconds
[2025-03-21T19:42:51.647+0500] {processor.py:186} INFO - Started process (PID=158591) to work on /home/ruslan/.local/lib/python3.10/site-packages/airflow/example_dags/example_xcom.py
[2025-03-21T19:42:51.648+0500] {processor.py:914} INFO - Processing file /home/ruslan/.local/lib/python3.10/site-packages/airflow/example_dags/example_xcom.py for tasks to queue
[2025-03-21T19:42:51.649+0500] {logging_mixin.py:190} INFO - [2025-03-21T19:42:51.649+0500] {dagbag.py:588} INFO - Filling up the DagBag from /home/ruslan/.local/lib/python3.10/site-packages/airflow/example_dags/example_xcom.py
[2025-03-21T19:42:51.655+0500] {processor.py:925} INFO - DAG(s) 'example_xcom' retrieved from /home/ruslan/.local/lib/python3.10/site-packages/airflow/example_dags/example_xcom.py
[2025-03-21T19:42:51.664+0500] {logging_mixin.py:190} INFO - [2025-03-21T19:42:51.664+0500] {dag.py:3239} INFO - Sync 1 DAGs
[2025-03-21T19:42:51.676+0500] {logging_mixin.py:190} INFO - [2025-03-21T19:42:51.676+0500] {dag.py:4180} INFO - Setting next_dagrun for example_xcom to 2021-01-01 00:00:00+00:00, run_after=2021-01-01 00:00:00+00:00
[2025-03-21T19:42:51.690+0500] {processor.py:208} INFO - Processing /home/ruslan/.local/lib/python3.10/site-packages/airflow/example_dags/example_xcom.py took 0.047 seconds
[2025-03-21T19:43:47.474+0500] {processor.py:186} INFO - Started process (PID=159175) to work on /home/ruslan/.local/lib/python3.10/site-packages/airflow/example_dags/example_xcom.py
[2025-03-21T19:43:47.476+0500] {processor.py:914} INFO - Processing file /home/ruslan/.local/lib/python3.10/site-packages/airflow/example_dags/example_xcom.py for tasks to queue
[2025-03-21T19:43:47.477+0500] {logging_mixin.py:190} INFO - [2025-03-21T19:43:47.477+0500] {dagbag.py:588} INFO - Filling up the DagBag from /home/ruslan/.local/lib/python3.10/site-packages/airflow/example_dags/example_xcom.py
[2025-03-21T19:43:47.485+0500] {processor.py:925} INFO - DAG(s) 'example_xcom' retrieved from /home/ruslan/.local/lib/python3.10/site-packages/airflow/example_dags/example_xcom.py
[2025-03-21T19:43:47.495+0500] {logging_mixin.py:190} INFO - [2025-03-21T19:43:47.495+0500] {dag.py:3239} INFO - Sync 1 DAGs
[2025-03-21T19:43:47.507+0500] {logging_mixin.py:190} INFO - [2025-03-21T19:43:47.507+0500] {dag.py:4180} INFO - Setting next_dagrun for example_xcom to 2021-01-01 00:00:00+00:00, run_after=2021-01-01 00:00:00+00:00
[2025-03-21T19:43:47.523+0500] {processor.py:208} INFO - Processing /home/ruslan/.local/lib/python3.10/site-packages/airflow/example_dags/example_xcom.py took 0.055 seconds
[2025-03-21T19:45:03.759+0500] {processor.py:186} INFO - Started process (PID=160026) to work on /home/ruslan/.local/lib/python3.10/site-packages/airflow/example_dags/example_xcom.py
[2025-03-21T19:45:03.760+0500] {processor.py:914} INFO - Processing file /home/ruslan/.local/lib/python3.10/site-packages/airflow/example_dags/example_xcom.py for tasks to queue
[2025-03-21T19:45:03.761+0500] {logging_mixin.py:190} INFO - [2025-03-21T19:45:03.761+0500] {dagbag.py:588} INFO - Filling up the DagBag from /home/ruslan/.local/lib/python3.10/site-packages/airflow/example_dags/example_xcom.py
[2025-03-21T19:45:03.767+0500] {processor.py:925} INFO - DAG(s) 'example_xcom' retrieved from /home/ruslan/.local/lib/python3.10/site-packages/airflow/example_dags/example_xcom.py
[2025-03-21T19:45:03.776+0500] {logging_mixin.py:190} INFO - [2025-03-21T19:45:03.776+0500] {dag.py:3239} INFO - Sync 1 DAGs
[2025-03-21T19:45:03.788+0500] {logging_mixin.py:190} INFO - [2025-03-21T19:45:03.788+0500] {dag.py:4180} INFO - Setting next_dagrun for example_xcom to 2021-01-01 00:00:00+00:00, run_after=2021-01-01 00:00:00+00:00
[2025-03-21T19:45:03.802+0500] {processor.py:208} INFO - Processing /home/ruslan/.local/lib/python3.10/site-packages/airflow/example_dags/example_xcom.py took 0.047 seconds
[2025-03-21T19:45:57.737+0500] {processor.py:186} INFO - Started process (PID=160633) to work on /home/ruslan/.local/lib/python3.10/site-packages/airflow/example_dags/example_xcom.py
[2025-03-21T19:45:57.738+0500] {processor.py:914} INFO - Processing file /home/ruslan/.local/lib/python3.10/site-packages/airflow/example_dags/example_xcom.py for tasks to queue
[2025-03-21T19:45:57.739+0500] {logging_mixin.py:190} INFO - [2025-03-21T19:45:57.739+0500] {dagbag.py:588} INFO - Filling up the DagBag from /home/ruslan/.local/lib/python3.10/site-packages/airflow/example_dags/example_xcom.py
[2025-03-21T19:45:57.746+0500] {processor.py:925} INFO - DAG(s) 'example_xcom' retrieved from /home/ruslan/.local/lib/python3.10/site-packages/airflow/example_dags/example_xcom.py
[2025-03-21T19:45:57.756+0500] {logging_mixin.py:190} INFO - [2025-03-21T19:45:57.756+0500] {dag.py:3239} INFO - Sync 1 DAGs
[2025-03-21T19:45:57.769+0500] {logging_mixin.py:190} INFO - [2025-03-21T19:45:57.769+0500] {dag.py:4180} INFO - Setting next_dagrun for example_xcom to 2021-01-01 00:00:00+00:00, run_after=2021-01-01 00:00:00+00:00
[2025-03-21T19:45:57.786+0500] {processor.py:208} INFO - Processing /home/ruslan/.local/lib/python3.10/site-packages/airflow/example_dags/example_xcom.py took 0.054 seconds
[2025-03-21T19:46:53.053+0500] {processor.py:186} INFO - Started process (PID=161238) to work on /home/ruslan/.local/lib/python3.10/site-packages/airflow/example_dags/example_xcom.py
[2025-03-21T19:46:53.054+0500] {processor.py:914} INFO - Processing file /home/ruslan/.local/lib/python3.10/site-packages/airflow/example_dags/example_xcom.py for tasks to queue
[2025-03-21T19:46:53.055+0500] {logging_mixin.py:190} INFO - [2025-03-21T19:46:53.055+0500] {dagbag.py:588} INFO - Filling up the DagBag from /home/ruslan/.local/lib/python3.10/site-packages/airflow/example_dags/example_xcom.py
[2025-03-21T19:46:53.063+0500] {processor.py:925} INFO - DAG(s) 'example_xcom' retrieved from /home/ruslan/.local/lib/python3.10/site-packages/airflow/example_dags/example_xcom.py
[2025-03-21T19:46:53.079+0500] {logging_mixin.py:190} INFO - [2025-03-21T19:46:53.079+0500] {dag.py:3239} INFO - Sync 1 DAGs
[2025-03-21T19:46:53.096+0500] {logging_mixin.py:190} INFO - [2025-03-21T19:46:53.096+0500] {dag.py:4180} INFO - Setting next_dagrun for example_xcom to 2021-01-01 00:00:00+00:00, run_after=2021-01-01 00:00:00+00:00
[2025-03-21T19:46:53.114+0500] {processor.py:208} INFO - Processing /home/ruslan/.local/lib/python3.10/site-packages/airflow/example_dags/example_xcom.py took 0.067 seconds
