[2025-03-21T19:27:30.467+0500] {processor.py:186} INFO - Started process (PID=141006) to work on /home/ruslan/.local/lib/python3.10/site-packages/airflow/example_dags/example_branch_operator_decorator.py
[2025-03-21T19:27:30.468+0500] {processor.py:914} INFO - Processing file /home/ruslan/.local/lib/python3.10/site-packages/airflow/example_dags/example_branch_operator_decorator.py for tasks to queue
[2025-03-21T19:27:30.469+0500] {logging_mixin.py:190} INFO - [2025-03-21T19:27:30.469+0500] {dagbag.py:588} INFO - Filling up the DagBag from /home/ruslan/.local/lib/python3.10/site-packages/airflow/example_dags/example_branch_operator_decorator.py
[2025-03-21T19:27:30.509+0500] {processor.py:927} WARNING - No viable dags retrieved from /home/ruslan/.local/lib/python3.10/site-packages/airflow/example_dags/example_branch_operator_decorator.py
[2025-03-21T19:27:30.516+0500] {processor.py:208} INFO - Processing /home/ruslan/.local/lib/python3.10/site-packages/airflow/example_dags/example_branch_operator_decorator.py took 0.052 seconds
[2025-03-21T19:28:27.630+0500] {processor.py:186} INFO - Started process (PID=141304) to work on /home/ruslan/.local/lib/python3.10/site-packages/airflow/example_dags/example_branch_operator_decorator.py
[2025-03-21T19:28:27.632+0500] {processor.py:914} INFO - Processing file /home/ruslan/.local/lib/python3.10/site-packages/airflow/example_dags/example_branch_operator_decorator.py for tasks to queue
[2025-03-21T19:28:27.633+0500] {logging_mixin.py:190} INFO - [2025-03-21T19:28:27.633+0500] {dagbag.py:588} INFO - Filling up the DagBag from /home/ruslan/.local/lib/python3.10/site-packages/airflow/example_dags/example_branch_operator_decorator.py
[2025-03-21T19:28:27.669+0500] {processor.py:927} WARNING - No viable dags retrieved from /home/ruslan/.local/lib/python3.10/site-packages/airflow/example_dags/example_branch_operator_decorator.py
[2025-03-21T19:28:27.676+0500] {processor.py:208} INFO - Processing /home/ruslan/.local/lib/python3.10/site-packages/airflow/example_dags/example_branch_operator_decorator.py took 0.049 seconds
[2025-03-21T19:29:20.527+0500] {processor.py:186} INFO - Started process (PID=141585) to work on /home/ruslan/.local/lib/python3.10/site-packages/airflow/example_dags/example_branch_operator_decorator.py
[2025-03-21T19:29:20.528+0500] {processor.py:914} INFO - Processing file /home/ruslan/.local/lib/python3.10/site-packages/airflow/example_dags/example_branch_operator_decorator.py for tasks to queue
[2025-03-21T19:29:20.529+0500] {logging_mixin.py:190} INFO - [2025-03-21T19:29:20.529+0500] {dagbag.py:588} INFO - Filling up the DagBag from /home/ruslan/.local/lib/python3.10/site-packages/airflow/example_dags/example_branch_operator_decorator.py
[2025-03-21T19:29:20.565+0500] {processor.py:927} WARNING - No viable dags retrieved from /home/ruslan/.local/lib/python3.10/site-packages/airflow/example_dags/example_branch_operator_decorator.py
[2025-03-21T19:29:20.571+0500] {processor.py:208} INFO - Processing /home/ruslan/.local/lib/python3.10/site-packages/airflow/example_dags/example_branch_operator_decorator.py took 0.048 seconds
[2025-03-21T19:30:12.248+0500] {processor.py:186} INFO - Started process (PID=141842) to work on /home/ruslan/.local/lib/python3.10/site-packages/airflow/example_dags/example_branch_operator_decorator.py
[2025-03-21T19:30:12.249+0500] {processor.py:914} INFO - Processing file /home/ruslan/.local/lib/python3.10/site-packages/airflow/example_dags/example_branch_operator_decorator.py for tasks to queue
[2025-03-21T19:30:12.251+0500] {logging_mixin.py:190} INFO - [2025-03-21T19:30:12.251+0500] {dagbag.py:588} INFO - Filling up the DagBag from /home/ruslan/.local/lib/python3.10/site-packages/airflow/example_dags/example_branch_operator_decorator.py
[2025-03-21T19:30:12.286+0500] {processor.py:927} WARNING - No viable dags retrieved from /home/ruslan/.local/lib/python3.10/site-packages/airflow/example_dags/example_branch_operator_decorator.py
[2025-03-21T19:30:12.292+0500] {processor.py:208} INFO - Processing /home/ruslan/.local/lib/python3.10/site-packages/airflow/example_dags/example_branch_operator_decorator.py took 0.047 seconds
[2025-03-21T19:31:06.709+0500] {processor.py:186} INFO - Started process (PID=142113) to work on /home/ruslan/.local/lib/python3.10/site-packages/airflow/example_dags/example_branch_operator_decorator.py
[2025-03-21T19:31:06.710+0500] {processor.py:914} INFO - Processing file /home/ruslan/.local/lib/python3.10/site-packages/airflow/example_dags/example_branch_operator_decorator.py for tasks to queue
[2025-03-21T19:31:06.712+0500] {logging_mixin.py:190} INFO - [2025-03-21T19:31:06.711+0500] {dagbag.py:588} INFO - Filling up the DagBag from /home/ruslan/.local/lib/python3.10/site-packages/airflow/example_dags/example_branch_operator_decorator.py
[2025-03-21T19:31:06.741+0500] {processor.py:927} WARNING - No viable dags retrieved from /home/ruslan/.local/lib/python3.10/site-packages/airflow/example_dags/example_branch_operator_decorator.py
[2025-03-21T19:31:06.746+0500] {processor.py:208} INFO - Processing /home/ruslan/.local/lib/python3.10/site-packages/airflow/example_dags/example_branch_operator_decorator.py took 0.040 seconds
[2025-03-21T19:31:55.841+0500] {processor.py:186} INFO - Started process (PID=142359) to work on /home/ruslan/.local/lib/python3.10/site-packages/airflow/example_dags/example_branch_operator_decorator.py
[2025-03-21T19:31:55.842+0500] {processor.py:914} INFO - Processing file /home/ruslan/.local/lib/python3.10/site-packages/airflow/example_dags/example_branch_operator_decorator.py for tasks to queue
[2025-03-21T19:31:55.844+0500] {logging_mixin.py:190} INFO - [2025-03-21T19:31:55.843+0500] {dagbag.py:588} INFO - Filling up the DagBag from /home/ruslan/.local/lib/python3.10/site-packages/airflow/example_dags/example_branch_operator_decorator.py
[2025-03-21T19:31:55.880+0500] {processor.py:927} WARNING - No viable dags retrieved from /home/ruslan/.local/lib/python3.10/site-packages/airflow/example_dags/example_branch_operator_decorator.py
[2025-03-21T19:31:55.888+0500] {processor.py:208} INFO - Processing /home/ruslan/.local/lib/python3.10/site-packages/airflow/example_dags/example_branch_operator_decorator.py took 0.051 seconds
[2025-03-21T19:32:45.387+0500] {processor.py:186} INFO - Started process (PID=150076) to work on /home/ruslan/.local/lib/python3.10/site-packages/airflow/example_dags/example_branch_operator_decorator.py
[2025-03-21T19:32:45.388+0500] {processor.py:914} INFO - Processing file /home/ruslan/.local/lib/python3.10/site-packages/airflow/example_dags/example_branch_operator_decorator.py for tasks to queue
[2025-03-21T19:32:45.390+0500] {logging_mixin.py:190} INFO - [2025-03-21T19:32:45.389+0500] {dagbag.py:588} INFO - Filling up the DagBag from /home/ruslan/.local/lib/python3.10/site-packages/airflow/example_dags/example_branch_operator_decorator.py
[2025-03-21T19:32:45.439+0500] {processor.py:927} WARNING - No viable dags retrieved from /home/ruslan/.local/lib/python3.10/site-packages/airflow/example_dags/example_branch_operator_decorator.py
[2025-03-21T19:32:45.446+0500] {processor.py:208} INFO - Processing /home/ruslan/.local/lib/python3.10/site-packages/airflow/example_dags/example_branch_operator_decorator.py took 0.064 seconds
[2025-03-21T19:33:37.795+0500] {processor.py:186} INFO - Started process (PID=153941) to work on /home/ruslan/.local/lib/python3.10/site-packages/airflow/example_dags/example_branch_operator_decorator.py
[2025-03-21T19:33:37.796+0500] {processor.py:914} INFO - Processing file /home/ruslan/.local/lib/python3.10/site-packages/airflow/example_dags/example_branch_operator_decorator.py for tasks to queue
[2025-03-21T19:33:37.797+0500] {logging_mixin.py:190} INFO - [2025-03-21T19:33:37.797+0500] {dagbag.py:588} INFO - Filling up the DagBag from /home/ruslan/.local/lib/python3.10/site-packages/airflow/example_dags/example_branch_operator_decorator.py
[2025-03-21T19:33:37.840+0500] {processor.py:927} WARNING - No viable dags retrieved from /home/ruslan/.local/lib/python3.10/site-packages/airflow/example_dags/example_branch_operator_decorator.py
[2025-03-21T19:33:37.845+0500] {processor.py:208} INFO - Processing /home/ruslan/.local/lib/python3.10/site-packages/airflow/example_dags/example_branch_operator_decorator.py took 0.054 seconds
[2025-03-21T19:34:30.847+0500] {processor.py:186} INFO - Started process (PID=154303) to work on /home/ruslan/.local/lib/python3.10/site-packages/airflow/example_dags/example_branch_operator_decorator.py
[2025-03-21T19:34:30.848+0500] {processor.py:914} INFO - Processing file /home/ruslan/.local/lib/python3.10/site-packages/airflow/example_dags/example_branch_operator_decorator.py for tasks to queue
[2025-03-21T19:34:30.849+0500] {logging_mixin.py:190} INFO - [2025-03-21T19:34:30.849+0500] {dagbag.py:588} INFO - Filling up the DagBag from /home/ruslan/.local/lib/python3.10/site-packages/airflow/example_dags/example_branch_operator_decorator.py
[2025-03-21T19:34:30.886+0500] {processor.py:927} WARNING - No viable dags retrieved from /home/ruslan/.local/lib/python3.10/site-packages/airflow/example_dags/example_branch_operator_decorator.py
[2025-03-21T19:34:30.893+0500] {processor.py:208} INFO - Processing /home/ruslan/.local/lib/python3.10/site-packages/airflow/example_dags/example_branch_operator_decorator.py took 0.050 seconds
[2025-03-21T19:35:22.170+0500] {processor.py:186} INFO - Started process (PID=154600) to work on /home/ruslan/.local/lib/python3.10/site-packages/airflow/example_dags/example_branch_operator_decorator.py
[2025-03-21T19:35:22.171+0500] {processor.py:914} INFO - Processing file /home/ruslan/.local/lib/python3.10/site-packages/airflow/example_dags/example_branch_operator_decorator.py for tasks to queue
[2025-03-21T19:35:22.172+0500] {logging_mixin.py:190} INFO - [2025-03-21T19:35:22.172+0500] {dagbag.py:588} INFO - Filling up the DagBag from /home/ruslan/.local/lib/python3.10/site-packages/airflow/example_dags/example_branch_operator_decorator.py
[2025-03-21T19:35:22.209+0500] {processor.py:927} WARNING - No viable dags retrieved from /home/ruslan/.local/lib/python3.10/site-packages/airflow/example_dags/example_branch_operator_decorator.py
[2025-03-21T19:35:22.215+0500] {processor.py:208} INFO - Processing /home/ruslan/.local/lib/python3.10/site-packages/airflow/example_dags/example_branch_operator_decorator.py took 0.049 seconds
[2025-03-21T19:36:13.497+0500] {processor.py:186} INFO - Started process (PID=154857) to work on /home/ruslan/.local/lib/python3.10/site-packages/airflow/example_dags/example_branch_operator_decorator.py
[2025-03-21T19:36:13.498+0500] {processor.py:914} INFO - Processing file /home/ruslan/.local/lib/python3.10/site-packages/airflow/example_dags/example_branch_operator_decorator.py for tasks to queue
[2025-03-21T19:36:13.499+0500] {logging_mixin.py:190} INFO - [2025-03-21T19:36:13.499+0500] {dagbag.py:588} INFO - Filling up the DagBag from /home/ruslan/.local/lib/python3.10/site-packages/airflow/example_dags/example_branch_operator_decorator.py
[2025-03-21T19:36:13.544+0500] {processor.py:927} WARNING - No viable dags retrieved from /home/ruslan/.local/lib/python3.10/site-packages/airflow/example_dags/example_branch_operator_decorator.py
[2025-03-21T19:36:13.550+0500] {processor.py:208} INFO - Processing /home/ruslan/.local/lib/python3.10/site-packages/airflow/example_dags/example_branch_operator_decorator.py took 0.056 seconds
[2025-03-21T19:37:04.866+0500] {processor.py:186} INFO - Started process (PID=155340) to work on /home/ruslan/.local/lib/python3.10/site-packages/airflow/example_dags/example_branch_operator_decorator.py
[2025-03-21T19:37:04.867+0500] {processor.py:914} INFO - Processing file /home/ruslan/.local/lib/python3.10/site-packages/airflow/example_dags/example_branch_operator_decorator.py for tasks to queue
[2025-03-21T19:37:04.869+0500] {logging_mixin.py:190} INFO - [2025-03-21T19:37:04.869+0500] {dagbag.py:588} INFO - Filling up the DagBag from /home/ruslan/.local/lib/python3.10/site-packages/airflow/example_dags/example_branch_operator_decorator.py
[2025-03-21T19:37:04.908+0500] {processor.py:927} WARNING - No viable dags retrieved from /home/ruslan/.local/lib/python3.10/site-packages/airflow/example_dags/example_branch_operator_decorator.py
[2025-03-21T19:37:04.913+0500] {processor.py:208} INFO - Processing /home/ruslan/.local/lib/python3.10/site-packages/airflow/example_dags/example_branch_operator_decorator.py took 0.051 seconds
[2025-03-21T19:37:56.140+0500] {processor.py:186} INFO - Started process (PID=155848) to work on /home/ruslan/.local/lib/python3.10/site-packages/airflow/example_dags/example_branch_operator_decorator.py
[2025-03-21T19:37:56.141+0500] {processor.py:914} INFO - Processing file /home/ruslan/.local/lib/python3.10/site-packages/airflow/example_dags/example_branch_operator_decorator.py for tasks to queue
[2025-03-21T19:37:56.142+0500] {logging_mixin.py:190} INFO - [2025-03-21T19:37:56.141+0500] {dagbag.py:588} INFO - Filling up the DagBag from /home/ruslan/.local/lib/python3.10/site-packages/airflow/example_dags/example_branch_operator_decorator.py
[2025-03-21T19:37:56.177+0500] {processor.py:927} WARNING - No viable dags retrieved from /home/ruslan/.local/lib/python3.10/site-packages/airflow/example_dags/example_branch_operator_decorator.py
[2025-03-21T19:37:56.184+0500] {processor.py:208} INFO - Processing /home/ruslan/.local/lib/python3.10/site-packages/airflow/example_dags/example_branch_operator_decorator.py took 0.048 seconds
[2025-03-21T19:38:49.731+0500] {processor.py:186} INFO - Started process (PID=156291) to work on /home/ruslan/.local/lib/python3.10/site-packages/airflow/example_dags/example_branch_operator_decorator.py
[2025-03-21T19:38:49.732+0500] {processor.py:914} INFO - Processing file /home/ruslan/.local/lib/python3.10/site-packages/airflow/example_dags/example_branch_operator_decorator.py for tasks to queue
[2025-03-21T19:38:49.732+0500] {logging_mixin.py:190} INFO - [2025-03-21T19:38:49.732+0500] {dagbag.py:588} INFO - Filling up the DagBag from /home/ruslan/.local/lib/python3.10/site-packages/airflow/example_dags/example_branch_operator_decorator.py
[2025-03-21T19:38:49.775+0500] {processor.py:927} WARNING - No viable dags retrieved from /home/ruslan/.local/lib/python3.10/site-packages/airflow/example_dags/example_branch_operator_decorator.py
[2025-03-21T19:38:49.781+0500] {processor.py:208} INFO - Processing /home/ruslan/.local/lib/python3.10/site-packages/airflow/example_dags/example_branch_operator_decorator.py took 0.055 seconds
[2025-03-21T19:39:43.347+0500] {processor.py:186} INFO - Started process (PID=156729) to work on /home/ruslan/.local/lib/python3.10/site-packages/airflow/example_dags/example_branch_operator_decorator.py
[2025-03-21T19:39:43.348+0500] {processor.py:914} INFO - Processing file /home/ruslan/.local/lib/python3.10/site-packages/airflow/example_dags/example_branch_operator_decorator.py for tasks to queue
[2025-03-21T19:39:43.349+0500] {logging_mixin.py:190} INFO - [2025-03-21T19:39:43.349+0500] {dagbag.py:588} INFO - Filling up the DagBag from /home/ruslan/.local/lib/python3.10/site-packages/airflow/example_dags/example_branch_operator_decorator.py
[2025-03-21T19:39:43.386+0500] {processor.py:927} WARNING - No viable dags retrieved from /home/ruslan/.local/lib/python3.10/site-packages/airflow/example_dags/example_branch_operator_decorator.py
[2025-03-21T19:39:43.392+0500] {processor.py:208} INFO - Processing /home/ruslan/.local/lib/python3.10/site-packages/airflow/example_dags/example_branch_operator_decorator.py took 0.049 seconds
[2025-03-21T19:40:33.529+0500] {processor.py:186} INFO - Started process (PID=157209) to work on /home/ruslan/.local/lib/python3.10/site-packages/airflow/example_dags/example_branch_operator_decorator.py
[2025-03-21T19:40:33.530+0500] {processor.py:914} INFO - Processing file /home/ruslan/.local/lib/python3.10/site-packages/airflow/example_dags/example_branch_operator_decorator.py for tasks to queue
[2025-03-21T19:40:33.531+0500] {logging_mixin.py:190} INFO - [2025-03-21T19:40:33.531+0500] {dagbag.py:588} INFO - Filling up the DagBag from /home/ruslan/.local/lib/python3.10/site-packages/airflow/example_dags/example_branch_operator_decorator.py
[2025-03-21T19:40:33.572+0500] {processor.py:927} WARNING - No viable dags retrieved from /home/ruslan/.local/lib/python3.10/site-packages/airflow/example_dags/example_branch_operator_decorator.py
[2025-03-21T19:40:33.578+0500] {processor.py:208} INFO - Processing /home/ruslan/.local/lib/python3.10/site-packages/airflow/example_dags/example_branch_operator_decorator.py took 0.053 seconds
[2025-03-21T19:41:26.603+0500] {processor.py:186} INFO - Started process (PID=157696) to work on /home/ruslan/.local/lib/python3.10/site-packages/airflow/example_dags/example_branch_operator_decorator.py
[2025-03-21T19:41:26.604+0500] {processor.py:914} INFO - Processing file /home/ruslan/.local/lib/python3.10/site-packages/airflow/example_dags/example_branch_operator_decorator.py for tasks to queue
[2025-03-21T19:41:26.605+0500] {logging_mixin.py:190} INFO - [2025-03-21T19:41:26.605+0500] {dagbag.py:588} INFO - Filling up the DagBag from /home/ruslan/.local/lib/python3.10/site-packages/airflow/example_dags/example_branch_operator_decorator.py
[2025-03-21T19:41:26.641+0500] {processor.py:927} WARNING - No viable dags retrieved from /home/ruslan/.local/lib/python3.10/site-packages/airflow/example_dags/example_branch_operator_decorator.py
[2025-03-21T19:41:26.647+0500] {processor.py:208} INFO - Processing /home/ruslan/.local/lib/python3.10/site-packages/airflow/example_dags/example_branch_operator_decorator.py took 0.047 seconds
[2025-03-21T19:42:18.995+0500] {processor.py:186} INFO - Started process (PID=158202) to work on /home/ruslan/.local/lib/python3.10/site-packages/airflow/example_dags/example_branch_operator_decorator.py
[2025-03-21T19:42:18.996+0500] {processor.py:914} INFO - Processing file /home/ruslan/.local/lib/python3.10/site-packages/airflow/example_dags/example_branch_operator_decorator.py for tasks to queue
[2025-03-21T19:42:18.997+0500] {logging_mixin.py:190} INFO - [2025-03-21T19:42:18.997+0500] {dagbag.py:588} INFO - Filling up the DagBag from /home/ruslan/.local/lib/python3.10/site-packages/airflow/example_dags/example_branch_operator_decorator.py
[2025-03-21T19:42:19.032+0500] {processor.py:927} WARNING - No viable dags retrieved from /home/ruslan/.local/lib/python3.10/site-packages/airflow/example_dags/example_branch_operator_decorator.py
[2025-03-21T19:42:19.037+0500] {processor.py:208} INFO - Processing /home/ruslan/.local/lib/python3.10/site-packages/airflow/example_dags/example_branch_operator_decorator.py took 0.046 seconds
[2025-03-21T19:43:14.465+0500] {processor.py:186} INFO - Started process (PID=158866) to work on /home/ruslan/.local/lib/python3.10/site-packages/airflow/example_dags/example_branch_operator_decorator.py
[2025-03-21T19:43:14.467+0500] {processor.py:914} INFO - Processing file /home/ruslan/.local/lib/python3.10/site-packages/airflow/example_dags/example_branch_operator_decorator.py for tasks to queue
[2025-03-21T19:43:14.467+0500] {logging_mixin.py:190} INFO - [2025-03-21T19:43:14.467+0500] {dagbag.py:588} INFO - Filling up the DagBag from /home/ruslan/.local/lib/python3.10/site-packages/airflow/example_dags/example_branch_operator_decorator.py
[2025-03-21T19:43:14.502+0500] {processor.py:927} WARNING - No viable dags retrieved from /home/ruslan/.local/lib/python3.10/site-packages/airflow/example_dags/example_branch_operator_decorator.py
[2025-03-21T19:43:14.508+0500] {processor.py:208} INFO - Processing /home/ruslan/.local/lib/python3.10/site-packages/airflow/example_dags/example_branch_operator_decorator.py took 0.046 seconds
[2025-03-21T19:44:10.095+0500] {processor.py:186} INFO - Started process (PID=159495) to work on /home/ruslan/.local/lib/python3.10/site-packages/airflow/example_dags/example_branch_operator_decorator.py
[2025-03-21T19:44:10.096+0500] {processor.py:914} INFO - Processing file /home/ruslan/.local/lib/python3.10/site-packages/airflow/example_dags/example_branch_operator_decorator.py for tasks to queue
[2025-03-21T19:44:10.096+0500] {logging_mixin.py:190} INFO - [2025-03-21T19:44:10.096+0500] {dagbag.py:588} INFO - Filling up the DagBag from /home/ruslan/.local/lib/python3.10/site-packages/airflow/example_dags/example_branch_operator_decorator.py
[2025-03-21T19:44:10.166+0500] {processor.py:927} WARNING - No viable dags retrieved from /home/ruslan/.local/lib/python3.10/site-packages/airflow/example_dags/example_branch_operator_decorator.py
[2025-03-21T19:44:10.178+0500] {processor.py:208} INFO - Processing /home/ruslan/.local/lib/python3.10/site-packages/airflow/example_dags/example_branch_operator_decorator.py took 0.086 seconds
[2025-03-21T19:45:00.325+0500] {processor.py:186} INFO - Started process (PID=160007) to work on /home/ruslan/.local/lib/python3.10/site-packages/airflow/example_dags/example_branch_operator_decorator.py
[2025-03-21T19:45:00.326+0500] {processor.py:914} INFO - Processing file /home/ruslan/.local/lib/python3.10/site-packages/airflow/example_dags/example_branch_operator_decorator.py for tasks to queue
[2025-03-21T19:45:00.327+0500] {logging_mixin.py:190} INFO - [2025-03-21T19:45:00.327+0500] {dagbag.py:588} INFO - Filling up the DagBag from /home/ruslan/.local/lib/python3.10/site-packages/airflow/example_dags/example_branch_operator_decorator.py
[2025-03-21T19:45:00.362+0500] {processor.py:927} WARNING - No viable dags retrieved from /home/ruslan/.local/lib/python3.10/site-packages/airflow/example_dags/example_branch_operator_decorator.py
[2025-03-21T19:45:00.367+0500] {processor.py:208} INFO - Processing /home/ruslan/.local/lib/python3.10/site-packages/airflow/example_dags/example_branch_operator_decorator.py took 0.046 seconds
[2025-03-21T19:45:53.355+0500] {processor.py:186} INFO - Started process (PID=160612) to work on /home/ruslan/.local/lib/python3.10/site-packages/airflow/example_dags/example_branch_operator_decorator.py
[2025-03-21T19:45:53.356+0500] {processor.py:914} INFO - Processing file /home/ruslan/.local/lib/python3.10/site-packages/airflow/example_dags/example_branch_operator_decorator.py for tasks to queue
[2025-03-21T19:45:53.357+0500] {logging_mixin.py:190} INFO - [2025-03-21T19:45:53.357+0500] {dagbag.py:588} INFO - Filling up the DagBag from /home/ruslan/.local/lib/python3.10/site-packages/airflow/example_dags/example_branch_operator_decorator.py
[2025-03-21T19:45:53.397+0500] {processor.py:927} WARNING - No viable dags retrieved from /home/ruslan/.local/lib/python3.10/site-packages/airflow/example_dags/example_branch_operator_decorator.py
[2025-03-21T19:45:53.404+0500] {processor.py:208} INFO - Processing /home/ruslan/.local/lib/python3.10/site-packages/airflow/example_dags/example_branch_operator_decorator.py took 0.052 seconds
[2025-03-21T19:46:47.255+0500] {processor.py:186} INFO - Started process (PID=161157) to work on /home/ruslan/.local/lib/python3.10/site-packages/airflow/example_dags/example_branch_operator_decorator.py
[2025-03-21T19:46:47.256+0500] {processor.py:914} INFO - Processing file /home/ruslan/.local/lib/python3.10/site-packages/airflow/example_dags/example_branch_operator_decorator.py for tasks to queue
[2025-03-21T19:46:47.257+0500] {logging_mixin.py:190} INFO - [2025-03-21T19:46:47.256+0500] {dagbag.py:588} INFO - Filling up the DagBag from /home/ruslan/.local/lib/python3.10/site-packages/airflow/example_dags/example_branch_operator_decorator.py
[2025-03-21T19:46:47.294+0500] {processor.py:927} WARNING - No viable dags retrieved from /home/ruslan/.local/lib/python3.10/site-packages/airflow/example_dags/example_branch_operator_decorator.py
[2025-03-21T19:46:47.300+0500] {processor.py:208} INFO - Processing /home/ruslan/.local/lib/python3.10/site-packages/airflow/example_dags/example_branch_operator_decorator.py took 0.049 seconds
