[2025-03-21T19:27:59.492+0500] {processor.py:186} INFO - Started process (PID=141160) to work on /home/ruslan/.local/lib/python3.10/site-packages/airflow/example_dags/example_sensors.py
[2025-03-21T19:27:59.492+0500] {processor.py:914} INFO - Processing file /home/ruslan/.local/lib/python3.10/site-packages/airflow/example_dags/example_sensors.py for tasks to queue
[2025-03-21T19:27:59.494+0500] {logging_mixin.py:190} INFO - [2025-03-21T19:27:59.493+0500] {dagbag.py:588} INFO - Filling up the DagBag from /home/ruslan/.local/lib/python3.10/site-packages/airflow/example_dags/example_sensors.py
[2025-03-21T19:27:59.501+0500] {processor.py:925} INFO - DAG(s) 'example_sensors' retrieved from /home/ruslan/.local/lib/python3.10/site-packages/airflow/example_dags/example_sensors.py
[2025-03-21T19:27:59.562+0500] {logging_mixin.py:190} INFO - [2025-03-21T19:27:59.561+0500] {override.py:1930} INFO - Created Permission View: can edit on DAG:example_sensors
[2025-03-21T19:27:59.570+0500] {logging_mixin.py:190} INFO - [2025-03-21T19:27:59.570+0500] {override.py:1930} INFO - Created Permission View: can read on DAG:example_sensors
[2025-03-21T19:27:59.577+0500] {logging_mixin.py:190} INFO - [2025-03-21T19:27:59.577+0500] {override.py:1930} INFO - Created Permission View: can delete on DAG:example_sensors
[2025-03-21T19:27:59.588+0500] {logging_mixin.py:190} INFO - [2025-03-21T19:27:59.588+0500] {override.py:1930} INFO - Created Permission View: can create on DAG Run:example_sensors
[2025-03-21T19:27:59.595+0500] {logging_mixin.py:190} INFO - [2025-03-21T19:27:59.595+0500] {override.py:1930} INFO - Created Permission View: can read on DAG Run:example_sensors
[2025-03-21T19:27:59.602+0500] {logging_mixin.py:190} INFO - [2025-03-21T19:27:59.602+0500] {override.py:1930} INFO - Created Permission View: can delete on DAG Run:example_sensors
[2025-03-21T19:27:59.609+0500] {logging_mixin.py:190} INFO - [2025-03-21T19:27:59.609+0500] {override.py:1930} INFO - Created Permission View: menu access on DAG Run:example_sensors
[2025-03-21T19:27:59.609+0500] {logging_mixin.py:190} INFO - [2025-03-21T19:27:59.609+0500] {dag.py:3239} INFO - Sync 1 DAGs
[2025-03-21T19:27:59.615+0500] {logging_mixin.py:190} INFO - [2025-03-21T19:27:59.615+0500] {dag.py:3262} INFO - Creating ORM DAG for example_sensors
[2025-03-21T19:27:59.616+0500] {logging_mixin.py:190} INFO - [2025-03-21T19:27:59.616+0500] {dag.py:4180} INFO - Setting next_dagrun for example_sensors to None, run_after=None
[2025-03-21T19:27:59.630+0500] {processor.py:208} INFO - Processing /home/ruslan/.local/lib/python3.10/site-packages/airflow/example_dags/example_sensors.py took 0.141 seconds
[2025-03-21T19:28:54.436+0500] {processor.py:186} INFO - Started process (PID=141454) to work on /home/ruslan/.local/lib/python3.10/site-packages/airflow/example_dags/example_sensors.py
[2025-03-21T19:28:54.438+0500] {processor.py:914} INFO - Processing file /home/ruslan/.local/lib/python3.10/site-packages/airflow/example_dags/example_sensors.py for tasks to queue
[2025-03-21T19:28:54.439+0500] {logging_mixin.py:190} INFO - [2025-03-21T19:28:54.439+0500] {dagbag.py:588} INFO - Filling up the DagBag from /home/ruslan/.local/lib/python3.10/site-packages/airflow/example_dags/example_sensors.py
[2025-03-21T19:28:54.445+0500] {processor.py:925} INFO - DAG(s) 'example_sensors' retrieved from /home/ruslan/.local/lib/python3.10/site-packages/airflow/example_dags/example_sensors.py
[2025-03-21T19:28:54.457+0500] {logging_mixin.py:190} INFO - [2025-03-21T19:28:54.457+0500] {dag.py:3239} INFO - Sync 1 DAGs
[2025-03-21T19:28:54.464+0500] {logging_mixin.py:190} INFO - [2025-03-21T19:28:54.464+0500] {dag.py:4180} INFO - Setting next_dagrun for example_sensors to None, run_after=None
[2025-03-21T19:28:54.478+0500] {processor.py:208} INFO - Processing /home/ruslan/.local/lib/python3.10/site-packages/airflow/example_dags/example_sensors.py took 0.045 seconds
[2025-03-21T19:29:48.602+0500] {processor.py:186} INFO - Started process (PID=141726) to work on /home/ruslan/.local/lib/python3.10/site-packages/airflow/example_dags/example_sensors.py
[2025-03-21T19:29:48.603+0500] {processor.py:914} INFO - Processing file /home/ruslan/.local/lib/python3.10/site-packages/airflow/example_dags/example_sensors.py for tasks to queue
[2025-03-21T19:29:48.604+0500] {logging_mixin.py:190} INFO - [2025-03-21T19:29:48.604+0500] {dagbag.py:588} INFO - Filling up the DagBag from /home/ruslan/.local/lib/python3.10/site-packages/airflow/example_dags/example_sensors.py
[2025-03-21T19:29:48.610+0500] {processor.py:925} INFO - DAG(s) 'example_sensors' retrieved from /home/ruslan/.local/lib/python3.10/site-packages/airflow/example_dags/example_sensors.py
[2025-03-21T19:29:48.621+0500] {logging_mixin.py:190} INFO - [2025-03-21T19:29:48.621+0500] {dag.py:3239} INFO - Sync 1 DAGs
[2025-03-21T19:29:48.628+0500] {logging_mixin.py:190} INFO - [2025-03-21T19:29:48.628+0500] {dag.py:4180} INFO - Setting next_dagrun for example_sensors to None, run_after=None
[2025-03-21T19:29:48.642+0500] {processor.py:208} INFO - Processing /home/ruslan/.local/lib/python3.10/site-packages/airflow/example_dags/example_sensors.py took 0.044 seconds
[2025-03-21T19:30:43.650+0500] {processor.py:186} INFO - Started process (PID=141998) to work on /home/ruslan/.local/lib/python3.10/site-packages/airflow/example_dags/example_sensors.py
[2025-03-21T19:30:43.652+0500] {processor.py:914} INFO - Processing file /home/ruslan/.local/lib/python3.10/site-packages/airflow/example_dags/example_sensors.py for tasks to queue
[2025-03-21T19:30:43.653+0500] {logging_mixin.py:190} INFO - [2025-03-21T19:30:43.653+0500] {dagbag.py:588} INFO - Filling up the DagBag from /home/ruslan/.local/lib/python3.10/site-packages/airflow/example_dags/example_sensors.py
[2025-03-21T19:30:43.659+0500] {processor.py:925} INFO - DAG(s) 'example_sensors' retrieved from /home/ruslan/.local/lib/python3.10/site-packages/airflow/example_dags/example_sensors.py
[2025-03-21T19:30:43.670+0500] {logging_mixin.py:190} INFO - [2025-03-21T19:30:43.670+0500] {dag.py:3239} INFO - Sync 1 DAGs
[2025-03-21T19:30:43.677+0500] {logging_mixin.py:190} INFO - [2025-03-21T19:30:43.677+0500] {dag.py:4180} INFO - Setting next_dagrun for example_sensors to None, run_after=None
[2025-03-21T19:30:43.692+0500] {processor.py:208} INFO - Processing /home/ruslan/.local/lib/python3.10/site-packages/airflow/example_dags/example_sensors.py took 0.045 seconds
[2025-03-21T19:31:56.971+0500] {processor.py:186} INFO - Started process (PID=142365) to work on /home/ruslan/.local/lib/python3.10/site-packages/airflow/example_dags/example_sensors.py
[2025-03-21T19:31:56.972+0500] {processor.py:914} INFO - Processing file /home/ruslan/.local/lib/python3.10/site-packages/airflow/example_dags/example_sensors.py for tasks to queue
[2025-03-21T19:31:56.974+0500] {logging_mixin.py:190} INFO - [2025-03-21T19:31:56.974+0500] {dagbag.py:588} INFO - Filling up the DagBag from /home/ruslan/.local/lib/python3.10/site-packages/airflow/example_dags/example_sensors.py
[2025-03-21T19:31:56.981+0500] {processor.py:925} INFO - DAG(s) 'example_sensors' retrieved from /home/ruslan/.local/lib/python3.10/site-packages/airflow/example_dags/example_sensors.py
[2025-03-21T19:31:56.994+0500] {logging_mixin.py:190} INFO - [2025-03-21T19:31:56.994+0500] {dag.py:3239} INFO - Sync 1 DAGs
[2025-03-21T19:31:57.002+0500] {logging_mixin.py:190} INFO - [2025-03-21T19:31:57.002+0500] {dag.py:4180} INFO - Setting next_dagrun for example_sensors to None, run_after=None
[2025-03-21T19:31:57.018+0500] {processor.py:208} INFO - Processing /home/ruslan/.local/lib/python3.10/site-packages/airflow/example_dags/example_sensors.py took 0.050 seconds
[2025-03-21T19:32:49.396+0500] {processor.py:186} INFO - Started process (PID=150417) to work on /home/ruslan/.local/lib/python3.10/site-packages/airflow/example_dags/example_sensors.py
[2025-03-21T19:32:49.397+0500] {processor.py:914} INFO - Processing file /home/ruslan/.local/lib/python3.10/site-packages/airflow/example_dags/example_sensors.py for tasks to queue
[2025-03-21T19:32:49.400+0500] {logging_mixin.py:190} INFO - [2025-03-21T19:32:49.399+0500] {dagbag.py:588} INFO - Filling up the DagBag from /home/ruslan/.local/lib/python3.10/site-packages/airflow/example_dags/example_sensors.py
[2025-03-21T19:32:49.407+0500] {processor.py:925} INFO - DAG(s) 'example_sensors' retrieved from /home/ruslan/.local/lib/python3.10/site-packages/airflow/example_dags/example_sensors.py
[2025-03-21T19:32:49.425+0500] {logging_mixin.py:190} INFO - [2025-03-21T19:32:49.424+0500] {dag.py:3239} INFO - Sync 1 DAGs
[2025-03-21T19:32:49.433+0500] {logging_mixin.py:190} INFO - [2025-03-21T19:32:49.433+0500] {dag.py:4180} INFO - Setting next_dagrun for example_sensors to None, run_after=None
[2025-03-21T19:32:49.451+0500] {processor.py:208} INFO - Processing /home/ruslan/.local/lib/python3.10/site-packages/airflow/example_dags/example_sensors.py took 0.058 seconds
[2025-03-21T19:34:08.559+0500] {processor.py:186} INFO - Started process (PID=154190) to work on /home/ruslan/.local/lib/python3.10/site-packages/airflow/example_dags/example_sensors.py
[2025-03-21T19:34:08.560+0500] {processor.py:914} INFO - Processing file /home/ruslan/.local/lib/python3.10/site-packages/airflow/example_dags/example_sensors.py for tasks to queue
[2025-03-21T19:34:08.562+0500] {logging_mixin.py:190} INFO - [2025-03-21T19:34:08.562+0500] {dagbag.py:588} INFO - Filling up the DagBag from /home/ruslan/.local/lib/python3.10/site-packages/airflow/example_dags/example_sensors.py
[2025-03-21T19:34:08.568+0500] {processor.py:925} INFO - DAG(s) 'example_sensors' retrieved from /home/ruslan/.local/lib/python3.10/site-packages/airflow/example_dags/example_sensors.py
[2025-03-21T19:34:08.580+0500] {logging_mixin.py:190} INFO - [2025-03-21T19:34:08.580+0500] {dag.py:3239} INFO - Sync 1 DAGs
[2025-03-21T19:34:08.588+0500] {logging_mixin.py:190} INFO - [2025-03-21T19:34:08.588+0500] {dag.py:4180} INFO - Setting next_dagrun for example_sensors to None, run_after=None
[2025-03-21T19:34:08.603+0500] {processor.py:208} INFO - Processing /home/ruslan/.local/lib/python3.10/site-packages/airflow/example_dags/example_sensors.py took 0.048 seconds
[2025-03-21T19:35:01.625+0500] {processor.py:186} INFO - Started process (PID=154496) to work on /home/ruslan/.local/lib/python3.10/site-packages/airflow/example_dags/example_sensors.py
[2025-03-21T19:35:01.626+0500] {processor.py:914} INFO - Processing file /home/ruslan/.local/lib/python3.10/site-packages/airflow/example_dags/example_sensors.py for tasks to queue
[2025-03-21T19:35:01.627+0500] {logging_mixin.py:190} INFO - [2025-03-21T19:35:01.627+0500] {dagbag.py:588} INFO - Filling up the DagBag from /home/ruslan/.local/lib/python3.10/site-packages/airflow/example_dags/example_sensors.py
[2025-03-21T19:35:01.633+0500] {processor.py:925} INFO - DAG(s) 'example_sensors' retrieved from /home/ruslan/.local/lib/python3.10/site-packages/airflow/example_dags/example_sensors.py
[2025-03-21T19:35:01.646+0500] {logging_mixin.py:190} INFO - [2025-03-21T19:35:01.646+0500] {dag.py:3239} INFO - Sync 1 DAGs
[2025-03-21T19:35:01.654+0500] {logging_mixin.py:190} INFO - [2025-03-21T19:35:01.654+0500] {dag.py:4180} INFO - Setting next_dagrun for example_sensors to None, run_after=None
[2025-03-21T19:35:01.671+0500] {processor.py:208} INFO - Processing /home/ruslan/.local/lib/python3.10/site-packages/airflow/example_dags/example_sensors.py took 0.050 seconds
[2025-03-21T19:36:18.020+0500] {processor.py:186} INFO - Started process (PID=154886) to work on /home/ruslan/.local/lib/python3.10/site-packages/airflow/example_dags/example_sensors.py
[2025-03-21T19:36:18.021+0500] {processor.py:914} INFO - Processing file /home/ruslan/.local/lib/python3.10/site-packages/airflow/example_dags/example_sensors.py for tasks to queue
[2025-03-21T19:36:18.023+0500] {logging_mixin.py:190} INFO - [2025-03-21T19:36:18.022+0500] {dagbag.py:588} INFO - Filling up the DagBag from /home/ruslan/.local/lib/python3.10/site-packages/airflow/example_dags/example_sensors.py
[2025-03-21T19:36:18.030+0500] {processor.py:925} INFO - DAG(s) 'example_sensors' retrieved from /home/ruslan/.local/lib/python3.10/site-packages/airflow/example_dags/example_sensors.py
[2025-03-21T19:36:18.043+0500] {logging_mixin.py:190} INFO - [2025-03-21T19:36:18.043+0500] {dag.py:3239} INFO - Sync 1 DAGs
[2025-03-21T19:36:18.051+0500] {logging_mixin.py:190} INFO - [2025-03-21T19:36:18.051+0500] {dag.py:4180} INFO - Setting next_dagrun for example_sensors to None, run_after=None
[2025-03-21T19:36:18.068+0500] {processor.py:208} INFO - Processing /home/ruslan/.local/lib/python3.10/site-packages/airflow/example_dags/example_sensors.py took 0.052 seconds
[2025-03-21T19:37:33.934+0500] {processor.py:186} INFO - Started process (PID=155515) to work on /home/ruslan/.local/lib/python3.10/site-packages/airflow/example_dags/example_sensors.py
[2025-03-21T19:37:33.935+0500] {processor.py:914} INFO - Processing file /home/ruslan/.local/lib/python3.10/site-packages/airflow/example_dags/example_sensors.py for tasks to queue
[2025-03-21T19:37:33.936+0500] {logging_mixin.py:190} INFO - [2025-03-21T19:37:33.936+0500] {dagbag.py:588} INFO - Filling up the DagBag from /home/ruslan/.local/lib/python3.10/site-packages/airflow/example_dags/example_sensors.py
[2025-03-21T19:37:33.943+0500] {processor.py:925} INFO - DAG(s) 'example_sensors' retrieved from /home/ruslan/.local/lib/python3.10/site-packages/airflow/example_dags/example_sensors.py
[2025-03-21T19:37:33.955+0500] {logging_mixin.py:190} INFO - [2025-03-21T19:37:33.955+0500] {dag.py:3239} INFO - Sync 1 DAGs
[2025-03-21T19:37:33.962+0500] {logging_mixin.py:190} INFO - [2025-03-21T19:37:33.962+0500] {dag.py:4180} INFO - Setting next_dagrun for example_sensors to None, run_after=None
[2025-03-21T19:37:33.977+0500] {processor.py:208} INFO - Processing /home/ruslan/.local/lib/python3.10/site-packages/airflow/example_dags/example_sensors.py took 0.046 seconds
[2025-03-21T19:38:53.736+0500] {processor.py:186} INFO - Started process (PID=156311) to work on /home/ruslan/.local/lib/python3.10/site-packages/airflow/example_dags/example_sensors.py
[2025-03-21T19:38:53.737+0500] {processor.py:914} INFO - Processing file /home/ruslan/.local/lib/python3.10/site-packages/airflow/example_dags/example_sensors.py for tasks to queue
[2025-03-21T19:38:53.738+0500] {logging_mixin.py:190} INFO - [2025-03-21T19:38:53.737+0500] {dagbag.py:588} INFO - Filling up the DagBag from /home/ruslan/.local/lib/python3.10/site-packages/airflow/example_dags/example_sensors.py
[2025-03-21T19:38:53.745+0500] {processor.py:925} INFO - DAG(s) 'example_sensors' retrieved from /home/ruslan/.local/lib/python3.10/site-packages/airflow/example_dags/example_sensors.py
[2025-03-21T19:38:53.758+0500] {logging_mixin.py:190} INFO - [2025-03-21T19:38:53.757+0500] {dag.py:3239} INFO - Sync 1 DAGs
[2025-03-21T19:38:53.764+0500] {logging_mixin.py:190} INFO - [2025-03-21T19:38:53.764+0500] {dag.py:4180} INFO - Setting next_dagrun for example_sensors to None, run_after=None
[2025-03-21T19:38:53.780+0500] {processor.py:208} INFO - Processing /home/ruslan/.local/lib/python3.10/site-packages/airflow/example_dags/example_sensors.py took 0.048 seconds
[2025-03-21T19:40:10.005+0500] {processor.py:186} INFO - Started process (PID=156863) to work on /home/ruslan/.local/lib/python3.10/site-packages/airflow/example_dags/example_sensors.py
[2025-03-21T19:40:10.006+0500] {processor.py:914} INFO - Processing file /home/ruslan/.local/lib/python3.10/site-packages/airflow/example_dags/example_sensors.py for tasks to queue
[2025-03-21T19:40:10.007+0500] {logging_mixin.py:190} INFO - [2025-03-21T19:40:10.006+0500] {dagbag.py:588} INFO - Filling up the DagBag from /home/ruslan/.local/lib/python3.10/site-packages/airflow/example_dags/example_sensors.py
[2025-03-21T19:40:10.013+0500] {processor.py:925} INFO - DAG(s) 'example_sensors' retrieved from /home/ruslan/.local/lib/python3.10/site-packages/airflow/example_dags/example_sensors.py
[2025-03-21T19:40:10.027+0500] {logging_mixin.py:190} INFO - [2025-03-21T19:40:10.027+0500] {dag.py:3239} INFO - Sync 1 DAGs
[2025-03-21T19:40:10.035+0500] {logging_mixin.py:190} INFO - [2025-03-21T19:40:10.035+0500] {dag.py:4180} INFO - Setting next_dagrun for example_sensors to None, run_after=None
[2025-03-21T19:40:10.050+0500] {processor.py:208} INFO - Processing /home/ruslan/.local/lib/python3.10/site-packages/airflow/example_dags/example_sensors.py took 0.049 seconds
[2025-03-21T19:41:29.556+0500] {processor.py:186} INFO - Started process (PID=157711) to work on /home/ruslan/.local/lib/python3.10/site-packages/airflow/example_dags/example_sensors.py
[2025-03-21T19:41:29.557+0500] {processor.py:914} INFO - Processing file /home/ruslan/.local/lib/python3.10/site-packages/airflow/example_dags/example_sensors.py for tasks to queue
[2025-03-21T19:41:29.558+0500] {logging_mixin.py:190} INFO - [2025-03-21T19:41:29.558+0500] {dagbag.py:588} INFO - Filling up the DagBag from /home/ruslan/.local/lib/python3.10/site-packages/airflow/example_dags/example_sensors.py
[2025-03-21T19:41:29.565+0500] {processor.py:925} INFO - DAG(s) 'example_sensors' retrieved from /home/ruslan/.local/lib/python3.10/site-packages/airflow/example_dags/example_sensors.py
[2025-03-21T19:41:29.577+0500] {logging_mixin.py:190} INFO - [2025-03-21T19:41:29.577+0500] {dag.py:3239} INFO - Sync 1 DAGs
[2025-03-21T19:41:29.584+0500] {logging_mixin.py:190} INFO - [2025-03-21T19:41:29.584+0500] {dag.py:4180} INFO - Setting next_dagrun for example_sensors to None, run_after=None
[2025-03-21T19:41:29.599+0500] {processor.py:208} INFO - Processing /home/ruslan/.local/lib/python3.10/site-packages/airflow/example_dags/example_sensors.py took 0.047 seconds
[2025-03-21T19:42:22.388+0500] {processor.py:186} INFO - Started process (PID=158309) to work on /home/ruslan/.local/lib/python3.10/site-packages/airflow/example_dags/example_sensors.py
[2025-03-21T19:42:22.390+0500] {processor.py:914} INFO - Processing file /home/ruslan/.local/lib/python3.10/site-packages/airflow/example_dags/example_sensors.py for tasks to queue
[2025-03-21T19:42:22.391+0500] {logging_mixin.py:190} INFO - [2025-03-21T19:42:22.390+0500] {dagbag.py:588} INFO - Filling up the DagBag from /home/ruslan/.local/lib/python3.10/site-packages/airflow/example_dags/example_sensors.py
[2025-03-21T19:42:22.398+0500] {processor.py:925} INFO - DAG(s) 'example_sensors' retrieved from /home/ruslan/.local/lib/python3.10/site-packages/airflow/example_dags/example_sensors.py
[2025-03-21T19:42:22.411+0500] {logging_mixin.py:190} INFO - [2025-03-21T19:42:22.411+0500] {dag.py:3239} INFO - Sync 1 DAGs
[2025-03-21T19:42:22.420+0500] {logging_mixin.py:190} INFO - [2025-03-21T19:42:22.420+0500] {dag.py:4180} INFO - Setting next_dagrun for example_sensors to None, run_after=None
[2025-03-21T19:42:22.436+0500] {processor.py:208} INFO - Processing /home/ruslan/.local/lib/python3.10/site-packages/airflow/example_dags/example_sensors.py took 0.052 seconds
[2025-03-21T19:43:18.340+0500] {processor.py:186} INFO - Started process (PID=158886) to work on /home/ruslan/.local/lib/python3.10/site-packages/airflow/example_dags/example_sensors.py
[2025-03-21T19:43:18.341+0500] {processor.py:914} INFO - Processing file /home/ruslan/.local/lib/python3.10/site-packages/airflow/example_dags/example_sensors.py for tasks to queue
[2025-03-21T19:43:18.342+0500] {logging_mixin.py:190} INFO - [2025-03-21T19:43:18.342+0500] {dagbag.py:588} INFO - Filling up the DagBag from /home/ruslan/.local/lib/python3.10/site-packages/airflow/example_dags/example_sensors.py
[2025-03-21T19:43:18.350+0500] {processor.py:925} INFO - DAG(s) 'example_sensors' retrieved from /home/ruslan/.local/lib/python3.10/site-packages/airflow/example_dags/example_sensors.py
[2025-03-21T19:43:18.363+0500] {logging_mixin.py:190} INFO - [2025-03-21T19:43:18.363+0500] {dag.py:3239} INFO - Sync 1 DAGs
[2025-03-21T19:43:18.370+0500] {logging_mixin.py:190} INFO - [2025-03-21T19:43:18.370+0500] {dag.py:4180} INFO - Setting next_dagrun for example_sensors to None, run_after=None
[2025-03-21T19:43:18.386+0500] {processor.py:208} INFO - Processing /home/ruslan/.local/lib/python3.10/site-packages/airflow/example_dags/example_sensors.py took 0.050 seconds
[2025-03-21T19:44:13.117+0500] {processor.py:186} INFO - Started process (PID=159511) to work on /home/ruslan/.local/lib/python3.10/site-packages/airflow/example_dags/example_sensors.py
[2025-03-21T19:44:13.118+0500] {processor.py:914} INFO - Processing file /home/ruslan/.local/lib/python3.10/site-packages/airflow/example_dags/example_sensors.py for tasks to queue
[2025-03-21T19:44:13.119+0500] {logging_mixin.py:190} INFO - [2025-03-21T19:44:13.118+0500] {dagbag.py:588} INFO - Filling up the DagBag from /home/ruslan/.local/lib/python3.10/site-packages/airflow/example_dags/example_sensors.py
[2025-03-21T19:44:13.126+0500] {processor.py:925} INFO - DAG(s) 'example_sensors' retrieved from /home/ruslan/.local/lib/python3.10/site-packages/airflow/example_dags/example_sensors.py
[2025-03-21T19:44:13.139+0500] {logging_mixin.py:190} INFO - [2025-03-21T19:44:13.139+0500] {dag.py:3239} INFO - Sync 1 DAGs
[2025-03-21T19:44:13.146+0500] {logging_mixin.py:190} INFO - [2025-03-21T19:44:13.146+0500] {dag.py:4180} INFO - Setting next_dagrun for example_sensors to None, run_after=None
[2025-03-21T19:44:13.162+0500] {processor.py:208} INFO - Processing /home/ruslan/.local/lib/python3.10/site-packages/airflow/example_dags/example_sensors.py took 0.049 seconds
[2025-03-21T19:45:31.065+0500] {processor.py:186} INFO - Started process (PID=160331) to work on /home/ruslan/.local/lib/python3.10/site-packages/airflow/example_dags/example_sensors.py
[2025-03-21T19:45:31.066+0500] {processor.py:914} INFO - Processing file /home/ruslan/.local/lib/python3.10/site-packages/airflow/example_dags/example_sensors.py for tasks to queue
[2025-03-21T19:45:31.067+0500] {logging_mixin.py:190} INFO - [2025-03-21T19:45:31.067+0500] {dagbag.py:588} INFO - Filling up the DagBag from /home/ruslan/.local/lib/python3.10/site-packages/airflow/example_dags/example_sensors.py
[2025-03-21T19:45:31.077+0500] {processor.py:925} INFO - DAG(s) 'example_sensors' retrieved from /home/ruslan/.local/lib/python3.10/site-packages/airflow/example_dags/example_sensors.py
[2025-03-21T19:45:31.091+0500] {logging_mixin.py:190} INFO - [2025-03-21T19:45:31.091+0500] {dag.py:3239} INFO - Sync 1 DAGs
[2025-03-21T19:45:31.099+0500] {logging_mixin.py:190} INFO - [2025-03-21T19:45:31.098+0500] {dag.py:4180} INFO - Setting next_dagrun for example_sensors to None, run_after=None
[2025-03-21T19:45:31.117+0500] {processor.py:208} INFO - Processing /home/ruslan/.local/lib/python3.10/site-packages/airflow/example_dags/example_sensors.py took 0.056 seconds
[2025-03-21T19:46:48.987+0500] {processor.py:186} INFO - Started process (PID=161166) to work on /home/ruslan/.local/lib/python3.10/site-packages/airflow/example_dags/example_sensors.py
[2025-03-21T19:46:48.988+0500] {processor.py:914} INFO - Processing file /home/ruslan/.local/lib/python3.10/site-packages/airflow/example_dags/example_sensors.py for tasks to queue
[2025-03-21T19:46:48.989+0500] {logging_mixin.py:190} INFO - [2025-03-21T19:46:48.989+0500] {dagbag.py:588} INFO - Filling up the DagBag from /home/ruslan/.local/lib/python3.10/site-packages/airflow/example_dags/example_sensors.py
[2025-03-21T19:46:48.996+0500] {processor.py:925} INFO - DAG(s) 'example_sensors' retrieved from /home/ruslan/.local/lib/python3.10/site-packages/airflow/example_dags/example_sensors.py
[2025-03-21T19:46:49.011+0500] {logging_mixin.py:190} INFO - [2025-03-21T19:46:49.011+0500] {dag.py:3239} INFO - Sync 1 DAGs
[2025-03-21T19:46:49.018+0500] {logging_mixin.py:190} INFO - [2025-03-21T19:46:49.018+0500] {dag.py:4180} INFO - Setting next_dagrun for example_sensors to None, run_after=None
[2025-03-21T19:46:49.034+0500] {processor.py:208} INFO - Processing /home/ruslan/.local/lib/python3.10/site-packages/airflow/example_dags/example_sensors.py took 0.050 seconds
