[2025-03-21T19:27:09.764+0500] {processor.py:186} INFO - Started process (PID=140900) to work on /home/ruslan/.local/lib/python3.10/site-packages/airflow/example_dags/example_inlet_event_extra.py
[2025-03-21T19:27:09.765+0500] {processor.py:914} INFO - Processing file /home/ruslan/.local/lib/python3.10/site-packages/airflow/example_dags/example_inlet_event_extra.py for tasks to queue
[2025-03-21T19:27:09.766+0500] {logging_mixin.py:190} INFO - [2025-03-21T19:27:09.766+0500] {dagbag.py:588} INFO - Filling up the DagBag from /home/ruslan/.local/lib/python3.10/site-packages/airflow/example_dags/example_inlet_event_extra.py
[2025-03-21T19:27:09.776+0500] {processor.py:925} INFO - DAG(s) 'read_dataset_event_from_classic', 'read_dataset_event' retrieved from /home/ruslan/.local/lib/python3.10/site-packages/airflow/example_dags/example_inlet_event_extra.py
[2025-03-21T19:27:09.845+0500] {logging_mixin.py:190} INFO - [2025-03-21T19:27:09.845+0500] {override.py:1930} INFO - Created Permission View: can edit on DAG:read_dataset_event_from_classic
[2025-03-21T19:27:09.854+0500] {logging_mixin.py:190} INFO - [2025-03-21T19:27:09.854+0500] {override.py:1930} INFO - Created Permission View: can read on DAG:read_dataset_event_from_classic
[2025-03-21T19:27:09.861+0500] {logging_mixin.py:190} INFO - [2025-03-21T19:27:09.861+0500] {override.py:1930} INFO - Created Permission View: can delete on DAG:read_dataset_event_from_classic
[2025-03-21T19:27:09.872+0500] {logging_mixin.py:190} INFO - [2025-03-21T19:27:09.872+0500] {override.py:1930} INFO - Created Permission View: can create on DAG Run:read_dataset_event_from_classic
[2025-03-21T19:27:09.879+0500] {logging_mixin.py:190} INFO - [2025-03-21T19:27:09.879+0500] {override.py:1930} INFO - Created Permission View: can read on DAG Run:read_dataset_event_from_classic
[2025-03-21T19:27:09.885+0500] {logging_mixin.py:190} INFO - [2025-03-21T19:27:09.885+0500] {override.py:1930} INFO - Created Permission View: can delete on DAG Run:read_dataset_event_from_classic
[2025-03-21T19:27:09.892+0500] {logging_mixin.py:190} INFO - [2025-03-21T19:27:09.892+0500] {override.py:1930} INFO - Created Permission View: menu access on DAG Run:read_dataset_event_from_classic
[2025-03-21T19:27:09.906+0500] {logging_mixin.py:190} INFO - [2025-03-21T19:27:09.906+0500] {override.py:1930} INFO - Created Permission View: can edit on DAG:read_dataset_event
[2025-03-21T19:27:09.913+0500] {logging_mixin.py:190} INFO - [2025-03-21T19:27:09.913+0500] {override.py:1930} INFO - Created Permission View: can read on DAG:read_dataset_event
[2025-03-21T19:27:09.920+0500] {logging_mixin.py:190} INFO - [2025-03-21T19:27:09.919+0500] {override.py:1930} INFO - Created Permission View: can delete on DAG:read_dataset_event
[2025-03-21T19:27:09.931+0500] {logging_mixin.py:190} INFO - [2025-03-21T19:27:09.931+0500] {override.py:1930} INFO - Created Permission View: can create on DAG Run:read_dataset_event
[2025-03-21T19:27:09.937+0500] {logging_mixin.py:190} INFO - [2025-03-21T19:27:09.937+0500] {override.py:1930} INFO - Created Permission View: can read on DAG Run:read_dataset_event
[2025-03-21T19:27:09.944+0500] {logging_mixin.py:190} INFO - [2025-03-21T19:27:09.944+0500] {override.py:1930} INFO - Created Permission View: can delete on DAG Run:read_dataset_event
[2025-03-21T19:27:09.951+0500] {logging_mixin.py:190} INFO - [2025-03-21T19:27:09.950+0500] {override.py:1930} INFO - Created Permission View: menu access on DAG Run:read_dataset_event
[2025-03-21T19:27:09.951+0500] {logging_mixin.py:190} INFO - [2025-03-21T19:27:09.951+0500] {dag.py:3239} INFO - Sync 2 DAGs
[2025-03-21T19:27:09.958+0500] {logging_mixin.py:190} INFO - [2025-03-21T19:27:09.958+0500] {dag.py:3262} INFO - Creating ORM DAG for read_dataset_event_from_classic
[2025-03-21T19:27:09.958+0500] {logging_mixin.py:190} INFO - [2025-03-21T19:27:09.958+0500] {dag.py:3262} INFO - Creating ORM DAG for read_dataset_event
[2025-03-21T19:27:09.964+0500] {logging_mixin.py:190} INFO - [2025-03-21T19:27:09.964+0500] {dag.py:4180} INFO - Setting next_dagrun for read_dataset_event to 2025-03-20 00:00:00+00:00, run_after=2025-03-21 00:00:00+00:00
[2025-03-21T19:27:09.965+0500] {logging_mixin.py:190} INFO - [2025-03-21T19:27:09.965+0500] {dag.py:4180} INFO - Setting next_dagrun for read_dataset_event_from_classic to 2025-03-20 00:00:00+00:00, run_after=2025-03-21 00:00:00+00:00
[2025-03-21T19:27:09.979+0500] {processor.py:208} INFO - Processing /home/ruslan/.local/lib/python3.10/site-packages/airflow/example_dags/example_inlet_event_extra.py took 0.218 seconds
[2025-03-21T19:28:10.849+0500] {processor.py:186} INFO - Started process (PID=141219) to work on /home/ruslan/.local/lib/python3.10/site-packages/airflow/example_dags/example_inlet_event_extra.py
[2025-03-21T19:28:10.850+0500] {processor.py:914} INFO - Processing file /home/ruslan/.local/lib/python3.10/site-packages/airflow/example_dags/example_inlet_event_extra.py for tasks to queue
[2025-03-21T19:28:10.851+0500] {logging_mixin.py:190} INFO - [2025-03-21T19:28:10.851+0500] {dagbag.py:588} INFO - Filling up the DagBag from /home/ruslan/.local/lib/python3.10/site-packages/airflow/example_dags/example_inlet_event_extra.py
[2025-03-21T19:28:10.858+0500] {processor.py:925} INFO - DAG(s) 'read_dataset_event', 'read_dataset_event_from_classic' retrieved from /home/ruslan/.local/lib/python3.10/site-packages/airflow/example_dags/example_inlet_event_extra.py
[2025-03-21T19:28:10.867+0500] {logging_mixin.py:190} INFO - [2025-03-21T19:28:10.867+0500] {dag.py:3239} INFO - Sync 2 DAGs
[2025-03-21T19:28:10.879+0500] {logging_mixin.py:190} INFO - [2025-03-21T19:28:10.879+0500] {dag.py:4180} INFO - Setting next_dagrun for read_dataset_event to 2025-03-20 00:00:00+00:00, run_after=2025-03-21 00:00:00+00:00
[2025-03-21T19:28:10.881+0500] {logging_mixin.py:190} INFO - [2025-03-21T19:28:10.881+0500] {dag.py:4180} INFO - Setting next_dagrun for read_dataset_event_from_classic to 2025-03-20 00:00:00+00:00, run_after=2025-03-21 00:00:00+00:00
[2025-03-21T19:28:10.895+0500] {processor.py:208} INFO - Processing /home/ruslan/.local/lib/python3.10/site-packages/airflow/example_dags/example_inlet_event_extra.py took 0.050 seconds
[2025-03-21T19:29:03.582+0500] {processor.py:186} INFO - Started process (PID=141500) to work on /home/ruslan/.local/lib/python3.10/site-packages/airflow/example_dags/example_inlet_event_extra.py
[2025-03-21T19:29:03.583+0500] {processor.py:914} INFO - Processing file /home/ruslan/.local/lib/python3.10/site-packages/airflow/example_dags/example_inlet_event_extra.py for tasks to queue
[2025-03-21T19:29:03.584+0500] {logging_mixin.py:190} INFO - [2025-03-21T19:29:03.584+0500] {dagbag.py:588} INFO - Filling up the DagBag from /home/ruslan/.local/lib/python3.10/site-packages/airflow/example_dags/example_inlet_event_extra.py
[2025-03-21T19:29:03.592+0500] {processor.py:925} INFO - DAG(s) 'read_dataset_event_from_classic', 'read_dataset_event' retrieved from /home/ruslan/.local/lib/python3.10/site-packages/airflow/example_dags/example_inlet_event_extra.py
[2025-03-21T19:29:03.601+0500] {logging_mixin.py:190} INFO - [2025-03-21T19:29:03.601+0500] {dag.py:3239} INFO - Sync 2 DAGs
[2025-03-21T19:29:03.613+0500] {logging_mixin.py:190} INFO - [2025-03-21T19:29:03.613+0500] {dag.py:4180} INFO - Setting next_dagrun for read_dataset_event to 2025-03-20 00:00:00+00:00, run_after=2025-03-21 00:00:00+00:00
[2025-03-21T19:29:03.616+0500] {logging_mixin.py:190} INFO - [2025-03-21T19:29:03.616+0500] {dag.py:4180} INFO - Setting next_dagrun for read_dataset_event_from_classic to 2025-03-20 00:00:00+00:00, run_after=2025-03-21 00:00:00+00:00
[2025-03-21T19:29:03.630+0500] {processor.py:208} INFO - Processing /home/ruslan/.local/lib/python3.10/site-packages/airflow/example_dags/example_inlet_event_extra.py took 0.051 seconds
[2025-03-21T19:29:53.736+0500] {processor.py:186} INFO - Started process (PID=141751) to work on /home/ruslan/.local/lib/python3.10/site-packages/airflow/example_dags/example_inlet_event_extra.py
[2025-03-21T19:29:53.738+0500] {processor.py:914} INFO - Processing file /home/ruslan/.local/lib/python3.10/site-packages/airflow/example_dags/example_inlet_event_extra.py for tasks to queue
[2025-03-21T19:29:53.739+0500] {logging_mixin.py:190} INFO - [2025-03-21T19:29:53.739+0500] {dagbag.py:588} INFO - Filling up the DagBag from /home/ruslan/.local/lib/python3.10/site-packages/airflow/example_dags/example_inlet_event_extra.py
[2025-03-21T19:29:53.746+0500] {processor.py:925} INFO - DAG(s) 'read_dataset_event', 'read_dataset_event_from_classic' retrieved from /home/ruslan/.local/lib/python3.10/site-packages/airflow/example_dags/example_inlet_event_extra.py
[2025-03-21T19:29:53.755+0500] {logging_mixin.py:190} INFO - [2025-03-21T19:29:53.755+0500] {dag.py:3239} INFO - Sync 2 DAGs
[2025-03-21T19:29:53.766+0500] {logging_mixin.py:190} INFO - [2025-03-21T19:29:53.766+0500] {dag.py:4180} INFO - Setting next_dagrun for read_dataset_event to 2025-03-20 00:00:00+00:00, run_after=2025-03-21 00:00:00+00:00
[2025-03-21T19:29:53.769+0500] {logging_mixin.py:190} INFO - [2025-03-21T19:29:53.769+0500] {dag.py:4180} INFO - Setting next_dagrun for read_dataset_event_from_classic to 2025-03-20 00:00:00+00:00, run_after=2025-03-21 00:00:00+00:00
[2025-03-21T19:29:53.783+0500] {processor.py:208} INFO - Processing /home/ruslan/.local/lib/python3.10/site-packages/airflow/example_dags/example_inlet_event_extra.py took 0.050 seconds
[2025-03-21T19:30:49.550+0500] {processor.py:186} INFO - Started process (PID=142027) to work on /home/ruslan/.local/lib/python3.10/site-packages/airflow/example_dags/example_inlet_event_extra.py
[2025-03-21T19:30:49.551+0500] {processor.py:914} INFO - Processing file /home/ruslan/.local/lib/python3.10/site-packages/airflow/example_dags/example_inlet_event_extra.py for tasks to queue
[2025-03-21T19:30:49.552+0500] {logging_mixin.py:190} INFO - [2025-03-21T19:30:49.552+0500] {dagbag.py:588} INFO - Filling up the DagBag from /home/ruslan/.local/lib/python3.10/site-packages/airflow/example_dags/example_inlet_event_extra.py
[2025-03-21T19:30:49.560+0500] {processor.py:925} INFO - DAG(s) 'read_dataset_event_from_classic', 'read_dataset_event' retrieved from /home/ruslan/.local/lib/python3.10/site-packages/airflow/example_dags/example_inlet_event_extra.py
[2025-03-21T19:30:49.569+0500] {logging_mixin.py:190} INFO - [2025-03-21T19:30:49.568+0500] {dag.py:3239} INFO - Sync 2 DAGs
[2025-03-21T19:30:49.580+0500] {logging_mixin.py:190} INFO - [2025-03-21T19:30:49.580+0500] {dag.py:4180} INFO - Setting next_dagrun for read_dataset_event to 2025-03-20 00:00:00+00:00, run_after=2025-03-21 00:00:00+00:00
[2025-03-21T19:30:49.583+0500] {logging_mixin.py:190} INFO - [2025-03-21T19:30:49.582+0500] {dag.py:4180} INFO - Setting next_dagrun for read_dataset_event_from_classic to 2025-03-20 00:00:00+00:00, run_after=2025-03-21 00:00:00+00:00
[2025-03-21T19:30:49.596+0500] {processor.py:208} INFO - Processing /home/ruslan/.local/lib/python3.10/site-packages/airflow/example_dags/example_inlet_event_extra.py took 0.049 seconds
[2025-03-21T19:31:38.788+0500] {processor.py:186} INFO - Started process (PID=142274) to work on /home/ruslan/.local/lib/python3.10/site-packages/airflow/example_dags/example_inlet_event_extra.py
[2025-03-21T19:31:38.789+0500] {processor.py:914} INFO - Processing file /home/ruslan/.local/lib/python3.10/site-packages/airflow/example_dags/example_inlet_event_extra.py for tasks to queue
[2025-03-21T19:31:38.790+0500] {logging_mixin.py:190} INFO - [2025-03-21T19:31:38.790+0500] {dagbag.py:588} INFO - Filling up the DagBag from /home/ruslan/.local/lib/python3.10/site-packages/airflow/example_dags/example_inlet_event_extra.py
[2025-03-21T19:31:38.799+0500] {processor.py:925} INFO - DAG(s) 'read_dataset_event', 'read_dataset_event_from_classic' retrieved from /home/ruslan/.local/lib/python3.10/site-packages/airflow/example_dags/example_inlet_event_extra.py
[2025-03-21T19:31:38.812+0500] {logging_mixin.py:190} INFO - [2025-03-21T19:31:38.811+0500] {dag.py:3239} INFO - Sync 2 DAGs
[2025-03-21T19:31:38.828+0500] {logging_mixin.py:190} INFO - [2025-03-21T19:31:38.828+0500] {dag.py:4180} INFO - Setting next_dagrun for read_dataset_event to 2025-03-20 00:00:00+00:00, run_after=2025-03-21 00:00:00+00:00
[2025-03-21T19:31:38.832+0500] {logging_mixin.py:190} INFO - [2025-03-21T19:31:38.832+0500] {dag.py:4180} INFO - Setting next_dagrun for read_dataset_event_from_classic to 2025-03-20 00:00:00+00:00, run_after=2025-03-21 00:00:00+00:00
[2025-03-21T19:31:38.847+0500] {processor.py:208} INFO - Processing /home/ruslan/.local/lib/python3.10/site-packages/airflow/example_dags/example_inlet_event_extra.py took 0.065 seconds
[2025-03-21T19:32:27.811+0500] {processor.py:186} INFO - Started process (PID=145905) to work on /home/ruslan/.local/lib/python3.10/site-packages/airflow/example_dags/example_inlet_event_extra.py
[2025-03-21T19:32:27.813+0500] {processor.py:914} INFO - Processing file /home/ruslan/.local/lib/python3.10/site-packages/airflow/example_dags/example_inlet_event_extra.py for tasks to queue
[2025-03-21T19:32:27.815+0500] {logging_mixin.py:190} INFO - [2025-03-21T19:32:27.814+0500] {dagbag.py:588} INFO - Filling up the DagBag from /home/ruslan/.local/lib/python3.10/site-packages/airflow/example_dags/example_inlet_event_extra.py
[2025-03-21T19:32:27.827+0500] {processor.py:925} INFO - DAG(s) 'read_dataset_event_from_classic', 'read_dataset_event' retrieved from /home/ruslan/.local/lib/python3.10/site-packages/airflow/example_dags/example_inlet_event_extra.py
[2025-03-21T19:32:27.842+0500] {logging_mixin.py:190} INFO - [2025-03-21T19:32:27.842+0500] {dag.py:3239} INFO - Sync 2 DAGs
[2025-03-21T19:32:27.861+0500] {logging_mixin.py:190} INFO - [2025-03-21T19:32:27.861+0500] {dag.py:4180} INFO - Setting next_dagrun for read_dataset_event to 2025-03-20 00:00:00+00:00, run_after=2025-03-21 00:00:00+00:00
[2025-03-21T19:32:27.866+0500] {logging_mixin.py:190} INFO - [2025-03-21T19:32:27.865+0500] {dag.py:4180} INFO - Setting next_dagrun for read_dataset_event_from_classic to 2025-03-20 00:00:00+00:00, run_after=2025-03-21 00:00:00+00:00
[2025-03-21T19:32:27.885+0500] {processor.py:208} INFO - Processing /home/ruslan/.local/lib/python3.10/site-packages/airflow/example_dags/example_inlet_event_extra.py took 0.080 seconds
[2025-03-21T19:33:18.989+0500] {processor.py:186} INFO - Started process (PID=153842) to work on /home/ruslan/.local/lib/python3.10/site-packages/airflow/example_dags/example_inlet_event_extra.py
[2025-03-21T19:33:18.990+0500] {processor.py:914} INFO - Processing file /home/ruslan/.local/lib/python3.10/site-packages/airflow/example_dags/example_inlet_event_extra.py for tasks to queue
[2025-03-21T19:33:18.991+0500] {logging_mixin.py:190} INFO - [2025-03-21T19:33:18.991+0500] {dagbag.py:588} INFO - Filling up the DagBag from /home/ruslan/.local/lib/python3.10/site-packages/airflow/example_dags/example_inlet_event_extra.py
[2025-03-21T19:33:19.000+0500] {processor.py:925} INFO - DAG(s) 'read_dataset_event_from_classic', 'read_dataset_event' retrieved from /home/ruslan/.local/lib/python3.10/site-packages/airflow/example_dags/example_inlet_event_extra.py
[2025-03-21T19:33:19.011+0500] {logging_mixin.py:190} INFO - [2025-03-21T19:33:19.010+0500] {dag.py:3239} INFO - Sync 2 DAGs
[2025-03-21T19:33:19.025+0500] {logging_mixin.py:190} INFO - [2025-03-21T19:33:19.025+0500] {dag.py:4180} INFO - Setting next_dagrun for read_dataset_event to 2025-03-20 00:00:00+00:00, run_after=2025-03-21 00:00:00+00:00
[2025-03-21T19:33:19.028+0500] {logging_mixin.py:190} INFO - [2025-03-21T19:33:19.028+0500] {dag.py:4180} INFO - Setting next_dagrun for read_dataset_event_from_classic to 2025-03-20 00:00:00+00:00, run_after=2025-03-21 00:00:00+00:00
[2025-03-21T19:33:19.044+0500] {processor.py:208} INFO - Processing /home/ruslan/.local/lib/python3.10/site-packages/airflow/example_dags/example_inlet_event_extra.py took 0.060 seconds
[2025-03-21T19:34:14.048+0500] {processor.py:186} INFO - Started process (PID=154218) to work on /home/ruslan/.local/lib/python3.10/site-packages/airflow/example_dags/example_inlet_event_extra.py
[2025-03-21T19:34:14.049+0500] {processor.py:914} INFO - Processing file /home/ruslan/.local/lib/python3.10/site-packages/airflow/example_dags/example_inlet_event_extra.py for tasks to queue
[2025-03-21T19:34:14.051+0500] {logging_mixin.py:190} INFO - [2025-03-21T19:34:14.050+0500] {dagbag.py:588} INFO - Filling up the DagBag from /home/ruslan/.local/lib/python3.10/site-packages/airflow/example_dags/example_inlet_event_extra.py
[2025-03-21T19:34:14.059+0500] {processor.py:925} INFO - DAG(s) 'read_dataset_event_from_classic', 'read_dataset_event' retrieved from /home/ruslan/.local/lib/python3.10/site-packages/airflow/example_dags/example_inlet_event_extra.py
[2025-03-21T19:34:14.069+0500] {logging_mixin.py:190} INFO - [2025-03-21T19:34:14.068+0500] {dag.py:3239} INFO - Sync 2 DAGs
[2025-03-21T19:34:14.081+0500] {logging_mixin.py:190} INFO - [2025-03-21T19:34:14.081+0500] {dag.py:4180} INFO - Setting next_dagrun for read_dataset_event to 2025-03-20 00:00:00+00:00, run_after=2025-03-21 00:00:00+00:00
[2025-03-21T19:34:14.084+0500] {logging_mixin.py:190} INFO - [2025-03-21T19:34:14.083+0500] {dag.py:4180} INFO - Setting next_dagrun for read_dataset_event_from_classic to 2025-03-20 00:00:00+00:00, run_after=2025-03-21 00:00:00+00:00
[2025-03-21T19:34:14.097+0500] {processor.py:208} INFO - Processing /home/ruslan/.local/lib/python3.10/site-packages/airflow/example_dags/example_inlet_event_extra.py took 0.053 seconds
[2025-03-21T19:35:05.924+0500] {processor.py:186} INFO - Started process (PID=154517) to work on /home/ruslan/.local/lib/python3.10/site-packages/airflow/example_dags/example_inlet_event_extra.py
[2025-03-21T19:35:05.925+0500] {processor.py:914} INFO - Processing file /home/ruslan/.local/lib/python3.10/site-packages/airflow/example_dags/example_inlet_event_extra.py for tasks to queue
[2025-03-21T19:35:05.927+0500] {logging_mixin.py:190} INFO - [2025-03-21T19:35:05.926+0500] {dagbag.py:588} INFO - Filling up the DagBag from /home/ruslan/.local/lib/python3.10/site-packages/airflow/example_dags/example_inlet_event_extra.py
[2025-03-21T19:35:05.935+0500] {processor.py:925} INFO - DAG(s) 'read_dataset_event', 'read_dataset_event_from_classic' retrieved from /home/ruslan/.local/lib/python3.10/site-packages/airflow/example_dags/example_inlet_event_extra.py
[2025-03-21T19:35:05.945+0500] {logging_mixin.py:190} INFO - [2025-03-21T19:35:05.945+0500] {dag.py:3239} INFO - Sync 2 DAGs
[2025-03-21T19:35:05.958+0500] {logging_mixin.py:190} INFO - [2025-03-21T19:35:05.958+0500] {dag.py:4180} INFO - Setting next_dagrun for read_dataset_event to 2025-03-20 00:00:00+00:00, run_after=2025-03-21 00:00:00+00:00
[2025-03-21T19:35:05.961+0500] {logging_mixin.py:190} INFO - [2025-03-21T19:35:05.961+0500] {dag.py:4180} INFO - Setting next_dagrun for read_dataset_event_from_classic to 2025-03-20 00:00:00+00:00, run_after=2025-03-21 00:00:00+00:00
[2025-03-21T19:35:05.975+0500] {processor.py:208} INFO - Processing /home/ruslan/.local/lib/python3.10/site-packages/airflow/example_dags/example_inlet_event_extra.py took 0.054 seconds
[2025-03-21T19:35:56.671+0500] {processor.py:186} INFO - Started process (PID=154772) to work on /home/ruslan/.local/lib/python3.10/site-packages/airflow/example_dags/example_inlet_event_extra.py
[2025-03-21T19:35:56.672+0500] {processor.py:914} INFO - Processing file /home/ruslan/.local/lib/python3.10/site-packages/airflow/example_dags/example_inlet_event_extra.py for tasks to queue
[2025-03-21T19:35:56.674+0500] {logging_mixin.py:190} INFO - [2025-03-21T19:35:56.673+0500] {dagbag.py:588} INFO - Filling up the DagBag from /home/ruslan/.local/lib/python3.10/site-packages/airflow/example_dags/example_inlet_event_extra.py
[2025-03-21T19:35:56.682+0500] {processor.py:925} INFO - DAG(s) 'read_dataset_event_from_classic', 'read_dataset_event' retrieved from /home/ruslan/.local/lib/python3.10/site-packages/airflow/example_dags/example_inlet_event_extra.py
[2025-03-21T19:35:56.692+0500] {logging_mixin.py:190} INFO - [2025-03-21T19:35:56.692+0500] {dag.py:3239} INFO - Sync 2 DAGs
[2025-03-21T19:35:56.706+0500] {logging_mixin.py:190} INFO - [2025-03-21T19:35:56.706+0500] {dag.py:4180} INFO - Setting next_dagrun for read_dataset_event to 2025-03-20 00:00:00+00:00, run_after=2025-03-21 00:00:00+00:00
[2025-03-21T19:35:56.709+0500] {logging_mixin.py:190} INFO - [2025-03-21T19:35:56.708+0500] {dag.py:4180} INFO - Setting next_dagrun for read_dataset_event_from_classic to 2025-03-20 00:00:00+00:00, run_after=2025-03-21 00:00:00+00:00
[2025-03-21T19:35:56.722+0500] {processor.py:208} INFO - Processing /home/ruslan/.local/lib/python3.10/site-packages/airflow/example_dags/example_inlet_event_extra.py took 0.054 seconds
[2025-03-21T19:36:47.284+0500] {processor.py:186} INFO - Started process (PID=155249) to work on /home/ruslan/.local/lib/python3.10/site-packages/airflow/example_dags/example_inlet_event_extra.py
[2025-03-21T19:36:47.285+0500] {processor.py:914} INFO - Processing file /home/ruslan/.local/lib/python3.10/site-packages/airflow/example_dags/example_inlet_event_extra.py for tasks to queue
[2025-03-21T19:36:47.286+0500] {logging_mixin.py:190} INFO - [2025-03-21T19:36:47.286+0500] {dagbag.py:588} INFO - Filling up the DagBag from /home/ruslan/.local/lib/python3.10/site-packages/airflow/example_dags/example_inlet_event_extra.py
[2025-03-21T19:36:47.294+0500] {processor.py:925} INFO - DAG(s) 'read_dataset_event', 'read_dataset_event_from_classic' retrieved from /home/ruslan/.local/lib/python3.10/site-packages/airflow/example_dags/example_inlet_event_extra.py
[2025-03-21T19:36:47.303+0500] {logging_mixin.py:190} INFO - [2025-03-21T19:36:47.303+0500] {dag.py:3239} INFO - Sync 2 DAGs
[2025-03-21T19:36:47.315+0500] {logging_mixin.py:190} INFO - [2025-03-21T19:36:47.315+0500] {dag.py:4180} INFO - Setting next_dagrun for read_dataset_event to 2025-03-20 00:00:00+00:00, run_after=2025-03-21 00:00:00+00:00
[2025-03-21T19:36:47.317+0500] {logging_mixin.py:190} INFO - [2025-03-21T19:36:47.317+0500] {dag.py:4180} INFO - Setting next_dagrun for read_dataset_event_from_classic to 2025-03-20 00:00:00+00:00, run_after=2025-03-21 00:00:00+00:00
[2025-03-21T19:36:47.331+0500] {processor.py:208} INFO - Processing /home/ruslan/.local/lib/python3.10/site-packages/airflow/example_dags/example_inlet_event_extra.py took 0.051 seconds
[2025-03-21T19:37:37.803+0500] {processor.py:186} INFO - Started process (PID=155540) to work on /home/ruslan/.local/lib/python3.10/site-packages/airflow/example_dags/example_inlet_event_extra.py
[2025-03-21T19:37:37.804+0500] {processor.py:914} INFO - Processing file /home/ruslan/.local/lib/python3.10/site-packages/airflow/example_dags/example_inlet_event_extra.py for tasks to queue
[2025-03-21T19:37:37.804+0500] {logging_mixin.py:190} INFO - [2025-03-21T19:37:37.804+0500] {dagbag.py:588} INFO - Filling up the DagBag from /home/ruslan/.local/lib/python3.10/site-packages/airflow/example_dags/example_inlet_event_extra.py
[2025-03-21T19:37:37.813+0500] {processor.py:925} INFO - DAG(s) 'read_dataset_event_from_classic', 'read_dataset_event' retrieved from /home/ruslan/.local/lib/python3.10/site-packages/airflow/example_dags/example_inlet_event_extra.py
[2025-03-21T19:37:37.823+0500] {logging_mixin.py:190} INFO - [2025-03-21T19:37:37.823+0500] {dag.py:3239} INFO - Sync 2 DAGs
[2025-03-21T19:37:37.835+0500] {logging_mixin.py:190} INFO - [2025-03-21T19:37:37.835+0500] {dag.py:4180} INFO - Setting next_dagrun for read_dataset_event to 2025-03-20 00:00:00+00:00, run_after=2025-03-21 00:00:00+00:00
[2025-03-21T19:37:37.838+0500] {logging_mixin.py:190} INFO - [2025-03-21T19:37:37.838+0500] {dag.py:4180} INFO - Setting next_dagrun for read_dataset_event_from_classic to 2025-03-20 00:00:00+00:00, run_after=2025-03-21 00:00:00+00:00
[2025-03-21T19:37:37.852+0500] {processor.py:208} INFO - Processing /home/ruslan/.local/lib/python3.10/site-packages/airflow/example_dags/example_inlet_event_extra.py took 0.053 seconds
[2025-03-21T19:38:31.974+0500] {processor.py:186} INFO - Started process (PID=156200) to work on /home/ruslan/.local/lib/python3.10/site-packages/airflow/example_dags/example_inlet_event_extra.py
[2025-03-21T19:38:31.975+0500] {processor.py:914} INFO - Processing file /home/ruslan/.local/lib/python3.10/site-packages/airflow/example_dags/example_inlet_event_extra.py for tasks to queue
[2025-03-21T19:38:31.976+0500] {logging_mixin.py:190} INFO - [2025-03-21T19:38:31.975+0500] {dagbag.py:588} INFO - Filling up the DagBag from /home/ruslan/.local/lib/python3.10/site-packages/airflow/example_dags/example_inlet_event_extra.py
[2025-03-21T19:38:31.984+0500] {processor.py:925} INFO - DAG(s) 'read_dataset_event_from_classic', 'read_dataset_event' retrieved from /home/ruslan/.local/lib/python3.10/site-packages/airflow/example_dags/example_inlet_event_extra.py
[2025-03-21T19:38:31.994+0500] {logging_mixin.py:190} INFO - [2025-03-21T19:38:31.993+0500] {dag.py:3239} INFO - Sync 2 DAGs
[2025-03-21T19:38:32.006+0500] {logging_mixin.py:190} INFO - [2025-03-21T19:38:32.006+0500] {dag.py:4180} INFO - Setting next_dagrun for read_dataset_event to 2025-03-20 00:00:00+00:00, run_after=2025-03-21 00:00:00+00:00
[2025-03-21T19:38:32.009+0500] {logging_mixin.py:190} INFO - [2025-03-21T19:38:32.009+0500] {dag.py:4180} INFO - Setting next_dagrun for read_dataset_event_from_classic to 2025-03-20 00:00:00+00:00, run_after=2025-03-21 00:00:00+00:00
[2025-03-21T19:38:32.023+0500] {processor.py:208} INFO - Processing /home/ruslan/.local/lib/python3.10/site-packages/airflow/example_dags/example_inlet_event_extra.py took 0.053 seconds
[2025-03-21T19:39:24.554+0500] {processor.py:186} INFO - Started process (PID=156637) to work on /home/ruslan/.local/lib/python3.10/site-packages/airflow/example_dags/example_inlet_event_extra.py
[2025-03-21T19:39:24.554+0500] {processor.py:914} INFO - Processing file /home/ruslan/.local/lib/python3.10/site-packages/airflow/example_dags/example_inlet_event_extra.py for tasks to queue
[2025-03-21T19:39:24.555+0500] {logging_mixin.py:190} INFO - [2025-03-21T19:39:24.555+0500] {dagbag.py:588} INFO - Filling up the DagBag from /home/ruslan/.local/lib/python3.10/site-packages/airflow/example_dags/example_inlet_event_extra.py
[2025-03-21T19:39:24.563+0500] {processor.py:925} INFO - DAG(s) 'read_dataset_event', 'read_dataset_event_from_classic' retrieved from /home/ruslan/.local/lib/python3.10/site-packages/airflow/example_dags/example_inlet_event_extra.py
[2025-03-21T19:39:24.573+0500] {logging_mixin.py:190} INFO - [2025-03-21T19:39:24.573+0500] {dag.py:3239} INFO - Sync 2 DAGs
[2025-03-21T19:39:24.586+0500] {logging_mixin.py:190} INFO - [2025-03-21T19:39:24.586+0500] {dag.py:4180} INFO - Setting next_dagrun for read_dataset_event to 2025-03-20 00:00:00+00:00, run_after=2025-03-21 00:00:00+00:00
[2025-03-21T19:39:24.589+0500] {logging_mixin.py:190} INFO - [2025-03-21T19:39:24.589+0500] {dag.py:4180} INFO - Setting next_dagrun for read_dataset_event_from_classic to 2025-03-20 00:00:00+00:00, run_after=2025-03-21 00:00:00+00:00
[2025-03-21T19:39:24.602+0500] {processor.py:208} INFO - Processing /home/ruslan/.local/lib/python3.10/site-packages/airflow/example_dags/example_inlet_event_extra.py took 0.053 seconds
[2025-03-21T19:40:16.993+0500] {processor.py:186} INFO - Started process (PID=156898) to work on /home/ruslan/.local/lib/python3.10/site-packages/airflow/example_dags/example_inlet_event_extra.py
[2025-03-21T19:40:16.994+0500] {processor.py:914} INFO - Processing file /home/ruslan/.local/lib/python3.10/site-packages/airflow/example_dags/example_inlet_event_extra.py for tasks to queue
[2025-03-21T19:40:16.995+0500] {logging_mixin.py:190} INFO - [2025-03-21T19:40:16.995+0500] {dagbag.py:588} INFO - Filling up the DagBag from /home/ruslan/.local/lib/python3.10/site-packages/airflow/example_dags/example_inlet_event_extra.py
[2025-03-21T19:40:17.003+0500] {processor.py:925} INFO - DAG(s) 'read_dataset_event_from_classic', 'read_dataset_event' retrieved from /home/ruslan/.local/lib/python3.10/site-packages/airflow/example_dags/example_inlet_event_extra.py
[2025-03-21T19:40:17.013+0500] {logging_mixin.py:190} INFO - [2025-03-21T19:40:17.013+0500] {dag.py:3239} INFO - Sync 2 DAGs
[2025-03-21T19:40:17.027+0500] {logging_mixin.py:190} INFO - [2025-03-21T19:40:17.027+0500] {dag.py:4180} INFO - Setting next_dagrun for read_dataset_event to 2025-03-20 00:00:00+00:00, run_after=2025-03-21 00:00:00+00:00
[2025-03-21T19:40:17.029+0500] {logging_mixin.py:190} INFO - [2025-03-21T19:40:17.029+0500] {dag.py:4180} INFO - Setting next_dagrun for read_dataset_event_from_classic to 2025-03-20 00:00:00+00:00, run_after=2025-03-21 00:00:00+00:00
[2025-03-21T19:40:17.044+0500] {processor.py:208} INFO - Processing /home/ruslan/.local/lib/python3.10/site-packages/airflow/example_dags/example_inlet_event_extra.py took 0.056 seconds
[2025-03-21T19:41:08.357+0500] {processor.py:186} INFO - Started process (PID=157392) to work on /home/ruslan/.local/lib/python3.10/site-packages/airflow/example_dags/example_inlet_event_extra.py
[2025-03-21T19:41:08.358+0500] {processor.py:914} INFO - Processing file /home/ruslan/.local/lib/python3.10/site-packages/airflow/example_dags/example_inlet_event_extra.py for tasks to queue
[2025-03-21T19:41:08.359+0500] {logging_mixin.py:190} INFO - [2025-03-21T19:41:08.358+0500] {dagbag.py:588} INFO - Filling up the DagBag from /home/ruslan/.local/lib/python3.10/site-packages/airflow/example_dags/example_inlet_event_extra.py
[2025-03-21T19:41:08.367+0500] {processor.py:925} INFO - DAG(s) 'read_dataset_event_from_classic', 'read_dataset_event' retrieved from /home/ruslan/.local/lib/python3.10/site-packages/airflow/example_dags/example_inlet_event_extra.py
[2025-03-21T19:41:08.379+0500] {logging_mixin.py:190} INFO - [2025-03-21T19:41:08.379+0500] {dag.py:3239} INFO - Sync 2 DAGs
[2025-03-21T19:41:08.393+0500] {logging_mixin.py:190} INFO - [2025-03-21T19:41:08.393+0500] {dag.py:4180} INFO - Setting next_dagrun for read_dataset_event to 2025-03-20 00:00:00+00:00, run_after=2025-03-21 00:00:00+00:00
[2025-03-21T19:41:08.395+0500] {logging_mixin.py:190} INFO - [2025-03-21T19:41:08.395+0500] {dag.py:4180} INFO - Setting next_dagrun for read_dataset_event_from_classic to 2025-03-20 00:00:00+00:00, run_after=2025-03-21 00:00:00+00:00
[2025-03-21T19:41:08.409+0500] {processor.py:208} INFO - Processing /home/ruslan/.local/lib/python3.10/site-packages/airflow/example_dags/example_inlet_event_extra.py took 0.056 seconds
[2025-03-21T19:42:02.494+0500] {processor.py:186} INFO - Started process (PID=158041) to work on /home/ruslan/.local/lib/python3.10/site-packages/airflow/example_dags/example_inlet_event_extra.py
[2025-03-21T19:42:02.495+0500] {processor.py:914} INFO - Processing file /home/ruslan/.local/lib/python3.10/site-packages/airflow/example_dags/example_inlet_event_extra.py for tasks to queue
[2025-03-21T19:42:02.496+0500] {logging_mixin.py:190} INFO - [2025-03-21T19:42:02.496+0500] {dagbag.py:588} INFO - Filling up the DagBag from /home/ruslan/.local/lib/python3.10/site-packages/airflow/example_dags/example_inlet_event_extra.py
[2025-03-21T19:42:02.504+0500] {processor.py:925} INFO - DAG(s) 'read_dataset_event_from_classic', 'read_dataset_event' retrieved from /home/ruslan/.local/lib/python3.10/site-packages/airflow/example_dags/example_inlet_event_extra.py
[2025-03-21T19:42:02.513+0500] {logging_mixin.py:190} INFO - [2025-03-21T19:42:02.513+0500] {dag.py:3239} INFO - Sync 2 DAGs
[2025-03-21T19:42:02.525+0500] {logging_mixin.py:190} INFO - [2025-03-21T19:42:02.525+0500] {dag.py:4180} INFO - Setting next_dagrun for read_dataset_event to 2025-03-20 00:00:00+00:00, run_after=2025-03-21 00:00:00+00:00
[2025-03-21T19:42:02.528+0500] {logging_mixin.py:190} INFO - [2025-03-21T19:42:02.527+0500] {dag.py:4180} INFO - Setting next_dagrun for read_dataset_event_from_classic to 2025-03-20 00:00:00+00:00, run_after=2025-03-21 00:00:00+00:00
[2025-03-21T19:42:02.541+0500] {processor.py:208} INFO - Processing /home/ruslan/.local/lib/python3.10/site-packages/airflow/example_dags/example_inlet_event_extra.py took 0.050 seconds
[2025-03-21T19:42:56.296+0500] {processor.py:186} INFO - Started process (PID=158615) to work on /home/ruslan/.local/lib/python3.10/site-packages/airflow/example_dags/example_inlet_event_extra.py
[2025-03-21T19:42:56.297+0500] {processor.py:914} INFO - Processing file /home/ruslan/.local/lib/python3.10/site-packages/airflow/example_dags/example_inlet_event_extra.py for tasks to queue
[2025-03-21T19:42:56.298+0500] {logging_mixin.py:190} INFO - [2025-03-21T19:42:56.298+0500] {dagbag.py:588} INFO - Filling up the DagBag from /home/ruslan/.local/lib/python3.10/site-packages/airflow/example_dags/example_inlet_event_extra.py
[2025-03-21T19:42:56.307+0500] {processor.py:925} INFO - DAG(s) 'read_dataset_event_from_classic', 'read_dataset_event' retrieved from /home/ruslan/.local/lib/python3.10/site-packages/airflow/example_dags/example_inlet_event_extra.py
[2025-03-21T19:42:56.316+0500] {logging_mixin.py:190} INFO - [2025-03-21T19:42:56.316+0500] {dag.py:3239} INFO - Sync 2 DAGs
[2025-03-21T19:42:56.329+0500] {logging_mixin.py:190} INFO - [2025-03-21T19:42:56.328+0500] {dag.py:4180} INFO - Setting next_dagrun for read_dataset_event to 2025-03-20 00:00:00+00:00, run_after=2025-03-21 00:00:00+00:00
[2025-03-21T19:42:56.331+0500] {logging_mixin.py:190} INFO - [2025-03-21T19:42:56.331+0500] {dag.py:4180} INFO - Setting next_dagrun for read_dataset_event_from_classic to 2025-03-20 00:00:00+00:00, run_after=2025-03-21 00:00:00+00:00
[2025-03-21T19:42:56.345+0500] {processor.py:208} INFO - Processing /home/ruslan/.local/lib/python3.10/site-packages/airflow/example_dags/example_inlet_event_extra.py took 0.052 seconds
[2025-03-21T19:43:52.757+0500] {processor.py:186} INFO - Started process (PID=159329) to work on /home/ruslan/.local/lib/python3.10/site-packages/airflow/example_dags/example_inlet_event_extra.py
[2025-03-21T19:43:52.759+0500] {processor.py:914} INFO - Processing file /home/ruslan/.local/lib/python3.10/site-packages/airflow/example_dags/example_inlet_event_extra.py for tasks to queue
[2025-03-21T19:43:52.760+0500] {logging_mixin.py:190} INFO - [2025-03-21T19:43:52.759+0500] {dagbag.py:588} INFO - Filling up the DagBag from /home/ruslan/.local/lib/python3.10/site-packages/airflow/example_dags/example_inlet_event_extra.py
[2025-03-21T19:43:52.767+0500] {processor.py:925} INFO - DAG(s) 'read_dataset_event', 'read_dataset_event_from_classic' retrieved from /home/ruslan/.local/lib/python3.10/site-packages/airflow/example_dags/example_inlet_event_extra.py
[2025-03-21T19:43:52.776+0500] {logging_mixin.py:190} INFO - [2025-03-21T19:43:52.776+0500] {dag.py:3239} INFO - Sync 2 DAGs
[2025-03-21T19:43:52.788+0500] {logging_mixin.py:190} INFO - [2025-03-21T19:43:52.788+0500] {dag.py:4180} INFO - Setting next_dagrun for read_dataset_event to 2025-03-20 00:00:00+00:00, run_after=2025-03-21 00:00:00+00:00
[2025-03-21T19:43:52.790+0500] {logging_mixin.py:190} INFO - [2025-03-21T19:43:52.790+0500] {dag.py:4180} INFO - Setting next_dagrun for read_dataset_event_from_classic to 2025-03-20 00:00:00+00:00, run_after=2025-03-21 00:00:00+00:00
[2025-03-21T19:43:52.804+0500] {processor.py:208} INFO - Processing /home/ruslan/.local/lib/python3.10/site-packages/airflow/example_dags/example_inlet_event_extra.py took 0.050 seconds
[2025-03-21T19:44:42.660+0500] {processor.py:186} INFO - Started process (PID=159827) to work on /home/ruslan/.local/lib/python3.10/site-packages/airflow/example_dags/example_inlet_event_extra.py
[2025-03-21T19:44:42.661+0500] {processor.py:914} INFO - Processing file /home/ruslan/.local/lib/python3.10/site-packages/airflow/example_dags/example_inlet_event_extra.py for tasks to queue
[2025-03-21T19:44:42.662+0500] {logging_mixin.py:190} INFO - [2025-03-21T19:44:42.662+0500] {dagbag.py:588} INFO - Filling up the DagBag from /home/ruslan/.local/lib/python3.10/site-packages/airflow/example_dags/example_inlet_event_extra.py
[2025-03-21T19:44:42.670+0500] {processor.py:925} INFO - DAG(s) 'read_dataset_event_from_classic', 'read_dataset_event' retrieved from /home/ruslan/.local/lib/python3.10/site-packages/airflow/example_dags/example_inlet_event_extra.py
[2025-03-21T19:44:42.680+0500] {logging_mixin.py:190} INFO - [2025-03-21T19:44:42.679+0500] {dag.py:3239} INFO - Sync 2 DAGs
[2025-03-21T19:44:42.692+0500] {logging_mixin.py:190} INFO - [2025-03-21T19:44:42.692+0500] {dag.py:4180} INFO - Setting next_dagrun for read_dataset_event to 2025-03-20 00:00:00+00:00, run_after=2025-03-21 00:00:00+00:00
[2025-03-21T19:44:42.695+0500] {logging_mixin.py:190} INFO - [2025-03-21T19:44:42.695+0500] {dag.py:4180} INFO - Setting next_dagrun for read_dataset_event_from_classic to 2025-03-20 00:00:00+00:00, run_after=2025-03-21 00:00:00+00:00
[2025-03-21T19:44:42.708+0500] {processor.py:208} INFO - Processing /home/ruslan/.local/lib/python3.10/site-packages/airflow/example_dags/example_inlet_event_extra.py took 0.051 seconds
[2025-03-21T19:45:35.278+0500] {processor.py:186} INFO - Started process (PID=160427) to work on /home/ruslan/.local/lib/python3.10/site-packages/airflow/example_dags/example_inlet_event_extra.py
[2025-03-21T19:45:35.279+0500] {processor.py:914} INFO - Processing file /home/ruslan/.local/lib/python3.10/site-packages/airflow/example_dags/example_inlet_event_extra.py for tasks to queue
[2025-03-21T19:45:35.280+0500] {logging_mixin.py:190} INFO - [2025-03-21T19:45:35.280+0500] {dagbag.py:588} INFO - Filling up the DagBag from /home/ruslan/.local/lib/python3.10/site-packages/airflow/example_dags/example_inlet_event_extra.py
[2025-03-21T19:45:35.288+0500] {processor.py:925} INFO - DAG(s) 'read_dataset_event', 'read_dataset_event_from_classic' retrieved from /home/ruslan/.local/lib/python3.10/site-packages/airflow/example_dags/example_inlet_event_extra.py
[2025-03-21T19:45:35.299+0500] {logging_mixin.py:190} INFO - [2025-03-21T19:45:35.298+0500] {dag.py:3239} INFO - Sync 2 DAGs
[2025-03-21T19:45:35.312+0500] {logging_mixin.py:190} INFO - [2025-03-21T19:45:35.312+0500] {dag.py:4180} INFO - Setting next_dagrun for read_dataset_event to 2025-03-20 00:00:00+00:00, run_after=2025-03-21 00:00:00+00:00
[2025-03-21T19:45:35.315+0500] {logging_mixin.py:190} INFO - [2025-03-21T19:45:35.315+0500] {dag.py:4180} INFO - Setting next_dagrun for read_dataset_event_from_classic to 2025-03-20 00:00:00+00:00, run_after=2025-03-21 00:00:00+00:00
[2025-03-21T19:45:35.330+0500] {processor.py:208} INFO - Processing /home/ruslan/.local/lib/python3.10/site-packages/airflow/example_dags/example_inlet_event_extra.py took 0.055 seconds
[2025-03-21T19:46:30.306+0500] {processor.py:186} INFO - Started process (PID=160992) to work on /home/ruslan/.local/lib/python3.10/site-packages/airflow/example_dags/example_inlet_event_extra.py
[2025-03-21T19:46:30.307+0500] {processor.py:914} INFO - Processing file /home/ruslan/.local/lib/python3.10/site-packages/airflow/example_dags/example_inlet_event_extra.py for tasks to queue
[2025-03-21T19:46:30.307+0500] {logging_mixin.py:190} INFO - [2025-03-21T19:46:30.307+0500] {dagbag.py:588} INFO - Filling up the DagBag from /home/ruslan/.local/lib/python3.10/site-packages/airflow/example_dags/example_inlet_event_extra.py
[2025-03-21T19:46:30.315+0500] {processor.py:925} INFO - DAG(s) 'read_dataset_event', 'read_dataset_event_from_classic' retrieved from /home/ruslan/.local/lib/python3.10/site-packages/airflow/example_dags/example_inlet_event_extra.py
[2025-03-21T19:46:30.325+0500] {logging_mixin.py:190} INFO - [2025-03-21T19:46:30.325+0500] {dag.py:3239} INFO - Sync 2 DAGs
[2025-03-21T19:46:30.337+0500] {logging_mixin.py:190} INFO - [2025-03-21T19:46:30.337+0500] {dag.py:4180} INFO - Setting next_dagrun for read_dataset_event to 2025-03-20 00:00:00+00:00, run_after=2025-03-21 00:00:00+00:00
[2025-03-21T19:46:30.340+0500] {logging_mixin.py:190} INFO - [2025-03-21T19:46:30.340+0500] {dag.py:4180} INFO - Setting next_dagrun for read_dataset_event_from_classic to 2025-03-20 00:00:00+00:00, run_after=2025-03-21 00:00:00+00:00
[2025-03-21T19:46:30.355+0500] {processor.py:208} INFO - Processing /home/ruslan/.local/lib/python3.10/site-packages/airflow/example_dags/example_inlet_event_extra.py took 0.053 seconds
