[2025-03-21T19:27:27.687+0500] {processor.py:186} INFO - Started process (PID=140992) to work on /home/ruslan/.local/lib/python3.10/site-packages/airflow/example_dags/example_branch_datetime_operator.py
[2025-03-21T19:27:27.688+0500] {processor.py:914} INFO - Processing file /home/ruslan/.local/lib/python3.10/site-packages/airflow/example_dags/example_branch_datetime_operator.py for tasks to queue
[2025-03-21T19:27:27.689+0500] {logging_mixin.py:190} INFO - [2025-03-21T19:27:27.689+0500] {dagbag.py:588} INFO - Filling up the DagBag from /home/ruslan/.local/lib/python3.10/site-packages/airflow/example_dags/example_branch_datetime_operator.py
[2025-03-21T19:27:27.696+0500] {processor.py:925} INFO - DAG(s) 'example_branch_datetime_operator_3', 'example_branch_datetime_operator', 'example_branch_datetime_operator_2' retrieved from /home/ruslan/.local/lib/python3.10/site-packages/airflow/example_dags/example_branch_datetime_operator.py
[2025-03-21T19:27:27.755+0500] {logging_mixin.py:190} INFO - [2025-03-21T19:27:27.755+0500] {override.py:1930} INFO - Created Permission View: can edit on DAG:example_branch_datetime_operator_3
[2025-03-21T19:27:27.764+0500] {logging_mixin.py:190} INFO - [2025-03-21T19:27:27.764+0500] {override.py:1930} INFO - Created Permission View: can read on DAG:example_branch_datetime_operator_3
[2025-03-21T19:27:27.771+0500] {logging_mixin.py:190} INFO - [2025-03-21T19:27:27.771+0500] {override.py:1930} INFO - Created Permission View: can delete on DAG:example_branch_datetime_operator_3
[2025-03-21T19:27:27.783+0500] {logging_mixin.py:190} INFO - [2025-03-21T19:27:27.782+0500] {override.py:1930} INFO - Created Permission View: can create on DAG Run:example_branch_datetime_operator_3
[2025-03-21T19:27:27.790+0500] {logging_mixin.py:190} INFO - [2025-03-21T19:27:27.789+0500] {override.py:1930} INFO - Created Permission View: can read on DAG Run:example_branch_datetime_operator_3
[2025-03-21T19:27:27.797+0500] {logging_mixin.py:190} INFO - [2025-03-21T19:27:27.797+0500] {override.py:1930} INFO - Created Permission View: can delete on DAG Run:example_branch_datetime_operator_3
[2025-03-21T19:27:27.804+0500] {logging_mixin.py:190} INFO - [2025-03-21T19:27:27.804+0500] {override.py:1930} INFO - Created Permission View: menu access on DAG Run:example_branch_datetime_operator_3
[2025-03-21T19:27:27.819+0500] {logging_mixin.py:190} INFO - [2025-03-21T19:27:27.819+0500] {override.py:1930} INFO - Created Permission View: can edit on DAG:example_branch_datetime_operator
[2025-03-21T19:27:27.826+0500] {logging_mixin.py:190} INFO - [2025-03-21T19:27:27.826+0500] {override.py:1930} INFO - Created Permission View: can read on DAG:example_branch_datetime_operator
[2025-03-21T19:27:27.833+0500] {logging_mixin.py:190} INFO - [2025-03-21T19:27:27.832+0500] {override.py:1930} INFO - Created Permission View: can delete on DAG:example_branch_datetime_operator
[2025-03-21T19:27:27.844+0500] {logging_mixin.py:190} INFO - [2025-03-21T19:27:27.843+0500] {override.py:1930} INFO - Created Permission View: can create on DAG Run:example_branch_datetime_operator
[2025-03-21T19:27:27.850+0500] {logging_mixin.py:190} INFO - [2025-03-21T19:27:27.850+0500] {override.py:1930} INFO - Created Permission View: can read on DAG Run:example_branch_datetime_operator
[2025-03-21T19:27:27.857+0500] {logging_mixin.py:190} INFO - [2025-03-21T19:27:27.857+0500] {override.py:1930} INFO - Created Permission View: can delete on DAG Run:example_branch_datetime_operator
[2025-03-21T19:27:27.864+0500] {logging_mixin.py:190} INFO - [2025-03-21T19:27:27.864+0500] {override.py:1930} INFO - Created Permission View: menu access on DAG Run:example_branch_datetime_operator
[2025-03-21T19:27:27.878+0500] {logging_mixin.py:190} INFO - [2025-03-21T19:27:27.878+0500] {override.py:1930} INFO - Created Permission View: can edit on DAG:example_branch_datetime_operator_2
[2025-03-21T19:27:27.885+0500] {logging_mixin.py:190} INFO - [2025-03-21T19:27:27.885+0500] {override.py:1930} INFO - Created Permission View: can read on DAG:example_branch_datetime_operator_2
[2025-03-21T19:27:27.892+0500] {logging_mixin.py:190} INFO - [2025-03-21T19:27:27.892+0500] {override.py:1930} INFO - Created Permission View: can delete on DAG:example_branch_datetime_operator_2
[2025-03-21T19:27:27.903+0500] {logging_mixin.py:190} INFO - [2025-03-21T19:27:27.903+0500] {override.py:1930} INFO - Created Permission View: can create on DAG Run:example_branch_datetime_operator_2
[2025-03-21T19:27:27.910+0500] {logging_mixin.py:190} INFO - [2025-03-21T19:27:27.909+0500] {override.py:1930} INFO - Created Permission View: can read on DAG Run:example_branch_datetime_operator_2
[2025-03-21T19:27:27.916+0500] {logging_mixin.py:190} INFO - [2025-03-21T19:27:27.916+0500] {override.py:1930} INFO - Created Permission View: can delete on DAG Run:example_branch_datetime_operator_2
[2025-03-21T19:27:27.923+0500] {logging_mixin.py:190} INFO - [2025-03-21T19:27:27.923+0500] {override.py:1930} INFO - Created Permission View: menu access on DAG Run:example_branch_datetime_operator_2
[2025-03-21T19:27:27.923+0500] {logging_mixin.py:190} INFO - [2025-03-21T19:27:27.923+0500] {dag.py:3239} INFO - Sync 3 DAGs
[2025-03-21T19:27:27.929+0500] {logging_mixin.py:190} INFO - [2025-03-21T19:27:27.929+0500] {dag.py:3262} INFO - Creating ORM DAG for example_branch_datetime_operator_2
[2025-03-21T19:27:27.930+0500] {logging_mixin.py:190} INFO - [2025-03-21T19:27:27.930+0500] {dag.py:3262} INFO - Creating ORM DAG for example_branch_datetime_operator_3
[2025-03-21T19:27:27.930+0500] {logging_mixin.py:190} INFO - [2025-03-21T19:27:27.930+0500] {dag.py:3262} INFO - Creating ORM DAG for example_branch_datetime_operator
[2025-03-21T19:27:27.935+0500] {logging_mixin.py:190} INFO - [2025-03-21T19:27:27.935+0500] {dag.py:4180} INFO - Setting next_dagrun for example_branch_datetime_operator to 2025-03-20 00:00:00+00:00, run_after=2025-03-21 00:00:00+00:00
[2025-03-21T19:27:27.936+0500] {logging_mixin.py:190} INFO - [2025-03-21T19:27:27.936+0500] {dag.py:4180} INFO - Setting next_dagrun for example_branch_datetime_operator_2 to 2025-03-20 00:00:00+00:00, run_after=2025-03-21 00:00:00+00:00
[2025-03-21T19:27:27.937+0500] {logging_mixin.py:190} INFO - [2025-03-21T19:27:27.937+0500] {dag.py:4180} INFO - Setting next_dagrun for example_branch_datetime_operator_3 to 2025-03-20 00:00:00+00:00, run_after=2025-03-21 00:00:00+00:00
[2025-03-21T19:27:27.952+0500] {processor.py:208} INFO - Processing /home/ruslan/.local/lib/python3.10/site-packages/airflow/example_dags/example_branch_datetime_operator.py took 0.268 seconds
[2025-03-21T19:28:24.284+0500] {processor.py:186} INFO - Started process (PID=141288) to work on /home/ruslan/.local/lib/python3.10/site-packages/airflow/example_dags/example_branch_datetime_operator.py
[2025-03-21T19:28:24.285+0500] {processor.py:914} INFO - Processing file /home/ruslan/.local/lib/python3.10/site-packages/airflow/example_dags/example_branch_datetime_operator.py for tasks to queue
[2025-03-21T19:28:24.287+0500] {logging_mixin.py:190} INFO - [2025-03-21T19:28:24.286+0500] {dagbag.py:588} INFO - Filling up the DagBag from /home/ruslan/.local/lib/python3.10/site-packages/airflow/example_dags/example_branch_datetime_operator.py
[2025-03-21T19:28:24.294+0500] {processor.py:925} INFO - DAG(s) 'example_branch_datetime_operator_2', 'example_branch_datetime_operator', 'example_branch_datetime_operator_3' retrieved from /home/ruslan/.local/lib/python3.10/site-packages/airflow/example_dags/example_branch_datetime_operator.py
[2025-03-21T19:28:24.306+0500] {logging_mixin.py:190} INFO - [2025-03-21T19:28:24.305+0500] {dag.py:3239} INFO - Sync 3 DAGs
[2025-03-21T19:28:24.317+0500] {logging_mixin.py:190} INFO - [2025-03-21T19:28:24.317+0500] {dag.py:4180} INFO - Setting next_dagrun for example_branch_datetime_operator to 2025-03-20 00:00:00+00:00, run_after=2025-03-21 00:00:00+00:00
[2025-03-21T19:28:24.320+0500] {logging_mixin.py:190} INFO - [2025-03-21T19:28:24.319+0500] {dag.py:4180} INFO - Setting next_dagrun for example_branch_datetime_operator_2 to 2025-03-20 00:00:00+00:00, run_after=2025-03-21 00:00:00+00:00
[2025-03-21T19:28:24.321+0500] {logging_mixin.py:190} INFO - [2025-03-21T19:28:24.321+0500] {dag.py:4180} INFO - Setting next_dagrun for example_branch_datetime_operator_3 to 2025-03-20 00:00:00+00:00, run_after=2025-03-21 00:00:00+00:00
[2025-03-21T19:28:24.334+0500] {processor.py:208} INFO - Processing /home/ruslan/.local/lib/python3.10/site-packages/airflow/example_dags/example_branch_datetime_operator.py took 0.053 seconds
[2025-03-21T19:29:17.789+0500] {processor.py:186} INFO - Started process (PID=141571) to work on /home/ruslan/.local/lib/python3.10/site-packages/airflow/example_dags/example_branch_datetime_operator.py
[2025-03-21T19:29:17.791+0500] {processor.py:914} INFO - Processing file /home/ruslan/.local/lib/python3.10/site-packages/airflow/example_dags/example_branch_datetime_operator.py for tasks to queue
[2025-03-21T19:29:17.792+0500] {logging_mixin.py:190} INFO - [2025-03-21T19:29:17.792+0500] {dagbag.py:588} INFO - Filling up the DagBag from /home/ruslan/.local/lib/python3.10/site-packages/airflow/example_dags/example_branch_datetime_operator.py
[2025-03-21T19:29:17.799+0500] {processor.py:925} INFO - DAG(s) 'example_branch_datetime_operator_2', 'example_branch_datetime_operator_3', 'example_branch_datetime_operator' retrieved from /home/ruslan/.local/lib/python3.10/site-packages/airflow/example_dags/example_branch_datetime_operator.py
[2025-03-21T19:29:17.810+0500] {logging_mixin.py:190} INFO - [2025-03-21T19:29:17.809+0500] {dag.py:3239} INFO - Sync 3 DAGs
[2025-03-21T19:29:17.821+0500] {logging_mixin.py:190} INFO - [2025-03-21T19:29:17.821+0500] {dag.py:4180} INFO - Setting next_dagrun for example_branch_datetime_operator to 2025-03-20 00:00:00+00:00, run_after=2025-03-21 00:00:00+00:00
[2025-03-21T19:29:17.823+0500] {logging_mixin.py:190} INFO - [2025-03-21T19:29:17.823+0500] {dag.py:4180} INFO - Setting next_dagrun for example_branch_datetime_operator_2 to 2025-03-20 00:00:00+00:00, run_after=2025-03-21 00:00:00+00:00
[2025-03-21T19:29:17.825+0500] {logging_mixin.py:190} INFO - [2025-03-21T19:29:17.825+0500] {dag.py:4180} INFO - Setting next_dagrun for example_branch_datetime_operator_3 to 2025-03-20 00:00:00+00:00, run_after=2025-03-21 00:00:00+00:00
[2025-03-21T19:29:17.838+0500] {processor.py:208} INFO - Processing /home/ruslan/.local/lib/python3.10/site-packages/airflow/example_dags/example_branch_datetime_operator.py took 0.052 seconds
[2025-03-21T19:30:09.142+0500] {processor.py:186} INFO - Started process (PID=141827) to work on /home/ruslan/.local/lib/python3.10/site-packages/airflow/example_dags/example_branch_datetime_operator.py
[2025-03-21T19:30:09.143+0500] {processor.py:914} INFO - Processing file /home/ruslan/.local/lib/python3.10/site-packages/airflow/example_dags/example_branch_datetime_operator.py for tasks to queue
[2025-03-21T19:30:09.144+0500] {logging_mixin.py:190} INFO - [2025-03-21T19:30:09.144+0500] {dagbag.py:588} INFO - Filling up the DagBag from /home/ruslan/.local/lib/python3.10/site-packages/airflow/example_dags/example_branch_datetime_operator.py
[2025-03-21T19:30:09.152+0500] {processor.py:925} INFO - DAG(s) 'example_branch_datetime_operator', 'example_branch_datetime_operator_3', 'example_branch_datetime_operator_2' retrieved from /home/ruslan/.local/lib/python3.10/site-packages/airflow/example_dags/example_branch_datetime_operator.py
[2025-03-21T19:30:09.164+0500] {logging_mixin.py:190} INFO - [2025-03-21T19:30:09.163+0500] {dag.py:3239} INFO - Sync 3 DAGs
[2025-03-21T19:30:09.176+0500] {logging_mixin.py:190} INFO - [2025-03-21T19:30:09.176+0500] {dag.py:4180} INFO - Setting next_dagrun for example_branch_datetime_operator to 2025-03-20 00:00:00+00:00, run_after=2025-03-21 00:00:00+00:00
[2025-03-21T19:30:09.178+0500] {logging_mixin.py:190} INFO - [2025-03-21T19:30:09.178+0500] {dag.py:4180} INFO - Setting next_dagrun for example_branch_datetime_operator_2 to 2025-03-20 00:00:00+00:00, run_after=2025-03-21 00:00:00+00:00
[2025-03-21T19:30:09.180+0500] {logging_mixin.py:190} INFO - [2025-03-21T19:30:09.179+0500] {dag.py:4180} INFO - Setting next_dagrun for example_branch_datetime_operator_3 to 2025-03-20 00:00:00+00:00, run_after=2025-03-21 00:00:00+00:00
[2025-03-21T19:30:09.194+0500] {processor.py:208} INFO - Processing /home/ruslan/.local/lib/python3.10/site-packages/airflow/example_dags/example_branch_datetime_operator.py took 0.055 seconds
[2025-03-21T19:31:03.831+0500] {processor.py:186} INFO - Started process (PID=142098) to work on /home/ruslan/.local/lib/python3.10/site-packages/airflow/example_dags/example_branch_datetime_operator.py
[2025-03-21T19:31:03.832+0500] {processor.py:914} INFO - Processing file /home/ruslan/.local/lib/python3.10/site-packages/airflow/example_dags/example_branch_datetime_operator.py for tasks to queue
[2025-03-21T19:31:03.833+0500] {logging_mixin.py:190} INFO - [2025-03-21T19:31:03.833+0500] {dagbag.py:588} INFO - Filling up the DagBag from /home/ruslan/.local/lib/python3.10/site-packages/airflow/example_dags/example_branch_datetime_operator.py
[2025-03-21T19:31:03.840+0500] {processor.py:925} INFO - DAG(s) 'example_branch_datetime_operator_3', 'example_branch_datetime_operator', 'example_branch_datetime_operator_2' retrieved from /home/ruslan/.local/lib/python3.10/site-packages/airflow/example_dags/example_branch_datetime_operator.py
[2025-03-21T19:31:03.852+0500] {logging_mixin.py:190} INFO - [2025-03-21T19:31:03.852+0500] {dag.py:3239} INFO - Sync 3 DAGs
[2025-03-21T19:31:03.865+0500] {logging_mixin.py:190} INFO - [2025-03-21T19:31:03.864+0500] {dag.py:4180} INFO - Setting next_dagrun for example_branch_datetime_operator to 2025-03-20 00:00:00+00:00, run_after=2025-03-21 00:00:00+00:00
[2025-03-21T19:31:03.867+0500] {logging_mixin.py:190} INFO - [2025-03-21T19:31:03.867+0500] {dag.py:4180} INFO - Setting next_dagrun for example_branch_datetime_operator_2 to 2025-03-20 00:00:00+00:00, run_after=2025-03-21 00:00:00+00:00
[2025-03-21T19:31:03.869+0500] {logging_mixin.py:190} INFO - [2025-03-21T19:31:03.868+0500] {dag.py:4180} INFO - Setting next_dagrun for example_branch_datetime_operator_3 to 2025-03-20 00:00:00+00:00, run_after=2025-03-21 00:00:00+00:00
[2025-03-21T19:31:03.882+0500] {processor.py:208} INFO - Processing /home/ruslan/.local/lib/python3.10/site-packages/airflow/example_dags/example_branch_datetime_operator.py took 0.055 seconds
[2025-03-21T19:31:53.456+0500] {processor.py:186} INFO - Started process (PID=142347) to work on /home/ruslan/.local/lib/python3.10/site-packages/airflow/example_dags/example_branch_datetime_operator.py
[2025-03-21T19:31:53.457+0500] {processor.py:914} INFO - Processing file /home/ruslan/.local/lib/python3.10/site-packages/airflow/example_dags/example_branch_datetime_operator.py for tasks to queue
[2025-03-21T19:31:53.458+0500] {logging_mixin.py:190} INFO - [2025-03-21T19:31:53.458+0500] {dagbag.py:588} INFO - Filling up the DagBag from /home/ruslan/.local/lib/python3.10/site-packages/airflow/example_dags/example_branch_datetime_operator.py
[2025-03-21T19:31:53.466+0500] {processor.py:925} INFO - DAG(s) 'example_branch_datetime_operator_2', 'example_branch_datetime_operator_3', 'example_branch_datetime_operator' retrieved from /home/ruslan/.local/lib/python3.10/site-packages/airflow/example_dags/example_branch_datetime_operator.py
[2025-03-21T19:31:53.478+0500] {logging_mixin.py:190} INFO - [2025-03-21T19:31:53.478+0500] {dag.py:3239} INFO - Sync 3 DAGs
[2025-03-21T19:31:53.491+0500] {logging_mixin.py:190} INFO - [2025-03-21T19:31:53.491+0500] {dag.py:4180} INFO - Setting next_dagrun for example_branch_datetime_operator to 2025-03-20 00:00:00+00:00, run_after=2025-03-21 00:00:00+00:00
[2025-03-21T19:31:53.493+0500] {logging_mixin.py:190} INFO - [2025-03-21T19:31:53.493+0500] {dag.py:4180} INFO - Setting next_dagrun for example_branch_datetime_operator_2 to 2025-03-20 00:00:00+00:00, run_after=2025-03-21 00:00:00+00:00
[2025-03-21T19:31:53.495+0500] {logging_mixin.py:190} INFO - [2025-03-21T19:31:53.495+0500] {dag.py:4180} INFO - Setting next_dagrun for example_branch_datetime_operator_3 to 2025-03-20 00:00:00+00:00, run_after=2025-03-21 00:00:00+00:00
[2025-03-21T19:31:53.508+0500] {processor.py:208} INFO - Processing /home/ruslan/.local/lib/python3.10/site-packages/airflow/example_dags/example_branch_datetime_operator.py took 0.057 seconds
[2025-03-21T19:32:42.966+0500] {processor.py:186} INFO - Started process (PID=149848) to work on /home/ruslan/.local/lib/python3.10/site-packages/airflow/example_dags/example_branch_datetime_operator.py
[2025-03-21T19:32:42.967+0500] {processor.py:914} INFO - Processing file /home/ruslan/.local/lib/python3.10/site-packages/airflow/example_dags/example_branch_datetime_operator.py for tasks to queue
[2025-03-21T19:32:42.969+0500] {logging_mixin.py:190} INFO - [2025-03-21T19:32:42.968+0500] {dagbag.py:588} INFO - Filling up the DagBag from /home/ruslan/.local/lib/python3.10/site-packages/airflow/example_dags/example_branch_datetime_operator.py
[2025-03-21T19:32:42.980+0500] {processor.py:925} INFO - DAG(s) 'example_branch_datetime_operator', 'example_branch_datetime_operator_2', 'example_branch_datetime_operator_3' retrieved from /home/ruslan/.local/lib/python3.10/site-packages/airflow/example_dags/example_branch_datetime_operator.py
[2025-03-21T19:32:42.998+0500] {logging_mixin.py:190} INFO - [2025-03-21T19:32:42.998+0500] {dag.py:3239} INFO - Sync 3 DAGs
[2025-03-21T19:32:43.018+0500] {logging_mixin.py:190} INFO - [2025-03-21T19:32:43.017+0500] {dag.py:4180} INFO - Setting next_dagrun for example_branch_datetime_operator to 2025-03-20 00:00:00+00:00, run_after=2025-03-21 00:00:00+00:00
[2025-03-21T19:32:43.022+0500] {logging_mixin.py:190} INFO - [2025-03-21T19:32:43.022+0500] {dag.py:4180} INFO - Setting next_dagrun for example_branch_datetime_operator_2 to 2025-03-20 00:00:00+00:00, run_after=2025-03-21 00:00:00+00:00
[2025-03-21T19:32:43.023+0500] {logging_mixin.py:190} INFO - [2025-03-21T19:32:43.023+0500] {dag.py:4180} INFO - Setting next_dagrun for example_branch_datetime_operator_3 to 2025-03-20 00:00:00+00:00, run_after=2025-03-21 00:00:00+00:00
[2025-03-21T19:32:43.044+0500] {processor.py:208} INFO - Processing /home/ruslan/.local/lib/python3.10/site-packages/airflow/example_dags/example_branch_datetime_operator.py took 0.082 seconds
[2025-03-21T19:33:34.402+0500] {processor.py:186} INFO - Started process (PID=153924) to work on /home/ruslan/.local/lib/python3.10/site-packages/airflow/example_dags/example_branch_datetime_operator.py
[2025-03-21T19:33:34.404+0500] {processor.py:914} INFO - Processing file /home/ruslan/.local/lib/python3.10/site-packages/airflow/example_dags/example_branch_datetime_operator.py for tasks to queue
[2025-03-21T19:33:34.405+0500] {logging_mixin.py:190} INFO - [2025-03-21T19:33:34.405+0500] {dagbag.py:588} INFO - Filling up the DagBag from /home/ruslan/.local/lib/python3.10/site-packages/airflow/example_dags/example_branch_datetime_operator.py
[2025-03-21T19:33:34.412+0500] {processor.py:925} INFO - DAG(s) 'example_branch_datetime_operator_3', 'example_branch_datetime_operator_2', 'example_branch_datetime_operator' retrieved from /home/ruslan/.local/lib/python3.10/site-packages/airflow/example_dags/example_branch_datetime_operator.py
[2025-03-21T19:33:34.423+0500] {logging_mixin.py:190} INFO - [2025-03-21T19:33:34.423+0500] {dag.py:3239} INFO - Sync 3 DAGs
[2025-03-21T19:33:34.435+0500] {logging_mixin.py:190} INFO - [2025-03-21T19:33:34.435+0500] {dag.py:4180} INFO - Setting next_dagrun for example_branch_datetime_operator to 2025-03-20 00:00:00+00:00, run_after=2025-03-21 00:00:00+00:00
[2025-03-21T19:33:34.437+0500] {logging_mixin.py:190} INFO - [2025-03-21T19:33:34.437+0500] {dag.py:4180} INFO - Setting next_dagrun for example_branch_datetime_operator_2 to 2025-03-20 00:00:00+00:00, run_after=2025-03-21 00:00:00+00:00
[2025-03-21T19:33:34.438+0500] {logging_mixin.py:190} INFO - [2025-03-21T19:33:34.438+0500] {dag.py:4180} INFO - Setting next_dagrun for example_branch_datetime_operator_3 to 2025-03-20 00:00:00+00:00, run_after=2025-03-21 00:00:00+00:00
[2025-03-21T19:33:34.452+0500] {processor.py:208} INFO - Processing /home/ruslan/.local/lib/python3.10/site-packages/airflow/example_dags/example_branch_datetime_operator.py took 0.053 seconds
[2025-03-21T19:34:27.977+0500] {processor.py:186} INFO - Started process (PID=154288) to work on /home/ruslan/.local/lib/python3.10/site-packages/airflow/example_dags/example_branch_datetime_operator.py
[2025-03-21T19:34:27.978+0500] {processor.py:914} INFO - Processing file /home/ruslan/.local/lib/python3.10/site-packages/airflow/example_dags/example_branch_datetime_operator.py for tasks to queue
[2025-03-21T19:34:27.979+0500] {logging_mixin.py:190} INFO - [2025-03-21T19:34:27.979+0500] {dagbag.py:588} INFO - Filling up the DagBag from /home/ruslan/.local/lib/python3.10/site-packages/airflow/example_dags/example_branch_datetime_operator.py
[2025-03-21T19:34:27.987+0500] {processor.py:925} INFO - DAG(s) 'example_branch_datetime_operator_2', 'example_branch_datetime_operator', 'example_branch_datetime_operator_3' retrieved from /home/ruslan/.local/lib/python3.10/site-packages/airflow/example_dags/example_branch_datetime_operator.py
[2025-03-21T19:34:28.000+0500] {logging_mixin.py:190} INFO - [2025-03-21T19:34:27.999+0500] {dag.py:3239} INFO - Sync 3 DAGs
[2025-03-21T19:34:28.012+0500] {logging_mixin.py:190} INFO - [2025-03-21T19:34:28.012+0500] {dag.py:4180} INFO - Setting next_dagrun for example_branch_datetime_operator to 2025-03-20 00:00:00+00:00, run_after=2025-03-21 00:00:00+00:00
[2025-03-21T19:34:28.015+0500] {logging_mixin.py:190} INFO - [2025-03-21T19:34:28.015+0500] {dag.py:4180} INFO - Setting next_dagrun for example_branch_datetime_operator_2 to 2025-03-20 00:00:00+00:00, run_after=2025-03-21 00:00:00+00:00
[2025-03-21T19:34:28.016+0500] {logging_mixin.py:190} INFO - [2025-03-21T19:34:28.016+0500] {dag.py:4180} INFO - Setting next_dagrun for example_branch_datetime_operator_3 to 2025-03-20 00:00:00+00:00, run_after=2025-03-21 00:00:00+00:00
[2025-03-21T19:34:28.030+0500] {processor.py:208} INFO - Processing /home/ruslan/.local/lib/python3.10/site-packages/airflow/example_dags/example_branch_datetime_operator.py took 0.057 seconds
[2025-03-21T19:35:19.297+0500] {processor.py:186} INFO - Started process (PID=154585) to work on /home/ruslan/.local/lib/python3.10/site-packages/airflow/example_dags/example_branch_datetime_operator.py
[2025-03-21T19:35:19.298+0500] {processor.py:914} INFO - Processing file /home/ruslan/.local/lib/python3.10/site-packages/airflow/example_dags/example_branch_datetime_operator.py for tasks to queue
[2025-03-21T19:35:19.300+0500] {logging_mixin.py:190} INFO - [2025-03-21T19:35:19.299+0500] {dagbag.py:588} INFO - Filling up the DagBag from /home/ruslan/.local/lib/python3.10/site-packages/airflow/example_dags/example_branch_datetime_operator.py
[2025-03-21T19:35:19.307+0500] {processor.py:925} INFO - DAG(s) 'example_branch_datetime_operator', 'example_branch_datetime_operator_2', 'example_branch_datetime_operator_3' retrieved from /home/ruslan/.local/lib/python3.10/site-packages/airflow/example_dags/example_branch_datetime_operator.py
[2025-03-21T19:35:19.320+0500] {logging_mixin.py:190} INFO - [2025-03-21T19:35:19.320+0500] {dag.py:3239} INFO - Sync 3 DAGs
[2025-03-21T19:35:19.333+0500] {logging_mixin.py:190} INFO - [2025-03-21T19:35:19.332+0500] {dag.py:4180} INFO - Setting next_dagrun for example_branch_datetime_operator to 2025-03-20 00:00:00+00:00, run_after=2025-03-21 00:00:00+00:00
[2025-03-21T19:35:19.335+0500] {logging_mixin.py:190} INFO - [2025-03-21T19:35:19.335+0500] {dag.py:4180} INFO - Setting next_dagrun for example_branch_datetime_operator_2 to 2025-03-20 00:00:00+00:00, run_after=2025-03-21 00:00:00+00:00
[2025-03-21T19:35:19.336+0500] {logging_mixin.py:190} INFO - [2025-03-21T19:35:19.336+0500] {dag.py:4180} INFO - Setting next_dagrun for example_branch_datetime_operator_3 to 2025-03-20 00:00:00+00:00, run_after=2025-03-21 00:00:00+00:00
[2025-03-21T19:35:19.350+0500] {processor.py:208} INFO - Processing /home/ruslan/.local/lib/python3.10/site-packages/airflow/example_dags/example_branch_datetime_operator.py took 0.056 seconds
[2025-03-21T19:36:10.625+0500] {processor.py:186} INFO - Started process (PID=154842) to work on /home/ruslan/.local/lib/python3.10/site-packages/airflow/example_dags/example_branch_datetime_operator.py
[2025-03-21T19:36:10.626+0500] {processor.py:914} INFO - Processing file /home/ruslan/.local/lib/python3.10/site-packages/airflow/example_dags/example_branch_datetime_operator.py for tasks to queue
[2025-03-21T19:36:10.628+0500] {logging_mixin.py:190} INFO - [2025-03-21T19:36:10.627+0500] {dagbag.py:588} INFO - Filling up the DagBag from /home/ruslan/.local/lib/python3.10/site-packages/airflow/example_dags/example_branch_datetime_operator.py
[2025-03-21T19:36:10.636+0500] {processor.py:925} INFO - DAG(s) 'example_branch_datetime_operator_2', 'example_branch_datetime_operator', 'example_branch_datetime_operator_3' retrieved from /home/ruslan/.local/lib/python3.10/site-packages/airflow/example_dags/example_branch_datetime_operator.py
[2025-03-21T19:36:10.649+0500] {logging_mixin.py:190} INFO - [2025-03-21T19:36:10.649+0500] {dag.py:3239} INFO - Sync 3 DAGs
[2025-03-21T19:36:10.662+0500] {logging_mixin.py:190} INFO - [2025-03-21T19:36:10.662+0500] {dag.py:4180} INFO - Setting next_dagrun for example_branch_datetime_operator to 2025-03-20 00:00:00+00:00, run_after=2025-03-21 00:00:00+00:00
[2025-03-21T19:36:10.665+0500] {logging_mixin.py:190} INFO - [2025-03-21T19:36:10.665+0500] {dag.py:4180} INFO - Setting next_dagrun for example_branch_datetime_operator_2 to 2025-03-20 00:00:00+00:00, run_after=2025-03-21 00:00:00+00:00
[2025-03-21T19:36:10.666+0500] {logging_mixin.py:190} INFO - [2025-03-21T19:36:10.666+0500] {dag.py:4180} INFO - Setting next_dagrun for example_branch_datetime_operator_3 to 2025-03-20 00:00:00+00:00, run_after=2025-03-21 00:00:00+00:00
[2025-03-21T19:36:10.680+0500] {processor.py:208} INFO - Processing /home/ruslan/.local/lib/python3.10/site-packages/airflow/example_dags/example_branch_datetime_operator.py took 0.060 seconds
[2025-03-21T19:37:01.993+0500] {processor.py:186} INFO - Started process (PID=155326) to work on /home/ruslan/.local/lib/python3.10/site-packages/airflow/example_dags/example_branch_datetime_operator.py
[2025-03-21T19:37:01.994+0500] {processor.py:914} INFO - Processing file /home/ruslan/.local/lib/python3.10/site-packages/airflow/example_dags/example_branch_datetime_operator.py for tasks to queue
[2025-03-21T19:37:01.995+0500] {logging_mixin.py:190} INFO - [2025-03-21T19:37:01.995+0500] {dagbag.py:588} INFO - Filling up the DagBag from /home/ruslan/.local/lib/python3.10/site-packages/airflow/example_dags/example_branch_datetime_operator.py
[2025-03-21T19:37:02.003+0500] {processor.py:925} INFO - DAG(s) 'example_branch_datetime_operator_2', 'example_branch_datetime_operator_3', 'example_branch_datetime_operator' retrieved from /home/ruslan/.local/lib/python3.10/site-packages/airflow/example_dags/example_branch_datetime_operator.py
[2025-03-21T19:37:02.014+0500] {logging_mixin.py:190} INFO - [2025-03-21T19:37:02.014+0500] {dag.py:3239} INFO - Sync 3 DAGs
[2025-03-21T19:37:02.027+0500] {logging_mixin.py:190} INFO - [2025-03-21T19:37:02.026+0500] {dag.py:4180} INFO - Setting next_dagrun for example_branch_datetime_operator to 2025-03-20 00:00:00+00:00, run_after=2025-03-21 00:00:00+00:00
[2025-03-21T19:37:02.030+0500] {logging_mixin.py:190} INFO - [2025-03-21T19:37:02.030+0500] {dag.py:4180} INFO - Setting next_dagrun for example_branch_datetime_operator_2 to 2025-03-20 00:00:00+00:00, run_after=2025-03-21 00:00:00+00:00
[2025-03-21T19:37:02.031+0500] {logging_mixin.py:190} INFO - [2025-03-21T19:37:02.031+0500] {dag.py:4180} INFO - Setting next_dagrun for example_branch_datetime_operator_3 to 2025-03-20 00:00:00+00:00, run_after=2025-03-21 00:00:00+00:00
[2025-03-21T19:37:02.044+0500] {processor.py:208} INFO - Processing /home/ruslan/.local/lib/python3.10/site-packages/airflow/example_dags/example_branch_datetime_operator.py took 0.055 seconds
[2025-03-21T19:37:53.268+0500] {processor.py:186} INFO - Started process (PID=155833) to work on /home/ruslan/.local/lib/python3.10/site-packages/airflow/example_dags/example_branch_datetime_operator.py
[2025-03-21T19:37:53.269+0500] {processor.py:914} INFO - Processing file /home/ruslan/.local/lib/python3.10/site-packages/airflow/example_dags/example_branch_datetime_operator.py for tasks to queue
[2025-03-21T19:37:53.270+0500] {logging_mixin.py:190} INFO - [2025-03-21T19:37:53.270+0500] {dagbag.py:588} INFO - Filling up the DagBag from /home/ruslan/.local/lib/python3.10/site-packages/airflow/example_dags/example_branch_datetime_operator.py
[2025-03-21T19:37:53.278+0500] {processor.py:925} INFO - DAG(s) 'example_branch_datetime_operator', 'example_branch_datetime_operator_2', 'example_branch_datetime_operator_3' retrieved from /home/ruslan/.local/lib/python3.10/site-packages/airflow/example_dags/example_branch_datetime_operator.py
[2025-03-21T19:37:53.291+0500] {logging_mixin.py:190} INFO - [2025-03-21T19:37:53.291+0500] {dag.py:3239} INFO - Sync 3 DAGs
[2025-03-21T19:37:53.305+0500] {logging_mixin.py:190} INFO - [2025-03-21T19:37:53.305+0500] {dag.py:4180} INFO - Setting next_dagrun for example_branch_datetime_operator to 2025-03-20 00:00:00+00:00, run_after=2025-03-21 00:00:00+00:00
[2025-03-21T19:37:53.308+0500] {logging_mixin.py:190} INFO - [2025-03-21T19:37:53.308+0500] {dag.py:4180} INFO - Setting next_dagrun for example_branch_datetime_operator_2 to 2025-03-20 00:00:00+00:00, run_after=2025-03-21 00:00:00+00:00
[2025-03-21T19:37:53.309+0500] {logging_mixin.py:190} INFO - [2025-03-21T19:37:53.309+0500] {dag.py:4180} INFO - Setting next_dagrun for example_branch_datetime_operator_3 to 2025-03-20 00:00:00+00:00, run_after=2025-03-21 00:00:00+00:00
[2025-03-21T19:37:53.322+0500] {processor.py:208} INFO - Processing /home/ruslan/.local/lib/python3.10/site-packages/airflow/example_dags/example_branch_datetime_operator.py took 0.057 seconds
[2025-03-21T19:38:46.335+0500] {processor.py:186} INFO - Started process (PID=156274) to work on /home/ruslan/.local/lib/python3.10/site-packages/airflow/example_dags/example_branch_datetime_operator.py
[2025-03-21T19:38:46.336+0500] {processor.py:914} INFO - Processing file /home/ruslan/.local/lib/python3.10/site-packages/airflow/example_dags/example_branch_datetime_operator.py for tasks to queue
[2025-03-21T19:38:46.337+0500] {logging_mixin.py:190} INFO - [2025-03-21T19:38:46.337+0500] {dagbag.py:588} INFO - Filling up the DagBag from /home/ruslan/.local/lib/python3.10/site-packages/airflow/example_dags/example_branch_datetime_operator.py
[2025-03-21T19:38:46.345+0500] {processor.py:925} INFO - DAG(s) 'example_branch_datetime_operator_2', 'example_branch_datetime_operator', 'example_branch_datetime_operator_3' retrieved from /home/ruslan/.local/lib/python3.10/site-packages/airflow/example_dags/example_branch_datetime_operator.py
[2025-03-21T19:38:46.358+0500] {logging_mixin.py:190} INFO - [2025-03-21T19:38:46.358+0500] {dag.py:3239} INFO - Sync 3 DAGs
[2025-03-21T19:38:46.371+0500] {logging_mixin.py:190} INFO - [2025-03-21T19:38:46.371+0500] {dag.py:4180} INFO - Setting next_dagrun for example_branch_datetime_operator to 2025-03-20 00:00:00+00:00, run_after=2025-03-21 00:00:00+00:00
[2025-03-21T19:38:46.374+0500] {logging_mixin.py:190} INFO - [2025-03-21T19:38:46.374+0500] {dag.py:4180} INFO - Setting next_dagrun for example_branch_datetime_operator_2 to 2025-03-20 00:00:00+00:00, run_after=2025-03-21 00:00:00+00:00
[2025-03-21T19:38:46.375+0500] {logging_mixin.py:190} INFO - [2025-03-21T19:38:46.375+0500] {dag.py:4180} INFO - Setting next_dagrun for example_branch_datetime_operator_3 to 2025-03-20 00:00:00+00:00, run_after=2025-03-21 00:00:00+00:00
[2025-03-21T19:38:46.389+0500] {processor.py:208} INFO - Processing /home/ruslan/.local/lib/python3.10/site-packages/airflow/example_dags/example_branch_datetime_operator.py took 0.057 seconds
[2025-03-21T19:39:39.964+0500] {processor.py:186} INFO - Started process (PID=156713) to work on /home/ruslan/.local/lib/python3.10/site-packages/airflow/example_dags/example_branch_datetime_operator.py
[2025-03-21T19:39:39.965+0500] {processor.py:914} INFO - Processing file /home/ruslan/.local/lib/python3.10/site-packages/airflow/example_dags/example_branch_datetime_operator.py for tasks to queue
[2025-03-21T19:39:39.966+0500] {logging_mixin.py:190} INFO - [2025-03-21T19:39:39.966+0500] {dagbag.py:588} INFO - Filling up the DagBag from /home/ruslan/.local/lib/python3.10/site-packages/airflow/example_dags/example_branch_datetime_operator.py
[2025-03-21T19:39:39.977+0500] {processor.py:925} INFO - DAG(s) 'example_branch_datetime_operator_2', 'example_branch_datetime_operator_3', 'example_branch_datetime_operator' retrieved from /home/ruslan/.local/lib/python3.10/site-packages/airflow/example_dags/example_branch_datetime_operator.py
[2025-03-21T19:39:39.992+0500] {logging_mixin.py:190} INFO - [2025-03-21T19:39:39.992+0500] {dag.py:3239} INFO - Sync 3 DAGs
[2025-03-21T19:39:40.007+0500] {logging_mixin.py:190} INFO - [2025-03-21T19:39:40.007+0500] {dag.py:4180} INFO - Setting next_dagrun for example_branch_datetime_operator to 2025-03-20 00:00:00+00:00, run_after=2025-03-21 00:00:00+00:00
[2025-03-21T19:39:40.010+0500] {logging_mixin.py:190} INFO - [2025-03-21T19:39:40.010+0500] {dag.py:4180} INFO - Setting next_dagrun for example_branch_datetime_operator_2 to 2025-03-20 00:00:00+00:00, run_after=2025-03-21 00:00:00+00:00
[2025-03-21T19:39:40.011+0500] {logging_mixin.py:190} INFO - [2025-03-21T19:39:40.011+0500] {dag.py:4180} INFO - Setting next_dagrun for example_branch_datetime_operator_3 to 2025-03-20 00:00:00+00:00, run_after=2025-03-21 00:00:00+00:00
[2025-03-21T19:39:40.025+0500] {processor.py:208} INFO - Processing /home/ruslan/.local/lib/python3.10/site-packages/airflow/example_dags/example_branch_datetime_operator.py took 0.065 seconds
[2025-03-21T19:40:30.133+0500] {processor.py:186} INFO - Started process (PID=157193) to work on /home/ruslan/.local/lib/python3.10/site-packages/airflow/example_dags/example_branch_datetime_operator.py
[2025-03-21T19:40:30.134+0500] {processor.py:914} INFO - Processing file /home/ruslan/.local/lib/python3.10/site-packages/airflow/example_dags/example_branch_datetime_operator.py for tasks to queue
[2025-03-21T19:40:30.135+0500] {logging_mixin.py:190} INFO - [2025-03-21T19:40:30.134+0500] {dagbag.py:588} INFO - Filling up the DagBag from /home/ruslan/.local/lib/python3.10/site-packages/airflow/example_dags/example_branch_datetime_operator.py
[2025-03-21T19:40:30.144+0500] {processor.py:925} INFO - DAG(s) 'example_branch_datetime_operator_2', 'example_branch_datetime_operator_3', 'example_branch_datetime_operator' retrieved from /home/ruslan/.local/lib/python3.10/site-packages/airflow/example_dags/example_branch_datetime_operator.py
[2025-03-21T19:40:30.156+0500] {logging_mixin.py:190} INFO - [2025-03-21T19:40:30.156+0500] {dag.py:3239} INFO - Sync 3 DAGs
[2025-03-21T19:40:30.171+0500] {logging_mixin.py:190} INFO - [2025-03-21T19:40:30.171+0500] {dag.py:4180} INFO - Setting next_dagrun for example_branch_datetime_operator to 2025-03-20 00:00:00+00:00, run_after=2025-03-21 00:00:00+00:00
[2025-03-21T19:40:30.173+0500] {logging_mixin.py:190} INFO - [2025-03-21T19:40:30.173+0500] {dag.py:4180} INFO - Setting next_dagrun for example_branch_datetime_operator_2 to 2025-03-20 00:00:00+00:00, run_after=2025-03-21 00:00:00+00:00
[2025-03-21T19:40:30.175+0500] {logging_mixin.py:190} INFO - [2025-03-21T19:40:30.174+0500] {dag.py:4180} INFO - Setting next_dagrun for example_branch_datetime_operator_3 to 2025-03-20 00:00:00+00:00, run_after=2025-03-21 00:00:00+00:00
[2025-03-21T19:40:30.189+0500] {processor.py:208} INFO - Processing /home/ruslan/.local/lib/python3.10/site-packages/airflow/example_dags/example_branch_datetime_operator.py took 0.059 seconds
[2025-03-21T19:41:23.732+0500] {processor.py:186} INFO - Started process (PID=157682) to work on /home/ruslan/.local/lib/python3.10/site-packages/airflow/example_dags/example_branch_datetime_operator.py
[2025-03-21T19:41:23.734+0500] {processor.py:914} INFO - Processing file /home/ruslan/.local/lib/python3.10/site-packages/airflow/example_dags/example_branch_datetime_operator.py for tasks to queue
[2025-03-21T19:41:23.734+0500] {logging_mixin.py:190} INFO - [2025-03-21T19:41:23.734+0500] {dagbag.py:588} INFO - Filling up the DagBag from /home/ruslan/.local/lib/python3.10/site-packages/airflow/example_dags/example_branch_datetime_operator.py
[2025-03-21T19:41:23.742+0500] {processor.py:925} INFO - DAG(s) 'example_branch_datetime_operator_2', 'example_branch_datetime_operator_3', 'example_branch_datetime_operator' retrieved from /home/ruslan/.local/lib/python3.10/site-packages/airflow/example_dags/example_branch_datetime_operator.py
[2025-03-21T19:41:23.754+0500] {logging_mixin.py:190} INFO - [2025-03-21T19:41:23.754+0500] {dag.py:3239} INFO - Sync 3 DAGs
[2025-03-21T19:41:23.768+0500] {logging_mixin.py:190} INFO - [2025-03-21T19:41:23.767+0500] {dag.py:4180} INFO - Setting next_dagrun for example_branch_datetime_operator to 2025-03-20 00:00:00+00:00, run_after=2025-03-21 00:00:00+00:00
[2025-03-21T19:41:23.770+0500] {logging_mixin.py:190} INFO - [2025-03-21T19:41:23.770+0500] {dag.py:4180} INFO - Setting next_dagrun for example_branch_datetime_operator_2 to 2025-03-20 00:00:00+00:00, run_after=2025-03-21 00:00:00+00:00
[2025-03-21T19:41:23.771+0500] {logging_mixin.py:190} INFO - [2025-03-21T19:41:23.771+0500] {dag.py:4180} INFO - Setting next_dagrun for example_branch_datetime_operator_3 to 2025-03-20 00:00:00+00:00, run_after=2025-03-21 00:00:00+00:00
[2025-03-21T19:41:23.785+0500] {processor.py:208} INFO - Processing /home/ruslan/.local/lib/python3.10/site-packages/airflow/example_dags/example_branch_datetime_operator.py took 0.056 seconds
[2025-03-21T19:42:15.598+0500] {processor.py:186} INFO - Started process (PID=158185) to work on /home/ruslan/.local/lib/python3.10/site-packages/airflow/example_dags/example_branch_datetime_operator.py
[2025-03-21T19:42:15.599+0500] {processor.py:914} INFO - Processing file /home/ruslan/.local/lib/python3.10/site-packages/airflow/example_dags/example_branch_datetime_operator.py for tasks to queue
[2025-03-21T19:42:15.599+0500] {logging_mixin.py:190} INFO - [2025-03-21T19:42:15.599+0500] {dagbag.py:588} INFO - Filling up the DagBag from /home/ruslan/.local/lib/python3.10/site-packages/airflow/example_dags/example_branch_datetime_operator.py
[2025-03-21T19:42:15.607+0500] {processor.py:925} INFO - DAG(s) 'example_branch_datetime_operator_2', 'example_branch_datetime_operator', 'example_branch_datetime_operator_3' retrieved from /home/ruslan/.local/lib/python3.10/site-packages/airflow/example_dags/example_branch_datetime_operator.py
[2025-03-21T19:42:15.619+0500] {logging_mixin.py:190} INFO - [2025-03-21T19:42:15.619+0500] {dag.py:3239} INFO - Sync 3 DAGs
[2025-03-21T19:42:15.632+0500] {logging_mixin.py:190} INFO - [2025-03-21T19:42:15.632+0500] {dag.py:4180} INFO - Setting next_dagrun for example_branch_datetime_operator to 2025-03-20 00:00:00+00:00, run_after=2025-03-21 00:00:00+00:00
[2025-03-21T19:42:15.635+0500] {logging_mixin.py:190} INFO - [2025-03-21T19:42:15.634+0500] {dag.py:4180} INFO - Setting next_dagrun for example_branch_datetime_operator_2 to 2025-03-20 00:00:00+00:00, run_after=2025-03-21 00:00:00+00:00
[2025-03-21T19:42:15.636+0500] {logging_mixin.py:190} INFO - [2025-03-21T19:42:15.636+0500] {dag.py:4180} INFO - Setting next_dagrun for example_branch_datetime_operator_3 to 2025-03-20 00:00:00+00:00, run_after=2025-03-21 00:00:00+00:00
[2025-03-21T19:42:15.651+0500] {processor.py:208} INFO - Processing /home/ruslan/.local/lib/python3.10/site-packages/airflow/example_dags/example_branch_datetime_operator.py took 0.057 seconds
[2025-03-21T19:43:10.392+0500] {processor.py:186} INFO - Started process (PID=158835) to work on /home/ruslan/.local/lib/python3.10/site-packages/airflow/example_dags/example_branch_datetime_operator.py
[2025-03-21T19:43:10.393+0500] {processor.py:914} INFO - Processing file /home/ruslan/.local/lib/python3.10/site-packages/airflow/example_dags/example_branch_datetime_operator.py for tasks to queue
[2025-03-21T19:43:10.394+0500] {logging_mixin.py:190} INFO - [2025-03-21T19:43:10.394+0500] {dagbag.py:588} INFO - Filling up the DagBag from /home/ruslan/.local/lib/python3.10/site-packages/airflow/example_dags/example_branch_datetime_operator.py
[2025-03-21T19:43:10.403+0500] {processor.py:925} INFO - DAG(s) 'example_branch_datetime_operator', 'example_branch_datetime_operator_2', 'example_branch_datetime_operator_3' retrieved from /home/ruslan/.local/lib/python3.10/site-packages/airflow/example_dags/example_branch_datetime_operator.py
[2025-03-21T19:43:10.416+0500] {logging_mixin.py:190} INFO - [2025-03-21T19:43:10.416+0500] {dag.py:3239} INFO - Sync 3 DAGs
[2025-03-21T19:43:10.431+0500] {logging_mixin.py:190} INFO - [2025-03-21T19:43:10.431+0500] {dag.py:4180} INFO - Setting next_dagrun for example_branch_datetime_operator to 2025-03-20 00:00:00+00:00, run_after=2025-03-21 00:00:00+00:00
[2025-03-21T19:43:10.435+0500] {logging_mixin.py:190} INFO - [2025-03-21T19:43:10.435+0500] {dag.py:4180} INFO - Setting next_dagrun for example_branch_datetime_operator_2 to 2025-03-20 00:00:00+00:00, run_after=2025-03-21 00:00:00+00:00
[2025-03-21T19:43:10.436+0500] {logging_mixin.py:190} INFO - [2025-03-21T19:43:10.436+0500] {dag.py:4180} INFO - Setting next_dagrun for example_branch_datetime_operator_3 to 2025-03-20 00:00:00+00:00, run_after=2025-03-21 00:00:00+00:00
[2025-03-21T19:43:10.451+0500] {processor.py:208} INFO - Processing /home/ruslan/.local/lib/python3.10/site-packages/airflow/example_dags/example_branch_datetime_operator.py took 0.063 seconds
[2025-03-21T19:44:06.714+0500] {processor.py:186} INFO - Started process (PID=159479) to work on /home/ruslan/.local/lib/python3.10/site-packages/airflow/example_dags/example_branch_datetime_operator.py
[2025-03-21T19:44:06.715+0500] {processor.py:914} INFO - Processing file /home/ruslan/.local/lib/python3.10/site-packages/airflow/example_dags/example_branch_datetime_operator.py for tasks to queue
[2025-03-21T19:44:06.716+0500] {logging_mixin.py:190} INFO - [2025-03-21T19:44:06.716+0500] {dagbag.py:588} INFO - Filling up the DagBag from /home/ruslan/.local/lib/python3.10/site-packages/airflow/example_dags/example_branch_datetime_operator.py
[2025-03-21T19:44:06.727+0500] {processor.py:925} INFO - DAG(s) 'example_branch_datetime_operator_2', 'example_branch_datetime_operator', 'example_branch_datetime_operator_3' retrieved from /home/ruslan/.local/lib/python3.10/site-packages/airflow/example_dags/example_branch_datetime_operator.py
[2025-03-21T19:44:06.752+0500] {logging_mixin.py:190} INFO - [2025-03-21T19:44:06.752+0500] {dag.py:3239} INFO - Sync 3 DAGs
[2025-03-21T19:44:06.769+0500] {logging_mixin.py:190} INFO - [2025-03-21T19:44:06.768+0500] {dag.py:4180} INFO - Setting next_dagrun for example_branch_datetime_operator to 2025-03-20 00:00:00+00:00, run_after=2025-03-21 00:00:00+00:00
[2025-03-21T19:44:06.771+0500] {logging_mixin.py:190} INFO - [2025-03-21T19:44:06.771+0500] {dag.py:4180} INFO - Setting next_dagrun for example_branch_datetime_operator_2 to 2025-03-20 00:00:00+00:00, run_after=2025-03-21 00:00:00+00:00
[2025-03-21T19:44:06.773+0500] {logging_mixin.py:190} INFO - [2025-03-21T19:44:06.773+0500] {dag.py:4180} INFO - Setting next_dagrun for example_branch_datetime_operator_3 to 2025-03-20 00:00:00+00:00, run_after=2025-03-21 00:00:00+00:00
[2025-03-21T19:44:06.787+0500] {processor.py:208} INFO - Processing /home/ruslan/.local/lib/python3.10/site-packages/airflow/example_dags/example_branch_datetime_operator.py took 0.079 seconds
[2025-03-21T19:44:56.935+0500] {processor.py:186} INFO - Started process (PID=159988) to work on /home/ruslan/.local/lib/python3.10/site-packages/airflow/example_dags/example_branch_datetime_operator.py
[2025-03-21T19:44:56.936+0500] {processor.py:914} INFO - Processing file /home/ruslan/.local/lib/python3.10/site-packages/airflow/example_dags/example_branch_datetime_operator.py for tasks to queue
[2025-03-21T19:44:56.937+0500] {logging_mixin.py:190} INFO - [2025-03-21T19:44:56.937+0500] {dagbag.py:588} INFO - Filling up the DagBag from /home/ruslan/.local/lib/python3.10/site-packages/airflow/example_dags/example_branch_datetime_operator.py
[2025-03-21T19:44:56.944+0500] {processor.py:925} INFO - DAG(s) 'example_branch_datetime_operator_3', 'example_branch_datetime_operator', 'example_branch_datetime_operator_2' retrieved from /home/ruslan/.local/lib/python3.10/site-packages/airflow/example_dags/example_branch_datetime_operator.py
[2025-03-21T19:44:56.956+0500] {logging_mixin.py:190} INFO - [2025-03-21T19:44:56.955+0500] {dag.py:3239} INFO - Sync 3 DAGs
[2025-03-21T19:44:56.968+0500] {logging_mixin.py:190} INFO - [2025-03-21T19:44:56.968+0500] {dag.py:4180} INFO - Setting next_dagrun for example_branch_datetime_operator to 2025-03-20 00:00:00+00:00, run_after=2025-03-21 00:00:00+00:00
[2025-03-21T19:44:56.971+0500] {logging_mixin.py:190} INFO - [2025-03-21T19:44:56.971+0500] {dag.py:4180} INFO - Setting next_dagrun for example_branch_datetime_operator_2 to 2025-03-20 00:00:00+00:00, run_after=2025-03-21 00:00:00+00:00
[2025-03-21T19:44:56.972+0500] {logging_mixin.py:190} INFO - [2025-03-21T19:44:56.972+0500] {dag.py:4180} INFO - Setting next_dagrun for example_branch_datetime_operator_3 to 2025-03-20 00:00:00+00:00, run_after=2025-03-21 00:00:00+00:00
[2025-03-21T19:44:56.985+0500] {processor.py:208} INFO - Processing /home/ruslan/.local/lib/python3.10/site-packages/airflow/example_dags/example_branch_datetime_operator.py took 0.054 seconds
[2025-03-21T19:45:50.484+0500] {processor.py:186} INFO - Started process (PID=160596) to work on /home/ruslan/.local/lib/python3.10/site-packages/airflow/example_dags/example_branch_datetime_operator.py
[2025-03-21T19:45:50.485+0500] {processor.py:914} INFO - Processing file /home/ruslan/.local/lib/python3.10/site-packages/airflow/example_dags/example_branch_datetime_operator.py for tasks to queue
[2025-03-21T19:45:50.485+0500] {logging_mixin.py:190} INFO - [2025-03-21T19:45:50.485+0500] {dagbag.py:588} INFO - Filling up the DagBag from /home/ruslan/.local/lib/python3.10/site-packages/airflow/example_dags/example_branch_datetime_operator.py
[2025-03-21T19:45:50.494+0500] {processor.py:925} INFO - DAG(s) 'example_branch_datetime_operator', 'example_branch_datetime_operator_3', 'example_branch_datetime_operator_2' retrieved from /home/ruslan/.local/lib/python3.10/site-packages/airflow/example_dags/example_branch_datetime_operator.py
[2025-03-21T19:45:50.506+0500] {logging_mixin.py:190} INFO - [2025-03-21T19:45:50.506+0500] {dag.py:3239} INFO - Sync 3 DAGs
[2025-03-21T19:45:50.519+0500] {logging_mixin.py:190} INFO - [2025-03-21T19:45:50.519+0500] {dag.py:4180} INFO - Setting next_dagrun for example_branch_datetime_operator to 2025-03-20 00:00:00+00:00, run_after=2025-03-21 00:00:00+00:00
[2025-03-21T19:45:50.522+0500] {logging_mixin.py:190} INFO - [2025-03-21T19:45:50.522+0500] {dag.py:4180} INFO - Setting next_dagrun for example_branch_datetime_operator_2 to 2025-03-20 00:00:00+00:00, run_after=2025-03-21 00:00:00+00:00
[2025-03-21T19:45:50.523+0500] {logging_mixin.py:190} INFO - [2025-03-21T19:45:50.523+0500] {dag.py:4180} INFO - Setting next_dagrun for example_branch_datetime_operator_3 to 2025-03-20 00:00:00+00:00, run_after=2025-03-21 00:00:00+00:00
[2025-03-21T19:45:50.537+0500] {processor.py:208} INFO - Processing /home/ruslan/.local/lib/python3.10/site-packages/airflow/example_dags/example_branch_datetime_operator.py took 0.057 seconds
[2025-03-21T19:46:44.516+0500] {processor.py:186} INFO - Started process (PID=161143) to work on /home/ruslan/.local/lib/python3.10/site-packages/airflow/example_dags/example_branch_datetime_operator.py
[2025-03-21T19:46:44.517+0500] {processor.py:914} INFO - Processing file /home/ruslan/.local/lib/python3.10/site-packages/airflow/example_dags/example_branch_datetime_operator.py for tasks to queue
[2025-03-21T19:46:44.518+0500] {logging_mixin.py:190} INFO - [2025-03-21T19:46:44.518+0500] {dagbag.py:588} INFO - Filling up the DagBag from /home/ruslan/.local/lib/python3.10/site-packages/airflow/example_dags/example_branch_datetime_operator.py
[2025-03-21T19:46:44.525+0500] {processor.py:925} INFO - DAG(s) 'example_branch_datetime_operator', 'example_branch_datetime_operator_3', 'example_branch_datetime_operator_2' retrieved from /home/ruslan/.local/lib/python3.10/site-packages/airflow/example_dags/example_branch_datetime_operator.py
[2025-03-21T19:46:44.537+0500] {logging_mixin.py:190} INFO - [2025-03-21T19:46:44.537+0500] {dag.py:3239} INFO - Sync 3 DAGs
[2025-03-21T19:46:44.552+0500] {logging_mixin.py:190} INFO - [2025-03-21T19:46:44.552+0500] {dag.py:4180} INFO - Setting next_dagrun for example_branch_datetime_operator to 2025-03-20 00:00:00+00:00, run_after=2025-03-21 00:00:00+00:00
[2025-03-21T19:46:44.554+0500] {logging_mixin.py:190} INFO - [2025-03-21T19:46:44.554+0500] {dag.py:4180} INFO - Setting next_dagrun for example_branch_datetime_operator_2 to 2025-03-20 00:00:00+00:00, run_after=2025-03-21 00:00:00+00:00
[2025-03-21T19:46:44.556+0500] {logging_mixin.py:190} INFO - [2025-03-21T19:46:44.556+0500] {dag.py:4180} INFO - Setting next_dagrun for example_branch_datetime_operator_3 to 2025-03-20 00:00:00+00:00, run_after=2025-03-21 00:00:00+00:00
[2025-03-21T19:46:44.569+0500] {processor.py:208} INFO - Processing /home/ruslan/.local/lib/python3.10/site-packages/airflow/example_dags/example_branch_datetime_operator.py took 0.057 seconds
