[2025-03-21T19:28:01.957+0500] {processor.py:186} INFO - Started process (PID=141172) to work on /home/ruslan/.local/lib/python3.10/site-packages/airflow/example_dags/example_trigger_controller_dag.py
[2025-03-21T19:28:01.957+0500] {processor.py:914} INFO - Processing file /home/ruslan/.local/lib/python3.10/site-packages/airflow/example_dags/example_trigger_controller_dag.py for tasks to queue
[2025-03-21T19:28:01.959+0500] {logging_mixin.py:190} INFO - [2025-03-21T19:28:01.958+0500] {dagbag.py:588} INFO - Filling up the DagBag from /home/ruslan/.local/lib/python3.10/site-packages/airflow/example_dags/example_trigger_controller_dag.py
[2025-03-21T19:28:01.962+0500] {processor.py:925} INFO - DAG(s) 'example_trigger_controller_dag' retrieved from /home/ruslan/.local/lib/python3.10/site-packages/airflow/example_dags/example_trigger_controller_dag.py
[2025-03-21T19:28:02.018+0500] {logging_mixin.py:190} INFO - [2025-03-21T19:28:02.017+0500] {override.py:1930} INFO - Created Permission View: can edit on DAG:example_trigger_controller_dag
[2025-03-21T19:28:02.026+0500] {logging_mixin.py:190} INFO - [2025-03-21T19:28:02.026+0500] {override.py:1930} INFO - Created Permission View: can read on DAG:example_trigger_controller_dag
[2025-03-21T19:28:02.034+0500] {logging_mixin.py:190} INFO - [2025-03-21T19:28:02.033+0500] {override.py:1930} INFO - Created Permission View: can delete on DAG:example_trigger_controller_dag
[2025-03-21T19:28:02.045+0500] {logging_mixin.py:190} INFO - [2025-03-21T19:28:02.045+0500] {override.py:1930} INFO - Created Permission View: can create on DAG Run:example_trigger_controller_dag
[2025-03-21T19:28:02.052+0500] {logging_mixin.py:190} INFO - [2025-03-21T19:28:02.052+0500] {override.py:1930} INFO - Created Permission View: can read on DAG Run:example_trigger_controller_dag
[2025-03-21T19:28:02.059+0500] {logging_mixin.py:190} INFO - [2025-03-21T19:28:02.058+0500] {override.py:1930} INFO - Created Permission View: can delete on DAG Run:example_trigger_controller_dag
[2025-03-21T19:28:02.065+0500] {logging_mixin.py:190} INFO - [2025-03-21T19:28:02.065+0500] {override.py:1930} INFO - Created Permission View: menu access on DAG Run:example_trigger_controller_dag
[2025-03-21T19:28:02.065+0500] {logging_mixin.py:190} INFO - [2025-03-21T19:28:02.065+0500] {dag.py:3239} INFO - Sync 1 DAGs
[2025-03-21T19:28:02.072+0500] {logging_mixin.py:190} INFO - [2025-03-21T19:28:02.072+0500] {dag.py:3262} INFO - Creating ORM DAG for example_trigger_controller_dag
[2025-03-21T19:28:02.076+0500] {logging_mixin.py:190} INFO - [2025-03-21T19:28:02.076+0500] {dag.py:4180} INFO - Setting next_dagrun for example_trigger_controller_dag to 2021-01-01 00:00:00+00:00, run_after=2021-01-01 00:00:00+00:00
[2025-03-21T19:28:02.090+0500] {processor.py:208} INFO - Processing /home/ruslan/.local/lib/python3.10/site-packages/airflow/example_dags/example_trigger_controller_dag.py took 0.137 seconds
[2025-03-21T19:28:56.691+0500] {processor.py:186} INFO - Started process (PID=141465) to work on /home/ruslan/.local/lib/python3.10/site-packages/airflow/example_dags/example_trigger_controller_dag.py
[2025-03-21T19:28:56.692+0500] {processor.py:914} INFO - Processing file /home/ruslan/.local/lib/python3.10/site-packages/airflow/example_dags/example_trigger_controller_dag.py for tasks to queue
[2025-03-21T19:28:56.694+0500] {logging_mixin.py:190} INFO - [2025-03-21T19:28:56.694+0500] {dagbag.py:588} INFO - Filling up the DagBag from /home/ruslan/.local/lib/python3.10/site-packages/airflow/example_dags/example_trigger_controller_dag.py
[2025-03-21T19:28:56.698+0500] {processor.py:925} INFO - DAG(s) 'example_trigger_controller_dag' retrieved from /home/ruslan/.local/lib/python3.10/site-packages/airflow/example_dags/example_trigger_controller_dag.py
[2025-03-21T19:28:56.706+0500] {logging_mixin.py:190} INFO - [2025-03-21T19:28:56.706+0500] {dag.py:3239} INFO - Sync 1 DAGs
[2025-03-21T19:28:56.718+0500] {logging_mixin.py:190} INFO - [2025-03-21T19:28:56.718+0500] {dag.py:4180} INFO - Setting next_dagrun for example_trigger_controller_dag to 2021-01-01 00:00:00+00:00, run_after=2021-01-01 00:00:00+00:00
[2025-03-21T19:28:56.733+0500] {processor.py:208} INFO - Processing /home/ruslan/.local/lib/python3.10/site-packages/airflow/example_dags/example_trigger_controller_dag.py took 0.045 seconds
[2025-03-21T19:29:50.864+0500] {processor.py:186} INFO - Started process (PID=141737) to work on /home/ruslan/.local/lib/python3.10/site-packages/airflow/example_dags/example_trigger_controller_dag.py
[2025-03-21T19:29:50.865+0500] {processor.py:914} INFO - Processing file /home/ruslan/.local/lib/python3.10/site-packages/airflow/example_dags/example_trigger_controller_dag.py for tasks to queue
[2025-03-21T19:29:50.866+0500] {logging_mixin.py:190} INFO - [2025-03-21T19:29:50.866+0500] {dagbag.py:588} INFO - Filling up the DagBag from /home/ruslan/.local/lib/python3.10/site-packages/airflow/example_dags/example_trigger_controller_dag.py
[2025-03-21T19:29:50.871+0500] {processor.py:925} INFO - DAG(s) 'example_trigger_controller_dag' retrieved from /home/ruslan/.local/lib/python3.10/site-packages/airflow/example_dags/example_trigger_controller_dag.py
[2025-03-21T19:29:50.879+0500] {logging_mixin.py:190} INFO - [2025-03-21T19:29:50.879+0500] {dag.py:3239} INFO - Sync 1 DAGs
[2025-03-21T19:29:50.890+0500] {logging_mixin.py:190} INFO - [2025-03-21T19:29:50.890+0500] {dag.py:4180} INFO - Setting next_dagrun for example_trigger_controller_dag to 2021-01-01 00:00:00+00:00, run_after=2021-01-01 00:00:00+00:00
[2025-03-21T19:29:50.905+0500] {processor.py:208} INFO - Processing /home/ruslan/.local/lib/python3.10/site-packages/airflow/example_dags/example_trigger_controller_dag.py took 0.045 seconds
[2025-03-21T19:31:09.846+0500] {processor.py:186} INFO - Started process (PID=142129) to work on /home/ruslan/.local/lib/python3.10/site-packages/airflow/example_dags/example_trigger_controller_dag.py
[2025-03-21T19:31:09.846+0500] {processor.py:914} INFO - Processing file /home/ruslan/.local/lib/python3.10/site-packages/airflow/example_dags/example_trigger_controller_dag.py for tasks to queue
[2025-03-21T19:31:09.848+0500] {logging_mixin.py:190} INFO - [2025-03-21T19:31:09.848+0500] {dagbag.py:588} INFO - Filling up the DagBag from /home/ruslan/.local/lib/python3.10/site-packages/airflow/example_dags/example_trigger_controller_dag.py
[2025-03-21T19:31:09.853+0500] {processor.py:925} INFO - DAG(s) 'example_trigger_controller_dag' retrieved from /home/ruslan/.local/lib/python3.10/site-packages/airflow/example_dags/example_trigger_controller_dag.py
[2025-03-21T19:31:09.864+0500] {logging_mixin.py:190} INFO - [2025-03-21T19:31:09.864+0500] {dag.py:3239} INFO - Sync 1 DAGs
[2025-03-21T19:31:09.878+0500] {logging_mixin.py:190} INFO - [2025-03-21T19:31:09.878+0500] {dag.py:4180} INFO - Setting next_dagrun for example_trigger_controller_dag to 2021-01-01 00:00:00+00:00, run_after=2021-01-01 00:00:00+00:00
[2025-03-21T19:31:09.894+0500] {processor.py:208} INFO - Processing /home/ruslan/.local/lib/python3.10/site-packages/airflow/example_dags/example_trigger_controller_dag.py took 0.052 seconds
[2025-03-21T19:32:22.663+0500] {processor.py:186} INFO - Started process (PID=143188) to work on /home/ruslan/.local/lib/python3.10/site-packages/airflow/example_dags/example_trigger_controller_dag.py
[2025-03-21T19:32:22.664+0500] {processor.py:914} INFO - Processing file /home/ruslan/.local/lib/python3.10/site-packages/airflow/example_dags/example_trigger_controller_dag.py for tasks to queue
[2025-03-21T19:32:22.665+0500] {logging_mixin.py:190} INFO - [2025-03-21T19:32:22.665+0500] {dagbag.py:588} INFO - Filling up the DagBag from /home/ruslan/.local/lib/python3.10/site-packages/airflow/example_dags/example_trigger_controller_dag.py
[2025-03-21T19:32:22.670+0500] {processor.py:925} INFO - DAG(s) 'example_trigger_controller_dag' retrieved from /home/ruslan/.local/lib/python3.10/site-packages/airflow/example_dags/example_trigger_controller_dag.py
[2025-03-21T19:32:22.681+0500] {logging_mixin.py:190} INFO - [2025-03-21T19:32:22.681+0500] {dag.py:3239} INFO - Sync 1 DAGs
[2025-03-21T19:32:22.696+0500] {logging_mixin.py:190} INFO - [2025-03-21T19:32:22.696+0500] {dag.py:4180} INFO - Setting next_dagrun for example_trigger_controller_dag to 2021-01-01 00:00:00+00:00, run_after=2021-01-01 00:00:00+00:00
[2025-03-21T19:32:22.721+0500] {processor.py:208} INFO - Processing /home/ruslan/.local/lib/python3.10/site-packages/airflow/example_dags/example_trigger_controller_dag.py took 0.062 seconds
[2025-03-21T19:33:13.853+0500] {processor.py:186} INFO - Started process (PID=153664) to work on /home/ruslan/.local/lib/python3.10/site-packages/airflow/example_dags/example_trigger_controller_dag.py
[2025-03-21T19:33:13.854+0500] {processor.py:914} INFO - Processing file /home/ruslan/.local/lib/python3.10/site-packages/airflow/example_dags/example_trigger_controller_dag.py for tasks to queue
[2025-03-21T19:33:13.856+0500] {logging_mixin.py:190} INFO - [2025-03-21T19:33:13.855+0500] {dagbag.py:588} INFO - Filling up the DagBag from /home/ruslan/.local/lib/python3.10/site-packages/airflow/example_dags/example_trigger_controller_dag.py
[2025-03-21T19:33:13.859+0500] {processor.py:925} INFO - DAG(s) 'example_trigger_controller_dag' retrieved from /home/ruslan/.local/lib/python3.10/site-packages/airflow/example_dags/example_trigger_controller_dag.py
[2025-03-21T19:33:13.869+0500] {logging_mixin.py:190} INFO - [2025-03-21T19:33:13.869+0500] {dag.py:3239} INFO - Sync 1 DAGs
[2025-03-21T19:33:13.880+0500] {logging_mixin.py:190} INFO - [2025-03-21T19:33:13.880+0500] {dag.py:4180} INFO - Setting next_dagrun for example_trigger_controller_dag to 2021-01-01 00:00:00+00:00, run_after=2021-01-01 00:00:00+00:00
[2025-03-21T19:33:13.896+0500] {processor.py:208} INFO - Processing /home/ruslan/.local/lib/python3.10/site-packages/airflow/example_dags/example_trigger_controller_dag.py took 0.047 seconds
[2025-03-21T19:34:10.303+0500] {processor.py:186} INFO - Started process (PID=154199) to work on /home/ruslan/.local/lib/python3.10/site-packages/airflow/example_dags/example_trigger_controller_dag.py
[2025-03-21T19:34:10.305+0500] {processor.py:914} INFO - Processing file /home/ruslan/.local/lib/python3.10/site-packages/airflow/example_dags/example_trigger_controller_dag.py for tasks to queue
[2025-03-21T19:34:10.307+0500] {logging_mixin.py:190} INFO - [2025-03-21T19:34:10.306+0500] {dagbag.py:588} INFO - Filling up the DagBag from /home/ruslan/.local/lib/python3.10/site-packages/airflow/example_dags/example_trigger_controller_dag.py
[2025-03-21T19:34:10.311+0500] {processor.py:925} INFO - DAG(s) 'example_trigger_controller_dag' retrieved from /home/ruslan/.local/lib/python3.10/site-packages/airflow/example_dags/example_trigger_controller_dag.py
[2025-03-21T19:34:10.320+0500] {logging_mixin.py:190} INFO - [2025-03-21T19:34:10.319+0500] {dag.py:3239} INFO - Sync 1 DAGs
[2025-03-21T19:34:10.331+0500] {logging_mixin.py:190} INFO - [2025-03-21T19:34:10.331+0500] {dag.py:4180} INFO - Setting next_dagrun for example_trigger_controller_dag to 2021-01-01 00:00:00+00:00, run_after=2021-01-01 00:00:00+00:00
[2025-03-21T19:34:10.346+0500] {processor.py:208} INFO - Processing /home/ruslan/.local/lib/python3.10/site-packages/airflow/example_dags/example_trigger_controller_dag.py took 0.047 seconds
[2025-03-21T19:35:26.284+0500] {processor.py:186} INFO - Started process (PID=154620) to work on /home/ruslan/.local/lib/python3.10/site-packages/airflow/example_dags/example_trigger_controller_dag.py
[2025-03-21T19:35:26.285+0500] {processor.py:914} INFO - Processing file /home/ruslan/.local/lib/python3.10/site-packages/airflow/example_dags/example_trigger_controller_dag.py for tasks to queue
[2025-03-21T19:35:26.286+0500] {logging_mixin.py:190} INFO - [2025-03-21T19:35:26.286+0500] {dagbag.py:588} INFO - Filling up the DagBag from /home/ruslan/.local/lib/python3.10/site-packages/airflow/example_dags/example_trigger_controller_dag.py
[2025-03-21T19:35:26.291+0500] {processor.py:925} INFO - DAG(s) 'example_trigger_controller_dag' retrieved from /home/ruslan/.local/lib/python3.10/site-packages/airflow/example_dags/example_trigger_controller_dag.py
[2025-03-21T19:35:26.299+0500] {logging_mixin.py:190} INFO - [2025-03-21T19:35:26.299+0500] {dag.py:3239} INFO - Sync 1 DAGs
[2025-03-21T19:35:26.310+0500] {logging_mixin.py:190} INFO - [2025-03-21T19:35:26.310+0500] {dag.py:4180} INFO - Setting next_dagrun for example_trigger_controller_dag to 2021-01-01 00:00:00+00:00, run_after=2021-01-01 00:00:00+00:00
[2025-03-21T19:35:26.325+0500] {processor.py:208} INFO - Processing /home/ruslan/.local/lib/python3.10/site-packages/airflow/example_dags/example_trigger_controller_dag.py took 0.045 seconds
[2025-03-21T19:36:42.975+0500] {processor.py:186} INFO - Started process (PID=155223) to work on /home/ruslan/.local/lib/python3.10/site-packages/airflow/example_dags/example_trigger_controller_dag.py
[2025-03-21T19:36:42.976+0500] {processor.py:914} INFO - Processing file /home/ruslan/.local/lib/python3.10/site-packages/airflow/example_dags/example_trigger_controller_dag.py for tasks to queue
[2025-03-21T19:36:42.977+0500] {logging_mixin.py:190} INFO - [2025-03-21T19:36:42.977+0500] {dagbag.py:588} INFO - Filling up the DagBag from /home/ruslan/.local/lib/python3.10/site-packages/airflow/example_dags/example_trigger_controller_dag.py
[2025-03-21T19:36:42.981+0500] {processor.py:925} INFO - DAG(s) 'example_trigger_controller_dag' retrieved from /home/ruslan/.local/lib/python3.10/site-packages/airflow/example_dags/example_trigger_controller_dag.py
[2025-03-21T19:36:42.989+0500] {logging_mixin.py:190} INFO - [2025-03-21T19:36:42.989+0500] {dag.py:3239} INFO - Sync 1 DAGs
[2025-03-21T19:36:43.000+0500] {logging_mixin.py:190} INFO - [2025-03-21T19:36:42.999+0500] {dag.py:4180} INFO - Setting next_dagrun for example_trigger_controller_dag to 2021-01-01 00:00:00+00:00, run_after=2021-01-01 00:00:00+00:00
[2025-03-21T19:36:43.016+0500] {processor.py:208} INFO - Processing /home/ruslan/.local/lib/python3.10/site-packages/airflow/example_dags/example_trigger_controller_dag.py took 0.044 seconds
[2025-03-21T19:37:59.862+0500] {processor.py:186} INFO - Started process (PID=155867) to work on /home/ruslan/.local/lib/python3.10/site-packages/airflow/example_dags/example_trigger_controller_dag.py
[2025-03-21T19:37:59.863+0500] {processor.py:914} INFO - Processing file /home/ruslan/.local/lib/python3.10/site-packages/airflow/example_dags/example_trigger_controller_dag.py for tasks to queue
[2025-03-21T19:37:59.864+0500] {logging_mixin.py:190} INFO - [2025-03-21T19:37:59.864+0500] {dagbag.py:588} INFO - Filling up the DagBag from /home/ruslan/.local/lib/python3.10/site-packages/airflow/example_dags/example_trigger_controller_dag.py
[2025-03-21T19:37:59.868+0500] {processor.py:925} INFO - DAG(s) 'example_trigger_controller_dag' retrieved from /home/ruslan/.local/lib/python3.10/site-packages/airflow/example_dags/example_trigger_controller_dag.py
[2025-03-21T19:37:59.877+0500] {logging_mixin.py:190} INFO - [2025-03-21T19:37:59.877+0500] {dag.py:3239} INFO - Sync 1 DAGs
[2025-03-21T19:37:59.889+0500] {logging_mixin.py:190} INFO - [2025-03-21T19:37:59.888+0500] {dag.py:4180} INFO - Setting next_dagrun for example_trigger_controller_dag to 2021-01-01 00:00:00+00:00, run_after=2021-01-01 00:00:00+00:00
[2025-03-21T19:37:59.903+0500] {processor.py:208} INFO - Processing /home/ruslan/.local/lib/python3.10/site-packages/airflow/example_dags/example_trigger_controller_dag.py took 0.045 seconds
[2025-03-21T19:38:55.991+0500] {processor.py:186} INFO - Started process (PID=156322) to work on /home/ruslan/.local/lib/python3.10/site-packages/airflow/example_dags/example_trigger_controller_dag.py
[2025-03-21T19:38:55.992+0500] {processor.py:914} INFO - Processing file /home/ruslan/.local/lib/python3.10/site-packages/airflow/example_dags/example_trigger_controller_dag.py for tasks to queue
[2025-03-21T19:38:55.993+0500] {logging_mixin.py:190} INFO - [2025-03-21T19:38:55.993+0500] {dagbag.py:588} INFO - Filling up the DagBag from /home/ruslan/.local/lib/python3.10/site-packages/airflow/example_dags/example_trigger_controller_dag.py
[2025-03-21T19:38:55.998+0500] {processor.py:925} INFO - DAG(s) 'example_trigger_controller_dag' retrieved from /home/ruslan/.local/lib/python3.10/site-packages/airflow/example_dags/example_trigger_controller_dag.py
[2025-03-21T19:38:56.007+0500] {logging_mixin.py:190} INFO - [2025-03-21T19:38:56.007+0500] {dag.py:3239} INFO - Sync 1 DAGs
[2025-03-21T19:38:56.019+0500] {logging_mixin.py:190} INFO - [2025-03-21T19:38:56.018+0500] {dag.py:4180} INFO - Setting next_dagrun for example_trigger_controller_dag to 2021-01-01 00:00:00+00:00, run_after=2021-01-01 00:00:00+00:00
[2025-03-21T19:38:56.034+0500] {processor.py:208} INFO - Processing /home/ruslan/.local/lib/python3.10/site-packages/airflow/example_dags/example_trigger_controller_dag.py took 0.047 seconds
[2025-03-21T19:40:12.263+0500] {processor.py:186} INFO - Started process (PID=156874) to work on /home/ruslan/.local/lib/python3.10/site-packages/airflow/example_dags/example_trigger_controller_dag.py
[2025-03-21T19:40:12.264+0500] {processor.py:914} INFO - Processing file /home/ruslan/.local/lib/python3.10/site-packages/airflow/example_dags/example_trigger_controller_dag.py for tasks to queue
[2025-03-21T19:40:12.265+0500] {logging_mixin.py:190} INFO - [2025-03-21T19:40:12.264+0500] {dagbag.py:588} INFO - Filling up the DagBag from /home/ruslan/.local/lib/python3.10/site-packages/airflow/example_dags/example_trigger_controller_dag.py
[2025-03-21T19:40:12.269+0500] {processor.py:925} INFO - DAG(s) 'example_trigger_controller_dag' retrieved from /home/ruslan/.local/lib/python3.10/site-packages/airflow/example_dags/example_trigger_controller_dag.py
[2025-03-21T19:40:12.278+0500] {logging_mixin.py:190} INFO - [2025-03-21T19:40:12.278+0500] {dag.py:3239} INFO - Sync 1 DAGs
[2025-03-21T19:40:12.290+0500] {logging_mixin.py:190} INFO - [2025-03-21T19:40:12.290+0500] {dag.py:4180} INFO - Setting next_dagrun for example_trigger_controller_dag to 2021-01-01 00:00:00+00:00, run_after=2021-01-01 00:00:00+00:00
[2025-03-21T19:40:12.305+0500] {processor.py:208} INFO - Processing /home/ruslan/.local/lib/python3.10/site-packages/airflow/example_dags/example_trigger_controller_dag.py took 0.046 seconds
[2025-03-21T19:41:31.455+0500] {processor.py:186} INFO - Started process (PID=157721) to work on /home/ruslan/.local/lib/python3.10/site-packages/airflow/example_dags/example_trigger_controller_dag.py
[2025-03-21T19:41:31.456+0500] {processor.py:914} INFO - Processing file /home/ruslan/.local/lib/python3.10/site-packages/airflow/example_dags/example_trigger_controller_dag.py for tasks to queue
[2025-03-21T19:41:31.457+0500] {logging_mixin.py:190} INFO - [2025-03-21T19:41:31.457+0500] {dagbag.py:588} INFO - Filling up the DagBag from /home/ruslan/.local/lib/python3.10/site-packages/airflow/example_dags/example_trigger_controller_dag.py
[2025-03-21T19:41:31.461+0500] {processor.py:925} INFO - DAG(s) 'example_trigger_controller_dag' retrieved from /home/ruslan/.local/lib/python3.10/site-packages/airflow/example_dags/example_trigger_controller_dag.py
[2025-03-21T19:41:31.469+0500] {logging_mixin.py:190} INFO - [2025-03-21T19:41:31.469+0500] {dag.py:3239} INFO - Sync 1 DAGs
[2025-03-21T19:41:31.481+0500] {logging_mixin.py:190} INFO - [2025-03-21T19:41:31.481+0500] {dag.py:4180} INFO - Setting next_dagrun for example_trigger_controller_dag to 2021-01-01 00:00:00+00:00, run_after=2021-01-01 00:00:00+00:00
[2025-03-21T19:41:31.495+0500] {processor.py:208} INFO - Processing /home/ruslan/.local/lib/python3.10/site-packages/airflow/example_dags/example_trigger_controller_dag.py took 0.044 seconds
[2025-03-21T19:42:24.135+0500] {processor.py:186} INFO - Started process (PID=158318) to work on /home/ruslan/.local/lib/python3.10/site-packages/airflow/example_dags/example_trigger_controller_dag.py
[2025-03-21T19:42:24.136+0500] {processor.py:914} INFO - Processing file /home/ruslan/.local/lib/python3.10/site-packages/airflow/example_dags/example_trigger_controller_dag.py for tasks to queue
[2025-03-21T19:42:24.137+0500] {logging_mixin.py:190} INFO - [2025-03-21T19:42:24.137+0500] {dagbag.py:588} INFO - Filling up the DagBag from /home/ruslan/.local/lib/python3.10/site-packages/airflow/example_dags/example_trigger_controller_dag.py
[2025-03-21T19:42:24.141+0500] {processor.py:925} INFO - DAG(s) 'example_trigger_controller_dag' retrieved from /home/ruslan/.local/lib/python3.10/site-packages/airflow/example_dags/example_trigger_controller_dag.py
[2025-03-21T19:42:24.149+0500] {logging_mixin.py:190} INFO - [2025-03-21T19:42:24.149+0500] {dag.py:3239} INFO - Sync 1 DAGs
[2025-03-21T19:42:24.161+0500] {logging_mixin.py:190} INFO - [2025-03-21T19:42:24.160+0500] {dag.py:4180} INFO - Setting next_dagrun for example_trigger_controller_dag to 2021-01-01 00:00:00+00:00, run_after=2021-01-01 00:00:00+00:00
[2025-03-21T19:42:24.176+0500] {processor.py:208} INFO - Processing /home/ruslan/.local/lib/python3.10/site-packages/airflow/example_dags/example_trigger_controller_dag.py took 0.045 seconds
[2025-03-21T19:43:46.166+0500] {processor.py:186} INFO - Started process (PID=159167) to work on /home/ruslan/.local/lib/python3.10/site-packages/airflow/example_dags/example_trigger_controller_dag.py
[2025-03-21T19:43:46.167+0500] {processor.py:914} INFO - Processing file /home/ruslan/.local/lib/python3.10/site-packages/airflow/example_dags/example_trigger_controller_dag.py for tasks to queue
[2025-03-21T19:43:46.167+0500] {logging_mixin.py:190} INFO - [2025-03-21T19:43:46.167+0500] {dagbag.py:588} INFO - Filling up the DagBag from /home/ruslan/.local/lib/python3.10/site-packages/airflow/example_dags/example_trigger_controller_dag.py
[2025-03-21T19:43:46.172+0500] {processor.py:925} INFO - DAG(s) 'example_trigger_controller_dag' retrieved from /home/ruslan/.local/lib/python3.10/site-packages/airflow/example_dags/example_trigger_controller_dag.py
[2025-03-21T19:43:46.181+0500] {logging_mixin.py:190} INFO - [2025-03-21T19:43:46.181+0500] {dag.py:3239} INFO - Sync 1 DAGs
[2025-03-21T19:43:46.193+0500] {logging_mixin.py:190} INFO - [2025-03-21T19:43:46.193+0500] {dag.py:4180} INFO - Setting next_dagrun for example_trigger_controller_dag to 2021-01-01 00:00:00+00:00, run_after=2021-01-01 00:00:00+00:00
[2025-03-21T19:43:46.208+0500] {processor.py:208} INFO - Processing /home/ruslan/.local/lib/python3.10/site-packages/airflow/example_dags/example_trigger_controller_dag.py took 0.046 seconds
[2025-03-21T19:45:01.989+0500] {processor.py:186} INFO - Started process (PID=160016) to work on /home/ruslan/.local/lib/python3.10/site-packages/airflow/example_dags/example_trigger_controller_dag.py
[2025-03-21T19:45:01.990+0500] {processor.py:914} INFO - Processing file /home/ruslan/.local/lib/python3.10/site-packages/airflow/example_dags/example_trigger_controller_dag.py for tasks to queue
[2025-03-21T19:45:01.991+0500] {logging_mixin.py:190} INFO - [2025-03-21T19:45:01.991+0500] {dagbag.py:588} INFO - Filling up the DagBag from /home/ruslan/.local/lib/python3.10/site-packages/airflow/example_dags/example_trigger_controller_dag.py
[2025-03-21T19:45:01.997+0500] {processor.py:925} INFO - DAG(s) 'example_trigger_controller_dag' retrieved from /home/ruslan/.local/lib/python3.10/site-packages/airflow/example_dags/example_trigger_controller_dag.py
[2025-03-21T19:45:02.008+0500] {logging_mixin.py:190} INFO - [2025-03-21T19:45:02.008+0500] {dag.py:3239} INFO - Sync 1 DAGs
[2025-03-21T19:45:02.022+0500] {logging_mixin.py:190} INFO - [2025-03-21T19:45:02.021+0500] {dag.py:4180} INFO - Setting next_dagrun for example_trigger_controller_dag to 2021-01-01 00:00:00+00:00, run_after=2021-01-01 00:00:00+00:00
[2025-03-21T19:45:02.037+0500] {processor.py:208} INFO - Processing /home/ruslan/.local/lib/python3.10/site-packages/airflow/example_dags/example_trigger_controller_dag.py took 0.052 seconds
[2025-03-21T19:45:55.479+0500] {processor.py:186} INFO - Started process (PID=160622) to work on /home/ruslan/.local/lib/python3.10/site-packages/airflow/example_dags/example_trigger_controller_dag.py
[2025-03-21T19:45:55.480+0500] {processor.py:914} INFO - Processing file /home/ruslan/.local/lib/python3.10/site-packages/airflow/example_dags/example_trigger_controller_dag.py for tasks to queue
[2025-03-21T19:45:55.481+0500] {logging_mixin.py:190} INFO - [2025-03-21T19:45:55.480+0500] {dagbag.py:588} INFO - Filling up the DagBag from /home/ruslan/.local/lib/python3.10/site-packages/airflow/example_dags/example_trigger_controller_dag.py
[2025-03-21T19:45:55.485+0500] {processor.py:925} INFO - DAG(s) 'example_trigger_controller_dag' retrieved from /home/ruslan/.local/lib/python3.10/site-packages/airflow/example_dags/example_trigger_controller_dag.py
[2025-03-21T19:45:55.494+0500] {logging_mixin.py:190} INFO - [2025-03-21T19:45:55.494+0500] {dag.py:3239} INFO - Sync 1 DAGs
[2025-03-21T19:45:55.506+0500] {logging_mixin.py:190} INFO - [2025-03-21T19:45:55.505+0500] {dag.py:4180} INFO - Setting next_dagrun for example_trigger_controller_dag to 2021-01-01 00:00:00+00:00, run_after=2021-01-01 00:00:00+00:00
[2025-03-21T19:45:55.522+0500] {processor.py:208} INFO - Processing /home/ruslan/.local/lib/python3.10/site-packages/airflow/example_dags/example_trigger_controller_dag.py took 0.047 seconds
[2025-03-21T19:46:50.791+0500] {processor.py:186} INFO - Started process (PID=161175) to work on /home/ruslan/.local/lib/python3.10/site-packages/airflow/example_dags/example_trigger_controller_dag.py
[2025-03-21T19:46:50.792+0500] {processor.py:914} INFO - Processing file /home/ruslan/.local/lib/python3.10/site-packages/airflow/example_dags/example_trigger_controller_dag.py for tasks to queue
[2025-03-21T19:46:50.793+0500] {logging_mixin.py:190} INFO - [2025-03-21T19:46:50.793+0500] {dagbag.py:588} INFO - Filling up the DagBag from /home/ruslan/.local/lib/python3.10/site-packages/airflow/example_dags/example_trigger_controller_dag.py
[2025-03-21T19:46:50.797+0500] {processor.py:925} INFO - DAG(s) 'example_trigger_controller_dag' retrieved from /home/ruslan/.local/lib/python3.10/site-packages/airflow/example_dags/example_trigger_controller_dag.py
[2025-03-21T19:46:50.806+0500] {logging_mixin.py:190} INFO - [2025-03-21T19:46:50.806+0500] {dag.py:3239} INFO - Sync 1 DAGs
[2025-03-21T19:46:50.818+0500] {logging_mixin.py:190} INFO - [2025-03-21T19:46:50.818+0500] {dag.py:4180} INFO - Setting next_dagrun for example_trigger_controller_dag to 2021-01-01 00:00:00+00:00, run_after=2021-01-01 00:00:00+00:00
[2025-03-21T19:46:50.833+0500] {processor.py:208} INFO - Processing /home/ruslan/.local/lib/python3.10/site-packages/airflow/example_dags/example_trigger_controller_dag.py took 0.046 seconds
