[2025-03-21T19:27:32.827+0500] {processor.py:186} INFO - Started process (PID=141021) to work on /home/ruslan/.local/lib/python3.10/site-packages/airflow/example_dags/example_latest_only_with_trigger.py
[2025-03-21T19:27:32.828+0500] {processor.py:914} INFO - Processing file /home/ruslan/.local/lib/python3.10/site-packages/airflow/example_dags/example_latest_only_with_trigger.py for tasks to queue
[2025-03-21T19:27:32.829+0500] {logging_mixin.py:190} INFO - [2025-03-21T19:27:32.829+0500] {dagbag.py:588} INFO - Filling up the DagBag from /home/ruslan/.local/lib/python3.10/site-packages/airflow/example_dags/example_latest_only_with_trigger.py
[2025-03-21T19:27:32.835+0500] {processor.py:925} INFO - DAG(s) 'latest_only_with_trigger' retrieved from /home/ruslan/.local/lib/python3.10/site-packages/airflow/example_dags/example_latest_only_with_trigger.py
[2025-03-21T19:27:32.900+0500] {logging_mixin.py:190} INFO - [2025-03-21T19:27:32.899+0500] {override.py:1930} INFO - Created Permission View: can edit on DAG:latest_only_with_trigger
[2025-03-21T19:27:32.910+0500] {logging_mixin.py:190} INFO - [2025-03-21T19:27:32.910+0500] {override.py:1930} INFO - Created Permission View: can read on DAG:latest_only_with_trigger
[2025-03-21T19:27:32.918+0500] {logging_mixin.py:190} INFO - [2025-03-21T19:27:32.918+0500] {override.py:1930} INFO - Created Permission View: can delete on DAG:latest_only_with_trigger
[2025-03-21T19:27:32.931+0500] {logging_mixin.py:190} INFO - [2025-03-21T19:27:32.931+0500] {override.py:1930} INFO - Created Permission View: can create on DAG Run:latest_only_with_trigger
[2025-03-21T19:27:32.939+0500] {logging_mixin.py:190} INFO - [2025-03-21T19:27:32.938+0500] {override.py:1930} INFO - Created Permission View: can read on DAG Run:latest_only_with_trigger
[2025-03-21T19:27:32.947+0500] {logging_mixin.py:190} INFO - [2025-03-21T19:27:32.946+0500] {override.py:1930} INFO - Created Permission View: can delete on DAG Run:latest_only_with_trigger
[2025-03-21T19:27:32.954+0500] {logging_mixin.py:190} INFO - [2025-03-21T19:27:32.954+0500] {override.py:1930} INFO - Created Permission View: menu access on DAG Run:latest_only_with_trigger
[2025-03-21T19:27:32.954+0500] {logging_mixin.py:190} INFO - [2025-03-21T19:27:32.954+0500] {dag.py:3239} INFO - Sync 1 DAGs
[2025-03-21T19:27:32.961+0500] {logging_mixin.py:190} INFO - [2025-03-21T19:27:32.961+0500] {dag.py:3262} INFO - Creating ORM DAG for latest_only_with_trigger
[2025-03-21T19:27:32.968+0500] {logging_mixin.py:190} INFO - [2025-03-21T19:27:32.967+0500] {dag.py:4180} INFO - Setting next_dagrun for latest_only_with_trigger to 2025-03-21 08:00:00+00:00, run_after=2025-03-21 12:00:00+00:00
[2025-03-21T19:27:32.985+0500] {processor.py:208} INFO - Processing /home/ruslan/.local/lib/python3.10/site-packages/airflow/example_dags/example_latest_only_with_trigger.py took 0.161 seconds
[2025-03-21T19:28:29.884+0500] {processor.py:186} INFO - Started process (PID=141320) to work on /home/ruslan/.local/lib/python3.10/site-packages/airflow/example_dags/example_latest_only_with_trigger.py
[2025-03-21T19:28:29.885+0500] {processor.py:914} INFO - Processing file /home/ruslan/.local/lib/python3.10/site-packages/airflow/example_dags/example_latest_only_with_trigger.py for tasks to queue
[2025-03-21T19:28:29.887+0500] {logging_mixin.py:190} INFO - [2025-03-21T19:28:29.886+0500] {dagbag.py:588} INFO - Filling up the DagBag from /home/ruslan/.local/lib/python3.10/site-packages/airflow/example_dags/example_latest_only_with_trigger.py
[2025-03-21T19:28:29.891+0500] {processor.py:925} INFO - DAG(s) 'latest_only_with_trigger' retrieved from /home/ruslan/.local/lib/python3.10/site-packages/airflow/example_dags/example_latest_only_with_trigger.py
[2025-03-21T19:28:29.900+0500] {logging_mixin.py:190} INFO - [2025-03-21T19:28:29.900+0500] {dag.py:3239} INFO - Sync 1 DAGs
[2025-03-21T19:28:29.912+0500] {logging_mixin.py:190} INFO - [2025-03-21T19:28:29.912+0500] {dag.py:4180} INFO - Setting next_dagrun for latest_only_with_trigger to 2025-03-21 08:00:00+00:00, run_after=2025-03-21 12:00:00+00:00
[2025-03-21T19:28:29.929+0500] {processor.py:208} INFO - Processing /home/ruslan/.local/lib/python3.10/site-packages/airflow/example_dags/example_latest_only_with_trigger.py took 0.048 seconds
[2025-03-21T19:29:22.782+0500] {processor.py:186} INFO - Started process (PID=141596) to work on /home/ruslan/.local/lib/python3.10/site-packages/airflow/example_dags/example_latest_only_with_trigger.py
[2025-03-21T19:29:22.783+0500] {processor.py:914} INFO - Processing file /home/ruslan/.local/lib/python3.10/site-packages/airflow/example_dags/example_latest_only_with_trigger.py for tasks to queue
[2025-03-21T19:29:22.784+0500] {logging_mixin.py:190} INFO - [2025-03-21T19:29:22.784+0500] {dagbag.py:588} INFO - Filling up the DagBag from /home/ruslan/.local/lib/python3.10/site-packages/airflow/example_dags/example_latest_only_with_trigger.py
[2025-03-21T19:29:22.788+0500] {processor.py:925} INFO - DAG(s) 'latest_only_with_trigger' retrieved from /home/ruslan/.local/lib/python3.10/site-packages/airflow/example_dags/example_latest_only_with_trigger.py
[2025-03-21T19:29:22.797+0500] {logging_mixin.py:190} INFO - [2025-03-21T19:29:22.797+0500] {dag.py:3239} INFO - Sync 1 DAGs
[2025-03-21T19:29:22.808+0500] {logging_mixin.py:190} INFO - [2025-03-21T19:29:22.808+0500] {dag.py:4180} INFO - Setting next_dagrun for latest_only_with_trigger to 2025-03-21 08:00:00+00:00, run_after=2025-03-21 12:00:00+00:00
[2025-03-21T19:29:22.822+0500] {processor.py:208} INFO - Processing /home/ruslan/.local/lib/python3.10/site-packages/airflow/example_dags/example_latest_only_with_trigger.py took 0.044 seconds
[2025-03-21T19:30:14.278+0500] {processor.py:186} INFO - Started process (PID=141852) to work on /home/ruslan/.local/lib/python3.10/site-packages/airflow/example_dags/example_latest_only_with_trigger.py
[2025-03-21T19:30:14.279+0500] {processor.py:914} INFO - Processing file /home/ruslan/.local/lib/python3.10/site-packages/airflow/example_dags/example_latest_only_with_trigger.py for tasks to queue
[2025-03-21T19:30:14.280+0500] {logging_mixin.py:190} INFO - [2025-03-21T19:30:14.280+0500] {dagbag.py:588} INFO - Filling up the DagBag from /home/ruslan/.local/lib/python3.10/site-packages/airflow/example_dags/example_latest_only_with_trigger.py
[2025-03-21T19:30:14.285+0500] {processor.py:925} INFO - DAG(s) 'latest_only_with_trigger' retrieved from /home/ruslan/.local/lib/python3.10/site-packages/airflow/example_dags/example_latest_only_with_trigger.py
[2025-03-21T19:30:14.294+0500] {logging_mixin.py:190} INFO - [2025-03-21T19:30:14.293+0500] {dag.py:3239} INFO - Sync 1 DAGs
[2025-03-21T19:30:14.306+0500] {logging_mixin.py:190} INFO - [2025-03-21T19:30:14.305+0500] {dag.py:4180} INFO - Setting next_dagrun for latest_only_with_trigger to 2025-03-21 08:00:00+00:00, run_after=2025-03-21 12:00:00+00:00
[2025-03-21T19:30:14.321+0500] {processor.py:208} INFO - Processing /home/ruslan/.local/lib/python3.10/site-packages/airflow/example_dags/example_latest_only_with_trigger.py took 0.047 seconds
[2025-03-21T19:31:08.586+0500] {processor.py:186} INFO - Started process (PID=142122) to work on /home/ruslan/.local/lib/python3.10/site-packages/airflow/example_dags/example_latest_only_with_trigger.py
[2025-03-21T19:31:08.587+0500] {processor.py:914} INFO - Processing file /home/ruslan/.local/lib/python3.10/site-packages/airflow/example_dags/example_latest_only_with_trigger.py for tasks to queue
[2025-03-21T19:31:08.588+0500] {logging_mixin.py:190} INFO - [2025-03-21T19:31:08.588+0500] {dagbag.py:588} INFO - Filling up the DagBag from /home/ruslan/.local/lib/python3.10/site-packages/airflow/example_dags/example_latest_only_with_trigger.py
[2025-03-21T19:31:08.593+0500] {processor.py:925} INFO - DAG(s) 'latest_only_with_trigger' retrieved from /home/ruslan/.local/lib/python3.10/site-packages/airflow/example_dags/example_latest_only_with_trigger.py
[2025-03-21T19:31:08.602+0500] {logging_mixin.py:190} INFO - [2025-03-21T19:31:08.602+0500] {dag.py:3239} INFO - Sync 1 DAGs
[2025-03-21T19:31:08.614+0500] {logging_mixin.py:190} INFO - [2025-03-21T19:31:08.614+0500] {dag.py:4180} INFO - Setting next_dagrun for latest_only_with_trigger to 2025-03-21 08:00:00+00:00, run_after=2025-03-21 12:00:00+00:00
[2025-03-21T19:31:08.629+0500] {processor.py:208} INFO - Processing /home/ruslan/.local/lib/python3.10/site-packages/airflow/example_dags/example_latest_only_with_trigger.py took 0.047 seconds
[2025-03-21T19:32:02.456+0500] {processor.py:186} INFO - Started process (PID=142392) to work on /home/ruslan/.local/lib/python3.10/site-packages/airflow/example_dags/example_latest_only_with_trigger.py
[2025-03-21T19:32:02.457+0500] {processor.py:914} INFO - Processing file /home/ruslan/.local/lib/python3.10/site-packages/airflow/example_dags/example_latest_only_with_trigger.py for tasks to queue
[2025-03-21T19:32:02.458+0500] {logging_mixin.py:190} INFO - [2025-03-21T19:32:02.458+0500] {dagbag.py:588} INFO - Filling up the DagBag from /home/ruslan/.local/lib/python3.10/site-packages/airflow/example_dags/example_latest_only_with_trigger.py
[2025-03-21T19:32:02.464+0500] {processor.py:925} INFO - DAG(s) 'latest_only_with_trigger' retrieved from /home/ruslan/.local/lib/python3.10/site-packages/airflow/example_dags/example_latest_only_with_trigger.py
[2025-03-21T19:32:02.474+0500] {logging_mixin.py:190} INFO - [2025-03-21T19:32:02.474+0500] {dag.py:3239} INFO - Sync 1 DAGs
[2025-03-21T19:32:02.489+0500] {logging_mixin.py:190} INFO - [2025-03-21T19:32:02.489+0500] {dag.py:4180} INFO - Setting next_dagrun for latest_only_with_trigger to 2025-03-21 08:00:00+00:00, run_after=2025-03-21 12:00:00+00:00
[2025-03-21T19:32:02.508+0500] {processor.py:208} INFO - Processing /home/ruslan/.local/lib/python3.10/site-packages/airflow/example_dags/example_latest_only_with_trigger.py took 0.057 seconds
[2025-03-21T19:32:53.102+0500] {processor.py:186} INFO - Started process (PID=150663) to work on /home/ruslan/.local/lib/python3.10/site-packages/airflow/example_dags/example_latest_only_with_trigger.py
[2025-03-21T19:32:53.103+0500] {processor.py:914} INFO - Processing file /home/ruslan/.local/lib/python3.10/site-packages/airflow/example_dags/example_latest_only_with_trigger.py for tasks to queue
[2025-03-21T19:32:53.104+0500] {logging_mixin.py:190} INFO - [2025-03-21T19:32:53.104+0500] {dagbag.py:588} INFO - Filling up the DagBag from /home/ruslan/.local/lib/python3.10/site-packages/airflow/example_dags/example_latest_only_with_trigger.py
[2025-03-21T19:32:53.111+0500] {processor.py:925} INFO - DAG(s) 'latest_only_with_trigger' retrieved from /home/ruslan/.local/lib/python3.10/site-packages/airflow/example_dags/example_latest_only_with_trigger.py
[2025-03-21T19:32:53.123+0500] {logging_mixin.py:190} INFO - [2025-03-21T19:32:53.123+0500] {dag.py:3239} INFO - Sync 1 DAGs
[2025-03-21T19:32:53.139+0500] {logging_mixin.py:190} INFO - [2025-03-21T19:32:53.139+0500] {dag.py:4180} INFO - Setting next_dagrun for latest_only_with_trigger to 2025-03-21 08:00:00+00:00, run_after=2025-03-21 12:00:00+00:00
[2025-03-21T19:32:53.158+0500] {processor.py:208} INFO - Processing /home/ruslan/.local/lib/python3.10/site-packages/airflow/example_dags/example_latest_only_with_trigger.py took 0.061 seconds
[2025-03-21T19:33:45.813+0500] {processor.py:186} INFO - Started process (PID=154075) to work on /home/ruslan/.local/lib/python3.10/site-packages/airflow/example_dags/example_latest_only_with_trigger.py
[2025-03-21T19:33:45.814+0500] {processor.py:914} INFO - Processing file /home/ruslan/.local/lib/python3.10/site-packages/airflow/example_dags/example_latest_only_with_trigger.py for tasks to queue
[2025-03-21T19:33:45.815+0500] {logging_mixin.py:190} INFO - [2025-03-21T19:33:45.815+0500] {dagbag.py:588} INFO - Filling up the DagBag from /home/ruslan/.local/lib/python3.10/site-packages/airflow/example_dags/example_latest_only_with_trigger.py
[2025-03-21T19:33:45.820+0500] {processor.py:925} INFO - DAG(s) 'latest_only_with_trigger' retrieved from /home/ruslan/.local/lib/python3.10/site-packages/airflow/example_dags/example_latest_only_with_trigger.py
[2025-03-21T19:33:45.829+0500] {logging_mixin.py:190} INFO - [2025-03-21T19:33:45.829+0500] {dag.py:3239} INFO - Sync 1 DAGs
[2025-03-21T19:33:45.842+0500] {logging_mixin.py:190} INFO - [2025-03-21T19:33:45.841+0500] {dag.py:4180} INFO - Setting next_dagrun for latest_only_with_trigger to 2025-03-21 08:00:00+00:00, run_after=2025-03-21 12:00:00+00:00
[2025-03-21T19:33:45.856+0500] {processor.py:208} INFO - Processing /home/ruslan/.local/lib/python3.10/site-packages/airflow/example_dags/example_latest_only_with_trigger.py took 0.047 seconds
[2025-03-21T19:34:40.510+0500] {processor.py:186} INFO - Started process (PID=154386) to work on /home/ruslan/.local/lib/python3.10/site-packages/airflow/example_dags/example_latest_only_with_trigger.py
[2025-03-21T19:34:40.511+0500] {processor.py:914} INFO - Processing file /home/ruslan/.local/lib/python3.10/site-packages/airflow/example_dags/example_latest_only_with_trigger.py for tasks to queue
[2025-03-21T19:34:40.512+0500] {logging_mixin.py:190} INFO - [2025-03-21T19:34:40.512+0500] {dagbag.py:588} INFO - Filling up the DagBag from /home/ruslan/.local/lib/python3.10/site-packages/airflow/example_dags/example_latest_only_with_trigger.py
[2025-03-21T19:34:40.517+0500] {processor.py:925} INFO - DAG(s) 'latest_only_with_trigger' retrieved from /home/ruslan/.local/lib/python3.10/site-packages/airflow/example_dags/example_latest_only_with_trigger.py
[2025-03-21T19:34:40.526+0500] {logging_mixin.py:190} INFO - [2025-03-21T19:34:40.526+0500] {dag.py:3239} INFO - Sync 1 DAGs
[2025-03-21T19:34:40.538+0500] {logging_mixin.py:190} INFO - [2025-03-21T19:34:40.538+0500] {dag.py:4180} INFO - Setting next_dagrun for latest_only_with_trigger to 2025-03-21 08:00:00+00:00, run_after=2025-03-21 12:00:00+00:00
[2025-03-21T19:34:40.553+0500] {processor.py:208} INFO - Processing /home/ruslan/.local/lib/python3.10/site-packages/airflow/example_dags/example_latest_only_with_trigger.py took 0.048 seconds
[2025-03-21T19:35:31.834+0500] {processor.py:186} INFO - Started process (PID=154647) to work on /home/ruslan/.local/lib/python3.10/site-packages/airflow/example_dags/example_latest_only_with_trigger.py
[2025-03-21T19:35:31.835+0500] {processor.py:914} INFO - Processing file /home/ruslan/.local/lib/python3.10/site-packages/airflow/example_dags/example_latest_only_with_trigger.py for tasks to queue
[2025-03-21T19:35:31.837+0500] {logging_mixin.py:190} INFO - [2025-03-21T19:35:31.837+0500] {dagbag.py:588} INFO - Filling up the DagBag from /home/ruslan/.local/lib/python3.10/site-packages/airflow/example_dags/example_latest_only_with_trigger.py
[2025-03-21T19:35:31.842+0500] {processor.py:925} INFO - DAG(s) 'latest_only_with_trigger' retrieved from /home/ruslan/.local/lib/python3.10/site-packages/airflow/example_dags/example_latest_only_with_trigger.py
[2025-03-21T19:35:31.851+0500] {logging_mixin.py:190} INFO - [2025-03-21T19:35:31.851+0500] {dag.py:3239} INFO - Sync 1 DAGs
[2025-03-21T19:35:31.863+0500] {logging_mixin.py:190} INFO - [2025-03-21T19:35:31.863+0500] {dag.py:4180} INFO - Setting next_dagrun for latest_only_with_trigger to 2025-03-21 08:00:00+00:00, run_after=2025-03-21 12:00:00+00:00
[2025-03-21T19:35:31.878+0500] {processor.py:208} INFO - Processing /home/ruslan/.local/lib/python3.10/site-packages/airflow/example_dags/example_latest_only_with_trigger.py took 0.047 seconds
[2025-03-21T19:36:22.031+0500] {processor.py:186} INFO - Started process (PID=154905) to work on /home/ruslan/.local/lib/python3.10/site-packages/airflow/example_dags/example_latest_only_with_trigger.py
[2025-03-21T19:36:22.032+0500] {processor.py:914} INFO - Processing file /home/ruslan/.local/lib/python3.10/site-packages/airflow/example_dags/example_latest_only_with_trigger.py for tasks to queue
[2025-03-21T19:36:22.034+0500] {logging_mixin.py:190} INFO - [2025-03-21T19:36:22.033+0500] {dagbag.py:588} INFO - Filling up the DagBag from /home/ruslan/.local/lib/python3.10/site-packages/airflow/example_dags/example_latest_only_with_trigger.py
[2025-03-21T19:36:22.038+0500] {processor.py:925} INFO - DAG(s) 'latest_only_with_trigger' retrieved from /home/ruslan/.local/lib/python3.10/site-packages/airflow/example_dags/example_latest_only_with_trigger.py
[2025-03-21T19:36:22.047+0500] {logging_mixin.py:190} INFO - [2025-03-21T19:36:22.047+0500] {dag.py:3239} INFO - Sync 1 DAGs
[2025-03-21T19:36:22.058+0500] {logging_mixin.py:190} INFO - [2025-03-21T19:36:22.058+0500] {dag.py:4180} INFO - Setting next_dagrun for latest_only_with_trigger to 2025-03-21 08:00:00+00:00, run_after=2025-03-21 12:00:00+00:00
[2025-03-21T19:36:22.073+0500] {processor.py:208} INFO - Processing /home/ruslan/.local/lib/python3.10/site-packages/airflow/example_dags/example_latest_only_with_trigger.py took 0.045 seconds
[2025-03-21T19:37:13.338+0500] {processor.py:186} INFO - Started process (PID=155383) to work on /home/ruslan/.local/lib/python3.10/site-packages/airflow/example_dags/example_latest_only_with_trigger.py
[2025-03-21T19:37:13.340+0500] {processor.py:914} INFO - Processing file /home/ruslan/.local/lib/python3.10/site-packages/airflow/example_dags/example_latest_only_with_trigger.py for tasks to queue
[2025-03-21T19:37:13.340+0500] {logging_mixin.py:190} INFO - [2025-03-21T19:37:13.340+0500] {dagbag.py:588} INFO - Filling up the DagBag from /home/ruslan/.local/lib/python3.10/site-packages/airflow/example_dags/example_latest_only_with_trigger.py
[2025-03-21T19:37:13.346+0500] {processor.py:925} INFO - DAG(s) 'latest_only_with_trigger' retrieved from /home/ruslan/.local/lib/python3.10/site-packages/airflow/example_dags/example_latest_only_with_trigger.py
[2025-03-21T19:37:13.354+0500] {logging_mixin.py:190} INFO - [2025-03-21T19:37:13.354+0500] {dag.py:3239} INFO - Sync 1 DAGs
[2025-03-21T19:37:13.365+0500] {logging_mixin.py:190} INFO - [2025-03-21T19:37:13.365+0500] {dag.py:4180} INFO - Setting next_dagrun for latest_only_with_trigger to 2025-03-21 08:00:00+00:00, run_after=2025-03-21 12:00:00+00:00
[2025-03-21T19:37:13.379+0500] {processor.py:208} INFO - Processing /home/ruslan/.local/lib/python3.10/site-packages/airflow/example_dags/example_latest_only_with_trigger.py took 0.045 seconds
[2025-03-21T19:38:05.795+0500] {processor.py:186} INFO - Started process (PID=155899) to work on /home/ruslan/.local/lib/python3.10/site-packages/airflow/example_dags/example_latest_only_with_trigger.py
[2025-03-21T19:38:05.796+0500] {processor.py:914} INFO - Processing file /home/ruslan/.local/lib/python3.10/site-packages/airflow/example_dags/example_latest_only_with_trigger.py for tasks to queue
[2025-03-21T19:38:05.797+0500] {logging_mixin.py:190} INFO - [2025-03-21T19:38:05.796+0500] {dagbag.py:588} INFO - Filling up the DagBag from /home/ruslan/.local/lib/python3.10/site-packages/airflow/example_dags/example_latest_only_with_trigger.py
[2025-03-21T19:38:05.802+0500] {processor.py:925} INFO - DAG(s) 'latest_only_with_trigger' retrieved from /home/ruslan/.local/lib/python3.10/site-packages/airflow/example_dags/example_latest_only_with_trigger.py
[2025-03-21T19:38:05.811+0500] {logging_mixin.py:190} INFO - [2025-03-21T19:38:05.811+0500] {dag.py:3239} INFO - Sync 1 DAGs
[2025-03-21T19:38:05.823+0500] {logging_mixin.py:190} INFO - [2025-03-21T19:38:05.823+0500] {dag.py:4180} INFO - Setting next_dagrun for latest_only_with_trigger to 2025-03-21 08:00:00+00:00, run_after=2025-03-21 12:00:00+00:00
[2025-03-21T19:38:05.839+0500] {processor.py:208} INFO - Processing /home/ruslan/.local/lib/python3.10/site-packages/airflow/example_dags/example_latest_only_with_trigger.py took 0.049 seconds
[2025-03-21T19:38:57.735+0500] {processor.py:186} INFO - Started process (PID=156332) to work on /home/ruslan/.local/lib/python3.10/site-packages/airflow/example_dags/example_latest_only_with_trigger.py
[2025-03-21T19:38:57.736+0500] {processor.py:914} INFO - Processing file /home/ruslan/.local/lib/python3.10/site-packages/airflow/example_dags/example_latest_only_with_trigger.py for tasks to queue
[2025-03-21T19:38:57.736+0500] {logging_mixin.py:190} INFO - [2025-03-21T19:38:57.736+0500] {dagbag.py:588} INFO - Filling up the DagBag from /home/ruslan/.local/lib/python3.10/site-packages/airflow/example_dags/example_latest_only_with_trigger.py
[2025-03-21T19:38:57.743+0500] {processor.py:925} INFO - DAG(s) 'latest_only_with_trigger' retrieved from /home/ruslan/.local/lib/python3.10/site-packages/airflow/example_dags/example_latest_only_with_trigger.py
[2025-03-21T19:38:57.752+0500] {logging_mixin.py:190} INFO - [2025-03-21T19:38:57.752+0500] {dag.py:3239} INFO - Sync 1 DAGs
[2025-03-21T19:38:57.764+0500] {logging_mixin.py:190} INFO - [2025-03-21T19:38:57.764+0500] {dag.py:4180} INFO - Setting next_dagrun for latest_only_with_trigger to 2025-03-21 08:00:00+00:00, run_after=2025-03-21 12:00:00+00:00
[2025-03-21T19:38:57.780+0500] {processor.py:208} INFO - Processing /home/ruslan/.local/lib/python3.10/site-packages/airflow/example_dags/example_latest_only_with_trigger.py took 0.049 seconds
[2025-03-21T19:39:49.099+0500] {processor.py:186} INFO - Started process (PID=156759) to work on /home/ruslan/.local/lib/python3.10/site-packages/airflow/example_dags/example_latest_only_with_trigger.py
[2025-03-21T19:39:49.100+0500] {processor.py:914} INFO - Processing file /home/ruslan/.local/lib/python3.10/site-packages/airflow/example_dags/example_latest_only_with_trigger.py for tasks to queue
[2025-03-21T19:39:49.101+0500] {logging_mixin.py:190} INFO - [2025-03-21T19:39:49.101+0500] {dagbag.py:588} INFO - Filling up the DagBag from /home/ruslan/.local/lib/python3.10/site-packages/airflow/example_dags/example_latest_only_with_trigger.py
[2025-03-21T19:39:49.106+0500] {processor.py:925} INFO - DAG(s) 'latest_only_with_trigger' retrieved from /home/ruslan/.local/lib/python3.10/site-packages/airflow/example_dags/example_latest_only_with_trigger.py
[2025-03-21T19:39:49.115+0500] {logging_mixin.py:190} INFO - [2025-03-21T19:39:49.115+0500] {dag.py:3239} INFO - Sync 1 DAGs
[2025-03-21T19:39:49.127+0500] {logging_mixin.py:190} INFO - [2025-03-21T19:39:49.127+0500] {dag.py:4180} INFO - Setting next_dagrun for latest_only_with_trigger to 2025-03-21 08:00:00+00:00, run_after=2025-03-21 12:00:00+00:00
[2025-03-21T19:39:49.141+0500] {processor.py:208} INFO - Processing /home/ruslan/.local/lib/python3.10/site-packages/airflow/example_dags/example_latest_only_with_trigger.py took 0.046 seconds
[2025-03-21T19:40:41.545+0500] {processor.py:186} INFO - Started process (PID=157253) to work on /home/ruslan/.local/lib/python3.10/site-packages/airflow/example_dags/example_latest_only_with_trigger.py
[2025-03-21T19:40:41.546+0500] {processor.py:914} INFO - Processing file /home/ruslan/.local/lib/python3.10/site-packages/airflow/example_dags/example_latest_only_with_trigger.py for tasks to queue
[2025-03-21T19:40:41.547+0500] {logging_mixin.py:190} INFO - [2025-03-21T19:40:41.547+0500] {dagbag.py:588} INFO - Filling up the DagBag from /home/ruslan/.local/lib/python3.10/site-packages/airflow/example_dags/example_latest_only_with_trigger.py
[2025-03-21T19:40:41.553+0500] {processor.py:925} INFO - DAG(s) 'latest_only_with_trigger' retrieved from /home/ruslan/.local/lib/python3.10/site-packages/airflow/example_dags/example_latest_only_with_trigger.py
[2025-03-21T19:40:41.562+0500] {logging_mixin.py:190} INFO - [2025-03-21T19:40:41.562+0500] {dag.py:3239} INFO - Sync 1 DAGs
[2025-03-21T19:40:41.574+0500] {logging_mixin.py:190} INFO - [2025-03-21T19:40:41.574+0500] {dag.py:4180} INFO - Setting next_dagrun for latest_only_with_trigger to 2025-03-21 08:00:00+00:00, run_after=2025-03-21 12:00:00+00:00
[2025-03-21T19:40:41.589+0500] {processor.py:208} INFO - Processing /home/ruslan/.local/lib/python3.10/site-packages/airflow/example_dags/example_latest_only_with_trigger.py took 0.047 seconds
[2025-03-21T19:41:36.873+0500] {processor.py:186} INFO - Started process (PID=157827) to work on /home/ruslan/.local/lib/python3.10/site-packages/airflow/example_dags/example_latest_only_with_trigger.py
[2025-03-21T19:41:36.874+0500] {processor.py:914} INFO - Processing file /home/ruslan/.local/lib/python3.10/site-packages/airflow/example_dags/example_latest_only_with_trigger.py for tasks to queue
[2025-03-21T19:41:36.875+0500] {logging_mixin.py:190} INFO - [2025-03-21T19:41:36.874+0500] {dagbag.py:588} INFO - Filling up the DagBag from /home/ruslan/.local/lib/python3.10/site-packages/airflow/example_dags/example_latest_only_with_trigger.py
[2025-03-21T19:41:36.880+0500] {processor.py:925} INFO - DAG(s) 'latest_only_with_trigger' retrieved from /home/ruslan/.local/lib/python3.10/site-packages/airflow/example_dags/example_latest_only_with_trigger.py
[2025-03-21T19:41:36.889+0500] {logging_mixin.py:190} INFO - [2025-03-21T19:41:36.889+0500] {dag.py:3239} INFO - Sync 1 DAGs
[2025-03-21T19:41:36.902+0500] {logging_mixin.py:190} INFO - [2025-03-21T19:41:36.901+0500] {dag.py:4180} INFO - Setting next_dagrun for latest_only_with_trigger to 2025-03-21 08:00:00+00:00, run_after=2025-03-21 12:00:00+00:00
[2025-03-21T19:41:36.916+0500] {processor.py:208} INFO - Processing /home/ruslan/.local/lib/python3.10/site-packages/airflow/example_dags/example_latest_only_with_trigger.py took 0.047 seconds
[2025-03-21T19:42:29.273+0500] {processor.py:186} INFO - Started process (PID=158343) to work on /home/ruslan/.local/lib/python3.10/site-packages/airflow/example_dags/example_latest_only_with_trigger.py
[2025-03-21T19:42:29.274+0500] {processor.py:914} INFO - Processing file /home/ruslan/.local/lib/python3.10/site-packages/airflow/example_dags/example_latest_only_with_trigger.py for tasks to queue
[2025-03-21T19:42:29.275+0500] {logging_mixin.py:190} INFO - [2025-03-21T19:42:29.275+0500] {dagbag.py:588} INFO - Filling up the DagBag from /home/ruslan/.local/lib/python3.10/site-packages/airflow/example_dags/example_latest_only_with_trigger.py
[2025-03-21T19:42:29.281+0500] {processor.py:925} INFO - DAG(s) 'latest_only_with_trigger' retrieved from /home/ruslan/.local/lib/python3.10/site-packages/airflow/example_dags/example_latest_only_with_trigger.py
[2025-03-21T19:42:29.291+0500] {logging_mixin.py:190} INFO - [2025-03-21T19:42:29.291+0500] {dag.py:3239} INFO - Sync 1 DAGs
[2025-03-21T19:42:29.303+0500] {logging_mixin.py:190} INFO - [2025-03-21T19:42:29.303+0500] {dag.py:4180} INFO - Setting next_dagrun for latest_only_with_trigger to 2025-03-21 08:00:00+00:00, run_after=2025-03-21 12:00:00+00:00
[2025-03-21T19:42:29.318+0500] {processor.py:208} INFO - Processing /home/ruslan/.local/lib/python3.10/site-packages/airflow/example_dags/example_latest_only_with_trigger.py took 0.049 seconds
[2025-03-21T19:43:24.606+0500] {processor.py:186} INFO - Started process (PID=159006) to work on /home/ruslan/.local/lib/python3.10/site-packages/airflow/example_dags/example_latest_only_with_trigger.py
[2025-03-21T19:43:24.607+0500] {processor.py:914} INFO - Processing file /home/ruslan/.local/lib/python3.10/site-packages/airflow/example_dags/example_latest_only_with_trigger.py for tasks to queue
[2025-03-21T19:43:24.608+0500] {logging_mixin.py:190} INFO - [2025-03-21T19:43:24.608+0500] {dagbag.py:588} INFO - Filling up the DagBag from /home/ruslan/.local/lib/python3.10/site-packages/airflow/example_dags/example_latest_only_with_trigger.py
[2025-03-21T19:43:24.613+0500] {processor.py:925} INFO - DAG(s) 'latest_only_with_trigger' retrieved from /home/ruslan/.local/lib/python3.10/site-packages/airflow/example_dags/example_latest_only_with_trigger.py
[2025-03-21T19:43:24.621+0500] {logging_mixin.py:190} INFO - [2025-03-21T19:43:24.621+0500] {dag.py:3239} INFO - Sync 1 DAGs
[2025-03-21T19:43:24.633+0500] {logging_mixin.py:190} INFO - [2025-03-21T19:43:24.633+0500] {dag.py:4180} INFO - Setting next_dagrun for latest_only_with_trigger to 2025-03-21 08:00:00+00:00, run_after=2025-03-21 12:00:00+00:00
[2025-03-21T19:43:24.648+0500] {processor.py:208} INFO - Processing /home/ruslan/.local/lib/python3.10/site-packages/airflow/example_dags/example_latest_only_with_trigger.py took 0.046 seconds
[2025-03-21T19:44:16.599+0500] {processor.py:186} INFO - Started process (PID=159535) to work on /home/ruslan/.local/lib/python3.10/site-packages/airflow/example_dags/example_latest_only_with_trigger.py
[2025-03-21T19:44:16.600+0500] {processor.py:914} INFO - Processing file /home/ruslan/.local/lib/python3.10/site-packages/airflow/example_dags/example_latest_only_with_trigger.py for tasks to queue
[2025-03-21T19:44:16.601+0500] {logging_mixin.py:190} INFO - [2025-03-21T19:44:16.600+0500] {dagbag.py:588} INFO - Filling up the DagBag from /home/ruslan/.local/lib/python3.10/site-packages/airflow/example_dags/example_latest_only_with_trigger.py
[2025-03-21T19:44:16.606+0500] {processor.py:925} INFO - DAG(s) 'latest_only_with_trigger' retrieved from /home/ruslan/.local/lib/python3.10/site-packages/airflow/example_dags/example_latest_only_with_trigger.py
[2025-03-21T19:44:16.615+0500] {logging_mixin.py:190} INFO - [2025-03-21T19:44:16.615+0500] {dag.py:3239} INFO - Sync 1 DAGs
[2025-03-21T19:44:16.627+0500] {logging_mixin.py:190} INFO - [2025-03-21T19:44:16.627+0500] {dag.py:4180} INFO - Setting next_dagrun for latest_only_with_trigger to 2025-03-21 08:00:00+00:00, run_after=2025-03-21 12:00:00+00:00
[2025-03-21T19:44:16.641+0500] {processor.py:208} INFO - Processing /home/ruslan/.local/lib/python3.10/site-packages/airflow/example_dags/example_latest_only_with_trigger.py took 0.047 seconds
[2025-03-21T19:45:09.389+0500] {processor.py:186} INFO - Started process (PID=160125) to work on /home/ruslan/.local/lib/python3.10/site-packages/airflow/example_dags/example_latest_only_with_trigger.py
[2025-03-21T19:45:09.390+0500] {processor.py:914} INFO - Processing file /home/ruslan/.local/lib/python3.10/site-packages/airflow/example_dags/example_latest_only_with_trigger.py for tasks to queue
[2025-03-21T19:45:09.391+0500] {logging_mixin.py:190} INFO - [2025-03-21T19:45:09.391+0500] {dagbag.py:588} INFO - Filling up the DagBag from /home/ruslan/.local/lib/python3.10/site-packages/airflow/example_dags/example_latest_only_with_trigger.py
[2025-03-21T19:45:09.396+0500] {processor.py:925} INFO - DAG(s) 'latest_only_with_trigger' retrieved from /home/ruslan/.local/lib/python3.10/site-packages/airflow/example_dags/example_latest_only_with_trigger.py
[2025-03-21T19:45:09.405+0500] {logging_mixin.py:190} INFO - [2025-03-21T19:45:09.405+0500] {dag.py:3239} INFO - Sync 1 DAGs
[2025-03-21T19:45:09.416+0500] {logging_mixin.py:190} INFO - [2025-03-21T19:45:09.416+0500] {dag.py:4180} INFO - Setting next_dagrun for latest_only_with_trigger to 2025-03-21 08:00:00+00:00, run_after=2025-03-21 12:00:00+00:00
[2025-03-21T19:45:09.431+0500] {processor.py:208} INFO - Processing /home/ruslan/.local/lib/python3.10/site-packages/airflow/example_dags/example_latest_only_with_trigger.py took 0.045 seconds
[2025-03-21T19:46:01.889+0500] {processor.py:186} INFO - Started process (PID=160656) to work on /home/ruslan/.local/lib/python3.10/site-packages/airflow/example_dags/example_latest_only_with_trigger.py
[2025-03-21T19:46:01.891+0500] {processor.py:914} INFO - Processing file /home/ruslan/.local/lib/python3.10/site-packages/airflow/example_dags/example_latest_only_with_trigger.py for tasks to queue
[2025-03-21T19:46:01.891+0500] {logging_mixin.py:190} INFO - [2025-03-21T19:46:01.891+0500] {dagbag.py:588} INFO - Filling up the DagBag from /home/ruslan/.local/lib/python3.10/site-packages/airflow/example_dags/example_latest_only_with_trigger.py
[2025-03-21T19:46:01.897+0500] {processor.py:925} INFO - DAG(s) 'latest_only_with_trigger' retrieved from /home/ruslan/.local/lib/python3.10/site-packages/airflow/example_dags/example_latest_only_with_trigger.py
[2025-03-21T19:46:01.906+0500] {logging_mixin.py:190} INFO - [2025-03-21T19:46:01.906+0500] {dag.py:3239} INFO - Sync 1 DAGs
[2025-03-21T19:46:01.919+0500] {logging_mixin.py:190} INFO - [2025-03-21T19:46:01.919+0500] {dag.py:4180} INFO - Setting next_dagrun for latest_only_with_trigger to 2025-03-21 08:00:00+00:00, run_after=2025-03-21 12:00:00+00:00
[2025-03-21T19:46:01.934+0500] {processor.py:208} INFO - Processing /home/ruslan/.local/lib/python3.10/site-packages/airflow/example_dags/example_latest_only_with_trigger.py took 0.048 seconds
[2025-03-21T19:46:55.126+0500] {processor.py:186} INFO - Started process (PID=161282) to work on /home/ruslan/.local/lib/python3.10/site-packages/airflow/example_dags/example_latest_only_with_trigger.py
[2025-03-21T19:46:55.127+0500] {processor.py:914} INFO - Processing file /home/ruslan/.local/lib/python3.10/site-packages/airflow/example_dags/example_latest_only_with_trigger.py for tasks to queue
[2025-03-21T19:46:55.128+0500] {logging_mixin.py:190} INFO - [2025-03-21T19:46:55.128+0500] {dagbag.py:588} INFO - Filling up the DagBag from /home/ruslan/.local/lib/python3.10/site-packages/airflow/example_dags/example_latest_only_with_trigger.py
[2025-03-21T19:46:55.135+0500] {processor.py:925} INFO - DAG(s) 'latest_only_with_trigger' retrieved from /home/ruslan/.local/lib/python3.10/site-packages/airflow/example_dags/example_latest_only_with_trigger.py
[2025-03-21T19:46:55.153+0500] {logging_mixin.py:190} INFO - [2025-03-21T19:46:55.153+0500] {dag.py:3239} INFO - Sync 1 DAGs
[2025-03-21T19:46:55.170+0500] {logging_mixin.py:190} INFO - [2025-03-21T19:46:55.169+0500] {dag.py:4180} INFO - Setting next_dagrun for latest_only_with_trigger to 2025-03-21 08:00:00+00:00, run_after=2025-03-21 12:00:00+00:00
[2025-03-21T19:46:55.189+0500] {processor.py:208} INFO - Processing /home/ruslan/.local/lib/python3.10/site-packages/airflow/example_dags/example_latest_only_with_trigger.py took 0.067 seconds
