[2025-03-21T19:28:03.184+0500] {processor.py:186} INFO - Started process (PID=141180) to work on /home/ruslan/.local/lib/python3.10/site-packages/airflow/example_dags/tutorial_taskflow_api_virtualenv.py
[2025-03-21T19:28:03.185+0500] {processor.py:914} INFO - Processing file /home/ruslan/.local/lib/python3.10/site-packages/airflow/example_dags/tutorial_taskflow_api_virtualenv.py for tasks to queue
[2025-03-21T19:28:03.186+0500] {logging_mixin.py:190} INFO - [2025-03-21T19:28:03.186+0500] {dagbag.py:588} INFO - Filling up the DagBag from /home/ruslan/.local/lib/python3.10/site-packages/airflow/example_dags/tutorial_taskflow_api_virtualenv.py
[2025-03-21T19:28:03.223+0500] {logging_mixin.py:190} INFO - [2025-03-21T19:28:03.223+0500] {tutorial_taskflow_api_virtualenv.py:29} WARNING - The tutorial_taskflow_api_virtualenv example DAG requires virtualenv, please install it.
[2025-03-21T19:28:03.223+0500] {processor.py:927} WARNING - No viable dags retrieved from /home/ruslan/.local/lib/python3.10/site-packages/airflow/example_dags/tutorial_taskflow_api_virtualenv.py
[2025-03-21T19:28:03.229+0500] {processor.py:208} INFO - Processing /home/ruslan/.local/lib/python3.10/site-packages/airflow/example_dags/tutorial_taskflow_api_virtualenv.py took 0.048 seconds
[2025-03-21T19:28:57.310+0500] {processor.py:186} INFO - Started process (PID=141469) to work on /home/ruslan/.local/lib/python3.10/site-packages/airflow/example_dags/tutorial_taskflow_api_virtualenv.py
[2025-03-21T19:28:57.311+0500] {processor.py:914} INFO - Processing file /home/ruslan/.local/lib/python3.10/site-packages/airflow/example_dags/tutorial_taskflow_api_virtualenv.py for tasks to queue
[2025-03-21T19:28:57.312+0500] {logging_mixin.py:190} INFO - [2025-03-21T19:28:57.312+0500] {dagbag.py:588} INFO - Filling up the DagBag from /home/ruslan/.local/lib/python3.10/site-packages/airflow/example_dags/tutorial_taskflow_api_virtualenv.py
[2025-03-21T19:28:57.342+0500] {logging_mixin.py:190} INFO - [2025-03-21T19:28:57.341+0500] {tutorial_taskflow_api_virtualenv.py:29} WARNING - The tutorial_taskflow_api_virtualenv example DAG requires virtualenv, please install it.
[2025-03-21T19:28:57.342+0500] {processor.py:927} WARNING - No viable dags retrieved from /home/ruslan/.local/lib/python3.10/site-packages/airflow/example_dags/tutorial_taskflow_api_virtualenv.py
[2025-03-21T19:28:57.347+0500] {processor.py:208} INFO - Processing /home/ruslan/.local/lib/python3.10/site-packages/airflow/example_dags/tutorial_taskflow_api_virtualenv.py took 0.041 seconds
[2025-03-21T19:29:51.993+0500] {processor.py:186} INFO - Started process (PID=141742) to work on /home/ruslan/.local/lib/python3.10/site-packages/airflow/example_dags/tutorial_taskflow_api_virtualenv.py
[2025-03-21T19:29:51.994+0500] {processor.py:914} INFO - Processing file /home/ruslan/.local/lib/python3.10/site-packages/airflow/example_dags/tutorial_taskflow_api_virtualenv.py for tasks to queue
[2025-03-21T19:29:51.995+0500] {logging_mixin.py:190} INFO - [2025-03-21T19:29:51.995+0500] {dagbag.py:588} INFO - Filling up the DagBag from /home/ruslan/.local/lib/python3.10/site-packages/airflow/example_dags/tutorial_taskflow_api_virtualenv.py
[2025-03-21T19:29:52.032+0500] {logging_mixin.py:190} INFO - [2025-03-21T19:29:52.032+0500] {tutorial_taskflow_api_virtualenv.py:29} WARNING - The tutorial_taskflow_api_virtualenv example DAG requires virtualenv, please install it.
[2025-03-21T19:29:52.032+0500] {processor.py:927} WARNING - No viable dags retrieved from /home/ruslan/.local/lib/python3.10/site-packages/airflow/example_dags/tutorial_taskflow_api_virtualenv.py
[2025-03-21T19:29:52.038+0500] {processor.py:208} INFO - Processing /home/ruslan/.local/lib/python3.10/site-packages/airflow/example_dags/tutorial_taskflow_api_virtualenv.py took 0.049 seconds
[2025-03-21T19:31:10.442+0500] {processor.py:186} INFO - Started process (PID=142133) to work on /home/ruslan/.local/lib/python3.10/site-packages/airflow/example_dags/tutorial_taskflow_api_virtualenv.py
[2025-03-21T19:31:10.443+0500] {processor.py:914} INFO - Processing file /home/ruslan/.local/lib/python3.10/site-packages/airflow/example_dags/tutorial_taskflow_api_virtualenv.py for tasks to queue
[2025-03-21T19:31:10.444+0500] {logging_mixin.py:190} INFO - [2025-03-21T19:31:10.444+0500] {dagbag.py:588} INFO - Filling up the DagBag from /home/ruslan/.local/lib/python3.10/site-packages/airflow/example_dags/tutorial_taskflow_api_virtualenv.py
[2025-03-21T19:31:10.474+0500] {logging_mixin.py:190} INFO - [2025-03-21T19:31:10.473+0500] {tutorial_taskflow_api_virtualenv.py:29} WARNING - The tutorial_taskflow_api_virtualenv example DAG requires virtualenv, please install it.
[2025-03-21T19:31:10.474+0500] {processor.py:927} WARNING - No viable dags retrieved from /home/ruslan/.local/lib/python3.10/site-packages/airflow/example_dags/tutorial_taskflow_api_virtualenv.py
[2025-03-21T19:31:10.480+0500] {processor.py:208} INFO - Processing /home/ruslan/.local/lib/python3.10/site-packages/airflow/example_dags/tutorial_taskflow_api_virtualenv.py took 0.042 seconds
[2025-03-21T19:32:23.808+0500] {processor.py:186} INFO - Started process (PID=144416) to work on /home/ruslan/.local/lib/python3.10/site-packages/airflow/example_dags/tutorial_taskflow_api_virtualenv.py
[2025-03-21T19:32:23.809+0500] {processor.py:914} INFO - Processing file /home/ruslan/.local/lib/python3.10/site-packages/airflow/example_dags/tutorial_taskflow_api_virtualenv.py for tasks to queue
[2025-03-21T19:32:23.811+0500] {logging_mixin.py:190} INFO - [2025-03-21T19:32:23.811+0500] {dagbag.py:588} INFO - Filling up the DagBag from /home/ruslan/.local/lib/python3.10/site-packages/airflow/example_dags/tutorial_taskflow_api_virtualenv.py
[2025-03-21T19:32:23.857+0500] {logging_mixin.py:190} INFO - [2025-03-21T19:32:23.856+0500] {tutorial_taskflow_api_virtualenv.py:29} WARNING - The tutorial_taskflow_api_virtualenv example DAG requires virtualenv, please install it.
[2025-03-21T19:32:23.857+0500] {processor.py:927} WARNING - No viable dags retrieved from /home/ruslan/.local/lib/python3.10/site-packages/airflow/example_dags/tutorial_taskflow_api_virtualenv.py
[2025-03-21T19:32:23.863+0500] {processor.py:208} INFO - Processing /home/ruslan/.local/lib/python3.10/site-packages/airflow/example_dags/tutorial_taskflow_api_virtualenv.py took 0.059 seconds
[2025-03-21T19:33:41.524+0500] {processor.py:186} INFO - Started process (PID=154054) to work on /home/ruslan/.local/lib/python3.10/site-packages/airflow/example_dags/tutorial_taskflow_api_virtualenv.py
[2025-03-21T19:33:41.525+0500] {processor.py:914} INFO - Processing file /home/ruslan/.local/lib/python3.10/site-packages/airflow/example_dags/tutorial_taskflow_api_virtualenv.py for tasks to queue
[2025-03-21T19:33:41.527+0500] {logging_mixin.py:190} INFO - [2025-03-21T19:33:41.527+0500] {dagbag.py:588} INFO - Filling up the DagBag from /home/ruslan/.local/lib/python3.10/site-packages/airflow/example_dags/tutorial_taskflow_api_virtualenv.py
[2025-03-21T19:33:41.565+0500] {logging_mixin.py:190} INFO - [2025-03-21T19:33:41.565+0500] {tutorial_taskflow_api_virtualenv.py:29} WARNING - The tutorial_taskflow_api_virtualenv example DAG requires virtualenv, please install it.
[2025-03-21T19:33:41.565+0500] {processor.py:927} WARNING - No viable dags retrieved from /home/ruslan/.local/lib/python3.10/site-packages/airflow/example_dags/tutorial_taskflow_api_virtualenv.py
[2025-03-21T19:33:41.574+0500] {processor.py:208} INFO - Processing /home/ruslan/.local/lib/python3.10/site-packages/airflow/example_dags/tutorial_taskflow_api_virtualenv.py took 0.053 seconds
[2025-03-21T19:34:34.406+0500] {processor.py:186} INFO - Started process (PID=154321) to work on /home/ruslan/.local/lib/python3.10/site-packages/airflow/example_dags/tutorial_taskflow_api_virtualenv.py
[2025-03-21T19:34:34.407+0500] {processor.py:914} INFO - Processing file /home/ruslan/.local/lib/python3.10/site-packages/airflow/example_dags/tutorial_taskflow_api_virtualenv.py for tasks to queue
[2025-03-21T19:34:34.408+0500] {logging_mixin.py:190} INFO - [2025-03-21T19:34:34.408+0500] {dagbag.py:588} INFO - Filling up the DagBag from /home/ruslan/.local/lib/python3.10/site-packages/airflow/example_dags/tutorial_taskflow_api_virtualenv.py
[2025-03-21T19:34:34.445+0500] {logging_mixin.py:190} INFO - [2025-03-21T19:34:34.445+0500] {tutorial_taskflow_api_virtualenv.py:29} WARNING - The tutorial_taskflow_api_virtualenv example DAG requires virtualenv, please install it.
[2025-03-21T19:34:34.445+0500] {processor.py:927} WARNING - No viable dags retrieved from /home/ruslan/.local/lib/python3.10/site-packages/airflow/example_dags/tutorial_taskflow_api_virtualenv.py
[2025-03-21T19:34:34.452+0500] {processor.py:208} INFO - Processing /home/ruslan/.local/lib/python3.10/site-packages/airflow/example_dags/tutorial_taskflow_api_virtualenv.py took 0.049 seconds
[2025-03-21T19:35:27.309+0500] {processor.py:186} INFO - Started process (PID=154625) to work on /home/ruslan/.local/lib/python3.10/site-packages/airflow/example_dags/tutorial_taskflow_api_virtualenv.py
[2025-03-21T19:35:27.311+0500] {processor.py:914} INFO - Processing file /home/ruslan/.local/lib/python3.10/site-packages/airflow/example_dags/tutorial_taskflow_api_virtualenv.py for tasks to queue
[2025-03-21T19:35:27.312+0500] {logging_mixin.py:190} INFO - [2025-03-21T19:35:27.312+0500] {dagbag.py:588} INFO - Filling up the DagBag from /home/ruslan/.local/lib/python3.10/site-packages/airflow/example_dags/tutorial_taskflow_api_virtualenv.py
[2025-03-21T19:35:27.376+0500] {logging_mixin.py:190} INFO - [2025-03-21T19:35:27.376+0500] {tutorial_taskflow_api_virtualenv.py:29} WARNING - The tutorial_taskflow_api_virtualenv example DAG requires virtualenv, please install it.
[2025-03-21T19:35:27.376+0500] {processor.py:927} WARNING - No viable dags retrieved from /home/ruslan/.local/lib/python3.10/site-packages/airflow/example_dags/tutorial_taskflow_api_virtualenv.py
[2025-03-21T19:35:27.382+0500] {processor.py:208} INFO - Processing /home/ruslan/.local/lib/python3.10/site-packages/airflow/example_dags/tutorial_taskflow_api_virtualenv.py took 0.077 seconds
[2025-03-21T19:36:44.109+0500] {processor.py:186} INFO - Started process (PID=155233) to work on /home/ruslan/.local/lib/python3.10/site-packages/airflow/example_dags/tutorial_taskflow_api_virtualenv.py
[2025-03-21T19:36:44.110+0500] {processor.py:914} INFO - Processing file /home/ruslan/.local/lib/python3.10/site-packages/airflow/example_dags/tutorial_taskflow_api_virtualenv.py for tasks to queue
[2025-03-21T19:36:44.112+0500] {logging_mixin.py:190} INFO - [2025-03-21T19:36:44.112+0500] {dagbag.py:588} INFO - Filling up the DagBag from /home/ruslan/.local/lib/python3.10/site-packages/airflow/example_dags/tutorial_taskflow_api_virtualenv.py
[2025-03-21T19:36:44.147+0500] {logging_mixin.py:190} INFO - [2025-03-21T19:36:44.147+0500] {tutorial_taskflow_api_virtualenv.py:29} WARNING - The tutorial_taskflow_api_virtualenv example DAG requires virtualenv, please install it.
[2025-03-21T19:36:44.147+0500] {processor.py:927} WARNING - No viable dags retrieved from /home/ruslan/.local/lib/python3.10/site-packages/airflow/example_dags/tutorial_taskflow_api_virtualenv.py
[2025-03-21T19:36:44.153+0500] {processor.py:208} INFO - Processing /home/ruslan/.local/lib/python3.10/site-packages/airflow/example_dags/tutorial_taskflow_api_virtualenv.py took 0.047 seconds
[2025-03-21T19:38:00.989+0500] {processor.py:186} INFO - Started process (PID=155872) to work on /home/ruslan/.local/lib/python3.10/site-packages/airflow/example_dags/tutorial_taskflow_api_virtualenv.py
[2025-03-21T19:38:00.990+0500] {processor.py:914} INFO - Processing file /home/ruslan/.local/lib/python3.10/site-packages/airflow/example_dags/tutorial_taskflow_api_virtualenv.py for tasks to queue
[2025-03-21T19:38:00.991+0500] {logging_mixin.py:190} INFO - [2025-03-21T19:38:00.991+0500] {dagbag.py:588} INFO - Filling up the DagBag from /home/ruslan/.local/lib/python3.10/site-packages/airflow/example_dags/tutorial_taskflow_api_virtualenv.py
[2025-03-21T19:38:01.021+0500] {logging_mixin.py:190} INFO - [2025-03-21T19:38:01.021+0500] {tutorial_taskflow_api_virtualenv.py:29} WARNING - The tutorial_taskflow_api_virtualenv example DAG requires virtualenv, please install it.
[2025-03-21T19:38:01.022+0500] {processor.py:927} WARNING - No viable dags retrieved from /home/ruslan/.local/lib/python3.10/site-packages/airflow/example_dags/tutorial_taskflow_api_virtualenv.py
[2025-03-21T19:38:01.027+0500] {processor.py:208} INFO - Processing /home/ruslan/.local/lib/python3.10/site-packages/airflow/example_dags/tutorial_taskflow_api_virtualenv.py took 0.042 seconds
[2025-03-21T19:39:17.859+0500] {processor.py:186} INFO - Started process (PID=156600) to work on /home/ruslan/.local/lib/python3.10/site-packages/airflow/example_dags/tutorial_taskflow_api_virtualenv.py
[2025-03-21T19:39:17.860+0500] {processor.py:914} INFO - Processing file /home/ruslan/.local/lib/python3.10/site-packages/airflow/example_dags/tutorial_taskflow_api_virtualenv.py for tasks to queue
[2025-03-21T19:39:17.861+0500] {logging_mixin.py:190} INFO - [2025-03-21T19:39:17.861+0500] {dagbag.py:588} INFO - Filling up the DagBag from /home/ruslan/.local/lib/python3.10/site-packages/airflow/example_dags/tutorial_taskflow_api_virtualenv.py
[2025-03-21T19:39:17.899+0500] {logging_mixin.py:190} INFO - [2025-03-21T19:39:17.898+0500] {tutorial_taskflow_api_virtualenv.py:29} WARNING - The tutorial_taskflow_api_virtualenv example DAG requires virtualenv, please install it.
[2025-03-21T19:39:17.899+0500] {processor.py:927} WARNING - No viable dags retrieved from /home/ruslan/.local/lib/python3.10/site-packages/airflow/example_dags/tutorial_taskflow_api_virtualenv.py
[2025-03-21T19:39:17.905+0500] {processor.py:208} INFO - Processing /home/ruslan/.local/lib/python3.10/site-packages/airflow/example_dags/tutorial_taskflow_api_virtualenv.py took 0.050 seconds
[2025-03-21T19:40:13.392+0500] {processor.py:186} INFO - Started process (PID=156880) to work on /home/ruslan/.local/lib/python3.10/site-packages/airflow/example_dags/tutorial_taskflow_api_virtualenv.py
[2025-03-21T19:40:13.393+0500] {processor.py:914} INFO - Processing file /home/ruslan/.local/lib/python3.10/site-packages/airflow/example_dags/tutorial_taskflow_api_virtualenv.py for tasks to queue
[2025-03-21T19:40:13.394+0500] {logging_mixin.py:190} INFO - [2025-03-21T19:40:13.394+0500] {dagbag.py:588} INFO - Filling up the DagBag from /home/ruslan/.local/lib/python3.10/site-packages/airflow/example_dags/tutorial_taskflow_api_virtualenv.py
[2025-03-21T19:40:13.432+0500] {logging_mixin.py:190} INFO - [2025-03-21T19:40:13.432+0500] {tutorial_taskflow_api_virtualenv.py:29} WARNING - The tutorial_taskflow_api_virtualenv example DAG requires virtualenv, please install it.
[2025-03-21T19:40:13.433+0500] {processor.py:927} WARNING - No viable dags retrieved from /home/ruslan/.local/lib/python3.10/site-packages/airflow/example_dags/tutorial_taskflow_api_virtualenv.py
[2025-03-21T19:40:13.438+0500] {processor.py:208} INFO - Processing /home/ruslan/.local/lib/python3.10/site-packages/airflow/example_dags/tutorial_taskflow_api_virtualenv.py took 0.051 seconds
[2025-03-21T19:41:31.739+0500] {processor.py:186} INFO - Started process (PID=157723) to work on /home/ruslan/.local/lib/python3.10/site-packages/airflow/example_dags/tutorial_taskflow_api_virtualenv.py
[2025-03-21T19:41:31.740+0500] {processor.py:914} INFO - Processing file /home/ruslan/.local/lib/python3.10/site-packages/airflow/example_dags/tutorial_taskflow_api_virtualenv.py for tasks to queue
[2025-03-21T19:41:31.741+0500] {logging_mixin.py:190} INFO - [2025-03-21T19:41:31.741+0500] {dagbag.py:588} INFO - Filling up the DagBag from /home/ruslan/.local/lib/python3.10/site-packages/airflow/example_dags/tutorial_taskflow_api_virtualenv.py
[2025-03-21T19:41:31.778+0500] {logging_mixin.py:190} INFO - [2025-03-21T19:41:31.777+0500] {tutorial_taskflow_api_virtualenv.py:29} WARNING - The tutorial_taskflow_api_virtualenv example DAG requires virtualenv, please install it.
[2025-03-21T19:41:31.778+0500] {processor.py:927} WARNING - No viable dags retrieved from /home/ruslan/.local/lib/python3.10/site-packages/airflow/example_dags/tutorial_taskflow_api_virtualenv.py
[2025-03-21T19:41:31.784+0500] {processor.py:208} INFO - Processing /home/ruslan/.local/lib/python3.10/site-packages/airflow/example_dags/tutorial_taskflow_api_virtualenv.py took 0.049 seconds
[2025-03-21T19:42:50.518+0500] {processor.py:186} INFO - Started process (PID=158575) to work on /home/ruslan/.local/lib/python3.10/site-packages/airflow/example_dags/tutorial_taskflow_api_virtualenv.py
[2025-03-21T19:42:50.519+0500] {processor.py:914} INFO - Processing file /home/ruslan/.local/lib/python3.10/site-packages/airflow/example_dags/tutorial_taskflow_api_virtualenv.py for tasks to queue
[2025-03-21T19:42:50.520+0500] {logging_mixin.py:190} INFO - [2025-03-21T19:42:50.520+0500] {dagbag.py:588} INFO - Filling up the DagBag from /home/ruslan/.local/lib/python3.10/site-packages/airflow/example_dags/tutorial_taskflow_api_virtualenv.py
[2025-03-21T19:42:50.556+0500] {logging_mixin.py:190} INFO - [2025-03-21T19:42:50.556+0500] {tutorial_taskflow_api_virtualenv.py:29} WARNING - The tutorial_taskflow_api_virtualenv example DAG requires virtualenv, please install it.
[2025-03-21T19:42:50.556+0500] {processor.py:927} WARNING - No viable dags retrieved from /home/ruslan/.local/lib/python3.10/site-packages/airflow/example_dags/tutorial_taskflow_api_virtualenv.py
[2025-03-21T19:42:50.562+0500] {processor.py:208} INFO - Processing /home/ruslan/.local/lib/python3.10/site-packages/airflow/example_dags/tutorial_taskflow_api_virtualenv.py took 0.047 seconds
[2025-03-21T19:43:46.339+0500] {processor.py:186} INFO - Started process (PID=159168) to work on /home/ruslan/.local/lib/python3.10/site-packages/airflow/example_dags/tutorial_taskflow_api_virtualenv.py
[2025-03-21T19:43:46.340+0500] {processor.py:914} INFO - Processing file /home/ruslan/.local/lib/python3.10/site-packages/airflow/example_dags/tutorial_taskflow_api_virtualenv.py for tasks to queue
[2025-03-21T19:43:46.341+0500] {logging_mixin.py:190} INFO - [2025-03-21T19:43:46.341+0500] {dagbag.py:588} INFO - Filling up the DagBag from /home/ruslan/.local/lib/python3.10/site-packages/airflow/example_dags/tutorial_taskflow_api_virtualenv.py
[2025-03-21T19:43:46.380+0500] {logging_mixin.py:190} INFO - [2025-03-21T19:43:46.380+0500] {tutorial_taskflow_api_virtualenv.py:29} WARNING - The tutorial_taskflow_api_virtualenv example DAG requires virtualenv, please install it.
[2025-03-21T19:43:46.380+0500] {processor.py:927} WARNING - No viable dags retrieved from /home/ruslan/.local/lib/python3.10/site-packages/airflow/example_dags/tutorial_taskflow_api_virtualenv.py
[2025-03-21T19:43:46.386+0500] {processor.py:208} INFO - Processing /home/ruslan/.local/lib/python3.10/site-packages/airflow/example_dags/tutorial_taskflow_api_virtualenv.py took 0.051 seconds
[2025-03-21T19:45:03.126+0500] {processor.py:186} INFO - Started process (PID=160021) to work on /home/ruslan/.local/lib/python3.10/site-packages/airflow/example_dags/tutorial_taskflow_api_virtualenv.py
[2025-03-21T19:45:03.127+0500] {processor.py:914} INFO - Processing file /home/ruslan/.local/lib/python3.10/site-packages/airflow/example_dags/tutorial_taskflow_api_virtualenv.py for tasks to queue
[2025-03-21T19:45:03.128+0500] {logging_mixin.py:190} INFO - [2025-03-21T19:45:03.128+0500] {dagbag.py:588} INFO - Filling up the DagBag from /home/ruslan/.local/lib/python3.10/site-packages/airflow/example_dags/tutorial_taskflow_api_virtualenv.py
[2025-03-21T19:45:03.164+0500] {logging_mixin.py:190} INFO - [2025-03-21T19:45:03.164+0500] {tutorial_taskflow_api_virtualenv.py:29} WARNING - The tutorial_taskflow_api_virtualenv example DAG requires virtualenv, please install it.
[2025-03-21T19:45:03.164+0500] {processor.py:927} WARNING - No viable dags retrieved from /home/ruslan/.local/lib/python3.10/site-packages/airflow/example_dags/tutorial_taskflow_api_virtualenv.py
[2025-03-21T19:45:03.170+0500] {processor.py:208} INFO - Processing /home/ruslan/.local/lib/python3.10/site-packages/airflow/example_dags/tutorial_taskflow_api_virtualenv.py took 0.047 seconds
[2025-03-21T19:45:56.606+0500] {processor.py:186} INFO - Started process (PID=160628) to work on /home/ruslan/.local/lib/python3.10/site-packages/airflow/example_dags/tutorial_taskflow_api_virtualenv.py
[2025-03-21T19:45:56.607+0500] {processor.py:914} INFO - Processing file /home/ruslan/.local/lib/python3.10/site-packages/airflow/example_dags/tutorial_taskflow_api_virtualenv.py for tasks to queue
[2025-03-21T19:45:56.608+0500] {logging_mixin.py:190} INFO - [2025-03-21T19:45:56.608+0500] {dagbag.py:588} INFO - Filling up the DagBag from /home/ruslan/.local/lib/python3.10/site-packages/airflow/example_dags/tutorial_taskflow_api_virtualenv.py
[2025-03-21T19:45:56.646+0500] {logging_mixin.py:190} INFO - [2025-03-21T19:45:56.646+0500] {tutorial_taskflow_api_virtualenv.py:29} WARNING - The tutorial_taskflow_api_virtualenv example DAG requires virtualenv, please install it.
[2025-03-21T19:45:56.646+0500] {processor.py:927} WARNING - No viable dags retrieved from /home/ruslan/.local/lib/python3.10/site-packages/airflow/example_dags/tutorial_taskflow_api_virtualenv.py
[2025-03-21T19:45:56.652+0500] {processor.py:208} INFO - Processing /home/ruslan/.local/lib/python3.10/site-packages/airflow/example_dags/tutorial_taskflow_api_virtualenv.py took 0.050 seconds
[2025-03-21T19:46:51.919+0500] {processor.py:186} INFO - Started process (PID=161180) to work on /home/ruslan/.local/lib/python3.10/site-packages/airflow/example_dags/tutorial_taskflow_api_virtualenv.py
[2025-03-21T19:46:51.920+0500] {processor.py:914} INFO - Processing file /home/ruslan/.local/lib/python3.10/site-packages/airflow/example_dags/tutorial_taskflow_api_virtualenv.py for tasks to queue
[2025-03-21T19:46:51.921+0500] {logging_mixin.py:190} INFO - [2025-03-21T19:46:51.921+0500] {dagbag.py:588} INFO - Filling up the DagBag from /home/ruslan/.local/lib/python3.10/site-packages/airflow/example_dags/tutorial_taskflow_api_virtualenv.py
[2025-03-21T19:46:51.960+0500] {logging_mixin.py:190} INFO - [2025-03-21T19:46:51.960+0500] {tutorial_taskflow_api_virtualenv.py:29} WARNING - The tutorial_taskflow_api_virtualenv example DAG requires virtualenv, please install it.
[2025-03-21T19:46:51.960+0500] {processor.py:927} WARNING - No viable dags retrieved from /home/ruslan/.local/lib/python3.10/site-packages/airflow/example_dags/tutorial_taskflow_api_virtualenv.py
[2025-03-21T19:46:51.966+0500] {processor.py:208} INFO - Processing /home/ruslan/.local/lib/python3.10/site-packages/airflow/example_dags/tutorial_taskflow_api_virtualenv.py took 0.051 seconds
